[I 2023-12-11 23:11:45,780] Trial 385 finished with value: 0.43827415359207267 and parameters: {'EMBEDDING_DIM': 32, 'HIDDEN_DIM': 729, 'NUM_LAYERS': 1, 'DROPOUT': 0.25183553910372114, 'LR': 0.004951088509037376, 'WEIGHT_0': 0.9476411490312643, 'WEIGHT_1': 0.3380709398156412, 'WEIGHT_2': 0.22078432841885712, 'WEIGHT_3': 0.017283513990541226, 'WEIGHT_4': 0.8290820663809138, 'WEIGHT_5': 0.51391521973348, 'WEIGHT_6': 0.4596171129161601, 'WEIGHT_7': 0.3093770688391146, 'WEIGHT_8': 0.725520074696893}. Best is trial 282 with value: 0.45463128081401455.
{'EMBEDDING_DIM': 32, 'HIDDEN_DIM': 729, 'NUM_LAYERS': 1, 'DROPOUT': 0.25183553910372114, 'LR': 0.004951088509037376, 'WEIGHT_0': 0.9476411490312643, 'WEIGHT_1': 0.3380709398156412, 'WEIGHT_2': 0.22078432841885712, 'WEIGHT_3': 0.017283513990541226, 'WEIGHT_4': 0.8290820663809138, 'WEIGHT_5': 0.51391521973348, 'WEIGHT_6': 0.4596171129161601, 'WEIGHT_7': 0.3093770688391146, 'WEIGHT_8': 0.725520074696893}
0
              precision    recall  f1-score   support

         LOC       0.00      0.00      0.00      1837
        MISC       0.00      0.00      0.00       922
         ORG       0.00      0.00      0.00      1341
         PER       0.00      0.00      0.00      1842

   micro avg       0.00      0.00      0.00      5942
   macro avg       0.00      0.00      0.00      5942
weighted avg       0.00      0.00      0.00      5942

{'EMBEDDING_DIM': 32, 'HIDDEN_DIM': 729, 'NUM_LAYERS': 1, 'DROPOUT': 0.25183553910372114, 'LR': 0.004951088509037376, 'WEIGHT_0': 0.9476411490312643, 'WEIGHT_1': 0.3380709398156412, 'WEIGHT_2': 0.22078432841885712, 'WEIGHT_3': 0.017283513990541226, 'WEIGHT_4': 0.8290820663809138, 'WEIGHT_5': 0.51391521973348, 'WEIGHT_6': 0.4596171129161601, 'WEIGHT_7': 0.3093770688391146, 'WEIGHT_8': 0.725520074696893}
49
              precision    recall  f1-score   support

         LOC       0.78      0.58      0.67      1837
        MISC       0.56      0.46      0.51       922
         ORG       0.39      0.24      0.30      1341
         PER       0.39      0.16      0.23      1842

   micro avg       0.57      0.36      0.44      5942
   macro avg       0.53      0.36      0.43      5942
weighted avg       0.54      0.36      0.42      5942

epoch 49
Transformer

  0%|          | 0/50 [00:00<?, ?it/s]
  2%|▏         | 1/50 [00:08<06:52,  8.42s/it]
  4%|▍         | 2/50 [00:10<03:52,  4.85s/it]
  6%|▌         | 3/50 [00:13<02:55,  3.74s/it]
  8%|▊         | 4/50 [00:15<02:28,  3.22s/it]
 10%|█         | 5/50 [00:18<02:12,  2.94s/it]
 12%|█▏        | 6/50 [00:20<02:01,  2.77s/it]
 14%|█▍        | 7/50 [00:22<01:54,  2.66s/it]
 16%|█▌        | 8/50 [00:25<01:48,  2.59s/it]
 18%|█▊        | 9/50 [00:27<01:44,  2.55s/it]
 20%|██        | 10/50 [00:30<01:40,  2.52s/it]
 22%|██▏       | 11/50 [00:32<01:37,  2.50s/it]
 24%|██▍       | 12/50 [00:35<01:34,  2.49s/it]
 26%|██▌       | 13/50 [00:37<01:31,  2.48s/it]
 28%|██▊       | 14/50 [00:40<01:29,  2.48s/it]
 30%|███       | 15/50 [00:42<01:26,  2.47s/it]
 32%|███▏      | 16/50 [00:45<01:24,  2.47s/it]
 34%|███▍      | 17/50 [00:47<01:21,  2.47s/it]
 36%|███▌      | 18/50 [00:50<01:19,  2.48s/it]
 38%|███▊      | 19/50 [00:52<01:16,  2.48s/it]
 40%|████      | 20/50 [00:55<01:14,  2.49s/it]
 42%|████▏     | 21/50 [00:57<01:12,  2.49s/it]
 44%|████▍     | 22/50 [01:00<01:10,  2.50s/it]
 46%|████▌     | 23/50 [01:02<01:07,  2.52s/it]
 48%|████▊     | 24/50 [01:05<01:05,  2.53s/it]
 50%|█████     | 25/50 [01:07<01:03,  2.54s/it]
 52%|█████▏    | 26/50 [01:10<01:01,  2.55s/it]
 54%|█████▍    | 27/50 [01:12<00:58,  2.55s/it]
 56%|█████▌    | 28/50 [01:15<00:55,  2.54s/it]
 58%|█████▊    | 29/50 [01:17<00:53,  2.53s/it]
 60%|██████    | 30/50 [01:20<00:50,  2.53s/it]
 62%|██████▏   | 31/50 [01:22<00:47,  2.52s/it]
 64%|██████▍   | 32/50 [01:25<00:45,  2.52s/it]
 66%|██████▌   | 33/50 [01:27<00:42,  2.52s/it]
 68%|██████▊   | 34/50 [01:30<00:40,  2.52s/it]
 70%|███████   | 35/50 [01:32<00:37,  2.52s/it]
 72%|███████▏  | 36/50 [01:35<00:35,  2.53s/it]
 74%|███████▍  | 37/50 [01:38<00:32,  2.53s/it]
 76%|███████▌  | 38/50 [01:40<00:30,  2.53s/it]
 78%|███████▊  | 39/50 [01:43<00:27,  2.53s/it]
 80%|████████  | 40/50 [01:45<00:25,  2.53s/it]
 82%|████████▏ | 41/50 [01:48<00:22,  2.53s/it]
 84%|████████▍ | 42/50 [01:50<00:20,  2.53s/it]
 86%|████████▌ | 43/50 [01:53<00:17,  2.54s/it]
 88%|████████▊ | 44/50 [01:55<00:15,  2.54s/it]
 90%|█████████ | 45/50 [01:58<00:12,  2.54s/it]
 92%|█████████▏| 46/50 [02:00<00:10,  2.54s/it]
 94%|█████████▍| 47/50 [02:03<00:07,  2.55s/it]
 96%|█████████▌| 48/50 [02:06<00:05,  2.55s/it]
 98%|█████████▊| 49/50 [02:08<00:02,  2.54s/it]
100%|██████████| 50/50 [02:18<00:00,  4.80s/it]
100%|██████████| 50/50 [02:18<00:00,  2.77s/it]
[I 2023-12-11 23:14:13,247] Trial 386 finished with value: 0.010064043915827997 and parameters: {'EMBEDDING_DIM': 2048, 'HIDDEN_DIM': 878, 'NUM_LAYERS': 1, 'DROPOUT': 0.3678532585390618, 'LR': 0.006480953574971184, 'WEIGHT_0': 0.773377736629695, 'WEIGHT_1': 0.5320722352056002, 'WEIGHT_2': 0.8495765769160076, 'WEIGHT_3': 0.1952713909761892, 'WEIGHT_4': 0.8015500883828799, 'WEIGHT_5': 0.36244742818978193, 'WEIGHT_6': 0.04338596316192447, 'WEIGHT_7': 0.6773568019221261, 'WEIGHT_8': 0.46149035497974555}. Best is trial 282 with value: 0.45463128081401455.
{'EMBEDDING_DIM': 2048, 'HIDDEN_DIM': 878, 'NUM_LAYERS': 1, 'DROPOUT': 0.3678532585390618, 'LR': 0.006480953574971184, 'WEIGHT_0': 0.773377736629695, 'WEIGHT_1': 0.5320722352056002, 'WEIGHT_2': 0.8495765769160076, 'WEIGHT_3': 0.1952713909761892, 'WEIGHT_4': 0.8015500883828799, 'WEIGHT_5': 0.36244742818978193, 'WEIGHT_6': 0.04338596316192447, 'WEIGHT_7': 0.6773568019221261, 'WEIGHT_8': 0.46149035497974555}
0
              precision    recall  f1-score   support

         LOC       0.00      0.00      0.00      1837
        MISC       0.00      0.00      0.00       922
         ORG       0.00      0.00      0.00      1341
         PER       0.00      0.00      0.00      1842

   micro avg       0.00      0.00      0.00      5942
   macro avg       0.00      0.00      0.00      5942
weighted avg       0.00      0.00      0.00      5942

{'EMBEDDING_DIM': 2048, 'HIDDEN_DIM': 878, 'NUM_LAYERS': 1, 'DROPOUT': 0.3678532585390618, 'LR': 0.006480953574971184, 'WEIGHT_0': 0.773377736629695, 'WEIGHT_1': 0.5320722352056002, 'WEIGHT_2': 0.8495765769160076, 'WEIGHT_3': 0.1952713909761892, 'WEIGHT_4': 0.8015500883828799, 'WEIGHT_5': 0.36244742818978193, 'WEIGHT_6': 0.04338596316192447, 'WEIGHT_7': 0.6773568019221261, 'WEIGHT_8': 0.46149035497974555}
49
              precision    recall  f1-score   support

         LOC       0.00      0.00      0.00      1837
        MISC       0.00      0.00      0.00       922
         ORG       0.00      0.00      0.00      1341
         PER       0.05      0.02      0.03      1842

   micro avg       0.05      0.01      0.01      5942
   macro avg       0.01      0.00      0.01      5942
weighted avg       0.02      0.01      0.01      5942

epoch 49
Transformer

  0%|          | 0/50 [00:00<?, ?it/s]
  2%|▏         | 1/50 [00:07<06:14,  7.65s/it]
  4%|▍         | 2/50 [00:07<02:34,  3.23s/it]
  6%|▌         | 3/50 [00:07<01:25,  1.81s/it]
  8%|▊         | 4/50 [00:08<00:52,  1.15s/it]
 10%|█         | 5/50 [00:08<00:35,  1.28it/s]
 12%|█▏        | 6/50 [00:08<00:24,  1.80it/s]
 14%|█▍        | 7/50 [00:08<00:17,  2.42it/s]
 16%|█▌        | 8/50 [00:08<00:13,  3.13it/s]
 18%|█▊        | 9/50 [00:08<00:10,  3.90it/s]
 20%|██        | 10/50 [00:08<00:08,  4.67it/s]
 22%|██▏       | 11/50 [00:08<00:07,  5.42it/s]
 24%|██▍       | 12/50 [00:09<00:06,  6.08it/s]
 26%|██▌       | 13/50 [00:09<00:05,  6.63it/s]
 28%|██▊       | 14/50 [00:09<00:05,  7.09it/s]
 30%|███       | 15/50 [00:09<00:04,  7.46it/s]
 32%|███▏      | 16/50 [00:09<00:04,  7.73it/s]
 34%|███▍      | 17/50 [00:09<00:04,  7.92it/s]
 36%|███▌      | 18/50 [00:09<00:03,  8.08it/s]
 38%|███▊      | 19/50 [00:09<00:03,  8.18it/s]
 40%|████      | 20/50 [00:09<00:03,  8.26it/s]
 42%|████▏     | 21/50 [00:10<00:03,  8.32it/s]
 44%|████▍     | 22/50 [00:10<00:03,  8.35it/s]
 46%|████▌     | 23/50 [00:10<00:03,  8.37it/s]
 48%|████▊     | 24/50 [00:10<00:03,  8.40it/s]
 50%|█████     | 25/50 [00:10<00:02,  8.42it/s]
 52%|█████▏    | 26/50 [00:10<00:02,  8.42it/s]
 54%|█████▍    | 27/50 [00:10<00:02,  8.43it/s]
 56%|█████▌    | 28/50 [00:10<00:02,  8.44it/s]
 58%|█████▊    | 29/50 [00:11<00:02,  8.44it/s]
 60%|██████    | 30/50 [00:11<00:02,  8.44it/s]
 62%|██████▏   | 31/50 [00:11<00:02,  8.44it/s]
 64%|██████▍   | 32/50 [00:11<00:02,  8.44it/s]
 66%|██████▌   | 33/50 [00:11<00:02,  8.45it/s]
 68%|██████▊   | 34/50 [00:11<00:01,  8.45it/s]
 70%|███████   | 35/50 [00:11<00:01,  8.43it/s]
 72%|███████▏  | 36/50 [00:11<00:01,  8.44it/s]
 74%|███████▍  | 37/50 [00:11<00:01,  8.44it/s]
 76%|███████▌  | 38/50 [00:12<00:01,  8.44it/s]
 78%|███████▊  | 39/50 [00:12<00:01,  8.45it/s]
 80%|████████  | 40/50 [00:12<00:01,  8.45it/s]
 82%|████████▏ | 41/50 [00:12<00:01,  8.44it/s]
 84%|████████▍ | 42/50 [00:12<00:00,  8.44it/s]
 86%|████████▌ | 43/50 [00:12<00:00,  8.45it/s]
 88%|████████▊ | 44/50 [00:12<00:00,  8.44it/s]
 90%|█████████ | 45/50 [00:12<00:00,  8.43it/s]
 92%|█████████▏| 46/50 [00:13<00:00,  8.45it/s]
 94%|█████████▍| 47/50 [00:13<00:00,  8.45it/s]
 96%|█████████▌| 48/50 [00:13<00:00,  8.43it/s]
 98%|█████████▊| 49/50 [00:13<00:00,  8.44it/s]
100%|██████████| 50/50 [00:20<00:00,  2.32s/it]
100%|██████████| 50/50 [00:20<00:00,  2.40it/s]
[I 2023-12-11 23:14:41,679] Trial 387 finished with value: 0.35183087957719894 and parameters: {'EMBEDDING_DIM': 128, 'HIDDEN_DIM': 517, 'NUM_LAYERS': 1, 'DROPOUT': 0.05848933521681536, 'LR': 0.009004843398159093, 'WEIGHT_0': 0.9770690361042746, 'WEIGHT_1': 0.06725787561823673, 'WEIGHT_2': 0.2657422356872268, 'WEIGHT_3': 0.5178078113154562, 'WEIGHT_4': 0.7629751310411071, 'WEIGHT_5': 0.40341960337772875, 'WEIGHT_6': 0.09087379543608223, 'WEIGHT_7': 0.6366130287774421, 'WEIGHT_8': 0.8085704560695592}. Best is trial 282 with value: 0.45463128081401455.
{'EMBEDDING_DIM': 128, 'HIDDEN_DIM': 517, 'NUM_LAYERS': 1, 'DROPOUT': 0.05848933521681536, 'LR': 0.009004843398159093, 'WEIGHT_0': 0.9770690361042746, 'WEIGHT_1': 0.06725787561823673, 'WEIGHT_2': 0.2657422356872268, 'WEIGHT_3': 0.5178078113154562, 'WEIGHT_4': 0.7629751310411071, 'WEIGHT_5': 0.40341960337772875, 'WEIGHT_6': 0.09087379543608223, 'WEIGHT_7': 0.6366130287774421, 'WEIGHT_8': 0.8085704560695592}
0
              precision    recall  f1-score   support

         LOC       0.00      0.00      0.00      1837
        MISC       0.00      0.00      0.00       922
         ORG       0.00      0.00      0.00      1341
         PER       0.00      0.00      0.00      1842

   micro avg       0.00      0.00      0.00      5942
   macro avg       0.00      0.00      0.00      5942
weighted avg       0.00      0.00      0.00      5942

{'EMBEDDING_DIM': 128, 'HIDDEN_DIM': 517, 'NUM_LAYERS': 1, 'DROPOUT': 0.05848933521681536, 'LR': 0.009004843398159093, 'WEIGHT_0': 0.9770690361042746, 'WEIGHT_1': 0.06725787561823673, 'WEIGHT_2': 0.2657422356872268, 'WEIGHT_3': 0.5178078113154562, 'WEIGHT_4': 0.7629751310411071, 'WEIGHT_5': 0.40341960337772875, 'WEIGHT_6': 0.09087379543608223, 'WEIGHT_7': 0.6366130287774421, 'WEIGHT_8': 0.8085704560695592}
49
              precision    recall  f1-score   support

         LOC       0.65      0.56      0.60      1837
        MISC       0.50      0.45      0.48       922
         ORG       0.33      0.07      0.12      1341
         PER       0.17      0.18      0.17      1842

   micro avg       0.40      0.31      0.35      5942
   macro avg       0.41      0.31      0.34      5942
weighted avg       0.40      0.31      0.34      5942

epoch 49
Transformer

  0%|          | 0/50 [00:00<?, ?it/s]
  2%|▏         | 1/50 [00:09<07:59,  9.78s/it]
  4%|▍         | 2/50 [00:09<03:18,  4.14s/it]
  6%|▌         | 3/50 [00:10<01:50,  2.34s/it]
  8%|▊         | 4/50 [00:10<01:09,  1.50s/it]
 10%|█         | 5/50 [00:10<00:47,  1.05s/it]
 12%|█▏        | 6/50 [00:10<00:34,  1.27it/s]
 14%|█▍        | 7/50 [00:11<00:27,  1.58it/s]
 16%|█▌        | 8/50 [00:11<00:22,  1.87it/s]
 18%|█▊        | 9/50 [00:11<00:19,  2.11it/s]
 20%|██        | 10/50 [00:12<00:17,  2.29it/s]
 22%|██▏       | 11/50 [00:12<00:15,  2.44it/s]
 24%|██▍       | 12/50 [00:12<00:14,  2.55it/s]
 26%|██▌       | 13/50 [00:13<00:14,  2.63it/s]
 28%|██▊       | 14/50 [00:13<00:13,  2.69it/s]
 30%|███       | 15/50 [00:14<00:12,  2.71it/s]
 32%|███▏      | 16/50 [00:14<00:12,  2.71it/s]
 34%|███▍      | 17/50 [00:14<00:12,  2.72it/s]
 36%|███▌      | 18/50 [00:15<00:11,  2.72it/s]
 38%|███▊      | 19/50 [00:15<00:11,  2.72it/s]
 40%|████      | 20/50 [00:15<00:11,  2.72it/s]
 42%|████▏     | 21/50 [00:16<00:10,  2.72it/s]
 44%|████▍     | 22/50 [00:16<00:10,  2.72it/s]
 46%|████▌     | 23/50 [00:16<00:09,  2.71it/s]
 48%|████▊     | 24/50 [00:17<00:09,  2.71it/s]
 50%|█████     | 25/50 [00:17<00:09,  2.72it/s]
 52%|█████▏    | 26/50 [00:18<00:08,  2.71it/s]
 54%|█████▍    | 27/50 [00:18<00:08,  2.71it/s]
 56%|█████▌    | 28/50 [00:18<00:08,  2.72it/s]
 58%|█████▊    | 29/50 [00:19<00:07,  2.72it/s]
 60%|██████    | 30/50 [00:19<00:07,  2.72it/s]
 62%|██████▏   | 31/50 [00:19<00:06,  2.72it/s]
 64%|██████▍   | 32/50 [00:20<00:06,  2.72it/s]
 66%|██████▌   | 33/50 [00:20<00:06,  2.72it/s]
 68%|██████▊   | 34/50 [00:20<00:05,  2.73it/s]
 70%|███████   | 35/50 [00:21<00:05,  2.75it/s]
 72%|███████▏  | 36/50 [00:21<00:05,  2.77it/s]
 74%|███████▍  | 37/50 [00:22<00:04,  2.77it/s]
 76%|███████▌  | 38/50 [00:22<00:04,  2.78it/s]
 78%|███████▊  | 39/50 [00:22<00:03,  2.77it/s]
 80%|████████  | 40/50 [00:23<00:03,  2.75it/s]
 82%|████████▏ | 41/50 [00:23<00:03,  2.74it/s]
 84%|████████▍ | 42/50 [00:23<00:02,  2.73it/s]
 86%|████████▌ | 43/50 [00:24<00:02,  2.73it/s]
 88%|████████▊ | 44/50 [00:24<00:02,  2.65it/s]
 90%|█████████ | 45/50 [00:25<00:01,  2.59it/s]
 92%|█████████▏| 46/50 [00:25<00:01,  2.56it/s]
 94%|█████████▍| 47/50 [00:25<00:01,  2.54it/s]
 96%|█████████▌| 48/50 [00:26<00:00,  2.53it/s]
 98%|█████████▊| 49/50 [00:26<00:00,  2.50it/s]
100%|██████████| 50/50 [00:35<00:00,  2.78s/it]
100%|██████████| 50/50 [00:35<00:00,  1.43it/s]
[I 2023-12-11 23:15:23,965] Trial 388 finished with value: 0.30183646250128243 and parameters: {'EMBEDDING_DIM': 32, 'HIDDEN_DIM': 1210, 'NUM_LAYERS': 2, 'DROPOUT': 0.31601071557362476, 'LR': 0.007247661273810604, 'WEIGHT_0': 0.5425751821783397, 'WEIGHT_1': 0.13661103507505332, 'WEIGHT_2': 0.30388584074872543, 'WEIGHT_3': 0.3234230336020525, 'WEIGHT_4': 0.5465800257339072, 'WEIGHT_5': 0.4427416964697541, 'WEIGHT_6': 0.24367504293950382, 'WEIGHT_7': 0.5956823722460194, 'WEIGHT_8': 0.5446156019170012}. Best is trial 282 with value: 0.45463128081401455.
{'EMBEDDING_DIM': 32, 'HIDDEN_DIM': 1210, 'NUM_LAYERS': 2, 'DROPOUT': 0.31601071557362476, 'LR': 0.007247661273810604, 'WEIGHT_0': 0.5425751821783397, 'WEIGHT_1': 0.13661103507505332, 'WEIGHT_2': 0.30388584074872543, 'WEIGHT_3': 0.3234230336020525, 'WEIGHT_4': 0.5465800257339072, 'WEIGHT_5': 0.4427416964697541, 'WEIGHT_6': 0.24367504293950382, 'WEIGHT_7': 0.5956823722460194, 'WEIGHT_8': 0.5446156019170012}
0
              precision    recall  f1-score   support

         LOC       0.00      0.00      0.00      1837
        MISC       0.00      0.00      0.00       922
         ORG       0.00      0.00      0.00      1341
         PER       0.00      0.00      0.00      1842

   micro avg       0.00      0.00      0.00      5942
   macro avg       0.00      0.00      0.00      5942
weighted avg       0.00      0.00      0.00      5942

{'EMBEDDING_DIM': 32, 'HIDDEN_DIM': 1210, 'NUM_LAYERS': 2, 'DROPOUT': 0.31601071557362476, 'LR': 0.007247661273810604, 'WEIGHT_0': 0.5425751821783397, 'WEIGHT_1': 0.13661103507505332, 'WEIGHT_2': 0.30388584074872543, 'WEIGHT_3': 0.3234230336020525, 'WEIGHT_4': 0.5465800257339072, 'WEIGHT_5': 0.4427416964697541, 'WEIGHT_6': 0.24367504293950382, 'WEIGHT_7': 0.5956823722460194, 'WEIGHT_8': 0.5446156019170012}
49
              precision    recall  f1-score   support

         LOC       0.41      0.60      0.49      1837
        MISC       0.33      0.04      0.08       922
         ORG       0.00      0.00      0.00      1341
         PER       0.32      0.17      0.23      1842

   micro avg       0.39      0.25      0.30      5942
   macro avg       0.27      0.21      0.20      5942
weighted avg       0.28      0.25      0.23      5942

epoch 49
Transformer

  0%|          | 0/50 [00:00<?, ?it/s]
  2%|▏         | 1/50 [00:06<04:55,  6.03s/it]
  6%|▌         | 3/50 [00:06<01:16,  1.63s/it]
 10%|█         | 5/50 [00:06<00:37,  1.19it/s]
 14%|█▍        | 7/50 [00:06<00:22,  1.91it/s]
 16%|█▌        | 8/50 [00:06<00:17,  2.35it/s]
 18%|█▊        | 9/50 [00:06<00:14,  2.83it/s]
 20%|██        | 10/50 [00:06<00:11,  3.47it/s]
 22%|██▏       | 11/50 [00:07<00:09,  4.18it/s]
 24%|██▍       | 12/50 [00:07<00:07,  4.95it/s]
 26%|██▌       | 13/50 [00:07<00:06,  5.65it/s]
 28%|██▊       | 14/50 [00:07<00:05,  6.26it/s]
 30%|███       | 15/50 [00:07<00:05,  6.78it/s]
 32%|███▏      | 16/50 [00:07<00:04,  7.19it/s]
 34%|███▍      | 17/50 [00:07<00:04,  7.70it/s]
 38%|███▊      | 19/50 [00:07<00:03,  8.98it/s]
 42%|████▏     | 21/50 [00:08<00:02,  9.72it/s]
 46%|████▌     | 23/50 [00:08<00:02, 10.18it/s]
 50%|█████     | 25/50 [00:08<00:02, 10.50it/s]
 54%|█████▍    | 27/50 [00:08<00:02, 10.67it/s]
 58%|█████▊    | 29/50 [00:08<00:01, 10.82it/s]
 62%|██████▏   | 31/50 [00:09<00:01, 10.33it/s]
 66%|██████▌   | 33/50 [00:09<00:01,  9.52it/s]
 68%|██████▊   | 34/50 [00:09<00:01,  9.50it/s]
 70%|███████   | 35/50 [00:09<00:01,  9.37it/s]
 72%|███████▏  | 36/50 [00:09<00:01,  9.17it/s]
 74%|███████▍  | 37/50 [00:09<00:01,  8.98it/s]
 76%|███████▌  | 38/50 [00:09<00:01,  8.86it/s]
 78%|███████▊  | 39/50 [00:09<00:01,  8.99it/s]
 82%|████████▏ | 41/50 [00:10<00:00,  9.83it/s]
 86%|████████▌ | 43/50 [00:10<00:00, 10.25it/s]
 90%|█████████ | 45/50 [00:10<00:00, 10.53it/s]
 94%|█████████▍| 47/50 [00:10<00:00, 10.71it/s]
 98%|█████████▊| 49/50 [00:10<00:00, 10.82it/s]
100%|██████████| 50/50 [00:16<00:00,  2.97it/s]
[I 2023-12-11 23:15:46,545] Trial 389 finished with value: 0.42670652715495766 and parameters: {'EMBEDDING_DIM': 32, 'HIDDEN_DIM': 646, 'NUM_LAYERS': 1, 'DROPOUT': 0.27927681928390524, 'LR': 0.005288039164822179, 'WEIGHT_0': 0.5717532041057778, 'WEIGHT_1': 0.42844840365938236, 'WEIGHT_2': 0.14615875271829867, 'WEIGHT_3': 0.1183906444985171, 'WEIGHT_4': 0.8513938753235648, 'WEIGHT_5': 0.062416523948858105, 'WEIGHT_6': 0.11997623586043224, 'WEIGHT_7': 0.5327440161633337, 'WEIGHT_8': 0.19977970081035712}. Best is trial 282 with value: 0.45463128081401455.
{'EMBEDDING_DIM': 32, 'HIDDEN_DIM': 646, 'NUM_LAYERS': 1, 'DROPOUT': 0.27927681928390524, 'LR': 0.005288039164822179, 'WEIGHT_0': 0.5717532041057778, 'WEIGHT_1': 0.42844840365938236, 'WEIGHT_2': 0.14615875271829867, 'WEIGHT_3': 0.1183906444985171, 'WEIGHT_4': 0.8513938753235648, 'WEIGHT_5': 0.062416523948858105, 'WEIGHT_6': 0.11997623586043224, 'WEIGHT_7': 0.5327440161633337, 'WEIGHT_8': 0.19977970081035712}
0
              precision    recall  f1-score   support

         LOC       0.00      0.00      0.00      1837
        MISC       0.00      0.00      0.00       922
         ORG       0.00      0.00      0.00      1341
         PER       0.00      0.00      0.00      1842

   micro avg       0.00      0.00      0.00      5942
   macro avg       0.00      0.00      0.00      5942
weighted avg       0.00      0.00      0.00      5942

{'EMBEDDING_DIM': 32, 'HIDDEN_DIM': 646, 'NUM_LAYERS': 1, 'DROPOUT': 0.27927681928390524, 'LR': 0.005288039164822179, 'WEIGHT_0': 0.5717532041057778, 'WEIGHT_1': 0.42844840365938236, 'WEIGHT_2': 0.14615875271829867, 'WEIGHT_3': 0.1183906444985171, 'WEIGHT_4': 0.8513938753235648, 'WEIGHT_5': 0.062416523948858105, 'WEIGHT_6': 0.11997623586043224, 'WEIGHT_7': 0.5327440161633337, 'WEIGHT_8': 0.19977970081035712}
49
              precision    recall  f1-score   support

         LOC       0.79      0.54      0.64      1837
        MISC       0.60      0.49      0.54       922
         ORG       0.39      0.24      0.29      1341
         PER       0.30      0.20      0.24      1842

   micro avg       0.52      0.36      0.43      5942
   macro avg       0.52      0.37      0.43      5942
weighted avg       0.52      0.36      0.42      5942

epoch 49
Transformer

  0%|          | 0/50 [00:00<?, ?it/s]
  2%|▏         | 1/50 [00:06<05:20,  6.54s/it]
  6%|▌         | 3/50 [00:06<01:23,  1.77s/it]
 10%|█         | 5/50 [00:06<00:40,  1.10it/s]
 14%|█▍        | 7/50 [00:07<00:24,  1.77it/s]
 18%|█▊        | 9/50 [00:07<00:15,  2.56it/s]
 20%|██        | 10/50 [00:07<00:13,  3.04it/s]
 24%|██▍       | 12/50 [00:07<00:09,  4.18it/s]
 28%|██▊       | 14/50 [00:07<00:06,  5.34it/s]
 32%|███▏      | 16/50 [00:07<00:05,  6.46it/s]
 36%|███▌      | 18/50 [00:08<00:04,  7.45it/s]
 40%|████      | 20/50 [00:08<00:03,  8.30it/s]
 44%|████▍     | 22/50 [00:08<00:03,  8.98it/s]
 48%|████▊     | 24/50 [00:08<00:02,  9.53it/s]
 52%|█████▏    | 26/50 [00:08<00:02,  9.94it/s]
 56%|█████▌    | 28/50 [00:09<00:02, 10.23it/s]
 60%|██████    | 30/50 [00:09<00:01, 10.46it/s]
 64%|██████▍   | 32/50 [00:09<00:01, 10.60it/s]
 68%|██████▊   | 34/50 [00:09<00:01, 10.73it/s]
 72%|███████▏  | 36/50 [00:09<00:01, 10.83it/s]
 76%|███████▌  | 38/50 [00:09<00:01, 10.87it/s]
 80%|████████  | 40/50 [00:10<00:00, 10.92it/s]
 84%|████████▍ | 42/50 [00:10<00:00, 10.94it/s]
 88%|████████▊ | 44/50 [00:10<00:00, 10.97it/s]
 92%|█████████▏| 46/50 [00:10<00:00, 10.99it/s]
 96%|█████████▌| 48/50 [00:10<00:00, 10.98it/s]
100%|██████████| 50/50 [00:16<00:00,  1.02it/s]
100%|██████████| 50/50 [00:16<00:00,  2.95it/s]
