[I 2023-12-11 21:46:47,807] Trial 228 finished with value: 0.450454127972242 and parameters: {'EMBEDDING_DIM': 32, 'HIDDEN_DIM': 664, 'NUM_LAYERS': 1, 'DROPOUT': 0.2734369636643942, 'LR': 0.007038739296826599, 'WEIGHT_0': 0.9989532889752037, 'WEIGHT_1': 0.17487425965974768, 'WEIGHT_2': 0.2173872254567825, 'WEIGHT_3': 0.27296476486075627, 'WEIGHT_4': 0.8800395069773235, 'WEIGHT_5': 0.4677462842383636, 'WEIGHT_6': 0.048061617146705336, 'WEIGHT_7': 0.552540387057235, 'WEIGHT_8': 0.7926611641718656}. Best is trial 223 with value: 0.4540043855069437.
{'EMBEDDING_DIM': 32, 'HIDDEN_DIM': 664, 'NUM_LAYERS': 1, 'DROPOUT': 0.2734369636643942, 'LR': 0.007038739296826599, 'WEIGHT_0': 0.9989532889752037, 'WEIGHT_1': 0.17487425965974768, 'WEIGHT_2': 0.2173872254567825, 'WEIGHT_3': 0.27296476486075627, 'WEIGHT_4': 0.8800395069773235, 'WEIGHT_5': 0.4677462842383636, 'WEIGHT_6': 0.048061617146705336, 'WEIGHT_7': 0.552540387057235, 'WEIGHT_8': 0.7926611641718656}
0
              precision    recall  f1-score   support

         LOC       0.00      0.00      0.00      1837
        MISC       0.00      0.00      0.00       922
         ORG       0.00      0.00      0.00      1341
         PER       0.00      0.00      0.00      1842

   micro avg       0.00      0.00      0.00      5942
   macro avg       0.00      0.00      0.00      5942
weighted avg       0.00      0.00      0.00      5942

{'EMBEDDING_DIM': 32, 'HIDDEN_DIM': 664, 'NUM_LAYERS': 1, 'DROPOUT': 0.2734369636643942, 'LR': 0.007038739296826599, 'WEIGHT_0': 0.9989532889752037, 'WEIGHT_1': 0.17487425965974768, 'WEIGHT_2': 0.2173872254567825, 'WEIGHT_3': 0.27296476486075627, 'WEIGHT_4': 0.8800395069773235, 'WEIGHT_5': 0.4677462842383636, 'WEIGHT_6': 0.048061617146705336, 'WEIGHT_7': 0.552540387057235, 'WEIGHT_8': 0.7926611641718656}
49
              precision    recall  f1-score   support

         LOC       0.77      0.60      0.67      1837
        MISC       0.66      0.49      0.56       922
         ORG       0.41      0.21      0.28      1341
         PER       0.35      0.20      0.26      1842

   micro avg       0.57      0.37      0.45      5942
   macro avg       0.55      0.38      0.44      5942
weighted avg       0.54      0.37      0.44      5942

epoch 49
Transformer

  0%|          | 0/50 [00:00<?, ?it/s]
  2%|▏         | 1/50 [00:05<04:51,  5.94s/it]
  6%|▌         | 3/50 [00:06<01:15,  1.61s/it]
 10%|█         | 5/50 [00:06<00:37,  1.20it/s]
 14%|█▍        | 7/50 [00:06<00:22,  1.93it/s]
 18%|█▊        | 9/50 [00:06<00:14,  2.79it/s]
 20%|██        | 10/50 [00:06<00:12,  3.24it/s]
 22%|██▏       | 11/50 [00:06<00:10,  3.82it/s]
 24%|██▍       | 12/50 [00:07<00:08,  4.49it/s]
 26%|██▌       | 13/50 [00:07<00:07,  5.21it/s]
 28%|██▊       | 14/50 [00:07<00:06,  5.91it/s]
 30%|███       | 15/50 [00:07<00:05,  6.50it/s]
 32%|███▏      | 16/50 [00:07<00:04,  7.00it/s]
 34%|███▍      | 17/50 [00:07<00:04,  7.40it/s]
 36%|███▌      | 18/50 [00:07<00:04,  7.82it/s]
 40%|████      | 20/50 [00:07<00:03,  9.18it/s]
 44%|████▍     | 22/50 [00:08<00:02,  9.95it/s]
 48%|████▊     | 24/50 [00:08<00:02, 10.43it/s]
 52%|█████▏    | 26/50 [00:08<00:02, 10.76it/s]
 56%|█████▌    | 28/50 [00:08<00:02, 10.96it/s]
 60%|██████    | 30/50 [00:08<00:01, 11.11it/s]
 64%|██████▍   | 32/50 [00:08<00:01, 11.22it/s]
 68%|██████▊   | 34/50 [00:09<00:01, 11.28it/s]
 72%|███████▏  | 36/50 [00:09<00:01, 11.32it/s]
 76%|███████▌  | 38/50 [00:09<00:01, 11.36it/s]
 80%|████████  | 40/50 [00:09<00:00, 11.38it/s]
 84%|████████▍ | 42/50 [00:09<00:00, 11.39it/s]
 88%|████████▊ | 44/50 [00:09<00:00, 11.41it/s]
 92%|█████████▏| 46/50 [00:10<00:00, 11.41it/s]
 96%|█████████▌| 48/50 [00:10<00:00, 11.42it/s]
100%|██████████| 50/50 [00:16<00:00,  1.05it/s]
100%|██████████| 50/50 [00:16<00:00,  3.08it/s]
[I 2023-12-11 21:47:09,500] Trial 229 finished with value: 0.44869815786765466 and parameters: {'EMBEDDING_DIM': 32, 'HIDDEN_DIM': 757, 'NUM_LAYERS': 1, 'DROPOUT': 0.26578927209058983, 'LR': 0.007014153665157847, 'WEIGHT_0': 0.9921017234398992, 'WEIGHT_1': 0.16814918955810051, 'WEIGHT_2': 0.1961364312811436, 'WEIGHT_3': 0.2172399740128287, 'WEIGHT_4': 0.912223325756658, 'WEIGHT_5': 0.4767068126532445, 'WEIGHT_6': 0.04187846302248043, 'WEIGHT_7': 0.5356396301688876, 'WEIGHT_8': 0.7859194639039043}. Best is trial 223 with value: 0.4540043855069437.
{'EMBEDDING_DIM': 32, 'HIDDEN_DIM': 757, 'NUM_LAYERS': 1, 'DROPOUT': 0.26578927209058983, 'LR': 0.007014153665157847, 'WEIGHT_0': 0.9921017234398992, 'WEIGHT_1': 0.16814918955810051, 'WEIGHT_2': 0.1961364312811436, 'WEIGHT_3': 0.2172399740128287, 'WEIGHT_4': 0.912223325756658, 'WEIGHT_5': 0.4767068126532445, 'WEIGHT_6': 0.04187846302248043, 'WEIGHT_7': 0.5356396301688876, 'WEIGHT_8': 0.7859194639039043}
0
              precision    recall  f1-score   support

         LOC       0.00      0.00      0.00      1837
        MISC       0.00      0.00      0.00       922
         ORG       0.00      0.00      0.00      1341
         PER       0.00      0.00      0.00      1842

   micro avg       0.00      0.00      0.00      5942
   macro avg       0.00      0.00      0.00      5942
weighted avg       0.00      0.00      0.00      5942

{'EMBEDDING_DIM': 32, 'HIDDEN_DIM': 757, 'NUM_LAYERS': 1, 'DROPOUT': 0.26578927209058983, 'LR': 0.007014153665157847, 'WEIGHT_0': 0.9921017234398992, 'WEIGHT_1': 0.16814918955810051, 'WEIGHT_2': 0.1961364312811436, 'WEIGHT_3': 0.2172399740128287, 'WEIGHT_4': 0.912223325756658, 'WEIGHT_5': 0.4767068126532445, 'WEIGHT_6': 0.04187846302248043, 'WEIGHT_7': 0.5356396301688876, 'WEIGHT_8': 0.7859194639039043}
49
              precision    recall  f1-score   support

         LOC       0.78      0.59      0.67      1837
        MISC       0.63      0.48      0.55       922
         ORG       0.45      0.22      0.30      1341
         PER       0.34      0.19      0.24      1842

   micro avg       0.58      0.37      0.45      5942
   macro avg       0.55      0.37      0.44      5942
weighted avg       0.55      0.37      0.44      5942

epoch 49
Transformer

  0%|          | 0/50 [00:00<?, ?it/s]
  2%|▏         | 1/50 [00:05<04:46,  5.85s/it]
  6%|▌         | 3/50 [00:06<01:14,  1.59s/it]
 10%|█         | 5/50 [00:06<00:36,  1.22it/s]
 14%|█▍        | 7/50 [00:06<00:21,  1.95it/s]
 16%|█▌        | 8/50 [00:06<00:17,  2.40it/s]
 20%|██        | 10/50 [00:06<00:11,  3.51it/s]
 24%|██▍       | 12/50 [00:06<00:08,  4.69it/s]
 28%|██▊       | 14/50 [00:07<00:06,  5.86it/s]
 32%|███▏      | 16/50 [00:07<00:04,  6.97it/s]
 36%|███▌      | 18/50 [00:07<00:04,  7.97it/s]
 40%|████      | 20/50 [00:07<00:03,  8.79it/s]
 44%|████▍     | 22/50 [00:07<00:02,  9.45it/s]
 48%|████▊     | 24/50 [00:07<00:02,  9.98it/s]
 52%|█████▏    | 26/50 [00:08<00:02, 10.36it/s]
 56%|█████▌    | 28/50 [00:08<00:02, 10.65it/s]
 60%|██████    | 30/50 [00:08<00:01, 10.86it/s]
 64%|██████▍   | 32/50 [00:08<00:01, 11.02it/s]
 68%|██████▊   | 34/50 [00:08<00:01, 11.13it/s]
 72%|███████▏  | 36/50 [00:08<00:01, 11.20it/s]
 76%|███████▌  | 38/50 [00:09<00:01, 11.24it/s]
 80%|████████  | 40/50 [00:09<00:00, 11.27it/s]
 84%|████████▍ | 42/50 [00:09<00:00, 11.30it/s]
 88%|████████▊ | 44/50 [00:09<00:00, 11.32it/s]
 92%|█████████▏| 46/50 [00:09<00:00, 11.34it/s]
 96%|█████████▌| 48/50 [00:10<00:00, 11.38it/s]
100%|██████████| 50/50 [00:15<00:00,  1.06it/s]
100%|██████████| 50/50 [00:15<00:00,  3.14it/s]
[I 2023-12-11 21:47:31,029] Trial 230 finished with value: 0.4439601494396015 and parameters: {'EMBEDDING_DIM': 32, 'HIDDEN_DIM': 786, 'NUM_LAYERS': 1, 'DROPOUT': 0.26430467624851106, 'LR': 0.006979586016125562, 'WEIGHT_0': 0.9970154130533205, 'WEIGHT_1': 0.17182054730940066, 'WEIGHT_2': 0.19833187897770183, 'WEIGHT_3': 0.24697140840150433, 'WEIGHT_4': 0.9070383564863276, 'WEIGHT_5': 0.470246863038672, 'WEIGHT_6': 0.043531448288857626, 'WEIGHT_7': 0.5515103865895514, 'WEIGHT_8': 0.7878631340705254}. Best is trial 223 with value: 0.4540043855069437.
{'EMBEDDING_DIM': 32, 'HIDDEN_DIM': 786, 'NUM_LAYERS': 1, 'DROPOUT': 0.26430467624851106, 'LR': 0.006979586016125562, 'WEIGHT_0': 0.9970154130533205, 'WEIGHT_1': 0.17182054730940066, 'WEIGHT_2': 0.19833187897770183, 'WEIGHT_3': 0.24697140840150433, 'WEIGHT_4': 0.9070383564863276, 'WEIGHT_5': 0.470246863038672, 'WEIGHT_6': 0.043531448288857626, 'WEIGHT_7': 0.5515103865895514, 'WEIGHT_8': 0.7878631340705254}
0
              precision    recall  f1-score   support

         LOC       0.00      0.00      0.00      1837
        MISC       0.00      0.00      0.00       922
         ORG       0.00      0.00      0.00      1341
         PER       0.00      0.00      0.00      1842

   micro avg       0.00      0.00      0.00      5942
   macro avg       0.00      0.00      0.00      5942
weighted avg       0.00      0.00      0.00      5942

{'EMBEDDING_DIM': 32, 'HIDDEN_DIM': 786, 'NUM_LAYERS': 1, 'DROPOUT': 0.26430467624851106, 'LR': 0.006979586016125562, 'WEIGHT_0': 0.9970154130533205, 'WEIGHT_1': 0.17182054730940066, 'WEIGHT_2': 0.19833187897770183, 'WEIGHT_3': 0.24697140840150433, 'WEIGHT_4': 0.9070383564863276, 'WEIGHT_5': 0.470246863038672, 'WEIGHT_6': 0.043531448288857626, 'WEIGHT_7': 0.5515103865895514, 'WEIGHT_8': 0.7878631340705254}
49
              precision    recall  f1-score   support

         LOC       0.78      0.59      0.67      1837
        MISC       0.64      0.46      0.54       922
         ORG       0.43      0.21      0.29      1341
         PER       0.35      0.19      0.24      1842

   micro avg       0.58      0.36      0.44      5942
   macro avg       0.55      0.36      0.43      5942
weighted avg       0.55      0.36      0.43      5942

epoch 49
Transformer

  0%|          | 0/50 [00:00<?, ?it/s]
  2%|▏         | 1/50 [00:05<04:47,  5.86s/it]
  6%|▌         | 3/50 [00:06<01:14,  1.59s/it]
 10%|█         | 5/50 [00:06<00:36,  1.22it/s]
 14%|█▍        | 7/50 [00:06<00:21,  1.96it/s]
 18%|█▊        | 9/50 [00:06<00:14,  2.85it/s]
 22%|██▏       | 11/50 [00:06<00:10,  3.74it/s]
 24%|██▍       | 12/50 [00:06<00:09,  4.21it/s]
 26%|██▌       | 13/50 [00:07<00:07,  4.69it/s]
 30%|███       | 15/50 [00:07<00:05,  6.09it/s]
 34%|███▍      | 17/50 [00:07<00:04,  7.31it/s]
 38%|███▊      | 19/50 [00:07<00:03,  8.32it/s]
 42%|████▏     | 21/50 [00:07<00:03,  9.14it/s]
 46%|████▌     | 23/50 [00:07<00:02,  9.76it/s]
 50%|█████     | 25/50 [00:08<00:02, 10.23it/s]
 54%|█████▍    | 27/50 [00:08<00:02, 10.59it/s]
 58%|█████▊    | 29/50 [00:08<00:01, 10.82it/s]
 62%|██████▏   | 31/50 [00:08<00:01, 10.98it/s]
 66%|██████▌   | 33/50 [00:08<00:01, 11.12it/s]
 70%|███████   | 35/50 [00:08<00:01, 11.21it/s]
 74%|███████▍  | 37/50 [00:09<00:01, 11.24it/s]
 78%|███████▊  | 39/50 [00:09<00:00, 11.29it/s]
 82%|████████▏ | 41/50 [00:09<00:00, 11.34it/s]
 86%|████████▌ | 43/50 [00:09<00:00, 11.38it/s]
 90%|█████████ | 45/50 [00:09<00:00, 11.40it/s]
 94%|█████████▍| 47/50 [00:10<00:00, 11.41it/s]
 98%|█████████▊| 49/50 [00:10<00:00, 11.42it/s]
100%|██████████| 50/50 [00:16<00:00,  3.12it/s]
[I 2023-12-11 21:47:52,549] Trial 231 finished with value: 0.44346917450365725 and parameters: {'EMBEDDING_DIM': 32, 'HIDDEN_DIM': 753, 'NUM_LAYERS': 1, 'DROPOUT': 0.26424300493838226, 'LR': 0.006997969328837107, 'WEIGHT_0': 0.9955323073650971, 'WEIGHT_1': 0.17217202980181967, 'WEIGHT_2': 0.19710960287534007, 'WEIGHT_3': 0.24083483023772614, 'WEIGHT_4': 0.8973088186229382, 'WEIGHT_5': 0.458646354354524, 'WEIGHT_6': 0.05059084604142482, 'WEIGHT_7': 0.5253053543380576, 'WEIGHT_8': 0.7925144555715349}. Best is trial 223 with value: 0.4540043855069437.
{'EMBEDDING_DIM': 32, 'HIDDEN_DIM': 753, 'NUM_LAYERS': 1, 'DROPOUT': 0.26424300493838226, 'LR': 0.006997969328837107, 'WEIGHT_0': 0.9955323073650971, 'WEIGHT_1': 0.17217202980181967, 'WEIGHT_2': 0.19710960287534007, 'WEIGHT_3': 0.24083483023772614, 'WEIGHT_4': 0.8973088186229382, 'WEIGHT_5': 0.458646354354524, 'WEIGHT_6': 0.05059084604142482, 'WEIGHT_7': 0.5253053543380576, 'WEIGHT_8': 0.7925144555715349}
0
              precision    recall  f1-score   support

         LOC       0.00      0.00      0.00      1837
        MISC       0.00      0.00      0.00       922
         ORG       0.00      0.00      0.00      1341
         PER       0.00      0.00      0.00      1842

   micro avg       0.00      0.00      0.00      5942
   macro avg       0.00      0.00      0.00      5942
weighted avg       0.00      0.00      0.00      5942

{'EMBEDDING_DIM': 32, 'HIDDEN_DIM': 753, 'NUM_LAYERS': 1, 'DROPOUT': 0.26424300493838226, 'LR': 0.006997969328837107, 'WEIGHT_0': 0.9955323073650971, 'WEIGHT_1': 0.17217202980181967, 'WEIGHT_2': 0.19710960287534007, 'WEIGHT_3': 0.24083483023772614, 'WEIGHT_4': 0.8973088186229382, 'WEIGHT_5': 0.458646354354524, 'WEIGHT_6': 0.05059084604142482, 'WEIGHT_7': 0.5253053543380576, 'WEIGHT_8': 0.7925144555715349}
49
              precision    recall  f1-score   support

         LOC       0.77      0.59      0.67      1837
        MISC       0.66      0.48      0.56       922
         ORG       0.44      0.20      0.28      1341
         PER       0.35      0.18      0.23      1842

   micro avg       0.58      0.36      0.44      5942
   macro avg       0.55      0.36      0.43      5942
weighted avg       0.55      0.36      0.43      5942

epoch 49
Transformer

  0%|          | 0/50 [00:00<?, ?it/s]
  2%|▏         | 1/50 [00:05<04:51,  5.95s/it]
  6%|▌         | 3/50 [00:06<01:15,  1.61s/it]
 10%|█         | 5/50 [00:06<00:37,  1.20it/s]
 12%|█▏        | 6/50 [00:06<00:28,  1.56it/s]
 14%|█▍        | 7/50 [00:06<00:21,  1.97it/s]
 16%|█▌        | 8/50 [00:06<00:16,  2.52it/s]
 18%|█▊        | 9/50 [00:06<00:12,  3.17it/s]
 20%|██        | 10/50 [00:06<00:10,  3.88it/s]
 22%|██▏       | 11/50 [00:07<00:08,  4.63it/s]
 24%|██▍       | 12/50 [00:07<00:07,  5.30it/s]
 26%|██▌       | 13/50 [00:07<00:06,  5.82it/s]
 28%|██▊       | 14/50 [00:07<00:05,  6.05it/s]
 30%|███       | 15/50 [00:07<00:05,  6.75it/s]
 32%|███▏      | 16/50 [00:07<00:04,  7.39it/s]
 34%|███▍      | 17/50 [00:07<00:04,  7.78it/s]
 36%|███▌      | 18/50 [00:07<00:03,  8.04it/s]
 38%|███▊      | 19/50 [00:08<00:03,  8.23it/s]
 40%|████      | 20/50 [00:08<00:03,  8.36it/s]
 42%|████▏     | 21/50 [00:08<00:03,  8.46it/s]
 44%|████▍     | 22/50 [00:08<00:03,  8.51it/s]
 48%|████▊     | 24/50 [00:08<00:02,  9.51it/s]
 52%|█████▏    | 26/50 [00:08<00:02, 10.23it/s]
 56%|█████▌    | 28/50 [00:08<00:02, 10.63it/s]
 60%|██████    | 30/50 [00:09<00:01, 10.87it/s]
 64%|██████▍   | 32/50 [00:09<00:01, 11.06it/s]
 68%|██████▊   | 34/50 [00:09<00:01, 11.17it/s]
 72%|███████▏  | 36/50 [00:09<00:01, 11.26it/s]
 76%|███████▌  | 38/50 [00:09<00:01, 11.32it/s]
 80%|████████  | 40/50 [00:09<00:00, 11.35it/s]
 84%|████████▍ | 42/50 [00:10<00:00, 11.38it/s]
 88%|████████▊ | 44/50 [00:10<00:00, 11.40it/s]
 92%|█████████▏| 46/50 [00:10<00:00, 11.41it/s]
 96%|█████████▌| 48/50 [00:10<00:00, 11.43it/s]
100%|██████████| 50/50 [00:16<00:00,  1.06it/s]
100%|██████████| 50/50 [00:16<00:00,  3.02it/s]
[I 2023-12-11 21:48:14,575] Trial 232 finished with value: 0.4376905875177882 and parameters: {'EMBEDDING_DIM': 32, 'HIDDEN_DIM': 838, 'NUM_LAYERS': 1, 'DROPOUT': 0.2961052284903421, 'LR': 0.007034510792086043, 'WEIGHT_0': 0.9819870597055042, 'WEIGHT_1': 0.20900189810967995, 'WEIGHT_2': 0.17831592959783918, 'WEIGHT_3': 0.20620038904933513, 'WEIGHT_4': 0.9137841013762928, 'WEIGHT_5': 0.48739634909273893, 'WEIGHT_6': 0.005918324540446336, 'WEIGHT_7': 0.5507067076380793, 'WEIGHT_8': 0.8124532529179165}. Best is trial 223 with value: 0.4540043855069437.
{'EMBEDDING_DIM': 32, 'HIDDEN_DIM': 838, 'NUM_LAYERS': 1, 'DROPOUT': 0.2961052284903421, 'LR': 0.007034510792086043, 'WEIGHT_0': 0.9819870597055042, 'WEIGHT_1': 0.20900189810967995, 'WEIGHT_2': 0.17831592959783918, 'WEIGHT_3': 0.20620038904933513, 'WEIGHT_4': 0.9137841013762928, 'WEIGHT_5': 0.48739634909273893, 'WEIGHT_6': 0.005918324540446336, 'WEIGHT_7': 0.5507067076380793, 'WEIGHT_8': 0.8124532529179165}
0
              precision    recall  f1-score   support

         LOC       0.00      0.00      0.00      1837
        MISC       0.00      0.00      0.00       922
         ORG       0.00      0.00      0.00      1341
         PER       0.00      0.00      0.00      1842

   micro avg       0.00      0.00      0.00      5942
   macro avg       0.00      0.00      0.00      5942
weighted avg       0.00      0.00      0.00      5942

{'EMBEDDING_DIM': 32, 'HIDDEN_DIM': 838, 'NUM_LAYERS': 1, 'DROPOUT': 0.2961052284903421, 'LR': 0.007034510792086043, 'WEIGHT_0': 0.9819870597055042, 'WEIGHT_1': 0.20900189810967995, 'WEIGHT_2': 0.17831592959783918, 'WEIGHT_3': 0.20620038904933513, 'WEIGHT_4': 0.9137841013762928, 'WEIGHT_5': 0.48739634909273893, 'WEIGHT_6': 0.005918324540446336, 'WEIGHT_7': 0.5507067076380793, 'WEIGHT_8': 0.8124532529179165}
49
              precision    recall  f1-score   support

         LOC       0.74      0.60      0.66      1837
        MISC       0.53      0.48      0.51       922
         ORG       0.45      0.19      0.27      1341
         PER       0.35      0.19      0.25      1842

   micro avg       0.55      0.36      0.44      5942
   macro avg       0.52      0.37      0.42      5942
weighted avg       0.52      0.36      0.42      5942

epoch 49
Transformer

  0%|          | 0/50 [00:00<?, ?it/s]
  2%|▏         | 1/50 [00:05<04:47,  5.86s/it]
  6%|▌         | 3/50 [00:06<01:14,  1.59s/it]
 10%|█         | 5/50 [00:06<00:36,  1.22it/s]
 14%|█▍        | 7/50 [00:06<00:22,  1.95it/s]
 18%|█▊        | 9/50 [00:06<00:14,  2.84it/s]
 22%|██▏       | 11/50 [00:06<00:10,  3.83it/s]
 26%|██▌       | 13/50 [00:06<00:07,  4.92it/s]
 30%|███       | 15/50 [00:07<00:05,  6.02it/s]
 34%|███▍      | 17/50 [00:07<00:04,  7.08it/s]
 38%|███▊      | 19/50 [00:07<00:03,  8.03it/s]
 42%|████▏     | 21/50 [00:07<00:03,  8.82it/s]
 46%|████▌     | 23/50 [00:07<00:02,  9.48it/s]
 50%|█████     | 25/50 [00:08<00:02,  9.97it/s]
 54%|█████▍    | 27/50 [00:08<00:02, 10.38it/s]
 58%|█████▊    | 29/50 [00:08<00:01, 10.68it/s]
 62%|██████▏   | 31/50 [00:08<00:01, 10.89it/s]
 66%|██████▌   | 33/50 [00:08<00:01, 11.05it/s]
 70%|███████   | 35/50 [00:08<00:01, 11.15it/s]
 74%|███████▍  | 37/50 [00:09<00:01, 11.20it/s]
 78%|███████▊  | 39/50 [00:09<00:00, 11.28it/s]
 82%|████████▏ | 41/50 [00:09<00:00, 11.33it/s]
 86%|████████▌ | 43/50 [00:09<00:00, 11.35it/s]
 90%|█████████ | 45/50 [00:09<00:00, 11.37it/s]
 94%|█████████▍| 47/50 [00:09<00:00, 11.38it/s]
 98%|█████████▊| 49/50 [00:10<00:00, 11.39it/s]
100%|██████████| 50/50 [00:15<00:00,  3.14it/s]
