[I 2023-12-11 19:39:07,725] Trial 7 finished with value: 0.3488098043836908 and parameters: {'EMBEDDING_DIM': 32, 'HIDDEN_DIM': 2785, 'NUM_LAYERS': 1, 'DROPOUT': 0.21749206329559045, 'LR': 0.007603603370045131, 'WEIGHT_0': 0.38076650399809153, 'WEIGHT_1': 0.43619491692347023, 'WEIGHT_2': 0.9115526954242023, 'WEIGHT_3': 0.3831982907489636, 'WEIGHT_4': 0.9501819597299702, 'WEIGHT_5': 0.13856333360519713, 'WEIGHT_6': 0.3531875724214827, 'WEIGHT_7': 0.7824879234250556, 'WEIGHT_8': 0.9894785933554903}. Best is trial 6 with value: 0.41112214498510424.
{'EMBEDDING_DIM': 32, 'HIDDEN_DIM': 2785, 'NUM_LAYERS': 1, 'DROPOUT': 0.21749206329559045, 'LR': 0.007603603370045131, 'WEIGHT_0': 0.38076650399809153, 'WEIGHT_1': 0.43619491692347023, 'WEIGHT_2': 0.9115526954242023, 'WEIGHT_3': 0.3831982907489636, 'WEIGHT_4': 0.9501819597299702, 'WEIGHT_5': 0.13856333360519713, 'WEIGHT_6': 0.3531875724214827, 'WEIGHT_7': 0.7824879234250556, 'WEIGHT_8': 0.9894785933554903}
0
              precision    recall  f1-score   support

         LOC       0.00      0.00      0.00      1837
        MISC       0.00      0.00      0.00       922
         ORG       0.00      0.00      0.00      1341
         PER       0.00      0.00      0.00      1842

   micro avg       0.00      0.00      0.00      5942
   macro avg       0.00      0.00      0.00      5942
weighted avg       0.00      0.00      0.00      5942

{'EMBEDDING_DIM': 32, 'HIDDEN_DIM': 2785, 'NUM_LAYERS': 1, 'DROPOUT': 0.21749206329559045, 'LR': 0.007603603370045131, 'WEIGHT_0': 0.38076650399809153, 'WEIGHT_1': 0.43619491692347023, 'WEIGHT_2': 0.9115526954242023, 'WEIGHT_3': 0.3831982907489636, 'WEIGHT_4': 0.9501819597299702, 'WEIGHT_5': 0.13856333360519713, 'WEIGHT_6': 0.3531875724214827, 'WEIGHT_7': 0.7824879234250556, 'WEIGHT_8': 0.9894785933554903}
49
              precision    recall  f1-score   support

         LOC       0.76      0.51      0.61      1837
        MISC       0.57      0.51      0.53       922
         ORG       0.29      0.25      0.27      1341
         PER       0.14      0.26      0.18      1842

   micro avg       0.33      0.37      0.35      5942
   macro avg       0.44      0.38      0.40      5942
weighted avg       0.43      0.37      0.39      5942

epoch 49
Transformer

  0%|          | 0/50 [00:00<?, ?it/s]
  2%|▏         | 1/50 [00:12<09:52, 12.08s/it]
  4%|▍         | 2/50 [00:12<04:23,  5.50s/it]
  6%|▌         | 3/50 [00:13<02:39,  3.39s/it]
  8%|▊         | 4/50 [00:14<01:50,  2.41s/it]
 10%|█         | 5/50 [00:15<01:23,  1.86s/it]
 12%|█▏        | 6/50 [00:16<01:07,  1.53s/it]
 14%|█▍        | 7/50 [00:17<00:56,  1.32s/it]
 16%|█▌        | 8/50 [00:18<00:49,  1.18s/it]
 18%|█▊        | 9/50 [00:19<00:44,  1.09s/it]
 20%|██        | 10/50 [00:20<00:41,  1.03s/it]
 22%|██▏       | 11/50 [00:20<00:38,  1.01it/s]
 24%|██▍       | 12/50 [00:21<00:36,  1.04it/s]
 26%|██▌       | 13/50 [00:22<00:34,  1.06it/s]
 28%|██▊       | 14/50 [00:23<00:33,  1.08it/s]
 30%|███       | 15/50 [00:24<00:32,  1.09it/s]
 32%|███▏      | 16/50 [00:25<00:31,  1.10it/s]
 34%|███▍      | 17/50 [00:26<00:29,  1.10it/s]
 36%|███▌      | 18/50 [00:27<00:28,  1.11it/s]
 38%|███▊      | 19/50 [00:28<00:27,  1.11it/s]
 40%|████      | 20/50 [00:29<00:26,  1.11it/s]
 42%|████▏     | 21/50 [00:29<00:26,  1.11it/s]
 44%|████▍     | 22/50 [00:30<00:25,  1.11it/s]
 46%|████▌     | 23/50 [00:31<00:24,  1.12it/s]
 48%|████▊     | 24/50 [00:32<00:23,  1.12it/s]
 50%|█████     | 25/50 [00:33<00:22,  1.12it/s]
 52%|█████▏    | 26/50 [00:34<00:21,  1.12it/s]
 54%|█████▍    | 27/50 [00:35<00:20,  1.12it/s]
 56%|█████▌    | 28/50 [00:36<00:19,  1.12it/s]
 58%|█████▊    | 29/50 [00:37<00:18,  1.12it/s]
 60%|██████    | 30/50 [00:38<00:17,  1.11it/s]
 62%|██████▏   | 31/50 [00:38<00:16,  1.12it/s]
 64%|██████▍   | 32/50 [00:39<00:16,  1.12it/s]
 66%|██████▌   | 33/50 [00:40<00:15,  1.12it/s]
 68%|██████▊   | 34/50 [00:41<00:14,  1.11it/s]
 70%|███████   | 35/50 [00:42<00:13,  1.11it/s]
 72%|███████▏  | 36/50 [00:43<00:12,  1.11it/s]
 74%|███████▍  | 37/50 [00:44<00:11,  1.10it/s]
 76%|███████▌  | 38/50 [00:45<00:10,  1.10it/s]
 78%|███████▊  | 39/50 [00:46<00:10,  1.09it/s]
 80%|████████  | 40/50 [00:47<00:09,  1.10it/s]
 82%|████████▏ | 41/50 [00:47<00:08,  1.11it/s]
 84%|████████▍ | 42/50 [00:48<00:07,  1.11it/s]
 86%|████████▌ | 43/50 [00:49<00:06,  1.11it/s]
 88%|████████▊ | 44/50 [00:50<00:05,  1.10it/s]
 90%|█████████ | 45/50 [00:51<00:04,  1.11it/s]
 92%|█████████▏| 46/50 [00:52<00:03,  1.11it/s]
 94%|█████████▍| 47/50 [00:53<00:02,  1.11it/s]
 96%|█████████▌| 48/50 [00:54<00:01,  1.11it/s]
 98%|█████████▊| 49/50 [00:55<00:00,  1.10it/s]
100%|██████████| 50/50 [01:07<00:00,  4.38s/it]
100%|██████████| 50/50 [01:07<00:00,  1.35s/it]
[I 2023-12-11 19:40:26,322] Trial 8 finished with value: 0.07683261466091729 and parameters: {'EMBEDDING_DIM': 128, 'HIDDEN_DIM': 3737, 'NUM_LAYERS': 4, 'DROPOUT': 0.4564995806836522, 'LR': 0.0012911335323087102, 'WEIGHT_0': 0.791923518343783, 'WEIGHT_1': 0.0500400217540542, 'WEIGHT_2': 0.614462576567603, 'WEIGHT_3': 0.5328697945946161, 'WEIGHT_4': 0.369148204624799, 'WEIGHT_5': 0.4696210622983711, 'WEIGHT_6': 0.47016851931390435, 'WEIGHT_7': 0.5392083159326266, 'WEIGHT_8': 0.7231194504886137}. Best is trial 6 with value: 0.41112214498510424.
{'EMBEDDING_DIM': 128, 'HIDDEN_DIM': 3737, 'NUM_LAYERS': 4, 'DROPOUT': 0.4564995806836522, 'LR': 0.0012911335323087102, 'WEIGHT_0': 0.791923518343783, 'WEIGHT_1': 0.0500400217540542, 'WEIGHT_2': 0.614462576567603, 'WEIGHT_3': 0.5328697945946161, 'WEIGHT_4': 0.369148204624799, 'WEIGHT_5': 0.4696210622983711, 'WEIGHT_6': 0.47016851931390435, 'WEIGHT_7': 0.5392083159326266, 'WEIGHT_8': 0.7231194504886137}
0
              precision    recall  f1-score   support

         LOC       0.00      0.00      0.00      1837
        MISC       0.00      0.00      0.00       922
         ORG       0.00      0.00      0.00      1341
         PER       0.00      0.00      0.00      1842

   micro avg       0.00      0.00      0.00      5942
   macro avg       0.00      0.00      0.00      5942
weighted avg       0.00      0.00      0.00      5942

{'EMBEDDING_DIM': 128, 'HIDDEN_DIM': 3737, 'NUM_LAYERS': 4, 'DROPOUT': 0.4564995806836522, 'LR': 0.0012911335323087102, 'WEIGHT_0': 0.791923518343783, 'WEIGHT_1': 0.0500400217540542, 'WEIGHT_2': 0.614462576567603, 'WEIGHT_3': 0.5328697945946161, 'WEIGHT_4': 0.369148204624799, 'WEIGHT_5': 0.4696210622983711, 'WEIGHT_6': 0.47016851931390435, 'WEIGHT_7': 0.5392083159326266, 'WEIGHT_8': 0.7231194504886137}
49
              precision    recall  f1-score   support

         LOC       0.23      0.14      0.18      1837
        MISC       0.00      0.00      0.00       922
         ORG       0.00      0.00      0.00      1341
         PER       0.04      0.07      0.05      1842

   micro avg       0.09      0.07      0.08      5942
   macro avg       0.07      0.05      0.06      5942
weighted avg       0.08      0.07      0.07      5942

epoch 49
Transformer

  0%|          | 0/50 [00:00<?, ?it/s]
  2%|▏         | 1/50 [00:08<06:35,  8.07s/it]
  4%|▍         | 2/50 [00:08<02:48,  3.51s/it]
  6%|▌         | 3/50 [00:08<01:36,  2.06s/it]
  8%|▊         | 4/50 [00:09<01:03,  1.37s/it]
 10%|█         | 5/50 [00:09<00:44,  1.01it/s]
 12%|█▏        | 6/50 [00:09<00:33,  1.30it/s]
 14%|█▍        | 7/50 [00:10<00:27,  1.59it/s]
 16%|█▌        | 8/50 [00:10<00:22,  1.86it/s]
 18%|█▊        | 9/50 [00:10<00:19,  2.11it/s]
 20%|██        | 10/50 [00:11<00:17,  2.31it/s]
 22%|██▏       | 11/50 [00:11<00:16,  2.43it/s]
 24%|██▍       | 12/50 [00:11<00:15,  2.51it/s]
 26%|██▌       | 13/50 [00:12<00:14,  2.57it/s]
 28%|██▊       | 14/50 [00:12<00:13,  2.61it/s]
 30%|███       | 15/50 [00:12<00:13,  2.63it/s]
 32%|███▏      | 16/50 [00:13<00:12,  2.66it/s]
 34%|███▍      | 17/50 [00:13<00:12,  2.67it/s]
 36%|███▌      | 18/50 [00:13<00:11,  2.69it/s]
 38%|███▊      | 19/50 [00:14<00:11,  2.69it/s]
 40%|████      | 20/50 [00:14<00:11,  2.70it/s]
 42%|████▏     | 21/50 [00:15<00:10,  2.69it/s]
 44%|████▍     | 22/50 [00:15<00:10,  2.68it/s]
 46%|████▌     | 23/50 [00:15<00:10,  2.69it/s]
 48%|████▊     | 24/50 [00:16<00:09,  2.70it/s]
 50%|█████     | 25/50 [00:16<00:09,  2.70it/s]
 52%|█████▏    | 26/50 [00:16<00:08,  2.71it/s]
 54%|█████▍    | 27/50 [00:17<00:08,  2.71it/s]
 56%|█████▌    | 28/50 [00:17<00:08,  2.70it/s]
 58%|█████▊    | 29/50 [00:18<00:07,  2.76it/s]
 60%|██████    | 30/50 [00:18<00:07,  2.84it/s]
 62%|██████▏   | 31/50 [00:18<00:06,  2.86it/s]
 64%|██████▍   | 32/50 [00:19<00:06,  2.82it/s]
 66%|██████▌   | 33/50 [00:19<00:06,  2.79it/s]
 68%|██████▊   | 34/50 [00:19<00:05,  2.84it/s]
 70%|███████   | 35/50 [00:20<00:05,  2.88it/s]
 72%|███████▏  | 36/50 [00:20<00:04,  2.90it/s]
 74%|███████▍  | 37/50 [00:20<00:04,  2.91it/s]
 76%|███████▌  | 38/50 [00:21<00:04,  2.92it/s]
 78%|███████▊  | 39/50 [00:21<00:03,  2.93it/s]
 80%|████████  | 40/50 [00:21<00:03,  2.94it/s]
 82%|████████▏ | 41/50 [00:22<00:03,  2.93it/s]
 84%|████████▍ | 42/50 [00:22<00:02,  2.95it/s]
 86%|████████▌ | 43/50 [00:22<00:02,  2.95it/s]
 88%|████████▊ | 44/50 [00:23<00:02,  2.95it/s]
 90%|█████████ | 45/50 [00:23<00:01,  2.95it/s]
 92%|█████████▏| 46/50 [00:23<00:01,  2.95it/s]
 94%|█████████▍| 47/50 [00:24<00:01,  2.94it/s]
 96%|█████████▌| 48/50 [00:24<00:00,  2.95it/s]
 98%|█████████▊| 49/50 [00:24<00:00,  2.95it/s]
100%|██████████| 50/50 [00:33<00:00,  2.70s/it]
100%|██████████| 50/50 [00:33<00:00,  1.51it/s]
[I 2023-12-11 19:41:06,987] Trial 9 finished with value: 0.23726260289449616 and parameters: {'EMBEDDING_DIM': 64, 'HIDDEN_DIM': 2890, 'NUM_LAYERS': 2, 'DROPOUT': 0.2350970040098458, 'LR': 0.006275341215907833, 'WEIGHT_0': 0.13620154396691198, 'WEIGHT_1': 0.13567605451169396, 'WEIGHT_2': 0.9707778711994434, 'WEIGHT_3': 0.8842780313335697, 'WEIGHT_4': 0.05958631265723946, 'WEIGHT_5': 0.7580997550330464, 'WEIGHT_6': 0.9896294749038738, 'WEIGHT_7': 0.027210384647031627, 'WEIGHT_8': 0.3458970520110253}. Best is trial 6 with value: 0.41112214498510424.
{'EMBEDDING_DIM': 64, 'HIDDEN_DIM': 2890, 'NUM_LAYERS': 2, 'DROPOUT': 0.2350970040098458, 'LR': 0.006275341215907833, 'WEIGHT_0': 0.13620154396691198, 'WEIGHT_1': 0.13567605451169396, 'WEIGHT_2': 0.9707778711994434, 'WEIGHT_3': 0.8842780313335697, 'WEIGHT_4': 0.05958631265723946, 'WEIGHT_5': 0.7580997550330464, 'WEIGHT_6': 0.9896294749038738, 'WEIGHT_7': 0.027210384647031627, 'WEIGHT_8': 0.3458970520110253}
0
              precision    recall  f1-score   support

         LOC       0.00      0.00      0.00      1837
        MISC       0.00      0.00      0.00       922
         ORG       0.00      0.00      0.00      1341
         PER       0.00      0.00      0.00      1842

   micro avg       0.00      0.00      0.00      5942
   macro avg       0.00      0.00      0.00      5942
weighted avg       0.00      0.00      0.00      5942

{'EMBEDDING_DIM': 64, 'HIDDEN_DIM': 2890, 'NUM_LAYERS': 2, 'DROPOUT': 0.2350970040098458, 'LR': 0.006275341215907833, 'WEIGHT_0': 0.13620154396691198, 'WEIGHT_1': 0.13567605451169396, 'WEIGHT_2': 0.9707778711994434, 'WEIGHT_3': 0.8842780313335697, 'WEIGHT_4': 0.05958631265723946, 'WEIGHT_5': 0.7580997550330464, 'WEIGHT_6': 0.9896294749038738, 'WEIGHT_7': 0.027210384647031627, 'WEIGHT_8': 0.3458970520110253}
49
              precision    recall  f1-score   support

         LOC       0.71      0.54      0.61      1837
        MISC       0.54      0.37      0.44       922
         ORG       0.09      0.55      0.15      1341
         PER       0.06      0.07      0.06      1842

   micro avg       0.17      0.37      0.24      5942
   macro avg       0.35      0.38      0.32      5942
weighted avg       0.34      0.37      0.31      5942

epoch 49
Transformer

  0%|          | 0/50 [00:00<?, ?it/s]
  2%|▏         | 1/50 [00:08<06:46,  8.29s/it]
  4%|▍         | 2/50 [00:08<02:49,  3.54s/it]
  6%|▌         | 3/50 [00:08<01:34,  2.00s/it]
  8%|▊         | 4/50 [00:08<00:58,  1.28s/it]
 10%|█         | 5/50 [00:09<00:39,  1.13it/s]
 12%|█▏        | 6/50 [00:09<00:28,  1.55it/s]
 14%|█▍        | 7/50 [00:09<00:21,  2.04it/s]
 16%|█▌        | 8/50 [00:09<00:16,  2.57it/s]
 18%|█▊        | 9/50 [00:09<00:13,  3.11it/s]
 20%|██        | 10/50 [00:09<00:11,  3.63it/s]
 22%|██▏       | 11/50 [00:10<00:09,  4.10it/s]
 24%|██▍       | 12/50 [00:10<00:08,  4.50it/s]
 26%|██▌       | 13/50 [00:10<00:07,  4.83it/s]
 28%|██▊       | 14/50 [00:10<00:07,  5.08it/s]
 30%|███       | 15/50 [00:10<00:06,  5.28it/s]
 32%|███▏      | 16/50 [00:10<00:06,  5.43it/s]
 34%|███▍      | 17/50 [00:11<00:05,  5.53it/s]
 36%|███▌      | 18/50 [00:11<00:05,  5.61it/s]
 38%|███▊      | 19/50 [00:11<00:05,  5.66it/s]
 40%|████      | 20/50 [00:11<00:05,  5.70it/s]
 42%|████▏     | 21/50 [00:11<00:05,  5.73it/s]
 44%|████▍     | 22/50 [00:11<00:04,  5.70it/s]
 46%|████▌     | 23/50 [00:12<00:04,  5.73it/s]
 48%|████▊     | 24/50 [00:12<00:04,  5.75it/s]
 50%|█████     | 25/50 [00:12<00:04,  5.76it/s]
 52%|█████▏    | 26/50 [00:12<00:04,  5.72it/s]
 54%|█████▍    | 27/50 [00:12<00:04,  5.74it/s]
 56%|█████▌    | 28/50 [00:13<00:03,  5.76it/s]
 58%|█████▊    | 29/50 [00:13<00:03,  5.77it/s]
 60%|██████    | 30/50 [00:13<00:03,  5.78it/s]
 62%|██████▏   | 31/50 [00:13<00:03,  5.78it/s]
 64%|██████▍   | 32/50 [00:13<00:03,  5.78it/s]
 66%|██████▌   | 33/50 [00:13<00:02,  5.79it/s]
 68%|██████▊   | 34/50 [00:14<00:02,  5.79it/s]
 70%|███████   | 35/50 [00:14<00:02,  5.79it/s]
 72%|███████▏  | 36/50 [00:14<00:02,  5.79it/s]
 74%|███████▍  | 37/50 [00:14<00:02,  5.79it/s]
 76%|███████▌  | 38/50 [00:14<00:02,  5.79it/s]
 78%|███████▊  | 39/50 [00:14<00:01,  5.80it/s]
 80%|████████  | 40/50 [00:15<00:01,  5.80it/s]
 82%|████████▏ | 41/50 [00:15<00:01,  5.80it/s]
 84%|████████▍ | 42/50 [00:15<00:01,  5.80it/s]
 86%|████████▌ | 43/50 [00:15<00:01,  5.79it/s]
 88%|████████▊ | 44/50 [00:15<00:01,  5.79it/s]
 90%|█████████ | 45/50 [00:15<00:00,  5.79it/s]
 92%|█████████▏| 46/50 [00:16<00:00,  5.79it/s]
 94%|█████████▍| 47/50 [00:16<00:00,  5.80it/s]
 96%|█████████▌| 48/50 [00:16<00:00,  5.80it/s]
 98%|█████████▊| 49/50 [00:16<00:00,  5.80it/s]
100%|██████████| 50/50 [00:24<00:00,  2.46s/it]
100%|██████████| 50/50 [00:24<00:00,  2.04it/s]
[I 2023-12-11 19:41:38,946] Trial 10 finished with value: 0.23338357563086498 and parameters: {'EMBEDDING_DIM': 16, 'HIDDEN_DIM': 1401, 'NUM_LAYERS': 2, 'DROPOUT': 0.009483907995616055, 'LR': 0.005010673207789254, 'WEIGHT_0': 0.021186764324980734, 'WEIGHT_1': 0.9262294995912711, 'WEIGHT_2': 0.3613475987357311, 'WEIGHT_3': 0.02508129075409432, 'WEIGHT_4': 0.058557441704215174, 'WEIGHT_5': 0.4499095558296252, 'WEIGHT_6': 0.06507694562000599, 'WEIGHT_7': 0.9896205275608091, 'WEIGHT_8': 0.011996463864008766}. Best is trial 6 with value: 0.41112214498510424.
{'EMBEDDING_DIM': 16, 'HIDDEN_DIM': 1401, 'NUM_LAYERS': 2, 'DROPOUT': 0.009483907995616055, 'LR': 0.005010673207789254, 'WEIGHT_0': 0.021186764324980734, 'WEIGHT_1': 0.9262294995912711, 'WEIGHT_2': 0.3613475987357311, 'WEIGHT_3': 0.02508129075409432, 'WEIGHT_4': 0.058557441704215174, 'WEIGHT_5': 0.4499095558296252, 'WEIGHT_6': 0.06507694562000599, 'WEIGHT_7': 0.9896205275608091, 'WEIGHT_8': 0.011996463864008766}
0
              precision    recall  f1-score   support

         LOC       0.00      0.00      0.00      1837
        MISC       0.00      0.00      0.00       922
         ORG       0.00      0.00      0.00      1341
         PER       0.00      0.00      0.00      1842

   micro avg       0.00      0.00      0.00      5942
   macro avg       0.00      0.00      0.00      5942
weighted avg       0.00      0.00      0.00      5942

{'EMBEDDING_DIM': 16, 'HIDDEN_DIM': 1401, 'NUM_LAYERS': 2, 'DROPOUT': 0.009483907995616055, 'LR': 0.005010673207789254, 'WEIGHT_0': 0.021186764324980734, 'WEIGHT_1': 0.9262294995912711, 'WEIGHT_2': 0.3613475987357311, 'WEIGHT_3': 0.02508129075409432, 'WEIGHT_4': 0.058557441704215174, 'WEIGHT_5': 0.4499095558296252, 'WEIGHT_6': 0.06507694562000599, 'WEIGHT_7': 0.9896205275608091, 'WEIGHT_8': 0.011996463864008766}
49
              precision    recall  f1-score   support

         LOC       0.36      0.57      0.44      1837
        MISC       0.10      0.55      0.17       922
         ORG       0.10      0.34      0.15      1341
         PER       0.20      0.21      0.21      1842

   micro avg       0.16      0.40      0.23      5942
   macro avg       0.19      0.42      0.24      5942
weighted avg       0.21      0.40      0.26      5942

epoch 49
Transformer

  0%|          | 0/50 [00:00<?, ?it/s]
  2%|▏         | 1/50 [00:06<04:55,  6.04s/it]
  4%|▍         | 2/50 [00:06<02:04,  2.58s/it]
  6%|▌         | 3/50 [00:06<01:09,  1.48s/it]
  8%|▊         | 4/50 [00:06<00:43,  1.05it/s]
 10%|█         | 5/50 [00:06<00:30,  1.50it/s]
 12%|█▏        | 6/50 [00:06<00:21,  2.00it/s]
 14%|█▍        | 7/50 [00:07<00:16,  2.59it/s]
 16%|█▌        | 8/50 [00:07<00:13,  3.19it/s]
 18%|█▊        | 9/50 [00:07<00:10,  3.77it/s]
 20%|██        | 10/50 [00:07<00:09,  4.29it/s]
 22%|██▏       | 11/50 [00:07<00:08,  4.80it/s]
 24%|██▍       | 12/50 [00:07<00:07,  5.21it/s]
 26%|██▌       | 13/50 [00:07<00:06,  5.55it/s]
 28%|██▊       | 14/50 [00:08<00:06,  5.81it/s]
 30%|███       | 15/50 [00:08<00:05,  6.00it/s]
 32%|███▏      | 16/50 [00:08<00:05,  6.18it/s]
 34%|███▍      | 17/50 [00:08<00:05,  6.33it/s]
 36%|███▌      | 18/50 [00:08<00:04,  6.43it/s]
 38%|███▊      | 19/50 [00:08<00:04,  6.50it/s]
 40%|████      | 20/50 [00:08<00:04,  6.56it/s]
 42%|████▏     | 21/50 [00:09<00:04,  6.60it/s]
 44%|████▍     | 22/50 [00:09<00:04,  6.63it/s]
 46%|████▌     | 23/50 [00:09<00:04,  6.65it/s]
 48%|████▊     | 24/50 [00:09<00:03,  6.66it/s]
 50%|█████     | 25/50 [00:09<00:03,  6.67it/s]
 52%|█████▏    | 26/50 [00:09<00:03,  6.68it/s]
 54%|█████▍    | 27/50 [00:10<00:03,  6.69it/s]
 56%|█████▌    | 28/50 [00:10<00:03,  6.69it/s]
 58%|█████▊    | 29/50 [00:10<00:03,  6.69it/s]
 60%|██████    | 30/50 [00:10<00:02,  6.70it/s]
 62%|██████▏   | 31/50 [00:10<00:02,  6.70it/s]
 64%|██████▍   | 32/50 [00:10<00:02,  6.70it/s]
 66%|██████▌   | 33/50 [00:10<00:02,  6.70it/s]
 68%|██████▊   | 34/50 [00:11<00:02,  6.70it/s]
 70%|███████   | 35/50 [00:11<00:02,  6.70it/s]
 72%|███████▏  | 36/50 [00:11<00:02,  6.70it/s]
 74%|███████▍  | 37/50 [00:11<00:01,  6.69it/s]
 76%|███████▌  | 38/50 [00:11<00:01,  6.69it/s]
 78%|███████▊  | 39/50 [00:11<00:01,  6.69it/s]
 80%|████████  | 40/50 [00:11<00:01,  6.69it/s]
 82%|████████▏ | 41/50 [00:12<00:01,  6.69it/s]
 84%|████████▍ | 42/50 [00:12<00:01,  6.69it/s]
 86%|████████▌ | 43/50 [00:12<00:01,  6.69it/s]
 88%|████████▊ | 44/50 [00:12<00:00,  6.69it/s]
 90%|█████████ | 45/50 [00:12<00:00,  6.69it/s]
 92%|█████████▏| 46/50 [00:12<00:00,  6.69it/s]
 94%|█████████▍| 47/50 [00:13<00:00,  6.70it/s]
 96%|█████████▌| 48/50 [00:13<00:00,  6.69it/s]
 98%|█████████▊| 49/50 [00:13<00:00,  6.69it/s]
100%|██████████| 50/50 [00:19<00:00,  1.96s/it]
100%|██████████| 50/50 [00:19<00:00,  2.56it/s]
