[I 2023-12-11 21:35:02,040] Trial 203 finished with value: 0.37612442202606144 and parameters: {'EMBEDDING_DIM': 32, 'HIDDEN_DIM': 346, 'NUM_LAYERS': 1, 'DROPOUT': 0.0980727239983804, 'LR': 0.007588824631800911, 'WEIGHT_0': 0.21464709643043434, 'WEIGHT_1': 0.38408719313281614, 'WEIGHT_2': 0.3496126989361144, 'WEIGHT_3': 0.20598806885907933, 'WEIGHT_4': 0.4705520566746495, 'WEIGHT_5': 0.29644960106306983, 'WEIGHT_6': 0.12390701835264055, 'WEIGHT_7': 0.9045565547801493, 'WEIGHT_8': 0.3472950422613326}. Best is trial 42 with value: 0.44962374581939796.
{'EMBEDDING_DIM': 32, 'HIDDEN_DIM': 346, 'NUM_LAYERS': 1, 'DROPOUT': 0.0980727239983804, 'LR': 0.007588824631800911, 'WEIGHT_0': 0.21464709643043434, 'WEIGHT_1': 0.38408719313281614, 'WEIGHT_2': 0.3496126989361144, 'WEIGHT_3': 0.20598806885907933, 'WEIGHT_4': 0.4705520566746495, 'WEIGHT_5': 0.29644960106306983, 'WEIGHT_6': 0.12390701835264055, 'WEIGHT_7': 0.9045565547801493, 'WEIGHT_8': 0.3472950422613326}
0
              precision    recall  f1-score   support

         LOC       0.00      0.00      0.00      1837
        MISC       0.00      0.00      0.00       922
         ORG       0.00      0.00      0.00      1341
         PER       0.00      0.00      0.00      1842

   micro avg       0.00      0.00      0.00      5942
   macro avg       0.00      0.00      0.00      5942
weighted avg       0.00      0.00      0.00      5942

{'EMBEDDING_DIM': 32, 'HIDDEN_DIM': 346, 'NUM_LAYERS': 1, 'DROPOUT': 0.0980727239983804, 'LR': 0.007588824631800911, 'WEIGHT_0': 0.21464709643043434, 'WEIGHT_1': 0.38408719313281614, 'WEIGHT_2': 0.3496126989361144, 'WEIGHT_3': 0.20598806885907933, 'WEIGHT_4': 0.4705520566746495, 'WEIGHT_5': 0.29644960106306983, 'WEIGHT_6': 0.12390701835264055, 'WEIGHT_7': 0.9045565547801493, 'WEIGHT_8': 0.3472950422613326}
49
              precision    recall  f1-score   support

         LOC       0.71      0.56      0.63      1837
        MISC       0.49      0.48      0.49       922
         ORG       0.16      0.30      0.21      1341
         PER       0.31      0.19      0.24      1842

   micro avg       0.38      0.38      0.38      5942
   macro avg       0.42      0.38      0.39      5942
weighted avg       0.43      0.38      0.39      5942

epoch 49
Transformer

  0%|          | 0/50 [00:00<?, ?it/s]
  2%|▏         | 1/50 [00:07<05:53,  7.22s/it]
  4%|▍         | 2/50 [00:07<02:25,  3.04s/it]
  6%|▌         | 3/50 [00:07<01:20,  1.70s/it]
  8%|▊         | 4/50 [00:07<00:49,  1.08s/it]
 10%|█         | 5/50 [00:07<00:32,  1.37it/s]
 12%|█▏        | 6/50 [00:07<00:22,  1.92it/s]
 14%|█▍        | 7/50 [00:07<00:16,  2.58it/s]
 16%|█▌        | 8/50 [00:08<00:12,  3.31it/s]
 18%|█▊        | 9/50 [00:08<00:10,  4.10it/s]
 20%|██        | 10/50 [00:08<00:08,  4.80it/s]
 22%|██▏       | 11/50 [00:08<00:06,  5.61it/s]
 24%|██▍       | 12/50 [00:08<00:05,  6.36it/s]
 26%|██▌       | 13/50 [00:08<00:05,  7.02it/s]
 28%|██▊       | 14/50 [00:08<00:04,  7.56it/s]
 30%|███       | 15/50 [00:08<00:04,  7.99it/s]
 32%|███▏      | 16/50 [00:08<00:04,  8.29it/s]
 34%|███▍      | 17/50 [00:09<00:03,  8.55it/s]
 36%|███▌      | 18/50 [00:09<00:03,  8.73it/s]
 38%|███▊      | 19/50 [00:09<00:03,  8.86it/s]
 40%|████      | 20/50 [00:09<00:03,  8.94it/s]
 42%|████▏     | 21/50 [00:09<00:03,  8.99it/s]
 44%|████▍     | 22/50 [00:09<00:03,  9.04it/s]
 46%|████▌     | 23/50 [00:09<00:02,  9.08it/s]
 48%|████▊     | 24/50 [00:09<00:02,  9.12it/s]
 50%|█████     | 25/50 [00:09<00:02,  9.13it/s]
 52%|█████▏    | 26/50 [00:10<00:02,  9.14it/s]
 54%|█████▍    | 27/50 [00:10<00:02,  9.15it/s]
 56%|█████▌    | 28/50 [00:10<00:02,  9.16it/s]
 58%|█████▊    | 29/50 [00:10<00:02,  9.17it/s]
 60%|██████    | 30/50 [00:10<00:02,  9.16it/s]
 62%|██████▏   | 31/50 [00:10<00:02,  9.17it/s]
 64%|██████▍   | 32/50 [00:10<00:01,  9.16it/s]
 66%|██████▌   | 33/50 [00:10<00:01,  9.15it/s]
 68%|██████▊   | 34/50 [00:10<00:01,  9.17it/s]
 70%|███████   | 35/50 [00:10<00:01,  9.13it/s]
 72%|███████▏  | 36/50 [00:11<00:01,  9.15it/s]
 74%|███████▍  | 37/50 [00:11<00:01,  9.16it/s]
 76%|███████▌  | 38/50 [00:11<00:01,  9.17it/s]
 78%|███████▊  | 39/50 [00:11<00:01,  9.14it/s]
 80%|████████  | 40/50 [00:11<00:01,  9.16it/s]
 82%|████████▏ | 41/50 [00:11<00:00,  9.16it/s]
 84%|████████▍ | 42/50 [00:11<00:00,  9.15it/s]
 86%|████████▌ | 43/50 [00:11<00:00,  9.16it/s]
 88%|████████▊ | 44/50 [00:11<00:00,  9.13it/s]
 90%|█████████ | 45/50 [00:12<00:00,  9.15it/s]
 92%|█████████▏| 46/50 [00:12<00:00,  9.15it/s]
 94%|█████████▍| 47/50 [00:12<00:00,  9.16it/s]
 96%|█████████▌| 48/50 [00:12<00:00,  9.15it/s]
 98%|█████████▊| 49/50 [00:12<00:00,  9.14it/s]
100%|██████████| 50/50 [00:19<00:00,  2.25s/it]
100%|██████████| 50/50 [00:19<00:00,  2.53it/s]
[I 2023-12-11 21:35:28,571] Trial 204 finished with value: 0.4254215304798962 and parameters: {'EMBEDDING_DIM': 32, 'HIDDEN_DIM': 234, 'NUM_LAYERS': 1, 'DROPOUT': 0.1261415317525495, 'LR': 0.008330452927675674, 'WEIGHT_0': 0.9004766789717854, 'WEIGHT_1': 0.17143147285497595, 'WEIGHT_2': 0.337974747088104, 'WEIGHT_3': 0.4683054929253145, 'WEIGHT_4': 0.8098087873895837, 'WEIGHT_5': 0.31234814034614705, 'WEIGHT_6': 0.1785628918712747, 'WEIGHT_7': 0.8444767049789246, 'WEIGHT_8': 0.3193309703127071}. Best is trial 42 with value: 0.44962374581939796.
{'EMBEDDING_DIM': 32, 'HIDDEN_DIM': 234, 'NUM_LAYERS': 1, 'DROPOUT': 0.1261415317525495, 'LR': 0.008330452927675674, 'WEIGHT_0': 0.9004766789717854, 'WEIGHT_1': 0.17143147285497595, 'WEIGHT_2': 0.337974747088104, 'WEIGHT_3': 0.4683054929253145, 'WEIGHT_4': 0.8098087873895837, 'WEIGHT_5': 0.31234814034614705, 'WEIGHT_6': 0.1785628918712747, 'WEIGHT_7': 0.8444767049789246, 'WEIGHT_8': 0.3193309703127071}
0
              precision    recall  f1-score   support

         LOC       0.00      0.00      0.00      1837
        MISC       0.00      0.00      0.00       922
         ORG       0.00      0.00      0.00      1341
         PER       0.00      0.00      0.00      1842

   micro avg       0.00      0.00      0.00      5942
   macro avg       0.00      0.00      0.00      5942
weighted avg       0.00      0.00      0.00      5942

{'EMBEDDING_DIM': 32, 'HIDDEN_DIM': 234, 'NUM_LAYERS': 1, 'DROPOUT': 0.1261415317525495, 'LR': 0.008330452927675674, 'WEIGHT_0': 0.9004766789717854, 'WEIGHT_1': 0.17143147285497595, 'WEIGHT_2': 0.337974747088104, 'WEIGHT_3': 0.4683054929253145, 'WEIGHT_4': 0.8098087873895837, 'WEIGHT_5': 0.31234814034614705, 'WEIGHT_6': 0.1785628918712747, 'WEIGHT_7': 0.8444767049789246, 'WEIGHT_8': 0.3193309703127071}
49
              precision    recall  f1-score   support

         LOC       0.78      0.57      0.66      1837
        MISC       0.63      0.48      0.55       922
         ORG       0.36      0.22      0.27      1341
         PER       0.29      0.19      0.23      1842

   micro avg       0.52      0.36      0.43      5942
   macro avg       0.51      0.36      0.43      5942
weighted avg       0.51      0.36      0.42      5942

epoch 49
Transformer

  0%|          | 0/50 [00:00<?, ?it/s]
  2%|▏         | 1/50 [00:07<05:57,  7.29s/it]
  4%|▍         | 2/50 [00:07<02:27,  3.08s/it]
  6%|▌         | 3/50 [00:07<01:21,  1.72s/it]
  8%|▊         | 4/50 [00:07<00:49,  1.09s/it]
 10%|█         | 5/50 [00:07<00:33,  1.36it/s]
 12%|█▏        | 6/50 [00:07<00:22,  1.92it/s]
 14%|█▍        | 7/50 [00:07<00:16,  2.56it/s]
 16%|█▌        | 8/50 [00:08<00:13,  3.21it/s]
 18%|█▊        | 9/50 [00:08<00:10,  4.06it/s]
 20%|██        | 10/50 [00:08<00:08,  4.93it/s]
 22%|██▏       | 11/50 [00:08<00:06,  5.79it/s]
 24%|██▍       | 12/50 [00:08<00:05,  6.47it/s]
 26%|██▌       | 13/50 [00:08<00:05,  7.03it/s]
 28%|██▊       | 14/50 [00:08<00:04,  7.47it/s]
 30%|███       | 15/50 [00:08<00:04,  7.81it/s]
 32%|███▏      | 16/50 [00:09<00:04,  8.12it/s]
 36%|███▌      | 18/50 [00:09<00:03,  9.13it/s]
 40%|████      | 20/50 [00:09<00:03,  9.99it/s]
 44%|████▍     | 22/50 [00:09<00:02, 10.50it/s]
 48%|████▊     | 24/50 [00:09<00:02, 10.64it/s]
 52%|█████▏    | 26/50 [00:09<00:02, 10.92it/s]
 56%|█████▌    | 28/50 [00:10<00:01, 11.10it/s]
 60%|██████    | 30/50 [00:10<00:01, 11.23it/s]
 64%|██████▍   | 32/50 [00:10<00:01, 11.32it/s]
 68%|██████▊   | 34/50 [00:10<00:01, 11.37it/s]
 72%|███████▏  | 36/50 [00:10<00:01, 11.40it/s]
 76%|███████▌  | 38/50 [00:10<00:01, 11.45it/s]
 80%|████████  | 40/50 [00:11<00:00, 11.50it/s]
 84%|████████▍ | 42/50 [00:11<00:00, 11.51it/s]
 88%|████████▊ | 44/50 [00:11<00:00, 11.51it/s]
 92%|█████████▏| 46/50 [00:11<00:00, 11.52it/s]
 96%|█████████▌| 48/50 [00:11<00:00, 11.53it/s]
100%|██████████| 50/50 [00:17<00:00,  1.06it/s]
100%|██████████| 50/50 [00:17<00:00,  2.83it/s]
[I 2023-12-11 21:35:51,579] Trial 205 finished with value: 0.4484073806824038 and parameters: {'EMBEDDING_DIM': 32, 'HIDDEN_DIM': 522, 'NUM_LAYERS': 1, 'DROPOUT': 0.26161325549296643, 'LR': 0.0073267095588338185, 'WEIGHT_0': 0.8292295717928663, 'WEIGHT_1': 0.10515026469475026, 'WEIGHT_2': 0.5321020720015569, 'WEIGHT_3': 0.2961403029519359, 'WEIGHT_4': 0.7489857764208662, 'WEIGHT_5': 0.3632489805460307, 'WEIGHT_6': 0.09686928360985768, 'WEIGHT_7': 0.9283906722291054, 'WEIGHT_8': 0.8329221626022002}. Best is trial 42 with value: 0.44962374581939796.
{'EMBEDDING_DIM': 32, 'HIDDEN_DIM': 522, 'NUM_LAYERS': 1, 'DROPOUT': 0.26161325549296643, 'LR': 0.0073267095588338185, 'WEIGHT_0': 0.8292295717928663, 'WEIGHT_1': 0.10515026469475026, 'WEIGHT_2': 0.5321020720015569, 'WEIGHT_3': 0.2961403029519359, 'WEIGHT_4': 0.7489857764208662, 'WEIGHT_5': 0.3632489805460307, 'WEIGHT_6': 0.09686928360985768, 'WEIGHT_7': 0.9283906722291054, 'WEIGHT_8': 0.8329221626022002}
0
              precision    recall  f1-score   support

         LOC       0.00      0.00      0.00      1837
        MISC       0.00      0.00      0.00       922
         ORG       0.00      0.00      0.00      1341
         PER       0.00      0.00      0.00      1842

   micro avg       0.00      0.00      0.00      5942
   macro avg       0.00      0.00      0.00      5942
weighted avg       0.00      0.00      0.00      5942

{'EMBEDDING_DIM': 32, 'HIDDEN_DIM': 522, 'NUM_LAYERS': 1, 'DROPOUT': 0.26161325549296643, 'LR': 0.0073267095588338185, 'WEIGHT_0': 0.8292295717928663, 'WEIGHT_1': 0.10515026469475026, 'WEIGHT_2': 0.5321020720015569, 'WEIGHT_3': 0.2961403029519359, 'WEIGHT_4': 0.7489857764208662, 'WEIGHT_5': 0.3632489805460307, 'WEIGHT_6': 0.09686928360985768, 'WEIGHT_7': 0.9283906722291054, 'WEIGHT_8': 0.8329221626022002}
49
              precision    recall  f1-score   support

         LOC       0.76      0.59      0.66      1837
        MISC       0.61      0.51      0.56       922
         ORG       0.43      0.20      0.28      1341
         PER       0.37      0.18      0.25      1842

   micro avg       0.58      0.37      0.45      5942
   macro avg       0.54      0.37      0.44      5942
weighted avg       0.54      0.37      0.43      5942

epoch 49
Transformer

  0%|          | 0/50 [00:00<?, ?it/s]
  2%|▏         | 1/50 [00:06<04:55,  6.03s/it]
  6%|▌         | 3/50 [00:06<01:16,  1.63s/it]
 10%|█         | 5/50 [00:06<00:37,  1.19it/s]
 14%|█▍        | 7/50 [00:06<00:22,  1.92it/s]
 16%|█▌        | 8/50 [00:06<00:17,  2.36it/s]
 20%|██        | 10/50 [00:06<00:11,  3.46it/s]
 24%|██▍       | 12/50 [00:07<00:08,  4.58it/s]
 28%|██▊       | 14/50 [00:07<00:06,  5.23it/s]
 30%|███       | 15/50 [00:07<00:06,  5.14it/s]
 32%|███▏      | 16/50 [00:07<00:06,  5.32it/s]
 34%|███▍      | 17/50 [00:07<00:05,  5.64it/s]
 36%|███▌      | 18/50 [00:07<00:05,  5.92it/s]
 38%|███▊      | 19/50 [00:08<00:05,  6.16it/s]
 40%|████      | 20/50 [00:08<00:04,  6.35it/s]
 42%|████▏     | 21/50 [00:08<00:04,  6.52it/s]
 44%|████▍     | 22/50 [00:08<00:03,  7.07it/s]
 46%|████▌     | 23/50 [00:08<00:03,  7.57it/s]
 48%|████▊     | 24/50 [00:08<00:03,  7.97it/s]
 50%|█████     | 25/50 [00:08<00:03,  8.29it/s]
 52%|█████▏    | 26/50 [00:08<00:02,  8.54it/s]
 54%|█████▍    | 27/50 [00:09<00:02,  8.71it/s]
 56%|█████▌    | 28/50 [00:09<00:02,  8.83it/s]
 58%|█████▊    | 29/50 [00:09<00:02,  8.93it/s]
 60%|██████    | 30/50 [00:09<00:02,  9.01it/s]
 62%|██████▏   | 31/50 [00:09<00:02,  9.07it/s]
 64%|██████▍   | 32/50 [00:09<00:01,  9.09it/s]
 66%|██████▌   | 33/50 [00:09<00:01,  9.10it/s]
 68%|██████▊   | 34/50 [00:09<00:01,  9.12it/s]
 70%|███████   | 35/50 [00:09<00:01,  9.14it/s]
 72%|███████▏  | 36/50 [00:10<00:01,  9.14it/s]
 74%|███████▍  | 37/50 [00:10<00:01,  9.13it/s]
 76%|███████▌  | 38/50 [00:10<00:01,  9.12it/s]
 78%|███████▊  | 39/50 [00:10<00:01,  9.14it/s]
 80%|████████  | 40/50 [00:10<00:01,  9.15it/s]
 82%|████████▏ | 41/50 [00:10<00:00,  9.15it/s]
 84%|████████▍ | 42/50 [00:10<00:00,  9.14it/s]
 86%|████████▌ | 43/50 [00:10<00:00,  9.15it/s]
 88%|████████▊ | 44/50 [00:10<00:00,  9.17it/s]
 90%|█████████ | 45/50 [00:11<00:00,  9.16it/s]
 92%|█████████▏| 46/50 [00:11<00:00,  9.15it/s]
 94%|█████████▍| 47/50 [00:11<00:00,  9.14it/s]
 96%|█████████▌| 48/50 [00:11<00:00,  9.13it/s]
 98%|█████████▊| 49/50 [00:11<00:00,  9.14it/s]
100%|██████████| 50/50 [00:18<00:00,  2.25s/it]
100%|██████████| 50/50 [00:18<00:00,  2.67it/s]
[I 2023-12-11 21:36:17,289] Trial 206 finished with value: 0.43448478324689305 and parameters: {'EMBEDDING_DIM': 32, 'HIDDEN_DIM': 500, 'NUM_LAYERS': 1, 'DROPOUT': 0.24192800103403161, 'LR': 0.007326797195905664, 'WEIGHT_0': 0.5136879833510153, 'WEIGHT_1': 0.10980463281736419, 'WEIGHT_2': 0.50596096144319, 'WEIGHT_3': 0.284728431352758, 'WEIGHT_4': 0.7497659978191847, 'WEIGHT_5': 0.3799162313171527, 'WEIGHT_6': 0.09473393350578795, 'WEIGHT_7': 0.9257490641764339, 'WEIGHT_8': 0.8919346049871406}. Best is trial 42 with value: 0.44962374581939796.
{'EMBEDDING_DIM': 32, 'HIDDEN_DIM': 500, 'NUM_LAYERS': 1, 'DROPOUT': 0.24192800103403161, 'LR': 0.007326797195905664, 'WEIGHT_0': 0.5136879833510153, 'WEIGHT_1': 0.10980463281736419, 'WEIGHT_2': 0.50596096144319, 'WEIGHT_3': 0.284728431352758, 'WEIGHT_4': 0.7497659978191847, 'WEIGHT_5': 0.3799162313171527, 'WEIGHT_6': 0.09473393350578795, 'WEIGHT_7': 0.9257490641764339, 'WEIGHT_8': 0.8919346049871406}
0
              precision    recall  f1-score   support

         LOC       0.00      0.00      0.00      1837
        MISC       0.00      0.00      0.00       922
         ORG       0.00      0.00      0.00      1341
         PER       0.00      0.00      0.00      1842

   micro avg       0.00      0.00      0.00      5942
   macro avg       0.00      0.00      0.00      5942
weighted avg       0.00      0.00      0.00      5942

{'EMBEDDING_DIM': 32, 'HIDDEN_DIM': 500, 'NUM_LAYERS': 1, 'DROPOUT': 0.24192800103403161, 'LR': 0.007326797195905664, 'WEIGHT_0': 0.5136879833510153, 'WEIGHT_1': 0.10980463281736419, 'WEIGHT_2': 0.50596096144319, 'WEIGHT_3': 0.284728431352758, 'WEIGHT_4': 0.7497659978191847, 'WEIGHT_5': 0.3799162313171527, 'WEIGHT_6': 0.09473393350578795, 'WEIGHT_7': 0.9257490641764339, 'WEIGHT_8': 0.8919346049871406}
49
              precision    recall  f1-score   support

         LOC       0.78      0.59      0.67      1837
        MISC       0.62      0.50      0.55       922
         ORG       0.46      0.21      0.29      1341
         PER       0.26      0.22      0.24      1842

   micro avg       0.52      0.37      0.43      5942
   macro avg       0.53      0.38      0.44      5942
weighted avg       0.52      0.37      0.43      5942

epoch 49
Transformer

  0%|          | 0/50 [00:00<?, ?it/s]
  2%|▏         | 1/50 [00:09<07:54,  9.69s/it]
  4%|▍         | 2/50 [00:11<04:16,  5.34s/it]
  6%|▌         | 3/50 [00:14<03:07,  3.98s/it]
  8%|▊         | 4/50 [00:16<02:33,  3.34s/it]
 10%|█         | 5/50 [00:19<02:14,  2.99s/it]
 12%|█▏        | 6/50 [00:21<02:02,  2.78s/it]
 14%|█▍        | 7/50 [00:23<01:53,  2.65s/it]
 16%|█▌        | 8/50 [00:26<01:47,  2.57s/it]
 18%|█▊        | 9/50 [00:28<01:42,  2.51s/it]
 20%|██        | 10/50 [00:31<01:38,  2.47s/it]
 22%|██▏       | 11/50 [00:33<01:35,  2.45s/it]
 24%|██▍       | 12/50 [00:35<01:32,  2.43s/it]
 26%|██▌       | 13/50 [00:38<01:29,  2.42s/it]
 28%|██▊       | 14/50 [00:40<01:26,  2.41s/it]
 30%|███       | 15/50 [00:42<01:24,  2.41s/it]
 32%|███▏      | 16/50 [00:45<01:21,  2.41s/it]
 34%|███▍      | 17/50 [00:47<01:19,  2.41s/it]
 36%|███▌      | 18/50 [00:50<01:17,  2.41s/it]
 38%|███▊      | 19/50 [00:52<01:14,  2.41s/it]
 40%|████      | 20/50 [00:55<01:12,  2.41s/it]
 42%|████▏     | 21/50 [00:57<01:09,  2.41s/it]
 44%|████▍     | 22/50 [00:59<01:07,  2.42s/it]
 46%|████▌     | 23/50 [01:02<01:05,  2.42s/it]
 48%|████▊     | 24/50 [01:04<01:03,  2.42s/it]
 50%|█████     | 25/50 [01:07<01:00,  2.43s/it]
 52%|█████▏    | 26/50 [01:09<00:58,  2.43s/it]
 54%|█████▍    | 27/50 [01:12<00:56,  2.44s/it]
 56%|█████▌    | 28/50 [01:14<00:53,  2.45s/it]
 58%|█████▊    | 29/50 [01:17<00:51,  2.46s/it]
 60%|██████    | 30/50 [01:19<00:49,  2.46s/it]
 62%|██████▏   | 31/50 [01:21<00:46,  2.47s/it]
 64%|██████▍   | 32/50 [01:24<00:44,  2.47s/it]
 66%|██████▌   | 33/50 [01:26<00:42,  2.47s/it]
 68%|██████▊   | 34/50 [01:29<00:39,  2.47s/it]
 70%|███████   | 35/50 [01:31<00:37,  2.48s/it]
 72%|███████▏  | 36/50 [01:34<00:34,  2.48s/it]
 74%|███████▍  | 37/50 [01:36<00:32,  2.48s/it]
 76%|███████▌  | 38/50 [01:39<00:29,  2.48s/it]
 78%|███████▊  | 39/50 [01:41<00:27,  2.48s/it]
 80%|████████  | 40/50 [01:44<00:24,  2.47s/it]
 82%|████████▏ | 41/50 [01:46<00:22,  2.47s/it]
 84%|████████▍ | 42/50 [01:49<00:19,  2.47s/it]
 86%|████████▌ | 43/50 [01:51<00:17,  2.47s/it]
 88%|████████▊ | 44/50 [01:54<00:14,  2.47s/it]
 90%|█████████ | 45/50 [01:56<00:12,  2.47s/it]
 92%|█████████▏| 46/50 [01:59<00:09,  2.47s/it]
 94%|█████████▍| 47/50 [02:01<00:07,  2.46s/it]
 96%|█████████▌| 48/50 [02:03<00:04,  2.42s/it]
 98%|█████████▊| 49/50 [02:06<00:02,  2.40s/it]
100%|██████████| 50/50 [02:16<00:00,  4.62s/it]
100%|██████████| 50/50 [02:16<00:00,  2.72s/it]
