[I 2023-12-11 23:18:07,315] Trial 395 finished with value: 0.18055599987203688 and parameters: {'EMBEDDING_DIM': 32, 'HIDDEN_DIM': 748, 'NUM_LAYERS': 1, 'DROPOUT': 0.2882937379619093, 'LR': 0.006354541320823579, 'WEIGHT_0': 0.0002673977961753504, 'WEIGHT_1': 0.4799268949766725, 'WEIGHT_2': 0.5460672825825332, 'WEIGHT_3': 0.168500276898104, 'WEIGHT_4': 0.7392732219308418, 'WEIGHT_5': 0.5595359028171533, 'WEIGHT_6': 0.029509868711636855, 'WEIGHT_7': 0.6939561831489589, 'WEIGHT_8': 0.7626846242486128}. Best is trial 282 with value: 0.45463128081401455.
{'EMBEDDING_DIM': 32, 'HIDDEN_DIM': 748, 'NUM_LAYERS': 1, 'DROPOUT': 0.2882937379619093, 'LR': 0.006354541320823579, 'WEIGHT_0': 0.0002673977961753504, 'WEIGHT_1': 0.4799268949766725, 'WEIGHT_2': 0.5460672825825332, 'WEIGHT_3': 0.168500276898104, 'WEIGHT_4': 0.7392732219308418, 'WEIGHT_5': 0.5595359028171533, 'WEIGHT_6': 0.029509868711636855, 'WEIGHT_7': 0.6939561831489589, 'WEIGHT_8': 0.7626846242486128}
0
              precision    recall  f1-score   support

         LOC       0.03      0.87      0.06      1837
        MISC       0.00      0.00      0.00       922
         ORG       0.00      0.00      0.00      1341
         PER       0.00      0.00      0.00      1842

   micro avg       0.03      0.27      0.06      5942
   macro avg       0.01      0.22      0.02      5942
weighted avg       0.01      0.27      0.02      5942

{'EMBEDDING_DIM': 32, 'HIDDEN_DIM': 748, 'NUM_LAYERS': 1, 'DROPOUT': 0.2882937379619093, 'LR': 0.006354541320823579, 'WEIGHT_0': 0.0002673977961753504, 'WEIGHT_1': 0.4799268949766725, 'WEIGHT_2': 0.5460672825825332, 'WEIGHT_3': 0.168500276898104, 'WEIGHT_4': 0.7392732219308418, 'WEIGHT_5': 0.5595359028171533, 'WEIGHT_6': 0.029509868711636855, 'WEIGHT_7': 0.6939561831489589, 'WEIGHT_8': 0.7626846242486128}
49
              precision    recall  f1-score   support

         LOC       0.18      0.63      0.28      1837
        MISC       0.12      0.51      0.20       922
         ORG       0.06      0.32      0.10      1341
         PER       0.10      0.42      0.16      1842

   micro avg       0.11      0.47      0.18      5942
   macro avg       0.11      0.47      0.18      5942
weighted avg       0.12      0.47      0.19      5942

epoch 49
Transformer

  0%|          | 0/50 [00:00<?, ?it/s]
  2%|▏         | 1/50 [00:05<04:46,  5.84s/it]
  6%|▌         | 3/50 [00:06<01:14,  1.58s/it]
 10%|█         | 5/50 [00:06<00:36,  1.23it/s]
 14%|█▍        | 7/50 [00:06<00:21,  1.97it/s]
 16%|█▌        | 8/50 [00:06<00:17,  2.40it/s]
 18%|█▊        | 9/50 [00:06<00:14,  2.92it/s]
 20%|██        | 10/50 [00:06<00:11,  3.57it/s]
 22%|██▏       | 11/50 [00:06<00:09,  4.31it/s]
 24%|██▍       | 12/50 [00:06<00:07,  5.08it/s]
 26%|██▌       | 13/50 [00:07<00:06,  5.84it/s]
 28%|██▊       | 14/50 [00:07<00:05,  6.46it/s]
 30%|███       | 15/50 [00:07<00:04,  7.11it/s]
 32%|███▏      | 16/50 [00:07<00:04,  7.55it/s]
 36%|███▌      | 18/50 [00:07<00:03,  8.76it/s]
 38%|███▊      | 19/50 [00:07<00:03,  8.97it/s]
 42%|████▏     | 21/50 [00:07<00:03,  9.24it/s]
 44%|████▍     | 22/50 [00:07<00:03,  9.04it/s]
 46%|████▌     | 23/50 [00:08<00:03,  8.65it/s]
 50%|█████     | 25/50 [00:08<00:02,  9.66it/s]
 54%|█████▍    | 27/50 [00:08<00:02, 10.26it/s]
 58%|█████▊    | 29/50 [00:08<00:01, 10.62it/s]
 62%|██████▏   | 31/50 [00:08<00:01, 10.90it/s]
 66%|██████▌   | 33/50 [00:08<00:01, 11.06it/s]
 70%|███████   | 35/50 [00:09<00:01, 11.17it/s]
 74%|███████▍  | 37/50 [00:09<00:01, 11.25it/s]
 78%|███████▊  | 39/50 [00:09<00:00, 11.33it/s]
 82%|████████▏ | 41/50 [00:09<00:00, 11.35it/s]
 86%|████████▌ | 43/50 [00:09<00:00, 11.38it/s]
 90%|█████████ | 45/50 [00:10<00:00, 11.42it/s]
 94%|█████████▍| 47/50 [00:10<00:00, 11.43it/s]
 98%|█████████▊| 49/50 [00:10<00:00, 11.43it/s]
100%|██████████| 50/50 [00:16<00:00,  3.09it/s]
[I 2023-12-11 23:18:29,048] Trial 396 finished with value: 0.4364345861573219 and parameters: {'EMBEDDING_DIM': 32, 'HIDDEN_DIM': 516, 'NUM_LAYERS': 1, 'DROPOUT': 0.24562105333545897, 'LR': 0.006741637986226398, 'WEIGHT_0': 0.6012268665038863, 'WEIGHT_1': 0.17662490655659974, 'WEIGHT_2': 0.25558247072642437, 'WEIGHT_3': 0.20504892477506362, 'WEIGHT_4': 0.7898453831649761, 'WEIGHT_5': 0.46208421354347323, 'WEIGHT_6': 0.6970894125706093, 'WEIGHT_7': 0.5751605603180753, 'WEIGHT_8': 0.8331887107871615}. Best is trial 282 with value: 0.45463128081401455.
{'EMBEDDING_DIM': 32, 'HIDDEN_DIM': 516, 'NUM_LAYERS': 1, 'DROPOUT': 0.24562105333545897, 'LR': 0.006741637986226398, 'WEIGHT_0': 0.6012268665038863, 'WEIGHT_1': 0.17662490655659974, 'WEIGHT_2': 0.25558247072642437, 'WEIGHT_3': 0.20504892477506362, 'WEIGHT_4': 0.7898453831649761, 'WEIGHT_5': 0.46208421354347323, 'WEIGHT_6': 0.6970894125706093, 'WEIGHT_7': 0.5751605603180753, 'WEIGHT_8': 0.8331887107871615}
0
              precision    recall  f1-score   support

         LOC       0.00      0.00      0.00      1837
        MISC       0.00      0.00      0.00       922
         ORG       0.00      0.00      0.00      1341
         PER       0.00      0.00      0.00      1842

   micro avg       0.00      0.00      0.00      5942
   macro avg       0.00      0.00      0.00      5942
weighted avg       0.00      0.00      0.00      5942

{'EMBEDDING_DIM': 32, 'HIDDEN_DIM': 516, 'NUM_LAYERS': 1, 'DROPOUT': 0.24562105333545897, 'LR': 0.006741637986226398, 'WEIGHT_0': 0.6012268665038863, 'WEIGHT_1': 0.17662490655659974, 'WEIGHT_2': 0.25558247072642437, 'WEIGHT_3': 0.20504892477506362, 'WEIGHT_4': 0.7898453831649761, 'WEIGHT_5': 0.46208421354347323, 'WEIGHT_6': 0.6970894125706093, 'WEIGHT_7': 0.5751605603180753, 'WEIGHT_8': 0.8331887107871615}
49
              precision    recall  f1-score   support

         LOC       0.76      0.56      0.65      1837
        MISC       0.63      0.49      0.55       922
         ORG       0.40      0.22      0.28      1341
         PER       0.35      0.19      0.24      1842

   micro avg       0.56      0.36      0.44      5942
   macro avg       0.54      0.36      0.43      5942
weighted avg       0.53      0.36      0.43      5942

epoch 49
Transformer

  0%|          | 0/50 [00:00<?, ?it/s]
  2%|▏         | 1/50 [00:05<04:45,  5.83s/it]
  6%|▌         | 3/50 [00:06<01:14,  1.58s/it]
 10%|█         | 5/50 [00:06<00:36,  1.22it/s]
 14%|█▍        | 7/50 [00:06<00:21,  1.96it/s]
 18%|█▊        | 9/50 [00:06<00:14,  2.84it/s]
 20%|██        | 10/50 [00:06<00:12,  3.33it/s]
 22%|██▏       | 11/50 [00:06<00:09,  3.92it/s]
 26%|██▌       | 13/50 [00:06<00:06,  5.32it/s]
 30%|███       | 15/50 [00:07<00:05,  6.60it/s]
 34%|███▍      | 17/50 [00:07<00:04,  7.70it/s]
 38%|███▊      | 19/50 [00:07<00:03,  8.63it/s]
 42%|████▏     | 21/50 [00:07<00:03,  9.34it/s]
 46%|████▌     | 23/50 [00:07<00:02,  9.88it/s]
 50%|█████     | 25/50 [00:08<00:02, 10.31it/s]
 54%|█████▍    | 27/50 [00:08<00:02, 10.61it/s]
 58%|█████▊    | 29/50 [00:08<00:01, 10.85it/s]
 62%|██████▏   | 31/50 [00:08<00:01, 11.03it/s]
 66%|██████▌   | 33/50 [00:08<00:01, 11.14it/s]
 70%|███████   | 35/50 [00:08<00:01, 11.22it/s]
 74%|███████▍  | 37/50 [00:09<00:01, 11.27it/s]
 78%|███████▊  | 39/50 [00:09<00:00, 11.31it/s]
 82%|████████▏ | 41/50 [00:09<00:00, 11.35it/s]
 86%|████████▌ | 43/50 [00:09<00:00, 11.37it/s]
 90%|█████████ | 45/50 [00:09<00:00, 11.39it/s]
 94%|█████████▍| 47/50 [00:09<00:00, 11.20it/s]
 98%|█████████▊| 49/50 [00:10<00:00, 10.08it/s]
100%|██████████| 50/50 [00:16<00:00,  3.12it/s]
[I 2023-12-11 23:18:50,500] Trial 397 finished with value: 0.4327970939283861 and parameters: {'EMBEDDING_DIM': 32, 'HIDDEN_DIM': 844, 'NUM_LAYERS': 1, 'DROPOUT': 0.2707257972595253, 'LR': 0.005940437119019157, 'WEIGHT_0': 0.8038459715999882, 'WEIGHT_1': 0.3925350671183974, 'WEIGHT_2': 0.08770550541064137, 'WEIGHT_3': 0.24663707444873773, 'WEIGHT_4': 0.3044721158679286, 'WEIGHT_5': 0.34832641611368115, 'WEIGHT_6': 0.14538950278822527, 'WEIGHT_7': 0.6011712475271681, 'WEIGHT_8': 0.9260827498521159}. Best is trial 282 with value: 0.45463128081401455.
{'EMBEDDING_DIM': 32, 'HIDDEN_DIM': 844, 'NUM_LAYERS': 1, 'DROPOUT': 0.2707257972595253, 'LR': 0.005940437119019157, 'WEIGHT_0': 0.8038459715999882, 'WEIGHT_1': 0.3925350671183974, 'WEIGHT_2': 0.08770550541064137, 'WEIGHT_3': 0.24663707444873773, 'WEIGHT_4': 0.3044721158679286, 'WEIGHT_5': 0.34832641611368115, 'WEIGHT_6': 0.14538950278822527, 'WEIGHT_7': 0.6011712475271681, 'WEIGHT_8': 0.9260827498521159}
0
              precision    recall  f1-score   support

         LOC       0.00      0.00      0.00      1837
        MISC       0.00      0.00      0.00       922
         ORG       0.00      0.00      0.00      1341
         PER       0.00      0.00      0.00      1842

   micro avg       0.00      0.00      0.00      5942
   macro avg       0.00      0.00      0.00      5942
weighted avg       0.00      0.00      0.00      5942

{'EMBEDDING_DIM': 32, 'HIDDEN_DIM': 844, 'NUM_LAYERS': 1, 'DROPOUT': 0.2707257972595253, 'LR': 0.005940437119019157, 'WEIGHT_0': 0.8038459715999882, 'WEIGHT_1': 0.3925350671183974, 'WEIGHT_2': 0.08770550541064137, 'WEIGHT_3': 0.24663707444873773, 'WEIGHT_4': 0.3044721158679286, 'WEIGHT_5': 0.34832641611368115, 'WEIGHT_6': 0.14538950278822527, 'WEIGHT_7': 0.6011712475271681, 'WEIGHT_8': 0.9260827498521159}
49
              precision    recall  f1-score   support

         LOC       0.78      0.58      0.66      1837
        MISC       0.62      0.43      0.51       922
         ORG       0.37      0.22      0.28      1341
         PER       0.37      0.18      0.24      1842

   micro avg       0.56      0.35      0.43      5942
   macro avg       0.54      0.35      0.42      5942
weighted avg       0.54      0.35      0.42      5942

epoch 49
Transformer

  0%|          | 0/50 [00:00<?, ?it/s]
  2%|▏         | 1/50 [00:05<04:45,  5.84s/it]
  6%|▌         | 3/50 [00:06<01:14,  1.58s/it]
 10%|█         | 5/50 [00:06<00:36,  1.23it/s]
 14%|█▍        | 7/50 [00:06<00:21,  1.97it/s]
 16%|█▌        | 8/50 [00:06<00:17,  2.41it/s]
 20%|██        | 10/50 [00:06<00:11,  3.52it/s]
 24%|██▍       | 12/50 [00:06<00:08,  4.67it/s]
 28%|██▊       | 14/50 [00:07<00:06,  5.88it/s]
 32%|███▏      | 16/50 [00:07<00:04,  7.04it/s]
 36%|███▌      | 18/50 [00:07<00:03,  8.08it/s]
 40%|████      | 20/50 [00:07<00:03,  8.94it/s]
 44%|████▍     | 22/50 [00:07<00:02,  9.66it/s]
 48%|████▊     | 24/50 [00:07<00:02, 10.21it/s]
 52%|█████▏    | 26/50 [00:08<00:02, 10.63it/s]
 56%|█████▌    | 28/50 [00:08<00:02, 10.92it/s]
 60%|██████    | 30/50 [00:08<00:01, 10.16it/s]
 64%|██████▍   | 32/50 [00:08<00:01,  9.71it/s]
 68%|██████▊   | 34/50 [00:08<00:01,  9.43it/s]
 70%|███████   | 35/50 [00:09<00:01,  9.31it/s]
 72%|███████▏  | 36/50 [00:09<00:01,  9.20it/s]
 74%|███████▍  | 37/50 [00:09<00:01,  9.35it/s]
 78%|███████▊  | 39/50 [00:09<00:01, 10.17it/s]
 82%|████████▏ | 41/50 [00:09<00:00, 10.65it/s]
 86%|████████▌ | 43/50 [00:09<00:00, 11.02it/s]
 90%|█████████ | 45/50 [00:09<00:00, 11.24it/s]
 94%|█████████▍| 47/50 [00:10<00:00, 11.37it/s]
 98%|█████████▊| 49/50 [00:10<00:00, 11.48it/s]
100%|██████████| 50/50 [00:16<00:00,  3.12it/s]
[I 2023-12-11 23:19:12,051] Trial 398 finished with value: 0.42274744555681704 and parameters: {'EMBEDDING_DIM': 16, 'HIDDEN_DIM': 685, 'NUM_LAYERS': 1, 'DROPOUT': 0.041082746403281745, 'LR': 0.006591800079815014, 'WEIGHT_0': 0.9655566703165251, 'WEIGHT_1': 0.5052710669912479, 'WEIGHT_2': 0.16949050960585638, 'WEIGHT_3': 0.5457824516954136, 'WEIGHT_4': 0.5303487957194455, 'WEIGHT_5': 0.4802143149943799, 'WEIGHT_6': 0.7717874835575609, 'WEIGHT_7': 0.8271263407920749, 'WEIGHT_8': 0.8003793163561739}. Best is trial 282 with value: 0.45463128081401455.
{'EMBEDDING_DIM': 16, 'HIDDEN_DIM': 685, 'NUM_LAYERS': 1, 'DROPOUT': 0.041082746403281745, 'LR': 0.006591800079815014, 'WEIGHT_0': 0.9655566703165251, 'WEIGHT_1': 0.5052710669912479, 'WEIGHT_2': 0.16949050960585638, 'WEIGHT_3': 0.5457824516954136, 'WEIGHT_4': 0.5303487957194455, 'WEIGHT_5': 0.4802143149943799, 'WEIGHT_6': 0.7717874835575609, 'WEIGHT_7': 0.8271263407920749, 'WEIGHT_8': 0.8003793163561739}
0
              precision    recall  f1-score   support

         LOC       0.00      0.00      0.00      1837
        MISC       0.00      0.00      0.00       922
         ORG       0.00      0.00      0.00      1341
         PER       0.00      0.00      0.00      1842

   micro avg       0.00      0.00      0.00      5942
   macro avg       0.00      0.00      0.00      5942
weighted avg       0.00      0.00      0.00      5942

{'EMBEDDING_DIM': 16, 'HIDDEN_DIM': 685, 'NUM_LAYERS': 1, 'DROPOUT': 0.041082746403281745, 'LR': 0.006591800079815014, 'WEIGHT_0': 0.9655566703165251, 'WEIGHT_1': 0.5052710669912479, 'WEIGHT_2': 0.16949050960585638, 'WEIGHT_3': 0.5457824516954136, 'WEIGHT_4': 0.5303487957194455, 'WEIGHT_5': 0.4802143149943799, 'WEIGHT_6': 0.7717874835575609, 'WEIGHT_7': 0.8271263407920749, 'WEIGHT_8': 0.8003793163561739}
49
              precision    recall  f1-score   support

         LOC       0.75      0.56      0.64      1837
        MISC       0.60      0.41      0.49       922
         ORG       0.38      0.24      0.29      1341
         PER       0.35      0.17      0.23      1842

   micro avg       0.55      0.34      0.42      5942
   macro avg       0.52      0.35      0.41      5942
weighted avg       0.52      0.34      0.41      5942

epoch 49
Transformer

  0%|          | 0/50 [00:00<?, ?it/s]
  2%|▏         | 1/50 [00:05<04:46,  5.84s/it]
  4%|▍         | 2/50 [00:05<01:58,  2.46s/it]
  8%|▊         | 4/50 [00:06<00:45,  1.02it/s]
 12%|█▏        | 6/50 [00:06<00:24,  1.79it/s]
 14%|█▍        | 7/50 [00:06<00:19,  2.24it/s]
 16%|█▌        | 8/50 [00:06<00:14,  2.80it/s]
 18%|█▊        | 9/50 [00:06<00:11,  3.44it/s]
 20%|██        | 10/50 [00:06<00:10,  3.94it/s]
 24%|██▍       | 12/50 [00:07<00:07,  5.41it/s]
 26%|██▌       | 13/50 [00:07<00:06,  5.94it/s]
 28%|██▊       | 14/50 [00:07<00:05,  6.24it/s]
 30%|███       | 15/50 [00:07<00:05,  6.83it/s]
 32%|███▏      | 16/50 [00:07<00:04,  7.27it/s]
 34%|███▍      | 17/50 [00:07<00:04,  7.76it/s]
 36%|███▌      | 18/50 [00:07<00:03,  8.02it/s]
 38%|███▊      | 19/50 [00:07<00:03,  8.45it/s]
 42%|████▏     | 21/50 [00:07<00:03,  9.62it/s]
 46%|████▌     | 23/50 [00:08<00:02, 10.25it/s]
 50%|█████     | 25/50 [00:08<00:02, 10.66it/s]
 54%|█████▍    | 27/50 [00:08<00:02, 10.92it/s]
 58%|█████▊    | 29/50 [00:08<00:01, 11.07it/s]
 62%|██████▏   | 31/50 [00:08<00:01, 11.17it/s]
 66%|██████▌   | 33/50 [00:09<00:01, 11.24it/s]
 70%|███████   | 35/50 [00:09<00:01, 11.27it/s]
 74%|███████▍  | 37/50 [00:09<00:01, 11.34it/s]
 78%|███████▊  | 39/50 [00:09<00:00, 11.36it/s]
 82%|████████▏ | 41/50 [00:09<00:00, 11.37it/s]
 86%|████████▌ | 43/50 [00:09<00:00, 11.38it/s]
 90%|█████████ | 45/50 [00:10<00:00, 11.40it/s]
 94%|█████████▍| 47/50 [00:10<00:00, 11.39it/s]
 98%|█████████▊| 49/50 [00:10<00:00, 11.40it/s]
100%|██████████| 50/50 [00:16<00:00,  3.05it/s]
[I 2023-12-11 23:19:33,971] Trial 399 finished with value: 0.42952751972829883 and parameters: {'EMBEDDING_DIM': 32, 'HIDDEN_DIM': 1056, 'NUM_LAYERS': 1, 'DROPOUT': 0.2563807811474102, 'LR': 0.005104050139689092, 'WEIGHT_0': 0.6346330801329128, 'WEIGHT_1': 0.15243708530768973, 'WEIGHT_2': 0.2086617187465971, 'WEIGHT_3': 0.09120799285291795, 'WEIGHT_4': 0.8302889305690941, 'WEIGHT_5': 0.23201986082333081, 'WEIGHT_6': 0.27625021758089197, 'WEIGHT_7': 0.6544861614976051, 'WEIGHT_8': 0.9639122252988861}. Best is trial 282 with value: 0.45463128081401455.
{'EMBEDDING_DIM': 32, 'HIDDEN_DIM': 1056, 'NUM_LAYERS': 1, 'DROPOUT': 0.2563807811474102, 'LR': 0.005104050139689092, 'WEIGHT_0': 0.6346330801329128, 'WEIGHT_1': 0.15243708530768973, 'WEIGHT_2': 0.2086617187465971, 'WEIGHT_3': 0.09120799285291795, 'WEIGHT_4': 0.8302889305690941, 'WEIGHT_5': 0.23201986082333081, 'WEIGHT_6': 0.27625021758089197, 'WEIGHT_7': 0.6544861614976051, 'WEIGHT_8': 0.9639122252988861}
0
              precision    recall  f1-score   support

         LOC       0.00      0.00      0.00      1837
        MISC       0.00      0.00      0.00       922
         ORG       0.00      0.00      0.00      1341
         PER       0.00      0.00      0.00      1842

   micro avg       0.00      0.00      0.00      5942
   macro avg       0.00      0.00      0.00      5942
weighted avg       0.00      0.00      0.00      5942

{'EMBEDDING_DIM': 32, 'HIDDEN_DIM': 1056, 'NUM_LAYERS': 1, 'DROPOUT': 0.2563807811474102, 'LR': 0.005104050139689092, 'WEIGHT_0': 0.6346330801329128, 'WEIGHT_1': 0.15243708530768973, 'WEIGHT_2': 0.2086617187465971, 'WEIGHT_3': 0.09120799285291795, 'WEIGHT_4': 0.8302889305690941, 'WEIGHT_5': 0.23201986082333081, 'WEIGHT_6': 0.27625021758089197, 'WEIGHT_7': 0.6544861614976051, 'WEIGHT_8': 0.9639122252988861}
49
              precision    recall  f1-score   support

         LOC       0.75      0.58      0.66      1837
        MISC       0.52      0.48      0.50       922
         ORG       0.41      0.23      0.29      1341
         PER       0.31      0.18      0.23      1842

   micro avg       0.53      0.36      0.43      5942
   macro avg       0.50      0.37      0.42      5942
weighted avg       0.50      0.36      0.42      5942

epoch 49
Transformer

  0%|          | 0/50 [00:00<?, ?it/s]
  2%|▏         | 1/50 [00:05<04:46,  5.84s/it]
  6%|▌         | 3/50 [00:06<01:14,  1.58s/it]
 10%|█         | 5/50 [00:06<00:36,  1.23it/s]
 14%|█▍        | 7/50 [00:06<00:21,  1.96it/s]
 16%|█▌        | 8/50 [00:06<00:17,  2.41it/s]
 20%|██        | 10/50 [00:06<00:11,  3.52it/s]
 24%|██▍       | 12/50 [00:06<00:08,  4.70it/s]
 28%|██▊       | 14/50 [00:07<00:06,  5.88it/s]
 32%|███▏      | 16/50 [00:07<00:04,  6.99it/s]
 36%|███▌      | 18/50 [00:07<00:04,  7.97it/s]
 40%|████      | 20/50 [00:07<00:03,  8.80it/s]
 44%|████▍     | 22/50 [00:07<00:02,  9.47it/s]
 48%|████▊     | 24/50 [00:07<00:02,  9.98it/s]
 52%|█████▏    | 26/50 [00:08<00:02, 10.37it/s]
 56%|█████▌    | 28/50 [00:08<00:02, 10.66it/s]
 60%|██████    | 30/50 [00:08<00:01, 10.87it/s]
 64%|██████▍   | 32/50 [00:08<00:01, 11.03it/s]
 68%|██████▊   | 34/50 [00:08<00:01, 11.15it/s]
 72%|███████▏  | 36/50 [00:08<00:01, 11.22it/s]
 76%|███████▌  | 38/50 [00:09<00:01, 11.29it/s]
 80%|████████  | 40/50 [00:09<00:00, 11.33it/s]
 84%|████████▍ | 42/50 [00:09<00:00, 11.34it/s]
 88%|████████▊ | 44/50 [00:09<00:00, 11.34it/s]
 92%|█████████▏| 46/50 [00:09<00:00, 11.37it/s]
 96%|█████████▌| 48/50 [00:10<00:00, 11.36it/s]
100%|██████████| 50/50 [00:15<00:00,  1.05it/s]
100%|██████████| 50/50 [00:15<00:00,  3.14it/s]
