[I 2023-12-11 21:50:25,595] Trial 238 finished with value: 0.43976217794930633 and parameters: {'EMBEDDING_DIM': 32, 'HIDDEN_DIM': 707, 'NUM_LAYERS': 1, 'DROPOUT': 0.22917105596704673, 'LR': 0.00611392789274795, 'WEIGHT_0': 0.9798058909124788, 'WEIGHT_1': 0.16827966929769061, 'WEIGHT_2': 0.19281266727883337, 'WEIGHT_3': 0.21697441965211792, 'WEIGHT_4': 0.8580495839552699, 'WEIGHT_5': 0.4472387865669796, 'WEIGHT_6': 0.025555864586621208, 'WEIGHT_7': 0.5738017210853731, 'WEIGHT_8': 0.7434116216810502}. Best is trial 223 with value: 0.4540043855069437.
{'EMBEDDING_DIM': 32, 'HIDDEN_DIM': 707, 'NUM_LAYERS': 1, 'DROPOUT': 0.22917105596704673, 'LR': 0.00611392789274795, 'WEIGHT_0': 0.9798058909124788, 'WEIGHT_1': 0.16827966929769061, 'WEIGHT_2': 0.19281266727883337, 'WEIGHT_3': 0.21697441965211792, 'WEIGHT_4': 0.8580495839552699, 'WEIGHT_5': 0.4472387865669796, 'WEIGHT_6': 0.025555864586621208, 'WEIGHT_7': 0.5738017210853731, 'WEIGHT_8': 0.7434116216810502}
0
              precision    recall  f1-score   support

         LOC       0.00      0.00      0.00      1837
        MISC       0.00      0.00      0.00       922
         ORG       0.00      0.00      0.00      1341
         PER       0.00      0.00      0.00      1842

   micro avg       0.00      0.00      0.00      5942
   macro avg       0.00      0.00      0.00      5942
weighted avg       0.00      0.00      0.00      5942

{'EMBEDDING_DIM': 32, 'HIDDEN_DIM': 707, 'NUM_LAYERS': 1, 'DROPOUT': 0.22917105596704673, 'LR': 0.00611392789274795, 'WEIGHT_0': 0.9798058909124788, 'WEIGHT_1': 0.16827966929769061, 'WEIGHT_2': 0.19281266727883337, 'WEIGHT_3': 0.21697441965211792, 'WEIGHT_4': 0.8580495839552699, 'WEIGHT_5': 0.4472387865669796, 'WEIGHT_6': 0.025555864586621208, 'WEIGHT_7': 0.5738017210853731, 'WEIGHT_8': 0.7434116216810502}
49
              precision    recall  f1-score   support

         LOC       0.75      0.59      0.66      1837
        MISC       0.62      0.45      0.52       922
         ORG       0.46      0.21      0.29      1341
         PER       0.36      0.18      0.24      1842

   micro avg       0.58      0.35      0.44      5942
   macro avg       0.55      0.36      0.43      5942
weighted avg       0.54      0.35      0.42      5942

epoch 49
Transformer

  0%|          | 0/50 [00:00<?, ?it/s]
  2%|▏         | 1/50 [00:05<04:52,  5.98s/it]
  6%|▌         | 3/50 [00:06<01:16,  1.62s/it]
 10%|█         | 5/50 [00:06<00:37,  1.20it/s]
 12%|█▏        | 6/50 [00:06<00:28,  1.57it/s]
 16%|█▌        | 8/50 [00:06<00:17,  2.46it/s]
 18%|█▊        | 9/50 [00:06<00:13,  2.94it/s]
 20%|██        | 10/50 [00:06<00:11,  3.51it/s]
 22%|██▏       | 11/50 [00:07<00:09,  4.22it/s]
 24%|██▍       | 12/50 [00:07<00:07,  4.98it/s]
 26%|██▌       | 13/50 [00:07<00:06,  5.73it/s]
 28%|██▊       | 14/50 [00:07<00:05,  6.35it/s]
 30%|███       | 15/50 [00:07<00:05,  6.89it/s]
 32%|███▏      | 16/50 [00:07<00:04,  7.33it/s]
 34%|███▍      | 17/50 [00:07<00:04,  7.68it/s]
 36%|███▌      | 18/50 [00:07<00:03,  8.18it/s]
 40%|████      | 20/50 [00:07<00:03,  9.43it/s]
 44%|████▍     | 22/50 [00:08<00:02, 10.14it/s]
 48%|████▊     | 24/50 [00:08<00:02, 10.58it/s]
 52%|█████▏    | 26/50 [00:08<00:02, 10.84it/s]
 56%|█████▌    | 28/50 [00:08<00:02, 11.00it/s]
 60%|██████    | 30/50 [00:08<00:01, 11.10it/s]
 64%|██████▍   | 32/50 [00:09<00:01, 11.19it/s]
 68%|██████▊   | 34/50 [00:09<00:01, 11.26it/s]
 72%|███████▏  | 36/50 [00:09<00:01, 11.29it/s]
 76%|███████▌  | 38/50 [00:09<00:01, 11.33it/s]
 80%|████████  | 40/50 [00:09<00:00, 11.34it/s]
 84%|████████▍ | 42/50 [00:09<00:00, 11.34it/s]
 88%|████████▊ | 44/50 [00:10<00:00, 11.36it/s]
 92%|█████████▏| 46/50 [00:10<00:00, 11.36it/s]
 96%|█████████▌| 48/50 [00:10<00:00, 11.36it/s]
100%|██████████| 50/50 [00:16<00:00,  1.05it/s]
100%|██████████| 50/50 [00:16<00:00,  3.06it/s]
[I 2023-12-11 21:50:47,386] Trial 239 finished with value: 0.4426877470355731 and parameters: {'EMBEDDING_DIM': 32, 'HIDDEN_DIM': 847, 'NUM_LAYERS': 1, 'DROPOUT': 0.24983443315053655, 'LR': 0.006928150940859626, 'WEIGHT_0': 0.9491622163423914, 'WEIGHT_1': 0.1434903029484623, 'WEIGHT_2': 0.21608874302155345, 'WEIGHT_3': 0.23862403597940354, 'WEIGHT_4': 0.8838278869685551, 'WEIGHT_5': 0.43413624039006565, 'WEIGHT_6': 0.06489087584303666, 'WEIGHT_7': 0.609118734338418, 'WEIGHT_8': 0.8411651588620864}. Best is trial 223 with value: 0.4540043855069437.
{'EMBEDDING_DIM': 32, 'HIDDEN_DIM': 847, 'NUM_LAYERS': 1, 'DROPOUT': 0.24983443315053655, 'LR': 0.006928150940859626, 'WEIGHT_0': 0.9491622163423914, 'WEIGHT_1': 0.1434903029484623, 'WEIGHT_2': 0.21608874302155345, 'WEIGHT_3': 0.23862403597940354, 'WEIGHT_4': 0.8838278869685551, 'WEIGHT_5': 0.43413624039006565, 'WEIGHT_6': 0.06489087584303666, 'WEIGHT_7': 0.609118734338418, 'WEIGHT_8': 0.8411651588620864}
0
              precision    recall  f1-score   support

         LOC       0.00      0.00      0.00      1837
        MISC       0.00      0.00      0.00       922
         ORG       0.00      0.00      0.00      1341
         PER       0.00      0.00      0.00      1842

   micro avg       0.00      0.00      0.00      5942
   macro avg       0.00      0.00      0.00      5942
weighted avg       0.00      0.00      0.00      5942

{'EMBEDDING_DIM': 32, 'HIDDEN_DIM': 847, 'NUM_LAYERS': 1, 'DROPOUT': 0.24983443315053655, 'LR': 0.006928150940859626, 'WEIGHT_0': 0.9491622163423914, 'WEIGHT_1': 0.1434903029484623, 'WEIGHT_2': 0.21608874302155345, 'WEIGHT_3': 0.23862403597940354, 'WEIGHT_4': 0.8838278869685551, 'WEIGHT_5': 0.43413624039006565, 'WEIGHT_6': 0.06489087584303666, 'WEIGHT_7': 0.609118734338418, 'WEIGHT_8': 0.8411651588620864}
49
              precision    recall  f1-score   support

         LOC       0.76      0.59      0.66      1837
        MISC       0.64      0.48      0.54       922
         ORG       0.42      0.21      0.28      1341
         PER       0.37      0.17      0.23      1842

   micro avg       0.58      0.36      0.44      5942
   macro avg       0.54      0.36      0.43      5942
weighted avg       0.54      0.36      0.43      5942

epoch 49
Transformer

  0%|          | 0/50 [00:00<?, ?it/s]
  2%|▏         | 1/50 [00:05<04:47,  5.87s/it]
  6%|▌         | 3/50 [00:06<01:14,  1.59s/it]
 10%|█         | 5/50 [00:06<00:36,  1.22it/s]
 14%|█▍        | 7/50 [00:06<00:22,  1.95it/s]
 18%|█▊        | 9/50 [00:06<00:14,  2.83it/s]
 22%|██▏       | 11/50 [00:06<00:10,  3.83it/s]
 26%|██▌       | 13/50 [00:06<00:07,  4.92it/s]
 30%|███       | 15/50 [00:07<00:05,  6.02it/s]
 34%|███▍      | 17/50 [00:07<00:04,  7.07it/s]
 38%|███▊      | 19/50 [00:07<00:03,  8.01it/s]
 42%|████▏     | 21/50 [00:07<00:03,  8.82it/s]
 46%|████▌     | 23/50 [00:07<00:02,  9.47it/s]
 50%|█████     | 25/50 [00:08<00:02,  9.98it/s]
 54%|█████▍    | 27/50 [00:08<00:02, 10.36it/s]
 58%|█████▊    | 29/50 [00:08<00:01, 10.63it/s]
 62%|██████▏   | 31/50 [00:08<00:01, 10.85it/s]
 66%|██████▌   | 33/50 [00:08<00:01, 10.96it/s]
 70%|███████   | 35/50 [00:08<00:01, 11.09it/s]
 74%|███████▍  | 37/50 [00:09<00:01, 11.16it/s]
 78%|███████▊  | 39/50 [00:09<00:00, 11.22it/s]
 82%|████████▏ | 41/50 [00:09<00:00, 11.26it/s]
 86%|████████▌ | 43/50 [00:09<00:00, 11.30it/s]
 90%|█████████ | 45/50 [00:09<00:00, 11.32it/s]
 94%|█████████▍| 47/50 [00:09<00:00, 11.34it/s]
 98%|█████████▊| 49/50 [00:10<00:00, 11.34it/s]
100%|██████████| 50/50 [00:15<00:00,  3.13it/s]
[I 2023-12-11 21:51:08,983] Trial 240 finished with value: 0.44080787156913515 and parameters: {'EMBEDDING_DIM': 32, 'HIDDEN_DIM': 765, 'NUM_LAYERS': 1, 'DROPOUT': 0.2557108037080267, 'LR': 0.00728203409296886, 'WEIGHT_0': 0.9751448538292795, 'WEIGHT_1': 0.13041302091783383, 'WEIGHT_2': 0.1793993549768479, 'WEIGHT_3': 0.27642316685834184, 'WEIGHT_4': 0.9686262908653775, 'WEIGHT_5': 0.4966185912132073, 'WEIGHT_6': 0.03345086329929842, 'WEIGHT_7': 0.5421647377360104, 'WEIGHT_8': 0.7623350124369227}. Best is trial 223 with value: 0.4540043855069437.
{'EMBEDDING_DIM': 32, 'HIDDEN_DIM': 765, 'NUM_LAYERS': 1, 'DROPOUT': 0.2557108037080267, 'LR': 0.00728203409296886, 'WEIGHT_0': 0.9751448538292795, 'WEIGHT_1': 0.13041302091783383, 'WEIGHT_2': 0.1793993549768479, 'WEIGHT_3': 0.27642316685834184, 'WEIGHT_4': 0.9686262908653775, 'WEIGHT_5': 0.4966185912132073, 'WEIGHT_6': 0.03345086329929842, 'WEIGHT_7': 0.5421647377360104, 'WEIGHT_8': 0.7623350124369227}
0
              precision    recall  f1-score   support

         LOC       0.00      0.00      0.00      1837
        MISC       0.00      0.00      0.00       922
         ORG       0.00      0.00      0.00      1341
         PER       0.00      0.00      0.00      1842

   micro avg       0.00      0.00      0.00      5942
   macro avg       0.00      0.00      0.00      5942
weighted avg       0.00      0.00      0.00      5942

{'EMBEDDING_DIM': 32, 'HIDDEN_DIM': 765, 'NUM_LAYERS': 1, 'DROPOUT': 0.2557108037080267, 'LR': 0.00728203409296886, 'WEIGHT_0': 0.9751448538292795, 'WEIGHT_1': 0.13041302091783383, 'WEIGHT_2': 0.1793993549768479, 'WEIGHT_3': 0.27642316685834184, 'WEIGHT_4': 0.9686262908653775, 'WEIGHT_5': 0.4966185912132073, 'WEIGHT_6': 0.03345086329929842, 'WEIGHT_7': 0.5421647377360104, 'WEIGHT_8': 0.7623350124369227}
49
              precision    recall  f1-score   support

         LOC       0.75      0.59      0.66      1837
        MISC       0.63      0.49      0.55       922
         ORG       0.44      0.21      0.28      1341
         PER       0.34      0.17      0.23      1842

   micro avg       0.57      0.36      0.44      5942
   macro avg       0.54      0.36      0.43      5942
weighted avg       0.53      0.36      0.42      5942

epoch 49
Transformer

  0%|          | 0/50 [00:00<?, ?it/s]
  2%|▏         | 1/50 [00:05<04:47,  5.86s/it]
  6%|▌         | 3/50 [00:06<01:14,  1.59s/it]
 10%|█         | 5/50 [00:06<00:36,  1.22it/s]
 14%|█▍        | 7/50 [00:06<00:22,  1.94it/s]
 16%|█▌        | 8/50 [00:06<00:18,  2.32it/s]
 18%|█▊        | 9/50 [00:06<00:14,  2.85it/s]
 20%|██        | 10/50 [00:06<00:11,  3.49it/s]
 22%|██▏       | 11/50 [00:06<00:09,  4.19it/s]
 24%|██▍       | 12/50 [00:07<00:07,  4.88it/s]
 26%|██▌       | 13/50 [00:07<00:06,  5.56it/s]
 28%|██▊       | 14/50 [00:07<00:05,  6.18it/s]
 30%|███       | 15/50 [00:07<00:05,  6.71it/s]
 32%|███▏      | 16/50 [00:07<00:04,  7.41it/s]
 34%|███▍      | 17/50 [00:07<00:04,  7.73it/s]
 36%|███▌      | 18/50 [00:07<00:04,  7.77it/s]
 38%|███▊      | 19/50 [00:07<00:03,  8.20it/s]
 42%|████▏     | 21/50 [00:08<00:03,  9.39it/s]
 46%|████▌     | 23/50 [00:08<00:02, 10.04it/s]
 50%|█████     | 25/50 [00:08<00:02, 10.46it/s]
 54%|█████▍    | 27/50 [00:08<00:02, 10.70it/s]
 58%|█████▊    | 29/50 [00:08<00:01, 10.86it/s]
 62%|██████▏   | 31/50 [00:08<00:01, 10.99it/s]
 66%|██████▌   | 33/50 [00:09<00:01, 11.06it/s]
 70%|███████   | 35/50 [00:09<00:01, 11.11it/s]
 74%|███████▍  | 37/50 [00:09<00:01, 11.15it/s]
 78%|███████▊  | 39/50 [00:09<00:00, 11.16it/s]
 82%|████████▏ | 41/50 [00:09<00:00, 11.19it/s]
 86%|████████▌ | 43/50 [00:09<00:00, 11.22it/s]
 90%|█████████ | 45/50 [00:10<00:00, 11.23it/s]
 94%|█████████▍| 47/50 [00:10<00:00, 11.23it/s]
 98%|█████████▊| 49/50 [00:10<00:00, 11.20it/s]
100%|██████████| 50/50 [00:16<00:00,  3.04it/s]
[I 2023-12-11 21:51:31,097] Trial 241 finished with value: 0.4464008285862247 and parameters: {'EMBEDDING_DIM': 32, 'HIDDEN_DIM': 598, 'NUM_LAYERS': 1, 'DROPOUT': 0.2659941575614376, 'LR': 0.0065507643249982945, 'WEIGHT_0': 0.9561097566149878, 'WEIGHT_1': 0.15892205924089067, 'WEIGHT_2': 0.24228000983211556, 'WEIGHT_3': 0.20169469516431865, 'WEIGHT_4': 0.8422386655454484, 'WEIGHT_5': 0.45492918873237786, 'WEIGHT_6': 0.049028289453671124, 'WEIGHT_7': 0.5844110436804795, 'WEIGHT_8': 0.8160838938110561}. Best is trial 223 with value: 0.4540043855069437.
{'EMBEDDING_DIM': 32, 'HIDDEN_DIM': 598, 'NUM_LAYERS': 1, 'DROPOUT': 0.2659941575614376, 'LR': 0.0065507643249982945, 'WEIGHT_0': 0.9561097566149878, 'WEIGHT_1': 0.15892205924089067, 'WEIGHT_2': 0.24228000983211556, 'WEIGHT_3': 0.20169469516431865, 'WEIGHT_4': 0.8422386655454484, 'WEIGHT_5': 0.45492918873237786, 'WEIGHT_6': 0.049028289453671124, 'WEIGHT_7': 0.5844110436804795, 'WEIGHT_8': 0.8160838938110561}
0
              precision    recall  f1-score   support

         LOC       0.00      0.00      0.00      1837
        MISC       0.00      0.00      0.00       922
         ORG       0.00      0.00      0.00      1341
         PER       0.00      0.00      0.00      1842

   micro avg       0.00      0.00      0.00      5942
   macro avg       0.00      0.00      0.00      5942
weighted avg       0.00      0.00      0.00      5942

{'EMBEDDING_DIM': 32, 'HIDDEN_DIM': 598, 'NUM_LAYERS': 1, 'DROPOUT': 0.2659941575614376, 'LR': 0.0065507643249982945, 'WEIGHT_0': 0.9561097566149878, 'WEIGHT_1': 0.15892205924089067, 'WEIGHT_2': 0.24228000983211556, 'WEIGHT_3': 0.20169469516431865, 'WEIGHT_4': 0.8422386655454484, 'WEIGHT_5': 0.45492918873237786, 'WEIGHT_6': 0.049028289453671124, 'WEIGHT_7': 0.5844110436804795, 'WEIGHT_8': 0.8160838938110561}
49
              precision    recall  f1-score   support

         LOC       0.73      0.59      0.65      1837
        MISC       0.64      0.47      0.54       922
         ORG       0.46      0.21      0.29      1341
         PER       0.38      0.19      0.25      1842

   micro avg       0.58      0.36      0.45      5942
   macro avg       0.55      0.37      0.43      5942
weighted avg       0.55      0.36      0.43      5942

epoch 49
Transformer

  0%|          | 0/50 [00:00<?, ?it/s]
  2%|▏         | 1/50 [00:05<04:52,  5.98s/it]
  6%|▌         | 3/50 [00:06<01:16,  1.62s/it]
 10%|█         | 5/50 [00:06<00:37,  1.20it/s]
 14%|█▍        | 7/50 [00:06<00:22,  1.91it/s]
 18%|█▊        | 9/50 [00:06<00:14,  2.78it/s]
 22%|██▏       | 11/50 [00:06<00:10,  3.76it/s]
 26%|██▌       | 13/50 [00:07<00:07,  4.65it/s]
 28%|██▊       | 14/50 [00:07<00:07,  5.04it/s]
 30%|███       | 15/50 [00:07<00:06,  5.61it/s]
 32%|███▏      | 16/50 [00:07<00:05,  6.20it/s]
 34%|███▍      | 17/50 [00:07<00:04,  6.69it/s]
 36%|███▌      | 18/50 [00:07<00:04,  7.11it/s]
 38%|███▊      | 19/50 [00:07<00:04,  7.49it/s]
 40%|████      | 20/50 [00:07<00:03,  8.03it/s]
 44%|████▍     | 22/50 [00:08<00:03,  9.27it/s]
 48%|████▊     | 24/50 [00:08<00:02, 10.01it/s]
 52%|█████▏    | 26/50 [00:08<00:02, 10.48it/s]
 56%|█████▌    | 28/50 [00:08<00:02, 10.74it/s]
 60%|██████    | 30/50 [00:08<00:01, 10.99it/s]
 64%|██████▍   | 32/50 [00:08<00:01, 11.10it/s]
 68%|██████▊   | 34/50 [00:09<00:01, 11.20it/s]
 72%|███████▏  | 36/50 [00:09<00:01, 11.24it/s]
 76%|███████▌  | 38/50 [00:09<00:01, 11.28it/s]
 80%|████████  | 40/50 [00:09<00:00, 11.29it/s]
 84%|████████▍ | 42/50 [00:09<00:00, 11.31it/s]
 88%|████████▊ | 44/50 [00:10<00:00, 11.33it/s]
 92%|█████████▏| 46/50 [00:10<00:00, 11.34it/s]
 96%|█████████▌| 48/50 [00:10<00:00, 11.35it/s]
100%|██████████| 50/50 [00:16<00:00,  1.05it/s]
100%|██████████| 50/50 [00:16<00:00,  3.07it/s]
[I 2023-12-11 21:51:53,001] Trial 242 finished with value: 0.4428957769918868 and parameters: {'EMBEDDING_DIM': 32, 'HIDDEN_DIM': 612, 'NUM_LAYERS': 1, 'DROPOUT': 0.2664130708583993, 'LR': 0.006587535518939018, 'WEIGHT_0': 0.9734517401593937, 'WEIGHT_1': 0.17988098160586133, 'WEIGHT_2': 0.24238728127308054, 'WEIGHT_3': 0.19117993427466407, 'WEIGHT_4': 0.8427833537016788, 'WEIGHT_5': 0.4647857749526667, 'WEIGHT_6': 0.07801543554307147, 'WEIGHT_7': 0.5861211347823704, 'WEIGHT_8': 0.8095890223274407}. Best is trial 223 with value: 0.4540043855069437.
{'EMBEDDING_DIM': 32, 'HIDDEN_DIM': 612, 'NUM_LAYERS': 1, 'DROPOUT': 0.2664130708583993, 'LR': 0.006587535518939018, 'WEIGHT_0': 0.9734517401593937, 'WEIGHT_1': 0.17988098160586133, 'WEIGHT_2': 0.24238728127308054, 'WEIGHT_3': 0.19117993427466407, 'WEIGHT_4': 0.8427833537016788, 'WEIGHT_5': 0.4647857749526667, 'WEIGHT_6': 0.07801543554307147, 'WEIGHT_7': 0.5861211347823704, 'WEIGHT_8': 0.8095890223274407}
0
              precision    recall  f1-score   support

         LOC       0.00      0.00      0.00      1837
        MISC       0.00      0.00      0.00       922
         ORG       0.00      0.00      0.00      1341
         PER       0.00      0.00      0.00      1842

   micro avg       0.00      0.00      0.00      5942
   macro avg       0.00      0.00      0.00      5942
weighted avg       0.00      0.00      0.00      5942

{'EMBEDDING_DIM': 32, 'HIDDEN_DIM': 612, 'NUM_LAYERS': 1, 'DROPOUT': 0.2664130708583993, 'LR': 0.006587535518939018, 'WEIGHT_0': 0.9734517401593937, 'WEIGHT_1': 0.17988098160586133, 'WEIGHT_2': 0.24238728127308054, 'WEIGHT_3': 0.19117993427466407, 'WEIGHT_4': 0.8427833537016788, 'WEIGHT_5': 0.4647857749526667, 'WEIGHT_6': 0.07801543554307147, 'WEIGHT_7': 0.5861211347823704, 'WEIGHT_8': 0.8095890223274407}
49
              precision    recall  f1-score   support

         LOC       0.78      0.59      0.67      1837
        MISC       0.63      0.48      0.55       922
         ORG       0.42      0.22      0.28      1341
         PER       0.36      0.17      0.23      1842

   micro avg       0.58      0.36      0.44      5942
   macro avg       0.55      0.36      0.43      5942
weighted avg       0.54      0.36      0.43      5942

epoch 49
Transformer

  0%|          | 0/50 [00:00<?, ?it/s]
  2%|▏         | 1/50 [00:05<04:48,  5.89s/it]
  6%|▌         | 3/50 [00:06<01:15,  1.60s/it]
 10%|█         | 5/50 [00:06<00:37,  1.21it/s]
 14%|█▍        | 7/50 [00:06<00:22,  1.95it/s]
 18%|█▊        | 9/50 [00:06<00:14,  2.83it/s]
 22%|██▏       | 11/50 [00:06<00:10,  3.82it/s]
 26%|██▌       | 13/50 [00:06<00:07,  4.91it/s]
 30%|███       | 15/50 [00:07<00:05,  6.01it/s]
 34%|███▍      | 17/50 [00:07<00:04,  7.06it/s]
 38%|███▊      | 19/50 [00:07<00:03,  8.01it/s]
 42%|████▏     | 21/50 [00:07<00:03,  8.83it/s]
 46%|████▌     | 23/50 [00:07<00:02,  9.47it/s]
 50%|█████     | 25/50 [00:08<00:02,  9.98it/s]
 54%|█████▍    | 27/50 [00:08<00:02, 10.37it/s]
 58%|█████▊    | 29/50 [00:08<00:01, 10.65it/s]
 62%|██████▏   | 31/50 [00:08<00:01, 10.86it/s]
 66%|██████▌   | 33/50 [00:08<00:01, 11.02it/s]
 70%|███████   | 35/50 [00:08<00:01, 11.10it/s]
 74%|███████▍  | 37/50 [00:09<00:01, 11.18it/s]
 78%|███████▊  | 39/50 [00:09<00:00, 11.24it/s]
 82%|████████▏ | 41/50 [00:09<00:00, 11.25it/s]
 86%|████████▌ | 43/50 [00:09<00:00, 11.29it/s]
 90%|█████████ | 45/50 [00:09<00:00, 11.29it/s]
 94%|█████████▍| 47/50 [00:09<00:00, 11.35it/s]
 98%|█████████▊| 49/50 [00:10<00:00, 11.34it/s]
100%|██████████| 50/50 [00:15<00:00,  3.13it/s]
