[I 2023-12-11 20:30:55,228] Trial 71 finished with value: 0.4317397732873336 and parameters: {'EMBEDDING_DIM': 32, 'HIDDEN_DIM': 511, 'NUM_LAYERS': 1, 'DROPOUT': 0.05535902911133393, 'LR': 0.007915255776501104, 'WEIGHT_0': 0.8584817165410499, 'WEIGHT_1': 0.17516632209873004, 'WEIGHT_2': 0.3441002567354107, 'WEIGHT_3': 0.03681381426045574, 'WEIGHT_4': 0.9801780102356193, 'WEIGHT_5': 0.24552489431155083, 'WEIGHT_6': 0.14037386432986587, 'WEIGHT_7': 0.8706729442255602, 'WEIGHT_8': 0.6816585563706884}. Best is trial 42 with value: 0.44962374581939796.
{'EMBEDDING_DIM': 32, 'HIDDEN_DIM': 511, 'NUM_LAYERS': 1, 'DROPOUT': 0.05535902911133393, 'LR': 0.007915255776501104, 'WEIGHT_0': 0.8584817165410499, 'WEIGHT_1': 0.17516632209873004, 'WEIGHT_2': 0.3441002567354107, 'WEIGHT_3': 0.03681381426045574, 'WEIGHT_4': 0.9801780102356193, 'WEIGHT_5': 0.24552489431155083, 'WEIGHT_6': 0.14037386432986587, 'WEIGHT_7': 0.8706729442255602, 'WEIGHT_8': 0.6816585563706884}
0
              precision    recall  f1-score   support

         LOC       0.00      0.00      0.00      1837
        MISC       0.00      0.00      0.00       922
         ORG       0.00      0.00      0.00      1341
         PER       0.00      0.00      0.00      1842

   micro avg       0.00      0.00      0.00      5942
   macro avg       0.00      0.00      0.00      5942
weighted avg       0.00      0.00      0.00      5942

{'EMBEDDING_DIM': 32, 'HIDDEN_DIM': 511, 'NUM_LAYERS': 1, 'DROPOUT': 0.05535902911133393, 'LR': 0.007915255776501104, 'WEIGHT_0': 0.8584817165410499, 'WEIGHT_1': 0.17516632209873004, 'WEIGHT_2': 0.3441002567354107, 'WEIGHT_3': 0.03681381426045574, 'WEIGHT_4': 0.9801780102356193, 'WEIGHT_5': 0.24552489431155083, 'WEIGHT_6': 0.14037386432986587, 'WEIGHT_7': 0.8706729442255602, 'WEIGHT_8': 0.6816585563706884}
49
              precision    recall  f1-score   support

         LOC       0.80      0.55      0.65      1837
        MISC       0.63      0.49      0.55       922
         ORG       0.36      0.24      0.28      1341
         PER       0.31      0.22      0.25      1842

   micro avg       0.52      0.37      0.43      5942
   macro avg       0.52      0.37      0.44      5942
weighted avg       0.52      0.37      0.43      5942

epoch 49
Transformer

  0%|          | 0/50 [00:00<?, ?it/s]
  2%|▏         | 1/50 [00:11<09:30, 11.64s/it]
  4%|▍         | 2/50 [00:11<03:57,  4.95s/it]
  6%|▌         | 3/50 [00:12<02:12,  2.81s/it]
  8%|▊         | 4/50 [00:12<01:22,  1.80s/it]
 10%|█         | 5/50 [00:12<00:55,  1.24s/it]
 12%|█▏        | 6/50 [00:12<00:39,  1.12it/s]
 14%|█▍        | 7/50 [00:13<00:29,  1.47it/s]
 16%|█▌        | 8/50 [00:13<00:25,  1.63it/s]
 18%|█▊        | 9/50 [00:14<00:24,  1.64it/s]
 20%|██        | 10/50 [00:14<00:24,  1.62it/s]
 22%|██▏       | 11/50 [00:15<00:25,  1.56it/s]
 24%|██▍       | 12/50 [00:16<00:24,  1.54it/s]
 26%|██▌       | 13/50 [00:16<00:24,  1.54it/s]
 28%|██▊       | 14/50 [00:17<00:23,  1.50it/s]
 30%|███       | 15/50 [00:18<00:23,  1.49it/s]
 32%|███▏      | 16/50 [00:18<00:22,  1.49it/s]
 34%|███▍      | 17/50 [00:19<00:22,  1.49it/s]
 36%|███▌      | 18/50 [00:20<00:21,  1.48it/s]
 38%|███▊      | 19/50 [00:20<00:21,  1.46it/s]
 40%|████      | 20/50 [00:21<00:20,  1.44it/s]
 42%|████▏     | 21/50 [00:22<00:20,  1.44it/s]
 44%|████▍     | 22/50 [00:23<00:19,  1.43it/s]
 46%|████▌     | 23/50 [00:23<00:18,  1.42it/s]
 48%|████▊     | 24/50 [00:24<00:18,  1.42it/s]
 50%|█████     | 25/50 [00:25<00:17,  1.44it/s]
 52%|█████▏    | 26/50 [00:25<00:16,  1.47it/s]
 54%|█████▍    | 27/50 [00:26<00:15,  1.49it/s]
 56%|█████▌    | 28/50 [00:27<00:14,  1.47it/s]
 58%|█████▊    | 29/50 [00:27<00:14,  1.47it/s]
 60%|██████    | 30/50 [00:28<00:13,  1.47it/s]
 62%|██████▏   | 31/50 [00:29<00:12,  1.48it/s]
 64%|██████▍   | 32/50 [00:29<00:11,  1.50it/s]
 66%|██████▌   | 33/50 [00:30<00:11,  1.49it/s]
 68%|██████▊   | 34/50 [00:31<00:10,  1.47it/s]
 70%|███████   | 35/50 [00:31<00:10,  1.45it/s]
 72%|███████▏  | 36/50 [00:32<00:09,  1.44it/s]
 74%|███████▍  | 37/50 [00:33<00:09,  1.44it/s]
 76%|███████▌  | 38/50 [00:34<00:08,  1.43it/s]
 78%|███████▊  | 39/50 [00:34<00:07,  1.43it/s]
 80%|████████  | 40/50 [00:35<00:07,  1.42it/s]
 82%|████████▏ | 41/50 [00:36<00:06,  1.40it/s]
 84%|████████▍ | 42/50 [00:36<00:05,  1.41it/s]
 86%|████████▌ | 43/50 [00:37<00:04,  1.41it/s]
 88%|████████▊ | 44/50 [00:38<00:04,  1.41it/s]
 90%|█████████ | 45/50 [00:39<00:03,  1.41it/s]
 92%|█████████▏| 46/50 [00:39<00:02,  1.39it/s]
 94%|█████████▍| 47/50 [00:40<00:02,  1.41it/s]
 96%|█████████▌| 48/50 [00:41<00:01,  1.43it/s]
 98%|█████████▊| 49/50 [00:41<00:00,  1.44it/s]
100%|██████████| 50/50 [00:53<00:00,  4.10s/it]
100%|██████████| 50/50 [00:53<00:00,  1.08s/it]
[I 2023-12-11 20:32:00,241] Trial 72 finished with value: 0.0 and parameters: {'EMBEDDING_DIM': 32, 'HIDDEN_DIM': 364, 'NUM_LAYERS': 4, 'DROPOUT': 0.0742966569232176, 'LR': 0.00966323000604839, 'WEIGHT_0': 0.7967414981567186, 'WEIGHT_1': 0.22961992885108273, 'WEIGHT_2': 0.20144933955396715, 'WEIGHT_3': 0.05181497272467106, 'WEIGHT_4': 0.9220005412249087, 'WEIGHT_5': 0.2649315270520165, 'WEIGHT_6': 0.025558182572433703, 'WEIGHT_7': 0.9116260546792273, 'WEIGHT_8': 0.5976912758389817}. Best is trial 42 with value: 0.44962374581939796.
{'EMBEDDING_DIM': 32, 'HIDDEN_DIM': 364, 'NUM_LAYERS': 4, 'DROPOUT': 0.0742966569232176, 'LR': 0.00966323000604839, 'WEIGHT_0': 0.7967414981567186, 'WEIGHT_1': 0.22961992885108273, 'WEIGHT_2': 0.20144933955396715, 'WEIGHT_3': 0.05181497272467106, 'WEIGHT_4': 0.9220005412249087, 'WEIGHT_5': 0.2649315270520165, 'WEIGHT_6': 0.025558182572433703, 'WEIGHT_7': 0.9116260546792273, 'WEIGHT_8': 0.5976912758389817}
0
              precision    recall  f1-score   support

         LOC       0.00      0.00      0.00      1837
        MISC       0.00      0.00      0.00       922
         ORG       0.00      0.00      0.00      1341
         PER       0.00      0.00      0.00      1842

   micro avg       0.00      0.00      0.00      5942
   macro avg       0.00      0.00      0.00      5942
weighted avg       0.00      0.00      0.00      5942

{'EMBEDDING_DIM': 32, 'HIDDEN_DIM': 364, 'NUM_LAYERS': 4, 'DROPOUT': 0.0742966569232176, 'LR': 0.00966323000604839, 'WEIGHT_0': 0.7967414981567186, 'WEIGHT_1': 0.22961992885108273, 'WEIGHT_2': 0.20144933955396715, 'WEIGHT_3': 0.05181497272467106, 'WEIGHT_4': 0.9220005412249087, 'WEIGHT_5': 0.2649315270520165, 'WEIGHT_6': 0.025558182572433703, 'WEIGHT_7': 0.9116260546792273, 'WEIGHT_8': 0.5976912758389817}
49
              precision    recall  f1-score   support

         LOC       0.00      0.00      0.00      1837
        MISC       0.00      0.00      0.00       922
         ORG       0.00      0.00      0.00      1341
         PER       0.00      0.00      0.00      1842

   micro avg       0.00      0.00      0.00      5942
   macro avg       0.00      0.00      0.00      5942
weighted avg       0.00      0.00      0.00      5942

epoch 49
Transformer

  0%|          | 0/50 [00:00<?, ?it/s]
  2%|▏         | 1/50 [00:06<05:06,  6.27s/it]
  4%|▍         | 2/50 [00:06<02:07,  2.65s/it]
  6%|▌         | 3/50 [00:06<01:09,  1.49s/it]
  8%|▊         | 4/50 [00:06<00:43,  1.06it/s]
 10%|█         | 5/50 [00:06<00:28,  1.56it/s]
 12%|█▏        | 6/50 [00:06<00:20,  2.17it/s]
 16%|█▌        | 8/50 [00:07<00:11,  3.55it/s]
 18%|█▊        | 9/50 [00:07<00:09,  4.25it/s]
 22%|██▏       | 11/50 [00:07<00:06,  5.66it/s]
 26%|██▌       | 13/50 [00:07<00:05,  6.81it/s]
 30%|███       | 15/50 [00:07<00:04,  7.69it/s]
 34%|███▍      | 17/50 [00:07<00:03,  8.36it/s]
 38%|███▊      | 19/50 [00:08<00:03,  8.86it/s]
 42%|████▏     | 21/50 [00:08<00:03,  9.20it/s]
 46%|████▌     | 23/50 [00:08<00:02,  9.51it/s]
 50%|█████     | 25/50 [00:08<00:02,  9.71it/s]
 54%|█████▍    | 27/50 [00:08<00:02,  9.86it/s]
 58%|█████▊    | 29/50 [00:09<00:02,  9.94it/s]
 62%|██████▏   | 31/50 [00:09<00:01, 10.04it/s]
 66%|██████▌   | 33/50 [00:09<00:01, 10.09it/s]
 70%|███████   | 35/50 [00:09<00:01, 10.15it/s]
 74%|███████▍  | 37/50 [00:09<00:01, 10.21it/s]
 78%|███████▊  | 39/50 [00:10<00:01, 10.23it/s]
 82%|████████▏ | 41/50 [00:10<00:00, 10.26it/s]
 86%|████████▌ | 43/50 [00:10<00:00, 10.29it/s]
 90%|█████████ | 45/50 [00:10<00:00, 10.30it/s]
 94%|█████████▍| 47/50 [00:10<00:00, 10.32it/s]
 98%|█████████▊| 49/50 [00:11<00:00, 10.33it/s]
100%|██████████| 50/50 [00:17<00:00,  2.94it/s]
[I 2023-12-11 20:32:22,766] Trial 73 finished with value: 0.43278959322733845 and parameters: {'EMBEDDING_DIM': 32, 'HIDDEN_DIM': 1465, 'NUM_LAYERS': 1, 'DROPOUT': 0.11814324987383482, 'LR': 0.008202319407971968, 'WEIGHT_0': 0.8491750409121134, 'WEIGHT_1': 0.2834585324697174, 'WEIGHT_2': 0.38013111274547323, 'WEIGHT_3': 0.13368347395767258, 'WEIGHT_4': 0.8606012744061757, 'WEIGHT_5': 0.16106481156784047, 'WEIGHT_6': 0.19558770018320465, 'WEIGHT_7': 0.8487753520916941, 'WEIGHT_8': 0.5012550027861594}. Best is trial 42 with value: 0.44962374581939796.
{'EMBEDDING_DIM': 32, 'HIDDEN_DIM': 1465, 'NUM_LAYERS': 1, 'DROPOUT': 0.11814324987383482, 'LR': 0.008202319407971968, 'WEIGHT_0': 0.8491750409121134, 'WEIGHT_1': 0.2834585324697174, 'WEIGHT_2': 0.38013111274547323, 'WEIGHT_3': 0.13368347395767258, 'WEIGHT_4': 0.8606012744061757, 'WEIGHT_5': 0.16106481156784047, 'WEIGHT_6': 0.19558770018320465, 'WEIGHT_7': 0.8487753520916941, 'WEIGHT_8': 0.5012550027861594}
0
              precision    recall  f1-score   support

         LOC       0.00      0.00      0.00      1837
        MISC       0.00      0.00      0.00       922
         ORG       0.00      0.00      0.00      1341
         PER       0.00      0.00      0.00      1842

   micro avg       0.00      0.00      0.00      5942
   macro avg       0.00      0.00      0.00      5942
weighted avg       0.00      0.00      0.00      5942

{'EMBEDDING_DIM': 32, 'HIDDEN_DIM': 1465, 'NUM_LAYERS': 1, 'DROPOUT': 0.11814324987383482, 'LR': 0.008202319407971968, 'WEIGHT_0': 0.8491750409121134, 'WEIGHT_1': 0.2834585324697174, 'WEIGHT_2': 0.38013111274547323, 'WEIGHT_3': 0.13368347395767258, 'WEIGHT_4': 0.8606012744061757, 'WEIGHT_5': 0.16106481156784047, 'WEIGHT_6': 0.19558770018320465, 'WEIGHT_7': 0.8487753520916941, 'WEIGHT_8': 0.5012550027861594}
49
              precision    recall  f1-score   support

         LOC       0.77      0.55      0.64      1837
        MISC       0.63      0.48      0.55       922
         ORG       0.38      0.22      0.28      1341
         PER       0.37      0.18      0.24      1842

   micro avg       0.56      0.35      0.43      5942
   macro avg       0.54      0.36      0.43      5942
weighted avg       0.53      0.35      0.42      5942

epoch 49
Transformer

  0%|          | 0/50 [00:00<?, ?it/s]
  2%|▏         | 1/50 [00:06<04:55,  6.03s/it]
  4%|▍         | 2/50 [00:06<02:02,  2.54s/it]
  6%|▌         | 3/50 [00:06<01:07,  1.43s/it]
  8%|▊         | 4/50 [00:06<00:41,  1.10it/s]
 10%|█         | 5/50 [00:06<00:27,  1.62it/s]
 12%|█▏        | 6/50 [00:06<00:19,  2.26it/s]
 14%|█▍        | 7/50 [00:06<00:14,  3.02it/s]
 16%|█▌        | 8/50 [00:06<00:10,  3.87it/s]
 20%|██        | 10/50 [00:06<00:07,  5.61it/s]
 24%|██▍       | 12/50 [00:07<00:05,  6.95it/s]
 28%|██▊       | 14/50 [00:07<00:04,  7.83it/s]
 32%|███▏      | 16/50 [00:07<00:03,  8.59it/s]
 36%|███▌      | 18/50 [00:07<00:03,  9.15it/s]
 40%|████      | 20/50 [00:07<00:03,  9.56it/s]
 44%|████▍     | 22/50 [00:08<00:02,  9.85it/s]
 48%|████▊     | 24/50 [00:08<00:02, 10.05it/s]
 52%|█████▏    | 26/50 [00:08<00:02, 10.20it/s]
 56%|█████▌    | 28/50 [00:08<00:02, 10.31it/s]
 60%|██████    | 30/50 [00:08<00:01, 10.40it/s]
 64%|██████▍   | 32/50 [00:09<00:01, 10.50it/s]
 68%|██████▊   | 34/50 [00:09<00:01, 10.54it/s]
 72%|███████▏  | 36/50 [00:09<00:01, 10.46it/s]
 76%|███████▌  | 38/50 [00:09<00:01, 10.50it/s]
 80%|████████  | 40/50 [00:09<00:00, 10.65it/s]
 84%|████████▍ | 42/50 [00:09<00:00, 10.73it/s]
 88%|████████▊ | 44/50 [00:10<00:00, 10.82it/s]
 92%|█████████▏| 46/50 [00:10<00:00, 10.89it/s]
 96%|█████████▌| 48/50 [00:10<00:00, 10.93it/s]
100%|██████████| 50/50 [00:16<00:00,  1.01it/s]
100%|██████████| 50/50 [00:16<00:00,  3.00it/s]
[I 2023-12-11 20:32:45,613] Trial 74 finished with value: 0.4380584890333063 and parameters: {'EMBEDDING_DIM': 32, 'HIDDEN_DIM': 962, 'NUM_LAYERS': 1, 'DROPOUT': 0.0988678785042039, 'LR': 0.0076023384339114234, 'WEIGHT_0': 0.6286255850174179, 'WEIGHT_1': 0.13817328234835466, 'WEIGHT_2': 0.3107546982074691, 'WEIGHT_3': 0.07149206858943413, 'WEIGHT_4': 0.81092750984714, 'WEIGHT_5': 0.20131103467753056, 'WEIGHT_6': 0.06176389101346044, 'WEIGHT_7': 0.7621292029556122, 'WEIGHT_8': 0.5546041511672081}. Best is trial 42 with value: 0.44962374581939796.
{'EMBEDDING_DIM': 32, 'HIDDEN_DIM': 962, 'NUM_LAYERS': 1, 'DROPOUT': 0.0988678785042039, 'LR': 0.0076023384339114234, 'WEIGHT_0': 0.6286255850174179, 'WEIGHT_1': 0.13817328234835466, 'WEIGHT_2': 0.3107546982074691, 'WEIGHT_3': 0.07149206858943413, 'WEIGHT_4': 0.81092750984714, 'WEIGHT_5': 0.20131103467753056, 'WEIGHT_6': 0.06176389101346044, 'WEIGHT_7': 0.7621292029556122, 'WEIGHT_8': 0.5546041511672081}
0
              precision    recall  f1-score   support

         LOC       0.00      0.00      0.00      1837
        MISC       0.00      0.00      0.00       922
         ORG       0.00      0.00      0.00      1341
         PER       0.00      0.00      0.00      1842

   micro avg       0.00      0.00      0.00      5942
   macro avg       0.00      0.00      0.00      5942
weighted avg       0.00      0.00      0.00      5942

{'EMBEDDING_DIM': 32, 'HIDDEN_DIM': 962, 'NUM_LAYERS': 1, 'DROPOUT': 0.0988678785042039, 'LR': 0.0076023384339114234, 'WEIGHT_0': 0.6286255850174179, 'WEIGHT_1': 0.13817328234835466, 'WEIGHT_2': 0.3107546982074691, 'WEIGHT_3': 0.07149206858943413, 'WEIGHT_4': 0.81092750984714, 'WEIGHT_5': 0.20131103467753056, 'WEIGHT_6': 0.06176389101346044, 'WEIGHT_7': 0.7621292029556122, 'WEIGHT_8': 0.5546041511672081}
49
              precision    recall  f1-score   support

         LOC       0.79      0.56      0.66      1837
        MISC       0.59      0.51      0.55       922
         ORG       0.41      0.22      0.29      1341
         PER       0.33      0.19      0.24      1842

   micro avg       0.55      0.36      0.44      5942
   macro avg       0.53      0.37      0.43      5942
weighted avg       0.53      0.36      0.43      5942

epoch 49
Transformer

  0%|          | 0/50 [00:00<?, ?it/s]
  2%|▏         | 1/50 [00:06<05:02,  6.18s/it]
  4%|▍         | 2/50 [00:06<02:05,  2.61s/it]
  6%|▌         | 3/50 [00:06<01:08,  1.47s/it]
  8%|▊         | 4/50 [00:06<00:42,  1.08it/s]
 12%|█▏        | 6/50 [00:06<00:21,  2.05it/s]
 14%|█▍        | 7/50 [00:06<00:16,  2.60it/s]
 18%|█▊        | 9/50 [00:06<00:10,  3.89it/s]
 22%|██▏       | 11/50 [00:07<00:07,  5.12it/s]
 26%|██▌       | 13/50 [00:07<00:05,  6.27it/s]
 30%|███       | 15/50 [00:07<00:04,  7.25it/s]
 34%|███▍      | 17/50 [00:07<00:04,  8.08it/s]
 38%|███▊      | 19/50 [00:07<00:03,  8.70it/s]
 42%|████▏     | 21/50 [00:08<00:03,  9.12it/s]
 46%|████▌     | 23/50 [00:08<00:02,  9.58it/s]
 50%|█████     | 25/50 [00:08<00:02,  9.90it/s]
 54%|█████▍    | 27/50 [00:08<00:02, 10.14it/s]
 58%|█████▊    | 29/50 [00:08<00:02, 10.33it/s]
 62%|██████▏   | 31/50 [00:09<00:01, 10.48it/s]
 66%|██████▌   | 33/50 [00:09<00:01, 10.56it/s]
 70%|███████   | 35/50 [00:09<00:01, 10.59it/s]
 74%|███████▍  | 37/50 [00:09<00:01, 10.66it/s]
 78%|███████▊  | 39/50 [00:09<00:01, 10.70it/s]
 82%|████████▏ | 41/50 [00:10<00:00, 10.75it/s]
 86%|████████▌ | 43/50 [00:10<00:00, 10.76it/s]
 90%|█████████ | 45/50 [00:10<00:00, 10.74it/s]
 94%|█████████▍| 47/50 [00:10<00:00, 10.72it/s]
 98%|█████████▊| 49/50 [00:10<00:00, 10.74it/s]
100%|██████████| 50/50 [00:16<00:00,  2.98it/s]
[I 2023-12-11 20:33:07,862] Trial 75 finished with value: 0.4358343583435835 and parameters: {'EMBEDDING_DIM': 32, 'HIDDEN_DIM': 1285, 'NUM_LAYERS': 1, 'DROPOUT': 0.09662778775566445, 'LR': 0.009064186176046932, 'WEIGHT_0': 0.6392152192278825, 'WEIGHT_1': 0.2052144436531328, 'WEIGHT_2': 0.3043558814200861, 'WEIGHT_3': 0.1774993494417428, 'WEIGHT_4': 0.8162958926563152, 'WEIGHT_5': 0.2038418978316289, 'WEIGHT_6': 0.0625237728389785, 'WEIGHT_7': 0.7684391655148733, 'WEIGHT_8': 0.5185559355345809}. Best is trial 42 with value: 0.44962374581939796.
{'EMBEDDING_DIM': 32, 'HIDDEN_DIM': 1285, 'NUM_LAYERS': 1, 'DROPOUT': 0.09662778775566445, 'LR': 0.009064186176046932, 'WEIGHT_0': 0.6392152192278825, 'WEIGHT_1': 0.2052144436531328, 'WEIGHT_2': 0.3043558814200861, 'WEIGHT_3': 0.1774993494417428, 'WEIGHT_4': 0.8162958926563152, 'WEIGHT_5': 0.2038418978316289, 'WEIGHT_6': 0.0625237728389785, 'WEIGHT_7': 0.7684391655148733, 'WEIGHT_8': 0.5185559355345809}
0
              precision    recall  f1-score   support

         LOC       0.00      0.00      0.00      1837
        MISC       0.00      0.00      0.00       922
         ORG       0.00      0.00      0.00      1341
         PER       0.00      0.00      0.00      1842

   micro avg       0.00      0.00      0.00      5942
   macro avg       0.00      0.00      0.00      5942
weighted avg       0.00      0.00      0.00      5942

{'EMBEDDING_DIM': 32, 'HIDDEN_DIM': 1285, 'NUM_LAYERS': 1, 'DROPOUT': 0.09662778775566445, 'LR': 0.009064186176046932, 'WEIGHT_0': 0.6392152192278825, 'WEIGHT_1': 0.2052144436531328, 'WEIGHT_2': 0.3043558814200861, 'WEIGHT_3': 0.1774993494417428, 'WEIGHT_4': 0.8162958926563152, 'WEIGHT_5': 0.2038418978316289, 'WEIGHT_6': 0.0625237728389785, 'WEIGHT_7': 0.7684391655148733, 'WEIGHT_8': 0.5185559355345809}
49
              precision    recall  f1-score   support

         LOC       0.76      0.58      0.66      1837
        MISC       0.55      0.48      0.51       922
         ORG       0.40      0.21      0.28      1341
         PER       0.37      0.18      0.24      1842

   micro avg       0.56      0.36      0.44      5942
   macro avg       0.52      0.36      0.42      5942
weighted avg       0.53      0.36      0.42      5942

epoch 49
Transformer

  0%|          | 0/50 [00:00<?, ?it/s]
  2%|▏         | 1/50 [00:06<05:11,  6.36s/it]
  4%|▍         | 2/50 [00:06<02:08,  2.69s/it]
  6%|▌         | 3/50 [00:06<01:11,  1.51s/it]
  8%|▊         | 4/50 [00:06<00:44,  1.04it/s]
 10%|█         | 5/50 [00:06<00:29,  1.54it/s]
 12%|█▏        | 6/50 [00:06<00:20,  2.16it/s]
 14%|█▍        | 7/50 [00:07<00:15,  2.86it/s]
 18%|█▊        | 9/50 [00:07<00:09,  4.38it/s]
 22%|██▏       | 11/50 [00:07<00:06,  5.71it/s]
 26%|██▌       | 13/50 [00:07<00:05,  6.81it/s]
 30%|███       | 15/50 [00:07<00:04,  7.69it/s]
 34%|███▍      | 17/50 [00:07<00:03,  8.38it/s]
 38%|███▊      | 19/50 [00:08<00:03,  8.89it/s]
 42%|████▏     | 21/50 [00:08<00:03,  9.27it/s]
 46%|████▌     | 23/50 [00:08<00:02,  9.54it/s]
 50%|█████     | 25/50 [00:08<00:02,  9.73it/s]
 54%|█████▍    | 27/50 [00:08<00:02,  9.79it/s]
 58%|█████▊    | 29/50 [00:09<00:02,  9.35it/s]
 60%|██████    | 30/50 [00:09<00:02,  9.00it/s]
 64%|██████▍   | 32/50 [00:09<00:01,  9.38it/s]
 68%|██████▊   | 34/50 [00:09<00:01,  9.63it/s]
 72%|███████▏  | 36/50 [00:09<00:01,  9.81it/s]
 76%|███████▌  | 38/50 [00:10<00:01,  9.91it/s]
 80%|████████  | 40/50 [00:10<00:01,  9.98it/s]
 84%|████████▍ | 42/50 [00:10<00:00, 10.05it/s]
 88%|████████▊ | 44/50 [00:10<00:00, 10.08it/s]
 92%|█████████▏| 46/50 [00:10<00:00, 10.10it/s]
 96%|█████████▌| 48/50 [00:11<00:00, 10.13it/s]
100%|██████████| 50/50 [00:17<00:00,  1.00it/s]
100%|██████████| 50/50 [00:17<00:00,  2.89it/s]
