[I 2023-12-11 20:11:04,036] Trial 41 finished with value: 0.41927216811891344 and parameters: {'EMBEDDING_DIM': 32, 'HIDDEN_DIM': 399, 'NUM_LAYERS': 1, 'DROPOUT': 0.10084198279534023, 'LR': 0.006733172979976209, 'WEIGHT_0': 0.9347832854416868, 'WEIGHT_1': 0.2712243286405792, 'WEIGHT_2': 0.2553522754365311, 'WEIGHT_3': 0.203538497966297, 'WEIGHT_4': 0.8626980406435497, 'WEIGHT_5': 0.17789727807795602, 'WEIGHT_6': 0.09713075881494639, 'WEIGHT_7': 0.8416476239203642, 'WEIGHT_8': 0.45907156844816205}. Best is trial 12 with value: 0.4422704575563029.
{'EMBEDDING_DIM': 32, 'HIDDEN_DIM': 399, 'NUM_LAYERS': 1, 'DROPOUT': 0.10084198279534023, 'LR': 0.006733172979976209, 'WEIGHT_0': 0.9347832854416868, 'WEIGHT_1': 0.2712243286405792, 'WEIGHT_2': 0.2553522754365311, 'WEIGHT_3': 0.203538497966297, 'WEIGHT_4': 0.8626980406435497, 'WEIGHT_5': 0.17789727807795602, 'WEIGHT_6': 0.09713075881494639, 'WEIGHT_7': 0.8416476239203642, 'WEIGHT_8': 0.45907156844816205}
0
              precision    recall  f1-score   support

         LOC       0.00      0.00      0.00      1837
        MISC       0.00      0.00      0.00       922
         ORG       0.00      0.00      0.00      1341
         PER       0.00      0.00      0.00      1842

   micro avg       0.00      0.00      0.00      5942
   macro avg       0.00      0.00      0.00      5942
weighted avg       0.00      0.00      0.00      5942

{'EMBEDDING_DIM': 32, 'HIDDEN_DIM': 399, 'NUM_LAYERS': 1, 'DROPOUT': 0.10084198279534023, 'LR': 0.006733172979976209, 'WEIGHT_0': 0.9347832854416868, 'WEIGHT_1': 0.2712243286405792, 'WEIGHT_2': 0.2553522754365311, 'WEIGHT_3': 0.203538497966297, 'WEIGHT_4': 0.8626980406435497, 'WEIGHT_5': 0.17789727807795602, 'WEIGHT_6': 0.09713075881494639, 'WEIGHT_7': 0.8416476239203642, 'WEIGHT_8': 0.45907156844816205}
49
              precision    recall  f1-score   support

         LOC       0.77      0.56      0.65      1837
        MISC       0.58      0.44      0.50       922
         ORG       0.36      0.21      0.27      1341
         PER       0.33      0.18      0.23      1842

   micro avg       0.54      0.34      0.42      5942
   macro avg       0.51      0.35      0.41      5942
weighted avg       0.51      0.34      0.41      5942

epoch 49
Transformer

  0%|          | 0/50 [00:00<?, ?it/s]
  2%|▏         | 1/50 [00:06<04:54,  6.00s/it]
  4%|▍         | 2/50 [00:06<02:01,  2.53s/it]
  6%|▌         | 3/50 [00:06<01:06,  1.43s/it]
  8%|▊         | 4/50 [00:06<00:41,  1.10it/s]
 10%|█         | 5/50 [00:06<00:28,  1.61it/s]
 12%|█▏        | 6/50 [00:06<00:20,  2.19it/s]
 14%|█▍        | 7/50 [00:06<00:14,  2.89it/s]
 16%|█▌        | 8/50 [00:06<00:11,  3.66it/s]
 18%|█▊        | 9/50 [00:06<00:09,  4.45it/s]
 20%|██        | 10/50 [00:07<00:07,  5.21it/s]
 22%|██▏       | 11/50 [00:07<00:06,  5.91it/s]
 24%|██▍       | 12/50 [00:07<00:05,  6.71it/s]
 28%|██▊       | 14/50 [00:07<00:04,  8.12it/s]
 32%|███▏      | 16/50 [00:07<00:03,  9.06it/s]
 36%|███▌      | 18/50 [00:07<00:03,  9.69it/s]
 40%|████      | 20/50 [00:08<00:02, 10.10it/s]
 44%|████▍     | 22/50 [00:08<00:02, 10.37it/s]
 48%|████▊     | 24/50 [00:08<00:02, 10.58it/s]
 52%|█████▏    | 26/50 [00:08<00:02, 10.75it/s]
 56%|█████▌    | 28/50 [00:08<00:02, 10.60it/s]
 60%|██████    | 30/50 [00:09<00:02,  9.37it/s]
 62%|██████▏   | 31/50 [00:09<00:02,  8.99it/s]
 64%|██████▍   | 32/50 [00:09<00:02,  8.64it/s]
 66%|██████▌   | 33/50 [00:09<00:02,  8.19it/s]
 68%|██████▊   | 34/50 [00:09<00:02,  7.85it/s]
 70%|███████   | 35/50 [00:09<00:01,  7.60it/s]
 72%|███████▏  | 36/50 [00:09<00:01,  7.55it/s]
 74%|███████▍  | 37/50 [00:09<00:01,  7.91it/s]
 76%|███████▌  | 38/50 [00:10<00:01,  8.21it/s]
 78%|███████▊  | 39/50 [00:10<00:01,  8.44it/s]
 80%|████████  | 40/50 [00:10<00:01,  8.62it/s]
 82%|████████▏ | 41/50 [00:10<00:01,  8.75it/s]
 84%|████████▍ | 42/50 [00:10<00:00,  8.83it/s]
 86%|████████▌ | 43/50 [00:10<00:00,  8.91it/s]
 88%|████████▊ | 44/50 [00:10<00:00,  8.97it/s]
 90%|█████████ | 45/50 [00:10<00:00,  9.00it/s]
 92%|█████████▏| 46/50 [00:10<00:00,  9.02it/s]
 94%|█████████▍| 47/50 [00:11<00:00,  9.03it/s]
 96%|█████████▌| 48/50 [00:11<00:00,  9.04it/s]
 98%|█████████▊| 49/50 [00:11<00:00,  9.05it/s]
100%|██████████| 50/50 [00:18<00:00,  2.28s/it]
100%|██████████| 50/50 [00:18<00:00,  2.69it/s]
[I 2023-12-11 20:11:29,612] Trial 42 finished with value: 0.44962374581939796 and parameters: {'EMBEDDING_DIM': 32, 'HIDDEN_DIM': 240, 'NUM_LAYERS': 1, 'DROPOUT': 0.0752907980634454, 'LR': 0.006998067207522872, 'WEIGHT_0': 0.8953164993398837, 'WEIGHT_1': 0.24198038612473324, 'WEIGHT_2': 0.2821499628413177, 'WEIGHT_3': 0.0623938849843562, 'WEIGHT_4': 0.8052776337433062, 'WEIGHT_5': 0.25171569232823054, 'WEIGHT_6': 0.10351288745038821, 'WEIGHT_7': 0.9328508603612296, 'WEIGHT_8': 0.5088611466032507}. Best is trial 42 with value: 0.44962374581939796.
{'EMBEDDING_DIM': 32, 'HIDDEN_DIM': 240, 'NUM_LAYERS': 1, 'DROPOUT': 0.0752907980634454, 'LR': 0.006998067207522872, 'WEIGHT_0': 0.8953164993398837, 'WEIGHT_1': 0.24198038612473324, 'WEIGHT_2': 0.2821499628413177, 'WEIGHT_3': 0.0623938849843562, 'WEIGHT_4': 0.8052776337433062, 'WEIGHT_5': 0.25171569232823054, 'WEIGHT_6': 0.10351288745038821, 'WEIGHT_7': 0.9328508603612296, 'WEIGHT_8': 0.5088611466032507}
0
              precision    recall  f1-score   support

         LOC       0.00      0.00      0.00      1837
        MISC       0.00      0.00      0.00       922
         ORG       0.00      0.00      0.00      1341
         PER       0.00      0.00      0.00      1842

   micro avg       0.00      0.00      0.00      5942
   macro avg       0.00      0.00      0.00      5942
weighted avg       0.00      0.00      0.00      5942

{'EMBEDDING_DIM': 32, 'HIDDEN_DIM': 240, 'NUM_LAYERS': 1, 'DROPOUT': 0.0752907980634454, 'LR': 0.006998067207522872, 'WEIGHT_0': 0.8953164993398837, 'WEIGHT_1': 0.24198038612473324, 'WEIGHT_2': 0.2821499628413177, 'WEIGHT_3': 0.0623938849843562, 'WEIGHT_4': 0.8052776337433062, 'WEIGHT_5': 0.25171569232823054, 'WEIGHT_6': 0.10351288745038821, 'WEIGHT_7': 0.9328508603612296, 'WEIGHT_8': 0.5088611466032507}
49
              precision    recall  f1-score   support

         LOC       0.79      0.58      0.67      1837
        MISC       0.67      0.50      0.57       922
         ORG       0.41      0.23      0.29      1341
         PER       0.38      0.18      0.24      1842

   micro avg       0.59      0.36      0.45      5942
   macro avg       0.56      0.37      0.44      5942
weighted avg       0.56      0.36      0.44      5942

epoch 49
Transformer

  0%|          | 0/50 [00:00<?, ?it/s]
  2%|▏         | 1/50 [00:07<05:56,  7.29s/it]
  4%|▍         | 2/50 [00:07<02:27,  3.07s/it]
  6%|▌         | 3/50 [00:07<01:20,  1.72s/it]
  8%|▊         | 4/50 [00:07<00:50,  1.09s/it]
 10%|█         | 5/50 [00:07<00:33,  1.35it/s]
 12%|█▏        | 6/50 [00:07<00:23,  1.89it/s]
 14%|█▍        | 7/50 [00:07<00:16,  2.53it/s]
 16%|█▌        | 8/50 [00:08<00:12,  3.25it/s]
 18%|█▊        | 9/50 [00:08<00:10,  3.96it/s]
 20%|██        | 10/50 [00:08<00:08,  4.77it/s]
 22%|██▏       | 11/50 [00:08<00:07,  5.49it/s]
 24%|██▍       | 12/50 [00:08<00:06,  6.21it/s]
 26%|██▌       | 13/50 [00:08<00:05,  6.91it/s]
 28%|██▊       | 14/50 [00:08<00:04,  7.50it/s]
 30%|███       | 15/50 [00:08<00:04,  7.90it/s]
 32%|███▏      | 16/50 [00:09<00:04,  8.06it/s]
 34%|███▍      | 17/50 [00:09<00:04,  8.16it/s]
 36%|███▌      | 18/50 [00:09<00:03,  8.43it/s]
 40%|████      | 20/50 [00:09<00:03,  9.48it/s]
 44%|████▍     | 22/50 [00:09<00:02, 10.02it/s]
 48%|████▊     | 24/50 [00:09<00:02, 10.35it/s]
 52%|█████▏    | 26/50 [00:09<00:02, 10.55it/s]
 56%|█████▌    | 28/50 [00:10<00:02, 10.69it/s]
 60%|██████    | 30/50 [00:10<00:01, 10.78it/s]
 64%|██████▍   | 32/50 [00:10<00:01, 10.85it/s]
 68%|██████▊   | 34/50 [00:10<00:01, 10.86it/s]
 72%|███████▏  | 36/50 [00:10<00:01, 10.72it/s]
 76%|███████▌  | 38/50 [00:11<00:01, 10.78it/s]
 80%|████████  | 40/50 [00:11<00:00, 10.86it/s]
 84%|████████▍ | 42/50 [00:11<00:00, 10.89it/s]
 88%|████████▊ | 44/50 [00:11<00:00, 10.90it/s]
 92%|█████████▏| 46/50 [00:11<00:00, 10.93it/s]
 96%|█████████▌| 48/50 [00:12<00:00, 10.95it/s]
100%|██████████| 50/50 [00:18<00:00,  1.01it/s]
100%|██████████| 50/50 [00:18<00:00,  2.76it/s]
[I 2023-12-11 20:11:53,718] Trial 43 finished with value: 0.4104544104544105 and parameters: {'EMBEDDING_DIM': 32, 'HIDDEN_DIM': 296, 'NUM_LAYERS': 1, 'DROPOUT': 0.07738208166241538, 'LR': 0.007981603809268363, 'WEIGHT_0': 0.8781545359801504, 'WEIGHT_1': 0.3879345349514769, 'WEIGHT_2': 0.36970981920199397, 'WEIGHT_3': 0.0647761786980583, 'WEIGHT_4': 0.806407929260829, 'WEIGHT_5': 0.27406780171055767, 'WEIGHT_6': 0.044998623820280345, 'WEIGHT_7': 0.9385740592385878, 'WEIGHT_8': 0.5117476849660378}. Best is trial 42 with value: 0.44962374581939796.
{'EMBEDDING_DIM': 32, 'HIDDEN_DIM': 296, 'NUM_LAYERS': 1, 'DROPOUT': 0.07738208166241538, 'LR': 0.007981603809268363, 'WEIGHT_0': 0.8781545359801504, 'WEIGHT_1': 0.3879345349514769, 'WEIGHT_2': 0.36970981920199397, 'WEIGHT_3': 0.0647761786980583, 'WEIGHT_4': 0.806407929260829, 'WEIGHT_5': 0.27406780171055767, 'WEIGHT_6': 0.044998623820280345, 'WEIGHT_7': 0.9385740592385878, 'WEIGHT_8': 0.5117476849660378}
0
              precision    recall  f1-score   support

         LOC       0.00      0.00      0.00      1837
        MISC       0.00      0.00      0.00       922
         ORG       0.00      0.00      0.00      1341
         PER       0.00      0.00      0.00      1842

   micro avg       0.00      0.00      0.00      5942
   macro avg       0.00      0.00      0.00      5942
weighted avg       0.00      0.00      0.00      5942

{'EMBEDDING_DIM': 32, 'HIDDEN_DIM': 296, 'NUM_LAYERS': 1, 'DROPOUT': 0.07738208166241538, 'LR': 0.007981603809268363, 'WEIGHT_0': 0.8781545359801504, 'WEIGHT_1': 0.3879345349514769, 'WEIGHT_2': 0.36970981920199397, 'WEIGHT_3': 0.0647761786980583, 'WEIGHT_4': 0.806407929260829, 'WEIGHT_5': 0.27406780171055767, 'WEIGHT_6': 0.044998623820280345, 'WEIGHT_7': 0.9385740592385878, 'WEIGHT_8': 0.5117476849660378}
49
              precision    recall  f1-score   support

         LOC       0.73      0.55      0.63      1837
        MISC       0.60      0.47      0.52       922
         ORG       0.27      0.22      0.24      1341
         PER       0.34      0.18      0.24      1842

   micro avg       0.50      0.35      0.41      5942
   macro avg       0.48      0.35      0.41      5942
weighted avg       0.49      0.35      0.40      5942

epoch 49
Transformer

  0%|          | 0/50 [00:00<?, ?it/s]
  2%|▏         | 1/50 [00:06<04:54,  6.01s/it]
  6%|▌         | 3/50 [00:06<01:16,  1.63s/it]
 10%|█         | 5/50 [00:06<00:37,  1.19it/s]
 14%|█▍        | 7/50 [00:06<00:22,  1.89it/s]
 18%|█▊        | 9/50 [00:06<00:15,  2.73it/s]
 20%|██        | 10/50 [00:06<00:12,  3.20it/s]
 24%|██▍       | 12/50 [00:07<00:08,  4.37it/s]
 28%|██▊       | 14/50 [00:07<00:06,  5.54it/s]
 32%|███▏      | 16/50 [00:07<00:05,  6.63it/s]
 36%|███▌      | 18/50 [00:07<00:04,  7.59it/s]
 40%|████      | 20/50 [00:07<00:03,  8.41it/s]
 44%|████▍     | 22/50 [00:08<00:03,  9.07it/s]
 48%|████▊     | 24/50 [00:08<00:02,  9.58it/s]
 52%|█████▏    | 26/50 [00:08<00:02,  9.96it/s]
 56%|█████▌    | 28/50 [00:08<00:02, 10.23it/s]
 60%|██████    | 30/50 [00:08<00:01, 10.44it/s]
 64%|██████▍   | 32/50 [00:08<00:01, 10.60it/s]
 68%|██████▊   | 34/50 [00:09<00:01, 10.72it/s]
 72%|███████▏  | 36/50 [00:09<00:01, 10.79it/s]
 76%|███████▌  | 38/50 [00:09<00:01, 10.84it/s]
 80%|████████  | 40/50 [00:09<00:00, 10.87it/s]
 84%|████████▍ | 42/50 [00:09<00:00, 10.89it/s]
 88%|████████▊ | 44/50 [00:10<00:00, 10.91it/s]
 92%|█████████▏| 46/50 [00:10<00:00, 10.93it/s]
 96%|█████████▌| 48/50 [00:10<00:00, 10.93it/s]
100%|██████████| 50/50 [00:16<00:00,  1.02it/s]
100%|██████████| 50/50 [00:16<00:00,  3.03it/s]
[I 2023-12-11 20:12:16,189] Trial 44 finished with value: 0.43504964684205144 and parameters: {'EMBEDDING_DIM': 32, 'HIDDEN_DIM': 723, 'NUM_LAYERS': 1, 'DROPOUT': 0.02481682308595376, 'LR': 0.006293619087484207, 'WEIGHT_0': 0.8152024327387705, 'WEIGHT_1': 0.15862643591647924, 'WEIGHT_2': 0.4136754050242571, 'WEIGHT_3': 0.055638393056299834, 'WEIGHT_4': 0.9454632542689974, 'WEIGHT_5': 0.2551646080935964, 'WEIGHT_6': 0.19024931415440682, 'WEIGHT_7': 0.8819077549537037, 'WEIGHT_8': 0.6556101837577988}. Best is trial 42 with value: 0.44962374581939796.
{'EMBEDDING_DIM': 32, 'HIDDEN_DIM': 723, 'NUM_LAYERS': 1, 'DROPOUT': 0.02481682308595376, 'LR': 0.006293619087484207, 'WEIGHT_0': 0.8152024327387705, 'WEIGHT_1': 0.15862643591647924, 'WEIGHT_2': 0.4136754050242571, 'WEIGHT_3': 0.055638393056299834, 'WEIGHT_4': 0.9454632542689974, 'WEIGHT_5': 0.2551646080935964, 'WEIGHT_6': 0.19024931415440682, 'WEIGHT_7': 0.8819077549537037, 'WEIGHT_8': 0.6556101837577988}
0
              precision    recall  f1-score   support

         LOC       0.00      0.00      0.00      1837
        MISC       0.00      0.00      0.00       922
         ORG       0.00      0.00      0.00      1341
         PER       0.00      0.00      0.00      1842

   micro avg       0.00      0.00      0.00      5942
   macro avg       0.00      0.00      0.00      5942
weighted avg       0.00      0.00      0.00      5942

{'EMBEDDING_DIM': 32, 'HIDDEN_DIM': 723, 'NUM_LAYERS': 1, 'DROPOUT': 0.02481682308595376, 'LR': 0.006293619087484207, 'WEIGHT_0': 0.8152024327387705, 'WEIGHT_1': 0.15862643591647924, 'WEIGHT_2': 0.4136754050242571, 'WEIGHT_3': 0.055638393056299834, 'WEIGHT_4': 0.9454632542689974, 'WEIGHT_5': 0.2551646080935964, 'WEIGHT_6': 0.19024931415440682, 'WEIGHT_7': 0.8819077549537037, 'WEIGHT_8': 0.6556101837577988}
49
              precision    recall  f1-score   support

         LOC       0.76      0.57      0.65      1837
        MISC       0.60      0.49      0.54       922
         ORG       0.38      0.23      0.28      1341
         PER       0.36      0.18      0.24      1842

   micro avg       0.56      0.36      0.44      5942
   macro avg       0.53      0.37      0.43      5942
weighted avg       0.53      0.36      0.42      5942

epoch 49
Transformer

  0%|          | 0/50 [00:00<?, ?it/s]
  2%|▏         | 1/50 [00:06<05:11,  6.35s/it]
  4%|▍         | 2/50 [00:06<02:16,  2.84s/it]
  6%|▌         | 3/50 [00:07<01:20,  1.71s/it]
  8%|▊         | 4/50 [00:07<00:54,  1.18s/it]
 10%|█         | 5/50 [00:07<00:39,  1.13it/s]
 12%|█▏        | 6/50 [00:08<00:31,  1.41it/s]
 14%|█▍        | 7/50 [00:08<00:25,  1.68it/s]
 16%|█▌        | 8/50 [00:08<00:21,  1.91it/s]
 18%|█▊        | 9/50 [00:09<00:19,  2.10it/s]
 20%|██        | 10/50 [00:09<00:17,  2.26it/s]
 22%|██▏       | 11/50 [00:10<00:16,  2.39it/s]
 24%|██▍       | 12/50 [00:10<00:15,  2.48it/s]
 26%|██▌       | 13/50 [00:10<00:14,  2.55it/s]
 28%|██▊       | 14/50 [00:11<00:13,  2.60it/s]
 30%|███       | 15/50 [00:11<00:13,  2.64it/s]
 32%|███▏      | 16/50 [00:11<00:12,  2.67it/s]
 34%|███▍      | 17/50 [00:12<00:12,  2.68it/s]
 36%|███▌      | 18/50 [00:12<00:11,  2.70it/s]
 38%|███▊      | 19/50 [00:12<00:11,  2.70it/s]
 40%|████      | 20/50 [00:13<00:11,  2.71it/s]
 42%|████▏     | 21/50 [00:13<00:10,  2.72it/s]
 44%|████▍     | 22/50 [00:14<00:10,  2.72it/s]
 46%|████▌     | 23/50 [00:14<00:09,  2.72it/s]
 48%|████▊     | 24/50 [00:14<00:09,  2.72it/s]
 50%|█████     | 25/50 [00:15<00:09,  2.72it/s]
 52%|█████▏    | 26/50 [00:15<00:08,  2.72it/s]
 54%|█████▍    | 27/50 [00:15<00:08,  2.72it/s]
 56%|█████▌    | 28/50 [00:16<00:08,  2.72it/s]
 58%|█████▊    | 29/50 [00:16<00:07,  2.70it/s]
 60%|██████    | 30/50 [00:17<00:07,  2.70it/s]
 62%|██████▏   | 31/50 [00:17<00:07,  2.70it/s]
 64%|██████▍   | 32/50 [00:17<00:06,  2.70it/s]
 66%|██████▌   | 33/50 [00:18<00:06,  2.70it/s]
 68%|██████▊   | 34/50 [00:18<00:05,  2.70it/s]
 70%|███████   | 35/50 [00:18<00:05,  2.70it/s]
 72%|███████▏  | 36/50 [00:19<00:05,  2.71it/s]
 74%|███████▍  | 37/50 [00:19<00:04,  2.71it/s]
 76%|███████▌  | 38/50 [00:19<00:04,  2.71it/s]
 78%|███████▊  | 39/50 [00:20<00:04,  2.71it/s]
 80%|████████  | 40/50 [00:20<00:03,  2.71it/s]
 82%|████████▏ | 41/50 [00:21<00:03,  2.71it/s]
 84%|████████▍ | 42/50 [00:21<00:02,  2.71it/s]
 86%|████████▌ | 43/50 [00:21<00:02,  2.71it/s]
 88%|████████▊ | 44/50 [00:22<00:02,  2.70it/s]
 90%|█████████ | 45/50 [00:22<00:01,  2.71it/s]
 92%|█████████▏| 46/50 [00:22<00:01,  2.71it/s]
 94%|█████████▍| 47/50 [00:23<00:01,  2.71it/s]
 96%|█████████▌| 48/50 [00:23<00:00,  2.71it/s]
 98%|█████████▊| 49/50 [00:24<00:00,  2.71it/s]
100%|██████████| 50/50 [00:31<00:00,  2.56s/it]
100%|██████████| 50/50 [00:31<00:00,  1.58it/s]
[I 2023-12-11 20:12:55,219] Trial 45 finished with value: 0.12589729431253452 and parameters: {'EMBEDDING_DIM': 512, 'HIDDEN_DIM': 722, 'NUM_LAYERS': 1, 'DROPOUT': 0.035100456744225184, 'LR': 0.006291876162674783, 'WEIGHT_0': 0.9918026986187125, 'WEIGHT_1': 0.157724367704915, 'WEIGHT_2': 0.5122646540097342, 'WEIGHT_3': 0.1354843135089664, 'WEIGHT_4': 0.9646253654709372, 'WEIGHT_5': 0.3326771468400662, 'WEIGHT_6': 0.20322343999907289, 'WEIGHT_7': 0.9480152883685138, 'WEIGHT_8': 0.6565166928245773}. Best is trial 42 with value: 0.44962374581939796.
{'EMBEDDING_DIM': 512, 'HIDDEN_DIM': 722, 'NUM_LAYERS': 1, 'DROPOUT': 0.035100456744225184, 'LR': 0.006291876162674783, 'WEIGHT_0': 0.9918026986187125, 'WEIGHT_1': 0.157724367704915, 'WEIGHT_2': 0.5122646540097342, 'WEIGHT_3': 0.1354843135089664, 'WEIGHT_4': 0.9646253654709372, 'WEIGHT_5': 0.3326771468400662, 'WEIGHT_6': 0.20322343999907289, 'WEIGHT_7': 0.9480152883685138, 'WEIGHT_8': 0.6565166928245773}
0
              precision    recall  f1-score   support

         LOC       0.00      0.00      0.00      1837
        MISC       0.00      0.00      0.00       922
         ORG       0.00      0.00      0.00      1341
         PER       0.00      0.00      0.00      1842

   micro avg       0.00      0.00      0.00      5942
   macro avg       0.00      0.00      0.00      5942
weighted avg       0.00      0.00      0.00      5942

{'EMBEDDING_DIM': 512, 'HIDDEN_DIM': 722, 'NUM_LAYERS': 1, 'DROPOUT': 0.035100456744225184, 'LR': 0.006291876162674783, 'WEIGHT_0': 0.9918026986187125, 'WEIGHT_1': 0.157724367704915, 'WEIGHT_2': 0.5122646540097342, 'WEIGHT_3': 0.1354843135089664, 'WEIGHT_4': 0.9646253654709372, 'WEIGHT_5': 0.3326771468400662, 'WEIGHT_6': 0.20322343999907289, 'WEIGHT_7': 0.9480152883685138, 'WEIGHT_8': 0.6565166928245773}
49
              precision    recall  f1-score   support

         LOC       0.16      0.24      0.19      1837
        MISC       0.09      0.06      0.07       922
         ORG       0.00      0.00      0.00      1341
         PER       0.12      0.10      0.11      1842

   micro avg       0.14      0.12      0.13      5942
   macro avg       0.09      0.10      0.09      5942
weighted avg       0.10      0.12      0.10      5942

epoch 49
Transformer

  0%|          | 0/50 [00:00<?, ?it/s]
  2%|▏         | 1/50 [00:07<05:55,  7.26s/it]
  4%|▍         | 2/50 [00:07<02:26,  3.05s/it]
  6%|▌         | 3/50 [00:07<01:20,  1.71s/it]
  8%|▊         | 4/50 [00:07<00:49,  1.08s/it]
 10%|█         | 5/50 [00:07<00:32,  1.37it/s]
 12%|█▏        | 6/50 [00:07<00:22,  1.92it/s]
 14%|█▍        | 7/50 [00:07<00:16,  2.57it/s]
 16%|█▌        | 8/50 [00:08<00:12,  3.32it/s]
 18%|█▊        | 9/50 [00:08<00:09,  4.12it/s]
 20%|██        | 10/50 [00:08<00:08,  4.91it/s]
 22%|██▏       | 11/50 [00:08<00:06,  5.68it/s]
 24%|██▍       | 12/50 [00:08<00:05,  6.37it/s]
 26%|██▌       | 13/50 [00:08<00:05,  6.97it/s]
 28%|██▊       | 14/50 [00:08<00:04,  7.40it/s]
 30%|███       | 15/50 [00:08<00:04,  7.75it/s]
 32%|███▏      | 16/50 [00:08<00:04,  8.03it/s]
 34%|███▍      | 17/50 [00:09<00:04,  8.22it/s]
 36%|███▌      | 18/50 [00:09<00:03,  8.37it/s]
 38%|███▊      | 19/50 [00:09<00:03,  8.49it/s]
 40%|████      | 20/50 [00:09<00:03,  8.58it/s]
 42%|████▏     | 21/50 [00:09<00:03,  8.64it/s]
 44%|████▍     | 22/50 [00:09<00:03,  8.71it/s]
 46%|████▌     | 23/50 [00:09<00:03,  8.73it/s]
 48%|████▊     | 24/50 [00:09<00:02,  8.76it/s]
 50%|█████     | 25/50 [00:09<00:02,  8.75it/s]
 52%|█████▏    | 26/50 [00:10<00:02,  8.75it/s]
 54%|█████▍    | 27/50 [00:10<00:02,  8.78it/s]
 56%|█████▌    | 28/50 [00:10<00:02,  8.74it/s]
 58%|█████▊    | 29/50 [00:10<00:02,  8.74it/s]
 60%|██████    | 30/50 [00:10<00:02,  8.73it/s]
 62%|██████▏   | 31/50 [00:10<00:02,  8.76it/s]
 64%|██████▍   | 32/50 [00:10<00:02,  8.77it/s]
 66%|██████▌   | 33/50 [00:10<00:01,  8.79it/s]
 68%|██████▊   | 34/50 [00:11<00:01,  8.79it/s]
 70%|███████   | 35/50 [00:11<00:01,  8.79it/s]
 72%|███████▏  | 36/50 [00:11<00:01,  8.79it/s]
 74%|███████▍  | 37/50 [00:11<00:01,  8.79it/s]
 76%|███████▌  | 38/50 [00:11<00:01,  8.76it/s]
 78%|███████▊  | 39/50 [00:11<00:01,  8.72it/s]
 80%|████████  | 40/50 [00:11<00:01,  8.76it/s]
 82%|████████▏ | 41/50 [00:11<00:01,  8.78it/s]
 84%|████████▍ | 42/50 [00:11<00:00,  8.74it/s]
 86%|████████▌ | 43/50 [00:12<00:00,  8.75it/s]
 88%|████████▊ | 44/50 [00:12<00:00,  8.75it/s]
 90%|█████████ | 45/50 [00:12<00:00,  8.77it/s]
 92%|█████████▏| 46/50 [00:12<00:00,  8.77it/s]
 94%|█████████▍| 47/50 [00:12<00:00,  8.75it/s]
 96%|█████████▌| 48/50 [00:12<00:00,  8.77it/s]
 98%|█████████▊| 49/50 [00:12<00:00,  8.81it/s]
100%|██████████| 50/50 [00:20<00:00,  2.32s/it]
100%|██████████| 50/50 [00:20<00:00,  2.47it/s]
