[I 2023-12-11 19:32:54,563] Trial 3 finished with value: 0.0 and parameters: {'EMBEDDING_DIM': 1024, 'HIDDEN_DIM': 2136, 'NUM_LAYERS': 2, 'DROPOUT': 0.21242402506861252, 'LR': 0.00833563161875249, 'WEIGHT_0': 0.5024491847242317, 'WEIGHT_1': 0.6363117167923825, 'WEIGHT_2': 0.1325819407487081, 'WEIGHT_3': 0.8115732467260262, 'WEIGHT_4': 0.6286366775971054, 'WEIGHT_5': 0.7605624276850096, 'WEIGHT_6': 0.5106905964069798, 'WEIGHT_7': 0.6469601861927973, 'WEIGHT_8': 0.834895349159793}. Best is trial 0 with value: 0.09900301414328774.
{'EMBEDDING_DIM': 1024, 'HIDDEN_DIM': 2136, 'NUM_LAYERS': 2, 'DROPOUT': 0.21242402506861252, 'LR': 0.00833563161875249, 'WEIGHT_0': 0.5024491847242317, 'WEIGHT_1': 0.6363117167923825, 'WEIGHT_2': 0.1325819407487081, 'WEIGHT_3': 0.8115732467260262, 'WEIGHT_4': 0.6286366775971054, 'WEIGHT_5': 0.7605624276850096, 'WEIGHT_6': 0.5106905964069798, 'WEIGHT_7': 0.6469601861927973, 'WEIGHT_8': 0.834895349159793}
0
              precision    recall  f1-score   support

         LOC       0.00      0.00      0.00      1837
        MISC       0.00      0.00      0.00       922
         ORG       0.00      0.00      0.00      1341
         PER       0.00      0.00      0.00      1842

   micro avg       0.00      0.00      0.00      5942
   macro avg       0.00      0.00      0.00      5942
weighted avg       0.00      0.00      0.00      5942

{'EMBEDDING_DIM': 1024, 'HIDDEN_DIM': 2136, 'NUM_LAYERS': 2, 'DROPOUT': 0.21242402506861252, 'LR': 0.00833563161875249, 'WEIGHT_0': 0.5024491847242317, 'WEIGHT_1': 0.6363117167923825, 'WEIGHT_2': 0.1325819407487081, 'WEIGHT_3': 0.8115732467260262, 'WEIGHT_4': 0.6286366775971054, 'WEIGHT_5': 0.7605624276850096, 'WEIGHT_6': 0.5106905964069798, 'WEIGHT_7': 0.6469601861927973, 'WEIGHT_8': 0.834895349159793}
49
              precision    recall  f1-score   support

         LOC       0.00      0.00      0.00      1837
        MISC       0.00      0.00      0.00       922
         ORG       0.00      0.00      0.00      1341
         PER       0.00      0.00      0.00      1842

   micro avg       0.00      0.00      0.00      5942
   macro avg       0.00      0.00      0.00      5942
weighted avg       0.00      0.00      0.00      5942

epoch 49
Transformer

  0%|          | 0/50 [00:00<?, ?it/s]
  2%|▏         | 1/50 [00:10<08:12, 10.05s/it]
  4%|▍         | 2/50 [00:10<03:28,  4.35s/it]
  6%|▌         | 3/50 [00:10<01:59,  2.55s/it]
  8%|▊         | 4/50 [00:11<01:21,  1.76s/it]
 10%|█         | 5/50 [00:11<00:59,  1.33s/it]
 12%|█▏        | 6/50 [00:12<00:46,  1.06s/it]
 14%|█▍        | 7/50 [00:13<00:38,  1.12it/s]
 16%|█▌        | 8/50 [00:13<00:33,  1.27it/s]
 18%|█▊        | 9/50 [00:14<00:29,  1.40it/s]
 20%|██        | 10/50 [00:14<00:26,  1.51it/s]
 22%|██▏       | 11/50 [00:15<00:24,  1.59it/s]
 24%|██▍       | 12/50 [00:15<00:23,  1.65it/s]
 26%|██▌       | 13/50 [00:16<00:21,  1.69it/s]
 28%|██▊       | 14/50 [00:16<00:20,  1.72it/s]
 30%|███       | 15/50 [00:17<00:20,  1.75it/s]
 32%|███▏      | 16/50 [00:18<00:19,  1.76it/s]
 34%|███▍      | 17/50 [00:18<00:18,  1.77it/s]
 36%|███▌      | 18/50 [00:19<00:17,  1.78it/s]
 38%|███▊      | 19/50 [00:19<00:17,  1.78it/s]
 40%|████      | 20/50 [00:20<00:16,  1.79it/s]
 42%|████▏     | 21/50 [00:20<00:16,  1.79it/s]
 44%|████▍     | 22/50 [00:21<00:15,  1.80it/s]
 46%|████▌     | 23/50 [00:21<00:14,  1.80it/s]
 48%|████▊     | 24/50 [00:22<00:14,  1.80it/s]
 50%|█████     | 25/50 [00:23<00:13,  1.80it/s]
 52%|█████▏    | 26/50 [00:23<00:13,  1.80it/s]
 54%|█████▍    | 27/50 [00:24<00:12,  1.80it/s]
 56%|█████▌    | 28/50 [00:24<00:12,  1.80it/s]
 58%|█████▊    | 29/50 [00:25<00:11,  1.80it/s]
 60%|██████    | 30/50 [00:25<00:11,  1.80it/s]
 62%|██████▏   | 31/50 [00:26<00:10,  1.80it/s]
 64%|██████▍   | 32/50 [00:26<00:09,  1.80it/s]
 66%|██████▌   | 33/50 [00:27<00:09,  1.80it/s]
 68%|██████▊   | 34/50 [00:28<00:08,  1.80it/s]
 70%|███████   | 35/50 [00:28<00:08,  1.82it/s]
 72%|███████▏  | 36/50 [00:29<00:07,  1.83it/s]
 74%|███████▍  | 37/50 [00:29<00:07,  1.83it/s]
 76%|███████▌  | 38/50 [00:30<00:06,  1.82it/s]
 78%|███████▊  | 39/50 [00:30<00:06,  1.82it/s]
 80%|████████  | 40/50 [00:31<00:05,  1.82it/s]
 82%|████████▏ | 41/50 [00:31<00:04,  1.81it/s]
 84%|████████▍ | 42/50 [00:32<00:04,  1.81it/s]
 86%|████████▌ | 43/50 [00:32<00:03,  1.81it/s]
 88%|████████▊ | 44/50 [00:33<00:03,  1.81it/s]
 90%|█████████ | 45/50 [00:34<00:02,  1.81it/s]
 92%|█████████▏| 46/50 [00:34<00:02,  1.80it/s]
 94%|█████████▍| 47/50 [00:35<00:01,  1.80it/s]
 96%|█████████▌| 48/50 [00:35<00:01,  1.81it/s]
 98%|█████████▊| 49/50 [00:36<00:00,  1.80it/s]
100%|██████████| 50/50 [00:46<00:00,  3.44s/it]
100%|██████████| 50/50 [00:46<00:00,  1.08it/s]
[I 2023-12-11 19:33:50,052] Trial 4 finished with value: 0.0 and parameters: {'EMBEDDING_DIM': 256, 'HIDDEN_DIM': 101, 'NUM_LAYERS': 3, 'DROPOUT': 0.3416262241499862, 'LR': 0.0068681142190202054, 'WEIGHT_0': 0.4957315541276377, 'WEIGHT_1': 0.4568901172083707, 'WEIGHT_2': 0.20017425382022247, 'WEIGHT_3': 0.1697351771453678, 'WEIGHT_4': 0.5375027347205854, 'WEIGHT_5': 0.8780091630898227, 'WEIGHT_6': 0.7373090811586389, 'WEIGHT_7': 0.14105565400775177, 'WEIGHT_8': 0.4486549300774716}. Best is trial 0 with value: 0.09900301414328774.
{'EMBEDDING_DIM': 256, 'HIDDEN_DIM': 101, 'NUM_LAYERS': 3, 'DROPOUT': 0.3416262241499862, 'LR': 0.0068681142190202054, 'WEIGHT_0': 0.4957315541276377, 'WEIGHT_1': 0.4568901172083707, 'WEIGHT_2': 0.20017425382022247, 'WEIGHT_3': 0.1697351771453678, 'WEIGHT_4': 0.5375027347205854, 'WEIGHT_5': 0.8780091630898227, 'WEIGHT_6': 0.7373090811586389, 'WEIGHT_7': 0.14105565400775177, 'WEIGHT_8': 0.4486549300774716}
0
              precision    recall  f1-score   support

         LOC       0.00      0.00      0.00      1837
        MISC       0.00      0.00      0.00       922
         ORG       0.00      0.00      0.00      1341
         PER       0.00      0.00      0.00      1842

   micro avg       0.00      0.00      0.00      5942
   macro avg       0.00      0.00      0.00      5942
weighted avg       0.00      0.00      0.00      5942

{'EMBEDDING_DIM': 256, 'HIDDEN_DIM': 101, 'NUM_LAYERS': 3, 'DROPOUT': 0.3416262241499862, 'LR': 0.0068681142190202054, 'WEIGHT_0': 0.4957315541276377, 'WEIGHT_1': 0.4568901172083707, 'WEIGHT_2': 0.20017425382022247, 'WEIGHT_3': 0.1697351771453678, 'WEIGHT_4': 0.5375027347205854, 'WEIGHT_5': 0.8780091630898227, 'WEIGHT_6': 0.7373090811586389, 'WEIGHT_7': 0.14105565400775177, 'WEIGHT_8': 0.4486549300774716}
49
              precision    recall  f1-score   support

         LOC       0.00      0.00      0.00      1837
        MISC       0.00      0.00      0.00       922
         ORG       0.00      0.00      0.00      1341
         PER       0.00      0.00      0.00      1842

   micro avg       0.00      0.00      0.00      5942
   macro avg       0.00      0.00      0.00      5942
weighted avg       0.00      0.00      0.00      5942

epoch 49
Transformer

  0%|          | 0/50 [00:00<?, ?it/s]
  2%|▏         | 1/50 [00:15<12:49, 15.71s/it]
  4%|▍         | 2/50 [00:19<07:11,  8.98s/it]
  6%|▌         | 3/50 [00:24<05:24,  6.90s/it]
  8%|▊         | 4/50 [00:28<04:32,  5.92s/it]
 10%|█         | 5/50 [00:33<04:02,  5.39s/it]
 12%|█▏        | 6/50 [00:37<03:43,  5.07s/it]
 14%|█▍        | 7/50 [00:42<03:29,  4.88s/it]
 16%|█▌        | 8/50 [00:46<03:19,  4.76s/it]
 18%|█▊        | 9/50 [00:51<03:12,  4.69s/it]
 20%|██        | 10/50 [00:55<03:06,  4.65s/it]
 22%|██▏       | 11/50 [01:00<03:01,  4.64s/it]
 24%|██▍       | 12/50 [01:05<02:55,  4.63s/it]
 26%|██▌       | 13/50 [01:09<02:50,  4.61s/it]
 28%|██▊       | 14/50 [01:14<02:45,  4.59s/it]
 30%|███       | 15/50 [01:18<02:40,  4.58s/it]
 32%|███▏      | 16/50 [01:23<02:35,  4.58s/it]
 34%|███▍      | 17/50 [01:27<02:31,  4.58s/it]
 36%|███▌      | 18/50 [01:32<02:26,  4.58s/it]
 38%|███▊      | 19/50 [01:37<02:22,  4.58s/it]
 40%|████      | 20/50 [01:41<02:17,  4.58s/it]
 42%|████▏     | 21/50 [01:46<02:13,  4.59s/it]
 44%|████▍     | 22/50 [01:50<02:08,  4.59s/it]
 46%|████▌     | 23/50 [01:55<02:03,  4.57s/it]
 48%|████▊     | 24/50 [01:59<01:58,  4.57s/it]
 50%|█████     | 25/50 [02:04<01:54,  4.56s/it]
 52%|█████▏    | 26/50 [02:08<01:49,  4.56s/it]
 54%|█████▍    | 27/50 [02:13<01:44,  4.56s/it]
 56%|█████▌    | 28/50 [02:18<01:40,  4.56s/it]
 58%|█████▊    | 29/50 [02:22<01:35,  4.57s/it]
 60%|██████    | 30/50 [02:27<01:31,  4.57s/it]
 62%|██████▏   | 31/50 [02:31<01:26,  4.58s/it]
 64%|██████▍   | 32/50 [02:36<01:22,  4.59s/it]
 66%|██████▌   | 33/50 [02:41<01:17,  4.58s/it]
 68%|██████▊   | 34/50 [02:45<01:13,  4.57s/it]
 70%|███████   | 35/50 [02:50<01:08,  4.56s/it]
 72%|███████▏  | 36/50 [02:54<01:03,  4.56s/it]
 74%|███████▍  | 37/50 [02:59<00:59,  4.56s/it]
 76%|███████▌  | 38/50 [03:03<00:54,  4.56s/it]
 78%|███████▊  | 39/50 [03:08<00:50,  4.57s/it]
 80%|████████  | 40/50 [03:12<00:45,  4.57s/it]
 82%|████████▏ | 41/50 [03:17<00:41,  4.58s/it]
 84%|████████▍ | 42/50 [03:22<00:36,  4.58s/it]
 86%|████████▌ | 43/50 [03:26<00:32,  4.59s/it]
 88%|████████▊ | 44/50 [03:31<00:27,  4.58s/it]
 90%|█████████ | 45/50 [03:35<00:22,  4.57s/it]
 92%|█████████▏| 46/50 [03:40<00:18,  4.56s/it]
 94%|█████████▍| 47/50 [03:44<00:13,  4.56s/it]
 96%|█████████▌| 48/50 [03:49<00:09,  4.57s/it]
 98%|█████████▊| 49/50 [03:54<00:04,  4.57s/it]
100%|██████████| 50/50 [04:10<00:00,  8.09s/it]
100%|██████████| 50/50 [04:10<00:00,  5.01s/it]
[I 2023-12-11 19:38:13,092] Trial 5 finished with value: 0.0 and parameters: {'EMBEDDING_DIM': 1024, 'HIDDEN_DIM': 2494, 'NUM_LAYERS': 4, 'DROPOUT': 0.13716131577908708, 'LR': 0.0007257281655611692, 'WEIGHT_0': 0.8801649194650497, 'WEIGHT_1': 0.16261829489521318, 'WEIGHT_2': 0.550058725445646, 'WEIGHT_3': 0.09445582632756522, 'WEIGHT_4': 0.8318442625308344, 'WEIGHT_5': 0.04256624883830795, 'WEIGHT_6': 0.9114628023658177, 'WEIGHT_7': 0.6184810020444769, 'WEIGHT_8': 0.13664082168860703}. Best is trial 0 with value: 0.09900301414328774.
{'EMBEDDING_DIM': 1024, 'HIDDEN_DIM': 2494, 'NUM_LAYERS': 4, 'DROPOUT': 0.13716131577908708, 'LR': 0.0007257281655611692, 'WEIGHT_0': 0.8801649194650497, 'WEIGHT_1': 0.16261829489521318, 'WEIGHT_2': 0.550058725445646, 'WEIGHT_3': 0.09445582632756522, 'WEIGHT_4': 0.8318442625308344, 'WEIGHT_5': 0.04256624883830795, 'WEIGHT_6': 0.9114628023658177, 'WEIGHT_7': 0.6184810020444769, 'WEIGHT_8': 0.13664082168860703}
0
              precision    recall  f1-score   support

         LOC       0.00      0.00      0.00      1837
        MISC       0.00      0.00      0.00       922
         ORG       0.00      0.00      0.00      1341
         PER       0.00      0.00      0.00      1842

   micro avg       0.00      0.00      0.00      5942
   macro avg       0.00      0.00      0.00      5942
weighted avg       0.00      0.00      0.00      5942

{'EMBEDDING_DIM': 1024, 'HIDDEN_DIM': 2494, 'NUM_LAYERS': 4, 'DROPOUT': 0.13716131577908708, 'LR': 0.0007257281655611692, 'WEIGHT_0': 0.8801649194650497, 'WEIGHT_1': 0.16261829489521318, 'WEIGHT_2': 0.550058725445646, 'WEIGHT_3': 0.09445582632756522, 'WEIGHT_4': 0.8318442625308344, 'WEIGHT_5': 0.04256624883830795, 'WEIGHT_6': 0.9114628023658177, 'WEIGHT_7': 0.6184810020444769, 'WEIGHT_8': 0.13664082168860703}
49
              precision    recall  f1-score   support

         LOC       0.00      0.00      0.00      1837
        MISC       0.00      0.00      0.00       922
         ORG       0.00      0.00      0.00      1341
         PER       0.00      0.00      0.00      1842

   micro avg       0.00      0.00      0.00      5942
   macro avg       0.00      0.00      0.00      5942
weighted avg       0.00      0.00      0.00      5942

epoch 49
Transformer

  0%|          | 0/50 [00:00<?, ?it/s]
  2%|▏         | 1/50 [00:07<06:19,  7.75s/it]
  4%|▍         | 2/50 [00:07<02:38,  3.30s/it]
  6%|▌         | 3/50 [00:08<01:27,  1.86s/it]
  8%|▊         | 4/50 [00:08<00:54,  1.19s/it]
 10%|█         | 5/50 [00:08<00:36,  1.22it/s]
 12%|█▏        | 6/50 [00:08<00:26,  1.68it/s]
 14%|█▍        | 7/50 [00:08<00:19,  2.22it/s]
 16%|█▌        | 8/50 [00:08<00:15,  2.80it/s]
 18%|█▊        | 9/50 [00:09<00:12,  3.39it/s]
 20%|██        | 10/50 [00:09<00:10,  3.96it/s]
 22%|██▏       | 11/50 [00:09<00:08,  4.48it/s]
 24%|██▍       | 12/50 [00:09<00:07,  4.92it/s]
 26%|██▌       | 13/50 [00:09<00:07,  5.28it/s]
 28%|██▊       | 14/50 [00:09<00:06,  5.57it/s]
 30%|███       | 15/50 [00:09<00:06,  5.79it/s]
 32%|███▏      | 16/50 [00:10<00:05,  5.95it/s]
 34%|███▍      | 17/50 [00:10<00:05,  6.07it/s]
 36%|███▌      | 18/50 [00:10<00:05,  6.15it/s]
 38%|███▊      | 19/50 [00:10<00:04,  6.21it/s]
 40%|████      | 20/50 [00:10<00:04,  6.26it/s]
 42%|████▏     | 21/50 [00:10<00:04,  6.29it/s]
 44%|████▍     | 22/50 [00:11<00:04,  6.31it/s]
 46%|████▌     | 23/50 [00:11<00:04,  6.33it/s]
 48%|████▊     | 24/50 [00:11<00:04,  6.34it/s]
 50%|█████     | 25/50 [00:11<00:03,  6.35it/s]
 52%|█████▏    | 26/50 [00:11<00:03,  6.35it/s]
 54%|█████▍    | 27/50 [00:11<00:03,  6.36it/s]
 56%|█████▌    | 28/50 [00:12<00:03,  6.36it/s]
 58%|█████▊    | 29/50 [00:12<00:03,  6.36it/s]
 60%|██████    | 30/50 [00:12<00:03,  6.36it/s]
 62%|██████▏   | 31/50 [00:12<00:02,  6.36it/s]
 64%|██████▍   | 32/50 [00:12<00:02,  6.36it/s]
 66%|██████▌   | 33/50 [00:12<00:02,  6.36it/s]
 68%|██████▊   | 34/50 [00:12<00:02,  6.36it/s]
 70%|███████   | 35/50 [00:13<00:02,  6.37it/s]
 72%|███████▏  | 36/50 [00:13<00:02,  6.37it/s]
 74%|███████▍  | 37/50 [00:13<00:02,  6.37it/s]
 76%|███████▌  | 38/50 [00:13<00:01,  6.36it/s]
 78%|███████▊  | 39/50 [00:13<00:01,  6.36it/s]
 80%|████████  | 40/50 [00:13<00:01,  6.36it/s]
 82%|████████▏ | 41/50 [00:14<00:01,  6.36it/s]
 84%|████████▍ | 42/50 [00:14<00:01,  6.36it/s]
 86%|████████▌ | 43/50 [00:14<00:01,  6.36it/s]
 88%|████████▊ | 44/50 [00:14<00:00,  6.36it/s]
 90%|█████████ | 45/50 [00:14<00:00,  6.36it/s]
 92%|█████████▏| 46/50 [00:14<00:00,  6.36it/s]
 94%|█████████▍| 47/50 [00:15<00:00,  6.36it/s]
 96%|█████████▌| 48/50 [00:15<00:00,  6.36it/s]
 98%|█████████▊| 49/50 [00:15<00:00,  6.37it/s]
100%|██████████| 50/50 [00:23<00:00,  2.44s/it]
100%|██████████| 50/50 [00:23<00:00,  2.17it/s]
[I 2023-12-11 19:38:43,473] Trial 6 finished with value: 0.41112214498510424 and parameters: {'EMBEDDING_DIM': 32, 'HIDDEN_DIM': 1102, 'NUM_LAYERS': 2, 'DROPOUT': 0.06871808587368833, 'LR': 0.005185951455531007, 'WEIGHT_0': 0.4162666396000836, 'WEIGHT_1': 0.41429952303054496, 'WEIGHT_2': 0.5167869623528237, 'WEIGHT_3': 0.24715289892656556, 'WEIGHT_4': 0.20104512869736368, 'WEIGHT_5': 0.4945206185933253, 'WEIGHT_6': 0.436437350983617, 'WEIGHT_7': 0.7058761370261237, 'WEIGHT_8': 0.0981492934204451}. Best is trial 6 with value: 0.41112214498510424.
{'EMBEDDING_DIM': 32, 'HIDDEN_DIM': 1102, 'NUM_LAYERS': 2, 'DROPOUT': 0.06871808587368833, 'LR': 0.005185951455531007, 'WEIGHT_0': 0.4162666396000836, 'WEIGHT_1': 0.41429952303054496, 'WEIGHT_2': 0.5167869623528237, 'WEIGHT_3': 0.24715289892656556, 'WEIGHT_4': 0.20104512869736368, 'WEIGHT_5': 0.4945206185933253, 'WEIGHT_6': 0.436437350983617, 'WEIGHT_7': 0.7058761370261237, 'WEIGHT_8': 0.0981492934204451}
0
              precision    recall  f1-score   support

         LOC       0.00      0.00      0.00      1837
        MISC       0.00      0.00      0.00       922
         ORG       0.00      0.00      0.00      1341
         PER       0.00      0.00      0.00      1842

   micro avg       0.00      0.00      0.00      5942
   macro avg       0.00      0.00      0.00      5942
weighted avg       0.00      0.00      0.00      5942

{'EMBEDDING_DIM': 32, 'HIDDEN_DIM': 1102, 'NUM_LAYERS': 2, 'DROPOUT': 0.06871808587368833, 'LR': 0.005185951455531007, 'WEIGHT_0': 0.4162666396000836, 'WEIGHT_1': 0.41429952303054496, 'WEIGHT_2': 0.5167869623528237, 'WEIGHT_3': 0.24715289892656556, 'WEIGHT_4': 0.20104512869736368, 'WEIGHT_5': 0.4945206185933253, 'WEIGHT_6': 0.436437350983617, 'WEIGHT_7': 0.7058761370261237, 'WEIGHT_8': 0.0981492934204451}
49
              precision    recall  f1-score   support

         LOC       0.77      0.53      0.63      1837
        MISC       0.50      0.48      0.49       922
         ORG       0.30      0.25      0.27      1341
         PER       0.36      0.17      0.23      1842

   micro avg       0.50      0.35      0.41      5942
   macro avg       0.48      0.36      0.41      5942
weighted avg       0.50      0.35      0.40      5942

epoch 49
Transformer

  0%|          | 0/50 [00:00<?, ?it/s]
  2%|▏         | 1/50 [00:06<04:54,  6.01s/it]
  4%|▍         | 2/50 [00:06<02:03,  2.56s/it]
  6%|▌         | 3/50 [00:06<01:08,  1.46s/it]
  8%|▊         | 4/50 [00:06<00:42,  1.07it/s]
 10%|█         | 5/50 [00:06<00:29,  1.55it/s]
 12%|█▏        | 6/50 [00:06<00:20,  2.12it/s]
 14%|█▍        | 7/50 [00:06<00:15,  2.77it/s]
 16%|█▌        | 8/50 [00:06<00:12,  3.47it/s]
 18%|█▊        | 9/50 [00:07<00:09,  4.18it/s]
 20%|██        | 10/50 [00:07<00:08,  4.86it/s]
 22%|██▏       | 11/50 [00:07<00:07,  5.46it/s]
 24%|██▍       | 12/50 [00:07<00:06,  5.97it/s]
 26%|██▌       | 13/50 [00:07<00:05,  6.39it/s]
 28%|██▊       | 14/50 [00:07<00:05,  6.72it/s]
 30%|███       | 15/50 [00:07<00:05,  6.97it/s]
 32%|███▏      | 16/50 [00:08<00:04,  7.15it/s]
 34%|███▍      | 17/50 [00:08<00:04,  7.28it/s]
 36%|███▌      | 18/50 [00:08<00:04,  7.38it/s]
 38%|███▊      | 19/50 [00:08<00:04,  7.44it/s]
 40%|████      | 20/50 [00:08<00:04,  7.49it/s]
 42%|████▏     | 21/50 [00:08<00:03,  7.53it/s]
 44%|████▍     | 22/50 [00:08<00:03,  7.55it/s]
 46%|████▌     | 23/50 [00:08<00:03,  7.56it/s]
 48%|████▊     | 24/50 [00:09<00:03,  7.58it/s]
 50%|█████     | 25/50 [00:09<00:03,  7.57it/s]
 52%|█████▏    | 26/50 [00:09<00:03,  7.58it/s]
 54%|█████▍    | 27/50 [00:09<00:03,  7.37it/s]
 56%|█████▌    | 28/50 [00:09<00:02,  7.44it/s]
 58%|█████▊    | 29/50 [00:09<00:02,  7.50it/s]
 60%|██████    | 30/50 [00:09<00:02,  7.53it/s]
 62%|██████▏   | 31/50 [00:10<00:02,  7.56it/s]
 64%|██████▍   | 32/50 [00:10<00:02,  7.58it/s]
 66%|██████▌   | 33/50 [00:10<00:02,  7.55it/s]
 68%|██████▊   | 34/50 [00:10<00:02,  7.57it/s]
 70%|███████   | 35/50 [00:10<00:01,  7.58it/s]
 72%|███████▏  | 36/50 [00:10<00:01,  7.59it/s]
 74%|███████▍  | 37/50 [00:10<00:01,  7.60it/s]
 76%|███████▌  | 38/50 [00:10<00:01,  7.60it/s]
 78%|███████▊  | 39/50 [00:11<00:01,  7.61it/s]
 80%|████████  | 40/50 [00:11<00:01,  7.61it/s]
 82%|████████▏ | 41/50 [00:11<00:01,  7.61it/s]
 84%|████████▍ | 42/50 [00:11<00:01,  7.61it/s]
 86%|████████▌ | 43/50 [00:11<00:00,  7.61it/s]
 88%|████████▊ | 44/50 [00:11<00:00,  7.61it/s]
 90%|█████████ | 45/50 [00:11<00:00,  7.62it/s]
 92%|█████████▏| 46/50 [00:11<00:00,  7.61it/s]
 94%|█████████▍| 47/50 [00:12<00:00,  7.60it/s]
 96%|█████████▌| 48/50 [00:12<00:00,  7.62it/s]
 98%|█████████▊| 49/50 [00:12<00:00,  7.62it/s]
100%|██████████| 50/50 [00:18<00:00,  1.90s/it]
100%|██████████| 50/50 [00:18<00:00,  2.72it/s]
