[I 2023-12-11 19:47:19,286] Trial 20 finished with value: 0.38503631479454775 and parameters: {'EMBEDDING_DIM': 16, 'HIDDEN_DIM': 1519, 'NUM_LAYERS': 2, 'DROPOUT': 0.10778311057164461, 'LR': 0.009039465836674997, 'WEIGHT_0': 0.2869214468391027, 'WEIGHT_1': 0.3593497791668536, 'WEIGHT_2': 0.32720935269420204, 'WEIGHT_3': 0.12451960949184304, 'WEIGHT_4': 0.8031204420623599, 'WEIGHT_5': 0.2282371490591264, 'WEIGHT_6': 0.0039644997600915, 'WEIGHT_7': 0.8824652239972173, 'WEIGHT_8': 0.47047006389840557}. Best is trial 12 with value: 0.4422704575563029.
{'EMBEDDING_DIM': 16, 'HIDDEN_DIM': 1519, 'NUM_LAYERS': 2, 'DROPOUT': 0.10778311057164461, 'LR': 0.009039465836674997, 'WEIGHT_0': 0.2869214468391027, 'WEIGHT_1': 0.3593497791668536, 'WEIGHT_2': 0.32720935269420204, 'WEIGHT_3': 0.12451960949184304, 'WEIGHT_4': 0.8031204420623599, 'WEIGHT_5': 0.2282371490591264, 'WEIGHT_6': 0.0039644997600915, 'WEIGHT_7': 0.8824652239972173, 'WEIGHT_8': 0.47047006389840557}
0
              precision    recall  f1-score   support

         LOC       0.00      0.00      0.00      1837
        MISC       0.00      0.00      0.00       922
         ORG       0.00      0.00      0.00      1341
         PER       0.00      0.00      0.00      1842

   micro avg       0.00      0.00      0.00      5942
   macro avg       0.00      0.00      0.00      5942
weighted avg       0.00      0.00      0.00      5942

{'EMBEDDING_DIM': 16, 'HIDDEN_DIM': 1519, 'NUM_LAYERS': 2, 'DROPOUT': 0.10778311057164461, 'LR': 0.009039465836674997, 'WEIGHT_0': 0.2869214468391027, 'WEIGHT_1': 0.3593497791668536, 'WEIGHT_2': 0.32720935269420204, 'WEIGHT_3': 0.12451960949184304, 'WEIGHT_4': 0.8031204420623599, 'WEIGHT_5': 0.2282371490591264, 'WEIGHT_6': 0.0039644997600915, 'WEIGHT_7': 0.8824652239972173, 'WEIGHT_8': 0.47047006389840557}
49
              precision    recall  f1-score   support

         LOC       0.66      0.56      0.61      1837
        MISC       0.47      0.37      0.41       922
         ORG       0.34      0.18      0.23      1341
         PER       0.29      0.18      0.22      1842

   micro avg       0.47      0.33      0.39      5942
   macro avg       0.44      0.32      0.37      5942
weighted avg       0.44      0.33      0.37      5942

epoch 49
Transformer

  0%|          | 0/50 [00:00<?, ?it/s]
  2%|▏         | 1/50 [00:07<06:00,  7.36s/it]
  4%|▍         | 2/50 [00:07<02:29,  3.11s/it]
  6%|▌         | 3/50 [00:07<01:22,  1.75s/it]
  8%|▊         | 4/50 [00:07<00:50,  1.10s/it]
 10%|█         | 5/50 [00:07<00:33,  1.33it/s]
 12%|█▏        | 6/50 [00:07<00:23,  1.86it/s]
 14%|█▍        | 7/50 [00:08<00:17,  2.47it/s]
 16%|█▌        | 8/50 [00:08<00:13,  3.20it/s]
 18%|█▊        | 9/50 [00:08<00:10,  3.98it/s]
 20%|██        | 10/50 [00:08<00:08,  4.77it/s]
 22%|██▏       | 11/50 [00:08<00:07,  5.53it/s]
 24%|██▍       | 12/50 [00:08<00:06,  6.20it/s]
 26%|██▌       | 13/50 [00:08<00:05,  6.78it/s]
 28%|██▊       | 14/50 [00:08<00:04,  7.24it/s]
 30%|███       | 15/50 [00:09<00:04,  7.61it/s]
 32%|███▏      | 16/50 [00:09<00:04,  7.89it/s]
 34%|███▍      | 17/50 [00:09<00:04,  8.10it/s]
 36%|███▌      | 18/50 [00:09<00:03,  8.25it/s]
 38%|███▊      | 19/50 [00:09<00:03,  8.36it/s]
 40%|████      | 20/50 [00:09<00:03,  8.44it/s]
 42%|████▏     | 21/50 [00:09<00:03,  8.50it/s]
 44%|████▍     | 22/50 [00:09<00:03,  8.54it/s]
 46%|████▌     | 23/50 [00:09<00:03,  8.55it/s]
 48%|████▊     | 24/50 [00:10<00:03,  8.56it/s]
 50%|█████     | 25/50 [00:10<00:02,  8.59it/s]
 52%|█████▏    | 26/50 [00:10<00:02,  8.60it/s]
 54%|█████▍    | 27/50 [00:10<00:02,  8.60it/s]
 56%|█████▌    | 28/50 [00:10<00:02,  8.61it/s]
 58%|█████▊    | 29/50 [00:10<00:02,  8.62it/s]
 60%|██████    | 30/50 [00:10<00:02,  8.62it/s]
 62%|██████▏   | 31/50 [00:10<00:02,  8.63it/s]
 64%|██████▍   | 32/50 [00:11<00:02,  8.61it/s]
 66%|██████▌   | 33/50 [00:11<00:01,  8.62it/s]
 68%|██████▊   | 34/50 [00:11<00:01,  8.62it/s]
 70%|███████   | 35/50 [00:11<00:01,  8.63it/s]
 72%|███████▏  | 36/50 [00:11<00:01,  8.62it/s]
 74%|███████▍  | 37/50 [00:11<00:01,  8.63it/s]
 76%|███████▌  | 38/50 [00:11<00:01,  8.63it/s]
 78%|███████▊  | 39/50 [00:11<00:01,  8.63it/s]
 80%|████████  | 40/50 [00:11<00:01,  8.63it/s]
 82%|████████▏ | 41/50 [00:12<00:01,  8.62it/s]
 84%|████████▍ | 42/50 [00:12<00:00,  8.62it/s]
 86%|████████▌ | 43/50 [00:12<00:00,  8.63it/s]
 88%|████████▊ | 44/50 [00:12<00:00,  8.63it/s]
 90%|█████████ | 45/50 [00:12<00:00,  8.62it/s]
 92%|█████████▏| 46/50 [00:12<00:00,  8.63it/s]
 94%|█████████▍| 47/50 [00:12<00:00,  8.63it/s]
 96%|█████████▌| 48/50 [00:12<00:00,  8.63it/s]
 98%|█████████▊| 49/50 [00:12<00:00,  8.63it/s]
100%|██████████| 50/50 [00:20<00:00,  2.28s/it]
100%|██████████| 50/50 [00:20<00:00,  2.46it/s]
[I 2023-12-11 19:47:46,683] Trial 21 finished with value: 0.42933773468124614 and parameters: {'EMBEDDING_DIM': 32, 'HIDDEN_DIM': 2035, 'NUM_LAYERS': 1, 'DROPOUT': 0.08452568102581312, 'LR': 0.009986483451505027, 'WEIGHT_0': 0.6967130365582817, 'WEIGHT_1': 0.23202314268071478, 'WEIGHT_2': 0.40075232079018175, 'WEIGHT_3': 0.060029536009528525, 'WEIGHT_4': 0.7137681911204505, 'WEIGHT_5': 0.22402429940055496, 'WEIGHT_6': 0.028359170952404672, 'WEIGHT_7': 0.8976678464637254, 'WEIGHT_8': 0.5374645649710632}. Best is trial 12 with value: 0.4422704575563029.
{'EMBEDDING_DIM': 32, 'HIDDEN_DIM': 2035, 'NUM_LAYERS': 1, 'DROPOUT': 0.08452568102581312, 'LR': 0.009986483451505027, 'WEIGHT_0': 0.6967130365582817, 'WEIGHT_1': 0.23202314268071478, 'WEIGHT_2': 0.40075232079018175, 'WEIGHT_3': 0.060029536009528525, 'WEIGHT_4': 0.7137681911204505, 'WEIGHT_5': 0.22402429940055496, 'WEIGHT_6': 0.028359170952404672, 'WEIGHT_7': 0.8976678464637254, 'WEIGHT_8': 0.5374645649710632}
0
              precision    recall  f1-score   support

         LOC       0.00      0.00      0.00      1837
        MISC       0.00      0.00      0.00       922
         ORG       0.00      0.00      0.00      1341
         PER       0.00      0.00      0.00      1842

   micro avg       0.00      0.00      0.00      5942
   macro avg       0.00      0.00      0.00      5942
weighted avg       0.00      0.00      0.00      5942

{'EMBEDDING_DIM': 32, 'HIDDEN_DIM': 2035, 'NUM_LAYERS': 1, 'DROPOUT': 0.08452568102581312, 'LR': 0.009986483451505027, 'WEIGHT_0': 0.6967130365582817, 'WEIGHT_1': 0.23202314268071478, 'WEIGHT_2': 0.40075232079018175, 'WEIGHT_3': 0.060029536009528525, 'WEIGHT_4': 0.7137681911204505, 'WEIGHT_5': 0.22402429940055496, 'WEIGHT_6': 0.028359170952404672, 'WEIGHT_7': 0.8976678464637254, 'WEIGHT_8': 0.5374645649710632}
49
              precision    recall  f1-score   support

         LOC       0.69      0.56      0.62      1837
        MISC       0.59      0.49      0.53       922
         ORG       0.41      0.20      0.27      1341
         PER       0.40      0.19      0.26      1842

   micro avg       0.55      0.35      0.43      5942
   macro avg       0.52      0.36      0.42      5942
weighted avg       0.52      0.35      0.41      5942

epoch 49
Transformer

  0%|          | 0/50 [00:00<?, ?it/s]
  2%|▏         | 1/50 [00:07<05:57,  7.29s/it]
  4%|▍         | 2/50 [00:07<02:27,  3.07s/it]
  6%|▌         | 3/50 [00:07<01:20,  1.72s/it]
  8%|▊         | 4/50 [00:07<00:49,  1.09s/it]
 10%|█         | 5/50 [00:07<00:33,  1.35it/s]
 12%|█▏        | 6/50 [00:07<00:23,  1.90it/s]
 14%|█▍        | 7/50 [00:07<00:16,  2.55it/s]
 16%|█▌        | 8/50 [00:08<00:12,  3.29it/s]
 18%|█▊        | 9/50 [00:08<00:10,  4.08it/s]
 20%|██        | 10/50 [00:08<00:08,  4.89it/s]
 22%|██▏       | 11/50 [00:08<00:06,  5.65it/s]
 24%|██▍       | 12/50 [00:08<00:06,  6.19it/s]
 26%|██▌       | 13/50 [00:08<00:05,  6.78it/s]
 28%|██▊       | 14/50 [00:08<00:04,  7.27it/s]
 30%|███       | 15/50 [00:08<00:04,  7.65it/s]
 32%|███▏      | 16/50 [00:09<00:04,  7.95it/s]
 34%|███▍      | 17/50 [00:09<00:04,  8.15it/s]
 36%|███▌      | 18/50 [00:09<00:03,  8.34it/s]
 38%|███▊      | 19/50 [00:09<00:03,  8.43it/s]
 40%|████      | 20/50 [00:09<00:03,  8.52it/s]
 42%|████▏     | 21/50 [00:09<00:03,  8.61it/s]
 44%|████▍     | 22/50 [00:09<00:03,  8.66it/s]
 46%|████▌     | 23/50 [00:09<00:03,  8.70it/s]
 48%|████▊     | 24/50 [00:09<00:02,  8.67it/s]
 50%|█████     | 25/50 [00:10<00:02,  8.71it/s]
 52%|█████▏    | 26/50 [00:10<00:02,  8.70it/s]
 54%|█████▍    | 27/50 [00:10<00:02,  8.69it/s]
 56%|█████▌    | 28/50 [00:10<00:02,  8.70it/s]
 58%|█████▊    | 29/50 [00:10<00:02,  8.70it/s]
 60%|██████    | 30/50 [00:10<00:02,  8.71it/s]
 62%|██████▏   | 31/50 [00:10<00:02,  8.75it/s]
 64%|██████▍   | 32/50 [00:10<00:02,  8.76it/s]
 66%|██████▌   | 33/50 [00:10<00:01,  8.68it/s]
 68%|██████▊   | 34/50 [00:11<00:01,  8.69it/s]
 70%|███████   | 35/50 [00:11<00:01,  8.73it/s]
 72%|███████▏  | 36/50 [00:11<00:01,  8.63it/s]
 74%|███████▍  | 37/50 [00:11<00:01,  8.86it/s]
 76%|███████▌  | 38/50 [00:11<00:01,  9.03it/s]
 78%|███████▊  | 39/50 [00:11<00:01,  9.14it/s]
 80%|████████  | 40/50 [00:11<00:01,  9.03it/s]
 82%|████████▏ | 41/50 [00:11<00:01,  8.91it/s]
 84%|████████▍ | 42/50 [00:11<00:00,  8.83it/s]
 86%|████████▌ | 43/50 [00:12<00:00,  9.05it/s]
 90%|█████████ | 45/50 [00:12<00:00, 10.05it/s]
 94%|█████████▍| 47/50 [00:12<00:00, 10.53it/s]
 98%|█████████▊| 49/50 [00:12<00:00, 10.26it/s]
100%|██████████| 50/50 [00:18<00:00,  2.70it/s]
[I 2023-12-11 19:48:10,752] Trial 22 finished with value: 0.4058325685734679 and parameters: {'EMBEDDING_DIM': 32, 'HIDDEN_DIM': 1027, 'NUM_LAYERS': 1, 'DROPOUT': 0.05792029369791461, 'LR': 0.009286844645828652, 'WEIGHT_0': 0.7494167440558075, 'WEIGHT_1': 0.2349558342500722, 'WEIGHT_2': 0.43872024000746324, 'WEIGHT_3': 0.10893636032085152, 'WEIGHT_4': 0.6450747458209394, 'WEIGHT_5': 0.013835619583359715, 'WEIGHT_6': 0.10678142598629695, 'WEIGHT_7': 0.9242592087728478, 'WEIGHT_8': 0.5456768470347714}. Best is trial 12 with value: 0.4422704575563029.
{'EMBEDDING_DIM': 32, 'HIDDEN_DIM': 1027, 'NUM_LAYERS': 1, 'DROPOUT': 0.05792029369791461, 'LR': 0.009286844645828652, 'WEIGHT_0': 0.7494167440558075, 'WEIGHT_1': 0.2349558342500722, 'WEIGHT_2': 0.43872024000746324, 'WEIGHT_3': 0.10893636032085152, 'WEIGHT_4': 0.6450747458209394, 'WEIGHT_5': 0.013835619583359715, 'WEIGHT_6': 0.10678142598629695, 'WEIGHT_7': 0.9242592087728478, 'WEIGHT_8': 0.5456768470347714}
0
              precision    recall  f1-score   support

         LOC       0.00      0.00      0.00      1837
        MISC       0.00      0.00      0.00       922
         ORG       0.00      0.00      0.00      1341
         PER       0.00      0.00      0.00      1842

   micro avg       0.00      0.00      0.00      5942
   macro avg       0.00      0.00      0.00      5942
weighted avg       0.00      0.00      0.00      5942

{'EMBEDDING_DIM': 32, 'HIDDEN_DIM': 1027, 'NUM_LAYERS': 1, 'DROPOUT': 0.05792029369791461, 'LR': 0.009286844645828652, 'WEIGHT_0': 0.7494167440558075, 'WEIGHT_1': 0.2349558342500722, 'WEIGHT_2': 0.43872024000746324, 'WEIGHT_3': 0.10893636032085152, 'WEIGHT_4': 0.6450747458209394, 'WEIGHT_5': 0.013835619583359715, 'WEIGHT_6': 0.10678142598629695, 'WEIGHT_7': 0.9242592087728478, 'WEIGHT_8': 0.5456768470347714}
49
              precision    recall  f1-score   support

         LOC       0.78      0.45      0.57      1837
        MISC       0.51      0.50      0.51       922
         ORG       0.37      0.25      0.30      1341
         PER       0.37      0.20      0.26      1842

   micro avg       0.51      0.33      0.41      5942
   macro avg       0.51      0.35      0.41      5942
weighted avg       0.52      0.33      0.40      5942

epoch 49
Transformer

  0%|          | 0/50 [00:00<?, ?it/s]
  2%|▏         | 1/50 [00:05<04:48,  5.88s/it]
  4%|▍         | 2/50 [00:06<02:00,  2.50s/it]
  6%|▌         | 3/50 [00:06<01:06,  1.41s/it]
  8%|▊         | 4/50 [00:06<00:41,  1.11it/s]
 10%|█         | 5/50 [00:06<00:27,  1.62it/s]
 12%|█▏        | 6/50 [00:06<00:19,  2.24it/s]
 14%|█▍        | 7/50 [00:06<00:14,  2.97it/s]
 16%|█▌        | 8/50 [00:06<00:11,  3.77it/s]
 18%|█▊        | 9/50 [00:06<00:08,  4.59it/s]
 20%|██        | 10/50 [00:06<00:07,  5.40it/s]
 22%|██▏       | 11/50 [00:07<00:06,  6.13it/s]
 24%|██▍       | 12/50 [00:07<00:05,  6.77it/s]
 26%|██▌       | 13/50 [00:07<00:05,  7.29it/s]
 28%|██▊       | 14/50 [00:07<00:04,  7.71it/s]
 30%|███       | 15/50 [00:07<00:04,  8.03it/s]
 32%|███▏      | 16/50 [00:07<00:04,  8.27it/s]
 34%|███▍      | 17/50 [00:07<00:03,  8.45it/s]
 36%|███▌      | 18/50 [00:07<00:03,  8.57it/s]
 38%|███▊      | 19/50 [00:07<00:03,  8.66it/s]
 40%|████      | 20/50 [00:08<00:03,  8.72it/s]
 42%|████▏     | 21/50 [00:08<00:03,  8.77it/s]
 44%|████▍     | 22/50 [00:08<00:03,  8.80it/s]
 46%|████▌     | 23/50 [00:08<00:03,  8.83it/s]
 48%|████▊     | 24/50 [00:08<00:02,  8.84it/s]
 50%|█████     | 25/50 [00:08<00:02,  8.84it/s]
 52%|█████▏    | 26/50 [00:08<00:02,  8.85it/s]
 54%|█████▍    | 27/50 [00:08<00:02,  8.86it/s]
 56%|█████▌    | 28/50 [00:08<00:02,  8.87it/s]
 58%|█████▊    | 29/50 [00:09<00:02,  8.86it/s]
 60%|██████    | 30/50 [00:09<00:02,  8.86it/s]
 62%|██████▏   | 31/50 [00:09<00:02,  8.87it/s]
 64%|██████▍   | 32/50 [00:09<00:02,  8.87it/s]
 66%|██████▌   | 33/50 [00:09<00:01,  8.88it/s]
 68%|██████▊   | 34/50 [00:09<00:01,  8.88it/s]
 70%|███████   | 35/50 [00:09<00:01,  8.88it/s]
 72%|███████▏  | 36/50 [00:09<00:01,  8.88it/s]
 74%|███████▍  | 37/50 [00:09<00:01,  8.88it/s]
 76%|███████▌  | 38/50 [00:10<00:01,  8.86it/s]
 78%|███████▊  | 39/50 [00:10<00:01,  8.87it/s]
 80%|████████  | 40/50 [00:10<00:01,  8.87it/s]
 82%|████████▏ | 41/50 [00:10<00:01,  8.87it/s]
 84%|████████▍ | 42/50 [00:10<00:00,  8.88it/s]
 86%|████████▌ | 43/50 [00:10<00:00,  8.88it/s]
 88%|████████▊ | 44/50 [00:10<00:00,  8.88it/s]
 90%|█████████ | 45/50 [00:10<00:00,  8.88it/s]
 92%|█████████▏| 46/50 [00:10<00:00,  8.88it/s]
 94%|█████████▍| 47/50 [00:11<00:00,  8.86it/s]
 96%|█████████▌| 48/50 [00:11<00:00,  8.87it/s]
 98%|█████████▊| 49/50 [00:11<00:00,  8.87it/s]
100%|██████████| 50/50 [00:17<00:00,  1.88s/it]
100%|██████████| 50/50 [00:17<00:00,  2.89it/s]
[I 2023-12-11 19:48:33,605] Trial 23 finished with value: 0.4221778221778222 and parameters: {'EMBEDDING_DIM': 32, 'HIDDEN_DIM': 1987, 'NUM_LAYERS': 1, 'DROPOUT': 0.11796046753847778, 'LR': 0.009935412879717342, 'WEIGHT_0': 0.5806610802136944, 'WEIGHT_1': 0.15508832253866528, 'WEIGHT_2': 0.43811600371175213, 'WEIGHT_3': 0.21715033434147957, 'WEIGHT_4': 0.5038037022321862, 'WEIGHT_5': 0.19066733459652185, 'WEIGHT_6': 0.15281753800212752, 'WEIGHT_7': 0.9848142128709203, 'WEIGHT_8': 0.40373426069953955}. Best is trial 12 with value: 0.4422704575563029.
{'EMBEDDING_DIM': 32, 'HIDDEN_DIM': 1987, 'NUM_LAYERS': 1, 'DROPOUT': 0.11796046753847778, 'LR': 0.009935412879717342, 'WEIGHT_0': 0.5806610802136944, 'WEIGHT_1': 0.15508832253866528, 'WEIGHT_2': 0.43811600371175213, 'WEIGHT_3': 0.21715033434147957, 'WEIGHT_4': 0.5038037022321862, 'WEIGHT_5': 0.19066733459652185, 'WEIGHT_6': 0.15281753800212752, 'WEIGHT_7': 0.9848142128709203, 'WEIGHT_8': 0.40373426069953955}
0
              precision    recall  f1-score   support

         LOC       0.00      0.00      0.00      1837
        MISC       0.00      0.00      0.00       922
         ORG       0.00      0.00      0.00      1341
         PER       0.00      0.00      0.00      1842

   micro avg       0.00      0.00      0.00      5942
   macro avg       0.00      0.00      0.00      5942
weighted avg       0.00      0.00      0.00      5942

{'EMBEDDING_DIM': 32, 'HIDDEN_DIM': 1987, 'NUM_LAYERS': 1, 'DROPOUT': 0.11796046753847778, 'LR': 0.009935412879717342, 'WEIGHT_0': 0.5806610802136944, 'WEIGHT_1': 0.15508832253866528, 'WEIGHT_2': 0.43811600371175213, 'WEIGHT_3': 0.21715033434147957, 'WEIGHT_4': 0.5038037022321862, 'WEIGHT_5': 0.19066733459652185, 'WEIGHT_6': 0.15281753800212752, 'WEIGHT_7': 0.9848142128709203, 'WEIGHT_8': 0.40373426069953955}
49
              precision    recall  f1-score   support

         LOC       0.74      0.56      0.64      1837
        MISC       0.53      0.45      0.49       922
         ORG       0.41      0.22      0.29      1341
         PER       0.31      0.20      0.24      1842

   micro avg       0.52      0.36      0.42      5942
   macro avg       0.50      0.36      0.42      5942
weighted avg       0.50      0.36      0.41      5942

epoch 49
Transformer

  0%|          | 0/50 [00:00<?, ?it/s]
  2%|▏         | 1/50 [00:09<07:21,  9.01s/it]
  4%|▍         | 2/50 [00:12<04:23,  5.49s/it]
  6%|▌         | 3/50 [00:15<03:27,  4.41s/it]
  8%|▊         | 4/50 [00:18<02:59,  3.91s/it]
 10%|█         | 5/50 [00:21<02:43,  3.64s/it]
 12%|█▏        | 6/50 [00:24<02:33,  3.48s/it]
 14%|█▍        | 7/50 [00:27<02:25,  3.38s/it]
 16%|█▌        | 8/50 [00:30<02:19,  3.31s/it]
 18%|█▊        | 9/50 [00:34<02:14,  3.27s/it]
 20%|██        | 10/50 [00:37<02:10,  3.25s/it]
 22%|██▏       | 11/50 [00:40<02:06,  3.23s/it]
 24%|██▍       | 12/50 [00:43<02:02,  3.22s/it]
 26%|██▌       | 13/50 [00:46<01:59,  3.22s/it]
 28%|██▊       | 14/50 [00:50<01:55,  3.22s/it]
 30%|███       | 15/50 [00:53<01:52,  3.22s/it]
 32%|███▏      | 16/50 [00:56<01:49,  3.22s/it]
 34%|███▍      | 17/50 [00:59<01:46,  3.23s/it]
 36%|███▌      | 18/50 [01:03<01:43,  3.24s/it]
 38%|███▊      | 19/50 [01:06<01:40,  3.26s/it]
 40%|████      | 20/50 [01:09<01:38,  3.27s/it]
 42%|████▏     | 21/50 [01:13<01:35,  3.28s/it]
 44%|████▍     | 22/50 [01:16<01:31,  3.28s/it]
 46%|████▌     | 23/50 [01:19<01:28,  3.27s/it]
 48%|████▊     | 24/50 [01:22<01:24,  3.26s/it]
 50%|█████     | 25/50 [01:26<01:21,  3.26s/it]
 52%|█████▏    | 26/50 [01:29<01:18,  3.25s/it]
 54%|█████▍    | 27/50 [01:32<01:14,  3.25s/it]
 56%|█████▌    | 28/50 [01:35<01:11,  3.25s/it]
 58%|█████▊    | 29/50 [01:39<01:08,  3.25s/it]
 60%|██████    | 30/50 [01:42<01:05,  3.25s/it]
 62%|██████▏   | 31/50 [01:45<01:01,  3.25s/it]
 64%|██████▍   | 32/50 [01:48<00:58,  3.25s/it]
 66%|██████▌   | 33/50 [01:52<00:55,  3.26s/it]
 68%|██████▊   | 34/50 [01:55<00:52,  3.26s/it]
 70%|███████   | 35/50 [01:58<00:48,  3.26s/it]
 72%|███████▏  | 36/50 [02:01<00:45,  3.26s/it]
 74%|███████▍  | 37/50 [02:05<00:42,  3.27s/it]
 76%|███████▌  | 38/50 [02:08<00:39,  3.27s/it]
 78%|███████▊  | 39/50 [02:11<00:36,  3.27s/it]
 80%|████████  | 40/50 [02:14<00:32,  3.28s/it]
 82%|████████▏ | 41/50 [02:18<00:29,  3.28s/it]
 84%|████████▍ | 42/50 [02:21<00:26,  3.29s/it]
 86%|████████▌ | 43/50 [02:24<00:22,  3.28s/it]
 88%|████████▊ | 44/50 [02:28<00:19,  3.27s/it]
 90%|█████████ | 45/50 [02:31<00:16,  3.27s/it]
 92%|█████████▏| 46/50 [02:34<00:12,  3.22s/it]
 94%|█████████▍| 47/50 [02:37<00:09,  3.17s/it]
 96%|█████████▌| 48/50 [02:40<00:06,  3.13s/it]
 98%|█████████▊| 49/50 [02:43<00:03,  3.10s/it]
100%|██████████| 50/50 [02:52<00:00,  4.91s/it]
100%|██████████| 50/50 [02:52<00:00,  3.45s/it]
