[I 2023-12-11 22:05:58,147] Trial 261 finished with value: 0.0 and parameters: {'EMBEDDING_DIM': 2048, 'HIDDEN_DIM': 698, 'NUM_LAYERS': 2, 'DROPOUT': 0.3138075534062031, 'LR': 0.005947009619664304, 'WEIGHT_0': 0.9623775334845674, 'WEIGHT_1': 0.10036604078246238, 'WEIGHT_2': 0.2235493176079227, 'WEIGHT_3': 0.17659452745466486, 'WEIGHT_4': 0.8425280307518392, 'WEIGHT_5': 0.4210838716213588, 'WEIGHT_6': 0.06127237619250593, 'WEIGHT_7': 0.6873025324463345, 'WEIGHT_8': 0.9199635708521962}. Best is trial 223 with value: 0.4540043855069437.
{'EMBEDDING_DIM': 2048, 'HIDDEN_DIM': 698, 'NUM_LAYERS': 2, 'DROPOUT': 0.3138075534062031, 'LR': 0.005947009619664304, 'WEIGHT_0': 0.9623775334845674, 'WEIGHT_1': 0.10036604078246238, 'WEIGHT_2': 0.2235493176079227, 'WEIGHT_3': 0.17659452745466486, 'WEIGHT_4': 0.8425280307518392, 'WEIGHT_5': 0.4210838716213588, 'WEIGHT_6': 0.06127237619250593, 'WEIGHT_7': 0.6873025324463345, 'WEIGHT_8': 0.9199635708521962}
0
              precision    recall  f1-score   support

         LOC       0.00      0.00      0.00      1837
        MISC       0.00      0.00      0.00       922
         ORG       0.00      0.00      0.00      1341
         PER       0.00      0.00      0.00      1842

   micro avg       0.00      0.00      0.00      5942
   macro avg       0.00      0.00      0.00      5942
weighted avg       0.00      0.00      0.00      5942

{'EMBEDDING_DIM': 2048, 'HIDDEN_DIM': 698, 'NUM_LAYERS': 2, 'DROPOUT': 0.3138075534062031, 'LR': 0.005947009619664304, 'WEIGHT_0': 0.9623775334845674, 'WEIGHT_1': 0.10036604078246238, 'WEIGHT_2': 0.2235493176079227, 'WEIGHT_3': 0.17659452745466486, 'WEIGHT_4': 0.8425280307518392, 'WEIGHT_5': 0.4210838716213588, 'WEIGHT_6': 0.06127237619250593, 'WEIGHT_7': 0.6873025324463345, 'WEIGHT_8': 0.9199635708521962}
49
              precision    recall  f1-score   support

         LOC       0.00      0.00      0.00      1837
        MISC       0.00      0.00      0.00       922
         ORG       0.00      0.00      0.00      1341
         PER       0.00      0.00      0.00      1842

   micro avg       0.00      0.00      0.00      5942
   macro avg       0.00      0.00      0.00      5942
weighted avg       0.00      0.00      0.00      5942

epoch 49
Transformer

  0%|          | 0/50 [00:00<?, ?it/s]
  2%|▏         | 1/50 [00:07<06:23,  7.83s/it]
  4%|▍         | 2/50 [00:07<02:39,  3.32s/it]
  6%|▌         | 3/50 [00:08<01:28,  1.88s/it]
  8%|▊         | 4/50 [00:08<00:54,  1.20s/it]
 10%|█         | 5/50 [00:08<00:36,  1.22it/s]
 12%|█▏        | 6/50 [00:08<00:26,  1.67it/s]
 14%|█▍        | 7/50 [00:08<00:20,  2.10it/s]
 16%|█▌        | 8/50 [00:09<00:17,  2.44it/s]
 18%|█▊        | 9/50 [00:09<00:15,  2.66it/s]
 20%|██        | 10/50 [00:09<00:14,  2.80it/s]
 22%|██▏       | 11/50 [00:10<00:13,  2.86it/s]
 24%|██▍       | 12/50 [00:10<00:13,  2.89it/s]
 26%|██▌       | 13/50 [00:10<00:12,  2.90it/s]
 28%|██▊       | 14/50 [00:11<00:12,  2.85it/s]
 30%|███       | 15/50 [00:11<00:12,  2.82it/s]
 32%|███▏      | 16/50 [00:11<00:12,  2.77it/s]
 34%|███▍      | 17/50 [00:12<00:11,  2.76it/s]
 36%|███▌      | 18/50 [00:12<00:11,  2.76it/s]
 38%|███▊      | 19/50 [00:12<00:11,  2.75it/s]
 40%|████      | 20/50 [00:13<00:10,  2.75it/s]
 42%|████▏     | 21/50 [00:13<00:10,  2.75it/s]
 44%|████▍     | 22/50 [00:14<00:10,  2.75it/s]
 46%|████▌     | 23/50 [00:14<00:09,  2.74it/s]
 48%|████▊     | 24/50 [00:14<00:09,  2.74it/s]
 50%|█████     | 25/50 [00:15<00:09,  2.74it/s]
 52%|█████▏    | 26/50 [00:15<00:08,  2.74it/s]
 54%|█████▍    | 27/50 [00:15<00:08,  2.74it/s]
 56%|█████▌    | 28/50 [00:16<00:08,  2.74it/s]
 58%|█████▊    | 29/50 [00:16<00:07,  2.74it/s]
 60%|██████    | 30/50 [00:16<00:07,  2.74it/s]
 62%|██████▏   | 31/50 [00:17<00:06,  2.74it/s]
 64%|██████▍   | 32/50 [00:17<00:06,  2.74it/s]
 66%|██████▌   | 33/50 [00:18<00:06,  2.74it/s]
 68%|██████▊   | 34/50 [00:18<00:05,  2.74it/s]
 70%|███████   | 35/50 [00:18<00:05,  2.73it/s]
 72%|███████▏  | 36/50 [00:19<00:05,  2.73it/s]
 74%|███████▍  | 37/50 [00:19<00:04,  2.73it/s]
 76%|███████▌  | 38/50 [00:19<00:04,  2.74it/s]
 78%|███████▊  | 39/50 [00:20<00:04,  2.74it/s]
 80%|████████  | 40/50 [00:20<00:03,  2.74it/s]
 82%|████████▏ | 41/50 [00:20<00:03,  2.74it/s]
 84%|████████▍ | 42/50 [00:21<00:02,  2.74it/s]
 86%|████████▌ | 43/50 [00:21<00:02,  2.74it/s]
 88%|████████▊ | 44/50 [00:22<00:02,  2.74it/s]
 90%|█████████ | 45/50 [00:22<00:01,  2.73it/s]
 92%|█████████▏| 46/50 [00:22<00:01,  2.73it/s]
 94%|█████████▍| 47/50 [00:23<00:01,  2.73it/s]
 96%|█████████▌| 48/50 [00:23<00:00,  2.74it/s]
 98%|█████████▊| 49/50 [00:23<00:00,  2.74it/s]
100%|██████████| 50/50 [00:32<00:00,  2.70s/it]
100%|██████████| 50/50 [00:32<00:00,  1.56it/s]
[I 2023-12-11 22:06:37,366] Trial 262 finished with value: 0.3608898085876876 and parameters: {'EMBEDDING_DIM': 32, 'HIDDEN_DIM': 784, 'NUM_LAYERS': 2, 'DROPOUT': 0.2929201845308408, 'LR': 0.006494153540503688, 'WEIGHT_0': 0.9631019375345685, 'WEIGHT_1': 0.12298741919242463, 'WEIGHT_2': 0.2301723669081245, 'WEIGHT_3': 0.20555979486413048, 'WEIGHT_4': 0.5773725284726489, 'WEIGHT_5': 0.44686114488966777, 'WEIGHT_6': 0.3887107088583527, 'WEIGHT_7': 0.6752268506313172, 'WEIGHT_8': 0.948506411726466}. Best is trial 223 with value: 0.4540043855069437.
{'EMBEDDING_DIM': 32, 'HIDDEN_DIM': 784, 'NUM_LAYERS': 2, 'DROPOUT': 0.2929201845308408, 'LR': 0.006494153540503688, 'WEIGHT_0': 0.9631019375345685, 'WEIGHT_1': 0.12298741919242463, 'WEIGHT_2': 0.2301723669081245, 'WEIGHT_3': 0.20555979486413048, 'WEIGHT_4': 0.5773725284726489, 'WEIGHT_5': 0.44686114488966777, 'WEIGHT_6': 0.3887107088583527, 'WEIGHT_7': 0.6752268506313172, 'WEIGHT_8': 0.948506411726466}
0
              precision    recall  f1-score   support

         LOC       0.00      0.00      0.00      1837
        MISC       0.00      0.00      0.00       922
         ORG       0.00      0.00      0.00      1341
         PER       0.00      0.00      0.00      1842

   micro avg       0.00      0.00      0.00      5942
   macro avg       0.00      0.00      0.00      5942
weighted avg       0.00      0.00      0.00      5942

{'EMBEDDING_DIM': 32, 'HIDDEN_DIM': 784, 'NUM_LAYERS': 2, 'DROPOUT': 0.2929201845308408, 'LR': 0.006494153540503688, 'WEIGHT_0': 0.9631019375345685, 'WEIGHT_1': 0.12298741919242463, 'WEIGHT_2': 0.2301723669081245, 'WEIGHT_3': 0.20555979486413048, 'WEIGHT_4': 0.5773725284726489, 'WEIGHT_5': 0.44686114488966777, 'WEIGHT_6': 0.3887107088583527, 'WEIGHT_7': 0.6752268506313172, 'WEIGHT_8': 0.948506411726466}
49
              precision    recall  f1-score   support

         LOC       0.62      0.61      0.62      1837
        MISC       0.39      0.36      0.38       922
         ORG       0.02      0.00      0.00      1341
         PER       0.31      0.16      0.21      1842

   micro avg       0.47      0.29      0.36      5942
   macro avg       0.34      0.28      0.30      5942
weighted avg       0.35      0.29      0.31      5942

epoch 49
Transformer

  0%|          | 0/50 [00:00<?, ?it/s]
  2%|▏         | 1/50 [00:07<06:23,  7.82s/it]
  4%|▍         | 2/50 [00:07<02:39,  3.31s/it]
  6%|▌         | 3/50 [00:08<01:27,  1.87s/it]
  8%|▊         | 4/50 [00:08<00:55,  1.20s/it]
 10%|█         | 5/50 [00:08<00:38,  1.16it/s]
 12%|█▏        | 6/50 [00:08<00:29,  1.50it/s]
 14%|█▍        | 7/50 [00:09<00:23,  1.80it/s]
 16%|█▌        | 8/50 [00:09<00:20,  2.06it/s]
 18%|█▊        | 9/50 [00:09<00:17,  2.28it/s]
 20%|██        | 10/50 [00:10<00:16,  2.46it/s]
 22%|██▏       | 11/50 [00:10<00:14,  2.60it/s]
 24%|██▍       | 12/50 [00:10<00:14,  2.70it/s]
 26%|██▌       | 13/50 [00:11<00:13,  2.79it/s]
 28%|██▊       | 14/50 [00:11<00:12,  2.84it/s]
 30%|███       | 15/50 [00:11<00:12,  2.88it/s]
 32%|███▏      | 16/50 [00:12<00:11,  2.91it/s]
 34%|███▍      | 17/50 [00:12<00:11,  2.93it/s]
 36%|███▌      | 18/50 [00:12<00:10,  2.94it/s]
 38%|███▊      | 19/50 [00:13<00:10,  2.96it/s]
 40%|████      | 20/50 [00:13<00:10,  2.97it/s]
 42%|████▏     | 21/50 [00:13<00:09,  2.98it/s]
 44%|████▍     | 22/50 [00:14<00:09,  2.98it/s]
 46%|████▌     | 23/50 [00:14<00:09,  2.99it/s]
 48%|████▊     | 24/50 [00:14<00:08,  2.99it/s]
 50%|█████     | 25/50 [00:15<00:08,  2.98it/s]
 52%|█████▏    | 26/50 [00:15<00:08,  2.98it/s]
 54%|█████▍    | 27/50 [00:15<00:07,  2.98it/s]
 56%|█████▌    | 28/50 [00:16<00:07,  2.98it/s]
 58%|█████▊    | 29/50 [00:16<00:07,  2.99it/s]
 60%|██████    | 30/50 [00:16<00:06,  2.98it/s]
 62%|██████▏   | 31/50 [00:17<00:06,  2.98it/s]
 64%|██████▍   | 32/50 [00:17<00:06,  2.98it/s]
 66%|██████▌   | 33/50 [00:17<00:05,  2.98it/s]
 68%|██████▊   | 34/50 [00:18<00:05,  2.97it/s]
 70%|███████   | 35/50 [00:18<00:05,  2.90it/s]
 72%|███████▏  | 36/50 [00:18<00:04,  3.07it/s]
 74%|███████▍  | 37/50 [00:19<00:03,  3.56it/s]
 76%|███████▌  | 38/50 [00:19<00:02,  4.01it/s]
 78%|███████▊  | 39/50 [00:19<00:02,  4.33it/s]
 80%|████████  | 40/50 [00:19<00:02,  4.66it/s]
 82%|████████▏ | 41/50 [00:19<00:01,  4.97it/s]
 84%|████████▍ | 42/50 [00:19<00:01,  5.50it/s]
 86%|████████▌ | 43/50 [00:20<00:01,  5.95it/s]
 88%|████████▊ | 44/50 [00:20<00:01,  5.66it/s]
 90%|█████████ | 45/50 [00:20<00:01,  4.98it/s]
 92%|█████████▏| 46/50 [00:20<00:00,  4.35it/s]
 94%|█████████▍| 47/50 [00:21<00:00,  3.94it/s]
 96%|█████████▌| 48/50 [00:21<00:00,  3.62it/s]
 98%|█████████▊| 49/50 [00:21<00:00,  3.29it/s]
100%|██████████| 50/50 [00:29<00:00,  2.61s/it]
100%|██████████| 50/50 [00:29<00:00,  1.68it/s]
[I 2023-12-11 22:07:14,301] Trial 263 finished with value: 0.4456045103361871 and parameters: {'EMBEDDING_DIM': 32, 'HIDDEN_DIM': 630, 'NUM_LAYERS': 2, 'DROPOUT': 0.275439219698357, 'LR': 0.00576045701447907, 'WEIGHT_0': 0.935339703138907, 'WEIGHT_1': 0.15098753464673556, 'WEIGHT_2': 0.2511011239953242, 'WEIGHT_3': 0.22130605661461275, 'WEIGHT_4': 0.3634923666612074, 'WEIGHT_5': 0.4204266431244434, 'WEIGHT_6': 0.07613471822152736, 'WEIGHT_7': 0.6178237846764063, 'WEIGHT_8': 0.88643370263877}. Best is trial 223 with value: 0.4540043855069437.
{'EMBEDDING_DIM': 32, 'HIDDEN_DIM': 630, 'NUM_LAYERS': 2, 'DROPOUT': 0.275439219698357, 'LR': 0.00576045701447907, 'WEIGHT_0': 0.935339703138907, 'WEIGHT_1': 0.15098753464673556, 'WEIGHT_2': 0.2511011239953242, 'WEIGHT_3': 0.22130605661461275, 'WEIGHT_4': 0.3634923666612074, 'WEIGHT_5': 0.4204266431244434, 'WEIGHT_6': 0.07613471822152736, 'WEIGHT_7': 0.6178237846764063, 'WEIGHT_8': 0.88643370263877}
0
              precision    recall  f1-score   support

         LOC       0.00      0.00      0.00      1837
        MISC       0.00      0.00      0.00       922
         ORG       0.00      0.00      0.00      1341
         PER       0.00      0.00      0.00      1842

   micro avg       0.00      0.00      0.00      5942
   macro avg       0.00      0.00      0.00      5942
weighted avg       0.00      0.00      0.00      5942

{'EMBEDDING_DIM': 32, 'HIDDEN_DIM': 630, 'NUM_LAYERS': 2, 'DROPOUT': 0.275439219698357, 'LR': 0.00576045701447907, 'WEIGHT_0': 0.935339703138907, 'WEIGHT_1': 0.15098753464673556, 'WEIGHT_2': 0.2511011239953242, 'WEIGHT_3': 0.22130605661461275, 'WEIGHT_4': 0.3634923666612074, 'WEIGHT_5': 0.4204266431244434, 'WEIGHT_6': 0.07613471822152736, 'WEIGHT_7': 0.6178237846764063, 'WEIGHT_8': 0.88643370263877}
49
              precision    recall  f1-score   support

         LOC       0.79      0.60      0.68      1837
        MISC       0.64      0.47      0.54       922
         ORG       0.40      0.21      0.27      1341
         PER       0.37      0.18      0.24      1842

   micro avg       0.59      0.36      0.45      5942
   macro avg       0.55      0.36      0.43      5942
weighted avg       0.55      0.36      0.43      5942

epoch 49
Transformer

  0%|          | 0/50 [00:00<?, ?it/s]
  2%|▏         | 1/50 [00:07<06:30,  7.98s/it]
  4%|▍         | 2/50 [00:08<02:44,  3.42s/it]
  6%|▌         | 3/50 [00:08<01:32,  1.96s/it]
  8%|▊         | 4/50 [00:08<00:58,  1.27s/it]
 10%|█         | 5/50 [00:08<00:40,  1.12it/s]
 12%|█▏        | 6/50 [00:09<00:29,  1.51it/s]
 14%|█▍        | 7/50 [00:09<00:22,  1.94it/s]
 16%|█▌        | 8/50 [00:09<00:17,  2.39it/s]
 18%|█▊        | 9/50 [00:09<00:14,  2.82it/s]
 20%|██        | 10/50 [00:09<00:12,  3.21it/s]
 22%|██▏       | 11/50 [00:10<00:10,  3.55it/s]
 24%|██▍       | 12/50 [00:10<00:09,  3.82it/s]
 26%|██▌       | 13/50 [00:10<00:09,  4.04it/s]
 28%|██▊       | 14/50 [00:10<00:08,  4.21it/s]
 30%|███       | 15/50 [00:11<00:08,  4.34it/s]
 32%|███▏      | 16/50 [00:11<00:07,  4.43it/s]
 34%|███▍      | 17/50 [00:11<00:07,  4.50it/s]
 36%|███▌      | 18/50 [00:11<00:07,  4.54it/s]
 38%|███▊      | 19/50 [00:11<00:06,  4.58it/s]
 40%|████      | 20/50 [00:12<00:06,  4.60it/s]
 42%|████▏     | 21/50 [00:12<00:06,  4.62it/s]
 44%|████▍     | 22/50 [00:12<00:06,  4.63it/s]
 46%|████▌     | 23/50 [00:12<00:05,  4.64it/s]
 48%|████▊     | 24/50 [00:12<00:05,  4.64it/s]
 50%|█████     | 25/50 [00:13<00:05,  4.65it/s]
 52%|█████▏    | 26/50 [00:13<00:05,  4.65it/s]
 54%|█████▍    | 27/50 [00:13<00:04,  4.66it/s]
 56%|█████▌    | 28/50 [00:13<00:04,  4.65it/s]
 58%|█████▊    | 29/50 [00:14<00:04,  4.65it/s]
 60%|██████    | 30/50 [00:14<00:04,  4.66it/s]
 62%|██████▏   | 31/50 [00:14<00:04,  4.65it/s]
 64%|██████▍   | 32/50 [00:14<00:03,  4.66it/s]
 66%|██████▌   | 33/50 [00:14<00:03,  4.65it/s]
 68%|██████▊   | 34/50 [00:15<00:03,  4.66it/s]
 70%|███████   | 35/50 [00:15<00:03,  4.66it/s]
 72%|███████▏  | 36/50 [00:15<00:03,  4.66it/s]
 74%|███████▍  | 37/50 [00:15<00:02,  4.66it/s]
 76%|███████▌  | 38/50 [00:15<00:02,  4.66it/s]
 78%|███████▊  | 39/50 [00:16<00:02,  4.66it/s]
 80%|████████  | 40/50 [00:16<00:02,  4.66it/s]
 82%|████████▏ | 41/50 [00:16<00:01,  4.66it/s]
 84%|████████▍ | 42/50 [00:16<00:01,  4.31it/s]
 86%|████████▌ | 43/50 [00:17<00:01,  3.74it/s]
 88%|████████▊ | 44/50 [00:17<00:01,  3.61it/s]
 90%|█████████ | 45/50 [00:17<00:01,  3.60it/s]
 92%|█████████▏| 46/50 [00:18<00:01,  3.84it/s]
 94%|█████████▍| 47/50 [00:18<00:00,  4.04it/s]
 96%|█████████▌| 48/50 [00:18<00:00,  4.19it/s]
 98%|█████████▊| 49/50 [00:18<00:00,  4.32it/s]
100%|██████████| 50/50 [00:26<00:00,  2.52s/it]
100%|██████████| 50/50 [00:26<00:00,  1.88it/s]
[I 2023-12-11 22:07:48,458] Trial 264 finished with value: 0.26977667493796526 and parameters: {'EMBEDDING_DIM': 128, 'HIDDEN_DIM': 891, 'NUM_LAYERS': 2, 'DROPOUT': 0.30121966103767817, 'LR': 0.00623639126924643, 'WEIGHT_0': 0.9616160561589695, 'WEIGHT_1': 0.09804984997920008, 'WEIGHT_2': 0.15415808854228916, 'WEIGHT_3': 0.23195709936229092, 'WEIGHT_4': 0.5083159345127493, 'WEIGHT_5': 0.43862087830695884, 'WEIGHT_6': 0.0006566706499421815, 'WEIGHT_7': 0.6507096894226458, 'WEIGHT_8': 0.9367799115655004}. Best is trial 223 with value: 0.4540043855069437.
{'EMBEDDING_DIM': 128, 'HIDDEN_DIM': 891, 'NUM_LAYERS': 2, 'DROPOUT': 0.30121966103767817, 'LR': 0.00623639126924643, 'WEIGHT_0': 0.9616160561589695, 'WEIGHT_1': 0.09804984997920008, 'WEIGHT_2': 0.15415808854228916, 'WEIGHT_3': 0.23195709936229092, 'WEIGHT_4': 0.5083159345127493, 'WEIGHT_5': 0.43862087830695884, 'WEIGHT_6': 0.0006566706499421815, 'WEIGHT_7': 0.6507096894226458, 'WEIGHT_8': 0.9367799115655004}
0
              precision    recall  f1-score   support

         LOC       0.00      0.00      0.00      1837
        MISC       0.00      0.00      0.00       922
         ORG       0.00      0.00      0.00      1341
         PER       0.00      0.00      0.00      1842

   micro avg       0.00      0.00      0.00      5942
   macro avg       0.00      0.00      0.00      5942
weighted avg       0.00      0.00      0.00      5942

{'EMBEDDING_DIM': 128, 'HIDDEN_DIM': 891, 'NUM_LAYERS': 2, 'DROPOUT': 0.30121966103767817, 'LR': 0.00623639126924643, 'WEIGHT_0': 0.9616160561589695, 'WEIGHT_1': 0.09804984997920008, 'WEIGHT_2': 0.15415808854228916, 'WEIGHT_3': 0.23195709936229092, 'WEIGHT_4': 0.5083159345127493, 'WEIGHT_5': 0.43862087830695884, 'WEIGHT_6': 0.0006566706499421815, 'WEIGHT_7': 0.6507096894226458, 'WEIGHT_8': 0.9367799115655004}
49
              precision    recall  f1-score   support

         LOC       0.51      0.55      0.53      1837
        MISC       0.19      0.01      0.01       922
         ORG       0.00      0.00      0.00      1341
         PER       0.16      0.19      0.18      1842

   micro avg       0.33      0.23      0.27      5942
   macro avg       0.22      0.19      0.18      5942
weighted avg       0.24      0.23      0.22      5942

epoch 49
Transformer

  0%|          | 0/50 [00:00<?, ?it/s]
  2%|▏         | 1/50 [00:07<06:18,  7.73s/it]
  4%|▍         | 2/50 [00:07<02:37,  3.28s/it]
  6%|▌         | 3/50 [00:08<01:26,  1.85s/it]
  8%|▊         | 4/50 [00:08<00:54,  1.18s/it]
 10%|█         | 5/50 [00:08<00:36,  1.24it/s]
 12%|█▏        | 6/50 [00:08<00:25,  1.70it/s]
 14%|█▍        | 7/50 [00:08<00:19,  2.18it/s]
 16%|█▌        | 8/50 [00:08<00:16,  2.55it/s]
 18%|█▊        | 9/50 [00:09<00:14,  2.79it/s]
 20%|██        | 10/50 [00:09<00:13,  2.90it/s]
 22%|██▏       | 11/50 [00:09<00:13,  2.92it/s]
 24%|██▍       | 12/50 [00:10<00:12,  2.93it/s]
 26%|██▌       | 13/50 [00:10<00:12,  2.94it/s]
 28%|██▊       | 14/50 [00:10<00:12,  2.94it/s]
 30%|███       | 15/50 [00:11<00:11,  2.95it/s]
 32%|███▏      | 16/50 [00:11<00:12,  2.80it/s]
 34%|███▍      | 17/50 [00:12<00:12,  2.72it/s]
 36%|███▌      | 18/50 [00:12<00:11,  2.79it/s]
 38%|███▊      | 19/50 [00:12<00:10,  2.84it/s]
 40%|████      | 20/50 [00:13<00:10,  2.88it/s]
 42%|████▏     | 21/50 [00:13<00:09,  2.91it/s]
 44%|████▍     | 22/50 [00:13<00:09,  2.93it/s]
 46%|████▌     | 23/50 [00:14<00:09,  2.95it/s]
 48%|████▊     | 24/50 [00:14<00:08,  2.98it/s]
 50%|█████     | 25/50 [00:14<00:08,  2.99it/s]
 52%|█████▏    | 26/50 [00:15<00:08,  2.98it/s]
 54%|█████▍    | 27/50 [00:15<00:07,  3.00it/s]
 56%|█████▌    | 28/50 [00:15<00:07,  3.05it/s]
 58%|█████▊    | 29/50 [00:16<00:06,  3.03it/s]
 60%|██████    | 30/50 [00:16<00:06,  3.02it/s]
 62%|██████▏   | 31/50 [00:16<00:06,  3.00it/s]
 64%|██████▍   | 32/50 [00:17<00:06,  3.00it/s]
 66%|██████▌   | 33/50 [00:17<00:05,  2.99it/s]
 68%|██████▊   | 34/50 [00:17<00:05,  2.98it/s]
 70%|███████   | 35/50 [00:18<00:05,  2.98it/s]
 72%|███████▏  | 36/50 [00:18<00:04,  2.98it/s]
 74%|███████▍  | 37/50 [00:18<00:04,  2.98it/s]
 76%|███████▌  | 38/50 [00:19<00:04,  2.98it/s]
 78%|███████▊  | 39/50 [00:19<00:03,  2.99it/s]
 80%|████████  | 40/50 [00:19<00:03,  3.00it/s]
 82%|████████▏ | 41/50 [00:20<00:03,  2.99it/s]
 84%|████████▍ | 42/50 [00:20<00:02,  3.00it/s]
 86%|████████▌ | 43/50 [00:20<00:02,  3.00it/s]
 88%|████████▊ | 44/50 [00:21<00:02,  2.99it/s]
 90%|█████████ | 45/50 [00:21<00:01,  2.99it/s]
 92%|█████████▏| 46/50 [00:21<00:01,  2.95it/s]
 94%|█████████▍| 47/50 [00:22<00:01,  2.88it/s]
 96%|█████████▌| 48/50 [00:22<00:00,  2.83it/s]
 98%|█████████▊| 49/50 [00:22<00:00,  2.80it/s]
100%|██████████| 50/50 [00:31<00:00,  2.71s/it]
100%|██████████| 50/50 [00:31<00:00,  1.61it/s]
