[I 2023-12-11 20:35:36,488] Trial 80 finished with value: 0.2662740561573247 and parameters: {'EMBEDDING_DIM': 32, 'HIDDEN_DIM': 1608, 'NUM_LAYERS': 3, 'DROPOUT': 0.16024403941760368, 'LR': 0.008853146560582835, 'WEIGHT_0': 0.6223201432062215, 'WEIGHT_1': 0.19027453417939352, 'WEIGHT_2': 0.32121212888375106, 'WEIGHT_3': 0.14751513188301443, 'WEIGHT_4': 0.6851404539795323, 'WEIGHT_5': 0.3162538391843317, 'WEIGHT_6': 0.062039308261417854, 'WEIGHT_7': 0.8182108827124122, 'WEIGHT_8': 0.5567613582543085}. Best is trial 42 with value: 0.44962374581939796.
{'EMBEDDING_DIM': 32, 'HIDDEN_DIM': 1608, 'NUM_LAYERS': 3, 'DROPOUT': 0.16024403941760368, 'LR': 0.008853146560582835, 'WEIGHT_0': 0.6223201432062215, 'WEIGHT_1': 0.19027453417939352, 'WEIGHT_2': 0.32121212888375106, 'WEIGHT_3': 0.14751513188301443, 'WEIGHT_4': 0.6851404539795323, 'WEIGHT_5': 0.3162538391843317, 'WEIGHT_6': 0.062039308261417854, 'WEIGHT_7': 0.8182108827124122, 'WEIGHT_8': 0.5567613582543085}
0
              precision    recall  f1-score   support

         LOC       0.00      0.00      0.00      1837
        MISC       0.00      0.00      0.00       922
         ORG       0.00      0.00      0.00      1341
         PER       0.00      0.00      0.00      1842

   micro avg       0.00      0.00      0.00      5942
   macro avg       0.00      0.00      0.00      5942
weighted avg       0.00      0.00      0.00      5942

{'EMBEDDING_DIM': 32, 'HIDDEN_DIM': 1608, 'NUM_LAYERS': 3, 'DROPOUT': 0.16024403941760368, 'LR': 0.008853146560582835, 'WEIGHT_0': 0.6223201432062215, 'WEIGHT_1': 0.19027453417939352, 'WEIGHT_2': 0.32121212888375106, 'WEIGHT_3': 0.14751513188301443, 'WEIGHT_4': 0.6851404539795323, 'WEIGHT_5': 0.3162538391843317, 'WEIGHT_6': 0.062039308261417854, 'WEIGHT_7': 0.8182108827124122, 'WEIGHT_8': 0.5567613582543085}
49
              precision    recall  f1-score   support

         LOC       0.46      0.49      0.48      1837
        MISC       0.05      0.04      0.05       922
         ORG       0.00      0.00      0.00      1341
         PER       0.38      0.18      0.24      1842

   micro avg       0.35      0.21      0.27      5942
   macro avg       0.22      0.18      0.19      5942
weighted avg       0.27      0.21      0.23      5942

epoch 49
Transformer

  0%|          | 0/50 [00:00<?, ?it/s]
  2%|▏         | 1/50 [00:06<05:03,  6.19s/it]
  4%|▍         | 2/50 [00:06<02:05,  2.62s/it]
  6%|▌         | 3/50 [00:06<01:09,  1.47s/it]
  8%|▊         | 4/50 [00:06<00:42,  1.08it/s]
 10%|█         | 5/50 [00:06<00:28,  1.58it/s]
 12%|█▏        | 6/50 [00:06<00:19,  2.21it/s]
 14%|█▍        | 7/50 [00:06<00:14,  2.94it/s]
 18%|█▊        | 9/50 [00:07<00:09,  4.42it/s]
 20%|██        | 10/50 [00:07<00:07,  5.14it/s]
 22%|██▏       | 11/50 [00:07<00:06,  5.80it/s]
 24%|██▍       | 12/50 [00:07<00:06,  6.26it/s]
 26%|██▌       | 13/50 [00:07<00:05,  6.34it/s]
 28%|██▊       | 14/50 [00:07<00:05,  7.00it/s]
 30%|███       | 15/50 [00:07<00:04,  7.38it/s]
 32%|███▏      | 16/50 [00:07<00:04,  7.86it/s]
 34%|███▍      | 17/50 [00:07<00:03,  8.26it/s]
 36%|███▌      | 18/50 [00:08<00:03,  8.55it/s]
 38%|███▊      | 19/50 [00:08<00:03,  8.81it/s]
 42%|████▏     | 21/50 [00:08<00:03,  9.53it/s]
 46%|████▌     | 23/50 [00:08<00:02,  9.93it/s]
 50%|█████     | 25/50 [00:08<00:02, 10.16it/s]
 54%|█████▍    | 27/50 [00:08<00:02, 10.29it/s]
 58%|█████▊    | 29/50 [00:09<00:02, 10.39it/s]
 62%|██████▏   | 31/50 [00:09<00:01, 10.41it/s]
 66%|██████▌   | 33/50 [00:09<00:01, 10.42it/s]
 70%|███████   | 35/50 [00:09<00:01, 10.40it/s]
 74%|███████▍  | 37/50 [00:09<00:01, 10.35it/s]
 78%|███████▊  | 39/50 [00:10<00:01, 10.35it/s]
 82%|████████▏ | 41/50 [00:10<00:00, 10.37it/s]
 86%|████████▌ | 43/50 [00:10<00:00, 10.36it/s]
 90%|█████████ | 45/50 [00:10<00:00, 10.37it/s]
 94%|█████████▍| 47/50 [00:10<00:00, 10.36it/s]
 98%|█████████▊| 49/50 [00:11<00:00, 10.36it/s]
100%|██████████| 50/50 [00:17<00:00,  2.92it/s]
[I 2023-12-11 20:35:59,371] Trial 81 finished with value: 0.4304656182547024 and parameters: {'EMBEDDING_DIM': 32, 'HIDDEN_DIM': 1352, 'NUM_LAYERS': 1, 'DROPOUT': 0.10352029482785173, 'LR': 0.008452944110576729, 'WEIGHT_0': 0.689404144949766, 'WEIGHT_1': 0.2519617875803482, 'WEIGHT_2': 0.25765185001827356, 'WEIGHT_3': 0.06470535401011254, 'WEIGHT_4': 0.7934200314738814, 'WEIGHT_5': 0.19272689297700504, 'WEIGHT_6': 0.02214042478389952, 'WEIGHT_7': 0.9730635104078484, 'WEIGHT_8': 0.5224863764733595}. Best is trial 42 with value: 0.44962374581939796.
{'EMBEDDING_DIM': 32, 'HIDDEN_DIM': 1352, 'NUM_LAYERS': 1, 'DROPOUT': 0.10352029482785173, 'LR': 0.008452944110576729, 'WEIGHT_0': 0.689404144949766, 'WEIGHT_1': 0.2519617875803482, 'WEIGHT_2': 0.25765185001827356, 'WEIGHT_3': 0.06470535401011254, 'WEIGHT_4': 0.7934200314738814, 'WEIGHT_5': 0.19272689297700504, 'WEIGHT_6': 0.02214042478389952, 'WEIGHT_7': 0.9730635104078484, 'WEIGHT_8': 0.5224863764733595}
0
              precision    recall  f1-score   support

         LOC       0.00      0.00      0.00      1837
        MISC       0.00      0.00      0.00       922
         ORG       0.00      0.00      0.00      1341
         PER       0.00      0.00      0.00      1842

   micro avg       0.00      0.00      0.00      5942
   macro avg       0.00      0.00      0.00      5942
weighted avg       0.00      0.00      0.00      5942

{'EMBEDDING_DIM': 32, 'HIDDEN_DIM': 1352, 'NUM_LAYERS': 1, 'DROPOUT': 0.10352029482785173, 'LR': 0.008452944110576729, 'WEIGHT_0': 0.689404144949766, 'WEIGHT_1': 0.2519617875803482, 'WEIGHT_2': 0.25765185001827356, 'WEIGHT_3': 0.06470535401011254, 'WEIGHT_4': 0.7934200314738814, 'WEIGHT_5': 0.19272689297700504, 'WEIGHT_6': 0.02214042478389952, 'WEIGHT_7': 0.9730635104078484, 'WEIGHT_8': 0.5224863764733595}
49
              precision    recall  f1-score   support

         LOC       0.73      0.56      0.64      1837
        MISC       0.62      0.48      0.54       922
         ORG       0.38      0.21      0.27      1341
         PER       0.36      0.18      0.24      1842

   micro avg       0.55      0.35      0.43      5942
   macro avg       0.52      0.36      0.42      5942
weighted avg       0.52      0.35      0.42      5942

epoch 49
Transformer

  0%|          | 0/50 [00:00<?, ?it/s]
  2%|▏         | 1/50 [00:06<05:11,  6.35s/it]
  4%|▍         | 2/50 [00:06<02:08,  2.68s/it]
  6%|▌         | 3/50 [00:06<01:10,  1.51s/it]
  8%|▊         | 4/50 [00:06<00:43,  1.05it/s]
 10%|█         | 5/50 [00:06<00:29,  1.54it/s]
 12%|█▏        | 6/50 [00:06<00:20,  2.13it/s]
 14%|█▍        | 7/50 [00:07<00:15,  2.80it/s]
 16%|█▌        | 8/50 [00:07<00:11,  3.55it/s]
 18%|█▊        | 9/50 [00:07<00:09,  4.44it/s]
 20%|██        | 10/50 [00:07<00:07,  5.36it/s]
 22%|██▏       | 11/50 [00:07<00:06,  6.24it/s]
 24%|██▍       | 12/50 [00:07<00:05,  7.04it/s]
 26%|██▌       | 13/50 [00:07<00:04,  7.73it/s]
 28%|██▊       | 14/50 [00:07<00:04,  8.27it/s]
 30%|███       | 15/50 [00:07<00:04,  8.70it/s]
 32%|███▏      | 16/50 [00:07<00:03,  9.05it/s]
 36%|███▌      | 18/50 [00:08<00:03,  9.49it/s]
 38%|███▊      | 19/50 [00:08<00:03,  9.60it/s]
 40%|████      | 20/50 [00:08<00:03,  9.70it/s]
 44%|████▍     | 22/50 [00:08<00:02,  9.86it/s]
 48%|████▊     | 24/50 [00:08<00:02,  9.93it/s]
 52%|█████▏    | 26/50 [00:08<00:02,  9.90it/s]
 56%|█████▌    | 28/50 [00:09<00:02,  9.97it/s]
 60%|██████    | 30/50 [00:09<00:01, 10.00it/s]
 64%|██████▍   | 32/50 [00:09<00:01, 10.04it/s]
 68%|██████▊   | 34/50 [00:09<00:01, 10.06it/s]
 72%|███████▏  | 36/50 [00:09<00:01, 10.08it/s]
 76%|███████▌  | 38/50 [00:10<00:01, 10.10it/s]
 80%|████████  | 40/50 [00:10<00:00, 10.10it/s]
 84%|████████▍ | 42/50 [00:10<00:00, 10.11it/s]
 88%|████████▊ | 44/50 [00:10<00:00, 10.12it/s]
 92%|█████████▏| 46/50 [00:10<00:00, 10.11it/s]
 96%|█████████▌| 48/50 [00:11<00:00, 10.12it/s]
100%|██████████| 50/50 [00:17<00:00,  1.00it/s]
100%|██████████| 50/50 [00:17<00:00,  2.89it/s]
[I 2023-12-11 20:36:22,908] Trial 82 finished with value: 0.43173817905051853 and parameters: {'EMBEDDING_DIM': 32, 'HIDDEN_DIM': 1531, 'NUM_LAYERS': 1, 'DROPOUT': 0.08047341269197539, 'LR': 0.00924734853382699, 'WEIGHT_0': 0.734892154970266, 'WEIGHT_1': 0.2410313879370776, 'WEIGHT_2': 0.2774576601836836, 'WEIGHT_3': 0.10791520003321059, 'WEIGHT_4': 0.8347778665955865, 'WEIGHT_5': 0.28077247606863365, 'WEIGHT_6': 0.03552756546961566, 'WEIGHT_7': 0.9415605561785648, 'WEIGHT_8': 0.4606819099795789}. Best is trial 42 with value: 0.44962374581939796.
{'EMBEDDING_DIM': 32, 'HIDDEN_DIM': 1531, 'NUM_LAYERS': 1, 'DROPOUT': 0.08047341269197539, 'LR': 0.00924734853382699, 'WEIGHT_0': 0.734892154970266, 'WEIGHT_1': 0.2410313879370776, 'WEIGHT_2': 0.2774576601836836, 'WEIGHT_3': 0.10791520003321059, 'WEIGHT_4': 0.8347778665955865, 'WEIGHT_5': 0.28077247606863365, 'WEIGHT_6': 0.03552756546961566, 'WEIGHT_7': 0.9415605561785648, 'WEIGHT_8': 0.4606819099795789}
0
              precision    recall  f1-score   support

         LOC       0.00      0.00      0.00      1837
        MISC       0.00      0.00      0.00       922
         ORG       0.00      0.00      0.00      1341
         PER       0.00      0.00      0.00      1842

   micro avg       0.00      0.00      0.00      5942
   macro avg       0.00      0.00      0.00      5942
weighted avg       0.00      0.00      0.00      5942

{'EMBEDDING_DIM': 32, 'HIDDEN_DIM': 1531, 'NUM_LAYERS': 1, 'DROPOUT': 0.08047341269197539, 'LR': 0.00924734853382699, 'WEIGHT_0': 0.734892154970266, 'WEIGHT_1': 0.2410313879370776, 'WEIGHT_2': 0.2774576601836836, 'WEIGHT_3': 0.10791520003321059, 'WEIGHT_4': 0.8347778665955865, 'WEIGHT_5': 0.28077247606863365, 'WEIGHT_6': 0.03552756546961566, 'WEIGHT_7': 0.9415605561785648, 'WEIGHT_8': 0.4606819099795789}
49
              precision    recall  f1-score   support

         LOC       0.75      0.58      0.66      1837
        MISC       0.59      0.49      0.53       922
         ORG       0.43      0.20      0.28      1341
         PER       0.27      0.26      0.27      1842

   micro avg       0.50      0.38      0.43      5942
   macro avg       0.51      0.38      0.43      5942
weighted avg       0.51      0.38      0.43      5942

epoch 49
Transformer

  0%|          | 0/50 [00:00<?, ?it/s]
  2%|▏         | 1/50 [00:06<05:20,  6.54s/it]
  4%|▍         | 2/50 [00:06<02:12,  2.76s/it]
  6%|▌         | 3/50 [00:06<01:12,  1.55s/it]
  8%|▊         | 4/50 [00:06<00:44,  1.02it/s]
 10%|█         | 5/50 [00:06<00:29,  1.51it/s]
 12%|█▏        | 6/50 [00:07<00:20,  2.10it/s]
 14%|█▍        | 7/50 [00:07<00:15,  2.78it/s]
 16%|█▌        | 8/50 [00:07<00:11,  3.59it/s]
 18%|█▊        | 9/50 [00:07<00:09,  4.46it/s]
 20%|██        | 10/50 [00:07<00:07,  5.36it/s]
 22%|██▏       | 11/50 [00:07<00:06,  6.19it/s]
 24%|██▍       | 12/50 [00:07<00:05,  6.95it/s]
 26%|██▌       | 13/50 [00:07<00:04,  7.61it/s]
 28%|██▊       | 14/50 [00:07<00:04,  8.14it/s]
 30%|███       | 15/50 [00:08<00:04,  8.40it/s]
 34%|███▍      | 17/50 [00:08<00:03,  9.48it/s]
 38%|███▊      | 19/50 [00:08<00:03, 10.00it/s]
 42%|████▏     | 21/50 [00:08<00:02, 10.31it/s]
 46%|████▌     | 23/50 [00:08<00:02, 10.52it/s]
 50%|█████     | 25/50 [00:08<00:02, 10.66it/s]
 54%|█████▍    | 27/50 [00:09<00:02, 10.75it/s]
 58%|█████▊    | 29/50 [00:09<00:01, 10.81it/s]
 62%|██████▏   | 31/50 [00:09<00:01, 10.85it/s]
 66%|██████▌   | 33/50 [00:09<00:01, 10.80it/s]
 70%|███████   | 35/50 [00:09<00:01, 10.81it/s]
 74%|███████▍  | 37/50 [00:10<00:01, 10.84it/s]
 78%|███████▊  | 39/50 [00:10<00:01, 10.87it/s]
 82%|████████▏ | 41/50 [00:10<00:00, 10.91it/s]
 86%|████████▌ | 43/50 [00:10<00:00, 10.91it/s]
 90%|█████████ | 45/50 [00:10<00:00, 10.92it/s]
 94%|█████████▍| 47/50 [00:10<00:00, 10.94it/s]
 98%|█████████▊| 49/50 [00:11<00:00, 10.94it/s]
100%|██████████| 50/50 [00:17<00:00,  2.90it/s]
[I 2023-12-11 20:36:46,385] Trial 83 finished with value: 0.4303361684892669 and parameters: {'EMBEDDING_DIM': 32, 'HIDDEN_DIM': 934, 'NUM_LAYERS': 1, 'DROPOUT': 0.13035931975882104, 'LR': 0.007988098300910717, 'WEIGHT_0': 0.7641105589227054, 'WEIGHT_1': 0.42606881591993606, 'WEIGHT_2': 0.35251833352147943, 'WEIGHT_3': 0.08155094101067045, 'WEIGHT_4': 0.8906091966091122, 'WEIGHT_5': 0.23274149307402348, 'WEIGHT_6': 0.10622196281837251, 'WEIGHT_7': 0.9796950266611466, 'WEIGHT_8': 0.595943267305516}. Best is trial 42 with value: 0.44962374581939796.
{'EMBEDDING_DIM': 32, 'HIDDEN_DIM': 934, 'NUM_LAYERS': 1, 'DROPOUT': 0.13035931975882104, 'LR': 0.007988098300910717, 'WEIGHT_0': 0.7641105589227054, 'WEIGHT_1': 0.42606881591993606, 'WEIGHT_2': 0.35251833352147943, 'WEIGHT_3': 0.08155094101067045, 'WEIGHT_4': 0.8906091966091122, 'WEIGHT_5': 0.23274149307402348, 'WEIGHT_6': 0.10622196281837251, 'WEIGHT_7': 0.9796950266611466, 'WEIGHT_8': 0.595943267305516}
0
              precision    recall  f1-score   support

         LOC       0.00      0.00      0.00      1837
        MISC       0.00      0.00      0.00       922
         ORG       0.00      0.00      0.00      1341
         PER       0.00      0.00      0.00      1842

   micro avg       0.00      0.00      0.00      5942
   macro avg       0.00      0.00      0.00      5942
weighted avg       0.00      0.00      0.00      5942

{'EMBEDDING_DIM': 32, 'HIDDEN_DIM': 934, 'NUM_LAYERS': 1, 'DROPOUT': 0.13035931975882104, 'LR': 0.007988098300910717, 'WEIGHT_0': 0.7641105589227054, 'WEIGHT_1': 0.42606881591993606, 'WEIGHT_2': 0.35251833352147943, 'WEIGHT_3': 0.08155094101067045, 'WEIGHT_4': 0.8906091966091122, 'WEIGHT_5': 0.23274149307402348, 'WEIGHT_6': 0.10622196281837251, 'WEIGHT_7': 0.9796950266611466, 'WEIGHT_8': 0.595943267305516}
49
              precision    recall  f1-score   support

         LOC       0.76      0.58      0.66      1837
        MISC       0.57      0.47      0.52       922
         ORG       0.36      0.21      0.26      1341
         PER       0.35      0.19      0.24      1842

   micro avg       0.54      0.36      0.43      5942
   macro avg       0.51      0.36      0.42      5942
weighted avg       0.51      0.36      0.42      5942

epoch 49
Transformer

  0%|          | 0/50 [00:00<?, ?it/s]
  2%|▏         | 1/50 [00:06<05:22,  6.59s/it]
  4%|▍         | 2/50 [00:06<02:13,  2.78s/it]
  6%|▌         | 3/50 [00:06<01:13,  1.57s/it]
  8%|▊         | 4/50 [00:06<00:45,  1.01it/s]
 10%|█         | 5/50 [00:07<00:30,  1.48it/s]
 12%|█▏        | 6/50 [00:07<00:21,  2.06it/s]
 14%|█▍        | 7/50 [00:07<00:15,  2.77it/s]
 16%|█▌        | 8/50 [00:07<00:11,  3.58it/s]
 18%|█▊        | 9/50 [00:07<00:09,  4.44it/s]
 20%|██        | 10/50 [00:07<00:07,  5.32it/s]
 22%|██▏       | 11/50 [00:07<00:06,  6.15it/s]
 24%|██▍       | 12/50 [00:07<00:05,  6.90it/s]
 26%|██▌       | 13/50 [00:07<00:04,  7.53it/s]
 28%|██▊       | 14/50 [00:08<00:04,  8.05it/s]
 30%|███       | 15/50 [00:08<00:04,  8.45it/s]
 32%|███▏      | 16/50 [00:08<00:03,  8.75it/s]
 34%|███▍      | 17/50 [00:08<00:03,  8.98it/s]
 36%|███▌      | 18/50 [00:08<00:03,  9.14it/s]
 38%|███▊      | 19/50 [00:08<00:03,  9.26it/s]
 40%|████      | 20/50 [00:08<00:03,  9.32it/s]
 42%|████▏     | 21/50 [00:08<00:03,  9.39it/s]
 44%|████▍     | 22/50 [00:08<00:02,  9.43it/s]
 46%|████▌     | 23/50 [00:08<00:02,  9.46it/s]
 48%|████▊     | 24/50 [00:09<00:02,  9.49it/s]
 50%|█████     | 25/50 [00:09<00:02,  9.48it/s]
 52%|█████▏    | 26/50 [00:09<00:02,  9.50it/s]
 54%|█████▍    | 27/50 [00:09<00:02,  9.52it/s]
 56%|█████▌    | 28/50 [00:09<00:02,  9.52it/s]
 58%|█████▊    | 29/50 [00:09<00:02,  9.53it/s]
 60%|██████    | 30/50 [00:09<00:02,  9.52it/s]
 62%|██████▏   | 31/50 [00:09<00:01,  9.53it/s]
 64%|██████▍   | 32/50 [00:09<00:01,  9.53it/s]
 66%|██████▌   | 33/50 [00:10<00:01,  9.51it/s]
 68%|██████▊   | 34/50 [00:10<00:01,  9.52it/s]
 70%|███████   | 35/50 [00:10<00:01,  9.51it/s]
 72%|███████▏  | 36/50 [00:10<00:01,  9.52it/s]
 74%|███████▍  | 37/50 [00:10<00:01,  9.51it/s]
 76%|███████▌  | 38/50 [00:10<00:01,  9.51it/s]
 78%|███████▊  | 39/50 [00:10<00:01,  9.52it/s]
 80%|████████  | 40/50 [00:10<00:01,  9.51it/s]
 82%|████████▏ | 41/50 [00:10<00:00,  9.52it/s]
 84%|████████▍ | 42/50 [00:10<00:00,  9.53it/s]
 86%|████████▌ | 43/50 [00:11<00:00,  9.54it/s]
 88%|████████▊ | 44/50 [00:11<00:00,  9.47it/s]
 90%|█████████ | 45/50 [00:11<00:00,  9.49it/s]
 92%|█████████▏| 46/50 [00:11<00:00,  9.50it/s]
 94%|█████████▍| 47/50 [00:11<00:00,  9.51it/s]
 96%|█████████▌| 48/50 [00:11<00:00,  9.52it/s]
 98%|█████████▊| 49/50 [00:11<00:00,  9.53it/s]
100%|██████████| 50/50 [00:17<00:00,  1.91s/it]
100%|██████████| 50/50 [00:17<00:00,  2.81it/s]
[I 2023-12-11 20:37:09,863] Trial 84 finished with value: 0.41463414634146345 and parameters: {'EMBEDDING_DIM': 32, 'HIDDEN_DIM': 1739, 'NUM_LAYERS': 1, 'DROPOUT': 0.10815110692397827, 'LR': 0.007470314806877945, 'WEIGHT_0': 0.6660142819982612, 'WEIGHT_1': 0.27932983806820827, 'WEIGHT_2': 0.19354404469345293, 'WEIGHT_3': 0.021447391607487487, 'WEIGHT_4': 0.7704859781799268, 'WEIGHT_5': 0.14348143943842143, 'WEIGHT_6': 0.05461960543620145, 'WEIGHT_7': 0.8660981964456729, 'WEIGHT_8': 0.49751173180358366}. Best is trial 42 with value: 0.44962374581939796.
{'EMBEDDING_DIM': 32, 'HIDDEN_DIM': 1739, 'NUM_LAYERS': 1, 'DROPOUT': 0.10815110692397827, 'LR': 0.007470314806877945, 'WEIGHT_0': 0.6660142819982612, 'WEIGHT_1': 0.27932983806820827, 'WEIGHT_2': 0.19354404469345293, 'WEIGHT_3': 0.021447391607487487, 'WEIGHT_4': 0.7704859781799268, 'WEIGHT_5': 0.14348143943842143, 'WEIGHT_6': 0.05461960543620145, 'WEIGHT_7': 0.8660981964456729, 'WEIGHT_8': 0.49751173180358366}
0
              precision    recall  f1-score   support

         LOC       0.00      0.00      0.00      1837
        MISC       0.00      0.00      0.00       922
         ORG       0.00      0.00      0.00      1341
         PER       0.00      0.00      0.00      1842

   micro avg       0.00      0.00      0.00      5942
   macro avg       0.00      0.00      0.00      5942
weighted avg       0.00      0.00      0.00      5942

{'EMBEDDING_DIM': 32, 'HIDDEN_DIM': 1739, 'NUM_LAYERS': 1, 'DROPOUT': 0.10815110692397827, 'LR': 0.007470314806877945, 'WEIGHT_0': 0.6660142819982612, 'WEIGHT_1': 0.27932983806820827, 'WEIGHT_2': 0.19354404469345293, 'WEIGHT_3': 0.021447391607487487, 'WEIGHT_4': 0.7704859781799268, 'WEIGHT_5': 0.14348143943842143, 'WEIGHT_6': 0.05461960543620145, 'WEIGHT_7': 0.8660981964456729, 'WEIGHT_8': 0.49751173180358366}
49
              precision    recall  f1-score   support

         LOC       0.79      0.56      0.66      1837
        MISC       0.53      0.47      0.50       922
         ORG       0.24      0.26      0.25      1341
         PER       0.36      0.20      0.26      1842

   micro avg       0.47      0.37      0.41      5942
   macro avg       0.48      0.37      0.42      5942
weighted avg       0.49      0.37      0.42      5942

epoch 49
Transformer

  0%|          | 0/50 [00:00<?, ?it/s]
  2%|▏         | 1/50 [00:06<04:58,  6.09s/it]
  4%|▍         | 2/50 [00:06<02:03,  2.57s/it]
  6%|▌         | 3/50 [00:06<01:07,  1.45s/it]
 10%|█         | 5/50 [00:06<00:30,  1.47it/s]
 12%|█▏        | 6/50 [00:06<00:22,  1.95it/s]
 16%|█▌        | 8/50 [00:06<00:13,  3.07it/s]
 20%|██        | 10/50 [00:06<00:09,  4.27it/s]
 24%|██▍       | 12/50 [00:07<00:06,  5.45it/s]
 28%|██▊       | 14/50 [00:07<00:05,  6.56it/s]
 32%|███▏      | 16/50 [00:07<00:04,  7.53it/s]
 36%|███▌      | 18/50 [00:07<00:03,  8.27it/s]
 40%|████      | 20/50 [00:07<00:03,  8.96it/s]
 44%|████▍     | 22/50 [00:08<00:02,  9.48it/s]
 48%|████▊     | 24/50 [00:08<00:02,  9.86it/s]
 52%|█████▏    | 26/50 [00:08<00:02, 10.15it/s]
 56%|█████▌    | 28/50 [00:08<00:02, 10.18it/s]
 60%|██████    | 30/50 [00:08<00:02,  9.67it/s]
 64%|██████▍   | 32/50 [00:09<00:01,  9.56it/s]
 66%|██████▌   | 33/50 [00:09<00:01,  9.53it/s]
 68%|██████▊   | 34/50 [00:09<00:01,  9.51it/s]
 70%|███████   | 35/50 [00:09<00:01,  9.49it/s]
 72%|███████▏  | 36/50 [00:09<00:01,  9.45it/s]
 76%|███████▌  | 38/50 [00:09<00:01,  9.70it/s]
 80%|████████  | 40/50 [00:09<00:00, 10.05it/s]
 84%|████████▍ | 42/50 [00:10<00:00, 10.23it/s]
 88%|████████▊ | 44/50 [00:10<00:00, 10.32it/s]
 92%|█████████▏| 46/50 [00:10<00:00, 10.32it/s]
 96%|█████████▌| 48/50 [00:10<00:00, 10.41it/s]
100%|██████████| 50/50 [00:16<00:00,  1.01s/it]
100%|██████████| 50/50 [00:16<00:00,  2.98it/s]
