[I 2023-12-11 20:37:32,316] Trial 85 finished with value: 0.42125822368421056 and parameters: {'EMBEDDING_DIM': 32, 'HIDDEN_DIM': 1174, 'NUM_LAYERS': 1, 'DROPOUT': 0.05514173261574191, 'LR': 0.008651486860677942, 'WEIGHT_0': 0.7169999820565827, 'WEIGHT_1': 0.3316348990149338, 'WEIGHT_2': 0.3266938243533075, 'WEIGHT_3': 0.07982551619462283, 'WEIGHT_4': 0.8654506358338752, 'WEIGHT_5': 0.21450820476424962, 'WEIGHT_6': 0.0017444263268713706, 'WEIGHT_7': 0.8947995279140581, 'WEIGHT_8': 0.5428395058676122}. Best is trial 42 with value: 0.44962374581939796.
{'EMBEDDING_DIM': 32, 'HIDDEN_DIM': 1174, 'NUM_LAYERS': 1, 'DROPOUT': 0.05514173261574191, 'LR': 0.008651486860677942, 'WEIGHT_0': 0.7169999820565827, 'WEIGHT_1': 0.3316348990149338, 'WEIGHT_2': 0.3266938243533075, 'WEIGHT_3': 0.07982551619462283, 'WEIGHT_4': 0.8654506358338752, 'WEIGHT_5': 0.21450820476424962, 'WEIGHT_6': 0.0017444263268713706, 'WEIGHT_7': 0.8947995279140581, 'WEIGHT_8': 0.5428395058676122}
0
              precision    recall  f1-score   support

         LOC       0.00      0.00      0.00      1837
        MISC       0.00      0.00      0.00       922
         ORG       0.00      0.00      0.00      1341
         PER       0.00      0.00      0.00      1842

   micro avg       0.00      0.00      0.00      5942
   macro avg       0.00      0.00      0.00      5942
weighted avg       0.00      0.00      0.00      5942

{'EMBEDDING_DIM': 32, 'HIDDEN_DIM': 1174, 'NUM_LAYERS': 1, 'DROPOUT': 0.05514173261574191, 'LR': 0.008651486860677942, 'WEIGHT_0': 0.7169999820565827, 'WEIGHT_1': 0.3316348990149338, 'WEIGHT_2': 0.3266938243533075, 'WEIGHT_3': 0.07982551619462283, 'WEIGHT_4': 0.8654506358338752, 'WEIGHT_5': 0.21450820476424962, 'WEIGHT_6': 0.0017444263268713706, 'WEIGHT_7': 0.8947995279140581, 'WEIGHT_8': 0.5428395058676122}
49
              precision    recall  f1-score   support

         LOC       0.76      0.55      0.64      1837
        MISC       0.57      0.46      0.51       922
         ORG       0.39      0.20      0.26      1341
         PER       0.34      0.19      0.24      1842

   micro avg       0.54      0.34      0.42      5942
   macro avg       0.52      0.35      0.41      5942
weighted avg       0.52      0.34      0.41      5942

epoch 49
Transformer

  0%|          | 0/50 [00:00<?, ?it/s]
  2%|▏         | 1/50 [00:07<05:56,  7.27s/it]
  4%|▍         | 2/50 [00:08<02:44,  3.43s/it]
  6%|▌         | 3/50 [00:08<01:43,  2.21s/it]
  8%|▊         | 4/50 [00:09<01:15,  1.63s/it]
 10%|█         | 5/50 [00:10<00:59,  1.31s/it]
 12%|█▏        | 6/50 [00:11<00:49,  1.12s/it]
 14%|█▍        | 7/50 [00:11<00:42,  1.00it/s]
 16%|█▌        | 8/50 [00:12<00:38,  1.09it/s]
 18%|█▊        | 9/50 [00:13<00:35,  1.16it/s]
 20%|██        | 10/50 [00:13<00:33,  1.21it/s]
 22%|██▏       | 11/50 [00:14<00:31,  1.24it/s]
 24%|██▍       | 12/50 [00:15<00:29,  1.27it/s]
 26%|██▌       | 13/50 [00:16<00:28,  1.29it/s]
 28%|██▊       | 14/50 [00:16<00:27,  1.30it/s]
 30%|███       | 15/50 [00:17<00:26,  1.31it/s]
 32%|███▏      | 16/50 [00:18<00:25,  1.32it/s]
 34%|███▍      | 17/50 [00:19<00:25,  1.32it/s]
 36%|███▌      | 18/50 [00:20<00:24,  1.32it/s]
 38%|███▊      | 19/50 [00:20<00:23,  1.33it/s]
 40%|████      | 20/50 [00:21<00:22,  1.33it/s]
 42%|████▏     | 21/50 [00:22<00:21,  1.33it/s]
 44%|████▍     | 22/50 [00:23<00:21,  1.33it/s]
 46%|████▌     | 23/50 [00:23<00:20,  1.33it/s]
 48%|████▊     | 24/50 [00:24<00:19,  1.33it/s]
 50%|█████     | 25/50 [00:25<00:18,  1.33it/s]
 52%|█████▏    | 26/50 [00:26<00:18,  1.33it/s]
 54%|█████▍    | 27/50 [00:26<00:17,  1.33it/s]
 56%|█████▌    | 28/50 [00:27<00:16,  1.33it/s]
 58%|█████▊    | 29/50 [00:28<00:15,  1.32it/s]
 60%|██████    | 30/50 [00:29<00:15,  1.32it/s]
 62%|██████▏   | 31/50 [00:29<00:14,  1.32it/s]
 64%|██████▍   | 32/50 [00:30<00:13,  1.32it/s]
 66%|██████▌   | 33/50 [00:31<00:12,  1.32it/s]
 68%|██████▊   | 34/50 [00:32<00:12,  1.32it/s]
 70%|███████   | 35/50 [00:32<00:11,  1.32it/s]
 72%|███████▏  | 36/50 [00:33<00:10,  1.32it/s]
 74%|███████▍  | 37/50 [00:34<00:09,  1.32it/s]
 76%|███████▌  | 38/50 [00:35<00:09,  1.32it/s]
 78%|███████▊  | 39/50 [00:35<00:08,  1.32it/s]
 80%|████████  | 40/50 [00:36<00:07,  1.32it/s]
 82%|████████▏ | 41/50 [00:37<00:06,  1.32it/s]
 84%|████████▍ | 42/50 [00:38<00:06,  1.32it/s]
 86%|████████▌ | 43/50 [00:38<00:05,  1.32it/s]
 88%|████████▊ | 44/50 [00:39<00:04,  1.32it/s]
 90%|█████████ | 45/50 [00:40<00:03,  1.32it/s]
 92%|█████████▏| 46/50 [00:41<00:03,  1.32it/s]
 94%|█████████▍| 47/50 [00:41<00:02,  1.32it/s]
 96%|█████████▌| 48/50 [00:42<00:01,  1.32it/s]
 98%|█████████▊| 49/50 [00:43<00:00,  1.31it/s]
100%|██████████| 50/50 [00:50<00:00,  2.59s/it]
100%|██████████| 50/50 [00:50<00:00,  1.01s/it]
[I 2023-12-11 20:38:29,467] Trial 86 finished with value: 0.02500332491022742 and parameters: {'EMBEDDING_DIM': 1024, 'HIDDEN_DIM': 151, 'NUM_LAYERS': 1, 'DROPOUT': 0.14490081318812698, 'LR': 0.009793367483445477, 'WEIGHT_0': 0.7759358271287687, 'WEIGHT_1': 0.23385111807862727, 'WEIGHT_2': 0.2381837601497208, 'WEIGHT_3': 0.22940318234314688, 'WEIGHT_4': 0.8156694947888787, 'WEIGHT_5': 0.1740259813243189, 'WEIGHT_6': 0.08112780481087904, 'WEIGHT_7': 0.935013844840296, 'WEIGHT_8': 0.4463971036490261}. Best is trial 42 with value: 0.44962374581939796.
{'EMBEDDING_DIM': 1024, 'HIDDEN_DIM': 151, 'NUM_LAYERS': 1, 'DROPOUT': 0.14490081318812698, 'LR': 0.009793367483445477, 'WEIGHT_0': 0.7759358271287687, 'WEIGHT_1': 0.23385111807862727, 'WEIGHT_2': 0.2381837601497208, 'WEIGHT_3': 0.22940318234314688, 'WEIGHT_4': 0.8156694947888787, 'WEIGHT_5': 0.1740259813243189, 'WEIGHT_6': 0.08112780481087904, 'WEIGHT_7': 0.935013844840296, 'WEIGHT_8': 0.4463971036490261}
0
              precision    recall  f1-score   support

         LOC       0.00      0.00      0.00      1837
        MISC       0.00      0.00      0.00       922
         ORG       0.00      0.00      0.00      1341
         PER       0.00      0.00      0.00      1842

   micro avg       0.00      0.00      0.00      5942
   macro avg       0.00      0.00      0.00      5942
weighted avg       0.00      0.00      0.00      5942

{'EMBEDDING_DIM': 1024, 'HIDDEN_DIM': 151, 'NUM_LAYERS': 1, 'DROPOUT': 0.14490081318812698, 'LR': 0.009793367483445477, 'WEIGHT_0': 0.7759358271287687, 'WEIGHT_1': 0.23385111807862727, 'WEIGHT_2': 0.2381837601497208, 'WEIGHT_3': 0.22940318234314688, 'WEIGHT_4': 0.8156694947888787, 'WEIGHT_5': 0.1740259813243189, 'WEIGHT_6': 0.08112780481087904, 'WEIGHT_7': 0.935013844840296, 'WEIGHT_8': 0.4463971036490261}
49
              precision    recall  f1-score   support

         LOC       0.00      0.00      0.00      1837
        MISC       0.00      0.00      0.00       922
         ORG       0.00      0.00      0.00      1341
         PER       0.06      0.05      0.05      1842

   micro avg       0.06      0.02      0.03      5942
   macro avg       0.01      0.01      0.01      5942
weighted avg       0.02      0.02      0.02      5942

epoch 49
Transformer

  0%|          | 0/50 [00:00<?, ?it/s]
  2%|▏         | 1/50 [00:06<05:32,  6.78s/it]
  4%|▍         | 2/50 [00:07<02:23,  3.00s/it]
  6%|▌         | 3/50 [00:07<01:23,  1.79s/it]
  8%|▊         | 4/50 [00:07<00:55,  1.21s/it]
 10%|█         | 5/50 [00:08<00:40,  1.12it/s]
 12%|█▏        | 6/50 [00:08<00:30,  1.43it/s]
 14%|█▍        | 7/50 [00:08<00:24,  1.73it/s]
 16%|█▌        | 8/50 [00:09<00:20,  2.01it/s]
 18%|█▊        | 9/50 [00:09<00:18,  2.25it/s]
 20%|██        | 10/50 [00:09<00:16,  2.45it/s]
 22%|██▏       | 11/50 [00:10<00:14,  2.60it/s]
 24%|██▍       | 12/50 [00:10<00:13,  2.72it/s]
 26%|██▌       | 13/50 [00:10<00:13,  2.81it/s]
 28%|██▊       | 14/50 [00:11<00:12,  2.88it/s]
 30%|███       | 15/50 [00:11<00:11,  2.93it/s]
 32%|███▏      | 16/50 [00:11<00:11,  2.97it/s]
 34%|███▍      | 17/50 [00:12<00:10,  3.00it/s]
 36%|███▌      | 18/50 [00:12<00:10,  3.02it/s]
 38%|███▊      | 19/50 [00:12<00:10,  3.03it/s]
 40%|████      | 20/50 [00:13<00:09,  3.04it/s]
 42%|████▏     | 21/50 [00:13<00:09,  3.05it/s]
 44%|████▍     | 22/50 [00:13<00:09,  3.06it/s]
 46%|████▌     | 23/50 [00:14<00:08,  3.06it/s]
 48%|████▊     | 24/50 [00:14<00:08,  3.06it/s]
 50%|█████     | 25/50 [00:14<00:08,  3.06it/s]
 52%|█████▏    | 26/50 [00:14<00:07,  3.07it/s]
 54%|█████▍    | 27/50 [00:15<00:07,  3.05it/s]
 56%|█████▌    | 28/50 [00:15<00:07,  3.05it/s]
 58%|█████▊    | 29/50 [00:15<00:06,  3.05it/s]
 60%|██████    | 30/50 [00:16<00:06,  3.05it/s]
 62%|██████▏   | 31/50 [00:16<00:06,  3.05it/s]
 64%|██████▍   | 32/50 [00:16<00:05,  3.05it/s]
 66%|██████▌   | 33/50 [00:17<00:05,  3.05it/s]
 68%|██████▊   | 34/50 [00:17<00:05,  3.06it/s]
 70%|███████   | 35/50 [00:17<00:04,  3.05it/s]
 72%|███████▏  | 36/50 [00:18<00:04,  3.05it/s]
 74%|███████▍  | 37/50 [00:18<00:04,  3.05it/s]
 76%|███████▌  | 38/50 [00:18<00:03,  3.05it/s]
 78%|███████▊  | 39/50 [00:19<00:03,  3.05it/s]
 80%|████████  | 40/50 [00:19<00:03,  3.04it/s]
 82%|████████▏ | 41/50 [00:19<00:02,  3.04it/s]
 84%|████████▍ | 42/50 [00:20<00:02,  3.04it/s]
 86%|████████▌ | 43/50 [00:20<00:02,  3.04it/s]
 88%|████████▊ | 44/50 [00:20<00:01,  3.04it/s]
 90%|█████████ | 45/50 [00:21<00:01,  3.05it/s]
 92%|█████████▏| 46/50 [00:21<00:01,  3.05it/s]
 94%|█████████▍| 47/50 [00:21<00:00,  3.05it/s]
 96%|█████████▌| 48/50 [00:22<00:00,  3.05it/s]
 98%|█████████▊| 49/50 [00:22<00:00,  3.05it/s]
100%|██████████| 50/50 [00:29<00:00,  2.17s/it]
100%|██████████| 50/50 [00:29<00:00,  1.72it/s]
[I 2023-12-11 20:39:04,377] Trial 87 finished with value: 0.13610970035551043 and parameters: {'EMBEDDING_DIM': 512, 'HIDDEN_DIM': 305, 'NUM_LAYERS': 1, 'DROPOUT': 0.0930120957704479, 'LR': 0.007681935014346943, 'WEIGHT_0': 0.7436619843490715, 'WEIGHT_1': 0.1442968382464161, 'WEIGHT_2': 0.2793360095368541, 'WEIGHT_3': 0.163675200706083, 'WEIGHT_4': 0.7103092853462843, 'WEIGHT_5': 0.275672371776037, 'WEIGHT_6': 0.13743900688745597, 'WEIGHT_7': 0.7507505555440285, 'WEIGHT_8': 0.6316067580967275}. Best is trial 42 with value: 0.44962374581939796.
{'EMBEDDING_DIM': 512, 'HIDDEN_DIM': 305, 'NUM_LAYERS': 1, 'DROPOUT': 0.0930120957704479, 'LR': 0.007681935014346943, 'WEIGHT_0': 0.7436619843490715, 'WEIGHT_1': 0.1442968382464161, 'WEIGHT_2': 0.2793360095368541, 'WEIGHT_3': 0.163675200706083, 'WEIGHT_4': 0.7103092853462843, 'WEIGHT_5': 0.275672371776037, 'WEIGHT_6': 0.13743900688745597, 'WEIGHT_7': 0.7507505555440285, 'WEIGHT_8': 0.6316067580967275}
0
              precision    recall  f1-score   support

         LOC       0.00      0.00      0.00      1837
        MISC       0.00      0.00      0.00       922
         ORG       0.00      0.00      0.00      1341
         PER       0.00      0.00      0.00      1842

   micro avg       0.00      0.00      0.00      5942
   macro avg       0.00      0.00      0.00      5942
weighted avg       0.00      0.00      0.00      5942

{'EMBEDDING_DIM': 512, 'HIDDEN_DIM': 305, 'NUM_LAYERS': 1, 'DROPOUT': 0.0930120957704479, 'LR': 0.007681935014346943, 'WEIGHT_0': 0.7436619843490715, 'WEIGHT_1': 0.1442968382464161, 'WEIGHT_2': 0.2793360095368541, 'WEIGHT_3': 0.163675200706083, 'WEIGHT_4': 0.7103092853462843, 'WEIGHT_5': 0.275672371776037, 'WEIGHT_6': 0.13743900688745597, 'WEIGHT_7': 0.7507505555440285, 'WEIGHT_8': 0.6316067580967275}
49
              precision    recall  f1-score   support

         LOC       0.29      0.26      0.27      1837
        MISC       0.09      0.05      0.07       922
         ORG       0.00      0.00      0.00      1341
         PER       0.09      0.08      0.09      1842

   micro avg       0.17      0.11      0.14      5942
   macro avg       0.12      0.10      0.11      5942
weighted avg       0.13      0.11      0.12      5942

epoch 49
Transformer

  0%|          | 0/50 [00:00<?, ?it/s]
  2%|▏         | 1/50 [00:06<05:28,  6.70s/it]
  4%|▍         | 2/50 [00:06<02:16,  2.84s/it]
  6%|▌         | 3/50 [00:06<01:14,  1.59s/it]
  8%|▊         | 4/50 [00:07<00:46,  1.01s/it]
 10%|█         | 5/50 [00:07<00:30,  1.45it/s]
 12%|█▏        | 6/50 [00:07<00:21,  2.03it/s]
 14%|█▍        | 7/50 [00:07<00:15,  2.72it/s]
 16%|█▌        | 8/50 [00:07<00:12,  3.48it/s]
 18%|█▊        | 9/50 [00:07<00:09,  4.30it/s]
 20%|██        | 10/50 [00:07<00:07,  5.13it/s]
 22%|██▏       | 11/50 [00:07<00:06,  5.91it/s]
 24%|██▍       | 12/50 [00:07<00:05,  6.55it/s]
 26%|██▌       | 13/50 [00:08<00:05,  7.14it/s]
 28%|██▊       | 14/50 [00:08<00:04,  7.62it/s]
 30%|███       | 15/50 [00:08<00:04,  7.98it/s]
 32%|███▏      | 16/50 [00:08<00:04,  8.27it/s]
 34%|███▍      | 17/50 [00:08<00:03,  8.48it/s]
 36%|███▌      | 18/50 [00:08<00:03,  8.62it/s]
 38%|███▊      | 19/50 [00:08<00:03,  8.74it/s]
 40%|████      | 20/50 [00:08<00:03,  8.83it/s]
 42%|████▏     | 21/50 [00:08<00:03,  8.88it/s]
 44%|████▍     | 22/50 [00:09<00:03,  8.92it/s]
 46%|████▌     | 23/50 [00:09<00:03,  8.94it/s]
 48%|████▊     | 24/50 [00:09<00:02,  8.95it/s]
 50%|█████     | 25/50 [00:09<00:02,  8.97it/s]
 52%|█████▏    | 26/50 [00:09<00:02,  8.98it/s]
 54%|█████▍    | 27/50 [00:09<00:02,  8.99it/s]
 56%|█████▌    | 28/50 [00:09<00:02,  9.00it/s]
 58%|█████▊    | 29/50 [00:09<00:02,  9.01it/s]
 60%|██████    | 30/50 [00:09<00:02,  9.01it/s]
 62%|██████▏   | 31/50 [00:10<00:02,  9.01it/s]
 64%|██████▍   | 32/50 [00:10<00:01,  9.01it/s]
 66%|██████▌   | 33/50 [00:10<00:01,  9.01it/s]
 68%|██████▊   | 34/50 [00:10<00:01,  8.99it/s]
 70%|███████   | 35/50 [00:10<00:01,  9.00it/s]
 72%|███████▏  | 36/50 [00:10<00:01,  9.01it/s]
 74%|███████▍  | 37/50 [00:10<00:01,  9.01it/s]
 76%|███████▌  | 38/50 [00:10<00:01,  9.01it/s]
 78%|███████▊  | 39/50 [00:10<00:01,  9.00it/s]
 80%|████████  | 40/50 [00:11<00:01,  9.00it/s]
 82%|████████▏ | 41/50 [00:11<00:00,  9.01it/s]
 84%|████████▍ | 42/50 [00:11<00:00,  9.02it/s]
 86%|████████▌ | 43/50 [00:11<00:00,  9.01it/s]
 88%|████████▊ | 44/50 [00:11<00:00,  9.01it/s]
 90%|█████████ | 45/50 [00:11<00:00,  9.02it/s]
 92%|█████████▏| 46/50 [00:11<00:00,  8.95it/s]
 94%|█████████▍| 47/50 [00:11<00:00,  8.98it/s]
 96%|█████████▌| 48/50 [00:11<00:00,  8.99it/s]
 98%|█████████▊| 49/50 [00:12<00:00,  8.99it/s]
100%|██████████| 50/50 [00:18<00:00,  1.94s/it]
100%|██████████| 50/50 [00:18<00:00,  2.73it/s]
[I 2023-12-11 20:39:28,365] Trial 88 finished with value: 0.408946342464348 and parameters: {'EMBEDDING_DIM': 32, 'HIDDEN_DIM': 1944, 'NUM_LAYERS': 1, 'DROPOUT': 0.04525186060628898, 'LR': 0.008826728578829697, 'WEIGHT_0': 0.8080734054026576, 'WEIGHT_1': 0.200843027116488, 'WEIGHT_2': 0.3867640437114838, 'WEIGHT_3': 0.2676455231201905, 'WEIGHT_4': 0.7539932147529168, 'WEIGHT_5': 0.34253303579271815, 'WEIGHT_6': 0.230437462108335, 'WEIGHT_7': 0.9555108399135647, 'WEIGHT_8': 0.5752300857658306}. Best is trial 42 with value: 0.44962374581939796.
{'EMBEDDING_DIM': 32, 'HIDDEN_DIM': 1944, 'NUM_LAYERS': 1, 'DROPOUT': 0.04525186060628898, 'LR': 0.008826728578829697, 'WEIGHT_0': 0.8080734054026576, 'WEIGHT_1': 0.200843027116488, 'WEIGHT_2': 0.3867640437114838, 'WEIGHT_3': 0.2676455231201905, 'WEIGHT_4': 0.7539932147529168, 'WEIGHT_5': 0.34253303579271815, 'WEIGHT_6': 0.230437462108335, 'WEIGHT_7': 0.9555108399135647, 'WEIGHT_8': 0.5752300857658306}
0
              precision    recall  f1-score   support

         LOC       0.00      0.00      0.00      1837
        MISC       0.00      0.00      0.00       922
         ORG       0.00      0.00      0.00      1341
         PER       0.00      0.00      0.00      1842

   micro avg       0.00      0.00      0.00      5942
   macro avg       0.00      0.00      0.00      5942
weighted avg       0.00      0.00      0.00      5942

{'EMBEDDING_DIM': 32, 'HIDDEN_DIM': 1944, 'NUM_LAYERS': 1, 'DROPOUT': 0.04525186060628898, 'LR': 0.008826728578829697, 'WEIGHT_0': 0.8080734054026576, 'WEIGHT_1': 0.200843027116488, 'WEIGHT_2': 0.3867640437114838, 'WEIGHT_3': 0.2676455231201905, 'WEIGHT_4': 0.7539932147529168, 'WEIGHT_5': 0.34253303579271815, 'WEIGHT_6': 0.230437462108335, 'WEIGHT_7': 0.9555108399135647, 'WEIGHT_8': 0.5752300857658306}
49
              precision    recall  f1-score   support

         LOC       0.71      0.54      0.62      1837
        MISC       0.56      0.45      0.50       922
         ORG       0.35      0.20      0.26      1341
         PER       0.35      0.17      0.23      1842

   micro avg       0.52      0.34      0.41      5942
   macro avg       0.49      0.34      0.40      5942
weighted avg       0.49      0.34      0.40      5942

epoch 49
Transformer

  0%|          | 0/50 [00:00<?, ?it/s]
  2%|▏         | 1/50 [00:08<06:33,  8.03s/it]
  4%|▍         | 2/50 [00:08<02:43,  3.40s/it]
  6%|▌         | 3/50 [00:08<01:30,  1.92s/it]
  8%|▊         | 4/50 [00:08<00:56,  1.23s/it]
 10%|█         | 5/50 [00:08<00:38,  1.16it/s]
 12%|█▏        | 6/50 [00:08<00:28,  1.52it/s]
 14%|█▍        | 7/50 [00:09<00:23,  1.87it/s]
 16%|█▌        | 8/50 [00:09<00:19,  2.19it/s]
 18%|█▊        | 9/50 [00:09<00:16,  2.43it/s]
 20%|██        | 10/50 [00:10<00:15,  2.59it/s]
 22%|██▏       | 11/50 [00:10<00:14,  2.75it/s]
 24%|██▍       | 12/50 [00:10<00:13,  2.86it/s]
 26%|██▌       | 13/50 [00:11<00:12,  2.88it/s]
 28%|██▊       | 14/50 [00:11<00:12,  2.91it/s]
 30%|███       | 15/50 [00:11<00:11,  2.92it/s]
 32%|███▏      | 16/50 [00:12<00:11,  2.92it/s]
 34%|███▍      | 17/50 [00:12<00:11,  2.98it/s]
 36%|███▌      | 18/50 [00:12<00:10,  3.04it/s]
 38%|███▊      | 19/50 [00:13<00:09,  3.10it/s]
 40%|████      | 20/50 [00:13<00:09,  3.12it/s]
 42%|████▏     | 21/50 [00:13<00:09,  3.04it/s]
 44%|████▍     | 22/50 [00:14<00:09,  2.98it/s]
 46%|████▌     | 23/50 [00:14<00:09,  2.95it/s]
 48%|████▊     | 24/50 [00:14<00:08,  2.93it/s]
 50%|█████     | 25/50 [00:15<00:08,  2.90it/s]
 52%|█████▏    | 26/50 [00:15<00:08,  2.87it/s]
 54%|█████▍    | 27/50 [00:15<00:08,  2.87it/s]
 56%|█████▌    | 28/50 [00:16<00:07,  2.86it/s]
 58%|█████▊    | 29/50 [00:16<00:07,  2.85it/s]
 60%|██████    | 30/50 [00:16<00:07,  2.85it/s]
 62%|██████▏   | 31/50 [00:17<00:06,  2.84it/s]
 64%|██████▍   | 32/50 [00:17<00:06,  2.83it/s]
 66%|██████▌   | 33/50 [00:18<00:06,  2.83it/s]
 68%|██████▊   | 34/50 [00:18<00:05,  2.84it/s]
 70%|███████   | 35/50 [00:18<00:05,  2.85it/s]
 72%|███████▏  | 36/50 [00:19<00:05,  2.76it/s]
 74%|███████▍  | 37/50 [00:19<00:04,  2.71it/s]
 76%|███████▌  | 38/50 [00:19<00:04,  2.69it/s]
 78%|███████▊  | 39/50 [00:20<00:04,  2.69it/s]
 80%|████████  | 40/50 [00:20<00:03,  2.68it/s]
 82%|████████▏ | 41/50 [00:20<00:03,  2.71it/s]
 84%|████████▍ | 42/50 [00:21<00:02,  2.75it/s]
 86%|████████▌ | 43/50 [00:21<00:02,  2.79it/s]
 88%|████████▊ | 44/50 [00:22<00:02,  2.81it/s]
 90%|█████████ | 45/50 [00:22<00:01,  2.83it/s]
 92%|█████████▏| 46/50 [00:22<00:01,  2.81it/s]
 94%|█████████▍| 47/50 [00:23<00:01,  2.83it/s]
 96%|█████████▌| 48/50 [00:23<00:00,  2.84it/s]
 98%|█████████▊| 49/50 [00:23<00:00,  2.85it/s]
100%|██████████| 50/50 [00:31<00:00,  2.69s/it]
100%|██████████| 50/50 [00:31<00:00,  1.57it/s]
