[I 2023-12-11 21:44:59,163] Trial 223 finished with value: 0.4540043855069437 and parameters: {'EMBEDDING_DIM': 32, 'HIDDEN_DIM': 713, 'NUM_LAYERS': 1, 'DROPOUT': 0.2756819291200612, 'LR': 0.007079224531918945, 'WEIGHT_0': 0.9795761263478925, 'WEIGHT_1': 0.18529231381768374, 'WEIGHT_2': 0.2207930151853666, 'WEIGHT_3': 0.2776595649094456, 'WEIGHT_4': 0.7982075512058857, 'WEIGHT_5': 0.43413076755744434, 'WEIGHT_6': 0.08625956513261365, 'WEIGHT_7': 0.5665610188226502, 'WEIGHT_8': 0.8270369689137689}. Best is trial 223 with value: 0.4540043855069437.
{'EMBEDDING_DIM': 32, 'HIDDEN_DIM': 713, 'NUM_LAYERS': 1, 'DROPOUT': 0.2756819291200612, 'LR': 0.007079224531918945, 'WEIGHT_0': 0.9795761263478925, 'WEIGHT_1': 0.18529231381768374, 'WEIGHT_2': 0.2207930151853666, 'WEIGHT_3': 0.2776595649094456, 'WEIGHT_4': 0.7982075512058857, 'WEIGHT_5': 0.43413076755744434, 'WEIGHT_6': 0.08625956513261365, 'WEIGHT_7': 0.5665610188226502, 'WEIGHT_8': 0.8270369689137689}
0
              precision    recall  f1-score   support

         LOC       0.00      0.00      0.00      1837
        MISC       0.00      0.00      0.00       922
         ORG       0.00      0.00      0.00      1341
         PER       0.00      0.00      0.00      1842

   micro avg       0.00      0.00      0.00      5942
   macro avg       0.00      0.00      0.00      5942
weighted avg       0.00      0.00      0.00      5942

{'EMBEDDING_DIM': 32, 'HIDDEN_DIM': 713, 'NUM_LAYERS': 1, 'DROPOUT': 0.2756819291200612, 'LR': 0.007079224531918945, 'WEIGHT_0': 0.9795761263478925, 'WEIGHT_1': 0.18529231381768374, 'WEIGHT_2': 0.2207930151853666, 'WEIGHT_3': 0.2776595649094456, 'WEIGHT_4': 0.7982075512058857, 'WEIGHT_5': 0.43413076755744434, 'WEIGHT_6': 0.08625956513261365, 'WEIGHT_7': 0.5665610188226502, 'WEIGHT_8': 0.8270369689137689}
49
              precision    recall  f1-score   support

         LOC       0.78      0.59      0.67      1837
        MISC       0.66      0.48      0.55       922
         ORG       0.44      0.22      0.29      1341
         PER       0.39      0.19      0.26      1842

   micro avg       0.60      0.37      0.45      5942
   macro avg       0.57      0.37      0.44      5942
weighted avg       0.56      0.37      0.44      5942

epoch 49
Transformer

  0%|          | 0/50 [00:00<?, ?it/s]
  2%|▏         | 1/50 [00:05<04:46,  5.85s/it]
  6%|▌         | 3/50 [00:06<01:14,  1.59s/it]
 10%|█         | 5/50 [00:06<00:36,  1.22it/s]
 14%|█▍        | 7/50 [00:06<00:22,  1.93it/s]
 16%|█▌        | 8/50 [00:06<00:17,  2.36it/s]
 18%|█▊        | 9/50 [00:06<00:14,  2.90it/s]
 20%|██        | 10/50 [00:06<00:11,  3.55it/s]
 22%|██▏       | 11/50 [00:06<00:09,  4.27it/s]
 24%|██▍       | 12/50 [00:07<00:07,  4.85it/s]
 26%|██▌       | 13/50 [00:07<00:06,  5.46it/s]
 28%|██▊       | 14/50 [00:07<00:06,  5.66it/s]
 30%|███       | 15/50 [00:07<00:05,  6.30it/s]
 32%|███▏      | 16/50 [00:07<00:04,  6.85it/s]
 34%|███▍      | 17/50 [00:07<00:04,  7.31it/s]
 36%|███▌      | 18/50 [00:07<00:04,  7.68it/s]
 38%|███▊      | 19/50 [00:07<00:03,  7.96it/s]
 42%|████▏     | 21/50 [00:08<00:03,  9.19it/s]
 46%|████▌     | 23/50 [00:08<00:02,  9.98it/s]
 50%|█████     | 25/50 [00:08<00:02, 10.47it/s]
 54%|█████▍    | 27/50 [00:08<00:02, 10.79it/s]
 58%|█████▊    | 29/50 [00:08<00:01, 10.99it/s]
 62%|██████▏   | 31/50 [00:08<00:01, 11.14it/s]
 66%|██████▌   | 33/50 [00:09<00:01, 11.24it/s]
 70%|███████   | 35/50 [00:09<00:01, 11.31it/s]
 74%|███████▍  | 37/50 [00:09<00:01, 11.35it/s]
 78%|███████▊  | 39/50 [00:09<00:00, 11.39it/s]
 82%|████████▏ | 41/50 [00:09<00:00, 11.41it/s]
 86%|████████▌ | 43/50 [00:09<00:00, 11.42it/s]
 90%|█████████ | 45/50 [00:10<00:00, 11.43it/s]
 94%|█████████▍| 47/50 [00:10<00:00, 11.43it/s]
 98%|█████████▊| 49/50 [00:10<00:00, 11.42it/s]
100%|██████████| 50/50 [00:16<00:00,  3.07it/s]
[I 2023-12-11 21:45:20,930] Trial 224 finished with value: 0.44321039396479467 and parameters: {'EMBEDDING_DIM': 32, 'HIDDEN_DIM': 657, 'NUM_LAYERS': 1, 'DROPOUT': 0.2765499485521278, 'LR': 0.006645980571557169, 'WEIGHT_0': 0.9626751525961551, 'WEIGHT_1': 0.18831014366855453, 'WEIGHT_2': 0.22809837060369928, 'WEIGHT_3': 0.27027250367361305, 'WEIGHT_4': 0.8732844556323136, 'WEIGHT_5': 0.42697903531142906, 'WEIGHT_6': 0.08429701934304162, 'WEIGHT_7': 0.5650867353918803, 'WEIGHT_8': 0.8368230923122411}. Best is trial 223 with value: 0.4540043855069437.
{'EMBEDDING_DIM': 32, 'HIDDEN_DIM': 657, 'NUM_LAYERS': 1, 'DROPOUT': 0.2765499485521278, 'LR': 0.006645980571557169, 'WEIGHT_0': 0.9626751525961551, 'WEIGHT_1': 0.18831014366855453, 'WEIGHT_2': 0.22809837060369928, 'WEIGHT_3': 0.27027250367361305, 'WEIGHT_4': 0.8732844556323136, 'WEIGHT_5': 0.42697903531142906, 'WEIGHT_6': 0.08429701934304162, 'WEIGHT_7': 0.5650867353918803, 'WEIGHT_8': 0.8368230923122411}
0
              precision    recall  f1-score   support

         LOC       0.00      0.00      0.00      1837
        MISC       0.00      0.00      0.00       922
         ORG       0.00      0.00      0.00      1341
         PER       0.00      0.00      0.00      1842

   micro avg       0.00      0.00      0.00      5942
   macro avg       0.00      0.00      0.00      5942
weighted avg       0.00      0.00      0.00      5942

{'EMBEDDING_DIM': 32, 'HIDDEN_DIM': 657, 'NUM_LAYERS': 1, 'DROPOUT': 0.2765499485521278, 'LR': 0.006645980571557169, 'WEIGHT_0': 0.9626751525961551, 'WEIGHT_1': 0.18831014366855453, 'WEIGHT_2': 0.22809837060369928, 'WEIGHT_3': 0.27027250367361305, 'WEIGHT_4': 0.8732844556323136, 'WEIGHT_5': 0.42697903531142906, 'WEIGHT_6': 0.08429701934304162, 'WEIGHT_7': 0.5650867353918803, 'WEIGHT_8': 0.8368230923122411}
49
              precision    recall  f1-score   support

         LOC       0.76      0.59      0.67      1837
        MISC       0.63      0.46      0.53       922
         ORG       0.44      0.21      0.28      1341
         PER       0.37      0.18      0.24      1842

   micro avg       0.59      0.36      0.44      5942
   macro avg       0.55      0.36      0.43      5942
weighted avg       0.55      0.36      0.43      5942

epoch 49
Transformer

  0%|          | 0/50 [00:00<?, ?it/s]
  2%|▏         | 1/50 [00:05<04:48,  5.89s/it]
  4%|▍         | 2/50 [00:05<01:59,  2.49s/it]
  6%|▌         | 3/50 [00:06<01:05,  1.40s/it]
  8%|▊         | 4/50 [00:06<00:40,  1.13it/s]
 12%|█▏        | 6/50 [00:06<00:20,  2.15it/s]
 14%|█▍        | 7/50 [00:06<00:15,  2.72it/s]
 18%|█▊        | 9/50 [00:06<00:10,  4.06it/s]
 22%|██▏       | 11/50 [00:06<00:07,  5.35it/s]
 26%|██▌       | 13/50 [00:07<00:05,  6.52it/s]
 30%|███       | 15/50 [00:07<00:04,  7.54it/s]
 34%|███▍      | 17/50 [00:07<00:03,  8.36it/s]
 38%|███▊      | 19/50 [00:07<00:03,  9.00it/s]
 42%|████▏     | 21/50 [00:07<00:03,  9.48it/s]
 46%|████▌     | 23/50 [00:07<00:02,  9.84it/s]
 50%|█████     | 25/50 [00:08<00:02, 10.12it/s]
 54%|█████▍    | 27/50 [00:08<00:02, 10.30it/s]
 58%|█████▊    | 29/50 [00:08<00:02, 10.40it/s]
 62%|██████▏   | 31/50 [00:08<00:01, 10.50it/s]
 66%|██████▌   | 33/50 [00:08<00:01, 10.56it/s]
 70%|███████   | 35/50 [00:09<00:01, 10.64it/s]
 74%|███████▍  | 37/50 [00:09<00:01, 10.69it/s]
 78%|███████▊  | 39/50 [00:09<00:01, 10.68it/s]
 82%|████████▏ | 41/50 [00:09<00:00, 10.75it/s]
 86%|████████▌ | 43/50 [00:09<00:00, 10.74it/s]
 90%|█████████ | 45/50 [00:10<00:00, 10.76it/s]
 94%|█████████▍| 47/50 [00:10<00:00, 10.75it/s]
 98%|█████████▊| 49/50 [00:10<00:00, 10.76it/s]
100%|██████████| 50/50 [00:16<00:00,  3.08it/s]
[I 2023-12-11 21:45:42,475] Trial 225 finished with value: 0.4425496516585214 and parameters: {'EMBEDDING_DIM': 64, 'HIDDEN_DIM': 702, 'NUM_LAYERS': 1, 'DROPOUT': 0.28435424019597194, 'LR': 0.006558155687024879, 'WEIGHT_0': 0.9582049550846629, 'WEIGHT_1': 0.1852306227951714, 'WEIGHT_2': 0.22738930896974813, 'WEIGHT_3': 0.28906062868526305, 'WEIGHT_4': 0.898648846351285, 'WEIGHT_5': 0.43171640827422, 'WEIGHT_6': 0.08239916967348129, 'WEIGHT_7': 0.5648357556618969, 'WEIGHT_8': 0.8321543031235494}. Best is trial 223 with value: 0.4540043855069437.
{'EMBEDDING_DIM': 64, 'HIDDEN_DIM': 702, 'NUM_LAYERS': 1, 'DROPOUT': 0.28435424019597194, 'LR': 0.006558155687024879, 'WEIGHT_0': 0.9582049550846629, 'WEIGHT_1': 0.1852306227951714, 'WEIGHT_2': 0.22738930896974813, 'WEIGHT_3': 0.28906062868526305, 'WEIGHT_4': 0.898648846351285, 'WEIGHT_5': 0.43171640827422, 'WEIGHT_6': 0.08239916967348129, 'WEIGHT_7': 0.5648357556618969, 'WEIGHT_8': 0.8321543031235494}
0
              precision    recall  f1-score   support

         LOC       0.00      0.00      0.00      1837
        MISC       0.00      0.00      0.00       922
         ORG       0.00      0.00      0.00      1341
         PER       0.00      0.00      0.00      1842

   micro avg       0.00      0.00      0.00      5942
   macro avg       0.00      0.00      0.00      5942
weighted avg       0.00      0.00      0.00      5942

{'EMBEDDING_DIM': 64, 'HIDDEN_DIM': 702, 'NUM_LAYERS': 1, 'DROPOUT': 0.28435424019597194, 'LR': 0.006558155687024879, 'WEIGHT_0': 0.9582049550846629, 'WEIGHT_1': 0.1852306227951714, 'WEIGHT_2': 0.22738930896974813, 'WEIGHT_3': 0.28906062868526305, 'WEIGHT_4': 0.898648846351285, 'WEIGHT_5': 0.43171640827422, 'WEIGHT_6': 0.08239916967348129, 'WEIGHT_7': 0.5648357556618969, 'WEIGHT_8': 0.8321543031235494}
49
              precision    recall  f1-score   support

         LOC       0.76      0.59      0.67      1837
        MISC       0.63      0.48      0.55       922
         ORG       0.43      0.20      0.27      1341
         PER       0.36      0.18      0.24      1842

   micro avg       0.58      0.36      0.44      5942
   macro avg       0.55      0.36      0.43      5942
weighted avg       0.54      0.36      0.43      5942

epoch 49
Transformer

  0%|          | 0/50 [00:00<?, ?it/s]
  2%|▏         | 1/50 [00:06<04:56,  6.04s/it]
  6%|▌         | 3/50 [00:06<01:16,  1.63s/it]
 10%|█         | 5/50 [00:06<00:37,  1.19it/s]
 14%|█▍        | 7/50 [00:06<00:22,  1.90it/s]
 18%|█▊        | 9/50 [00:06<00:14,  2.78it/s]
 22%|██▏       | 11/50 [00:06<00:10,  3.78it/s]
 26%|██▌       | 13/50 [00:07<00:07,  4.83it/s]
 30%|███       | 15/50 [00:07<00:05,  5.94it/s]
 34%|███▍      | 17/50 [00:07<00:04,  7.00it/s]
 38%|███▊      | 19/50 [00:07<00:03,  7.96it/s]
 42%|████▏     | 21/50 [00:07<00:03,  8.63it/s]
 46%|████▌     | 23/50 [00:08<00:03,  8.67it/s]
 50%|█████     | 25/50 [00:08<00:02,  9.04it/s]
 54%|█████▍    | 27/50 [00:08<00:02,  9.68it/s]
 58%|█████▊    | 29/50 [00:08<00:02, 10.17it/s]
 62%|██████▏   | 31/50 [00:08<00:01, 10.51it/s]
 66%|██████▌   | 33/50 [00:08<00:01, 10.76it/s]
 70%|███████   | 35/50 [00:09<00:01, 10.96it/s]
 74%|███████▍  | 37/50 [00:09<00:01, 11.08it/s]
 78%|███████▊  | 39/50 [00:09<00:00, 11.20it/s]
 82%|████████▏ | 41/50 [00:09<00:00, 11.27it/s]
 86%|████████▌ | 43/50 [00:09<00:00, 11.33it/s]
 90%|█████████ | 45/50 [00:10<00:00, 11.38it/s]
 94%|█████████▍| 47/50 [00:10<00:00, 11.38it/s]
 98%|█████████▊| 49/50 [00:10<00:00, 11.40it/s]
100%|██████████| 50/50 [00:16<00:00,  3.09it/s]
[I 2023-12-11 21:46:04,150] Trial 226 finished with value: 0.44400907403588363 and parameters: {'EMBEDDING_DIM': 32, 'HIDDEN_DIM': 645, 'NUM_LAYERS': 1, 'DROPOUT': 0.2386128320788685, 'LR': 0.006714748793980119, 'WEIGHT_0': 0.9748926903500166, 'WEIGHT_1': 0.1762505980174995, 'WEIGHT_2': 0.20601955859480814, 'WEIGHT_3': 0.2737289762403143, 'WEIGHT_4': 0.8786161437726047, 'WEIGHT_5': 0.4515149835860328, 'WEIGHT_6': 0.0492057442385799, 'WEIGHT_7': 0.5749290357982126, 'WEIGHT_8': 0.8207586195825048}. Best is trial 223 with value: 0.4540043855069437.
{'EMBEDDING_DIM': 32, 'HIDDEN_DIM': 645, 'NUM_LAYERS': 1, 'DROPOUT': 0.2386128320788685, 'LR': 0.006714748793980119, 'WEIGHT_0': 0.9748926903500166, 'WEIGHT_1': 0.1762505980174995, 'WEIGHT_2': 0.20601955859480814, 'WEIGHT_3': 0.2737289762403143, 'WEIGHT_4': 0.8786161437726047, 'WEIGHT_5': 0.4515149835860328, 'WEIGHT_6': 0.0492057442385799, 'WEIGHT_7': 0.5749290357982126, 'WEIGHT_8': 0.8207586195825048}
0
              precision    recall  f1-score   support

         LOC       0.00      0.00      0.00      1837
        MISC       0.00      0.00      0.00       922
         ORG       0.00      0.00      0.00      1341
         PER       0.00      0.00      0.00      1842

   micro avg       0.00      0.00      0.00      5942
   macro avg       0.00      0.00      0.00      5942
weighted avg       0.00      0.00      0.00      5942

{'EMBEDDING_DIM': 32, 'HIDDEN_DIM': 645, 'NUM_LAYERS': 1, 'DROPOUT': 0.2386128320788685, 'LR': 0.006714748793980119, 'WEIGHT_0': 0.9748926903500166, 'WEIGHT_1': 0.1762505980174995, 'WEIGHT_2': 0.20601955859480814, 'WEIGHT_3': 0.2737289762403143, 'WEIGHT_4': 0.8786161437726047, 'WEIGHT_5': 0.4515149835860328, 'WEIGHT_6': 0.0492057442385799, 'WEIGHT_7': 0.5749290357982126, 'WEIGHT_8': 0.8207586195825048}
49
              precision    recall  f1-score   support

         LOC       0.75      0.60      0.66      1837
        MISC       0.65      0.49      0.56       922
         ORG       0.45      0.21      0.29      1341
         PER       0.33      0.18      0.23      1842

   micro avg       0.57      0.36      0.44      5942
   macro avg       0.55      0.37      0.43      5942
weighted avg       0.54      0.36      0.43      5942

epoch 49
Transformer

  0%|          | 0/50 [00:00<?, ?it/s]
  2%|▏         | 1/50 [00:05<04:46,  5.84s/it]
  6%|▌         | 3/50 [00:06<01:14,  1.59s/it]
 10%|█         | 5/50 [00:06<00:36,  1.22it/s]
 14%|█▍        | 7/50 [00:06<00:22,  1.95it/s]
 18%|█▊        | 9/50 [00:06<00:14,  2.84it/s]
 20%|██        | 10/50 [00:06<00:12,  3.33it/s]
 24%|██▍       | 12/50 [00:06<00:08,  4.55it/s]
 28%|██▊       | 14/50 [00:07<00:06,  5.76it/s]
 32%|███▏      | 16/50 [00:07<00:04,  6.89it/s]
 36%|███▌      | 18/50 [00:07<00:04,  7.92it/s]
 40%|████      | 20/50 [00:07<00:03,  8.76it/s]
 44%|████▍     | 22/50 [00:07<00:02,  9.42it/s]
 48%|████▊     | 24/50 [00:07<00:02,  9.96it/s]
 52%|█████▏    | 26/50 [00:08<00:02, 10.36it/s]
 56%|█████▌    | 28/50 [00:08<00:02, 10.64it/s]
 60%|██████    | 30/50 [00:08<00:01, 10.88it/s]
 64%|██████▍   | 32/50 [00:08<00:01, 11.04it/s]
 68%|██████▊   | 34/50 [00:08<00:01, 11.13it/s]
 72%|███████▏  | 36/50 [00:08<00:01, 11.23it/s]
 76%|███████▌  | 38/50 [00:09<00:01, 11.07it/s]
 80%|████████  | 40/50 [00:09<00:00, 10.30it/s]
 84%|████████▍ | 42/50 [00:09<00:00,  9.12it/s]
 86%|████████▌ | 43/50 [00:09<00:00,  9.04it/s]
 88%|████████▊ | 44/50 [00:09<00:00,  8.94it/s]
 90%|█████████ | 45/50 [00:10<00:00,  8.89it/s]
 92%|█████████▏| 46/50 [00:10<00:00,  8.82it/s]
 94%|█████████▍| 47/50 [00:10<00:00,  8.78it/s]
 98%|█████████▊| 49/50 [00:10<00:00,  9.66it/s]
100%|██████████| 50/50 [00:16<00:00,  1.43s/it]
100%|██████████| 50/50 [00:16<00:00,  3.08it/s]
[I 2023-12-11 21:46:25,871] Trial 227 finished with value: 0.43761449216364745 and parameters: {'EMBEDDING_DIM': 32, 'HIDDEN_DIM': 975, 'NUM_LAYERS': 1, 'DROPOUT': 0.24741021932841006, 'LR': 0.006761367714707189, 'WEIGHT_0': 0.9751305903305676, 'WEIGHT_1': 0.1780556270702672, 'WEIGHT_2': 0.2294766054389869, 'WEIGHT_3': 0.26065872170333815, 'WEIGHT_4': 0.8825501666643624, 'WEIGHT_5': 0.4549966205784892, 'WEIGHT_6': 0.03401216716627354, 'WEIGHT_7': 0.5693214524723277, 'WEIGHT_8': 0.8210775608016084}. Best is trial 223 with value: 0.4540043855069437.
{'EMBEDDING_DIM': 32, 'HIDDEN_DIM': 975, 'NUM_LAYERS': 1, 'DROPOUT': 0.24741021932841006, 'LR': 0.006761367714707189, 'WEIGHT_0': 0.9751305903305676, 'WEIGHT_1': 0.1780556270702672, 'WEIGHT_2': 0.2294766054389869, 'WEIGHT_3': 0.26065872170333815, 'WEIGHT_4': 0.8825501666643624, 'WEIGHT_5': 0.4549966205784892, 'WEIGHT_6': 0.03401216716627354, 'WEIGHT_7': 0.5693214524723277, 'WEIGHT_8': 0.8210775608016084}
0
              precision    recall  f1-score   support

         LOC       0.00      0.00      0.00      1837
        MISC       0.00      0.00      0.00       922
         ORG       0.00      0.00      0.00      1341
         PER       0.00      0.00      0.00      1842

   micro avg       0.00      0.00      0.00      5942
   macro avg       0.00      0.00      0.00      5942
weighted avg       0.00      0.00      0.00      5942

{'EMBEDDING_DIM': 32, 'HIDDEN_DIM': 975, 'NUM_LAYERS': 1, 'DROPOUT': 0.24741021932841006, 'LR': 0.006761367714707189, 'WEIGHT_0': 0.9751305903305676, 'WEIGHT_1': 0.1780556270702672, 'WEIGHT_2': 0.2294766054389869, 'WEIGHT_3': 0.26065872170333815, 'WEIGHT_4': 0.8825501666643624, 'WEIGHT_5': 0.4549966205784892, 'WEIGHT_6': 0.03401216716627354, 'WEIGHT_7': 0.5693214524723277, 'WEIGHT_8': 0.8210775608016084}
49
              precision    recall  f1-score   support

         LOC       0.75      0.59      0.66      1837
        MISC       0.63      0.50      0.56       922
         ORG       0.41      0.21      0.27      1341
         PER       0.31      0.18      0.23      1842

   micro avg       0.55      0.36      0.44      5942
   macro avg       0.53      0.37      0.43      5942
weighted avg       0.52      0.36      0.42      5942

epoch 49
Transformer

  0%|          | 0/50 [00:00<?, ?it/s]
  2%|▏         | 1/50 [00:05<04:47,  5.86s/it]
  6%|▌         | 3/50 [00:06<01:14,  1.59s/it]
 10%|█         | 5/50 [00:06<00:36,  1.22it/s]
 14%|█▍        | 7/50 [00:06<00:22,  1.95it/s]
 18%|█▊        | 9/50 [00:06<00:14,  2.84it/s]
 22%|██▏       | 11/50 [00:06<00:10,  3.84it/s]
 26%|██▌       | 13/50 [00:06<00:07,  4.93it/s]
 30%|███       | 15/50 [00:07<00:05,  6.04it/s]
 34%|███▍      | 17/50 [00:07<00:04,  7.09it/s]
 38%|███▊      | 19/50 [00:07<00:03,  7.85it/s]
 42%|████▏     | 21/50 [00:07<00:03,  7.88it/s]
 46%|████▌     | 23/50 [00:07<00:03,  8.69it/s]
 50%|█████     | 25/50 [00:08<00:02,  9.38it/s]
 54%|█████▍    | 27/50 [00:08<00:02,  9.93it/s]
 58%|█████▊    | 29/50 [00:08<00:02, 10.32it/s]
 62%|██████▏   | 31/50 [00:08<00:01, 10.64it/s]
 66%|██████▌   | 33/50 [00:08<00:01, 10.86it/s]
 70%|███████   | 35/50 [00:09<00:01, 10.13it/s]
 74%|███████▍  | 37/50 [00:09<00:01,  9.90it/s]
 78%|███████▊  | 39/50 [00:09<00:01,  9.50it/s]
 80%|████████  | 40/50 [00:09<00:01,  9.30it/s]
 82%|████████▏ | 41/50 [00:09<00:00,  9.12it/s]
 84%|████████▍ | 42/50 [00:09<00:00,  9.00it/s]
 88%|████████▊ | 44/50 [00:09<00:00,  9.75it/s]
 92%|█████████▏| 46/50 [00:10<00:00, 10.28it/s]
 96%|█████████▌| 48/50 [00:10<00:00, 10.62it/s]
100%|██████████| 50/50 [00:16<00:00,  1.04s/it]
100%|██████████| 50/50 [00:16<00:00,  3.06it/s]
