[I 2023-12-11 22:11:03,197] Trial 269 finished with value: 0.4479350879017997 and parameters: {'EMBEDDING_DIM': 32, 'HIDDEN_DIM': 607, 'NUM_LAYERS': 2, 'DROPOUT': 0.2597544710026781, 'LR': 0.006184729585302696, 'WEIGHT_0': 0.9778332453810693, 'WEIGHT_1': 0.6705875340410471, 'WEIGHT_2': 0.1884793896650332, 'WEIGHT_3': 0.19940977386775752, 'WEIGHT_4': 0.6077348222309276, 'WEIGHT_5': 0.45318956280493194, 'WEIGHT_6': 0.10112998602297824, 'WEIGHT_7': 0.6720654419418066, 'WEIGHT_8': 0.8489002242522025}. Best is trial 223 with value: 0.4540043855069437.
{'EMBEDDING_DIM': 32, 'HIDDEN_DIM': 607, 'NUM_LAYERS': 2, 'DROPOUT': 0.2597544710026781, 'LR': 0.006184729585302696, 'WEIGHT_0': 0.9778332453810693, 'WEIGHT_1': 0.6705875340410471, 'WEIGHT_2': 0.1884793896650332, 'WEIGHT_3': 0.19940977386775752, 'WEIGHT_4': 0.6077348222309276, 'WEIGHT_5': 0.45318956280493194, 'WEIGHT_6': 0.10112998602297824, 'WEIGHT_7': 0.6720654419418066, 'WEIGHT_8': 0.8489002242522025}
0
              precision    recall  f1-score   support

         LOC       0.00      0.00      0.00      1837
        MISC       0.00      0.00      0.00       922
         ORG       0.00      0.00      0.00      1341
         PER       0.00      0.00      0.00      1842

   micro avg       0.00      0.00      0.00      5942
   macro avg       0.00      0.00      0.00      5942
weighted avg       0.00      0.00      0.00      5942

{'EMBEDDING_DIM': 32, 'HIDDEN_DIM': 607, 'NUM_LAYERS': 2, 'DROPOUT': 0.2597544710026781, 'LR': 0.006184729585302696, 'WEIGHT_0': 0.9778332453810693, 'WEIGHT_1': 0.6705875340410471, 'WEIGHT_2': 0.1884793896650332, 'WEIGHT_3': 0.19940977386775752, 'WEIGHT_4': 0.6077348222309276, 'WEIGHT_5': 0.45318956280493194, 'WEIGHT_6': 0.10112998602297824, 'WEIGHT_7': 0.6720654419418066, 'WEIGHT_8': 0.8489002242522025}
49
              precision    recall  f1-score   support

         LOC       0.78      0.60      0.68      1837
        MISC       0.61      0.46      0.52       922
         ORG       0.44      0.23      0.30      1341
         PER       0.37      0.18      0.24      1842

   micro avg       0.59      0.36      0.45      5942
   macro avg       0.55      0.37      0.44      5942
weighted avg       0.55      0.36      0.43      5942

epoch 49
Transformer

  0%|          | 0/50 [00:00<?, ?it/s]
  2%|▏         | 1/50 [00:07<06:12,  7.60s/it]
  4%|▍         | 2/50 [00:07<02:34,  3.22s/it]
  6%|▌         | 3/50 [00:07<01:25,  1.82s/it]
  8%|▊         | 4/50 [00:08<00:53,  1.16s/it]
 10%|█         | 5/50 [00:08<00:35,  1.26it/s]
 12%|█▏        | 6/50 [00:08<00:25,  1.75it/s]
 14%|█▍        | 7/50 [00:08<00:18,  2.32it/s]
 16%|█▌        | 8/50 [00:08<00:14,  2.97it/s]
 18%|█▊        | 9/50 [00:08<00:11,  3.66it/s]
 20%|██        | 10/50 [00:08<00:09,  4.33it/s]
 22%|██▏       | 11/50 [00:09<00:07,  4.97it/s]
 24%|██▍       | 12/50 [00:09<00:06,  5.53it/s]
 26%|██▌       | 13/50 [00:09<00:06,  5.99it/s]
 28%|██▊       | 14/50 [00:09<00:05,  6.35it/s]
 30%|███       | 15/50 [00:09<00:05,  6.64it/s]
 32%|███▏      | 16/50 [00:09<00:04,  6.85it/s]
 34%|███▍      | 17/50 [00:09<00:04,  7.01it/s]
 36%|███▌      | 18/50 [00:09<00:04,  7.13it/s]
 38%|███▊      | 19/50 [00:10<00:04,  7.19it/s]
 40%|████      | 20/50 [00:10<00:04,  7.26it/s]
 42%|████▏     | 21/50 [00:10<00:03,  7.31it/s]
 44%|████▍     | 22/50 [00:10<00:03,  7.34it/s]
 46%|████▌     | 23/50 [00:10<00:03,  7.36it/s]
 48%|████▊     | 24/50 [00:10<00:03,  7.38it/s]
 50%|█████     | 25/50 [00:10<00:03,  7.39it/s]
 52%|█████▏    | 26/50 [00:11<00:03,  7.40it/s]
 54%|█████▍    | 27/50 [00:11<00:03,  7.40it/s]
 56%|█████▌    | 28/50 [00:11<00:02,  7.41it/s]
 58%|█████▊    | 29/50 [00:11<00:02,  7.41it/s]
 60%|██████    | 30/50 [00:11<00:02,  7.41it/s]
 62%|██████▏   | 31/50 [00:11<00:02,  7.41it/s]
 64%|██████▍   | 32/50 [00:11<00:02,  7.42it/s]
 66%|██████▌   | 33/50 [00:11<00:02,  7.42it/s]
 68%|██████▊   | 34/50 [00:12<00:02,  7.41it/s]
 70%|███████   | 35/50 [00:12<00:02,  7.42it/s]
 72%|███████▏  | 36/50 [00:12<00:01,  7.43it/s]
 74%|███████▍  | 37/50 [00:12<00:01,  7.41it/s]
 76%|███████▌  | 38/50 [00:12<00:01,  7.42it/s]
 78%|███████▊  | 39/50 [00:12<00:01,  7.42it/s]
 80%|████████  | 40/50 [00:12<00:01,  7.43it/s]
 82%|████████▏ | 41/50 [00:13<00:01,  7.41it/s]
 84%|████████▍ | 42/50 [00:13<00:01,  7.42it/s]
 86%|████████▌ | 43/50 [00:13<00:00,  7.42it/s]
 88%|████████▊ | 44/50 [00:13<00:00,  7.42it/s]
 90%|█████████ | 45/50 [00:13<00:00,  7.41it/s]
 92%|█████████▏| 46/50 [00:13<00:00,  7.41it/s]
 94%|█████████▍| 47/50 [00:13<00:00,  7.42it/s]
 96%|█████████▌| 48/50 [00:14<00:00,  7.40it/s]
 98%|█████████▊| 49/50 [00:14<00:00,  7.41it/s]
100%|██████████| 50/50 [00:21<00:00,  2.38s/it]
100%|██████████| 50/50 [00:21<00:00,  2.30it/s]
[I 2023-12-11 22:11:32,173] Trial 270 finished with value: 0.4337711821919182 and parameters: {'EMBEDDING_DIM': 32, 'HIDDEN_DIM': 630, 'NUM_LAYERS': 2, 'DROPOUT': 0.2936984207836294, 'LR': 0.005977395079273315, 'WEIGHT_0': 0.9524637537496883, 'WEIGHT_1': 0.483636013247344, 'WEIGHT_2': 0.21033829999901874, 'WEIGHT_3': 0.1952675235454849, 'WEIGHT_4': 0.8541624616163732, 'WEIGHT_5': 0.45441496067021825, 'WEIGHT_6': 0.10199194553938629, 'WEIGHT_7': 0.7142806421374578, 'WEIGHT_8': 0.8448532640227702}. Best is trial 223 with value: 0.4540043855069437.
{'EMBEDDING_DIM': 32, 'HIDDEN_DIM': 630, 'NUM_LAYERS': 2, 'DROPOUT': 0.2936984207836294, 'LR': 0.005977395079273315, 'WEIGHT_0': 0.9524637537496883, 'WEIGHT_1': 0.483636013247344, 'WEIGHT_2': 0.21033829999901874, 'WEIGHT_3': 0.1952675235454849, 'WEIGHT_4': 0.8541624616163732, 'WEIGHT_5': 0.45441496067021825, 'WEIGHT_6': 0.10199194553938629, 'WEIGHT_7': 0.7142806421374578, 'WEIGHT_8': 0.8448532640227702}
0
              precision    recall  f1-score   support

         LOC       0.00      0.00      0.00      1837
        MISC       0.00      0.00      0.00       922
         ORG       0.00      0.00      0.00      1341
         PER       0.00      0.00      0.00      1842

   micro avg       0.00      0.00      0.00      5942
   macro avg       0.00      0.00      0.00      5942
weighted avg       0.00      0.00      0.00      5942

{'EMBEDDING_DIM': 32, 'HIDDEN_DIM': 630, 'NUM_LAYERS': 2, 'DROPOUT': 0.2936984207836294, 'LR': 0.005977395079273315, 'WEIGHT_0': 0.9524637537496883, 'WEIGHT_1': 0.483636013247344, 'WEIGHT_2': 0.21033829999901874, 'WEIGHT_3': 0.1952675235454849, 'WEIGHT_4': 0.8541624616163732, 'WEIGHT_5': 0.45441496067021825, 'WEIGHT_6': 0.10199194553938629, 'WEIGHT_7': 0.7142806421374578, 'WEIGHT_8': 0.8448532640227702}
49
              precision    recall  f1-score   support

         LOC       0.75      0.59      0.66      1837
        MISC       0.63      0.47      0.54       922
         ORG       0.39      0.22      0.28      1341
         PER       0.31      0.19      0.24      1842

   micro avg       0.54      0.36      0.43      5942
   macro avg       0.52      0.37      0.43      5942
weighted avg       0.51      0.36      0.42      5942

epoch 49
Transformer

  0%|          | 0/50 [00:00<?, ?it/s]
  2%|▏         | 1/50 [00:07<06:15,  7.66s/it]
  4%|▍         | 2/50 [00:07<02:35,  3.24s/it]
  6%|▌         | 3/50 [00:07<01:25,  1.83s/it]
  8%|▊         | 4/50 [00:08<00:53,  1.17s/it]
 10%|█         | 5/50 [00:08<00:37,  1.20it/s]
 12%|█▏        | 6/50 [00:08<00:28,  1.56it/s]
 14%|█▍        | 7/50 [00:08<00:22,  1.88it/s]
 16%|█▌        | 8/50 [00:09<00:19,  2.15it/s]
 18%|█▊        | 9/50 [00:09<00:17,  2.36it/s]
 20%|██        | 10/50 [00:09<00:15,  2.53it/s]
 22%|██▏       | 11/50 [00:10<00:14,  2.69it/s]
 24%|██▍       | 12/50 [00:10<00:13,  2.81it/s]
 26%|██▌       | 13/50 [00:10<00:11,  3.18it/s]
 28%|██▊       | 14/50 [00:10<00:10,  3.50it/s]
 30%|███       | 15/50 [00:11<00:09,  3.74it/s]
 32%|███▏      | 16/50 [00:11<00:08,  3.83it/s]
 34%|███▍      | 17/50 [00:11<00:08,  3.70it/s]
 36%|███▌      | 18/50 [00:11<00:08,  3.93it/s]
 38%|███▊      | 19/50 [00:12<00:07,  4.13it/s]
 40%|████      | 20/50 [00:12<00:07,  4.21it/s]
 42%|████▏     | 21/50 [00:12<00:07,  4.10it/s]
 44%|████▍     | 22/50 [00:12<00:07,  3.97it/s]
 46%|████▌     | 23/50 [00:13<00:07,  3.80it/s]
 48%|████▊     | 24/50 [00:13<00:07,  3.63it/s]
 50%|█████     | 25/50 [00:13<00:07,  3.49it/s]
 52%|█████▏    | 26/50 [00:14<00:07,  3.37it/s]
 54%|█████▍    | 27/50 [00:14<00:06,  3.30it/s]
 56%|█████▌    | 28/50 [00:14<00:06,  3.23it/s]
 58%|█████▊    | 29/50 [00:15<00:06,  3.20it/s]
 60%|██████    | 30/50 [00:15<00:06,  3.18it/s]
 62%|██████▏   | 31/50 [00:15<00:05,  3.18it/s]
 64%|██████▍   | 32/50 [00:16<00:05,  3.17it/s]
 66%|██████▌   | 33/50 [00:16<00:05,  3.08it/s]
 68%|██████▊   | 34/50 [00:16<00:05,  3.05it/s]
 70%|███████   | 35/50 [00:17<00:04,  3.08it/s]
 72%|███████▏  | 36/50 [00:17<00:04,  3.10it/s]
 74%|███████▍  | 37/50 [00:17<00:04,  3.05it/s]
 76%|███████▌  | 38/50 [00:18<00:04,  3.00it/s]
 78%|███████▊  | 39/50 [00:18<00:03,  2.95it/s]
 80%|████████  | 40/50 [00:18<00:03,  2.96it/s]
 82%|████████▏ | 41/50 [00:19<00:02,  3.01it/s]
 84%|████████▍ | 42/50 [00:19<00:02,  3.04it/s]
 86%|████████▌ | 43/50 [00:19<00:02,  3.08it/s]
 88%|████████▊ | 44/50 [00:20<00:01,  3.09it/s]
 90%|█████████ | 45/50 [00:20<00:01,  3.01it/s]
 92%|█████████▏| 46/50 [00:20<00:01,  2.97it/s]
 94%|█████████▍| 47/50 [00:21<00:01,  2.92it/s]
 96%|█████████▌| 48/50 [00:21<00:00,  2.86it/s]
 98%|█████████▊| 49/50 [00:21<00:00,  2.83it/s]
100%|██████████| 50/50 [00:29<00:00,  2.67s/it]
100%|██████████| 50/50 [00:29<00:00,  1.67it/s]
[I 2023-12-11 22:12:09,505] Trial 271 finished with value: 0.4341488807912546 and parameters: {'EMBEDDING_DIM': 32, 'HIDDEN_DIM': 499, 'NUM_LAYERS': 2, 'DROPOUT': 0.2571643621936223, 'LR': 0.006241698597469978, 'WEIGHT_0': 0.9988393813989948, 'WEIGHT_1': 0.33776287131536775, 'WEIGHT_2': 0.18477177274700862, 'WEIGHT_3': 0.15890402786561908, 'WEIGHT_4': 0.8275977246645377, 'WEIGHT_5': 0.5191342361069289, 'WEIGHT_6': 0.0762364245259544, 'WEIGHT_7': 0.6648680081645947, 'WEIGHT_8': 0.8694433816383933}. Best is trial 223 with value: 0.4540043855069437.
{'EMBEDDING_DIM': 32, 'HIDDEN_DIM': 499, 'NUM_LAYERS': 2, 'DROPOUT': 0.2571643621936223, 'LR': 0.006241698597469978, 'WEIGHT_0': 0.9988393813989948, 'WEIGHT_1': 0.33776287131536775, 'WEIGHT_2': 0.18477177274700862, 'WEIGHT_3': 0.15890402786561908, 'WEIGHT_4': 0.8275977246645377, 'WEIGHT_5': 0.5191342361069289, 'WEIGHT_6': 0.0762364245259544, 'WEIGHT_7': 0.6648680081645947, 'WEIGHT_8': 0.8694433816383933}
0
              precision    recall  f1-score   support

         LOC       0.00      0.00      0.00      1837
        MISC       0.00      0.00      0.00       922
         ORG       0.00      0.00      0.00      1341
         PER       0.00      0.00      0.00      1842

   micro avg       0.00      0.00      0.00      5942
   macro avg       0.00      0.00      0.00      5942
weighted avg       0.00      0.00      0.00      5942

{'EMBEDDING_DIM': 32, 'HIDDEN_DIM': 499, 'NUM_LAYERS': 2, 'DROPOUT': 0.2571643621936223, 'LR': 0.006241698597469978, 'WEIGHT_0': 0.9988393813989948, 'WEIGHT_1': 0.33776287131536775, 'WEIGHT_2': 0.18477177274700862, 'WEIGHT_3': 0.15890402786561908, 'WEIGHT_4': 0.8275977246645377, 'WEIGHT_5': 0.5191342361069289, 'WEIGHT_6': 0.0762364245259544, 'WEIGHT_7': 0.6648680081645947, 'WEIGHT_8': 0.8694433816383933}
49
              precision    recall  f1-score   support

         LOC       0.78      0.58      0.67      1837
        MISC       0.50      0.45      0.47       922
         ORG       0.43      0.19      0.27      1341
         PER       0.39      0.18      0.25      1842

   micro avg       0.57      0.35      0.43      5942
   macro avg       0.53      0.35      0.42      5942
weighted avg       0.54      0.35      0.42      5942

epoch 49
Transformer

  0%|          | 0/50 [00:00<?, ?it/s]
  2%|▏         | 1/50 [00:07<06:11,  7.59s/it]
  4%|▍         | 2/50 [00:07<02:34,  3.22s/it]
  6%|▌         | 3/50 [00:07<01:25,  1.82s/it]
  8%|▊         | 4/50 [00:08<00:53,  1.15s/it]
 10%|█         | 5/50 [00:08<00:36,  1.22it/s]
 12%|█▏        | 6/50 [00:08<00:28,  1.57it/s]
 14%|█▍        | 7/50 [00:08<00:22,  1.89it/s]
 16%|█▌        | 8/50 [00:09<00:19,  2.15it/s]
 18%|█▊        | 9/50 [00:09<00:17,  2.35it/s]
 20%|██        | 10/50 [00:09<00:15,  2.52it/s]
 22%|██▏       | 11/50 [00:10<00:14,  2.65it/s]
 24%|██▍       | 12/50 [00:10<00:13,  2.74it/s]
 26%|██▌       | 13/50 [00:10<00:13,  2.79it/s]
 28%|██▊       | 14/50 [00:11<00:12,  2.77it/s]
 30%|███       | 15/50 [00:11<00:12,  2.76it/s]
 32%|███▏      | 16/50 [00:11<00:12,  2.75it/s]
 34%|███▍      | 17/50 [00:12<00:11,  2.76it/s]
 36%|███▌      | 18/50 [00:12<00:11,  2.83it/s]
 38%|███▊      | 19/50 [00:12<00:10,  2.87it/s]
 40%|████      | 20/50 [00:13<00:10,  2.91it/s]
 42%|████▏     | 21/50 [00:13<00:09,  2.94it/s]
 44%|████▍     | 22/50 [00:13<00:09,  2.95it/s]
 46%|████▌     | 23/50 [00:14<00:09,  2.95it/s]
 48%|████▊     | 24/50 [00:14<00:08,  2.97it/s]
 50%|█████     | 25/50 [00:14<00:08,  2.97it/s]
 52%|█████▏    | 26/50 [00:15<00:08,  2.98it/s]
 54%|█████▍    | 27/50 [00:15<00:07,  2.99it/s]
 56%|█████▌    | 28/50 [00:15<00:07,  2.99it/s]
 58%|█████▊    | 29/50 [00:16<00:07,  2.99it/s]
 60%|██████    | 30/50 [00:16<00:06,  2.99it/s]
 62%|██████▏   | 31/50 [00:16<00:06,  2.99it/s]
 64%|██████▍   | 32/50 [00:17<00:06,  3.00it/s]
 66%|██████▌   | 33/50 [00:17<00:05,  3.00it/s]
 68%|██████▊   | 34/50 [00:18<00:05,  2.93it/s]
 70%|███████   | 35/50 [00:18<00:05,  2.87it/s]
 72%|███████▏  | 36/50 [00:18<00:04,  2.83it/s]
 74%|███████▍  | 37/50 [00:19<00:04,  2.80it/s]
 76%|███████▌  | 38/50 [00:19<00:04,  2.79it/s]
 78%|███████▊  | 39/50 [00:19<00:03,  2.77it/s]
 80%|████████  | 40/50 [00:20<00:03,  2.77it/s]
 82%|████████▏ | 41/50 [00:20<00:03,  2.76it/s]
 84%|████████▍ | 42/50 [00:20<00:02,  2.75it/s]
 86%|████████▌ | 43/50 [00:21<00:02,  2.75it/s]
 88%|████████▊ | 44/50 [00:21<00:02,  2.74it/s]
 90%|█████████ | 45/50 [00:22<00:01,  2.74it/s]
 92%|█████████▏| 46/50 [00:22<00:01,  2.74it/s]
 94%|█████████▍| 47/50 [00:22<00:01,  2.74it/s]
 96%|█████████▌| 48/50 [00:23<00:00,  2.73it/s]
 98%|█████████▊| 49/50 [00:23<00:00,  2.74it/s]
100%|██████████| 50/50 [00:31<00:00,  2.70s/it]
100%|██████████| 50/50 [00:31<00:00,  1.58it/s]
[I 2023-12-11 22:12:48,445] Trial 272 finished with value: 0.4227625664078464 and parameters: {'EMBEDDING_DIM': 32, 'HIDDEN_DIM': 617, 'NUM_LAYERS': 2, 'DROPOUT': 0.3189658583555832, 'LR': 0.00569624150176698, 'WEIGHT_0': 0.9676496925788705, 'WEIGHT_1': 0.6645178394849047, 'WEIGHT_2': 0.12510550135985915, 'WEIGHT_3': 0.5774566554033256, 'WEIGHT_4': 0.5527390461064412, 'WEIGHT_5': 0.44155781796103855, 'WEIGHT_6': 0.053455853171518394, 'WEIGHT_7': 0.6775828925280329, 'WEIGHT_8': 0.8985296131059679}. Best is trial 223 with value: 0.4540043855069437.
{'EMBEDDING_DIM': 32, 'HIDDEN_DIM': 617, 'NUM_LAYERS': 2, 'DROPOUT': 0.3189658583555832, 'LR': 0.00569624150176698, 'WEIGHT_0': 0.9676496925788705, 'WEIGHT_1': 0.6645178394849047, 'WEIGHT_2': 0.12510550135985915, 'WEIGHT_3': 0.5774566554033256, 'WEIGHT_4': 0.5527390461064412, 'WEIGHT_5': 0.44155781796103855, 'WEIGHT_6': 0.053455853171518394, 'WEIGHT_7': 0.6775828925280329, 'WEIGHT_8': 0.8985296131059679}
0
              precision    recall  f1-score   support

         LOC       0.00      0.00      0.00      1837
        MISC       0.00      0.00      0.00       922
         ORG       0.00      0.00      0.00      1341
         PER       0.00      0.00      0.00      1842

   micro avg       0.00      0.00      0.00      5942
   macro avg       0.00      0.00      0.00      5942
weighted avg       0.00      0.00      0.00      5942

{'EMBEDDING_DIM': 32, 'HIDDEN_DIM': 617, 'NUM_LAYERS': 2, 'DROPOUT': 0.3189658583555832, 'LR': 0.00569624150176698, 'WEIGHT_0': 0.9676496925788705, 'WEIGHT_1': 0.6645178394849047, 'WEIGHT_2': 0.12510550135985915, 'WEIGHT_3': 0.5774566554033256, 'WEIGHT_4': 0.5527390461064412, 'WEIGHT_5': 0.44155781796103855, 'WEIGHT_6': 0.053455853171518394, 'WEIGHT_7': 0.6775828925280329, 'WEIGHT_8': 0.8985296131059679}
49
              precision    recall  f1-score   support

         LOC       0.77      0.58      0.66      1837
        MISC       0.48      0.43      0.45       922
         ORG       0.42      0.20      0.27      1341
         PER       0.34      0.18      0.24      1842

   micro avg       0.54      0.35      0.42      5942
   macro avg       0.50      0.35      0.41      5942
weighted avg       0.51      0.35      0.41      5942

epoch 49
Transformer

  0%|          | 0/50 [00:00<?, ?it/s]
  2%|▏         | 1/50 [00:07<06:21,  7.78s/it]
  4%|▍         | 2/50 [00:07<02:38,  3.30s/it]
  6%|▌         | 3/50 [00:08<01:27,  1.86s/it]
  8%|▊         | 4/50 [00:08<00:54,  1.18s/it]
 10%|█         | 5/50 [00:08<00:36,  1.24it/s]
 12%|█▏        | 6/50 [00:08<00:25,  1.71it/s]
 14%|█▍        | 7/50 [00:08<00:19,  2.24it/s]
 16%|█▌        | 8/50 [00:08<00:14,  2.88it/s]
 18%|█▊        | 9/50 [00:08<00:11,  3.55it/s]
 20%|██        | 10/50 [00:09<00:09,  4.22it/s]
 22%|██▏       | 11/50 [00:09<00:08,  4.84it/s]
 24%|██▍       | 12/50 [00:09<00:07,  5.38it/s]
 26%|██▌       | 13/50 [00:09<00:06,  5.85it/s]
 28%|██▊       | 14/50 [00:09<00:05,  6.22it/s]
 30%|███       | 15/50 [00:09<00:05,  6.50it/s]
 32%|███▏      | 16/50 [00:09<00:05,  6.71it/s]
 34%|███▍      | 17/50 [00:10<00:04,  6.89it/s]
 36%|███▌      | 18/50 [00:10<00:04,  7.01it/s]
 38%|███▊      | 19/50 [00:10<00:04,  7.08it/s]
 40%|████      | 20/50 [00:10<00:04,  7.14it/s]
 42%|████▏     | 21/50 [00:10<00:04,  7.18it/s]
 44%|████▍     | 22/50 [00:10<00:03,  7.20it/s]
 46%|████▌     | 23/50 [00:10<00:03,  7.22it/s]
 48%|████▊     | 24/50 [00:11<00:03,  7.25it/s]
 50%|█████     | 25/50 [00:11<00:03,  7.26it/s]
 52%|█████▏    | 26/50 [00:11<00:03,  7.26it/s]
 54%|█████▍    | 27/50 [00:11<00:03,  7.28it/s]
 56%|█████▌    | 28/50 [00:11<00:03,  7.28it/s]
 58%|█████▊    | 29/50 [00:11<00:02,  7.29it/s]
 60%|██████    | 30/50 [00:11<00:02,  7.27it/s]
 62%|██████▏   | 31/50 [00:12<00:02,  6.90it/s]
 64%|██████▍   | 32/50 [00:12<00:02,  6.37it/s]
 66%|██████▌   | 33/50 [00:12<00:03,  5.56it/s]
 68%|██████▊   | 34/50 [00:12<00:03,  4.80it/s]
 70%|███████   | 35/50 [00:13<00:03,  4.24it/s]
 72%|███████▏  | 36/50 [00:13<00:03,  3.83it/s]
 74%|███████▍  | 37/50 [00:13<00:03,  3.54it/s]
 76%|███████▌  | 38/50 [00:13<00:03,  3.35it/s]
 78%|███████▊  | 39/50 [00:14<00:03,  3.22it/s]
 80%|████████  | 40/50 [00:14<00:03,  3.15it/s]
 82%|████████▏ | 41/50 [00:15<00:02,  3.10it/s]
 84%|████████▍ | 42/50 [00:15<00:02,  3.10it/s]
 86%|████████▌ | 43/50 [00:15<00:02,  3.12it/s]
 88%|████████▊ | 44/50 [00:15<00:01,  3.08it/s]
 90%|█████████ | 45/50 [00:16<00:01,  3.06it/s]
 92%|█████████▏| 46/50 [00:16<00:01,  3.03it/s]
 94%|█████████▍| 47/50 [00:16<00:00,  3.02it/s]
 96%|█████████▌| 48/50 [00:17<00:00,  3.01it/s]
 98%|█████████▊| 49/50 [00:17<00:00,  3.00it/s]
100%|██████████| 50/50 [00:25<00:00,  2.68s/it]
100%|██████████| 50/50 [00:25<00:00,  1.94it/s]
