[I 2023-12-11 23:48:11,649] Trial 453 finished with value: 0.44308267552970504 and parameters: {'EMBEDDING_DIM': 32, 'HIDDEN_DIM': 1526, 'NUM_LAYERS': 1, 'DROPOUT': 0.15783183069907658, 'LR': 0.006625287357191173, 'WEIGHT_0': 0.5903511724737662, 'WEIGHT_1': 0.09214407856207084, 'WEIGHT_2': 0.21585749801706036, 'WEIGHT_3': 0.049646976348075224, 'WEIGHT_4': 0.35685895561166514, 'WEIGHT_5': 0.5114744471400332, 'WEIGHT_6': 0.23596048626429625, 'WEIGHT_7': 0.7824232220711165, 'WEIGHT_8': 0.8260884580494002}. Best is trial 282 with value: 0.45463128081401455.
{'EMBEDDING_DIM': 32, 'HIDDEN_DIM': 1526, 'NUM_LAYERS': 1, 'DROPOUT': 0.15783183069907658, 'LR': 0.006625287357191173, 'WEIGHT_0': 0.5903511724737662, 'WEIGHT_1': 0.09214407856207084, 'WEIGHT_2': 0.21585749801706036, 'WEIGHT_3': 0.049646976348075224, 'WEIGHT_4': 0.35685895561166514, 'WEIGHT_5': 0.5114744471400332, 'WEIGHT_6': 0.23596048626429625, 'WEIGHT_7': 0.7824232220711165, 'WEIGHT_8': 0.8260884580494002}
0
              precision    recall  f1-score   support

         LOC       0.00      0.00      0.00      1837
        MISC       0.00      0.00      0.00       922
         ORG       0.00      0.00      0.00      1341
         PER       0.00      0.00      0.00      1842

   micro avg       0.00      0.00      0.00      5942
   macro avg       0.00      0.00      0.00      5942
weighted avg       0.00      0.00      0.00      5942

{'EMBEDDING_DIM': 32, 'HIDDEN_DIM': 1526, 'NUM_LAYERS': 1, 'DROPOUT': 0.15783183069907658, 'LR': 0.006625287357191173, 'WEIGHT_0': 0.5903511724737662, 'WEIGHT_1': 0.09214407856207084, 'WEIGHT_2': 0.21585749801706036, 'WEIGHT_3': 0.049646976348075224, 'WEIGHT_4': 0.35685895561166514, 'WEIGHT_5': 0.5114744471400332, 'WEIGHT_6': 0.23596048626429625, 'WEIGHT_7': 0.7824232220711165, 'WEIGHT_8': 0.8260884580494002}
49
              precision    recall  f1-score   support

         LOC       0.78      0.58      0.66      1837
        MISC       0.61      0.47      0.53       922
         ORG       0.41      0.23      0.29      1341
         PER       0.38      0.18      0.25      1842

   micro avg       0.58      0.36      0.44      5942
   macro avg       0.55      0.36      0.43      5942
weighted avg       0.55      0.36      0.43      5942

epoch 49
Transformer

  0%|          | 0/50 [00:00<?, ?it/s]
  2%|▏         | 1/50 [00:05<04:49,  5.91s/it]
  4%|▍         | 2/50 [00:06<01:59,  2.50s/it]
  6%|▌         | 3/50 [00:06<01:06,  1.40s/it]
 10%|█         | 5/50 [00:06<00:29,  1.51it/s]
 14%|█▍        | 7/50 [00:06<00:17,  2.43it/s]
 18%|█▊        | 9/50 [00:06<00:11,  3.48it/s]
 22%|██▏       | 11/50 [00:06<00:08,  4.60it/s]
 26%|██▌       | 13/50 [00:07<00:06,  5.71it/s]
 30%|███       | 15/50 [00:07<00:05,  6.75it/s]
 34%|███▍      | 17/50 [00:07<00:04,  7.68it/s]
 38%|███▊      | 19/50 [00:07<00:03,  8.46it/s]
 42%|████▏     | 21/50 [00:07<00:03,  9.07it/s]
 46%|████▌     | 23/50 [00:07<00:02,  9.53it/s]
 50%|█████     | 25/50 [00:08<00:02,  9.88it/s]
 54%|█████▍    | 27/50 [00:08<00:02, 10.15it/s]
 58%|█████▊    | 29/50 [00:08<00:02, 10.36it/s]
 62%|██████▏   | 31/50 [00:08<00:01, 10.51it/s]
 66%|██████▌   | 33/50 [00:08<00:01, 10.62it/s]
 70%|███████   | 35/50 [00:09<00:01, 10.69it/s]
 74%|███████▍  | 37/50 [00:09<00:01, 10.75it/s]
 78%|███████▊  | 39/50 [00:09<00:01, 10.76it/s]
 82%|████████▏ | 41/50 [00:09<00:00, 10.80it/s]
 86%|████████▌ | 43/50 [00:09<00:00, 10.83it/s]
 90%|█████████ | 45/50 [00:10<00:00, 10.82it/s]
 94%|█████████▍| 47/50 [00:10<00:00, 10.79it/s]
 98%|█████████▊| 49/50 [00:10<00:00, 10.79it/s]
100%|██████████| 50/50 [00:16<00:00,  3.05it/s]
[I 2023-12-11 23:48:33,585] Trial 454 finished with value: 0.3923900118906064 and parameters: {'EMBEDDING_DIM': 64, 'HIDDEN_DIM': 644, 'NUM_LAYERS': 1, 'DROPOUT': 0.23260712666843353, 'LR': 0.007557940351351408, 'WEIGHT_0': 0.6169340301406799, 'WEIGHT_1': 0.21523971443634263, 'WEIGHT_2': 0.2482614091737803, 'WEIGHT_3': 0.5310811038786671, 'WEIGHT_4': 0.7741170570344597, 'WEIGHT_5': 0.33092770659392556, 'WEIGHT_6': 0.6885614455593625, 'WEIGHT_7': 0.5980781120228066, 'WEIGHT_8': 0.8584108333204694}. Best is trial 282 with value: 0.45463128081401455.
{'EMBEDDING_DIM': 64, 'HIDDEN_DIM': 644, 'NUM_LAYERS': 1, 'DROPOUT': 0.23260712666843353, 'LR': 0.007557940351351408, 'WEIGHT_0': 0.6169340301406799, 'WEIGHT_1': 0.21523971443634263, 'WEIGHT_2': 0.2482614091737803, 'WEIGHT_3': 0.5310811038786671, 'WEIGHT_4': 0.7741170570344597, 'WEIGHT_5': 0.33092770659392556, 'WEIGHT_6': 0.6885614455593625, 'WEIGHT_7': 0.5980781120228066, 'WEIGHT_8': 0.8584108333204694}
0
              precision    recall  f1-score   support

         LOC       0.00      0.00      0.00      1837
        MISC       0.00      0.00      0.00       922
         ORG       0.00      0.00      0.00      1341
         PER       0.00      0.00      0.00      1842

   micro avg       0.00      0.00      0.00      5942
   macro avg       0.00      0.00      0.00      5942
weighted avg       0.00      0.00      0.00      5942

{'EMBEDDING_DIM': 64, 'HIDDEN_DIM': 644, 'NUM_LAYERS': 1, 'DROPOUT': 0.23260712666843353, 'LR': 0.007557940351351408, 'WEIGHT_0': 0.6169340301406799, 'WEIGHT_1': 0.21523971443634263, 'WEIGHT_2': 0.2482614091737803, 'WEIGHT_3': 0.5310811038786671, 'WEIGHT_4': 0.7741170570344597, 'WEIGHT_5': 0.33092770659392556, 'WEIGHT_6': 0.6885614455593625, 'WEIGHT_7': 0.5980781120228066, 'WEIGHT_8': 0.8584108333204694}
49
              precision    recall  f1-score   support

         LOC       0.64      0.59      0.61      1837
        MISC       0.52      0.44      0.48       922
         ORG       0.27      0.24      0.26      1341
         PER       0.25      0.18      0.21      1842

   micro avg       0.43      0.36      0.39      5942
   macro avg       0.42      0.36      0.39      5942
weighted avg       0.42      0.36      0.39      5942

epoch 49
Transformer

  0%|          | 0/50 [00:00<?, ?it/s]
  2%|▏         | 1/50 [00:05<04:45,  5.83s/it]
  6%|▌         | 3/50 [00:06<01:14,  1.58s/it]
 10%|█         | 5/50 [00:06<00:36,  1.23it/s]
 14%|█▍        | 7/50 [00:06<00:21,  1.97it/s]
 18%|█▊        | 9/50 [00:06<00:14,  2.85it/s]
 22%|██▏       | 11/50 [00:06<00:10,  3.84it/s]
 26%|██▌       | 13/50 [00:06<00:07,  4.91it/s]
 30%|███       | 15/50 [00:07<00:05,  5.97it/s]
 34%|███▍      | 17/50 [00:07<00:04,  6.90it/s]
 38%|███▊      | 19/50 [00:07<00:03,  7.81it/s]
 42%|████▏     | 21/50 [00:07<00:03,  8.58it/s]
 46%|████▌     | 23/50 [00:07<00:02,  9.18it/s]
 50%|█████     | 25/50 [00:08<00:02,  9.48it/s]
 54%|█████▍    | 27/50 [00:08<00:02,  9.41it/s]
 58%|█████▊    | 29/50 [00:08<00:02,  9.96it/s]
 62%|██████▏   | 31/50 [00:08<00:01, 10.39it/s]
 66%|██████▌   | 33/50 [00:08<00:01, 10.69it/s]
 70%|███████   | 35/50 [00:08<00:01, 10.92it/s]
 74%|███████▍  | 37/50 [00:09<00:01, 11.07it/s]
 78%|███████▊  | 39/50 [00:09<00:00, 11.17it/s]
 82%|████████▏ | 41/50 [00:09<00:00, 11.26it/s]
 86%|████████▌ | 43/50 [00:09<00:00, 11.32it/s]
 90%|█████████ | 45/50 [00:09<00:00, 11.34it/s]
 94%|█████████▍| 47/50 [00:09<00:00, 11.38it/s]
 98%|█████████▊| 49/50 [00:10<00:00, 10.98it/s]
100%|██████████| 50/50 [00:16<00:00,  3.12it/s]
[I 2023-12-11 23:48:55,180] Trial 455 finished with value: 0.43583485865365057 and parameters: {'EMBEDDING_DIM': 32, 'HIDDEN_DIM': 432, 'NUM_LAYERS': 1, 'DROPOUT': 0.32754889518085767, 'LR': 0.006360840102568597, 'WEIGHT_0': 0.9526558783470664, 'WEIGHT_1': 0.607444455662375, 'WEIGHT_2': 0.300569275745591, 'WEIGHT_3': 0.18276713576526424, 'WEIGHT_4': 0.47005045068013224, 'WEIGHT_5': 0.42592149191454265, 'WEIGHT_6': 0.7120839506463535, 'WEIGHT_7': 0.5648249433267017, 'WEIGHT_8': 0.6650982769594572}. Best is trial 282 with value: 0.45463128081401455.
{'EMBEDDING_DIM': 32, 'HIDDEN_DIM': 432, 'NUM_LAYERS': 1, 'DROPOUT': 0.32754889518085767, 'LR': 0.006360840102568597, 'WEIGHT_0': 0.9526558783470664, 'WEIGHT_1': 0.607444455662375, 'WEIGHT_2': 0.300569275745591, 'WEIGHT_3': 0.18276713576526424, 'WEIGHT_4': 0.47005045068013224, 'WEIGHT_5': 0.42592149191454265, 'WEIGHT_6': 0.7120839506463535, 'WEIGHT_7': 0.5648249433267017, 'WEIGHT_8': 0.6650982769594572}
0
              precision    recall  f1-score   support

         LOC       0.00      0.00      0.00      1837
        MISC       0.00      0.00      0.00       922
         ORG       0.00      0.00      0.00      1341
         PER       0.00      0.00      0.00      1842

   micro avg       0.00      0.00      0.00      5942
   macro avg       0.00      0.00      0.00      5942
weighted avg       0.00      0.00      0.00      5942

{'EMBEDDING_DIM': 32, 'HIDDEN_DIM': 432, 'NUM_LAYERS': 1, 'DROPOUT': 0.32754889518085767, 'LR': 0.006360840102568597, 'WEIGHT_0': 0.9526558783470664, 'WEIGHT_1': 0.607444455662375, 'WEIGHT_2': 0.300569275745591, 'WEIGHT_3': 0.18276713576526424, 'WEIGHT_4': 0.47005045068013224, 'WEIGHT_5': 0.42592149191454265, 'WEIGHT_6': 0.7120839506463535, 'WEIGHT_7': 0.5648249433267017, 'WEIGHT_8': 0.6650982769594572}
49
              precision    recall  f1-score   support

         LOC       0.80      0.56      0.66      1837
        MISC       0.64      0.46      0.54       922
         ORG       0.33      0.25      0.29      1341
         PER       0.38      0.18      0.25      1842

   micro avg       0.55      0.36      0.44      5942
   macro avg       0.54      0.37      0.43      5942
weighted avg       0.54      0.36      0.43      5942

epoch 49
Transformer

  0%|          | 0/50 [00:00<?, ?it/s]
  2%|▏         | 1/50 [00:05<04:46,  5.85s/it]
  6%|▌         | 3/50 [00:06<01:14,  1.59s/it]
 10%|█         | 5/50 [00:06<00:36,  1.22it/s]
 14%|█▍        | 7/50 [00:06<00:21,  1.96it/s]
 16%|█▌        | 8/50 [00:06<00:17,  2.39it/s]
 18%|█▊        | 9/50 [00:06<00:13,  2.95it/s]
 20%|██        | 10/50 [00:06<00:11,  3.58it/s]
 22%|██▏       | 11/50 [00:06<00:09,  4.14it/s]
 24%|██▍       | 12/50 [00:07<00:08,  4.57it/s]
 26%|██▌       | 13/50 [00:07<00:06,  5.32it/s]
 28%|██▊       | 14/50 [00:07<00:05,  6.03it/s]
 30%|███       | 15/50 [00:07<00:05,  6.72it/s]
 32%|███▏      | 16/50 [00:07<00:04,  7.20it/s]
 34%|███▍      | 17/50 [00:07<00:04,  7.64it/s]
 36%|███▌      | 18/50 [00:07<00:04,  7.98it/s]
 40%|████      | 20/50 [00:07<00:03,  9.27it/s]
 44%|████▍     | 22/50 [00:08<00:02, 10.05it/s]
 48%|████▊     | 24/50 [00:08<00:02, 10.48it/s]
 52%|█████▏    | 26/50 [00:08<00:02, 10.79it/s]
 56%|█████▌    | 28/50 [00:08<00:02, 10.98it/s]
 60%|██████    | 30/50 [00:08<00:01, 11.11it/s]
 64%|██████▍   | 32/50 [00:08<00:01, 11.23it/s]
 68%|██████▊   | 34/50 [00:09<00:01, 11.25it/s]
 72%|███████▏  | 36/50 [00:09<00:01, 11.30it/s]
 76%|███████▌  | 38/50 [00:09<00:01, 11.35it/s]
 80%|████████  | 40/50 [00:09<00:00, 11.32it/s]
 84%|████████▍ | 42/50 [00:09<00:00, 11.34it/s]
 88%|████████▊ | 44/50 [00:09<00:00, 11.37it/s]
 92%|█████████▏| 46/50 [00:10<00:00, 11.38it/s]
 96%|█████████▌| 48/50 [00:10<00:00, 11.40it/s]
100%|██████████| 50/50 [00:16<00:00,  1.06it/s]
100%|██████████| 50/50 [00:16<00:00,  3.08it/s]
[I 2023-12-11 23:49:16,925] Trial 456 finished with value: 0.4484982866357589 and parameters: {'EMBEDDING_DIM': 32, 'HIDDEN_DIM': 856, 'NUM_LAYERS': 1, 'DROPOUT': 0.34353236133493736, 'LR': 0.00726027375205502, 'WEIGHT_0': 0.9997792705697086, 'WEIGHT_1': 0.25460819924311656, 'WEIGHT_2': 0.7716658036117714, 'WEIGHT_3': 0.31435001599983253, 'WEIGHT_4': 0.8046635971612215, 'WEIGHT_5': 0.4485547355720449, 'WEIGHT_6': 0.12470141105359117, 'WEIGHT_7': 0.7294186869087937, 'WEIGHT_8': 0.8046221537486489}. Best is trial 282 with value: 0.45463128081401455.
{'EMBEDDING_DIM': 32, 'HIDDEN_DIM': 856, 'NUM_LAYERS': 1, 'DROPOUT': 0.34353236133493736, 'LR': 0.00726027375205502, 'WEIGHT_0': 0.9997792705697086, 'WEIGHT_1': 0.25460819924311656, 'WEIGHT_2': 0.7716658036117714, 'WEIGHT_3': 0.31435001599983253, 'WEIGHT_4': 0.8046635971612215, 'WEIGHT_5': 0.4485547355720449, 'WEIGHT_6': 0.12470141105359117, 'WEIGHT_7': 0.7294186869087937, 'WEIGHT_8': 0.8046221537486489}
0
              precision    recall  f1-score   support

         LOC       0.00      0.00      0.00      1837
        MISC       0.00      0.00      0.00       922
         ORG       0.00      0.00      0.00      1341
         PER       0.00      0.00      0.00      1842

   micro avg       0.00      0.00      0.00      5942
   macro avg       0.00      0.00      0.00      5942
weighted avg       0.00      0.00      0.00      5942

{'EMBEDDING_DIM': 32, 'HIDDEN_DIM': 856, 'NUM_LAYERS': 1, 'DROPOUT': 0.34353236133493736, 'LR': 0.00726027375205502, 'WEIGHT_0': 0.9997792705697086, 'WEIGHT_1': 0.25460819924311656, 'WEIGHT_2': 0.7716658036117714, 'WEIGHT_3': 0.31435001599983253, 'WEIGHT_4': 0.8046635971612215, 'WEIGHT_5': 0.4485547355720449, 'WEIGHT_6': 0.12470141105359117, 'WEIGHT_7': 0.7294186869087937, 'WEIGHT_8': 0.8046221537486489}
49
              precision    recall  f1-score   support

         LOC       0.76      0.59      0.66      1837
        MISC       0.65      0.51      0.57       922
         ORG       0.45      0.22      0.30      1341
         PER       0.32      0.20      0.25      1842

   micro avg       0.56      0.37      0.45      5942
   macro avg       0.55      0.38      0.45      5942
weighted avg       0.54      0.37      0.44      5942

epoch 49
Transformer

  0%|          | 0/50 [00:00<?, ?it/s]
  2%|▏         | 1/50 [00:05<04:46,  5.84s/it]
  4%|▍         | 2/50 [00:05<01:58,  2.46s/it]
  8%|▊         | 4/50 [00:06<00:45,  1.02it/s]
 12%|█▏        | 6/50 [00:06<00:24,  1.78it/s]
 14%|█▍        | 7/50 [00:06<00:19,  2.24it/s]
 18%|█▊        | 9/50 [00:06<00:12,  3.36it/s]
 22%|██▏       | 11/50 [00:06<00:08,  4.54it/s]
 26%|██▌       | 13/50 [00:06<00:06,  5.69it/s]
 30%|███       | 15/50 [00:07<00:05,  6.78it/s]
 34%|███▍      | 17/50 [00:07<00:04,  7.73it/s]
 38%|███▊      | 19/50 [00:07<00:03,  8.52it/s]
 42%|████▏     | 21/50 [00:07<00:03,  9.15it/s]
 46%|████▌     | 23/50 [00:07<00:02,  9.64it/s]
 50%|█████     | 25/50 [00:08<00:02, 10.01it/s]
 54%|█████▍    | 27/50 [00:08<00:02, 10.28it/s]
 58%|█████▊    | 29/50 [00:08<00:02, 10.46it/s]
 62%|██████▏   | 31/50 [00:08<00:01, 10.58it/s]
 66%|██████▌   | 33/50 [00:08<00:01, 10.64it/s]
 70%|███████   | 35/50 [00:08<00:01, 10.74it/s]
 74%|███████▍  | 37/50 [00:09<00:01, 10.79it/s]
 78%|███████▊  | 39/50 [00:09<00:01, 10.81it/s]
 82%|████████▏ | 41/50 [00:09<00:00, 10.86it/s]
 86%|████████▌ | 43/50 [00:09<00:00, 10.90it/s]
 90%|█████████ | 45/50 [00:09<00:00, 10.94it/s]
 94%|█████████▍| 47/50 [00:10<00:00, 10.95it/s]
 98%|█████████▊| 49/50 [00:10<00:00, 10.95it/s]
100%|██████████| 50/50 [00:16<00:00,  3.09it/s]
[I 2023-12-11 23:49:38,625] Trial 457 finished with value: 0.3852943852943853 and parameters: {'EMBEDDING_DIM': 32, 'HIDDEN_DIM': 1029, 'NUM_LAYERS': 1, 'DROPOUT': 0.07352443758345716, 'LR': 0.00737762742610088, 'WEIGHT_0': 0.9841199663333045, 'WEIGHT_1': 0.2540828834117846, 'WEIGHT_2': 0.6416340460547596, 'WEIGHT_3': 0.4974354570619684, 'WEIGHT_4': 0.8022863361378643, 'WEIGHT_5': 0.4838269681401014, 'WEIGHT_6': 0.12847023818740494, 'WEIGHT_7': 0.7193702157572108, 'WEIGHT_8': 0.7904839076488074}. Best is trial 282 with value: 0.45463128081401455.
{'EMBEDDING_DIM': 32, 'HIDDEN_DIM': 1029, 'NUM_LAYERS': 1, 'DROPOUT': 0.07352443758345716, 'LR': 0.00737762742610088, 'WEIGHT_0': 0.9841199663333045, 'WEIGHT_1': 0.2540828834117846, 'WEIGHT_2': 0.6416340460547596, 'WEIGHT_3': 0.4974354570619684, 'WEIGHT_4': 0.8022863361378643, 'WEIGHT_5': 0.4838269681401014, 'WEIGHT_6': 0.12847023818740494, 'WEIGHT_7': 0.7193702157572108, 'WEIGHT_8': 0.7904839076488074}
0
              precision    recall  f1-score   support

         LOC       0.00      0.00      0.00      1837
        MISC       0.00      0.00      0.00       922
         ORG       0.00      0.00      0.00      1341
         PER       0.00      0.00      0.00      1842

   micro avg       0.00      0.00      0.00      5942
   macro avg       0.00      0.00      0.00      5942
weighted avg       0.00      0.00      0.00      5942

{'EMBEDDING_DIM': 32, 'HIDDEN_DIM': 1029, 'NUM_LAYERS': 1, 'DROPOUT': 0.07352443758345716, 'LR': 0.00737762742610088, 'WEIGHT_0': 0.9841199663333045, 'WEIGHT_1': 0.2540828834117846, 'WEIGHT_2': 0.6416340460547596, 'WEIGHT_3': 0.4974354570619684, 'WEIGHT_4': 0.8022863361378643, 'WEIGHT_5': 0.4838269681401014, 'WEIGHT_6': 0.12847023818740494, 'WEIGHT_7': 0.7193702157572108, 'WEIGHT_8': 0.7904839076488074}
49
              precision    recall  f1-score   support

         LOC       0.77      0.53      0.63      1837
        MISC       0.60      0.48      0.53       922
         ORG       0.22      0.27      0.24      1341
         PER       0.25      0.19      0.21      1842

   micro avg       0.42      0.36      0.39      5942
   macro avg       0.46      0.37      0.40      5942
weighted avg       0.46      0.36      0.40      5942

epoch 49
Transformer

  0%|          | 0/50 [00:00<?, ?it/s]
  2%|▏         | 1/50 [00:05<04:48,  5.89s/it]
  6%|▌         | 3/50 [00:06<01:15,  1.60s/it]
 10%|█         | 5/50 [00:06<00:37,  1.22it/s]
 14%|█▍        | 7/50 [00:06<00:22,  1.95it/s]
 16%|█▌        | 8/50 [00:06<00:17,  2.39it/s]
 20%|██        | 10/50 [00:06<00:11,  3.47it/s]
 24%|██▍       | 12/50 [00:06<00:08,  4.62it/s]
 28%|██▊       | 14/50 [00:07<00:06,  5.75it/s]
 32%|███▏      | 16/50 [00:07<00:04,  6.81it/s]
 36%|███▌      | 18/50 [00:07<00:04,  7.73it/s]
 40%|████      | 20/50 [00:07<00:03,  8.52it/s]
 44%|████▍     | 22/50 [00:07<00:03,  9.15it/s]
 48%|████▊     | 24/50 [00:08<00:02,  9.62it/s]
 52%|█████▏    | 26/50 [00:08<00:02,  9.99it/s]
 56%|█████▌    | 28/50 [00:08<00:02, 10.27it/s]
 60%|██████    | 30/50 [00:08<00:01, 10.43it/s]
 64%|██████▍   | 32/50 [00:08<00:01, 10.57it/s]
 68%|██████▊   | 34/50 [00:08<00:01, 10.69it/s]
 72%|███████▏  | 36/50 [00:09<00:01, 10.77it/s]
 76%|███████▌  | 38/50 [00:09<00:01, 10.83it/s]
 80%|████████  | 40/50 [00:09<00:00, 10.89it/s]
 84%|████████▍ | 42/50 [00:09<00:00, 10.90it/s]
 88%|████████▊ | 44/50 [00:09<00:00, 10.94it/s]
 92%|█████████▏| 46/50 [00:10<00:00, 10.92it/s]
 96%|█████████▌| 48/50 [00:10<00:00, 10.94it/s]
100%|██████████| 50/50 [00:16<00:00,  1.02it/s]
100%|██████████| 50/50 [00:16<00:00,  3.06it/s]
[I 2023-12-11 23:50:00,492] Trial 458 finished with value: 0.33031611196212224 and parameters: {'EMBEDDING_DIM': 32, 'HIDDEN_DIM': 809, 'NUM_LAYERS': 1, 'DROPOUT': 0.3447024532780055, 'LR': 0.0070934173770725245, 'WEIGHT_0': 0.26354852901147374, 'WEIGHT_1': 0.27416122969793516, 'WEIGHT_2': 0.5341993076257068, 'WEIGHT_3': 0.3074777221363519, 'WEIGHT_4': 0.7914175240407918, 'WEIGHT_5': 0.4509855271143387, 'WEIGHT_6': 0.1428565504702479, 'WEIGHT_7': 0.6928497745517609, 'WEIGHT_8': 0.7511415746656501}. Best is trial 282 with value: 0.45463128081401455.
{'EMBEDDING_DIM': 32, 'HIDDEN_DIM': 809, 'NUM_LAYERS': 1, 'DROPOUT': 0.3447024532780055, 'LR': 0.0070934173770725245, 'WEIGHT_0': 0.26354852901147374, 'WEIGHT_1': 0.27416122969793516, 'WEIGHT_2': 0.5341993076257068, 'WEIGHT_3': 0.3074777221363519, 'WEIGHT_4': 0.7914175240407918, 'WEIGHT_5': 0.4509855271143387, 'WEIGHT_6': 0.1428565504702479, 'WEIGHT_7': 0.6928497745517609, 'WEIGHT_8': 0.7511415746656501}
0
              precision    recall  f1-score   support

         LOC       0.00      0.00      0.00      1837
        MISC       0.00      0.00      0.00       922
         ORG       0.00      0.00      0.00      1341
         PER       0.00      0.00      0.00      1842

   micro avg       0.00      0.00      0.00      5942
   macro avg       0.00      0.00      0.00      5942
weighted avg       0.00      0.00      0.00      5942

{'EMBEDDING_DIM': 32, 'HIDDEN_DIM': 809, 'NUM_LAYERS': 1, 'DROPOUT': 0.3447024532780055, 'LR': 0.0070934173770725245, 'WEIGHT_0': 0.26354852901147374, 'WEIGHT_1': 0.27416122969793516, 'WEIGHT_2': 0.5341993076257068, 'WEIGHT_3': 0.3074777221363519, 'WEIGHT_4': 0.7914175240407918, 'WEIGHT_5': 0.4509855271143387, 'WEIGHT_6': 0.1428565504702479, 'WEIGHT_7': 0.6928497745517609, 'WEIGHT_8': 0.7511415746656501}
49
              precision    recall  f1-score   support

         LOC       0.46      0.62      0.53      1837
        MISC       0.61      0.48      0.54       922
         ORG       0.33      0.22      0.27      1341
         PER       0.11      0.26      0.16      1842

   micro avg       0.28      0.40      0.33      5942
   macro avg       0.38      0.40      0.37      5942
weighted avg       0.35      0.40      0.36      5942

epoch 49
Transformer

  0%|          | 0/50 [00:00<?, ?it/s]
  2%|▏         | 1/50 [00:05<04:48,  5.89s/it]
  6%|▌         | 3/50 [00:06<01:15,  1.60s/it]
 10%|█         | 5/50 [00:06<00:37,  1.21it/s]
 14%|█▍        | 7/50 [00:06<00:22,  1.94it/s]
 18%|█▊        | 9/50 [00:06<00:14,  2.78it/s]
 20%|██        | 10/50 [00:06<00:12,  3.26it/s]
 22%|██▏       | 11/50 [00:06<00:10,  3.80it/s]
 24%|██▍       | 12/50 [00:07<00:08,  4.44it/s]
 28%|██▊       | 14/50 [00:07<00:06,  5.98it/s]
 32%|███▏      | 16/50 [00:07<00:04,  7.27it/s]
 36%|███▌      | 18/50 [00:07<00:03,  8.32it/s]
 40%|████      | 20/50 [00:07<00:03,  9.15it/s]
 44%|████▍     | 22/50 [00:07<00:02,  9.75it/s]
 48%|████▊     | 24/50 [00:08<00:02, 10.21it/s]
 52%|█████▏    | 26/50 [00:08<00:02, 10.55it/s]
 56%|█████▌    | 28/50 [00:08<00:02, 10.80it/s]
 60%|██████    | 30/50 [00:08<00:01, 10.97it/s]
 64%|██████▍   | 32/50 [00:08<00:01, 11.11it/s]
 68%|██████▊   | 34/50 [00:08<00:01, 11.19it/s]
 72%|███████▏  | 36/50 [00:09<00:01, 11.25it/s]
 76%|███████▌  | 38/50 [00:09<00:01, 11.30it/s]
 80%|████████  | 40/50 [00:09<00:00, 11.33it/s]
 84%|████████▍ | 42/50 [00:09<00:00, 11.35it/s]
 88%|████████▊ | 44/50 [00:09<00:00, 11.37it/s]
 92%|█████████▏| 46/50 [00:09<00:00, 11.37it/s]
 96%|█████████▌| 48/50 [00:10<00:00, 11.39it/s]
100%|██████████| 50/50 [00:16<00:00,  1.06it/s]
100%|██████████| 50/50 [00:16<00:00,  3.12it/s]
