[I 2023-12-11 20:49:54,445] Trial 109 finished with value: 0.3819989534275249 and parameters: {'EMBEDDING_DIM': 16, 'HIDDEN_DIM': 1408, 'NUM_LAYERS': 1, 'DROPOUT': 0.15031075184160292, 'LR': 0.009585559865059943, 'WEIGHT_0': 0.6240873208159843, 'WEIGHT_1': 0.10888985464332329, 'WEIGHT_2': 0.42630644139070956, 'WEIGHT_3': 0.03358118502278482, 'WEIGHT_4': 0.7731978835745084, 'WEIGHT_5': 0.31692966197713146, 'WEIGHT_6': 0.08817422398748243, 'WEIGHT_7': 0.8987991132658943, 'WEIGHT_8': 0.3904885515411166}. Best is trial 42 with value: 0.44962374581939796.
{'EMBEDDING_DIM': 16, 'HIDDEN_DIM': 1408, 'NUM_LAYERS': 1, 'DROPOUT': 0.15031075184160292, 'LR': 0.009585559865059943, 'WEIGHT_0': 0.6240873208159843, 'WEIGHT_1': 0.10888985464332329, 'WEIGHT_2': 0.42630644139070956, 'WEIGHT_3': 0.03358118502278482, 'WEIGHT_4': 0.7731978835745084, 'WEIGHT_5': 0.31692966197713146, 'WEIGHT_6': 0.08817422398748243, 'WEIGHT_7': 0.8987991132658943, 'WEIGHT_8': 0.3904885515411166}
0
              precision    recall  f1-score   support

         LOC       0.00      0.00      0.00      1837
        MISC       0.00      0.00      0.00       922
         ORG       0.00      0.00      0.00      1341
         PER       0.00      0.00      0.00      1842

   micro avg       0.00      0.00      0.00      5942
   macro avg       0.00      0.00      0.00      5942
weighted avg       0.00      0.00      0.00      5942

{'EMBEDDING_DIM': 16, 'HIDDEN_DIM': 1408, 'NUM_LAYERS': 1, 'DROPOUT': 0.15031075184160292, 'LR': 0.009585559865059943, 'WEIGHT_0': 0.6240873208159843, 'WEIGHT_1': 0.10888985464332329, 'WEIGHT_2': 0.42630644139070956, 'WEIGHT_3': 0.03358118502278482, 'WEIGHT_4': 0.7731978835745084, 'WEIGHT_5': 0.31692966197713146, 'WEIGHT_6': 0.08817422398748243, 'WEIGHT_7': 0.8987991132658943, 'WEIGHT_8': 0.3904885515411166}
49
              precision    recall  f1-score   support

         LOC       0.59      0.59      0.59      1837
        MISC       0.41      0.44      0.43       922
         ORG       0.45      0.16      0.24      1341
         PER       0.22      0.26      0.24      1842

   micro avg       0.40      0.37      0.38      5942
   macro avg       0.42      0.36      0.37      5942
weighted avg       0.41      0.37      0.37      5942

epoch 49
Transformer

  0%|          | 0/50 [00:00<?, ?it/s]
  2%|▏         | 1/50 [00:06<05:32,  6.78s/it]
  4%|▍         | 2/50 [00:07<02:27,  3.07s/it]
  6%|▌         | 3/50 [00:07<01:28,  1.89s/it]
  8%|▊         | 4/50 [00:08<01:01,  1.33s/it]
 10%|█         | 5/50 [00:08<00:46,  1.02s/it]
 12%|█▏        | 6/50 [00:09<00:36,  1.19it/s]
 14%|█▍        | 7/50 [00:09<00:30,  1.39it/s]
 16%|█▌        | 8/50 [00:10<00:26,  1.56it/s]
 18%|█▊        | 9/50 [00:10<00:24,  1.70it/s]
 20%|██        | 10/50 [00:11<00:22,  1.81it/s]
 22%|██▏       | 11/50 [00:11<00:20,  1.89it/s]
 24%|██▍       | 12/50 [00:12<00:19,  1.96it/s]
 26%|██▌       | 13/50 [00:12<00:18,  2.00it/s]
 28%|██▊       | 14/50 [00:12<00:17,  2.03it/s]
 30%|███       | 15/50 [00:13<00:17,  2.06it/s]
 32%|███▏      | 16/50 [00:13<00:16,  2.07it/s]
 34%|███▍      | 17/50 [00:14<00:15,  2.08it/s]
 36%|███▌      | 18/50 [00:14<00:15,  2.09it/s]
 38%|███▊      | 19/50 [00:15<00:14,  2.10it/s]
 40%|████      | 20/50 [00:15<00:14,  2.10it/s]
 42%|████▏     | 21/50 [00:16<00:13,  2.10it/s]
 44%|████▍     | 22/50 [00:16<00:13,  2.11it/s]
 46%|████▌     | 23/50 [00:17<00:12,  2.10it/s]
 48%|████▊     | 24/50 [00:17<00:12,  2.10it/s]
 50%|█████     | 25/50 [00:18<00:11,  2.11it/s]
 52%|█████▏    | 26/50 [00:18<00:11,  2.10it/s]
 54%|█████▍    | 27/50 [00:19<00:10,  2.10it/s]
 56%|█████▌    | 28/50 [00:19<00:10,  2.10it/s]
 58%|█████▊    | 29/50 [00:20<00:10,  2.10it/s]
 60%|██████    | 30/50 [00:20<00:09,  2.09it/s]
 62%|██████▏   | 31/50 [00:21<00:09,  2.10it/s]
 64%|██████▍   | 32/50 [00:21<00:08,  2.10it/s]
 66%|██████▌   | 33/50 [00:21<00:08,  2.10it/s]
 68%|██████▊   | 34/50 [00:22<00:07,  2.10it/s]
 70%|███████   | 35/50 [00:22<00:07,  2.10it/s]
 72%|███████▏  | 36/50 [00:23<00:06,  2.10it/s]
 74%|███████▍  | 37/50 [00:23<00:06,  2.10it/s]
 76%|███████▌  | 38/50 [00:24<00:05,  2.10it/s]
 78%|███████▊  | 39/50 [00:24<00:05,  2.10it/s]
 80%|████████  | 40/50 [00:25<00:04,  2.10it/s]
 82%|████████▏ | 41/50 [00:25<00:04,  2.10it/s]
 84%|████████▍ | 42/50 [00:26<00:03,  2.10it/s]
 86%|████████▌ | 43/50 [00:26<00:03,  2.10it/s]
 88%|████████▊ | 44/50 [00:27<00:02,  2.10it/s]
 90%|█████████ | 45/50 [00:27<00:02,  2.10it/s]
 92%|█████████▏| 46/50 [00:28<00:01,  2.09it/s]
 94%|█████████▍| 47/50 [00:28<00:01,  2.09it/s]
 96%|█████████▌| 48/50 [00:29<00:00,  2.09it/s]
 98%|█████████▊| 49/50 [00:29<00:00,  2.09it/s]
100%|██████████| 50/50 [00:36<00:00,  2.29s/it]
100%|██████████| 50/50 [00:36<00:00,  1.38it/s]
[I 2023-12-11 20:50:37,001] Trial 110 finished with value: 0.05813810867165461 and parameters: {'EMBEDDING_DIM': 512, 'HIDDEN_DIM': 1740, 'NUM_LAYERS': 1, 'DROPOUT': 0.04909727560037275, 'LR': 0.008056257637484162, 'WEIGHT_0': 0.5589605973333426, 'WEIGHT_1': 0.17500512651564884, 'WEIGHT_2': 0.28560292615470523, 'WEIGHT_3': 0.19329517895206783, 'WEIGHT_4': 0.752889393252998, 'WEIGHT_5': 0.2052238597529905, 'WEIGHT_6': 0.18215758375941263, 'WEIGHT_7': 0.9461951604802328, 'WEIGHT_8': 0.5166167125622206}. Best is trial 42 with value: 0.44962374581939796.
{'EMBEDDING_DIM': 512, 'HIDDEN_DIM': 1740, 'NUM_LAYERS': 1, 'DROPOUT': 0.04909727560037275, 'LR': 0.008056257637484162, 'WEIGHT_0': 0.5589605973333426, 'WEIGHT_1': 0.17500512651564884, 'WEIGHT_2': 0.28560292615470523, 'WEIGHT_3': 0.19329517895206783, 'WEIGHT_4': 0.752889393252998, 'WEIGHT_5': 0.2052238597529905, 'WEIGHT_6': 0.18215758375941263, 'WEIGHT_7': 0.9461951604802328, 'WEIGHT_8': 0.5166167125622206}
0
              precision    recall  f1-score   support

         LOC       0.00      0.00      0.00      1837
        MISC       0.00      0.00      0.00       922
         ORG       0.00      0.00      0.00      1341
         PER       0.00      0.00      0.00      1842

   micro avg       0.00      0.00      0.00      5942
   macro avg       0.00      0.00      0.00      5942
weighted avg       0.00      0.00      0.00      5942

{'EMBEDDING_DIM': 512, 'HIDDEN_DIM': 1740, 'NUM_LAYERS': 1, 'DROPOUT': 0.04909727560037275, 'LR': 0.008056257637484162, 'WEIGHT_0': 0.5589605973333426, 'WEIGHT_1': 0.17500512651564884, 'WEIGHT_2': 0.28560292615470523, 'WEIGHT_3': 0.19329517895206783, 'WEIGHT_4': 0.752889393252998, 'WEIGHT_5': 0.2052238597529905, 'WEIGHT_6': 0.18215758375941263, 'WEIGHT_7': 0.9461951604802328, 'WEIGHT_8': 0.5166167125622206}
49
              precision    recall  f1-score   support

         LOC       0.12      0.01      0.02      1837
        MISC       0.09      0.01      0.02       922
         ORG       0.00      0.00      0.00      1341
         PER       0.11      0.11      0.11      1842

   micro avg       0.11      0.04      0.06      5942
   macro avg       0.08      0.03      0.04      5942
weighted avg       0.09      0.04      0.04      5942

epoch 49
Transformer

  0%|          | 0/50 [00:00<?, ?it/s]
  2%|▏         | 1/50 [00:06<04:56,  6.04s/it]
  6%|▌         | 3/50 [00:06<01:16,  1.63s/it]
 10%|█         | 5/50 [00:06<00:37,  1.19it/s]
 14%|█▍        | 7/50 [00:06<00:22,  1.91it/s]
 18%|█▊        | 9/50 [00:06<00:14,  2.77it/s]
 22%|██▏       | 11/50 [00:06<00:10,  3.66it/s]
 24%|██▍       | 12/50 [00:07<00:09,  4.13it/s]
 26%|██▌       | 13/50 [00:07<00:08,  4.59it/s]
 30%|███       | 15/50 [00:07<00:05,  5.96it/s]
 34%|███▍      | 17/50 [00:07<00:04,  7.03it/s]
 38%|███▊      | 19/50 [00:07<00:03,  8.03it/s]
 42%|████▏     | 21/50 [00:07<00:03,  8.83it/s]
 46%|████▌     | 23/50 [00:08<00:02,  9.45it/s]
 50%|█████     | 25/50 [00:08<00:02,  9.89it/s]
 54%|█████▍    | 27/50 [00:08<00:02, 10.23it/s]
 58%|█████▊    | 29/50 [00:08<00:02, 10.49it/s]
 62%|██████▏   | 31/50 [00:08<00:01, 10.65it/s]
 66%|██████▌   | 33/50 [00:09<00:01, 10.78it/s]
 70%|███████   | 35/50 [00:09<00:01, 10.81it/s]
 74%|███████▍  | 37/50 [00:09<00:01, 10.75it/s]
 78%|███████▊  | 39/50 [00:09<00:01, 10.73it/s]
 82%|████████▏ | 41/50 [00:09<00:00, 10.70it/s]
 86%|████████▌ | 43/50 [00:09<00:00, 10.68it/s]
 90%|█████████ | 45/50 [00:10<00:00, 10.68it/s]
 94%|█████████▍| 47/50 [00:10<00:00, 10.65it/s]
 98%|█████████▊| 49/50 [00:10<00:00, 10.66it/s]
100%|██████████| 50/50 [00:16<00:00,  3.02it/s]
[I 2023-12-11 20:50:59,185] Trial 111 finished with value: 0.4327363598500625 and parameters: {'EMBEDDING_DIM': 32, 'HIDDEN_DIM': 468, 'NUM_LAYERS': 1, 'DROPOUT': 0.09097030331320152, 'LR': 0.009076030855596941, 'WEIGHT_0': 0.7550434904800594, 'WEIGHT_1': 0.26680006765476877, 'WEIGHT_2': 0.24838684282169798, 'WEIGHT_3': 0.07325149401264971, 'WEIGHT_4': 0.9002013353409939, 'WEIGHT_5': 0.23574309942741614, 'WEIGHT_6': 0.04393945684344151, 'WEIGHT_7': 0.9690664708962804, 'WEIGHT_8': 0.5162644289859883}. Best is trial 42 with value: 0.44962374581939796.
{'EMBEDDING_DIM': 32, 'HIDDEN_DIM': 468, 'NUM_LAYERS': 1, 'DROPOUT': 0.09097030331320152, 'LR': 0.009076030855596941, 'WEIGHT_0': 0.7550434904800594, 'WEIGHT_1': 0.26680006765476877, 'WEIGHT_2': 0.24838684282169798, 'WEIGHT_3': 0.07325149401264971, 'WEIGHT_4': 0.9002013353409939, 'WEIGHT_5': 0.23574309942741614, 'WEIGHT_6': 0.04393945684344151, 'WEIGHT_7': 0.9690664708962804, 'WEIGHT_8': 0.5162644289859883}
0
              precision    recall  f1-score   support

         LOC       0.00      0.00      0.00      1837
        MISC       0.00      0.00      0.00       922
         ORG       0.00      0.00      0.00      1341
         PER       0.00      0.00      0.00      1842

   micro avg       0.00      0.00      0.00      5942
   macro avg       0.00      0.00      0.00      5942
weighted avg       0.00      0.00      0.00      5942

{'EMBEDDING_DIM': 32, 'HIDDEN_DIM': 468, 'NUM_LAYERS': 1, 'DROPOUT': 0.09097030331320152, 'LR': 0.009076030855596941, 'WEIGHT_0': 0.7550434904800594, 'WEIGHT_1': 0.26680006765476877, 'WEIGHT_2': 0.24838684282169798, 'WEIGHT_3': 0.07325149401264971, 'WEIGHT_4': 0.9002013353409939, 'WEIGHT_5': 0.23574309942741614, 'WEIGHT_6': 0.04393945684344151, 'WEIGHT_7': 0.9690664708962804, 'WEIGHT_8': 0.5162644289859883}
49
              precision    recall  f1-score   support

         LOC       0.78      0.54      0.63      1837
        MISC       0.63      0.49      0.55       922
         ORG       0.39      0.23      0.29      1341
         PER       0.38      0.18      0.24      1842

   micro avg       0.57      0.35      0.43      5942
   macro avg       0.54      0.36      0.43      5942
weighted avg       0.54      0.35      0.42      5942

epoch 49
Transformer

  0%|          | 0/50 [00:00<?, ?it/s]
  2%|▏         | 1/50 [00:06<05:13,  6.40s/it]
  4%|▍         | 2/50 [00:06<02:09,  2.70s/it]
  6%|▌         | 3/50 [00:06<01:11,  1.52s/it]
  8%|▊         | 4/50 [00:06<00:44,  1.04it/s]
 10%|█         | 5/50 [00:06<00:29,  1.53it/s]
 12%|█▏        | 6/50 [00:06<00:20,  2.13it/s]
 14%|█▍        | 7/50 [00:07<00:15,  2.85it/s]
 16%|█▌        | 8/50 [00:07<00:11,  3.68it/s]
 18%|█▊        | 9/50 [00:07<00:08,  4.56it/s]
 20%|██        | 10/50 [00:07<00:07,  5.29it/s]
 22%|██▏       | 11/50 [00:07<00:06,  6.10it/s]
 24%|██▍       | 12/50 [00:07<00:05,  6.60it/s]
 26%|██▌       | 13/50 [00:07<00:05,  6.54it/s]
 30%|███       | 15/50 [00:07<00:04,  7.80it/s]
 34%|███▍      | 17/50 [00:08<00:03,  8.56it/s]
 38%|███▊      | 19/50 [00:08<00:03,  8.97it/s]
 42%|████▏     | 21/50 [00:08<00:03,  9.31it/s]
 46%|████▌     | 23/50 [00:08<00:02,  9.53it/s]
 50%|█████     | 25/50 [00:08<00:02,  9.68it/s]
 54%|█████▍    | 27/50 [00:09<00:02,  9.78it/s]
 58%|█████▊    | 29/50 [00:09<00:02,  9.86it/s]
 62%|██████▏   | 31/50 [00:09<00:01,  9.91it/s]
 66%|██████▌   | 33/50 [00:09<00:01,  9.93it/s]
 68%|██████▊   | 34/50 [00:09<00:01,  9.94it/s]
 70%|███████   | 35/50 [00:09<00:01,  9.93it/s]
 72%|███████▏  | 36/50 [00:10<00:01,  9.93it/s]
 74%|███████▍  | 37/50 [00:10<00:01,  9.91it/s]
 76%|███████▌  | 38/50 [00:10<00:01,  9.90it/s]
 78%|███████▊  | 39/50 [00:10<00:01,  9.90it/s]
 80%|████████  | 40/50 [00:10<00:01,  9.87it/s]
 82%|████████▏ | 41/50 [00:10<00:00,  9.89it/s]
 84%|████████▍ | 42/50 [00:10<00:00,  9.87it/s]
 86%|████████▌ | 43/50 [00:10<00:00,  9.87it/s]
 88%|████████▊ | 44/50 [00:10<00:00,  9.88it/s]
 90%|█████████ | 45/50 [00:10<00:00,  9.88it/s]
 92%|█████████▏| 46/50 [00:11<00:00,  9.88it/s]
 94%|█████████▍| 47/50 [00:11<00:00,  9.91it/s]
 96%|█████████▌| 48/50 [00:11<00:00,  9.92it/s]
 98%|█████████▊| 49/50 [00:11<00:00,  9.93it/s]
100%|██████████| 50/50 [00:17<00:00,  1.86s/it]
100%|██████████| 50/50 [00:17<00:00,  2.88it/s]
[I 2023-12-11 20:51:22,591] Trial 112 finished with value: 0.42081313680878424 and parameters: {'EMBEDDING_DIM': 32, 'HIDDEN_DIM': 1545, 'NUM_LAYERS': 1, 'DROPOUT': 0.12642886993969182, 'LR': 0.007827027541115457, 'WEIGHT_0': 0.7257922564701175, 'WEIGHT_1': 0.2911043908170252, 'WEIGHT_2': 0.3178542219008714, 'WEIGHT_3': 0.085499038644996, 'WEIGHT_4': 0.8186526407111748, 'WEIGHT_5': 0.25816428007486253, 'WEIGHT_6': 0.023461134638509407, 'WEIGHT_7': 0.9814983467832803, 'WEIGHT_8': 0.41973583268640446}. Best is trial 42 with value: 0.44962374581939796.
{'EMBEDDING_DIM': 32, 'HIDDEN_DIM': 1545, 'NUM_LAYERS': 1, 'DROPOUT': 0.12642886993969182, 'LR': 0.007827027541115457, 'WEIGHT_0': 0.7257922564701175, 'WEIGHT_1': 0.2911043908170252, 'WEIGHT_2': 0.3178542219008714, 'WEIGHT_3': 0.085499038644996, 'WEIGHT_4': 0.8186526407111748, 'WEIGHT_5': 0.25816428007486253, 'WEIGHT_6': 0.023461134638509407, 'WEIGHT_7': 0.9814983467832803, 'WEIGHT_8': 0.41973583268640446}
0
              precision    recall  f1-score   support

         LOC       0.00      0.00      0.00      1837
        MISC       0.00      0.00      0.00       922
         ORG       0.00      0.00      0.00      1341
         PER       0.00      0.00      0.00      1842

   micro avg       0.00      0.00      0.00      5942
   macro avg       0.00      0.00      0.00      5942
weighted avg       0.00      0.00      0.00      5942

{'EMBEDDING_DIM': 32, 'HIDDEN_DIM': 1545, 'NUM_LAYERS': 1, 'DROPOUT': 0.12642886993969182, 'LR': 0.007827027541115457, 'WEIGHT_0': 0.7257922564701175, 'WEIGHT_1': 0.2911043908170252, 'WEIGHT_2': 0.3178542219008714, 'WEIGHT_3': 0.085499038644996, 'WEIGHT_4': 0.8186526407111748, 'WEIGHT_5': 0.25816428007486253, 'WEIGHT_6': 0.023461134638509407, 'WEIGHT_7': 0.9814983467832803, 'WEIGHT_8': 0.41973583268640446}
49
              precision    recall  f1-score   support

         LOC       0.72      0.58      0.64      1837
        MISC       0.55      0.46      0.50       922
         ORG       0.44      0.20      0.27      1341
         PER       0.28      0.20      0.23      1842

   micro avg       0.51      0.36      0.42      5942
   macro avg       0.50      0.36      0.41      5942
weighted avg       0.49      0.36      0.41      5942

epoch 49
Transformer

  0%|          | 0/50 [00:00<?, ?it/s]
  2%|▏         | 1/50 [00:06<04:58,  6.10s/it]
  4%|▍         | 2/50 [00:06<02:03,  2.57s/it]
  6%|▌         | 3/50 [00:06<01:07,  1.45s/it]
  8%|▊         | 4/50 [00:06<00:42,  1.09it/s]
 10%|█         | 5/50 [00:06<00:28,  1.61it/s]
 12%|█▏        | 6/50 [00:06<00:19,  2.22it/s]
 14%|█▍        | 7/50 [00:06<00:14,  2.97it/s]
 16%|█▌        | 8/50 [00:06<00:11,  3.81it/s]
 18%|█▊        | 9/50 [00:06<00:08,  4.68it/s]
 20%|██        | 10/50 [00:07<00:07,  5.55it/s]
 22%|██▏       | 11/50 [00:07<00:06,  6.38it/s]
 24%|██▍       | 12/50 [00:07<00:05,  7.13it/s]
 26%|██▌       | 13/50 [00:07<00:04,  7.76it/s]
 28%|██▊       | 14/50 [00:07<00:04,  8.27it/s]
 30%|███       | 15/50 [00:07<00:04,  8.68it/s]
 32%|███▏      | 16/50 [00:07<00:03,  8.96it/s]
 34%|███▍      | 17/50 [00:07<00:03,  9.19it/s]
 36%|███▌      | 18/50 [00:07<00:03,  9.37it/s]
 38%|███▊      | 19/50 [00:07<00:03,  9.49it/s]
 40%|████      | 20/50 [00:08<00:03,  9.57it/s]
 42%|████▏     | 21/50 [00:08<00:03,  9.62it/s]
 44%|████▍     | 22/50 [00:08<00:02,  9.67it/s]
 46%|████▌     | 23/50 [00:08<00:02,  9.70it/s]
 48%|████▊     | 24/50 [00:08<00:02,  9.73it/s]
 50%|█████     | 25/50 [00:08<00:02,  9.70it/s]
 52%|█████▏    | 26/50 [00:08<00:02,  9.69it/s]
 54%|█████▍    | 27/50 [00:08<00:02,  9.28it/s]
 56%|█████▌    | 28/50 [00:08<00:02,  8.77it/s]
 60%|██████    | 30/50 [00:09<00:02,  9.60it/s]
 64%|██████▍   | 32/50 [00:09<00:01, 10.02it/s]
 68%|██████▊   | 34/50 [00:09<00:01, 10.25it/s]
 72%|███████▏  | 36/50 [00:09<00:01, 10.39it/s]
 76%|███████▌  | 38/50 [00:09<00:01, 10.47it/s]
 80%|████████  | 40/50 [00:10<00:00, 10.54it/s]
 84%|████████▍ | 42/50 [00:10<00:00, 10.59it/s]
 88%|████████▊ | 44/50 [00:10<00:00, 10.60it/s]
 92%|█████████▏| 46/50 [00:10<00:00, 10.67it/s]
 96%|█████████▌| 48/50 [00:10<00:00, 10.68it/s]
100%|██████████| 50/50 [00:16<00:00,  1.01it/s]
100%|██████████| 50/50 [00:16<00:00,  2.96it/s]
[I 2023-12-11 20:51:45,211] Trial 113 finished with value: 0.42401721103070605 and parameters: {'EMBEDDING_DIM': 32, 'HIDDEN_DIM': 1038, 'NUM_LAYERS': 1, 'DROPOUT': 0.08054178923259485, 'LR': 0.008564475245550074, 'WEIGHT_0': 0.6973434489643195, 'WEIGHT_1': 0.22803641876364705, 'WEIGHT_2': 0.27417560937847324, 'WEIGHT_3': 0.044903600529204335, 'WEIGHT_4': 0.8718466817538765, 'WEIGHT_5': 0.2856060269753699, 'WEIGHT_6': 0.0671530213130796, 'WEIGHT_7': 0.9308514922485762, 'WEIGHT_8': 0.5640141033293562}. Best is trial 42 with value: 0.44962374581939796.
{'EMBEDDING_DIM': 32, 'HIDDEN_DIM': 1038, 'NUM_LAYERS': 1, 'DROPOUT': 0.08054178923259485, 'LR': 0.008564475245550074, 'WEIGHT_0': 0.6973434489643195, 'WEIGHT_1': 0.22803641876364705, 'WEIGHT_2': 0.27417560937847324, 'WEIGHT_3': 0.044903600529204335, 'WEIGHT_4': 0.8718466817538765, 'WEIGHT_5': 0.2856060269753699, 'WEIGHT_6': 0.0671530213130796, 'WEIGHT_7': 0.9308514922485762, 'WEIGHT_8': 0.5640141033293562}
0
              precision    recall  f1-score   support

         LOC       0.00      0.00      0.00      1837
        MISC       0.00      0.00      0.00       922
         ORG       0.00      0.00      0.00      1341
         PER       0.00      0.00      0.00      1842

   micro avg       0.00      0.00      0.00      5942
   macro avg       0.00      0.00      0.00      5942
weighted avg       0.00      0.00      0.00      5942

{'EMBEDDING_DIM': 32, 'HIDDEN_DIM': 1038, 'NUM_LAYERS': 1, 'DROPOUT': 0.08054178923259485, 'LR': 0.008564475245550074, 'WEIGHT_0': 0.6973434489643195, 'WEIGHT_1': 0.22803641876364705, 'WEIGHT_2': 0.27417560937847324, 'WEIGHT_3': 0.044903600529204335, 'WEIGHT_4': 0.8718466817538765, 'WEIGHT_5': 0.2856060269753699, 'WEIGHT_6': 0.0671530213130796, 'WEIGHT_7': 0.9308514922485762, 'WEIGHT_8': 0.5640141033293562}
49
              precision    recall  f1-score   support

         LOC       0.63      0.59      0.61      1837
        MISC       0.54      0.47      0.50       922
         ORG       0.42      0.21      0.28      1341
         PER       0.33      0.20      0.25      1842

   micro avg       0.51      0.36      0.42      5942
   macro avg       0.48      0.37      0.41      5942
weighted avg       0.48      0.36      0.41      5942

epoch 49
Transformer

  0%|          | 0/50 [00:00<?, ?it/s]
  2%|▏         | 1/50 [00:06<04:54,  6.00s/it]
  4%|▍         | 2/50 [00:06<02:01,  2.53s/it]
  6%|▌         | 3/50 [00:06<01:06,  1.42s/it]
  8%|▊         | 4/50 [00:06<00:41,  1.11it/s]
 12%|█▏        | 6/50 [00:06<00:20,  2.11it/s]
 16%|█▌        | 8/50 [00:06<00:12,  3.25it/s]
 20%|██        | 10/50 [00:06<00:09,  4.41it/s]
 24%|██▍       | 12/50 [00:07<00:06,  5.61it/s]
 28%|██▊       | 14/50 [00:07<00:05,  6.62it/s]
 32%|███▏      | 16/50 [00:07<00:04,  7.07it/s]
 34%|███▍      | 17/50 [00:07<00:04,  7.41it/s]
 36%|███▌      | 18/50 [00:07<00:04,  7.76it/s]
 38%|███▊      | 19/50 [00:07<00:03,  8.08it/s]
 40%|████      | 20/50 [00:07<00:03,  8.37it/s]
 42%|████▏     | 21/50 [00:08<00:03,  8.43it/s]
 44%|████▍     | 22/50 [00:08<00:03,  8.32it/s]
 46%|████▌     | 23/50 [00:08<00:03,  8.39it/s]
 48%|████▊     | 24/50 [00:08<00:03,  8.57it/s]
 50%|█████     | 25/50 [00:08<00:02,  8.70it/s]
 52%|█████▏    | 26/50 [00:08<00:02,  8.82it/s]
 54%|█████▍    | 27/50 [00:08<00:02,  8.92it/s]
 56%|█████▌    | 28/50 [00:08<00:02,  8.98it/s]
 58%|█████▊    | 29/50 [00:08<00:02,  9.01it/s]
 62%|██████▏   | 31/50 [00:09<00:01,  9.77it/s]
 66%|██████▌   | 33/50 [00:09<00:01, 10.13it/s]
 70%|███████   | 35/50 [00:09<00:01, 10.35it/s]
 74%|███████▍  | 37/50 [00:09<00:01, 10.47it/s]
 78%|███████▊  | 39/50 [00:09<00:01, 10.60it/s]
 82%|████████▏ | 41/50 [00:10<00:00, 10.64it/s]
 86%|████████▌ | 43/50 [00:10<00:00, 10.56it/s]
 90%|█████████ | 45/50 [00:10<00:00, 10.71it/s]
 94%|█████████▍| 47/50 [00:10<00:00, 10.82it/s]
 98%|█████████▊| 49/50 [00:10<00:00, 10.92it/s]
100%|██████████| 50/50 [00:16<00:00,  2.98it/s]
