[I 2023-12-11 23:36:04,039] Trial 430 finished with value: 0.427231467473525 and parameters: {'EMBEDDING_DIM': 32, 'HIDDEN_DIM': 746, 'NUM_LAYERS': 1, 'DROPOUT': 0.22111989123447512, 'LR': 0.00663808212495859, 'WEIGHT_0': 0.6815115209418613, 'WEIGHT_1': 0.3262630602289429, 'WEIGHT_2': 0.18961971949964476, 'WEIGHT_3': 0.09145466789615969, 'WEIGHT_4': 0.6347306028917039, 'WEIGHT_5': 0.38660167251577665, 'WEIGHT_6': 0.4988225147519695, 'WEIGHT_7': 0.569645574800785, 'WEIGHT_8': 0.5237807902787841}. Best is trial 282 with value: 0.45463128081401455.
{'EMBEDDING_DIM': 32, 'HIDDEN_DIM': 746, 'NUM_LAYERS': 1, 'DROPOUT': 0.22111989123447512, 'LR': 0.00663808212495859, 'WEIGHT_0': 0.6815115209418613, 'WEIGHT_1': 0.3262630602289429, 'WEIGHT_2': 0.18961971949964476, 'WEIGHT_3': 0.09145466789615969, 'WEIGHT_4': 0.6347306028917039, 'WEIGHT_5': 0.38660167251577665, 'WEIGHT_6': 0.4988225147519695, 'WEIGHT_7': 0.569645574800785, 'WEIGHT_8': 0.5237807902787841}
0
              precision    recall  f1-score   support

         LOC       0.00      0.00      0.00      1837
        MISC       0.00      0.00      0.00       922
         ORG       0.00      0.00      0.00      1341
         PER       0.00      0.00      0.00      1842

   micro avg       0.00      0.00      0.00      5942
   macro avg       0.00      0.00      0.00      5942
weighted avg       0.00      0.00      0.00      5942

{'EMBEDDING_DIM': 32, 'HIDDEN_DIM': 746, 'NUM_LAYERS': 1, 'DROPOUT': 0.22111989123447512, 'LR': 0.00663808212495859, 'WEIGHT_0': 0.6815115209418613, 'WEIGHT_1': 0.3262630602289429, 'WEIGHT_2': 0.18961971949964476, 'WEIGHT_3': 0.09145466789615969, 'WEIGHT_4': 0.6347306028917039, 'WEIGHT_5': 0.38660167251577665, 'WEIGHT_6': 0.4988225147519695, 'WEIGHT_7': 0.569645574800785, 'WEIGHT_8': 0.5237807902787841}
49
              precision    recall  f1-score   support

         LOC       0.72      0.56      0.63      1837
        MISC       0.59      0.45      0.51       922
         ORG       0.36      0.24      0.29      1341
         PER       0.37      0.19      0.25      1842

   micro avg       0.53      0.36      0.43      5942
   macro avg       0.51      0.36      0.42      5942
weighted avg       0.51      0.36      0.42      5942

epoch 49
Transformer

  0%|          | 0/50 [00:00<?, ?it/s]
  2%|▏         | 1/50 [00:07<05:59,  7.33s/it]
  4%|▍         | 2/50 [00:07<02:28,  3.09s/it]
  6%|▌         | 3/50 [00:07<01:21,  1.73s/it]
  8%|▊         | 4/50 [00:07<00:50,  1.09s/it]
 10%|█         | 5/50 [00:07<00:33,  1.35it/s]
 12%|█▏        | 6/50 [00:07<00:23,  1.90it/s]
 14%|█▍        | 7/50 [00:08<00:16,  2.55it/s]
 16%|█▌        | 8/50 [00:08<00:12,  3.26it/s]
 18%|█▊        | 9/50 [00:08<00:10,  4.06it/s]
 20%|██        | 10/50 [00:08<00:08,  4.88it/s]
 22%|██▏       | 11/50 [00:08<00:06,  5.64it/s]
 24%|██▍       | 12/50 [00:08<00:06,  6.31it/s]
 26%|██▌       | 13/50 [00:08<00:05,  6.86it/s]
 28%|██▊       | 14/50 [00:08<00:04,  7.40it/s]
 30%|███       | 15/50 [00:08<00:04,  7.60it/s]
 32%|███▏      | 16/50 [00:09<00:04,  7.99it/s]
 34%|███▍      | 17/50 [00:09<00:03,  8.31it/s]
 36%|███▌      | 18/50 [00:09<00:03,  8.51it/s]
 38%|███▊      | 19/50 [00:09<00:03,  8.69it/s]
 40%|████      | 20/50 [00:09<00:03,  8.83it/s]
 42%|████▏     | 21/50 [00:09<00:03,  8.92it/s]
 44%|████▍     | 22/50 [00:09<00:03,  8.98it/s]
 46%|████▌     | 23/50 [00:09<00:03,  9.00it/s]
 48%|████▊     | 24/50 [00:09<00:02,  9.04it/s]
 50%|█████     | 25/50 [00:10<00:02,  9.07it/s]
 52%|█████▏    | 26/50 [00:10<00:02,  9.09it/s]
 54%|█████▍    | 27/50 [00:10<00:02,  9.10it/s]
 56%|█████▌    | 28/50 [00:10<00:02,  9.08it/s]
 58%|█████▊    | 29/50 [00:10<00:02,  9.10it/s]
 60%|██████    | 30/50 [00:10<00:02,  9.11it/s]
 62%|██████▏   | 31/50 [00:10<00:02,  9.10it/s]
 64%|██████▍   | 32/50 [00:10<00:01,  9.06it/s]
 66%|██████▌   | 33/50 [00:10<00:01,  9.06it/s]
 68%|██████▊   | 34/50 [00:11<00:01,  9.08it/s]
 70%|███████   | 35/50 [00:11<00:01,  9.07it/s]
 72%|███████▏  | 36/50 [00:11<00:01,  9.09it/s]
 74%|███████▍  | 37/50 [00:11<00:01,  8.98it/s]
 76%|███████▌  | 38/50 [00:11<00:01,  8.89it/s]
 78%|███████▊  | 39/50 [00:11<00:01,  8.75it/s]
 80%|████████  | 40/50 [00:11<00:01,  8.92it/s]
 82%|████████▏ | 41/50 [00:11<00:00,  9.03it/s]
 84%|████████▍ | 42/50 [00:11<00:00,  9.08it/s]
 86%|████████▌ | 43/50 [00:12<00:00,  8.98it/s]
 88%|████████▊ | 44/50 [00:12<00:00,  9.00it/s]
 90%|█████████ | 45/50 [00:12<00:00,  8.87it/s]
 94%|█████████▍| 47/50 [00:12<00:00,  9.73it/s]
 98%|█████████▊| 49/50 [00:12<00:00, 10.28it/s]
100%|██████████| 50/50 [00:18<00:00,  2.69it/s]
[I 2023-12-11 23:36:28,235] Trial 431 finished with value: 0.44528065224208213 and parameters: {'EMBEDDING_DIM': 32, 'HIDDEN_DIM': 671, 'NUM_LAYERS': 1, 'DROPOUT': 0.20317980040043934, 'LR': 0.007009127116872453, 'WEIGHT_0': 0.908457605137128, 'WEIGHT_1': 0.27040339784194767, 'WEIGHT_2': 0.14917970146682316, 'WEIGHT_3': 0.05346163144558901, 'WEIGHT_4': 0.6191580168741557, 'WEIGHT_5': 0.36058002105730314, 'WEIGHT_6': 0.016573880830454205, 'WEIGHT_7': 0.6049276209288618, 'WEIGHT_8': 0.5786944034155423}. Best is trial 282 with value: 0.45463128081401455.
{'EMBEDDING_DIM': 32, 'HIDDEN_DIM': 671, 'NUM_LAYERS': 1, 'DROPOUT': 0.20317980040043934, 'LR': 0.007009127116872453, 'WEIGHT_0': 0.908457605137128, 'WEIGHT_1': 0.27040339784194767, 'WEIGHT_2': 0.14917970146682316, 'WEIGHT_3': 0.05346163144558901, 'WEIGHT_4': 0.6191580168741557, 'WEIGHT_5': 0.36058002105730314, 'WEIGHT_6': 0.016573880830454205, 'WEIGHT_7': 0.6049276209288618, 'WEIGHT_8': 0.5786944034155423}
0
              precision    recall  f1-score   support

         LOC       0.00      0.00      0.00      1837
        MISC       0.00      0.00      0.00       922
         ORG       0.00      0.00      0.00      1341
         PER       0.00      0.00      0.00      1842

   micro avg       0.00      0.00      0.00      5942
   macro avg       0.00      0.00      0.00      5942
weighted avg       0.00      0.00      0.00      5942

{'EMBEDDING_DIM': 32, 'HIDDEN_DIM': 671, 'NUM_LAYERS': 1, 'DROPOUT': 0.20317980040043934, 'LR': 0.007009127116872453, 'WEIGHT_0': 0.908457605137128, 'WEIGHT_1': 0.27040339784194767, 'WEIGHT_2': 0.14917970146682316, 'WEIGHT_3': 0.05346163144558901, 'WEIGHT_4': 0.6191580168741557, 'WEIGHT_5': 0.36058002105730314, 'WEIGHT_6': 0.016573880830454205, 'WEIGHT_7': 0.6049276209288618, 'WEIGHT_8': 0.5786944034155423}
49
              precision    recall  f1-score   support

         LOC       0.75      0.59      0.66      1837
        MISC       0.59      0.48      0.53       922
         ORG       0.51      0.19      0.27      1341
         PER       0.37      0.18      0.25      1842

   micro avg       0.59      0.36      0.45      5942
   macro avg       0.55      0.36      0.43      5942
weighted avg       0.55      0.36      0.43      5942

epoch 49
Transformer

  0%|          | 0/50 [00:00<?, ?it/s]
  2%|▏         | 1/50 [00:05<04:50,  5.94s/it]
  6%|▌         | 3/50 [00:06<01:15,  1.61s/it]
 10%|█         | 5/50 [00:06<00:37,  1.21it/s]
 12%|█▏        | 6/50 [00:06<00:27,  1.58it/s]
 16%|█▌        | 8/50 [00:06<00:16,  2.51it/s]
 20%|██        | 10/50 [00:06<00:11,  3.57it/s]
 24%|██▍       | 12/50 [00:06<00:08,  4.69it/s]
 28%|██▊       | 14/50 [00:07<00:06,  5.82it/s]
 32%|███▏      | 16/50 [00:07<00:04,  6.90it/s]
 36%|███▌      | 18/50 [00:07<00:04,  7.84it/s]
 40%|████      | 20/50 [00:07<00:03,  8.66it/s]
 44%|████▍     | 22/50 [00:07<00:03,  9.31it/s]
 48%|████▊     | 24/50 [00:08<00:02,  9.79it/s]
 52%|█████▏    | 26/50 [00:08<00:02, 10.17it/s]
 56%|█████▌    | 28/50 [00:08<00:02, 10.47it/s]
 60%|██████    | 30/50 [00:08<00:01, 10.68it/s]
 64%|██████▍   | 32/50 [00:08<00:01, 10.85it/s]
 68%|██████▊   | 34/50 [00:08<00:01, 10.94it/s]
 72%|███████▏  | 36/50 [00:09<00:01, 11.04it/s]
 76%|███████▌  | 38/50 [00:09<00:01, 11.09it/s]
 80%|████████  | 40/50 [00:09<00:00, 11.12it/s]
 84%|████████▍ | 42/50 [00:09<00:00, 11.15it/s]
 88%|████████▊ | 44/50 [00:09<00:00, 11.19it/s]
 92%|█████████▏| 46/50 [00:09<00:00, 11.18it/s]
 96%|█████████▌| 48/50 [00:10<00:00, 11.19it/s]
100%|██████████| 50/50 [00:16<00:00,  1.04it/s]
100%|██████████| 50/50 [00:16<00:00,  3.09it/s]
[I 2023-12-11 23:36:50,055] Trial 432 finished with value: 0.41646937725167266 and parameters: {'EMBEDDING_DIM': 32, 'HIDDEN_DIM': 743, 'NUM_LAYERS': 1, 'DROPOUT': 0.256472130635351, 'LR': 0.007238123550740751, 'WEIGHT_0': 0.8550341155617918, 'WEIGHT_1': 0.5396087461790342, 'WEIGHT_2': 0.710357249007973, 'WEIGHT_3': 0.026934844648072324, 'WEIGHT_4': 0.5828134285573939, 'WEIGHT_5': 0.3185420634376537, 'WEIGHT_6': 0.4746893619360807, 'WEIGHT_7': 0.5373075917931305, 'WEIGHT_8': 0.8243619151245488}. Best is trial 282 with value: 0.45463128081401455.
{'EMBEDDING_DIM': 32, 'HIDDEN_DIM': 743, 'NUM_LAYERS': 1, 'DROPOUT': 0.256472130635351, 'LR': 0.007238123550740751, 'WEIGHT_0': 0.8550341155617918, 'WEIGHT_1': 0.5396087461790342, 'WEIGHT_2': 0.710357249007973, 'WEIGHT_3': 0.026934844648072324, 'WEIGHT_4': 0.5828134285573939, 'WEIGHT_5': 0.3185420634376537, 'WEIGHT_6': 0.4746893619360807, 'WEIGHT_7': 0.5373075917931305, 'WEIGHT_8': 0.8243619151245488}
0
              precision    recall  f1-score   support

         LOC       0.00      0.00      0.00      1837
        MISC       0.00      0.00      0.00       922
         ORG       0.00      0.00      0.00      1341
         PER       0.00      0.00      0.00      1842

   micro avg       0.00      0.00      0.00      5942
   macro avg       0.00      0.00      0.00      5942
weighted avg       0.00      0.00      0.00      5942

{'EMBEDDING_DIM': 32, 'HIDDEN_DIM': 743, 'NUM_LAYERS': 1, 'DROPOUT': 0.256472130635351, 'LR': 0.007238123550740751, 'WEIGHT_0': 0.8550341155617918, 'WEIGHT_1': 0.5396087461790342, 'WEIGHT_2': 0.710357249007973, 'WEIGHT_3': 0.026934844648072324, 'WEIGHT_4': 0.5828134285573939, 'WEIGHT_5': 0.3185420634376537, 'WEIGHT_6': 0.4746893619360807, 'WEIGHT_7': 0.5373075917931305, 'WEIGHT_8': 0.8243619151245488}
49
              precision    recall  f1-score   support

         LOC       0.79      0.50      0.61      1837
        MISC       0.50      0.48      0.49       922
         ORG       0.36      0.24      0.29      1341
         PER       0.41      0.18      0.25      1842

   micro avg       0.54      0.34      0.42      5942
   macro avg       0.51      0.35      0.41      5942
weighted avg       0.53      0.34      0.41      5942

epoch 49
Transformer

  0%|          | 0/50 [00:00<?, ?it/s]
  2%|▏         | 1/50 [00:06<05:37,  6.89s/it]
  4%|▍         | 2/50 [00:07<02:40,  3.35s/it]
  6%|▌         | 3/50 [00:08<01:44,  2.22s/it]
  8%|▊         | 4/50 [00:09<01:17,  1.69s/it]
 10%|█         | 5/50 [00:10<01:02,  1.40s/it]
 12%|█▏        | 6/50 [00:11<00:53,  1.22s/it]
 14%|█▍        | 7/50 [00:12<00:47,  1.11s/it]
 16%|█▌        | 8/50 [00:13<00:43,  1.04s/it]
 18%|█▊        | 9/50 [00:13<00:40,  1.01it/s]
 20%|██        | 10/50 [00:14<00:38,  1.04it/s]
 22%|██▏       | 11/50 [00:15<00:36,  1.07it/s]
 24%|██▍       | 12/50 [00:16<00:34,  1.09it/s]
 26%|██▌       | 13/50 [00:17<00:33,  1.10it/s]
 28%|██▊       | 14/50 [00:18<00:32,  1.11it/s]
 30%|███       | 15/50 [00:19<00:31,  1.11it/s]
 32%|███▏      | 16/50 [00:20<00:30,  1.12it/s]
 34%|███▍      | 17/50 [00:21<00:29,  1.12it/s]
 36%|███▌      | 18/50 [00:21<00:28,  1.12it/s]
 38%|███▊      | 19/50 [00:22<00:27,  1.12it/s]
 40%|████      | 20/50 [00:23<00:26,  1.12it/s]
 42%|████▏     | 21/50 [00:24<00:25,  1.12it/s]
 44%|████▍     | 22/50 [00:25<00:24,  1.12it/s]
 46%|████▌     | 23/50 [00:26<00:24,  1.12it/s]
 48%|████▊     | 24/50 [00:27<00:23,  1.12it/s]
 50%|█████     | 25/50 [00:28<00:22,  1.12it/s]
 52%|█████▏    | 26/50 [00:29<00:21,  1.12it/s]
 54%|█████▍    | 27/50 [00:29<00:20,  1.12it/s]
 56%|█████▌    | 28/50 [00:30<00:19,  1.12it/s]
 58%|█████▊    | 29/50 [00:31<00:18,  1.12it/s]
 60%|██████    | 30/50 [00:32<00:17,  1.12it/s]
 62%|██████▏   | 31/50 [00:33<00:16,  1.12it/s]
 64%|██████▍   | 32/50 [00:34<00:16,  1.12it/s]
 66%|██████▌   | 33/50 [00:35<00:15,  1.12it/s]
 68%|██████▊   | 34/50 [00:36<00:14,  1.12it/s]
 70%|███████   | 35/50 [00:37<00:13,  1.12it/s]
 72%|███████▏  | 36/50 [00:37<00:12,  1.12it/s]
 74%|███████▍  | 37/50 [00:38<00:11,  1.12it/s]
 76%|███████▌  | 38/50 [00:39<00:10,  1.12it/s]
 78%|███████▊  | 39/50 [00:40<00:09,  1.12it/s]
 80%|████████  | 40/50 [00:41<00:08,  1.12it/s]
 82%|████████▏ | 41/50 [00:42<00:08,  1.11it/s]
 84%|████████▍ | 42/50 [00:43<00:07,  1.11it/s]
 86%|████████▌ | 43/50 [00:44<00:06,  1.11it/s]
 88%|████████▊ | 44/50 [00:45<00:05,  1.11it/s]
 90%|█████████ | 45/50 [00:46<00:04,  1.11it/s]
 92%|█████████▏| 46/50 [00:46<00:03,  1.11it/s]
 94%|█████████▍| 47/50 [00:47<00:02,  1.11it/s]
 96%|█████████▌| 48/50 [00:48<00:01,  1.11it/s]
 98%|█████████▊| 49/50 [00:49<00:00,  1.11it/s]
100%|██████████| 50/50 [00:57<00:00,  3.11s/it]
100%|██████████| 50/50 [00:57<00:00,  1.16s/it]
[I 2023-12-11 23:37:55,789] Trial 433 finished with value: 0.30420458111076254 and parameters: {'EMBEDDING_DIM': 1024, 'HIDDEN_DIM': 882, 'NUM_LAYERS': 1, 'DROPOUT': 0.07906618255593456, 'LR': 0.001688850908321033, 'WEIGHT_0': 0.8545750716119225, 'WEIGHT_1': 0.615727276684163, 'WEIGHT_2': 0.33221481114640256, 'WEIGHT_3': 0.3601875715376803, 'WEIGHT_4': 0.8863250876844354, 'WEIGHT_5': 0.5194107428474308, 'WEIGHT_6': 0.2724693054797541, 'WEIGHT_7': 0.5864045531922393, 'WEIGHT_8': 0.7886952742432259}. Best is trial 282 with value: 0.45463128081401455.
{'EMBEDDING_DIM': 1024, 'HIDDEN_DIM': 882, 'NUM_LAYERS': 1, 'DROPOUT': 0.07906618255593456, 'LR': 0.001688850908321033, 'WEIGHT_0': 0.8545750716119225, 'WEIGHT_1': 0.615727276684163, 'WEIGHT_2': 0.33221481114640256, 'WEIGHT_3': 0.3601875715376803, 'WEIGHT_4': 0.8863250876844354, 'WEIGHT_5': 0.5194107428474308, 'WEIGHT_6': 0.2724693054797541, 'WEIGHT_7': 0.5864045531922393, 'WEIGHT_8': 0.7886952742432259}
0
              precision    recall  f1-score   support

         LOC       0.00      0.00      0.00      1837
        MISC       0.00      0.00      0.00       922
         ORG       0.00      0.00      0.00      1341
         PER       0.00      0.00      0.00      1842

   micro avg       0.00      0.00      0.00      5942
   macro avg       0.00      0.00      0.00      5942
weighted avg       0.00      0.00      0.00      5942

{'EMBEDDING_DIM': 1024, 'HIDDEN_DIM': 882, 'NUM_LAYERS': 1, 'DROPOUT': 0.07906618255593456, 'LR': 0.001688850908321033, 'WEIGHT_0': 0.8545750716119225, 'WEIGHT_1': 0.615727276684163, 'WEIGHT_2': 0.33221481114640256, 'WEIGHT_3': 0.3601875715376803, 'WEIGHT_4': 0.8863250876844354, 'WEIGHT_5': 0.5194107428474308, 'WEIGHT_6': 0.2724693054797541, 'WEIGHT_7': 0.5864045531922393, 'WEIGHT_8': 0.7886952742432259}
49
              precision    recall  f1-score   support

         LOC       0.55      0.51      0.53      1837
        MISC       0.34      0.42      0.37       922
         ORG       0.16      0.22      0.18      1341
         PER       0.15      0.18      0.16      1842

   micro avg       0.28      0.33      0.30      5942
   macro avg       0.30      0.33      0.31      5942
weighted avg       0.31      0.33      0.31      5942

epoch 49
Transformer

  0%|          | 0/50 [00:00<?, ?it/s]
  2%|▏         | 1/50 [00:07<06:03,  7.41s/it]
  4%|▍         | 2/50 [00:07<02:30,  3.13s/it]
  6%|▌         | 3/50 [00:07<01:22,  1.76s/it]
  8%|▊         | 4/50 [00:07<00:51,  1.11s/it]
 10%|█         | 5/50 [00:07<00:33,  1.33it/s]
 12%|█▏        | 6/50 [00:08<00:24,  1.83it/s]
 14%|█▍        | 7/50 [00:08<00:17,  2.47it/s]
 16%|█▌        | 8/50 [00:08<00:13,  3.22it/s]
 18%|█▊        | 9/50 [00:08<00:10,  4.03it/s]
 20%|██        | 10/50 [00:08<00:08,  4.86it/s]
 22%|██▏       | 11/50 [00:08<00:06,  5.66it/s]
 24%|██▍       | 12/50 [00:08<00:05,  6.39it/s]
 26%|██▌       | 13/50 [00:08<00:05,  7.01it/s]
 28%|██▊       | 14/50 [00:08<00:04,  7.53it/s]
 30%|███       | 15/50 [00:09<00:04,  7.94it/s]
 32%|███▏      | 16/50 [00:09<00:04,  8.24it/s]
 34%|███▍      | 17/50 [00:09<00:03,  8.46it/s]
 36%|███▌      | 18/50 [00:09<00:03,  8.62it/s]
 38%|███▊      | 19/50 [00:09<00:03,  8.75it/s]
 40%|████      | 20/50 [00:09<00:03,  8.83it/s]
 42%|████▏     | 21/50 [00:09<00:03,  8.89it/s]
 44%|████▍     | 22/50 [00:09<00:03,  8.95it/s]
 46%|████▌     | 23/50 [00:09<00:03,  8.97it/s]
 48%|████▊     | 24/50 [00:10<00:02,  8.98it/s]
 50%|█████     | 25/50 [00:10<00:02,  9.01it/s]
 52%|█████▏    | 26/50 [00:10<00:02,  9.02it/s]
 54%|█████▍    | 27/50 [00:10<00:02,  9.02it/s]
 56%|█████▌    | 28/50 [00:10<00:02,  9.03it/s]
 58%|█████▊    | 29/50 [00:10<00:02,  9.00it/s]
 60%|██████    | 30/50 [00:10<00:02,  8.96it/s]
 62%|██████▏   | 31/50 [00:10<00:02,  8.78it/s]
 64%|██████▍   | 32/50 [00:10<00:02,  8.08it/s]
 66%|██████▌   | 33/50 [00:11<00:02,  8.35it/s]
 68%|██████▊   | 34/50 [00:11<00:01,  8.56it/s]
 70%|███████   | 35/50 [00:11<00:01,  8.71it/s]
 72%|███████▏  | 36/50 [00:11<00:01,  8.82it/s]
 74%|███████▍  | 37/50 [00:11<00:01,  8.86it/s]
 76%|███████▌  | 38/50 [00:11<00:01,  8.93it/s]
 78%|███████▊  | 39/50 [00:11<00:01,  8.98it/s]
 80%|████████  | 40/50 [00:11<00:01,  9.00it/s]
 82%|████████▏ | 41/50 [00:11<00:00,  9.03it/s]
 84%|████████▍ | 42/50 [00:12<00:00,  9.01it/s]
 86%|████████▌ | 43/50 [00:12<00:00,  9.03it/s]
 88%|████████▊ | 44/50 [00:12<00:00,  9.05it/s]
 90%|█████████ | 45/50 [00:12<00:00,  9.06it/s]
 92%|█████████▏| 46/50 [00:12<00:00,  9.06it/s]
 94%|█████████▍| 47/50 [00:12<00:00,  9.06it/s]
 96%|█████████▌| 48/50 [00:12<00:00,  9.06it/s]
 98%|█████████▊| 49/50 [00:12<00:00,  9.07it/s]
100%|██████████| 50/50 [00:20<00:00,  2.27s/it]
100%|██████████| 50/50 [00:20<00:00,  2.48it/s]
