[I 2023-12-11 23:46:22,104] Trial 448 finished with value: 0.0 and parameters: {'EMBEDDING_DIM': 2048, 'HIDDEN_DIM': 905, 'NUM_LAYERS': 1, 'DROPOUT': 0.26372157950699254, 'LR': 0.008639699198494135, 'WEIGHT_0': 0.8968991859358735, 'WEIGHT_1': 0.15551208473721878, 'WEIGHT_2': 0.43699882547512614, 'WEIGHT_3': 0.10228061572992225, 'WEIGHT_4': 0.5917795112426831, 'WEIGHT_5': 0.3633646237075529, 'WEIGHT_6': 0.033436439522463085, 'WEIGHT_7': 0.5825627054523272, 'WEIGHT_8': 0.8783172246342762}. Best is trial 282 with value: 0.45463128081401455.
{'EMBEDDING_DIM': 2048, 'HIDDEN_DIM': 905, 'NUM_LAYERS': 1, 'DROPOUT': 0.26372157950699254, 'LR': 0.008639699198494135, 'WEIGHT_0': 0.8968991859358735, 'WEIGHT_1': 0.15551208473721878, 'WEIGHT_2': 0.43699882547512614, 'WEIGHT_3': 0.10228061572992225, 'WEIGHT_4': 0.5917795112426831, 'WEIGHT_5': 0.3633646237075529, 'WEIGHT_6': 0.033436439522463085, 'WEIGHT_7': 0.5825627054523272, 'WEIGHT_8': 0.8783172246342762}
0
              precision    recall  f1-score   support

         LOC       0.00      0.00      0.00      1837
        MISC       0.00      0.00      0.00       922
         ORG       0.00      0.00      0.00      1341
         PER       0.00      0.00      0.00      1842

   micro avg       0.00      0.00      0.00      5942
   macro avg       0.00      0.00      0.00      5942
weighted avg       0.00      0.00      0.00      5942

{'EMBEDDING_DIM': 2048, 'HIDDEN_DIM': 905, 'NUM_LAYERS': 1, 'DROPOUT': 0.26372157950699254, 'LR': 0.008639699198494135, 'WEIGHT_0': 0.8968991859358735, 'WEIGHT_1': 0.15551208473721878, 'WEIGHT_2': 0.43699882547512614, 'WEIGHT_3': 0.10228061572992225, 'WEIGHT_4': 0.5917795112426831, 'WEIGHT_5': 0.3633646237075529, 'WEIGHT_6': 0.033436439522463085, 'WEIGHT_7': 0.5825627054523272, 'WEIGHT_8': 0.8783172246342762}
49
              precision    recall  f1-score   support

         LOC       0.00      0.00      0.00      1837
        MISC       0.00      0.00      0.00       922
         ORG       0.00      0.00      0.00      1341
         PER       0.00      0.00      0.00      1842

   micro avg       0.00      0.00      0.00      5942
   macro avg       0.00      0.00      0.00      5942
weighted avg       0.00      0.00      0.00      5942

epoch 49
Transformer

  0%|          | 0/50 [00:00<?, ?it/s]
  2%|▏         | 1/50 [00:05<04:48,  5.89s/it]
  4%|▍         | 2/50 [00:06<02:00,  2.51s/it]
  6%|▌         | 3/50 [00:06<01:06,  1.42s/it]
  8%|▊         | 4/50 [00:06<00:41,  1.11it/s]
 10%|█         | 5/50 [00:06<00:28,  1.60it/s]
 12%|█▏        | 6/50 [00:06<00:19,  2.22it/s]
 14%|█▍        | 7/50 [00:06<00:14,  2.89it/s]
 16%|█▌        | 8/50 [00:06<00:11,  3.67it/s]
 18%|█▊        | 9/50 [00:06<00:09,  4.48it/s]
 20%|██        | 10/50 [00:06<00:07,  5.27it/s]
 22%|██▏       | 11/50 [00:07<00:06,  6.00it/s]
 24%|██▍       | 12/50 [00:07<00:05,  6.63it/s]
 26%|██▌       | 13/50 [00:07<00:05,  7.15it/s]
 28%|██▊       | 14/50 [00:07<00:04,  7.56it/s]
 30%|███       | 15/50 [00:07<00:04,  7.87it/s]
 32%|███▏      | 16/50 [00:07<00:04,  8.10it/s]
 34%|███▍      | 17/50 [00:07<00:03,  8.28it/s]
 36%|███▌      | 18/50 [00:07<00:03,  8.41it/s]
 38%|███▊      | 19/50 [00:08<00:03,  8.51it/s]
 40%|████      | 20/50 [00:08<00:03,  8.57it/s]
 42%|████▏     | 21/50 [00:08<00:03,  8.62it/s]
 44%|████▍     | 22/50 [00:08<00:03,  8.64it/s]
 46%|████▌     | 23/50 [00:08<00:03,  8.66it/s]
 48%|████▊     | 24/50 [00:08<00:03,  8.66it/s]
 50%|█████     | 25/50 [00:08<00:02,  8.68it/s]
 52%|█████▏    | 26/50 [00:08<00:02,  8.69it/s]
 54%|█████▍    | 27/50 [00:08<00:02,  8.71it/s]
 56%|█████▌    | 28/50 [00:09<00:02,  8.71it/s]
 58%|█████▊    | 29/50 [00:09<00:02,  8.71it/s]
 60%|██████    | 30/50 [00:09<00:02,  8.71it/s]
 62%|██████▏   | 31/50 [00:09<00:02,  8.71it/s]
 64%|██████▍   | 32/50 [00:09<00:02,  8.71it/s]
 66%|██████▌   | 33/50 [00:09<00:01,  8.71it/s]
 68%|██████▊   | 34/50 [00:09<00:01,  8.71it/s]
 70%|███████   | 35/50 [00:09<00:01,  8.71it/s]
 72%|███████▏  | 36/50 [00:09<00:01,  8.72it/s]
 74%|███████▍  | 37/50 [00:10<00:01,  8.72it/s]
 76%|███████▌  | 38/50 [00:10<00:01,  8.70it/s]
 78%|███████▊  | 39/50 [00:10<00:01,  8.71it/s]
 80%|████████  | 40/50 [00:10<00:01,  8.71it/s]
 82%|████████▏ | 41/50 [00:10<00:01,  8.72it/s]
 84%|████████▍ | 42/50 [00:10<00:00,  8.71it/s]
 86%|████████▌ | 43/50 [00:10<00:00,  8.72it/s]
 88%|████████▊ | 44/50 [00:10<00:00,  8.72it/s]
 90%|█████████ | 45/50 [00:11<00:00,  8.51it/s]
 92%|█████████▏| 46/50 [00:11<00:00,  8.58it/s]
 94%|█████████▍| 47/50 [00:11<00:00,  8.61it/s]
 96%|█████████▌| 48/50 [00:11<00:00,  8.64it/s]
 98%|█████████▊| 49/50 [00:11<00:00,  8.66it/s]
100%|██████████| 50/50 [00:17<00:00,  1.87s/it]
100%|██████████| 50/50 [00:17<00:00,  2.87it/s]
[I 2023-12-11 23:46:45,093] Trial 449 finished with value: 0.42257165605095537 and parameters: {'EMBEDDING_DIM': 128, 'HIDDEN_DIM': 720, 'NUM_LAYERS': 1, 'DROPOUT': 0.2860502925760344, 'LR': 0.006452876942224736, 'WEIGHT_0': 0.9734340085699752, 'WEIGHT_1': 0.19526447314724887, 'WEIGHT_2': 0.2069414929043821, 'WEIGHT_3': 0.21132020238244273, 'WEIGHT_4': 0.6097536860828126, 'WEIGHT_5': 0.3993341121895961, 'WEIGHT_6': 0.46630581451497954, 'WEIGHT_7': 0.5480115968304001, 'WEIGHT_8': 0.5771340252694306}. Best is trial 282 with value: 0.45463128081401455.
{'EMBEDDING_DIM': 128, 'HIDDEN_DIM': 720, 'NUM_LAYERS': 1, 'DROPOUT': 0.2860502925760344, 'LR': 0.006452876942224736, 'WEIGHT_0': 0.9734340085699752, 'WEIGHT_1': 0.19526447314724887, 'WEIGHT_2': 0.2069414929043821, 'WEIGHT_3': 0.21132020238244273, 'WEIGHT_4': 0.6097536860828126, 'WEIGHT_5': 0.3993341121895961, 'WEIGHT_6': 0.46630581451497954, 'WEIGHT_7': 0.5480115968304001, 'WEIGHT_8': 0.5771340252694306}
0
              precision    recall  f1-score   support

         LOC       0.00      0.00      0.00      1837
        MISC       0.00      0.00      0.00       922
         ORG       0.00      0.00      0.00      1341
         PER       0.00      0.00      0.00      1842

   micro avg       0.00      0.00      0.00      5942
   macro avg       0.00      0.00      0.00      5942
weighted avg       0.00      0.00      0.00      5942

{'EMBEDDING_DIM': 128, 'HIDDEN_DIM': 720, 'NUM_LAYERS': 1, 'DROPOUT': 0.2860502925760344, 'LR': 0.006452876942224736, 'WEIGHT_0': 0.9734340085699752, 'WEIGHT_1': 0.19526447314724887, 'WEIGHT_2': 0.2069414929043821, 'WEIGHT_3': 0.21132020238244273, 'WEIGHT_4': 0.6097536860828126, 'WEIGHT_5': 0.3993341121895961, 'WEIGHT_6': 0.46630581451497954, 'WEIGHT_7': 0.5480115968304001, 'WEIGHT_8': 0.5771340252694306}
49
              precision    recall  f1-score   support

         LOC       0.74      0.58      0.65      1837
        MISC       0.59      0.47      0.52       922
         ORG       0.34      0.22      0.27      1341
         PER       0.31      0.18      0.23      1842

   micro avg       0.52      0.36      0.42      5942
   macro avg       0.50      0.36      0.42      5942
weighted avg       0.49      0.36      0.41      5942

epoch 49
Transformer

  0%|          | 0/50 [00:00<?, ?it/s]
  2%|▏         | 1/50 [00:05<04:50,  5.93s/it]
  4%|▍         | 2/50 [00:06<02:01,  2.52s/it]
  6%|▌         | 3/50 [00:06<01:06,  1.42s/it]
  8%|▊         | 4/50 [00:06<00:41,  1.11it/s]
 12%|█▏        | 6/50 [00:06<00:20,  2.14it/s]
 14%|█▍        | 7/50 [00:06<00:15,  2.72it/s]
 18%|█▊        | 9/50 [00:06<00:10,  4.07it/s]
 22%|██▏       | 11/50 [00:06<00:07,  5.42it/s]
 26%|██▌       | 13/50 [00:07<00:05,  6.67it/s]
 30%|███       | 15/50 [00:07<00:04,  7.74it/s]
 34%|███▍      | 17/50 [00:07<00:03,  8.64it/s]
 38%|███▊      | 19/50 [00:07<00:03,  9.36it/s]
 42%|████▏     | 21/50 [00:07<00:02,  9.91it/s]
 46%|████▌     | 23/50 [00:07<00:02, 10.35it/s]
 50%|█████     | 25/50 [00:08<00:02, 10.64it/s]
 54%|█████▍    | 27/50 [00:08<00:02, 10.86it/s]
 58%|█████▊    | 29/50 [00:08<00:01, 11.03it/s]
 62%|██████▏   | 31/50 [00:08<00:01, 11.15it/s]
 66%|██████▌   | 33/50 [00:08<00:01, 11.24it/s]
 70%|███████   | 35/50 [00:09<00:01, 11.31it/s]
 74%|███████▍  | 37/50 [00:09<00:01, 11.34it/s]
 78%|███████▊  | 39/50 [00:09<00:00, 11.35it/s]
 82%|████████▏ | 41/50 [00:09<00:00, 11.38it/s]
 86%|████████▌ | 43/50 [00:09<00:00, 11.40it/s]
 90%|█████████ | 45/50 [00:09<00:00, 11.40it/s]
 94%|█████████▍| 47/50 [00:10<00:00, 11.42it/s]
 98%|█████████▊| 49/50 [00:10<00:00, 11.44it/s]
100%|██████████| 50/50 [00:15<00:00,  3.13it/s]
[I 2023-12-11 23:47:06,620] Trial 450 finished with value: 0.4095067830476391 and parameters: {'EMBEDDING_DIM': 32, 'HIDDEN_DIM': 318, 'NUM_LAYERS': 1, 'DROPOUT': 0.24088616820658876, 'LR': 0.00708786547450215, 'WEIGHT_0': 0.7870441019823915, 'WEIGHT_1': 0.0022153897835047037, 'WEIGHT_2': 0.1496203831918262, 'WEIGHT_3': 0.15751295157444123, 'WEIGHT_4': 0.8249880605328348, 'WEIGHT_5': 0.22864565364672754, 'WEIGHT_6': 0.06260431743203365, 'WEIGHT_7': 0.6411875589542221, 'WEIGHT_8': 0.46486041879075524}. Best is trial 282 with value: 0.45463128081401455.
{'EMBEDDING_DIM': 32, 'HIDDEN_DIM': 318, 'NUM_LAYERS': 1, 'DROPOUT': 0.24088616820658876, 'LR': 0.00708786547450215, 'WEIGHT_0': 0.7870441019823915, 'WEIGHT_1': 0.0022153897835047037, 'WEIGHT_2': 0.1496203831918262, 'WEIGHT_3': 0.15751295157444123, 'WEIGHT_4': 0.8249880605328348, 'WEIGHT_5': 0.22864565364672754, 'WEIGHT_6': 0.06260431743203365, 'WEIGHT_7': 0.6411875589542221, 'WEIGHT_8': 0.46486041879075524}
0
              precision    recall  f1-score   support

         LOC       0.00      0.00      0.00      1837
        MISC       0.00      0.00      0.00       922
         ORG       0.00      0.00      0.00      1341
         PER       0.00      0.00      0.00      1842

   micro avg       0.00      0.00      0.00      5942
   macro avg       0.00      0.00      0.00      5942
weighted avg       0.00      0.00      0.00      5942

{'EMBEDDING_DIM': 32, 'HIDDEN_DIM': 318, 'NUM_LAYERS': 1, 'DROPOUT': 0.24088616820658876, 'LR': 0.00708786547450215, 'WEIGHT_0': 0.7870441019823915, 'WEIGHT_1': 0.0022153897835047037, 'WEIGHT_2': 0.1496203831918262, 'WEIGHT_3': 0.15751295157444123, 'WEIGHT_4': 0.8249880605328348, 'WEIGHT_5': 0.22864565364672754, 'WEIGHT_6': 0.06260431743203365, 'WEIGHT_7': 0.6411875589542221, 'WEIGHT_8': 0.46486041879075524}
49
              precision    recall  f1-score   support

         LOC       0.75      0.60      0.67      1837
        MISC       0.55      0.49      0.52       922
         ORG       0.19      0.03      0.06      1341
         PER       0.33      0.19      0.24      1842

   micro avg       0.55      0.33      0.41      5942
   macro avg       0.46      0.33      0.37      5942
weighted avg       0.46      0.33      0.37      5942

epoch 49
Transformer

  0%|          | 0/50 [00:00<?, ?it/s]
  2%|▏         | 1/50 [00:05<04:46,  5.85s/it]
  4%|▍         | 2/50 [00:05<01:58,  2.47s/it]
  8%|▊         | 4/50 [00:06<00:45,  1.02it/s]
 12%|█▏        | 6/50 [00:06<00:24,  1.78it/s]
 16%|█▌        | 8/50 [00:06<00:15,  2.68it/s]
 20%|██        | 10/50 [00:06<00:10,  3.72it/s]
 24%|██▍       | 12/50 [00:06<00:07,  4.83it/s]
 28%|██▊       | 14/50 [00:07<00:06,  5.95it/s]
 32%|███▏      | 16/50 [00:07<00:04,  7.01it/s]
 36%|███▌      | 18/50 [00:07<00:04,  7.95it/s]
 40%|████      | 20/50 [00:07<00:03,  8.62it/s]
 44%|████▍     | 22/50 [00:07<00:03,  8.66it/s]
 48%|████▊     | 24/50 [00:08<00:02,  8.74it/s]
 52%|█████▏    | 26/50 [00:08<00:02,  9.39it/s]
 56%|█████▌    | 28/50 [00:08<00:02,  9.89it/s]
 60%|██████    | 30/50 [00:08<00:01, 10.26it/s]
 64%|██████▍   | 32/50 [00:08<00:01, 10.55it/s]
 68%|██████▊   | 34/50 [00:08<00:01, 10.78it/s]
 72%|███████▏  | 36/50 [00:09<00:01, 10.93it/s]
 76%|███████▌  | 38/50 [00:09<00:01, 11.05it/s]
 80%|████████  | 40/50 [00:09<00:00, 11.14it/s]
 84%|████████▍ | 42/50 [00:09<00:00, 11.20it/s]
 88%|████████▊ | 44/50 [00:09<00:00, 11.24it/s]
 92%|█████████▏| 46/50 [00:09<00:00, 11.27it/s]
 96%|█████████▌| 48/50 [00:10<00:00, 11.29it/s]
100%|██████████| 50/50 [00:16<00:00,  1.05it/s]
100%|██████████| 50/50 [00:16<00:00,  3.11it/s]
[I 2023-12-11 23:47:28,251] Trial 451 finished with value: 0.4074759077192641 and parameters: {'EMBEDDING_DIM': 32, 'HIDDEN_DIM': 1102, 'NUM_LAYERS': 1, 'DROPOUT': 0.0036833484504978503, 'LR': 0.005682274666404263, 'WEIGHT_0': 0.7345575268715595, 'WEIGHT_1': 0.7158402262689426, 'WEIGHT_2': 0.25479119707895714, 'WEIGHT_3': 0.2762408791444357, 'WEIGHT_4': 0.8781335028429813, 'WEIGHT_5': 0.18088800997004628, 'WEIGHT_6': 0.8160067669913893, 'WEIGHT_7': 0.6155975370013288, 'WEIGHT_8': 0.6987617998539597}. Best is trial 282 with value: 0.45463128081401455.
{'EMBEDDING_DIM': 32, 'HIDDEN_DIM': 1102, 'NUM_LAYERS': 1, 'DROPOUT': 0.0036833484504978503, 'LR': 0.005682274666404263, 'WEIGHT_0': 0.7345575268715595, 'WEIGHT_1': 0.7158402262689426, 'WEIGHT_2': 0.25479119707895714, 'WEIGHT_3': 0.2762408791444357, 'WEIGHT_4': 0.8781335028429813, 'WEIGHT_5': 0.18088800997004628, 'WEIGHT_6': 0.8160067669913893, 'WEIGHT_7': 0.6155975370013288, 'WEIGHT_8': 0.6987617998539597}
0
              precision    recall  f1-score   support

         LOC       0.00      0.00      0.00      1837
        MISC       0.00      0.00      0.00       922
         ORG       0.00      0.00      0.00      1341
         PER       0.00      0.00      0.00      1842

   micro avg       0.00      0.00      0.00      5942
   macro avg       0.00      0.00      0.00      5942
weighted avg       0.00      0.00      0.00      5942

{'EMBEDDING_DIM': 32, 'HIDDEN_DIM': 1102, 'NUM_LAYERS': 1, 'DROPOUT': 0.0036833484504978503, 'LR': 0.005682274666404263, 'WEIGHT_0': 0.7345575268715595, 'WEIGHT_1': 0.7158402262689426, 'WEIGHT_2': 0.25479119707895714, 'WEIGHT_3': 0.2762408791444357, 'WEIGHT_4': 0.8781335028429813, 'WEIGHT_5': 0.18088800997004628, 'WEIGHT_6': 0.8160067669913893, 'WEIGHT_7': 0.6155975370013288, 'WEIGHT_8': 0.6987617998539597}
49
              precision    recall  f1-score   support

         LOC       0.79      0.54      0.64      1837
        MISC       0.56      0.46      0.50       922
         ORG       0.28      0.26      0.27      1341
         PER       0.31      0.18      0.23      1842

   micro avg       0.48      0.35      0.41      5942
   macro avg       0.48      0.36      0.41      5942
weighted avg       0.49      0.35      0.41      5942

epoch 49
Transformer

  0%|          | 0/50 [00:00<?, ?it/s]
  2%|▏         | 1/50 [00:05<04:46,  5.85s/it]
  6%|▌         | 3/50 [00:06<01:14,  1.58s/it]
 10%|█         | 5/50 [00:06<00:36,  1.22it/s]
 14%|█▍        | 7/50 [00:06<00:21,  1.96it/s]
 18%|█▊        | 9/50 [00:06<00:14,  2.85it/s]
 22%|██▏       | 11/50 [00:06<00:10,  3.84it/s]
 26%|██▌       | 13/50 [00:06<00:07,  4.93it/s]
 30%|███       | 15/50 [00:07<00:05,  6.03it/s]
 34%|███▍      | 17/50 [00:07<00:04,  7.08it/s]
 38%|███▊      | 19/50 [00:07<00:03,  8.03it/s]
 42%|████▏     | 21/50 [00:07<00:03,  8.83it/s]
 46%|████▌     | 23/50 [00:07<00:02,  9.49it/s]
 50%|█████     | 25/50 [00:07<00:02, 10.01it/s]
 54%|█████▍    | 27/50 [00:08<00:02, 10.40it/s]
 58%|█████▊    | 29/50 [00:08<00:01, 10.69it/s]
 62%|██████▏   | 31/50 [00:08<00:01, 10.90it/s]
 66%|██████▌   | 33/50 [00:08<00:01, 11.04it/s]
 70%|███████   | 35/50 [00:08<00:01, 11.13it/s]
 74%|███████▍  | 37/50 [00:09<00:01, 11.20it/s]
 78%|███████▊  | 39/50 [00:09<00:00, 11.26it/s]
 82%|████████▏ | 41/50 [00:09<00:00, 11.30it/s]
 86%|████████▌ | 43/50 [00:09<00:00, 11.33it/s]
 90%|█████████ | 45/50 [00:09<00:00, 11.35it/s]
 94%|█████████▍| 47/50 [00:09<00:00, 11.37it/s]
 98%|█████████▊| 49/50 [00:10<00:00, 11.38it/s]
100%|██████████| 50/50 [00:15<00:00,  3.14it/s]
[I 2023-12-11 23:47:49,681] Trial 452 finished with value: 0.41002367797947903 and parameters: {'EMBEDDING_DIM': 32, 'HIDDEN_DIM': 544, 'NUM_LAYERS': 1, 'DROPOUT': 0.2065783579058201, 'LR': 0.004979853295559056, 'WEIGHT_0': 0.9843218248361059, 'WEIGHT_1': 0.48339150564460376, 'WEIGHT_2': 0.9042620582386053, 'WEIGHT_3': 0.8985705201445928, 'WEIGHT_4': 0.6454320840731962, 'WEIGHT_5': 0.07691513399533645, 'WEIGHT_6': 0.40029666415428244, 'WEIGHT_7': 0.7618568746453912, 'WEIGHT_8': 0.7240600530935309}. Best is trial 282 with value: 0.45463128081401455.
{'EMBEDDING_DIM': 32, 'HIDDEN_DIM': 544, 'NUM_LAYERS': 1, 'DROPOUT': 0.2065783579058201, 'LR': 0.004979853295559056, 'WEIGHT_0': 0.9843218248361059, 'WEIGHT_1': 0.48339150564460376, 'WEIGHT_2': 0.9042620582386053, 'WEIGHT_3': 0.8985705201445928, 'WEIGHT_4': 0.6454320840731962, 'WEIGHT_5': 0.07691513399533645, 'WEIGHT_6': 0.40029666415428244, 'WEIGHT_7': 0.7618568746453912, 'WEIGHT_8': 0.7240600530935309}
0
              precision    recall  f1-score   support

         LOC       0.00      0.00      0.00      1837
        MISC       0.00      0.00      0.00       922
         ORG       0.00      0.00      0.00      1341
         PER       0.00      0.00      0.00      1842

   micro avg       0.00      0.00      0.00      5942
   macro avg       0.00      0.00      0.00      5942
weighted avg       0.00      0.00      0.00      5942

{'EMBEDDING_DIM': 32, 'HIDDEN_DIM': 544, 'NUM_LAYERS': 1, 'DROPOUT': 0.2065783579058201, 'LR': 0.004979853295559056, 'WEIGHT_0': 0.9843218248361059, 'WEIGHT_1': 0.48339150564460376, 'WEIGHT_2': 0.9042620582386053, 'WEIGHT_3': 0.8985705201445928, 'WEIGHT_4': 0.6454320840731962, 'WEIGHT_5': 0.07691513399533645, 'WEIGHT_6': 0.40029666415428244, 'WEIGHT_7': 0.7618568746453912, 'WEIGHT_8': 0.7240600530935309}
49
              precision    recall  f1-score   support

         LOC       0.76      0.51      0.61      1837
        MISC       0.54      0.51      0.52       922
         ORG       0.33      0.25      0.28      1341
         PER       0.31      0.18      0.23      1842

   micro avg       0.50      0.35      0.41      5942
   macro avg       0.49      0.36      0.41      5942
weighted avg       0.49      0.35      0.41      5942

epoch 49
Transformer

  0%|          | 0/50 [00:00<?, ?it/s]
  2%|▏         | 1/50 [00:05<04:47,  5.86s/it]
  4%|▍         | 2/50 [00:05<01:59,  2.48s/it]
  6%|▌         | 3/50 [00:06<01:05,  1.40s/it]
 10%|█         | 5/50 [00:06<00:29,  1.51it/s]
 12%|█▏        | 6/50 [00:06<00:22,  1.98it/s]
 16%|█▌        | 8/50 [00:06<00:13,  3.12it/s]
 20%|██        | 10/50 [00:06<00:09,  4.28it/s]
 24%|██▍       | 12/50 [00:06<00:07,  5.41it/s]
 28%|██▊       | 14/50 [00:07<00:05,  6.44it/s]
 32%|███▏      | 16/50 [00:07<00:04,  7.32it/s]
 36%|███▌      | 18/50 [00:07<00:03,  8.04it/s]
 40%|████      | 20/50 [00:07<00:03,  8.61it/s]
 44%|████▍     | 22/50 [00:07<00:03,  9.05it/s]
 48%|████▊     | 24/50 [00:08<00:02,  9.38it/s]
 52%|█████▏    | 26/50 [00:08<00:02,  9.61it/s]
 56%|█████▌    | 28/50 [00:08<00:02,  9.79it/s]
 60%|██████    | 30/50 [00:08<00:02,  9.92it/s]
 64%|██████▍   | 32/50 [00:08<00:01, 10.00it/s]
 68%|██████▊   | 34/50 [00:09<00:01, 10.07it/s]
 72%|███████▏  | 36/50 [00:09<00:01, 10.10it/s]
 76%|███████▌  | 38/50 [00:09<00:01, 10.14it/s]
 80%|████████  | 40/50 [00:09<00:00, 10.16it/s]
 84%|████████▍ | 42/50 [00:09<00:00, 10.17it/s]
 88%|████████▊ | 44/50 [00:10<00:00, 10.19it/s]
 92%|█████████▏| 46/50 [00:10<00:00, 10.20it/s]
 96%|█████████▌| 48/50 [00:10<00:00, 10.19it/s]
100%|██████████| 50/50 [00:16<00:00,  1.04it/s]
100%|██████████| 50/50 [00:16<00:00,  3.04it/s]
