[I 2023-12-11 21:13:37,650] Trial 158 finished with value: 0.4360980699008868 and parameters: {'EMBEDDING_DIM': 32, 'HIDDEN_DIM': 294, 'NUM_LAYERS': 1, 'DROPOUT': 0.13069897385781268, 'LR': 0.006572967925305562, 'WEIGHT_0': 0.8816613035366512, 'WEIGHT_1': 0.14416552380711462, 'WEIGHT_2': 0.47633993245945283, 'WEIGHT_3': 0.2537342379507701, 'WEIGHT_4': 0.8125997126762952, 'WEIGHT_5': 0.36975762320620215, 'WEIGHT_6': 0.12537474694692669, 'WEIGHT_7': 0.8690757460896649, 'WEIGHT_8': 0.3170995371137919}. Best is trial 42 with value: 0.44962374581939796.
{'EMBEDDING_DIM': 32, 'HIDDEN_DIM': 294, 'NUM_LAYERS': 1, 'DROPOUT': 0.13069897385781268, 'LR': 0.006572967925305562, 'WEIGHT_0': 0.8816613035366512, 'WEIGHT_1': 0.14416552380711462, 'WEIGHT_2': 0.47633993245945283, 'WEIGHT_3': 0.2537342379507701, 'WEIGHT_4': 0.8125997126762952, 'WEIGHT_5': 0.36975762320620215, 'WEIGHT_6': 0.12537474694692669, 'WEIGHT_7': 0.8690757460896649, 'WEIGHT_8': 0.3170995371137919}
0
              precision    recall  f1-score   support

         LOC       0.00      0.00      0.00      1837
        MISC       0.00      0.00      0.00       922
         ORG       0.00      0.00      0.00      1341
         PER       0.00      0.00      0.00      1842

   micro avg       0.00      0.00      0.00      5942
   macro avg       0.00      0.00      0.00      5942
weighted avg       0.00      0.00      0.00      5942

{'EMBEDDING_DIM': 32, 'HIDDEN_DIM': 294, 'NUM_LAYERS': 1, 'DROPOUT': 0.13069897385781268, 'LR': 0.006572967925305562, 'WEIGHT_0': 0.8816613035366512, 'WEIGHT_1': 0.14416552380711462, 'WEIGHT_2': 0.47633993245945283, 'WEIGHT_3': 0.2537342379507701, 'WEIGHT_4': 0.8125997126762952, 'WEIGHT_5': 0.36975762320620215, 'WEIGHT_6': 0.12537474694692669, 'WEIGHT_7': 0.8690757460896649, 'WEIGHT_8': 0.3170995371137919}
49
              precision    recall  f1-score   support

         LOC       0.78      0.57      0.65      1837
        MISC       0.64      0.49      0.56       922
         ORG       0.40      0.21      0.27      1341
         PER       0.35      0.17      0.23      1842

   micro avg       0.57      0.35      0.44      5942
   macro avg       0.54      0.36      0.43      5942
weighted avg       0.54      0.35      0.42      5942

epoch 49
Transformer

  0%|          | 0/50 [00:00<?, ?it/s]
  2%|▏         | 1/50 [00:05<04:46,  5.85s/it]
  6%|▌         | 3/50 [00:06<01:14,  1.59s/it]
  8%|▊         | 4/50 [00:06<00:49,  1.08s/it]
 10%|█         | 5/50 [00:06<00:34,  1.32it/s]
 12%|█▏        | 6/50 [00:06<00:24,  1.78it/s]
 16%|█▌        | 8/50 [00:06<00:14,  2.92it/s]
 18%|█▊        | 9/50 [00:06<00:11,  3.45it/s]
 20%|██        | 10/50 [00:06<00:10,  3.97it/s]
 22%|██▏       | 11/50 [00:07<00:08,  4.65it/s]
 24%|██▍       | 12/50 [00:07<00:07,  5.34it/s]
 26%|██▌       | 13/50 [00:07<00:06,  5.93it/s]
 28%|██▊       | 14/50 [00:07<00:05,  6.51it/s]
 30%|███       | 15/50 [00:07<00:04,  7.01it/s]
 32%|███▏      | 16/50 [00:07<00:04,  7.39it/s]
 34%|███▍      | 17/50 [00:07<00:04,  7.71it/s]
 38%|███▊      | 19/50 [00:07<00:03,  8.86it/s]
 42%|████▏     | 21/50 [00:08<00:02,  9.72it/s]
 46%|████▌     | 23/50 [00:08<00:02, 10.27it/s]
 50%|█████     | 25/50 [00:08<00:02, 10.64it/s]
 54%|█████▍    | 27/50 [00:08<00:02, 10.90it/s]
 58%|█████▊    | 29/50 [00:08<00:01, 11.09it/s]
 62%|██████▏   | 31/50 [00:08<00:01, 11.17it/s]
 66%|██████▌   | 33/50 [00:09<00:01, 11.25it/s]
 70%|███████   | 35/50 [00:09<00:01, 11.30it/s]
 74%|███████▍  | 37/50 [00:09<00:01, 11.32it/s]
 78%|███████▊  | 39/50 [00:09<00:00, 11.32it/s]
 82%|████████▏ | 41/50 [00:09<00:00, 11.36it/s]
 86%|████████▌ | 43/50 [00:10<00:00, 11.35it/s]
 90%|█████████ | 45/50 [00:10<00:00, 11.37it/s]
 94%|█████████▍| 47/50 [00:10<00:00, 11.41it/s]
 98%|█████████▊| 49/50 [00:10<00:00, 11.42it/s]
100%|██████████| 50/50 [00:16<00:00,  3.05it/s]
[I 2023-12-11 21:13:59,640] Trial 159 finished with value: 0.43801482701812194 and parameters: {'EMBEDDING_DIM': 32, 'HIDDEN_DIM': 180, 'NUM_LAYERS': 1, 'DROPOUT': 0.12452605780287493, 'LR': 0.007716889499600474, 'WEIGHT_0': 0.9085329045680594, 'WEIGHT_1': 0.11296792801084862, 'WEIGHT_2': 0.37081866688959564, 'WEIGHT_3': 0.14583695689584283, 'WEIGHT_4': 0.8315428579478629, 'WEIGHT_5': 0.3224052765039416, 'WEIGHT_6': 0.1573889759105092, 'WEIGHT_7': 0.8939141100203567, 'WEIGHT_8': 0.3497651200117877}. Best is trial 42 with value: 0.44962374581939796.
{'EMBEDDING_DIM': 32, 'HIDDEN_DIM': 180, 'NUM_LAYERS': 1, 'DROPOUT': 0.12452605780287493, 'LR': 0.007716889499600474, 'WEIGHT_0': 0.9085329045680594, 'WEIGHT_1': 0.11296792801084862, 'WEIGHT_2': 0.37081866688959564, 'WEIGHT_3': 0.14583695689584283, 'WEIGHT_4': 0.8315428579478629, 'WEIGHT_5': 0.3224052765039416, 'WEIGHT_6': 0.1573889759105092, 'WEIGHT_7': 0.8939141100203567, 'WEIGHT_8': 0.3497651200117877}
0
              precision    recall  f1-score   support

         LOC       0.00      0.00      0.00      1837
        MISC       0.00      0.00      0.00       922
         ORG       0.00      0.00      0.00      1341
         PER       0.00      0.00      0.00      1842

   micro avg       0.00      0.00      0.00      5942
   macro avg       0.00      0.00      0.00      5942
weighted avg       0.00      0.00      0.00      5942

{'EMBEDDING_DIM': 32, 'HIDDEN_DIM': 180, 'NUM_LAYERS': 1, 'DROPOUT': 0.12452605780287493, 'LR': 0.007716889499600474, 'WEIGHT_0': 0.9085329045680594, 'WEIGHT_1': 0.11296792801084862, 'WEIGHT_2': 0.37081866688959564, 'WEIGHT_3': 0.14583695689584283, 'WEIGHT_4': 0.8315428579478629, 'WEIGHT_5': 0.3224052765039416, 'WEIGHT_6': 0.1573889759105092, 'WEIGHT_7': 0.8939141100203567, 'WEIGHT_8': 0.3497651200117877}
49
              precision    recall  f1-score   support

         LOC       0.77      0.56      0.65      1837
        MISC       0.60      0.50      0.55       922
         ORG       0.41      0.23      0.29      1341
         PER       0.36      0.18      0.24      1842

   micro avg       0.56      0.36      0.44      5942
   macro avg       0.54      0.37      0.43      5942
weighted avg       0.54      0.36      0.43      5942

epoch 49
Transformer

  0%|          | 0/50 [00:00<?, ?it/s]
  2%|▏         | 1/50 [00:05<04:52,  5.96s/it]
  6%|▌         | 3/50 [00:06<01:15,  1.61s/it]
 10%|█         | 5/50 [00:06<00:37,  1.20it/s]
 14%|█▍        | 7/50 [00:06<00:22,  1.92it/s]
 18%|█▊        | 9/50 [00:06<00:14,  2.80it/s]
 22%|██▏       | 11/50 [00:06<00:10,  3.80it/s]
 26%|██▌       | 13/50 [00:07<00:07,  4.88it/s]
 30%|███       | 15/50 [00:07<00:05,  5.98it/s]
 34%|███▍      | 17/50 [00:07<00:04,  7.01it/s]
 38%|███▊      | 19/50 [00:07<00:03,  7.96it/s]
 42%|████▏     | 21/50 [00:07<00:03,  8.75it/s]
 46%|████▌     | 23/50 [00:07<00:02,  9.42it/s]
 50%|█████     | 25/50 [00:08<00:02,  9.95it/s]
 54%|█████▍    | 27/50 [00:08<00:02, 10.33it/s]
 58%|█████▊    | 29/50 [00:08<00:01, 10.59it/s]
 62%|██████▏   | 31/50 [00:08<00:01, 10.81it/s]
 66%|██████▌   | 33/50 [00:08<00:01, 10.98it/s]
 70%|███████   | 35/50 [00:08<00:01, 11.12it/s]
 74%|███████▍  | 37/50 [00:09<00:01, 11.17it/s]
 78%|███████▊  | 39/50 [00:09<00:00, 11.18it/s]
 82%|████████▏ | 41/50 [00:09<00:00, 11.23it/s]
 86%|████████▌ | 43/50 [00:09<00:00, 11.25it/s]
 90%|█████████ | 45/50 [00:09<00:00, 11.26it/s]
 94%|█████████▍| 47/50 [00:10<00:00, 11.30it/s]
 98%|█████████▊| 49/50 [00:10<00:00, 11.31it/s]
100%|██████████| 50/50 [00:16<00:00,  3.10it/s]
[I 2023-12-11 21:14:21,361] Trial 160 finished with value: 0.4479765763881627 and parameters: {'EMBEDDING_DIM': 32, 'HIDDEN_DIM': 666, 'NUM_LAYERS': 1, 'DROPOUT': 0.1501639047482381, 'LR': 0.00839504299141628, 'WEIGHT_0': 0.940866916859813, 'WEIGHT_1': 0.047880313909380814, 'WEIGHT_2': 0.33613876904758927, 'WEIGHT_3': 0.2055436325546693, 'WEIGHT_4': 0.741628243143002, 'WEIGHT_5': 0.4218987806227082, 'WEIGHT_6': 0.09541908959154612, 'WEIGHT_7': 0.8445011294867665, 'WEIGHT_8': 0.4036486132505167}. Best is trial 42 with value: 0.44962374581939796.
{'EMBEDDING_DIM': 32, 'HIDDEN_DIM': 666, 'NUM_LAYERS': 1, 'DROPOUT': 0.1501639047482381, 'LR': 0.00839504299141628, 'WEIGHT_0': 0.940866916859813, 'WEIGHT_1': 0.047880313909380814, 'WEIGHT_2': 0.33613876904758927, 'WEIGHT_3': 0.2055436325546693, 'WEIGHT_4': 0.741628243143002, 'WEIGHT_5': 0.4218987806227082, 'WEIGHT_6': 0.09541908959154612, 'WEIGHT_7': 0.8445011294867665, 'WEIGHT_8': 0.4036486132505167}
0
              precision    recall  f1-score   support

         LOC       0.00      0.00      0.00      1837
        MISC       0.00      0.00      0.00       922
         ORG       0.00      0.00      0.00      1341
         PER       0.00      0.00      0.00      1842

   micro avg       0.00      0.00      0.00      5942
   macro avg       0.00      0.00      0.00      5942
weighted avg       0.00      0.00      0.00      5942

{'EMBEDDING_DIM': 32, 'HIDDEN_DIM': 666, 'NUM_LAYERS': 1, 'DROPOUT': 0.1501639047482381, 'LR': 0.00839504299141628, 'WEIGHT_0': 0.940866916859813, 'WEIGHT_1': 0.047880313909380814, 'WEIGHT_2': 0.33613876904758927, 'WEIGHT_3': 0.2055436325546693, 'WEIGHT_4': 0.741628243143002, 'WEIGHT_5': 0.4218987806227082, 'WEIGHT_6': 0.09541908959154612, 'WEIGHT_7': 0.8445011294867665, 'WEIGHT_8': 0.4036486132505167}
49
              precision    recall  f1-score   support

         LOC       0.76      0.59      0.67      1837
        MISC       0.63      0.48      0.55       922
         ORG       0.46      0.20      0.28      1341
         PER       0.37      0.18      0.24      1842

   micro avg       0.59      0.36      0.45      5942
   macro avg       0.56      0.37      0.44      5942
weighted avg       0.55      0.36      0.43      5942

epoch 49
Transformer

  0%|          | 0/50 [00:00<?, ?it/s]
  2%|▏         | 1/50 [00:06<04:59,  6.12s/it]
  6%|▌         | 3/50 [00:06<01:17,  1.66s/it]
 10%|█         | 5/50 [00:06<00:38,  1.17it/s]
 14%|█▍        | 7/50 [00:06<00:22,  1.87it/s]
 18%|█▊        | 9/50 [00:06<00:15,  2.72it/s]
 22%|██▏       | 11/50 [00:07<00:10,  3.70it/s]
 26%|██▌       | 13/50 [00:07<00:07,  4.76it/s]
 30%|███       | 15/50 [00:07<00:05,  5.85it/s]
 34%|███▍      | 17/50 [00:07<00:04,  6.89it/s]
 38%|███▊      | 19/50 [00:07<00:03,  7.82it/s]
 42%|████▏     | 21/50 [00:07<00:03,  8.62it/s]
 46%|████▌     | 23/50 [00:08<00:02,  9.28it/s]
 50%|█████     | 25/50 [00:08<00:02,  9.78it/s]
 54%|█████▍    | 27/50 [00:08<00:02, 10.17it/s]
 58%|█████▊    | 29/50 [00:08<00:02, 10.45it/s]
 62%|██████▏   | 31/50 [00:08<00:01, 10.66it/s]
 66%|██████▌   | 33/50 [00:09<00:01, 10.82it/s]
 70%|███████   | 35/50 [00:09<00:01, 10.91it/s]
 74%|███████▍  | 37/50 [00:09<00:01, 10.92it/s]
 78%|███████▊  | 39/50 [00:09<00:01, 10.96it/s]
 82%|████████▏ | 41/50 [00:09<00:00, 10.99it/s]
 86%|████████▌ | 43/50 [00:09<00:00, 10.98it/s]
 90%|█████████ | 45/50 [00:10<00:00, 11.01it/s]
 94%|█████████▍| 47/50 [00:10<00:00, 11.01it/s]
 98%|█████████▊| 49/50 [00:10<00:00, 11.02it/s]
100%|██████████| 50/50 [00:16<00:00,  3.03it/s]
[I 2023-12-11 21:14:43,780] Trial 161 finished with value: 0.4462483088770944 and parameters: {'EMBEDDING_DIM': 32, 'HIDDEN_DIM': 550, 'NUM_LAYERS': 1, 'DROPOUT': 0.14546204095599263, 'LR': 0.008324543984769393, 'WEIGHT_0': 0.9602229608498009, 'WEIGHT_1': 0.05362956002507383, 'WEIGHT_2': 0.3288502891029402, 'WEIGHT_3': 0.1932351434192478, 'WEIGHT_4': 0.7409319046835715, 'WEIGHT_5': 0.43032602070393067, 'WEIGHT_6': 0.10387417440327516, 'WEIGHT_7': 0.8424314537499358, 'WEIGHT_8': 0.4054021874022335}. Best is trial 42 with value: 0.44962374581939796.
{'EMBEDDING_DIM': 32, 'HIDDEN_DIM': 550, 'NUM_LAYERS': 1, 'DROPOUT': 0.14546204095599263, 'LR': 0.008324543984769393, 'WEIGHT_0': 0.9602229608498009, 'WEIGHT_1': 0.05362956002507383, 'WEIGHT_2': 0.3288502891029402, 'WEIGHT_3': 0.1932351434192478, 'WEIGHT_4': 0.7409319046835715, 'WEIGHT_5': 0.43032602070393067, 'WEIGHT_6': 0.10387417440327516, 'WEIGHT_7': 0.8424314537499358, 'WEIGHT_8': 0.4054021874022335}
0
              precision    recall  f1-score   support

         LOC       0.00      0.00      0.00      1837
        MISC       0.00      0.00      0.00       922
         ORG       0.00      0.00      0.00      1341
         PER       0.00      0.00      0.00      1842

   micro avg       0.00      0.00      0.00      5942
   macro avg       0.00      0.00      0.00      5942
weighted avg       0.00      0.00      0.00      5942

{'EMBEDDING_DIM': 32, 'HIDDEN_DIM': 550, 'NUM_LAYERS': 1, 'DROPOUT': 0.14546204095599263, 'LR': 0.008324543984769393, 'WEIGHT_0': 0.9602229608498009, 'WEIGHT_1': 0.05362956002507383, 'WEIGHT_2': 0.3288502891029402, 'WEIGHT_3': 0.1932351434192478, 'WEIGHT_4': 0.7409319046835715, 'WEIGHT_5': 0.43032602070393067, 'WEIGHT_6': 0.10387417440327516, 'WEIGHT_7': 0.8424314537499358, 'WEIGHT_8': 0.4054021874022335}
49
              precision    recall  f1-score   support

         LOC       0.76      0.59      0.66      1837
        MISC       0.64      0.48      0.55       922
         ORG       0.44      0.20      0.28      1341
         PER       0.38      0.19      0.26      1842

   micro avg       0.58      0.36      0.45      5942
   macro avg       0.55      0.36      0.44      5942
weighted avg       0.55      0.36      0.43      5942

epoch 49
Transformer

  0%|          | 0/50 [00:00<?, ?it/s]
  2%|▏         | 1/50 [00:06<05:16,  6.46s/it]
  6%|▌         | 3/50 [00:06<01:22,  1.75s/it]
 10%|█         | 5/50 [00:06<00:40,  1.11it/s]
 12%|█▏        | 6/50 [00:06<00:30,  1.46it/s]
 16%|█▌        | 8/50 [00:07<00:17,  2.33it/s]
 20%|██        | 10/50 [00:07<00:11,  3.35it/s]
 24%|██▍       | 12/50 [00:07<00:08,  4.43it/s]
 28%|██▊       | 14/50 [00:07<00:06,  5.55it/s]
 32%|███▏      | 16/50 [00:07<00:05,  6.62it/s]
 36%|███▌      | 18/50 [00:08<00:04,  7.57it/s]
 40%|████      | 20/50 [00:08<00:03,  8.39it/s]
 44%|████▍     | 22/50 [00:08<00:03,  9.06it/s]
 48%|████▊     | 24/50 [00:08<00:02,  9.57it/s]
 52%|█████▏    | 26/50 [00:08<00:02,  9.98it/s]
 56%|█████▌    | 28/50 [00:08<00:02, 10.29it/s]
 60%|██████    | 30/50 [00:09<00:01, 10.49it/s]
 64%|██████▍   | 32/50 [00:09<00:01, 10.65it/s]
 68%|██████▊   | 34/50 [00:09<00:01, 10.76it/s]
 72%|███████▏  | 36/50 [00:09<00:01, 10.83it/s]
 76%|███████▌  | 38/50 [00:09<00:01, 10.91it/s]
 80%|████████  | 40/50 [00:10<00:00, 10.95it/s]
 84%|████████▍ | 42/50 [00:10<00:00, 10.94it/s]
 88%|████████▊ | 44/50 [00:10<00:00, 10.93it/s]
 92%|█████████▏| 46/50 [00:10<00:00, 10.95it/s]
 96%|█████████▌| 48/50 [00:10<00:00, 10.99it/s]
100%|██████████| 50/50 [00:16<00:00,  1.02it/s]
100%|██████████| 50/50 [00:16<00:00,  2.96it/s]
[I 2023-12-11 21:15:06,604] Trial 162 finished with value: 0.4352266805627931 and parameters: {'EMBEDDING_DIM': 32, 'HIDDEN_DIM': 642, 'NUM_LAYERS': 1, 'DROPOUT': 0.16505539826261934, 'LR': 0.00829316261575792, 'WEIGHT_0': 0.9458280318770986, 'WEIGHT_1': 0.01488125533218878, 'WEIGHT_2': 0.32931036528826013, 'WEIGHT_3': 0.23053503051630245, 'WEIGHT_4': 0.7355373640481081, 'WEIGHT_5': 0.4518283265936225, 'WEIGHT_6': 0.0963727685740022, 'WEIGHT_7': 0.8488586110833405, 'WEIGHT_8': 0.40364720527328574}. Best is trial 42 with value: 0.44962374581939796.
{'EMBEDDING_DIM': 32, 'HIDDEN_DIM': 642, 'NUM_LAYERS': 1, 'DROPOUT': 0.16505539826261934, 'LR': 0.00829316261575792, 'WEIGHT_0': 0.9458280318770986, 'WEIGHT_1': 0.01488125533218878, 'WEIGHT_2': 0.32931036528826013, 'WEIGHT_3': 0.23053503051630245, 'WEIGHT_4': 0.7355373640481081, 'WEIGHT_5': 0.4518283265936225, 'WEIGHT_6': 0.0963727685740022, 'WEIGHT_7': 0.8488586110833405, 'WEIGHT_8': 0.40364720527328574}
0
              precision    recall  f1-score   support

         LOC       0.00      0.00      0.00      1837
        MISC       0.00      0.00      0.00       922
         ORG       0.00      0.00      0.00      1341
         PER       0.00      0.00      0.00      1842

   micro avg       0.00      0.00      0.00      5942
   macro avg       0.00      0.00      0.00      5942
weighted avg       0.00      0.00      0.00      5942

{'EMBEDDING_DIM': 32, 'HIDDEN_DIM': 642, 'NUM_LAYERS': 1, 'DROPOUT': 0.16505539826261934, 'LR': 0.00829316261575792, 'WEIGHT_0': 0.9458280318770986, 'WEIGHT_1': 0.01488125533218878, 'WEIGHT_2': 0.32931036528826013, 'WEIGHT_3': 0.23053503051630245, 'WEIGHT_4': 0.7355373640481081, 'WEIGHT_5': 0.4518283265936225, 'WEIGHT_6': 0.0963727685740022, 'WEIGHT_7': 0.8488586110833405, 'WEIGHT_8': 0.40364720527328574}
49
              precision    recall  f1-score   support

         LOC       0.79      0.59      0.68      1837
        MISC       0.59      0.50      0.54       922
         ORG       0.43      0.17      0.24      1341
         PER       0.32      0.17      0.22      1842

   micro avg       0.57      0.35      0.44      5942
   macro avg       0.53      0.36      0.42      5942
weighted avg       0.53      0.35      0.42      5942

epoch 49
Transformer

  0%|          | 0/50 [00:00<?, ?it/s]
  2%|▏         | 1/50 [00:06<04:56,  6.04s/it]
  6%|▌         | 3/50 [00:06<01:17,  1.64s/it]
 10%|█         | 5/50 [00:06<00:38,  1.18it/s]
 14%|█▍        | 7/50 [00:06<00:22,  1.89it/s]
 18%|█▊        | 9/50 [00:06<00:15,  2.72it/s]
 22%|██▏       | 11/50 [00:07<00:10,  3.69it/s]
 26%|██▌       | 13/50 [00:07<00:07,  4.70it/s]
 28%|██▊       | 14/50 [00:07<00:07,  5.13it/s]
 30%|███       | 15/50 [00:07<00:06,  5.65it/s]
 32%|███▏      | 16/50 [00:07<00:05,  6.24it/s]
 34%|███▍      | 17/50 [00:07<00:04,  6.83it/s]
 36%|███▌      | 18/50 [00:07<00:04,  7.35it/s]
 38%|███▊      | 19/50 [00:07<00:04,  7.67it/s]
 40%|████      | 20/50 [00:07<00:03,  7.91it/s]
 42%|████▏     | 21/50 [00:08<00:03,  8.11it/s]
 44%|████▍     | 22/50 [00:08<00:03,  8.26it/s]
 46%|████▌     | 23/50 [00:08<00:03,  8.60it/s]
 50%|█████     | 25/50 [00:08<00:02,  9.65it/s]
 54%|█████▍    | 27/50 [00:08<00:02, 10.21it/s]
 58%|█████▊    | 29/50 [00:08<00:01, 10.57it/s]
 62%|██████▏   | 31/50 [00:09<00:01, 10.77it/s]
 66%|██████▌   | 33/50 [00:09<00:01, 10.90it/s]
 70%|███████   | 35/50 [00:09<00:01, 11.02it/s]
 74%|███████▍  | 37/50 [00:09<00:01, 11.07it/s]
 78%|███████▊  | 39/50 [00:09<00:00, 11.13it/s]
 82%|████████▏ | 41/50 [00:09<00:00, 11.17it/s]
 86%|████████▌ | 43/50 [00:10<00:00, 11.18it/s]
 90%|█████████ | 45/50 [00:10<00:00, 11.19it/s]
 94%|█████████▍| 47/50 [00:10<00:00, 11.21it/s]
 98%|█████████▊| 49/50 [00:10<00:00, 11.19it/s]
100%|██████████| 50/50 [00:16<00:00,  3.02it/s]
