[I 2023-12-11 21:15:29,024] Trial 163 finished with value: 0.44286461055933085 and parameters: {'EMBEDDING_DIM': 32, 'HIDDEN_DIM': 344, 'NUM_LAYERS': 1, 'DROPOUT': 0.14690805943913346, 'LR': 0.008567874291626853, 'WEIGHT_0': 0.9625134590251286, 'WEIGHT_1': 0.057349568979348134, 'WEIGHT_2': 0.34677030155908783, 'WEIGHT_3': 0.2800074118406878, 'WEIGHT_4': 0.7573587150886862, 'WEIGHT_5': 0.4005916794454404, 'WEIGHT_6': 0.10749785767846452, 'WEIGHT_7': 0.7982158413852557, 'WEIGHT_8': 0.379066764993027}. Best is trial 42 with value: 0.44962374581939796.
{'EMBEDDING_DIM': 32, 'HIDDEN_DIM': 344, 'NUM_LAYERS': 1, 'DROPOUT': 0.14690805943913346, 'LR': 0.008567874291626853, 'WEIGHT_0': 0.9625134590251286, 'WEIGHT_1': 0.057349568979348134, 'WEIGHT_2': 0.34677030155908783, 'WEIGHT_3': 0.2800074118406878, 'WEIGHT_4': 0.7573587150886862, 'WEIGHT_5': 0.4005916794454404, 'WEIGHT_6': 0.10749785767846452, 'WEIGHT_7': 0.7982158413852557, 'WEIGHT_8': 0.379066764993027}
0
              precision    recall  f1-score   support

         LOC       0.00      0.00      0.00      1837
        MISC       0.00      0.00      0.00       922
         ORG       0.00      0.00      0.00      1341
         PER       0.00      0.00      0.00      1842

   micro avg       0.00      0.00      0.00      5942
   macro avg       0.00      0.00      0.00      5942
weighted avg       0.00      0.00      0.00      5942

{'EMBEDDING_DIM': 32, 'HIDDEN_DIM': 344, 'NUM_LAYERS': 1, 'DROPOUT': 0.14690805943913346, 'LR': 0.008567874291626853, 'WEIGHT_0': 0.9625134590251286, 'WEIGHT_1': 0.057349568979348134, 'WEIGHT_2': 0.34677030155908783, 'WEIGHT_3': 0.2800074118406878, 'WEIGHT_4': 0.7573587150886862, 'WEIGHT_5': 0.4005916794454404, 'WEIGHT_6': 0.10749785767846452, 'WEIGHT_7': 0.7982158413852557, 'WEIGHT_8': 0.379066764993027}
49
              precision    recall  f1-score   support

         LOC       0.77      0.59      0.67      1837
        MISC       0.63      0.48      0.54       922
         ORG       0.44      0.20      0.28      1341
         PER       0.35      0.17      0.23      1842

   micro avg       0.58      0.36      0.44      5942
   macro avg       0.55      0.36      0.43      5942
weighted avg       0.55      0.36      0.43      5942

epoch 49
Transformer

  0%|          | 0/50 [00:00<?, ?it/s]
  2%|▏         | 1/50 [00:05<04:51,  5.95s/it]
  6%|▌         | 3/50 [00:06<01:15,  1.61s/it]
 10%|█         | 5/50 [00:06<00:37,  1.20it/s]
 12%|█▏        | 6/50 [00:06<00:28,  1.56it/s]
 16%|█▌        | 8/50 [00:06<00:16,  2.47it/s]
 20%|██        | 10/50 [00:06<00:11,  3.52it/s]
 22%|██▏       | 11/50 [00:06<00:09,  4.04it/s]
 24%|██▍       | 12/50 [00:07<00:08,  4.66it/s]
 26%|██▌       | 13/50 [00:07<00:07,  5.24it/s]
 28%|██▊       | 14/50 [00:07<00:06,  5.69it/s]
 32%|███▏      | 16/50 [00:07<00:04,  7.23it/s]
 36%|███▌      | 18/50 [00:07<00:03,  8.36it/s]
 40%|████      | 20/50 [00:07<00:03,  9.20it/s]
 44%|████▍     | 22/50 [00:08<00:02,  9.78it/s]
 48%|████▊     | 24/50 [00:08<00:02, 10.21it/s]
 52%|█████▏    | 26/50 [00:08<00:02, 10.51it/s]
 56%|█████▌    | 28/50 [00:08<00:02, 10.74it/s]
 60%|██████    | 30/50 [00:08<00:01, 10.91it/s]
 64%|██████▍   | 32/50 [00:08<00:01, 11.00it/s]
 68%|██████▊   | 34/50 [00:09<00:01, 11.07it/s]
 72%|███████▏  | 36/50 [00:09<00:01, 11.13it/s]
 76%|███████▌  | 38/50 [00:09<00:01, 11.15it/s]
 80%|████████  | 40/50 [00:09<00:00, 11.19it/s]
 84%|████████▍ | 42/50 [00:09<00:00, 11.19it/s]
 88%|████████▊ | 44/50 [00:09<00:00, 11.19it/s]
 92%|█████████▏| 46/50 [00:10<00:00, 11.22it/s]
 96%|█████████▌| 48/50 [00:10<00:00, 11.22it/s]
100%|██████████| 50/50 [00:16<00:00,  1.04it/s]
100%|██████████| 50/50 [00:16<00:00,  3.06it/s]
[I 2023-12-11 21:15:51,245] Trial 164 finished with value: 0.4418676881664768 and parameters: {'EMBEDDING_DIM': 32, 'HIDDEN_DIM': 521, 'NUM_LAYERS': 1, 'DROPOUT': 0.150955429865926, 'LR': 0.008456855274070026, 'WEIGHT_0': 0.9628460318548341, 'WEIGHT_1': 0.07516414705785243, 'WEIGHT_2': 0.34179112956401186, 'WEIGHT_3': 0.2900113488775128, 'WEIGHT_4': 0.7600325875114736, 'WEIGHT_5': 0.4417454100025393, 'WEIGHT_6': 0.07887674203078596, 'WEIGHT_7': 0.7991127187745993, 'WEIGHT_8': 0.38490042225356785}. Best is trial 42 with value: 0.44962374581939796.
{'EMBEDDING_DIM': 32, 'HIDDEN_DIM': 521, 'NUM_LAYERS': 1, 'DROPOUT': 0.150955429865926, 'LR': 0.008456855274070026, 'WEIGHT_0': 0.9628460318548341, 'WEIGHT_1': 0.07516414705785243, 'WEIGHT_2': 0.34179112956401186, 'WEIGHT_3': 0.2900113488775128, 'WEIGHT_4': 0.7600325875114736, 'WEIGHT_5': 0.4417454100025393, 'WEIGHT_6': 0.07887674203078596, 'WEIGHT_7': 0.7991127187745993, 'WEIGHT_8': 0.38490042225356785}
0
              precision    recall  f1-score   support

         LOC       0.00      0.00      0.00      1837
        MISC       0.00      0.00      0.00       922
         ORG       0.00      0.00      0.00      1341
         PER       0.00      0.00      0.00      1842

   micro avg       0.00      0.00      0.00      5942
   macro avg       0.00      0.00      0.00      5942
weighted avg       0.00      0.00      0.00      5942

{'EMBEDDING_DIM': 32, 'HIDDEN_DIM': 521, 'NUM_LAYERS': 1, 'DROPOUT': 0.150955429865926, 'LR': 0.008456855274070026, 'WEIGHT_0': 0.9628460318548341, 'WEIGHT_1': 0.07516414705785243, 'WEIGHT_2': 0.34179112956401186, 'WEIGHT_3': 0.2900113488775128, 'WEIGHT_4': 0.7600325875114736, 'WEIGHT_5': 0.4417454100025393, 'WEIGHT_6': 0.07887674203078596, 'WEIGHT_7': 0.7991127187745993, 'WEIGHT_8': 0.38490042225356785}
49
              precision    recall  f1-score   support

         LOC       0.77      0.59      0.67      1837
        MISC       0.57      0.49      0.53       922
         ORG       0.43      0.20      0.28      1341
         PER       0.37      0.18      0.24      1842

   micro avg       0.57      0.36      0.44      5942
   macro avg       0.54      0.37      0.43      5942
weighted avg       0.54      0.36      0.43      5942

epoch 49
Transformer

  0%|          | 0/50 [00:00<?, ?it/s]
  2%|▏         | 1/50 [00:05<04:46,  5.84s/it]
  6%|▌         | 3/50 [00:06<01:14,  1.58s/it]
 10%|█         | 5/50 [00:06<00:36,  1.23it/s]
 12%|█▏        | 6/50 [00:06<00:27,  1.60it/s]
 16%|█▌        | 8/50 [00:06<00:16,  2.55it/s]
 20%|██        | 10/50 [00:06<00:11,  3.58it/s]
 22%|██▏       | 11/50 [00:06<00:09,  4.13it/s]
 24%|██▍       | 12/50 [00:06<00:08,  4.74it/s]
 26%|██▌       | 13/50 [00:07<00:07,  5.25it/s]
 28%|██▊       | 14/50 [00:07<00:06,  5.66it/s]
 32%|███▏      | 16/50 [00:07<00:04,  7.25it/s]
 36%|███▌      | 18/50 [00:07<00:03,  8.41it/s]
 40%|████      | 20/50 [00:07<00:03,  9.27it/s]
 44%|████▍     | 22/50 [00:07<00:02,  9.89it/s]
 48%|████▊     | 24/50 [00:08<00:02, 10.31it/s]
 52%|█████▏    | 26/50 [00:08<00:02, 10.64it/s]
 56%|█████▌    | 28/50 [00:08<00:02, 10.87it/s]
 60%|██████    | 30/50 [00:08<00:01, 11.02it/s]
 64%|██████▍   | 32/50 [00:08<00:01, 11.14it/s]
 68%|██████▊   | 34/50 [00:08<00:01, 11.21it/s]
 72%|███████▏  | 36/50 [00:09<00:01, 11.23it/s]
 76%|███████▌  | 38/50 [00:09<00:01, 11.28it/s]
 80%|████████  | 40/50 [00:09<00:00, 11.31it/s]
 84%|████████▍ | 42/50 [00:09<00:00, 11.33it/s]
 88%|████████▊ | 44/50 [00:09<00:00, 11.35it/s]
 92%|█████████▏| 46/50 [00:09<00:00, 11.37it/s]
 96%|█████████▌| 48/50 [00:10<00:00, 11.36it/s]
100%|██████████| 50/50 [00:16<00:00,  1.04it/s]
100%|██████████| 50/50 [00:16<00:00,  3.10it/s]
[I 2023-12-11 21:16:13,245] Trial 165 finished with value: 0.4383731760322881 and parameters: {'EMBEDDING_DIM': 32, 'HIDDEN_DIM': 577, 'NUM_LAYERS': 1, 'DROPOUT': 0.15079453820043154, 'LR': 0.008516990941570143, 'WEIGHT_0': 0.9820993808001142, 'WEIGHT_1': 0.06846526658600825, 'WEIGHT_2': 0.3501295196748917, 'WEIGHT_3': 0.29365474585167467, 'WEIGHT_4': 0.7044507038537681, 'WEIGHT_5': 0.4895983463246899, 'WEIGHT_6': 0.11110751212082011, 'WEIGHT_7': 0.7273855912918629, 'WEIGHT_8': 0.391490925427224}. Best is trial 42 with value: 0.44962374581939796.
{'EMBEDDING_DIM': 32, 'HIDDEN_DIM': 577, 'NUM_LAYERS': 1, 'DROPOUT': 0.15079453820043154, 'LR': 0.008516990941570143, 'WEIGHT_0': 0.9820993808001142, 'WEIGHT_1': 0.06846526658600825, 'WEIGHT_2': 0.3501295196748917, 'WEIGHT_3': 0.29365474585167467, 'WEIGHT_4': 0.7044507038537681, 'WEIGHT_5': 0.4895983463246899, 'WEIGHT_6': 0.11110751212082011, 'WEIGHT_7': 0.7273855912918629, 'WEIGHT_8': 0.391490925427224}
0
              precision    recall  f1-score   support

         LOC       0.00      0.00      0.00      1837
        MISC       0.00      0.00      0.00       922
         ORG       0.00      0.00      0.00      1341
         PER       0.00      0.00      0.00      1842

   micro avg       0.00      0.00      0.00      5942
   macro avg       0.00      0.00      0.00      5942
weighted avg       0.00      0.00      0.00      5942

{'EMBEDDING_DIM': 32, 'HIDDEN_DIM': 577, 'NUM_LAYERS': 1, 'DROPOUT': 0.15079453820043154, 'LR': 0.008516990941570143, 'WEIGHT_0': 0.9820993808001142, 'WEIGHT_1': 0.06846526658600825, 'WEIGHT_2': 0.3501295196748917, 'WEIGHT_3': 0.29365474585167467, 'WEIGHT_4': 0.7044507038537681, 'WEIGHT_5': 0.4895983463246899, 'WEIGHT_6': 0.11110751212082011, 'WEIGHT_7': 0.7273855912918629, 'WEIGHT_8': 0.391490925427224}
49
              precision    recall  f1-score   support

         LOC       0.74      0.57      0.65      1837
        MISC       0.61      0.49      0.54       922
         ORG       0.44      0.21      0.29      1341
         PER       0.36      0.18      0.24      1842

   micro avg       0.57      0.36      0.44      5942
   macro avg       0.54      0.36      0.43      5942
weighted avg       0.53      0.36      0.42      5942

epoch 49
Transformer

  0%|          | 0/50 [00:00<?, ?it/s]
  2%|▏         | 1/50 [00:08<06:44,  8.26s/it]
  4%|▍         | 2/50 [00:10<03:44,  4.68s/it]
  6%|▌         | 3/50 [00:12<02:47,  3.56s/it]
  8%|▊         | 4/50 [00:14<02:19,  3.04s/it]
 10%|█         | 5/50 [00:17<02:03,  2.75s/it]
 12%|█▏        | 6/50 [00:19<01:53,  2.58s/it]
 14%|█▍        | 7/50 [00:21<01:46,  2.47s/it]
 16%|█▌        | 8/50 [00:23<01:40,  2.40s/it]
 18%|█▊        | 9/50 [00:26<01:36,  2.35s/it]
 20%|██        | 10/50 [00:28<01:32,  2.32s/it]
 22%|██▏       | 11/50 [00:30<01:29,  2.30s/it]
 24%|██▍       | 12/50 [00:32<01:27,  2.29s/it]
 26%|██▌       | 13/50 [00:35<01:24,  2.28s/it]
 28%|██▊       | 14/50 [00:37<01:22,  2.28s/it]
 30%|███       | 15/50 [00:39<01:19,  2.28s/it]
 32%|███▏      | 16/50 [00:41<01:17,  2.27s/it]
 34%|███▍      | 17/50 [00:44<01:15,  2.27s/it]
 36%|███▌      | 18/50 [00:46<01:12,  2.27s/it]
 38%|███▊      | 19/50 [00:48<01:10,  2.28s/it]
 40%|████      | 20/50 [00:51<01:08,  2.28s/it]
 42%|████▏     | 21/50 [00:53<01:06,  2.28s/it]
 44%|████▍     | 22/50 [00:55<01:03,  2.28s/it]
 46%|████▌     | 23/50 [00:57<01:01,  2.28s/it]
 48%|████▊     | 24/50 [01:00<00:59,  2.29s/it]
 50%|█████     | 25/50 [01:02<00:57,  2.29s/it]
 52%|█████▏    | 26/50 [01:04<00:55,  2.29s/it]
 54%|█████▍    | 27/50 [01:07<00:52,  2.30s/it]
 56%|█████▌    | 28/50 [01:09<00:50,  2.31s/it]
 58%|█████▊    | 29/50 [01:11<00:48,  2.32s/it]
 60%|██████    | 30/50 [01:14<00:46,  2.33s/it]
 62%|██████▏   | 31/50 [01:16<00:44,  2.32s/it]
 64%|██████▍   | 32/50 [01:18<00:41,  2.33s/it]
 66%|██████▌   | 33/50 [01:21<00:39,  2.33s/it]
 68%|██████▊   | 34/50 [01:23<00:37,  2.33s/it]
 70%|███████   | 35/50 [01:25<00:35,  2.34s/it]
 72%|███████▏  | 36/50 [01:28<00:32,  2.34s/it]
 74%|███████▍  | 37/50 [01:30<00:30,  2.34s/it]
 76%|███████▌  | 38/50 [01:32<00:27,  2.32s/it]
 78%|███████▊  | 39/50 [01:35<00:25,  2.28s/it]
 80%|████████  | 40/50 [01:37<00:22,  2.26s/it]
 82%|████████▏ | 41/50 [01:39<00:20,  2.24s/it]
 84%|████████▍ | 42/50 [01:41<00:17,  2.23s/it]
 86%|████████▌ | 43/50 [01:43<00:15,  2.22s/it]
 88%|████████▊ | 44/50 [01:46<00:13,  2.21s/it]
 90%|█████████ | 45/50 [01:48<00:11,  2.21s/it]
 92%|█████████▏| 46/50 [01:50<00:08,  2.20s/it]
 94%|█████████▍| 47/50 [01:52<00:06,  2.20s/it]
 96%|█████████▌| 48/50 [01:54<00:04,  2.20s/it]
 98%|█████████▊| 49/50 [01:56<00:02,  2.19s/it]
100%|██████████| 50/50 [02:05<00:00,  4.01s/it]
100%|██████████| 50/50 [02:05<00:00,  2.50s/it]
[I 2023-12-11 21:18:25,513] Trial 166 finished with value: 0.0 and parameters: {'EMBEDDING_DIM': 2048, 'HIDDEN_DIM': 361, 'NUM_LAYERS': 1, 'DROPOUT': 0.15577859604463073, 'LR': 0.008843931176456437, 'WEIGHT_0': 0.9641290610404578, 'WEIGHT_1': 0.036954035242014134, 'WEIGHT_2': 0.3338287738821409, 'WEIGHT_3': 0.27652841802640094, 'WEIGHT_4': 0.7494273337274042, 'WEIGHT_5': 0.43006511441150347, 'WEIGHT_6': 0.0791686689354514, 'WEIGHT_7': 0.7861259203727866, 'WEIGHT_8': 0.4259238295247763}. Best is trial 42 with value: 0.44962374581939796.
{'EMBEDDING_DIM': 2048, 'HIDDEN_DIM': 361, 'NUM_LAYERS': 1, 'DROPOUT': 0.15577859604463073, 'LR': 0.008843931176456437, 'WEIGHT_0': 0.9641290610404578, 'WEIGHT_1': 0.036954035242014134, 'WEIGHT_2': 0.3338287738821409, 'WEIGHT_3': 0.27652841802640094, 'WEIGHT_4': 0.7494273337274042, 'WEIGHT_5': 0.43006511441150347, 'WEIGHT_6': 0.0791686689354514, 'WEIGHT_7': 0.7861259203727866, 'WEIGHT_8': 0.4259238295247763}
0
              precision    recall  f1-score   support

         LOC       0.00      0.00      0.00      1837
        MISC       0.00      0.00      0.00       922
         ORG       0.00      0.00      0.00      1341
         PER       0.01      0.03      0.02      1842

   micro avg       0.01      0.01      0.01      5942
   macro avg       0.00      0.01      0.01      5942
weighted avg       0.00      0.01      0.01      5942

{'EMBEDDING_DIM': 2048, 'HIDDEN_DIM': 361, 'NUM_LAYERS': 1, 'DROPOUT': 0.15577859604463073, 'LR': 0.008843931176456437, 'WEIGHT_0': 0.9641290610404578, 'WEIGHT_1': 0.036954035242014134, 'WEIGHT_2': 0.3338287738821409, 'WEIGHT_3': 0.27652841802640094, 'WEIGHT_4': 0.7494273337274042, 'WEIGHT_5': 0.43006511441150347, 'WEIGHT_6': 0.0791686689354514, 'WEIGHT_7': 0.7861259203727866, 'WEIGHT_8': 0.4259238295247763}
49
              precision    recall  f1-score   support

         LOC       0.00      0.00      0.00      1837
        MISC       0.00      0.00      0.00       922
         ORG       0.00      0.00      0.00      1341
         PER       0.00      0.00      0.00      1842

   micro avg       0.00      0.00      0.00      5942
   macro avg       0.00      0.00      0.00      5942
weighted avg       0.00      0.00      0.00      5942

epoch 49
Transformer

  0%|          | 0/50 [00:00<?, ?it/s]
  2%|▏         | 1/50 [00:06<05:01,  6.15s/it]
  4%|▍         | 2/50 [00:06<02:07,  2.65s/it]
  6%|▌         | 3/50 [00:06<01:11,  1.52s/it]
  8%|▊         | 4/50 [00:06<00:45,  1.00it/s]
 10%|█         | 5/50 [00:06<00:31,  1.42it/s]
 12%|█▏        | 6/50 [00:07<00:23,  1.90it/s]
 14%|█▍        | 7/50 [00:07<00:17,  2.41it/s]
 16%|█▌        | 8/50 [00:07<00:14,  2.92it/s]
 18%|█▊        | 9/50 [00:07<00:12,  3.41it/s]
 20%|██        | 10/50 [00:07<00:10,  3.84it/s]
 22%|██▏       | 11/50 [00:08<00:09,  4.21it/s]
 24%|██▍       | 12/50 [00:08<00:08,  4.51it/s]
 26%|██▌       | 13/50 [00:08<00:07,  4.74it/s]
 28%|██▊       | 14/50 [00:08<00:07,  4.92it/s]
 30%|███       | 15/50 [00:08<00:06,  5.02it/s]
 32%|███▏      | 16/50 [00:08<00:06,  5.08it/s]
 34%|███▍      | 17/50 [00:09<00:06,  5.06it/s]
 36%|███▌      | 18/50 [00:09<00:06,  4.98it/s]
 38%|███▊      | 19/50 [00:09<00:06,  4.90it/s]
 40%|████      | 20/50 [00:09<00:06,  4.82it/s]
 42%|████▏     | 21/50 [00:09<00:05,  4.94it/s]
 44%|████▍     | 22/50 [00:10<00:05,  5.05it/s]
 46%|████▌     | 23/50 [00:10<00:05,  5.12it/s]
 48%|████▊     | 24/50 [00:10<00:05,  5.18it/s]
 50%|█████     | 25/50 [00:10<00:04,  5.22it/s]
 52%|█████▏    | 26/50 [00:10<00:04,  5.27it/s]
 54%|█████▍    | 27/50 [00:11<00:04,  5.30it/s]
 56%|█████▌    | 28/50 [00:11<00:04,  5.32it/s]
 58%|█████▊    | 29/50 [00:11<00:03,  5.34it/s]
 60%|██████    | 30/50 [00:11<00:03,  5.35it/s]
 62%|██████▏   | 31/50 [00:11<00:03,  5.35it/s]
 64%|██████▍   | 32/50 [00:12<00:03,  5.36it/s]
 66%|██████▌   | 33/50 [00:12<00:03,  5.34it/s]
 68%|██████▊   | 34/50 [00:12<00:02,  5.34it/s]
 70%|███████   | 35/50 [00:12<00:02,  5.27it/s]
 72%|███████▏  | 36/50 [00:12<00:02,  5.15it/s]
 74%|███████▍  | 37/50 [00:13<00:02,  5.04it/s]
 76%|███████▌  | 38/50 [00:13<00:02,  4.95it/s]
 78%|███████▊  | 39/50 [00:13<00:02,  4.89it/s]
 80%|████████  | 40/50 [00:13<00:02,  4.84it/s]
 82%|████████▏ | 41/50 [00:13<00:01,  4.79it/s]
 84%|████████▍ | 42/50 [00:14<00:01,  4.67it/s]
 86%|████████▌ | 43/50 [00:14<00:01,  4.59it/s]
 88%|████████▊ | 44/50 [00:14<00:01,  4.53it/s]
 90%|█████████ | 45/50 [00:14<00:01,  4.47it/s]
 92%|█████████▏| 46/50 [00:14<00:00,  4.64it/s]
 94%|█████████▍| 47/50 [00:15<00:00,  4.82it/s]
 96%|█████████▌| 48/50 [00:15<00:00,  4.96it/s]
 98%|█████████▊| 49/50 [00:15<00:00,  5.06it/s]
100%|██████████| 50/50 [00:21<00:00,  1.99s/it]
100%|██████████| 50/50 [00:21<00:00,  2.30it/s]
[I 2023-12-11 21:18:53,082] Trial 167 finished with value: 0.21238112996457206 and parameters: {'EMBEDDING_DIM': 256, 'HIDDEN_DIM': 735, 'NUM_LAYERS': 1, 'DROPOUT': 0.17843473198513893, 'LR': 0.008551686130223606, 'WEIGHT_0': 0.9687961793513968, 'WEIGHT_1': 0.07773807663924413, 'WEIGHT_2': 0.35769701372633456, 'WEIGHT_3': 0.3407283996341915, 'WEIGHT_4': 0.7616482586395124, 'WEIGHT_5': 0.4218067298100629, 'WEIGHT_6': 0.08828265413966749, 'WEIGHT_7': 0.9184947921731027, 'WEIGHT_8': 0.40886698597866183}. Best is trial 42 with value: 0.44962374581939796.
{'EMBEDDING_DIM': 256, 'HIDDEN_DIM': 735, 'NUM_LAYERS': 1, 'DROPOUT': 0.17843473198513893, 'LR': 0.008551686130223606, 'WEIGHT_0': 0.9687961793513968, 'WEIGHT_1': 0.07773807663924413, 'WEIGHT_2': 0.35769701372633456, 'WEIGHT_3': 0.3407283996341915, 'WEIGHT_4': 0.7616482586395124, 'WEIGHT_5': 0.4218067298100629, 'WEIGHT_6': 0.08828265413966749, 'WEIGHT_7': 0.9184947921731027, 'WEIGHT_8': 0.40886698597866183}
0
              precision    recall  f1-score   support

         LOC       0.00      0.00      0.00      1837
        MISC       0.00      0.00      0.00       922
         ORG       0.00      0.00      0.00      1341
         PER       0.00      0.00      0.00      1842

   micro avg       0.00      0.00      0.00      5942
   macro avg       0.00      0.00      0.00      5942
weighted avg       0.00      0.00      0.00      5942

{'EMBEDDING_DIM': 256, 'HIDDEN_DIM': 735, 'NUM_LAYERS': 1, 'DROPOUT': 0.17843473198513893, 'LR': 0.008551686130223606, 'WEIGHT_0': 0.9687961793513968, 'WEIGHT_1': 0.07773807663924413, 'WEIGHT_2': 0.35769701372633456, 'WEIGHT_3': 0.3407283996341915, 'WEIGHT_4': 0.7616482586395124, 'WEIGHT_5': 0.4218067298100629, 'WEIGHT_6': 0.08828265413966749, 'WEIGHT_7': 0.9184947921731027, 'WEIGHT_8': 0.40886698597866183}
49
              precision    recall  f1-score   support

         LOC       0.41      0.40      0.41      1837
        MISC       0.14      0.06      0.08       922
         ORG       0.00      0.00      0.00      1341
         PER       0.13      0.19      0.15      1842

   micro avg       0.24      0.19      0.21      5942
   macro avg       0.17      0.16      0.16      5942
weighted avg       0.19      0.19      0.19      5942

epoch 49
Transformer

  0%|          | 0/50 [00:00<?, ?it/s]
  2%|▏         | 1/50 [00:06<04:56,  6.05s/it]
  4%|▍         | 2/50 [00:06<02:03,  2.57s/it]
  6%|▌         | 3/50 [00:06<01:08,  1.45s/it]
  8%|▊         | 4/50 [00:06<00:42,  1.08it/s]
 10%|█         | 5/50 [00:06<00:28,  1.57it/s]
 12%|█▏        | 6/50 [00:06<00:20,  2.16it/s]
 14%|█▍        | 7/50 [00:06<00:15,  2.84it/s]
 16%|█▌        | 8/50 [00:06<00:11,  3.59it/s]
 18%|█▊        | 9/50 [00:07<00:09,  4.34it/s]
 20%|██        | 10/50 [00:07<00:07,  5.08it/s]
 22%|██▏       | 11/50 [00:07<00:06,  5.76it/s]
 24%|██▍       | 12/50 [00:07<00:05,  6.35it/s]
 26%|██▌       | 13/50 [00:07<00:05,  6.83it/s]
 28%|██▊       | 14/50 [00:07<00:04,  7.20it/s]
 30%|███       | 15/50 [00:07<00:04,  7.49it/s]
 32%|███▏      | 16/50 [00:07<00:04,  7.71it/s]
 34%|███▍      | 17/50 [00:08<00:04,  7.87it/s]
 36%|███▌      | 18/50 [00:08<00:04,  7.98it/s]
 38%|███▊      | 19/50 [00:08<00:03,  8.06it/s]
 40%|████      | 20/50 [00:08<00:03,  8.12it/s]
 42%|████▏     | 21/50 [00:08<00:03,  8.16it/s]
 44%|████▍     | 22/50 [00:08<00:03,  8.17it/s]
 46%|████▌     | 23/50 [00:08<00:03,  8.20it/s]
 48%|████▊     | 24/50 [00:08<00:03,  8.22it/s]
 50%|█████     | 25/50 [00:08<00:03,  8.24it/s]
 52%|█████▏    | 26/50 [00:09<00:02,  8.25it/s]
 54%|█████▍    | 27/50 [00:09<00:02,  8.24it/s]
 56%|█████▌    | 28/50 [00:09<00:02,  8.24it/s]
 58%|█████▊    | 29/50 [00:09<00:02,  8.25it/s]
 60%|██████    | 30/50 [00:09<00:02,  8.26it/s]
 62%|██████▏   | 31/50 [00:09<00:02,  8.25it/s]
 64%|██████▍   | 32/50 [00:09<00:02,  8.26it/s]
 66%|██████▌   | 33/50 [00:09<00:02,  8.26it/s]
 68%|██████▊   | 34/50 [00:10<00:01,  8.26it/s]
 70%|███████   | 35/50 [00:10<00:01,  8.25it/s]
 72%|███████▏  | 36/50 [00:10<00:01,  8.26it/s]
 74%|███████▍  | 37/50 [00:10<00:01,  8.26it/s]
 76%|███████▌  | 38/50 [00:10<00:01,  8.27it/s]
 78%|███████▊  | 39/50 [00:10<00:01,  8.25it/s]
 80%|████████  | 40/50 [00:10<00:01,  8.26it/s]
 82%|████████▏ | 41/50 [00:10<00:01,  8.26it/s]
 84%|████████▍ | 42/50 [00:11<00:00,  8.26it/s]
 86%|████████▌ | 43/50 [00:11<00:00,  8.27it/s]
 88%|████████▊ | 44/50 [00:11<00:00,  8.25it/s]
 90%|█████████ | 45/50 [00:11<00:00,  8.25it/s]
 92%|█████████▏| 46/50 [00:11<00:00,  8.26it/s]
 94%|█████████▍| 47/50 [00:11<00:00,  8.24it/s]
 96%|█████████▌| 48/50 [00:11<00:00,  8.24it/s]
 98%|█████████▊| 49/50 [00:11<00:00,  8.25it/s]
100%|██████████| 50/50 [00:17<00:00,  1.89s/it]
100%|██████████| 50/50 [00:17<00:00,  2.79it/s]
