[I 2023-12-11 20:26:32,898] Trial 66 finished with value: 0.4374288375944519 and parameters: {'EMBEDDING_DIM': 32, 'HIDDEN_DIM': 506, 'NUM_LAYERS': 1, 'DROPOUT': 0.09412537486960237, 'LR': 0.008565501010161299, 'WEIGHT_0': 0.769207493252382, 'WEIGHT_1': 0.2539208581718506, 'WEIGHT_2': 0.26930945386162036, 'WEIGHT_3': 0.07403346347525283, 'WEIGHT_4': 0.9041772395695834, 'WEIGHT_5': 0.2379548762503524, 'WEIGHT_6': 0.023452898175936966, 'WEIGHT_7': 0.9614300861337798, 'WEIGHT_8': 0.5184262913925072}. Best is trial 42 with value: 0.44962374581939796.
{'EMBEDDING_DIM': 32, 'HIDDEN_DIM': 506, 'NUM_LAYERS': 1, 'DROPOUT': 0.09412537486960237, 'LR': 0.008565501010161299, 'WEIGHT_0': 0.769207493252382, 'WEIGHT_1': 0.2539208581718506, 'WEIGHT_2': 0.26930945386162036, 'WEIGHT_3': 0.07403346347525283, 'WEIGHT_4': 0.9041772395695834, 'WEIGHT_5': 0.2379548762503524, 'WEIGHT_6': 0.023452898175936966, 'WEIGHT_7': 0.9614300861337798, 'WEIGHT_8': 0.5184262913925072}
0
              precision    recall  f1-score   support

         LOC       0.00      0.00      0.00      1837
        MISC       0.00      0.00      0.00       922
         ORG       0.00      0.00      0.00      1341
         PER       0.00      0.00      0.00      1842

   micro avg       0.00      0.00      0.00      5942
   macro avg       0.00      0.00      0.00      5942
weighted avg       0.00      0.00      0.00      5942

{'EMBEDDING_DIM': 32, 'HIDDEN_DIM': 506, 'NUM_LAYERS': 1, 'DROPOUT': 0.09412537486960237, 'LR': 0.008565501010161299, 'WEIGHT_0': 0.769207493252382, 'WEIGHT_1': 0.2539208581718506, 'WEIGHT_2': 0.26930945386162036, 'WEIGHT_3': 0.07403346347525283, 'WEIGHT_4': 0.9041772395695834, 'WEIGHT_5': 0.2379548762503524, 'WEIGHT_6': 0.023452898175936966, 'WEIGHT_7': 0.9614300861337798, 'WEIGHT_8': 0.5184262913925072}
49
              precision    recall  f1-score   support

         LOC       0.76      0.57      0.65      1837
        MISC       0.63      0.48      0.54       922
         ORG       0.39      0.20      0.27      1341
         PER       0.38      0.19      0.25      1842

   micro avg       0.57      0.36      0.44      5942
   macro avg       0.54      0.36      0.43      5942
weighted avg       0.54      0.36      0.42      5942

epoch 49
Transformer

  0%|          | 0/50 [00:00<?, ?it/s]
  2%|▏         | 1/50 [00:06<04:57,  6.07s/it]
  4%|▍         | 2/50 [00:06<02:02,  2.56s/it]
  6%|▌         | 3/50 [00:06<01:07,  1.44s/it]
  8%|▊         | 4/50 [00:06<00:41,  1.10it/s]
 10%|█         | 5/50 [00:06<00:27,  1.62it/s]
 14%|█▍        | 7/50 [00:06<00:15,  2.79it/s]
 18%|█▊        | 9/50 [00:06<00:10,  4.06it/s]
 22%|██▏       | 11/50 [00:07<00:07,  5.33it/s]
 26%|██▌       | 13/50 [00:07<00:05,  6.51it/s]
 30%|███       | 15/50 [00:07<00:04,  7.54it/s]
 34%|███▍      | 17/50 [00:07<00:04,  7.81it/s]
 36%|███▌      | 18/50 [00:07<00:03,  8.05it/s]
 38%|███▊      | 19/50 [00:07<00:03,  8.30it/s]
 40%|████      | 20/50 [00:07<00:03,  8.52it/s]
 42%|████▏     | 21/50 [00:08<00:03,  8.71it/s]
 44%|████▍     | 22/50 [00:08<00:03,  8.85it/s]
 46%|████▌     | 23/50 [00:08<00:03,  8.98it/s]
 48%|████▊     | 24/50 [00:08<00:02,  9.08it/s]
 50%|█████     | 25/50 [00:08<00:02,  9.15it/s]
 54%|█████▍    | 27/50 [00:08<00:02,  9.83it/s]
 58%|█████▊    | 29/50 [00:08<00:02, 10.23it/s]
 62%|██████▏   | 31/50 [00:09<00:01, 10.46it/s]
 66%|██████▌   | 33/50 [00:09<00:01, 10.56it/s]
 70%|███████   | 35/50 [00:09<00:01, 10.69it/s]
 74%|███████▍  | 37/50 [00:09<00:01, 10.76it/s]
 78%|███████▊  | 39/50 [00:09<00:01, 10.68it/s]
 82%|████████▏ | 41/50 [00:09<00:00, 10.77it/s]
 86%|████████▌ | 43/50 [00:10<00:00, 10.81it/s]
 90%|█████████ | 45/50 [00:10<00:00, 10.82it/s]
 94%|█████████▍| 47/50 [00:10<00:00, 10.85it/s]
 98%|█████████▊| 49/50 [00:10<00:00, 10.88it/s]
100%|██████████| 50/50 [00:16<00:00,  2.98it/s]
[I 2023-12-11 20:26:55,500] Trial 67 finished with value: 0.4240799917534275 and parameters: {'EMBEDDING_DIM': 32, 'HIDDEN_DIM': 549, 'NUM_LAYERS': 1, 'DROPOUT': 0.12021192437016776, 'LR': 0.009673049612985252, 'WEIGHT_0': 0.7873433773373537, 'WEIGHT_1': 0.30094434029592065, 'WEIGHT_2': 0.2796566023914564, 'WEIGHT_3': 0.15719056770402823, 'WEIGHT_4': 0.8410436074284489, 'WEIGHT_5': 0.18249698564243838, 'WEIGHT_6': 0.0012995388618993187, 'WEIGHT_7': 0.9694027037481943, 'WEIGHT_8': 0.40295329862456414}. Best is trial 42 with value: 0.44962374581939796.
{'EMBEDDING_DIM': 32, 'HIDDEN_DIM': 549, 'NUM_LAYERS': 1, 'DROPOUT': 0.12021192437016776, 'LR': 0.009673049612985252, 'WEIGHT_0': 0.7873433773373537, 'WEIGHT_1': 0.30094434029592065, 'WEIGHT_2': 0.2796566023914564, 'WEIGHT_3': 0.15719056770402823, 'WEIGHT_4': 0.8410436074284489, 'WEIGHT_5': 0.18249698564243838, 'WEIGHT_6': 0.0012995388618993187, 'WEIGHT_7': 0.9694027037481943, 'WEIGHT_8': 0.40295329862456414}
0
              precision    recall  f1-score   support

         LOC       0.00      0.00      0.00      1837
        MISC       0.00      0.00      0.00       922
         ORG       0.00      0.00      0.00      1341
         PER       0.00      0.00      0.00      1842

   micro avg       0.00      0.00      0.00      5942
   macro avg       0.00      0.00      0.00      5942
weighted avg       0.00      0.00      0.00      5942

{'EMBEDDING_DIM': 32, 'HIDDEN_DIM': 549, 'NUM_LAYERS': 1, 'DROPOUT': 0.12021192437016776, 'LR': 0.009673049612985252, 'WEIGHT_0': 0.7873433773373537, 'WEIGHT_1': 0.30094434029592065, 'WEIGHT_2': 0.2796566023914564, 'WEIGHT_3': 0.15719056770402823, 'WEIGHT_4': 0.8410436074284489, 'WEIGHT_5': 0.18249698564243838, 'WEIGHT_6': 0.0012995388618993187, 'WEIGHT_7': 0.9694027037481943, 'WEIGHT_8': 0.40295329862456414}
49
              precision    recall  f1-score   support

         LOC       0.78      0.53      0.63      1837
        MISC       0.56      0.48      0.51       922
         ORG       0.41      0.22      0.29      1341
         PER       0.35      0.19      0.25      1842

   micro avg       0.55      0.35      0.42      5942
   macro avg       0.52      0.35      0.42      5942
weighted avg       0.53      0.35      0.42      5942

epoch 49
Transformer

  0%|          | 0/50 [00:00<?, ?it/s]
  2%|▏         | 1/50 [00:07<05:45,  7.05s/it]
  4%|▍         | 2/50 [00:07<02:30,  3.14s/it]
  6%|▌         | 3/50 [00:07<01:28,  1.88s/it]
  8%|▊         | 4/50 [00:08<00:59,  1.28s/it]
 10%|█         | 5/50 [00:08<00:42,  1.05it/s]
 12%|█▏        | 6/50 [00:08<00:33,  1.32it/s]
 14%|█▍        | 7/50 [00:09<00:27,  1.58it/s]
 16%|█▌        | 8/50 [00:09<00:23,  1.82it/s]
 18%|█▊        | 9/50 [00:10<00:20,  2.02it/s]
 20%|██        | 10/50 [00:10<00:18,  2.19it/s]
 22%|██▏       | 11/50 [00:10<00:16,  2.32it/s]
 24%|██▍       | 12/50 [00:11<00:15,  2.42it/s]
 26%|██▌       | 13/50 [00:11<00:14,  2.49it/s]
 28%|██▊       | 14/50 [00:11<00:14,  2.54it/s]
 30%|███       | 15/50 [00:12<00:13,  2.58it/s]
 32%|███▏      | 16/50 [00:12<00:13,  2.61it/s]
 34%|███▍      | 17/50 [00:13<00:12,  2.62it/s]
 36%|███▌      | 18/50 [00:13<00:12,  2.64it/s]
 38%|███▊      | 19/50 [00:13<00:11,  2.66it/s]
 40%|████      | 20/50 [00:14<00:11,  2.67it/s]
 42%|████▏     | 21/50 [00:14<00:10,  2.67it/s]
 44%|████▍     | 22/50 [00:14<00:10,  2.68it/s]
 46%|████▌     | 23/50 [00:15<00:10,  2.68it/s]
 48%|████▊     | 24/50 [00:15<00:09,  2.68it/s]
 50%|█████     | 25/50 [00:16<00:09,  2.68it/s]
 52%|█████▏    | 26/50 [00:16<00:08,  2.68it/s]
 54%|█████▍    | 27/50 [00:16<00:08,  2.66it/s]
 56%|█████▌    | 28/50 [00:17<00:08,  2.65it/s]
 58%|█████▊    | 29/50 [00:17<00:07,  2.65it/s]
 60%|██████    | 30/50 [00:17<00:07,  2.65it/s]
 62%|██████▏   | 31/50 [00:18<00:07,  2.65it/s]
 64%|██████▍   | 32/50 [00:18<00:06,  2.65it/s]
 66%|██████▌   | 33/50 [00:19<00:06,  2.65it/s]
 68%|██████▊   | 34/50 [00:19<00:06,  2.65it/s]
 70%|███████   | 35/50 [00:19<00:05,  2.65it/s]
 72%|███████▏  | 36/50 [00:20<00:05,  2.65it/s]
 74%|███████▍  | 37/50 [00:20<00:04,  2.65it/s]
 76%|███████▌  | 38/50 [00:20<00:04,  2.65it/s]
 78%|███████▊  | 39/50 [00:21<00:04,  2.60it/s]
 80%|████████  | 40/50 [00:21<00:03,  2.60it/s]
 82%|████████▏ | 41/50 [00:22<00:03,  2.60it/s]
 84%|████████▍ | 42/50 [00:22<00:03,  2.60it/s]
 86%|████████▌ | 43/50 [00:22<00:02,  2.61it/s]
 88%|████████▊ | 44/50 [00:23<00:02,  2.60it/s]
 90%|█████████ | 45/50 [00:23<00:01,  2.61it/s]
 92%|█████████▏| 46/50 [00:24<00:01,  2.62it/s]
 94%|█████████▍| 47/50 [00:24<00:01,  2.63it/s]
 96%|█████████▌| 48/50 [00:24<00:00,  2.63it/s]
 98%|█████████▊| 49/50 [00:25<00:00,  2.64it/s]
100%|██████████| 50/50 [00:31<00:00,  2.23s/it]
100%|██████████| 50/50 [00:31<00:00,  1.58it/s]
[I 2023-12-11 20:27:33,102] Trial 68 finished with value: 0.19876649231009447 and parameters: {'EMBEDDING_DIM': 256, 'HIDDEN_DIM': 3739, 'NUM_LAYERS': 1, 'DROPOUT': 0.08859624485259124, 'LR': 0.008660642059520184, 'WEIGHT_0': 0.6979916982445588, 'WEIGHT_1': 0.24941791423833243, 'WEIGHT_2': 0.242913615205396, 'WEIGHT_3': 0.11731685915345416, 'WEIGHT_4': 0.9030501371449844, 'WEIGHT_5': 0.3071190129122314, 'WEIGHT_6': 0.039830654923530176, 'WEIGHT_7': 0.912416590642463, 'WEIGHT_8': 0.527480889396863}. Best is trial 42 with value: 0.44962374581939796.
{'EMBEDDING_DIM': 256, 'HIDDEN_DIM': 3739, 'NUM_LAYERS': 1, 'DROPOUT': 0.08859624485259124, 'LR': 0.008660642059520184, 'WEIGHT_0': 0.6979916982445588, 'WEIGHT_1': 0.24941791423833243, 'WEIGHT_2': 0.242913615205396, 'WEIGHT_3': 0.11731685915345416, 'WEIGHT_4': 0.9030501371449844, 'WEIGHT_5': 0.3071190129122314, 'WEIGHT_6': 0.039830654923530176, 'WEIGHT_7': 0.912416590642463, 'WEIGHT_8': 0.527480889396863}
0
              precision    recall  f1-score   support

         LOC       0.00      0.00      0.00      1837
        MISC       0.00      0.00      0.00       922
         ORG       0.00      0.00      0.00      1341
         PER       0.00      0.00      0.00      1842

   micro avg       0.00      0.00      0.00      5942
   macro avg       0.00      0.00      0.00      5942
weighted avg       0.00      0.00      0.00      5942

{'EMBEDDING_DIM': 256, 'HIDDEN_DIM': 3739, 'NUM_LAYERS': 1, 'DROPOUT': 0.08859624485259124, 'LR': 0.008660642059520184, 'WEIGHT_0': 0.6979916982445588, 'WEIGHT_1': 0.24941791423833243, 'WEIGHT_2': 0.242913615205396, 'WEIGHT_3': 0.11731685915345416, 'WEIGHT_4': 0.9030501371449844, 'WEIGHT_5': 0.3071190129122314, 'WEIGHT_6': 0.039830654923530176, 'WEIGHT_7': 0.912416590642463, 'WEIGHT_8': 0.527480889396863}
49
              precision    recall  f1-score   support

         LOC       0.30      0.39      0.34      1837
        MISC       0.10      0.06      0.08       922
         ORG       0.00      0.00      0.00      1341
         PER       0.13      0.27      0.17      1842

   micro avg       0.19      0.21      0.20      5942
   macro avg       0.13      0.18      0.15      5942
weighted avg       0.15      0.21      0.17      5942

epoch 49
Transformer

  0%|          | 0/50 [00:00<?, ?it/s]
  2%|▏         | 1/50 [00:08<07:02,  8.62s/it]
  4%|▍         | 2/50 [00:10<03:49,  4.79s/it]
  6%|▌         | 3/50 [00:12<02:49,  3.60s/it]
  8%|▊         | 4/50 [00:15<02:19,  3.04s/it]
 10%|█         | 5/50 [00:17<02:02,  2.73s/it]
 12%|█▏        | 6/50 [00:19<01:51,  2.54s/it]
 14%|█▍        | 7/50 [00:21<01:44,  2.43s/it]
 16%|█▌        | 8/50 [00:23<01:38,  2.35s/it]
 18%|█▊        | 9/50 [00:26<01:34,  2.30s/it]
 20%|██        | 10/50 [00:28<01:30,  2.27s/it]
 22%|██▏       | 11/50 [00:30<01:27,  2.25s/it]
 24%|██▍       | 12/50 [00:32<01:25,  2.24s/it]
 26%|██▌       | 13/50 [00:34<01:22,  2.23s/it]
 28%|██▊       | 14/50 [00:37<01:20,  2.23s/it]
 30%|███       | 15/50 [00:39<01:17,  2.22s/it]
 32%|███▏      | 16/50 [00:41<01:15,  2.22s/it]
 34%|███▍      | 17/50 [00:43<01:13,  2.23s/it]
 36%|███▌      | 18/50 [00:46<01:11,  2.25s/it]
 38%|███▊      | 19/50 [00:48<01:09,  2.25s/it]
 40%|████      | 20/50 [00:50<01:07,  2.26s/it]
 42%|████▏     | 21/50 [00:52<01:05,  2.27s/it]
 44%|████▍     | 22/50 [00:55<01:03,  2.27s/it]
 46%|████▌     | 23/50 [00:57<01:01,  2.27s/it]
 48%|████▊     | 24/50 [00:59<00:58,  2.27s/it]
 50%|█████     | 25/50 [01:01<00:56,  2.26s/it]
 52%|█████▏    | 26/50 [01:04<00:54,  2.26s/it]
 54%|█████▍    | 27/50 [01:06<00:51,  2.26s/it]
 56%|█████▌    | 28/50 [01:08<00:49,  2.26s/it]
 58%|█████▊    | 29/50 [01:10<00:47,  2.26s/it]
 60%|██████    | 30/50 [01:13<00:45,  2.27s/it]
 62%|██████▏   | 31/50 [01:15<00:43,  2.27s/it]
 64%|██████▍   | 32/50 [01:17<00:40,  2.27s/it]
 66%|██████▌   | 33/50 [01:20<00:38,  2.27s/it]
 68%|██████▊   | 34/50 [01:22<00:36,  2.27s/it]
 70%|███████   | 35/50 [01:24<00:34,  2.27s/it]
 72%|███████▏  | 36/50 [01:26<00:31,  2.28s/it]
 74%|███████▍  | 37/50 [01:29<00:29,  2.27s/it]
 76%|███████▌  | 38/50 [01:31<00:27,  2.28s/it]
 78%|███████▊  | 39/50 [01:33<00:24,  2.27s/it]
 80%|████████  | 40/50 [01:35<00:22,  2.26s/it]
 82%|████████▏ | 41/50 [01:38<00:20,  2.26s/it]
 84%|████████▍ | 42/50 [01:40<00:18,  2.26s/it]
 86%|████████▌ | 43/50 [01:42<00:15,  2.26s/it]
 88%|████████▊ | 44/50 [01:44<00:13,  2.26s/it]
 90%|█████████ | 45/50 [01:47<00:11,  2.26s/it]
 92%|█████████▏| 46/50 [01:49<00:09,  2.26s/it]
 94%|█████████▍| 47/50 [01:51<00:06,  2.26s/it]
 96%|█████████▌| 48/50 [01:54<00:04,  2.27s/it]
 98%|█████████▊| 49/50 [01:56<00:02,  2.27s/it]
100%|██████████| 50/50 [02:04<00:00,  4.13s/it]
100%|██████████| 50/50 [02:04<00:00,  2.50s/it]
[I 2023-12-11 20:29:44,595] Trial 69 finished with value: 0.0 and parameters: {'EMBEDDING_DIM': 2048, 'HIDDEN_DIM': 143, 'NUM_LAYERS': 1, 'DROPOUT': 0.10114444197169052, 'LR': 0.00849049347252097, 'WEIGHT_0': 0.963080026299717, 'WEIGHT_1': 0.36812116550685714, 'WEIGHT_2': 0.15164877941690294, 'WEIGHT_3': 0.21194183924182974, 'WEIGHT_4': 0.7846026280349824, 'WEIGHT_5': 0.22362444998538372, 'WEIGHT_6': 0.07931392493709774, 'WEIGHT_7': 0.9494568891661157, 'WEIGHT_8': 0.5725752078080468}. Best is trial 42 with value: 0.44962374581939796.
{'EMBEDDING_DIM': 2048, 'HIDDEN_DIM': 143, 'NUM_LAYERS': 1, 'DROPOUT': 0.10114444197169052, 'LR': 0.00849049347252097, 'WEIGHT_0': 0.963080026299717, 'WEIGHT_1': 0.36812116550685714, 'WEIGHT_2': 0.15164877941690294, 'WEIGHT_3': 0.21194183924182974, 'WEIGHT_4': 0.7846026280349824, 'WEIGHT_5': 0.22362444998538372, 'WEIGHT_6': 0.07931392493709774, 'WEIGHT_7': 0.9494568891661157, 'WEIGHT_8': 0.5725752078080468}
0
              precision    recall  f1-score   support

         LOC       0.00      0.00      0.00      1837
        MISC       0.00      0.00      0.00       922
         ORG       0.00      0.00      0.00      1341
         PER       0.00      0.00      0.00      1842

   micro avg       0.00      0.00      0.00      5942
   macro avg       0.00      0.00      0.00      5942
weighted avg       0.00      0.00      0.00      5942

{'EMBEDDING_DIM': 2048, 'HIDDEN_DIM': 143, 'NUM_LAYERS': 1, 'DROPOUT': 0.10114444197169052, 'LR': 0.00849049347252097, 'WEIGHT_0': 0.963080026299717, 'WEIGHT_1': 0.36812116550685714, 'WEIGHT_2': 0.15164877941690294, 'WEIGHT_3': 0.21194183924182974, 'WEIGHT_4': 0.7846026280349824, 'WEIGHT_5': 0.22362444998538372, 'WEIGHT_6': 0.07931392493709774, 'WEIGHT_7': 0.9494568891661157, 'WEIGHT_8': 0.5725752078080468}
49
              precision    recall  f1-score   support

         LOC       0.00      0.00      0.00      1837
        MISC       0.00      0.00      0.00       922
         ORG       0.00      0.00      0.00      1341
         PER       0.00      0.00      0.00      1842

   micro avg       0.00      0.00      0.00      5942
   macro avg       0.00      0.00      0.00      5942
weighted avg       0.00      0.00      0.00      5942

epoch 49
Transformer

  0%|          | 0/50 [00:00<?, ?it/s]
  2%|▏         | 1/50 [00:08<07:16,  8.90s/it]
  4%|▍         | 2/50 [00:09<03:09,  3.95s/it]
  6%|▌         | 3/50 [00:09<01:51,  2.36s/it]
  8%|▊         | 4/50 [00:10<01:14,  1.62s/it]
 10%|█         | 5/50 [00:10<00:54,  1.20s/it]
 12%|█▏        | 6/50 [00:11<00:42,  1.05it/s]
 14%|█▍        | 7/50 [00:11<00:34,  1.25it/s]
 16%|█▌        | 8/50 [00:12<00:29,  1.44it/s]
 18%|█▊        | 9/50 [00:12<00:25,  1.59it/s]
 20%|██        | 10/50 [00:13<00:23,  1.72it/s]
 22%|██▏       | 11/50 [00:13<00:21,  1.82it/s]
 24%|██▍       | 12/50 [00:14<00:20,  1.89it/s]
 26%|██▌       | 13/50 [00:14<00:18,  1.95it/s]
 28%|██▊       | 14/50 [00:15<00:17,  2.00it/s]
 30%|███       | 15/50 [00:15<00:17,  2.03it/s]
 32%|███▏      | 16/50 [00:16<00:16,  2.04it/s]
 34%|███▍      | 17/50 [00:16<00:15,  2.06it/s]
 36%|███▌      | 18/50 [00:17<00:15,  2.08it/s]
 38%|███▊      | 19/50 [00:17<00:14,  2.08it/s]
 40%|████      | 20/50 [00:17<00:14,  2.08it/s]
 42%|████▏     | 21/50 [00:18<00:13,  2.08it/s]
 44%|████▍     | 22/50 [00:18<00:13,  2.08it/s]
 46%|████▌     | 23/50 [00:19<00:12,  2.08it/s]
 48%|████▊     | 24/50 [00:19<00:12,  2.08it/s]
 50%|█████     | 25/50 [00:20<00:11,  2.08it/s]
 52%|█████▏    | 26/50 [00:20<00:11,  2.09it/s]
 54%|█████▍    | 27/50 [00:21<00:11,  2.08it/s]
 56%|█████▌    | 28/50 [00:21<00:10,  2.08it/s]
 58%|█████▊    | 29/50 [00:22<00:10,  2.08it/s]
 60%|██████    | 30/50 [00:22<00:09,  2.08it/s]
 62%|██████▏   | 31/50 [00:23<00:09,  2.07it/s]
 64%|██████▍   | 32/50 [00:23<00:08,  2.08it/s]
 66%|██████▌   | 33/50 [00:24<00:08,  2.08it/s]
 68%|██████▊   | 34/50 [00:24<00:07,  2.08it/s]
 70%|███████   | 35/50 [00:25<00:07,  2.08it/s]
 72%|███████▏  | 36/50 [00:25<00:06,  2.08it/s]
 74%|███████▍  | 37/50 [00:26<00:06,  2.08it/s]
 76%|███████▌  | 38/50 [00:26<00:05,  2.08it/s]
 78%|███████▊  | 39/50 [00:27<00:05,  2.08it/s]
 80%|████████  | 40/50 [00:27<00:04,  2.06it/s]
 82%|████████▏ | 41/50 [00:28<00:04,  2.05it/s]
 84%|████████▍ | 42/50 [00:28<00:03,  2.06it/s]
 86%|████████▌ | 43/50 [00:29<00:03,  2.06it/s]
 88%|████████▊ | 44/50 [00:29<00:02,  2.06it/s]
 90%|█████████ | 45/50 [00:30<00:02,  2.06it/s]
 92%|█████████▏| 46/50 [00:30<00:01,  2.06it/s]
 94%|█████████▍| 47/50 [00:30<00:01,  2.06it/s]
 96%|█████████▌| 48/50 [00:31<00:00,  2.06it/s]
 98%|█████████▊| 49/50 [00:31<00:00,  2.05it/s]
100%|██████████| 50/50 [00:40<00:00,  2.90s/it]
100%|██████████| 50/50 [00:40<00:00,  1.23it/s]
[I 2023-12-11 20:30:32,694] Trial 70 finished with value: 0.010801080108010801 and parameters: {'EMBEDDING_DIM': 128, 'HIDDEN_DIM': 3976, 'NUM_LAYERS': 2, 'DROPOUT': 0.1403680104514322, 'LR': 0.009127966662720387, 'WEIGHT_0': 0.7430093350831943, 'WEIGHT_1': 0.3286289747212154, 'WEIGHT_2': 0.26896837003721963, 'WEIGHT_3': 0.08035409831266514, 'WEIGHT_4': 0.8745898642618191, 'WEIGHT_5': 0.3722464071530851, 'WEIGHT_6': 0.09291328114404057, 'WEIGHT_7': 0.9976550413638561, 'WEIGHT_8': 0.4605275456780783}. Best is trial 42 with value: 0.44962374581939796.
{'EMBEDDING_DIM': 128, 'HIDDEN_DIM': 3976, 'NUM_LAYERS': 2, 'DROPOUT': 0.1403680104514322, 'LR': 0.009127966662720387, 'WEIGHT_0': 0.7430093350831943, 'WEIGHT_1': 0.3286289747212154, 'WEIGHT_2': 0.26896837003721963, 'WEIGHT_3': 0.08035409831266514, 'WEIGHT_4': 0.8745898642618191, 'WEIGHT_5': 0.3722464071530851, 'WEIGHT_6': 0.09291328114404057, 'WEIGHT_7': 0.9976550413638561, 'WEIGHT_8': 0.4605275456780783}
0
              precision    recall  f1-score   support

         LOC       0.00      0.00      0.00      1837
        MISC       0.00      0.00      0.00       922
         ORG       0.00      0.00      0.00      1341
         PER       0.00      0.00      0.00      1842

   micro avg       0.00      0.00      0.00      5942
   macro avg       0.00      0.00      0.00      5942
weighted avg       0.00      0.00      0.00      5942

{'EMBEDDING_DIM': 128, 'HIDDEN_DIM': 3976, 'NUM_LAYERS': 2, 'DROPOUT': 0.1403680104514322, 'LR': 0.009127966662720387, 'WEIGHT_0': 0.7430093350831943, 'WEIGHT_1': 0.3286289747212154, 'WEIGHT_2': 0.26896837003721963, 'WEIGHT_3': 0.08035409831266514, 'WEIGHT_4': 0.8745898642618191, 'WEIGHT_5': 0.3722464071530851, 'WEIGHT_6': 0.09291328114404057, 'WEIGHT_7': 0.9976550413638561, 'WEIGHT_8': 0.4605275456780783}
49
              precision    recall  f1-score   support

         LOC       0.00      0.00      0.00      1837
        MISC       0.00      0.00      0.00       922
         ORG       0.00      0.00      0.00      1341
         PER       0.05      0.02      0.03      1842

   micro avg       0.05      0.01      0.01      5942
   macro avg       0.01      0.00      0.01      5942
weighted avg       0.02      0.01      0.01      5942

epoch 49
Transformer

  0%|          | 0/50 [00:00<?, ?it/s]
  2%|▏         | 1/50 [00:06<05:01,  6.15s/it]
  4%|▍         | 2/50 [00:06<02:04,  2.60s/it]
  6%|▌         | 3/50 [00:06<01:08,  1.46s/it]
  8%|▊         | 4/50 [00:06<00:42,  1.08it/s]
 12%|█▏        | 6/50 [00:06<00:21,  2.06it/s]
 16%|█▌        | 8/50 [00:06<00:13,  3.16it/s]
 20%|██        | 10/50 [00:07<00:09,  4.32it/s]
 24%|██▍       | 12/50 [00:07<00:07,  5.42it/s]
 28%|██▊       | 14/50 [00:07<00:05,  6.49it/s]
 32%|███▏      | 16/50 [00:07<00:04,  7.36it/s]
 36%|███▌      | 18/50 [00:07<00:03,  8.15it/s]
 40%|████      | 20/50 [00:07<00:03,  8.86it/s]
 44%|████▍     | 22/50 [00:08<00:02,  9.37it/s]
 48%|████▊     | 24/50 [00:08<00:02,  9.80it/s]
 52%|█████▏    | 26/50 [00:08<00:02, 10.13it/s]
 56%|█████▌    | 28/50 [00:08<00:02, 10.38it/s]
 60%|██████    | 30/50 [00:08<00:01, 10.55it/s]
 64%|██████▍   | 32/50 [00:09<00:01, 10.68it/s]
 68%|██████▊   | 34/50 [00:09<00:01, 10.76it/s]
 72%|███████▏  | 36/50 [00:09<00:01, 10.79it/s]
 76%|███████▌  | 38/50 [00:09<00:01, 10.85it/s]
 80%|████████  | 40/50 [00:09<00:00, 10.88it/s]
 84%|████████▍ | 42/50 [00:09<00:00, 10.92it/s]
 88%|████████▊ | 44/50 [00:10<00:00, 10.92it/s]
 92%|█████████▏| 46/50 [00:10<00:00, 10.94it/s]
 96%|█████████▌| 48/50 [00:10<00:00, 10.90it/s]
100%|██████████| 50/50 [00:16<00:00,  1.01it/s]
100%|██████████| 50/50 [00:16<00:00,  3.00it/s]
