[I 2023-12-11 20:05:06,149] Trial 37 finished with value: 0.03503348789283874 and parameters: {'EMBEDDING_DIM': 1024, 'HIDDEN_DIM': 1585, 'NUM_LAYERS': 1, 'DROPOUT': 0.15449469389868903, 'LR': 0.009377365958286454, 'WEIGHT_0': 0.9022073992572395, 'WEIGHT_1': 0.348301001201909, 'WEIGHT_2': 0.49681280289046303, 'WEIGHT_3': 0.18722589259701014, 'WEIGHT_4': 0.6809805799665687, 'WEIGHT_5': 0.24354700405263496, 'WEIGHT_6': 0.05513247949158859, 'WEIGHT_7': 0.5917149631024934, 'WEIGHT_8': 0.4844772782733709}. Best is trial 12 with value: 0.4422704575563029.
{'EMBEDDING_DIM': 1024, 'HIDDEN_DIM': 1585, 'NUM_LAYERS': 1, 'DROPOUT': 0.15449469389868903, 'LR': 0.009377365958286454, 'WEIGHT_0': 0.9022073992572395, 'WEIGHT_1': 0.348301001201909, 'WEIGHT_2': 0.49681280289046303, 'WEIGHT_3': 0.18722589259701014, 'WEIGHT_4': 0.6809805799665687, 'WEIGHT_5': 0.24354700405263496, 'WEIGHT_6': 0.05513247949158859, 'WEIGHT_7': 0.5917149631024934, 'WEIGHT_8': 0.4844772782733709}
0
              precision    recall  f1-score   support

         LOC       0.00      0.00      0.00      1837
        MISC       0.00      0.00      0.00       922
         ORG       0.00      0.00      0.00      1341
         PER       0.00      0.00      0.00      1842

   micro avg       0.00      0.00      0.00      5942
   macro avg       0.00      0.00      0.00      5942
weighted avg       0.00      0.00      0.00      5942

{'EMBEDDING_DIM': 1024, 'HIDDEN_DIM': 1585, 'NUM_LAYERS': 1, 'DROPOUT': 0.15449469389868903, 'LR': 0.009377365958286454, 'WEIGHT_0': 0.9022073992572395, 'WEIGHT_1': 0.348301001201909, 'WEIGHT_2': 0.49681280289046303, 'WEIGHT_3': 0.18722589259701014, 'WEIGHT_4': 0.6809805799665687, 'WEIGHT_5': 0.24354700405263496, 'WEIGHT_6': 0.05513247949158859, 'WEIGHT_7': 0.5917149631024934, 'WEIGHT_8': 0.4844772782733709}
49
              precision    recall  f1-score   support

         LOC       0.00      0.00      0.00      1837
        MISC       0.00      0.00      0.00       922
         ORG       0.11      0.01      0.01      1341
         PER       0.07      0.07      0.07      1842

   micro avg       0.07      0.02      0.04      5942
   macro avg       0.05      0.02      0.02      5942
weighted avg       0.05      0.02      0.02      5942

epoch 49
Transformer

  0%|          | 0/50 [00:00<?, ?it/s]
  2%|▏         | 1/50 [00:09<08:02,  9.85s/it]
  4%|▍         | 2/50 [00:10<03:21,  4.19s/it]
  6%|▌         | 3/50 [00:10<01:52,  2.39s/it]
  8%|▊         | 4/50 [00:10<01:12,  1.58s/it]
 10%|█         | 5/50 [00:11<00:52,  1.16s/it]
 12%|█▏        | 6/50 [00:11<00:41,  1.07it/s]
 14%|█▍        | 7/50 [00:12<00:34,  1.24it/s]
 16%|█▌        | 8/50 [00:12<00:30,  1.38it/s]
 18%|█▊        | 9/50 [00:13<00:28,  1.46it/s]
 20%|██        | 10/50 [00:13<00:26,  1.53it/s]
 22%|██▏       | 11/50 [00:14<00:25,  1.56it/s]
 24%|██▍       | 12/50 [00:15<00:24,  1.57it/s]
 26%|██▌       | 13/50 [00:15<00:23,  1.58it/s]
 28%|██▊       | 14/50 [00:16<00:22,  1.59it/s]
 30%|███       | 15/50 [00:16<00:21,  1.61it/s]
 32%|███▏      | 16/50 [00:17<00:20,  1.64it/s]
 34%|███▍      | 17/50 [00:18<00:19,  1.67it/s]
 36%|███▌      | 18/50 [00:18<00:19,  1.67it/s]
 38%|███▊      | 19/50 [00:19<00:18,  1.67it/s]
 40%|████      | 20/50 [00:19<00:17,  1.69it/s]
 42%|████▏     | 21/50 [00:20<00:17,  1.69it/s]
 44%|████▍     | 22/50 [00:21<00:16,  1.71it/s]
 46%|████▌     | 23/50 [00:21<00:15,  1.75it/s]
 48%|████▊     | 24/50 [00:22<00:14,  1.77it/s]
 50%|█████     | 25/50 [00:22<00:13,  1.79it/s]
 52%|█████▏    | 26/50 [00:23<00:13,  1.82it/s]
 54%|█████▍    | 27/50 [00:23<00:12,  1.88it/s]
 56%|█████▌    | 28/50 [00:24<00:11,  1.92it/s]
 58%|█████▊    | 29/50 [00:24<00:10,  1.94it/s]
 60%|██████    | 30/50 [00:25<00:10,  1.90it/s]
 62%|██████▏   | 31/50 [00:25<00:10,  1.84it/s]
 64%|██████▍   | 32/50 [00:26<00:09,  1.81it/s]
 66%|██████▌   | 33/50 [00:26<00:08,  1.95it/s]
 68%|██████▊   | 34/50 [00:27<00:07,  2.07it/s]
 70%|███████   | 35/50 [00:27<00:07,  2.05it/s]
 72%|███████▏  | 36/50 [00:28<00:07,  1.99it/s]
 74%|███████▍  | 37/50 [00:28<00:06,  1.93it/s]
 76%|███████▌  | 38/50 [00:29<00:06,  1.90it/s]
 78%|███████▊  | 39/50 [00:29<00:05,  1.90it/s]
 80%|████████  | 40/50 [00:30<00:05,  1.88it/s]
 82%|████████▏ | 41/50 [00:30<00:04,  1.86it/s]
 84%|████████▍ | 42/50 [00:31<00:04,  1.84it/s]
 86%|████████▌ | 43/50 [00:32<00:03,  1.84it/s]
 88%|████████▊ | 44/50 [00:32<00:03,  1.84it/s]
 90%|█████████ | 45/50 [00:33<00:02,  1.83it/s]
 92%|█████████▏| 46/50 [00:33<00:02,  1.86it/s]
 94%|█████████▍| 47/50 [00:34<00:01,  1.84it/s]
 96%|█████████▌| 48/50 [00:34<00:01,  1.81it/s]
 98%|█████████▊| 49/50 [00:35<00:00,  1.74it/s]
100%|██████████| 50/50 [00:45<00:00,  3.48s/it]
100%|██████████| 50/50 [00:45<00:00,  1.09it/s]
[I 2023-12-11 20:06:01,813] Trial 38 finished with value: 0.39094184251158 and parameters: {'EMBEDDING_DIM': 32, 'HIDDEN_DIM': 639, 'NUM_LAYERS': 3, 'DROPOUT': 0.10952622190023283, 'LR': 0.007399945266060846, 'WEIGHT_0': 0.4785161302893896, 'WEIGHT_1': 0.4540718638389889, 'WEIGHT_2': 0.24433859886406367, 'WEIGHT_3': 0.26557613573091576, 'WEIGHT_4': 0.5917227432292117, 'WEIGHT_5': 0.32470081428317876, 'WEIGHT_6': 0.5486901223422113, 'WEIGHT_7': 0.6733098571190458, 'WEIGHT_8': 0.6896084474872771}. Best is trial 12 with value: 0.4422704575563029.
{'EMBEDDING_DIM': 32, 'HIDDEN_DIM': 639, 'NUM_LAYERS': 3, 'DROPOUT': 0.10952622190023283, 'LR': 0.007399945266060846, 'WEIGHT_0': 0.4785161302893896, 'WEIGHT_1': 0.4540718638389889, 'WEIGHT_2': 0.24433859886406367, 'WEIGHT_3': 0.26557613573091576, 'WEIGHT_4': 0.5917227432292117, 'WEIGHT_5': 0.32470081428317876, 'WEIGHT_6': 0.5486901223422113, 'WEIGHT_7': 0.6733098571190458, 'WEIGHT_8': 0.6896084474872771}
0
              precision    recall  f1-score   support

         LOC       0.00      0.00      0.00      1837
        MISC       0.00      0.00      0.00       922
         ORG       0.00      0.00      0.00      1341
         PER       0.00      0.00      0.00      1842

   micro avg       0.00      0.00      0.00      5942
   macro avg       0.00      0.00      0.00      5942
weighted avg       0.00      0.00      0.00      5942

{'EMBEDDING_DIM': 32, 'HIDDEN_DIM': 639, 'NUM_LAYERS': 3, 'DROPOUT': 0.10952622190023283, 'LR': 0.007399945266060846, 'WEIGHT_0': 0.4785161302893896, 'WEIGHT_1': 0.4540718638389889, 'WEIGHT_2': 0.24433859886406367, 'WEIGHT_3': 0.26557613573091576, 'WEIGHT_4': 0.5917227432292117, 'WEIGHT_5': 0.32470081428317876, 'WEIGHT_6': 0.5486901223422113, 'WEIGHT_7': 0.6733098571190458, 'WEIGHT_8': 0.6896084474872771}
49
              precision    recall  f1-score   support

         LOC       0.70      0.56      0.62      1837
        MISC       0.50      0.34      0.41       922
         ORG       0.36      0.22      0.27      1341
         PER       0.31      0.15      0.20      1842

   micro avg       0.50      0.32      0.39      5942
   macro avg       0.47      0.32      0.37      5942
weighted avg       0.47      0.32      0.38      5942

epoch 49
Transformer

  0%|          | 0/50 [00:00<?, ?it/s]
  2%|▏         | 1/50 [00:07<06:27,  7.90s/it]
  4%|▍         | 2/50 [00:08<02:42,  3.38s/it]
  6%|▌         | 3/50 [00:08<01:30,  1.93s/it]
  8%|▊         | 4/50 [00:08<00:57,  1.25s/it]
 10%|█         | 5/50 [00:08<00:39,  1.13it/s]
 12%|█▏        | 6/50 [00:09<00:29,  1.49it/s]
 14%|█▍        | 7/50 [00:09<00:23,  1.83it/s]
 16%|█▌        | 8/50 [00:09<00:19,  2.12it/s]
 18%|█▊        | 9/50 [00:09<00:17,  2.36it/s]
 20%|██        | 10/50 [00:10<00:15,  2.51it/s]
 22%|██▏       | 11/50 [00:10<00:14,  2.63it/s]
 24%|██▍       | 12/50 [00:10<00:13,  2.72it/s]
 26%|██▌       | 13/50 [00:11<00:13,  2.78it/s]
 28%|██▊       | 14/50 [00:11<00:12,  2.83it/s]
 30%|███       | 15/50 [00:11<00:12,  2.88it/s]
 32%|███▏      | 16/50 [00:12<00:10,  3.24it/s]
 34%|███▍      | 17/50 [00:12<00:09,  3.65it/s]
 36%|███▌      | 18/50 [00:12<00:07,  4.03it/s]
 38%|███▊      | 19/50 [00:12<00:07,  4.33it/s]
 40%|████      | 20/50 [00:12<00:06,  4.58it/s]
 42%|████▏     | 21/50 [00:13<00:06,  4.75it/s]
 44%|████▍     | 22/50 [00:13<00:05,  4.91it/s]
 46%|████▌     | 23/50 [00:13<00:05,  5.02it/s]
 48%|████▊     | 24/50 [00:13<00:05,  5.11it/s]
 50%|█████     | 25/50 [00:13<00:04,  5.16it/s]
 52%|█████▏    | 26/50 [00:14<00:04,  5.21it/s]
 54%|█████▍    | 27/50 [00:14<00:04,  5.24it/s]
 56%|█████▌    | 28/50 [00:14<00:04,  5.25it/s]
 58%|█████▊    | 29/50 [00:14<00:04,  5.22it/s]
 60%|██████    | 30/50 [00:14<00:03,  5.25it/s]
 62%|██████▏   | 31/50 [00:15<00:03,  5.26it/s]
 64%|██████▍   | 32/50 [00:15<00:03,  5.28it/s]
 66%|██████▌   | 33/50 [00:15<00:03,  5.29it/s]
 68%|██████▊   | 34/50 [00:15<00:03,  5.30it/s]
 70%|███████   | 35/50 [00:15<00:02,  5.28it/s]
 72%|███████▏  | 36/50 [00:15<00:02,  5.29it/s]
 74%|███████▍  | 37/50 [00:16<00:02,  5.25it/s]
 76%|███████▌  | 38/50 [00:16<00:02,  5.27it/s]
 78%|███████▊  | 39/50 [00:16<00:02,  5.29it/s]
 80%|████████  | 40/50 [00:16<00:01,  5.29it/s]
 82%|████████▏ | 41/50 [00:16<00:01,  5.30it/s]
 84%|████████▍ | 42/50 [00:17<00:01,  5.30it/s]
 86%|████████▌ | 43/50 [00:17<00:01,  5.31it/s]
 88%|████████▊ | 44/50 [00:17<00:01,  5.31it/s]
 90%|█████████ | 45/50 [00:17<00:00,  5.31it/s]
 92%|█████████▏| 46/50 [00:17<00:00,  5.31it/s]
 94%|█████████▍| 47/50 [00:18<00:00,  5.30it/s]
 96%|█████████▌| 48/50 [00:18<00:00,  5.31it/s]
 98%|█████████▊| 49/50 [00:18<00:00,  5.31it/s]
100%|██████████| 50/50 [00:26<00:00,  2.51s/it]
100%|██████████| 50/50 [00:26<00:00,  1.90it/s]
[I 2023-12-11 20:06:35,832] Trial 39 finished with value: 0.13023007906191703 and parameters: {'EMBEDDING_DIM': 64, 'HIDDEN_DIM': 1165, 'NUM_LAYERS': 2, 'DROPOUT': 0.039074126503004514, 'LR': 0.008414644970981738, 'WEIGHT_0': 0.758327605675204, 'WEIGHT_1': 0.2732949839671923, 'WEIGHT_2': 0.3337742898794707, 'WEIGHT_3': 0.22966427254791855, 'WEIGHT_4': 0.9275733045770089, 'WEIGHT_5': 0.17305217837312645, 'WEIGHT_6': 0.13462898574365714, 'WEIGHT_7': 0.7287125331418374, 'WEIGHT_8': 0.26879394062105544}. Best is trial 12 with value: 0.4422704575563029.
{'EMBEDDING_DIM': 64, 'HIDDEN_DIM': 1165, 'NUM_LAYERS': 2, 'DROPOUT': 0.039074126503004514, 'LR': 0.008414644970981738, 'WEIGHT_0': 0.758327605675204, 'WEIGHT_1': 0.2732949839671923, 'WEIGHT_2': 0.3337742898794707, 'WEIGHT_3': 0.22966427254791855, 'WEIGHT_4': 0.9275733045770089, 'WEIGHT_5': 0.17305217837312645, 'WEIGHT_6': 0.13462898574365714, 'WEIGHT_7': 0.7287125331418374, 'WEIGHT_8': 0.26879394062105544}
0
              precision    recall  f1-score   support

         LOC       0.00      0.00      0.00      1837
        MISC       0.00      0.00      0.00       922
         ORG       0.00      0.00      0.00      1341
         PER       0.00      0.00      0.00      1842

   micro avg       0.00      0.00      0.00      5942
   macro avg       0.00      0.00      0.00      5942
weighted avg       0.00      0.00      0.00      5942

{'EMBEDDING_DIM': 64, 'HIDDEN_DIM': 1165, 'NUM_LAYERS': 2, 'DROPOUT': 0.039074126503004514, 'LR': 0.008414644970981738, 'WEIGHT_0': 0.758327605675204, 'WEIGHT_1': 0.2732949839671923, 'WEIGHT_2': 0.3337742898794707, 'WEIGHT_3': 0.22966427254791855, 'WEIGHT_4': 0.9275733045770089, 'WEIGHT_5': 0.17305217837312645, 'WEIGHT_6': 0.13462898574365714, 'WEIGHT_7': 0.7287125331418374, 'WEIGHT_8': 0.26879394062105544}
49
              precision    recall  f1-score   support

         LOC       0.17      0.03      0.06      1837
        MISC       0.01      0.00      0.00       922
         ORG       0.10      0.18      0.13      1341
         PER       0.17      0.23      0.20      1842

   micro avg       0.14      0.12      0.13      5942
   macro avg       0.11      0.11      0.10      5942
weighted avg       0.13      0.12      0.11      5942

epoch 49
Transformer

  0%|          | 0/50 [00:00<?, ?it/s]
  2%|▏         | 1/50 [00:15<12:54, 15.81s/it]
  4%|▍         | 2/50 [00:19<07:03,  8.82s/it]
  6%|▌         | 3/50 [00:23<05:13,  6.66s/it]
  8%|▊         | 4/50 [00:27<04:19,  5.65s/it]
 10%|█         | 5/50 [00:32<03:49,  5.09s/it]
 12%|█▏        | 6/50 [00:36<03:29,  4.76s/it]
 14%|█▍        | 7/50 [00:40<03:15,  4.55s/it]
 16%|█▌        | 8/50 [00:44<03:05,  4.43s/it]
 18%|█▊        | 9/50 [00:48<02:58,  4.34s/it]
 20%|██        | 10/50 [00:52<02:51,  4.30s/it]
 22%|██▏       | 11/50 [00:57<02:47,  4.28s/it]
 24%|██▍       | 12/50 [01:01<02:42,  4.28s/it]
 26%|██▌       | 13/50 [01:05<02:38,  4.29s/it]
 28%|██▊       | 14/50 [01:09<02:34,  4.28s/it]
 30%|███       | 15/50 [01:14<02:29,  4.27s/it]
 32%|███▏      | 16/50 [01:18<02:24,  4.26s/it]
 34%|███▍      | 17/50 [01:22<02:20,  4.25s/it]
 36%|███▌      | 18/50 [01:26<02:15,  4.25s/it]
 38%|███▊      | 19/50 [01:31<02:11,  4.25s/it]
 40%|████      | 20/50 [01:35<02:07,  4.25s/it]
 42%|████▏     | 21/50 [01:39<02:03,  4.25s/it]
 44%|████▍     | 22/50 [01:43<01:59,  4.26s/it]
 46%|████▌     | 23/50 [01:48<01:54,  4.24s/it]
 48%|████▊     | 24/50 [01:52<01:50,  4.23s/it]
 50%|█████     | 25/50 [01:56<01:45,  4.23s/it]
 52%|█████▏    | 26/50 [02:00<01:41,  4.23s/it]
 54%|█████▍    | 27/50 [02:04<01:37,  4.23s/it]
 56%|█████▌    | 28/50 [02:09<01:33,  4.23s/it]
 58%|█████▊    | 29/50 [02:13<01:28,  4.24s/it]
 60%|██████    | 30/50 [02:17<01:24,  4.24s/it]
 62%|██████▏   | 31/50 [02:21<01:20,  4.25s/it]
 64%|██████▍   | 32/50 [02:26<01:16,  4.24s/it]
 66%|██████▌   | 33/50 [02:30<01:11,  4.23s/it]
 68%|██████▊   | 34/50 [02:34<01:07,  4.23s/it]
 70%|███████   | 35/50 [02:38<01:03,  4.23s/it]
 72%|███████▏  | 36/50 [02:43<00:59,  4.23s/it]
 74%|███████▍  | 37/50 [02:47<00:55,  4.23s/it]
 76%|███████▌  | 38/50 [02:51<00:50,  4.24s/it]
 78%|███████▊  | 39/50 [02:55<00:46,  4.24s/it]
 80%|████████  | 40/50 [03:00<00:42,  4.25s/it]
 82%|████████▏ | 41/50 [03:04<00:38,  4.25s/it]
 84%|████████▍ | 42/50 [03:08<00:33,  4.24s/it]
 86%|████████▌ | 43/50 [03:12<00:29,  4.23s/it]
 88%|████████▊ | 44/50 [03:16<00:25,  4.23s/it]
 90%|█████████ | 45/50 [03:21<00:21,  4.23s/it]
 92%|█████████▏| 46/50 [03:25<00:16,  4.23s/it]
 94%|█████████▍| 47/50 [03:29<00:12,  4.24s/it]
 96%|█████████▌| 48/50 [03:33<00:08,  4.24s/it]
 98%|█████████▊| 49/50 [03:38<00:04,  4.24s/it]
100%|██████████| 50/50 [03:54<00:00,  7.73s/it]
100%|██████████| 50/50 [03:54<00:00,  4.68s/it]
[I 2023-12-11 20:10:41,540] Trial 40 finished with value: 0.0 and parameters: {'EMBEDDING_DIM': 1024, 'HIDDEN_DIM': 2115, 'NUM_LAYERS': 4, 'DROPOUT': 0.13649974883583774, 'LR': 0.007331646913057013, 'WEIGHT_0': 0.8351469974577794, 'WEIGHT_1': 0.18902383258137548, 'WEIGHT_2': 0.6737673674250848, 'WEIGHT_3': 0.13514096229893857, 'WEIGHT_4': 0.8639690656289345, 'WEIGHT_5': 0.08491120231188876, 'WEIGHT_6': 0.24669382709846716, 'WEIGHT_7': 0.7787677234645713, 'WEIGHT_8': 0.5708406905523971}. Best is trial 12 with value: 0.4422704575563029.
{'EMBEDDING_DIM': 1024, 'HIDDEN_DIM': 2115, 'NUM_LAYERS': 4, 'DROPOUT': 0.13649974883583774, 'LR': 0.007331646913057013, 'WEIGHT_0': 0.8351469974577794, 'WEIGHT_1': 0.18902383258137548, 'WEIGHT_2': 0.6737673674250848, 'WEIGHT_3': 0.13514096229893857, 'WEIGHT_4': 0.8639690656289345, 'WEIGHT_5': 0.08491120231188876, 'WEIGHT_6': 0.24669382709846716, 'WEIGHT_7': 0.7787677234645713, 'WEIGHT_8': 0.5708406905523971}
0
              precision    recall  f1-score   support

         LOC       0.00      0.00      0.00      1837
        MISC       0.00      0.00      0.00       922
         ORG       0.00      0.00      0.00      1341
         PER       0.00      0.00      0.00      1842

   micro avg       0.00      0.00      0.00      5942
   macro avg       0.00      0.00      0.00      5942
weighted avg       0.00      0.00      0.00      5942

{'EMBEDDING_DIM': 1024, 'HIDDEN_DIM': 2115, 'NUM_LAYERS': 4, 'DROPOUT': 0.13649974883583774, 'LR': 0.007331646913057013, 'WEIGHT_0': 0.8351469974577794, 'WEIGHT_1': 0.18902383258137548, 'WEIGHT_2': 0.6737673674250848, 'WEIGHT_3': 0.13514096229893857, 'WEIGHT_4': 0.8639690656289345, 'WEIGHT_5': 0.08491120231188876, 'WEIGHT_6': 0.24669382709846716, 'WEIGHT_7': 0.7787677234645713, 'WEIGHT_8': 0.5708406905523971}
49
              precision    recall  f1-score   support

         LOC       0.00      0.00      0.00      1837
        MISC       0.00      0.00      0.00       922
         ORG       0.00      0.00      0.00      1341
         PER       0.00      0.00      0.00      1842

   micro avg       0.00      0.00      0.00      5942
   macro avg       0.00      0.00      0.00      5942
weighted avg       0.00      0.00      0.00      5942

epoch 49
Transformer

  0%|          | 0/50 [00:00<?, ?it/s]
  2%|▏         | 1/50 [00:05<04:52,  5.97s/it]
  6%|▌         | 3/50 [00:06<01:16,  1.62s/it]
 10%|█         | 5/50 [00:06<00:37,  1.20it/s]
 14%|█▍        | 7/50 [00:06<00:22,  1.92it/s]
 18%|█▊        | 9/50 [00:06<00:14,  2.77it/s]
 20%|██        | 10/50 [00:06<00:12,  3.26it/s]
 24%|██▍       | 12/50 [00:07<00:08,  4.41it/s]
 28%|██▊       | 14/50 [00:07<00:06,  5.59it/s]
 32%|███▏      | 16/50 [00:07<00:05,  6.70it/s]
 36%|███▌      | 18/50 [00:07<00:04,  7.67it/s]
 40%|████      | 20/50 [00:07<00:03,  8.50it/s]
 44%|████▍     | 22/50 [00:07<00:03,  9.17it/s]
 48%|████▊     | 24/50 [00:08<00:02,  9.70it/s]
 52%|█████▏    | 26/50 [00:08<00:02, 10.09it/s]
 56%|█████▌    | 28/50 [00:08<00:02, 10.39it/s]
 60%|██████    | 30/50 [00:08<00:01, 10.60it/s]
 64%|██████▍   | 32/50 [00:08<00:01, 10.75it/s]
 68%|██████▊   | 34/50 [00:09<00:01, 10.85it/s]
 72%|███████▏  | 36/50 [00:09<00:01, 10.92it/s]
 76%|███████▌  | 38/50 [00:09<00:01, 10.98it/s]
 80%|████████  | 40/50 [00:09<00:00, 11.02it/s]
 84%|████████▍ | 42/50 [00:09<00:00, 11.04it/s]
 88%|████████▊ | 44/50 [00:09<00:00, 11.06it/s]
 92%|█████████▏| 46/50 [00:10<00:00, 11.05it/s]
 96%|█████████▌| 48/50 [00:10<00:00, 11.06it/s]
100%|██████████| 50/50 [00:16<00:00,  1.00it/s]
100%|██████████| 50/50 [00:16<00:00,  3.03it/s]
