[I 2023-12-11 21:54:03,128] Trial 248 finished with value: 0.44142754293942194 and parameters: {'EMBEDDING_DIM': 32, 'HIDDEN_DIM': 560, 'NUM_LAYERS': 1, 'DROPOUT': 0.2926863453177177, 'LR': 0.006380957395158183, 'WEIGHT_0': 0.9564271514683135, 'WEIGHT_1': 0.1417717368718111, 'WEIGHT_2': 0.27364422295697044, 'WEIGHT_3': 0.20187104146881518, 'WEIGHT_4': 0.8202535629738935, 'WEIGHT_5': 0.43704439216889407, 'WEIGHT_6': 0.09370231021069496, 'WEIGHT_7': 0.6542278444166291, 'WEIGHT_8': 0.8783177231889182}. Best is trial 223 with value: 0.4540043855069437.
{'EMBEDDING_DIM': 32, 'HIDDEN_DIM': 560, 'NUM_LAYERS': 1, 'DROPOUT': 0.2926863453177177, 'LR': 0.006380957395158183, 'WEIGHT_0': 0.9564271514683135, 'WEIGHT_1': 0.1417717368718111, 'WEIGHT_2': 0.27364422295697044, 'WEIGHT_3': 0.20187104146881518, 'WEIGHT_4': 0.8202535629738935, 'WEIGHT_5': 0.43704439216889407, 'WEIGHT_6': 0.09370231021069496, 'WEIGHT_7': 0.6542278444166291, 'WEIGHT_8': 0.8783177231889182}
0
              precision    recall  f1-score   support

         LOC       0.00      0.00      0.00      1837
        MISC       0.00      0.00      0.00       922
         ORG       0.00      0.00      0.00      1341
         PER       0.00      0.00      0.00      1842

   micro avg       0.00      0.00      0.00      5942
   macro avg       0.00      0.00      0.00      5942
weighted avg       0.00      0.00      0.00      5942

{'EMBEDDING_DIM': 32, 'HIDDEN_DIM': 560, 'NUM_LAYERS': 1, 'DROPOUT': 0.2926863453177177, 'LR': 0.006380957395158183, 'WEIGHT_0': 0.9564271514683135, 'WEIGHT_1': 0.1417717368718111, 'WEIGHT_2': 0.27364422295697044, 'WEIGHT_3': 0.20187104146881518, 'WEIGHT_4': 0.8202535629738935, 'WEIGHT_5': 0.43704439216889407, 'WEIGHT_6': 0.09370231021069496, 'WEIGHT_7': 0.6542278444166291, 'WEIGHT_8': 0.8783177231889182}
49
              precision    recall  f1-score   support

         LOC       0.78      0.58      0.66      1837
        MISC       0.61      0.48      0.54       922
         ORG       0.42      0.22      0.29      1341
         PER       0.35      0.19      0.24      1842

   micro avg       0.57      0.36      0.44      5942
   macro avg       0.54      0.37      0.43      5942
weighted avg       0.54      0.36      0.43      5942

epoch 49
Transformer

  0%|          | 0/50 [00:00<?, ?it/s]
  2%|▏         | 1/50 [00:05<04:48,  5.89s/it]
  6%|▌         | 3/50 [00:06<01:15,  1.60s/it]
 10%|█         | 5/50 [00:06<00:37,  1.21it/s]
 14%|█▍        | 7/50 [00:06<00:22,  1.93it/s]
 16%|█▌        | 8/50 [00:06<00:17,  2.35it/s]
 18%|█▊        | 9/50 [00:06<00:14,  2.89it/s]
 20%|██        | 10/50 [00:06<00:11,  3.54it/s]
 22%|██▏       | 11/50 [00:06<00:09,  4.27it/s]
 24%|██▍       | 12/50 [00:07<00:07,  4.89it/s]
 26%|██▌       | 13/50 [00:07<00:06,  5.58it/s]
 28%|██▊       | 14/50 [00:07<00:05,  6.23it/s]
 30%|███       | 15/50 [00:07<00:05,  6.80it/s]
 34%|███▍      | 17/50 [00:07<00:04,  8.22it/s]
 38%|███▊      | 19/50 [00:07<00:03,  9.29it/s]
 42%|████▏     | 21/50 [00:07<00:02,  9.95it/s]
 46%|████▌     | 23/50 [00:08<00:02, 10.42it/s]
 50%|█████     | 25/50 [00:08<00:02, 10.70it/s]
 54%|█████▍    | 27/50 [00:08<00:02, 10.92it/s]
 58%|█████▊    | 29/50 [00:08<00:01, 11.07it/s]
 62%|██████▏   | 31/50 [00:08<00:01, 11.17it/s]
 66%|██████▌   | 33/50 [00:08<00:01, 11.25it/s]
 70%|███████   | 35/50 [00:09<00:01, 11.31it/s]
 74%|███████▍  | 37/50 [00:09<00:01, 11.34it/s]
 78%|███████▊  | 39/50 [00:09<00:00, 11.37it/s]
 82%|████████▏ | 41/50 [00:09<00:00, 11.39it/s]
 86%|████████▌ | 43/50 [00:09<00:00, 11.39it/s]
 90%|█████████ | 45/50 [00:10<00:00, 11.40it/s]
 94%|█████████▍| 47/50 [00:10<00:00, 11.40it/s]
 98%|█████████▊| 49/50 [00:10<00:00, 11.41it/s]
100%|██████████| 50/50 [00:16<00:00,  3.09it/s]
[I 2023-12-11 21:54:24,858] Trial 249 finished with value: 0.44745484400656815 and parameters: {'EMBEDDING_DIM': 32, 'HIDDEN_DIM': 703, 'NUM_LAYERS': 1, 'DROPOUT': 0.29756308918114055, 'LR': 0.006259592114500799, 'WEIGHT_0': 0.9437706748454407, 'WEIGHT_1': 0.1289091472932293, 'WEIGHT_2': 0.23945266999790787, 'WEIGHT_3': 0.21671371640744053, 'WEIGHT_4': 0.8498424563218098, 'WEIGHT_5': 0.4096221011989453, 'WEIGHT_6': 0.06405658709292802, 'WEIGHT_7': 0.626590940873714, 'WEIGHT_8': 0.8639523310895659}. Best is trial 223 with value: 0.4540043855069437.
{'EMBEDDING_DIM': 32, 'HIDDEN_DIM': 703, 'NUM_LAYERS': 1, 'DROPOUT': 0.29756308918114055, 'LR': 0.006259592114500799, 'WEIGHT_0': 0.9437706748454407, 'WEIGHT_1': 0.1289091472932293, 'WEIGHT_2': 0.23945266999790787, 'WEIGHT_3': 0.21671371640744053, 'WEIGHT_4': 0.8498424563218098, 'WEIGHT_5': 0.4096221011989453, 'WEIGHT_6': 0.06405658709292802, 'WEIGHT_7': 0.626590940873714, 'WEIGHT_8': 0.8639523310895659}
0
              precision    recall  f1-score   support

         LOC       0.00      0.00      0.00      1837
        MISC       0.00      0.00      0.00       922
         ORG       0.00      0.00      0.00      1341
         PER       0.00      0.00      0.00      1842

   micro avg       0.00      0.00      0.00      5942
   macro avg       0.00      0.00      0.00      5942
weighted avg       0.00      0.00      0.00      5942

{'EMBEDDING_DIM': 32, 'HIDDEN_DIM': 703, 'NUM_LAYERS': 1, 'DROPOUT': 0.29756308918114055, 'LR': 0.006259592114500799, 'WEIGHT_0': 0.9437706748454407, 'WEIGHT_1': 0.1289091472932293, 'WEIGHT_2': 0.23945266999790787, 'WEIGHT_3': 0.21671371640744053, 'WEIGHT_4': 0.8498424563218098, 'WEIGHT_5': 0.4096221011989453, 'WEIGHT_6': 0.06405658709292802, 'WEIGHT_7': 0.626590940873714, 'WEIGHT_8': 0.8639523310895659}
49
              precision    recall  f1-score   support

         LOC       0.78      0.59      0.67      1837
        MISC       0.58      0.49      0.53       922
         ORG       0.46      0.21      0.29      1341
         PER       0.36      0.20      0.25      1842

   micro avg       0.57      0.37      0.45      5942
   macro avg       0.54      0.37      0.44      5942
weighted avg       0.54      0.37      0.43      5942

epoch 49
Transformer

  0%|          | 0/50 [00:00<?, ?it/s]
  2%|▏         | 1/50 [00:06<05:10,  6.33s/it]
  4%|▍         | 2/50 [00:06<02:16,  2.83s/it]
  6%|▌         | 3/50 [00:07<01:20,  1.71s/it]
  8%|▊         | 4/50 [00:07<00:54,  1.18s/it]
 10%|█         | 5/50 [00:07<00:39,  1.13it/s]
 12%|█▏        | 6/50 [00:08<00:31,  1.41it/s]
 14%|█▍        | 7/50 [00:08<00:25,  1.68it/s]
 16%|█▌        | 8/50 [00:08<00:21,  1.92it/s]
 18%|█▊        | 9/50 [00:09<00:19,  2.12it/s]
 20%|██        | 10/50 [00:09<00:17,  2.28it/s]
 22%|██▏       | 11/50 [00:10<00:16,  2.41it/s]
 24%|██▍       | 12/50 [00:10<00:15,  2.50it/s]
 26%|██▌       | 13/50 [00:10<00:14,  2.57it/s]
 28%|██▊       | 14/50 [00:11<00:13,  2.62it/s]
 30%|███       | 15/50 [00:11<00:13,  2.66it/s]
 32%|███▏      | 16/50 [00:11<00:12,  2.69it/s]
 34%|███▍      | 17/50 [00:12<00:12,  2.71it/s]
 36%|███▌      | 18/50 [00:12<00:11,  2.72it/s]
 38%|███▊      | 19/50 [00:12<00:11,  2.73it/s]
 40%|████      | 20/50 [00:13<00:10,  2.73it/s]
 42%|████▏     | 21/50 [00:13<00:10,  2.74it/s]
 44%|████▍     | 22/50 [00:14<00:10,  2.74it/s]
 46%|████▌     | 23/50 [00:14<00:09,  2.74it/s]
 48%|████▊     | 24/50 [00:14<00:09,  2.75it/s]
 50%|█████     | 25/50 [00:15<00:09,  2.75it/s]
 52%|█████▏    | 26/50 [00:15<00:08,  2.75it/s]
 54%|█████▍    | 27/50 [00:15<00:08,  2.75it/s]
 56%|█████▌    | 28/50 [00:16<00:08,  2.75it/s]
 58%|█████▊    | 29/50 [00:16<00:07,  2.75it/s]
 60%|██████    | 30/50 [00:16<00:07,  2.75it/s]
 62%|██████▏   | 31/50 [00:17<00:06,  2.72it/s]
 64%|██████▍   | 32/50 [00:17<00:06,  2.72it/s]
 66%|██████▌   | 33/50 [00:18<00:06,  2.72it/s]
 68%|██████▊   | 34/50 [00:18<00:05,  2.72it/s]
 70%|███████   | 35/50 [00:18<00:05,  2.72it/s]
 72%|███████▏  | 36/50 [00:19<00:05,  2.72it/s]
 74%|███████▍  | 37/50 [00:19<00:04,  2.72it/s]
 76%|███████▌  | 38/50 [00:19<00:04,  2.73it/s]
 78%|███████▊  | 39/50 [00:20<00:04,  2.73it/s]
 80%|████████  | 40/50 [00:20<00:03,  2.73it/s]
 82%|████████▏ | 41/50 [00:20<00:03,  2.73it/s]
 84%|████████▍ | 42/50 [00:21<00:02,  2.73it/s]
 86%|████████▌ | 43/50 [00:21<00:02,  2.73it/s]
 88%|████████▊ | 44/50 [00:22<00:02,  2.73it/s]
 90%|█████████ | 45/50 [00:22<00:01,  2.73it/s]
 92%|█████████▏| 46/50 [00:22<00:01,  2.73it/s]
 94%|█████████▍| 47/50 [00:23<00:01,  2.73it/s]
 96%|█████████▌| 48/50 [00:23<00:00,  2.73it/s]
 98%|█████████▊| 49/50 [00:23<00:00,  2.73it/s]
100%|██████████| 50/50 [00:30<00:00,  2.10s/it]
100%|██████████| 50/50 [00:30<00:00,  1.66it/s]
[I 2023-12-11 21:55:00,779] Trial 250 finished with value: 0.18383546815803714 and parameters: {'EMBEDDING_DIM': 512, 'HIDDEN_DIM': 681, 'NUM_LAYERS': 1, 'DROPOUT': 0.3021426310798492, 'LR': 0.006109265948920108, 'WEIGHT_0': 0.9394126523351947, 'WEIGHT_1': 0.12080769085723542, 'WEIGHT_2': 0.24808106674729635, 'WEIGHT_3': 0.1872626807323689, 'WEIGHT_4': 0.8554398758287101, 'WEIGHT_5': 0.3995466033116445, 'WEIGHT_6': 0.07001480546299123, 'WEIGHT_7': 0.615382805341642, 'WEIGHT_8': 0.8677275489720133}. Best is trial 223 with value: 0.4540043855069437.
{'EMBEDDING_DIM': 512, 'HIDDEN_DIM': 681, 'NUM_LAYERS': 1, 'DROPOUT': 0.3021426310798492, 'LR': 0.006109265948920108, 'WEIGHT_0': 0.9394126523351947, 'WEIGHT_1': 0.12080769085723542, 'WEIGHT_2': 0.24808106674729635, 'WEIGHT_3': 0.1872626807323689, 'WEIGHT_4': 0.8554398758287101, 'WEIGHT_5': 0.3995466033116445, 'WEIGHT_6': 0.07001480546299123, 'WEIGHT_7': 0.615382805341642, 'WEIGHT_8': 0.8677275489720133}
0
              precision    recall  f1-score   support

         LOC       0.00      0.00      0.00      1837
        MISC       0.00      0.00      0.00       922
         ORG       0.00      0.00      0.00      1341
         PER       0.00      0.00      0.00      1842

   micro avg       0.00      0.00      0.00      5942
   macro avg       0.00      0.00      0.00      5942
weighted avg       0.00      0.00      0.00      5942

{'EMBEDDING_DIM': 512, 'HIDDEN_DIM': 681, 'NUM_LAYERS': 1, 'DROPOUT': 0.3021426310798492, 'LR': 0.006109265948920108, 'WEIGHT_0': 0.9394126523351947, 'WEIGHT_1': 0.12080769085723542, 'WEIGHT_2': 0.24808106674729635, 'WEIGHT_3': 0.1872626807323689, 'WEIGHT_4': 0.8554398758287101, 'WEIGHT_5': 0.3995466033116445, 'WEIGHT_6': 0.07001480546299123, 'WEIGHT_7': 0.615382805341642, 'WEIGHT_8': 0.8677275489720133}
49
              precision    recall  f1-score   support

         LOC       0.20      0.40      0.26      1837
        MISC       0.12      0.00      0.01       922
         ORG       0.00      0.00      0.00      1341
         PER       0.20      0.15      0.17      1842

   micro avg       0.20      0.17      0.18      5942
   macro avg       0.13      0.14      0.11      5942
weighted avg       0.14      0.17      0.14      5942

epoch 49
Transformer

  0%|          | 0/50 [00:00<?, ?it/s]
  2%|▏         | 1/50 [00:05<04:52,  5.97s/it]
  6%|▌         | 3/50 [00:06<01:16,  1.62s/it]
 10%|█         | 5/50 [00:06<00:37,  1.20it/s]
 14%|█▍        | 7/50 [00:06<00:22,  1.92it/s]
 18%|█▊        | 9/50 [00:06<00:14,  2.76it/s]
 20%|██        | 10/50 [00:06<00:12,  3.26it/s]
 22%|██▏       | 11/50 [00:06<00:10,  3.83it/s]
 24%|██▍       | 12/50 [00:07<00:08,  4.37it/s]
 26%|██▌       | 13/50 [00:07<00:07,  4.75it/s]
 28%|██▊       | 14/50 [00:07<00:06,  5.40it/s]
 30%|███       | 15/50 [00:07<00:05,  6.04it/s]
 32%|███▏      | 16/50 [00:07<00:05,  6.62it/s]
 34%|███▍      | 17/50 [00:07<00:04,  7.11it/s]
 36%|███▌      | 18/50 [00:07<00:04,  7.51it/s]
 38%|███▊      | 19/50 [00:07<00:03,  7.83it/s]
 42%|████▏     | 21/50 [00:08<00:03,  9.10it/s]
 46%|████▌     | 23/50 [00:08<00:02,  9.92it/s]
 50%|█████     | 25/50 [00:08<00:02, 10.40it/s]
 54%|█████▍    | 27/50 [00:08<00:02, 10.72it/s]
 58%|█████▊    | 29/50 [00:08<00:01, 10.94it/s]
 62%|██████▏   | 31/50 [00:08<00:01, 11.05it/s]
 66%|██████▌   | 33/50 [00:09<00:01, 11.18it/s]
 70%|███████   | 35/50 [00:09<00:01, 11.23it/s]
 74%|███████▍  | 37/50 [00:09<00:01, 11.27it/s]
 78%|███████▊  | 39/50 [00:09<00:00, 11.30it/s]
 82%|████████▏ | 41/50 [00:09<00:00, 11.33it/s]
 86%|████████▌ | 43/50 [00:10<00:00, 11.34it/s]
 90%|█████████ | 45/50 [00:10<00:00, 11.37it/s]
 94%|█████████▍| 47/50 [00:10<00:00, 11.38it/s]
 98%|█████████▊| 49/50 [00:10<00:00, 11.38it/s]
100%|██████████| 50/50 [00:16<00:00,  3.05it/s]
[I 2023-12-11 21:55:22,731] Trial 251 finished with value: 0.44572132156782274 and parameters: {'EMBEDDING_DIM': 32, 'HIDDEN_DIM': 569, 'NUM_LAYERS': 1, 'DROPOUT': 0.28222258756470914, 'LR': 0.006158144357341184, 'WEIGHT_0': 0.9447647102317838, 'WEIGHT_1': 0.1328014468775971, 'WEIGHT_2': 0.2693998349260768, 'WEIGHT_3': 0.22114849087402438, 'WEIGHT_4': 0.8089533779829112, 'WEIGHT_5': 0.3954190136384454, 'WEIGHT_6': 0.09335598986053936, 'WEIGHT_7': 0.6681171524989596, 'WEIGHT_8': 0.8623707132923507}. Best is trial 223 with value: 0.4540043855069437.
{'EMBEDDING_DIM': 32, 'HIDDEN_DIM': 569, 'NUM_LAYERS': 1, 'DROPOUT': 0.28222258756470914, 'LR': 0.006158144357341184, 'WEIGHT_0': 0.9447647102317838, 'WEIGHT_1': 0.1328014468775971, 'WEIGHT_2': 0.2693998349260768, 'WEIGHT_3': 0.22114849087402438, 'WEIGHT_4': 0.8089533779829112, 'WEIGHT_5': 0.3954190136384454, 'WEIGHT_6': 0.09335598986053936, 'WEIGHT_7': 0.6681171524989596, 'WEIGHT_8': 0.8623707132923507}
0
              precision    recall  f1-score   support

         LOC       0.00      0.00      0.00      1837
        MISC       0.00      0.00      0.00       922
         ORG       0.00      0.00      0.00      1341
         PER       0.00      0.00      0.00      1842

   micro avg       0.00      0.00      0.00      5942
   macro avg       0.00      0.00      0.00      5942
weighted avg       0.00      0.00      0.00      5942

{'EMBEDDING_DIM': 32, 'HIDDEN_DIM': 569, 'NUM_LAYERS': 1, 'DROPOUT': 0.28222258756470914, 'LR': 0.006158144357341184, 'WEIGHT_0': 0.9447647102317838, 'WEIGHT_1': 0.1328014468775971, 'WEIGHT_2': 0.2693998349260768, 'WEIGHT_3': 0.22114849087402438, 'WEIGHT_4': 0.8089533779829112, 'WEIGHT_5': 0.3954190136384454, 'WEIGHT_6': 0.09335598986053936, 'WEIGHT_7': 0.6681171524989596, 'WEIGHT_8': 0.8623707132923507}
49
              precision    recall  f1-score   support

         LOC       0.78      0.59      0.67      1837
        MISC       0.65      0.50      0.56       922
         ORG       0.45      0.21      0.29      1341
         PER       0.32      0.19      0.24      1842

   micro avg       0.57      0.37      0.45      5942
   macro avg       0.55      0.37      0.44      5942
weighted avg       0.54      0.37      0.43      5942

epoch 49
Transformer

  0%|          | 0/50 [00:00<?, ?it/s]
  2%|▏         | 1/50 [00:05<04:44,  5.81s/it]
  6%|▌         | 3/50 [00:05<01:13,  1.57s/it]
 10%|█         | 5/50 [00:06<00:36,  1.23it/s]
 12%|█▏        | 6/50 [00:06<00:27,  1.61it/s]
 16%|█▌        | 8/50 [00:06<00:16,  2.56it/s]
 20%|██        | 10/50 [00:06<00:11,  3.61it/s]
 24%|██▍       | 12/50 [00:06<00:08,  4.72it/s]
 28%|██▊       | 14/50 [00:07<00:06,  5.83it/s]
 32%|███▏      | 16/50 [00:07<00:04,  6.84it/s]
 36%|███▌      | 18/50 [00:07<00:04,  7.74it/s]
 40%|████      | 20/50 [00:07<00:03,  8.50it/s]
 44%|████▍     | 22/50 [00:07<00:03,  9.11it/s]
 48%|████▊     | 24/50 [00:07<00:02,  9.56it/s]
 52%|█████▏    | 26/50 [00:08<00:02,  9.89it/s]
 56%|█████▌    | 28/50 [00:08<00:02, 10.16it/s]
 60%|██████    | 30/50 [00:08<00:01, 10.36it/s]
 64%|██████▍   | 32/50 [00:08<00:01, 10.48it/s]
 68%|██████▊   | 34/50 [00:08<00:01, 10.56it/s]
 72%|███████▏  | 36/50 [00:09<00:01, 10.60it/s]
 76%|███████▌  | 38/50 [00:09<00:01, 10.65it/s]
 80%|████████  | 40/50 [00:09<00:00, 10.72it/s]
 84%|████████▍ | 42/50 [00:09<00:00, 10.76it/s]
 88%|████████▊ | 44/50 [00:09<00:00, 10.77it/s]
 92%|█████████▏| 46/50 [00:09<00:00, 10.78it/s]
 96%|█████████▌| 48/50 [00:10<00:00, 10.79it/s]
100%|██████████| 50/50 [00:16<00:00,  1.03it/s]
100%|██████████| 50/50 [00:16<00:00,  3.08it/s]
[I 2023-12-11 21:55:44,536] Trial 252 finished with value: 0.44354503943545043 and parameters: {'EMBEDDING_DIM': 32, 'HIDDEN_DIM': 587, 'NUM_LAYERS': 1, 'DROPOUT': 0.2872075350363699, 'LR': 0.006080209885147468, 'WEIGHT_0': 0.94161250200107, 'WEIGHT_1': 0.12530959663204919, 'WEIGHT_2': 0.2706375884640067, 'WEIGHT_3': 0.22664396824345667, 'WEIGHT_4': 0.8031283320967041, 'WEIGHT_5': 0.3874946770020336, 'WEIGHT_6': 0.09320490158597247, 'WEIGHT_7': 0.6320315040714072, 'WEIGHT_8': 0.8883603806167495}. Best is trial 223 with value: 0.4540043855069437.
{'EMBEDDING_DIM': 32, 'HIDDEN_DIM': 587, 'NUM_LAYERS': 1, 'DROPOUT': 0.2872075350363699, 'LR': 0.006080209885147468, 'WEIGHT_0': 0.94161250200107, 'WEIGHT_1': 0.12530959663204919, 'WEIGHT_2': 0.2706375884640067, 'WEIGHT_3': 0.22664396824345667, 'WEIGHT_4': 0.8031283320967041, 'WEIGHT_5': 0.3874946770020336, 'WEIGHT_6': 0.09320490158597247, 'WEIGHT_7': 0.6320315040714072, 'WEIGHT_8': 0.8883603806167495}
0
              precision    recall  f1-score   support

         LOC       0.00      0.00      0.00      1837
        MISC       0.00      0.00      0.00       922
         ORG       0.00      0.00      0.00      1341
         PER       0.00      0.00      0.00      1842

   micro avg       0.00      0.00      0.00      5942
   macro avg       0.00      0.00      0.00      5942
weighted avg       0.00      0.00      0.00      5942

{'EMBEDDING_DIM': 32, 'HIDDEN_DIM': 587, 'NUM_LAYERS': 1, 'DROPOUT': 0.2872075350363699, 'LR': 0.006080209885147468, 'WEIGHT_0': 0.94161250200107, 'WEIGHT_1': 0.12530959663204919, 'WEIGHT_2': 0.2706375884640067, 'WEIGHT_3': 0.22664396824345667, 'WEIGHT_4': 0.8031283320967041, 'WEIGHT_5': 0.3874946770020336, 'WEIGHT_6': 0.09320490158597247, 'WEIGHT_7': 0.6320315040714072, 'WEIGHT_8': 0.8883603806167495}
49
              precision    recall  f1-score   support

         LOC       0.77      0.59      0.67      1837
        MISC       0.65      0.48      0.55       922
         ORG       0.43      0.20      0.27      1341
         PER       0.34      0.18      0.24      1842

   micro avg       0.58      0.36      0.44      5942
   macro avg       0.55      0.36      0.43      5942
weighted avg       0.54      0.36      0.43      5942

epoch 49
Transformer

  0%|          | 0/50 [00:00<?, ?it/s]
  2%|▏         | 1/50 [00:05<04:46,  5.85s/it]
  6%|▌         | 3/50 [00:06<01:14,  1.59s/it]
 10%|█         | 5/50 [00:06<00:36,  1.22it/s]
 14%|█▍        | 7/50 [00:06<00:21,  1.96it/s]
 16%|█▌        | 8/50 [00:06<00:17,  2.40it/s]
 20%|██        | 10/50 [00:06<00:11,  3.43it/s]
 22%|██▏       | 11/50 [00:06<00:09,  3.94it/s]
 24%|██▍       | 12/50 [00:06<00:08,  4.53it/s]
 26%|██▌       | 13/50 [00:07<00:07,  5.21it/s]
 28%|██▊       | 14/50 [00:07<00:06,  5.81it/s]
 30%|███       | 15/50 [00:07<00:05,  6.36it/s]
 32%|███▏      | 16/50 [00:07<00:04,  6.88it/s]
 36%|███▌      | 18/50 [00:07<00:03,  8.32it/s]
 40%|████      | 20/50 [00:07<00:03,  9.26it/s]
 44%|████▍     | 22/50 [00:07<00:02,  9.87it/s]
 48%|████▊     | 24/50 [00:08<00:02, 10.29it/s]
 52%|█████▏    | 26/50 [00:08<00:02, 10.59it/s]
 56%|█████▌    | 28/50 [00:08<00:02, 10.75it/s]
 60%|██████    | 30/50 [00:08<00:01, 10.89it/s]
 64%|██████▍   | 32/50 [00:08<00:01, 10.99it/s]
 68%|██████▊   | 34/50 [00:09<00:01, 11.04it/s]
 72%|███████▏  | 36/50 [00:09<00:01, 11.08it/s]
 76%|███████▌  | 38/50 [00:09<00:01, 11.12it/s]
 80%|████████  | 40/50 [00:09<00:00, 11.15it/s]
 84%|████████▍ | 42/50 [00:09<00:00, 11.18it/s]
 88%|████████▊ | 44/50 [00:09<00:00, 11.21it/s]
 92%|█████████▏| 46/50 [00:10<00:00, 11.21it/s]
 96%|█████████▌| 48/50 [00:10<00:00, 11.23it/s]
100%|██████████| 50/50 [00:16<00:00,  1.04it/s]
100%|██████████| 50/50 [00:16<00:00,  3.07it/s]
