[I 2023-12-11 21:48:36,004] Trial 233 finished with value: 0.44407826982492277 and parameters: {'EMBEDDING_DIM': 32, 'HIDDEN_DIM': 671, 'NUM_LAYERS': 1, 'DROPOUT': 0.24345553417829063, 'LR': 0.006846299645005069, 'WEIGHT_0': 0.9940317768387742, 'WEIGHT_1': 0.1611746805630459, 'WEIGHT_2': 0.2105173355009755, 'WEIGHT_3': 0.2760987144477987, 'WEIGHT_4': 0.8815876775113651, 'WEIGHT_5': 0.47216196697240476, 'WEIGHT_6': 0.03814022033502832, 'WEIGHT_7': 0.6014831294242599, 'WEIGHT_8': 0.7801799395874133}. Best is trial 223 with value: 0.4540043855069437.
{'EMBEDDING_DIM': 32, 'HIDDEN_DIM': 671, 'NUM_LAYERS': 1, 'DROPOUT': 0.24345553417829063, 'LR': 0.006846299645005069, 'WEIGHT_0': 0.9940317768387742, 'WEIGHT_1': 0.1611746805630459, 'WEIGHT_2': 0.2105173355009755, 'WEIGHT_3': 0.2760987144477987, 'WEIGHT_4': 0.8815876775113651, 'WEIGHT_5': 0.47216196697240476, 'WEIGHT_6': 0.03814022033502832, 'WEIGHT_7': 0.6014831294242599, 'WEIGHT_8': 0.7801799395874133}
0
              precision    recall  f1-score   support

         LOC       0.00      0.00      0.00      1837
        MISC       0.00      0.00      0.00       922
         ORG       0.00      0.00      0.00      1341
         PER       0.00      0.00      0.00      1842

   micro avg       0.00      0.00      0.00      5942
   macro avg       0.00      0.00      0.00      5942
weighted avg       0.00      0.00      0.00      5942

{'EMBEDDING_DIM': 32, 'HIDDEN_DIM': 671, 'NUM_LAYERS': 1, 'DROPOUT': 0.24345553417829063, 'LR': 0.006846299645005069, 'WEIGHT_0': 0.9940317768387742, 'WEIGHT_1': 0.1611746805630459, 'WEIGHT_2': 0.2105173355009755, 'WEIGHT_3': 0.2760987144477987, 'WEIGHT_4': 0.8815876775113651, 'WEIGHT_5': 0.47216196697240476, 'WEIGHT_6': 0.03814022033502832, 'WEIGHT_7': 0.6014831294242599, 'WEIGHT_8': 0.7801799395874133}
49
              precision    recall  f1-score   support

         LOC       0.78      0.60      0.67      1837
        MISC       0.64      0.48      0.55       922
         ORG       0.44      0.21      0.29      1341
         PER       0.33      0.18      0.23      1842

   micro avg       0.57      0.36      0.44      5942
   macro avg       0.55      0.37      0.44      5942
weighted avg       0.54      0.36      0.43      5942

epoch 49
Transformer

  0%|          | 0/50 [00:00<?, ?it/s]
  2%|▏         | 1/50 [00:05<04:46,  5.86s/it]
  6%|▌         | 3/50 [00:06<01:14,  1.59s/it]
 10%|█         | 5/50 [00:06<00:36,  1.22it/s]
 14%|█▍        | 7/50 [00:06<00:21,  1.96it/s]
 16%|█▌        | 8/50 [00:06<00:17,  2.39it/s]
 20%|██        | 10/50 [00:06<00:11,  3.49it/s]
 24%|██▍       | 12/50 [00:06<00:08,  4.60it/s]
 28%|██▊       | 14/50 [00:07<00:06,  5.78it/s]
 32%|███▏      | 16/50 [00:07<00:04,  6.89it/s]
 36%|███▌      | 18/50 [00:07<00:04,  7.89it/s]
 40%|████      | 20/50 [00:07<00:03,  8.73it/s]
 44%|████▍     | 22/50 [00:07<00:02,  9.40it/s]
 48%|████▊     | 24/50 [00:07<00:02,  9.93it/s]
 52%|█████▏    | 26/50 [00:08<00:02, 10.34it/s]
 56%|█████▌    | 28/50 [00:08<00:02, 10.62it/s]
 60%|██████    | 30/50 [00:08<00:01, 10.85it/s]
 64%|██████▍   | 32/50 [00:08<00:01, 11.02it/s]
 68%|██████▊   | 34/50 [00:08<00:01, 11.13it/s]
 72%|███████▏  | 36/50 [00:08<00:01, 11.20it/s]
 76%|███████▌  | 38/50 [00:09<00:01, 11.26it/s]
 80%|████████  | 40/50 [00:09<00:00, 11.27it/s]
 84%|████████▍ | 42/50 [00:09<00:00, 11.27it/s]
 88%|████████▊ | 44/50 [00:09<00:00, 11.35it/s]
 92%|█████████▏| 46/50 [00:09<00:00, 11.36it/s]
 96%|█████████▌| 48/50 [00:10<00:00, 11.38it/s]
100%|██████████| 50/50 [00:15<00:00,  1.06it/s]
100%|██████████| 50/50 [00:15<00:00,  3.13it/s]
[I 2023-12-11 21:48:57,559] Trial 234 finished with value: 0.43090007087172216 and parameters: {'EMBEDDING_DIM': 32, 'HIDDEN_DIM': 663, 'NUM_LAYERS': 1, 'DROPOUT': 0.24645991298375142, 'LR': 0.006881491218628611, 'WEIGHT_0': 0.9978544174849746, 'WEIGHT_1': 0.16790658095012334, 'WEIGHT_2': 0.20672611419398132, 'WEIGHT_3': 0.28175207466814783, 'WEIGHT_4': 0.9119969700389084, 'WEIGHT_5': 0.47195531893031406, 'WEIGHT_6': 0.03549376151510254, 'WEIGHT_7': 0.6100694987952753, 'WEIGHT_8': 0.7939966145759676}. Best is trial 223 with value: 0.4540043855069437.
{'EMBEDDING_DIM': 32, 'HIDDEN_DIM': 663, 'NUM_LAYERS': 1, 'DROPOUT': 0.24645991298375142, 'LR': 0.006881491218628611, 'WEIGHT_0': 0.9978544174849746, 'WEIGHT_1': 0.16790658095012334, 'WEIGHT_2': 0.20672611419398132, 'WEIGHT_3': 0.28175207466814783, 'WEIGHT_4': 0.9119969700389084, 'WEIGHT_5': 0.47195531893031406, 'WEIGHT_6': 0.03549376151510254, 'WEIGHT_7': 0.6100694987952753, 'WEIGHT_8': 0.7939966145759676}
0
              precision    recall  f1-score   support

         LOC       0.00      0.00      0.00      1837
        MISC       0.00      0.00      0.00       922
         ORG       0.00      0.00      0.00      1341
         PER       0.00      0.00      0.00      1842

   micro avg       0.00      0.00      0.00      5942
   macro avg       0.00      0.00      0.00      5942
weighted avg       0.00      0.00      0.00      5942

{'EMBEDDING_DIM': 32, 'HIDDEN_DIM': 663, 'NUM_LAYERS': 1, 'DROPOUT': 0.24645991298375142, 'LR': 0.006881491218628611, 'WEIGHT_0': 0.9978544174849746, 'WEIGHT_1': 0.16790658095012334, 'WEIGHT_2': 0.20672611419398132, 'WEIGHT_3': 0.28175207466814783, 'WEIGHT_4': 0.9119969700389084, 'WEIGHT_5': 0.47195531893031406, 'WEIGHT_6': 0.03549376151510254, 'WEIGHT_7': 0.6100694987952753, 'WEIGHT_8': 0.7939966145759676}
49
              precision    recall  f1-score   support

         LOC       0.78      0.58      0.66      1837
        MISC       0.61      0.47      0.53       922
         ORG       0.38      0.21      0.27      1341
         PER       0.32      0.19      0.24      1842

   micro avg       0.54      0.36      0.43      5942
   macro avg       0.52      0.36      0.43      5942
weighted avg       0.52      0.36      0.42      5942

epoch 49
Transformer

  0%|          | 0/50 [00:00<?, ?it/s]
  2%|▏         | 1/50 [00:05<04:48,  5.89s/it]
  6%|▌         | 3/50 [00:06<01:15,  1.60s/it]
 10%|█         | 5/50 [00:06<00:37,  1.21it/s]
 12%|█▏        | 6/50 [00:06<00:27,  1.59it/s]
 16%|█▌        | 8/50 [00:06<00:16,  2.52it/s]
 18%|█▊        | 9/50 [00:06<00:13,  3.00it/s]
 20%|██        | 10/50 [00:06<00:11,  3.63it/s]
 22%|██▏       | 11/50 [00:06<00:09,  4.33it/s]
 24%|██▍       | 12/50 [00:07<00:07,  5.08it/s]
 26%|██▌       | 13/50 [00:07<00:06,  5.73it/s]
 28%|██▊       | 14/50 [00:07<00:05,  6.32it/s]
 30%|███       | 15/50 [00:07<00:05,  6.83it/s]
 32%|███▏      | 16/50 [00:07<00:04,  7.24it/s]
 36%|███▌      | 18/50 [00:07<00:03,  8.53it/s]
 40%|████      | 20/50 [00:07<00:03,  9.40it/s]
 44%|████▍     | 22/50 [00:08<00:02,  9.99it/s]
 48%|████▊     | 24/50 [00:08<00:02, 10.37it/s]
 52%|█████▏    | 26/50 [00:08<00:02, 10.61it/s]
 56%|█████▌    | 28/50 [00:08<00:02, 10.80it/s]
 60%|██████    | 30/50 [00:08<00:01, 10.94it/s]
 64%|██████▍   | 32/50 [00:08<00:01, 11.01it/s]
 68%|██████▊   | 34/50 [00:09<00:01, 11.07it/s]
 72%|███████▏  | 36/50 [00:09<00:01, 11.10it/s]
 76%|███████▌  | 38/50 [00:09<00:01, 11.14it/s]
 80%|████████  | 40/50 [00:09<00:00, 11.17it/s]
 84%|████████▍ | 42/50 [00:09<00:00, 11.18it/s]
 88%|████████▊ | 44/50 [00:09<00:00, 11.18it/s]
 92%|█████████▏| 46/50 [00:10<00:00, 11.19it/s]
 96%|█████████▌| 48/50 [00:10<00:00, 11.19it/s]
100%|██████████| 50/50 [00:16<00:00,  1.04it/s]
100%|██████████| 50/50 [00:16<00:00,  3.06it/s]
[I 2023-12-11 21:49:19,596] Trial 235 finished with value: 0.43512477995236615 and parameters: {'EMBEDDING_DIM': 32, 'HIDDEN_DIM': 756, 'NUM_LAYERS': 1, 'DROPOUT': 0.23815080026409796, 'LR': 0.007214745827700686, 'WEIGHT_0': 0.9991463894522902, 'WEIGHT_1': 0.1492752680731542, 'WEIGHT_2': 0.18985553481903464, 'WEIGHT_3': 0.25651781596430884, 'WEIGHT_4': 0.9363851387224735, 'WEIGHT_5': 0.5056480339410192, 'WEIGHT_6': 0.0460828109653694, 'WEIGHT_7': 0.5948810685366638, 'WEIGHT_8': 0.7775357383686797}. Best is trial 223 with value: 0.4540043855069437.
{'EMBEDDING_DIM': 32, 'HIDDEN_DIM': 756, 'NUM_LAYERS': 1, 'DROPOUT': 0.23815080026409796, 'LR': 0.007214745827700686, 'WEIGHT_0': 0.9991463894522902, 'WEIGHT_1': 0.1492752680731542, 'WEIGHT_2': 0.18985553481903464, 'WEIGHT_3': 0.25651781596430884, 'WEIGHT_4': 0.9363851387224735, 'WEIGHT_5': 0.5056480339410192, 'WEIGHT_6': 0.0460828109653694, 'WEIGHT_7': 0.5948810685366638, 'WEIGHT_8': 0.7775357383686797}
0
              precision    recall  f1-score   support

         LOC       0.00      0.00      0.00      1837
        MISC       0.00      0.00      0.00       922
         ORG       0.00      0.00      0.00      1341
         PER       0.00      0.00      0.00      1842

   micro avg       0.00      0.00      0.00      5942
   macro avg       0.00      0.00      0.00      5942
weighted avg       0.00      0.00      0.00      5942

{'EMBEDDING_DIM': 32, 'HIDDEN_DIM': 756, 'NUM_LAYERS': 1, 'DROPOUT': 0.23815080026409796, 'LR': 0.007214745827700686, 'WEIGHT_0': 0.9991463894522902, 'WEIGHT_1': 0.1492752680731542, 'WEIGHT_2': 0.18985553481903464, 'WEIGHT_3': 0.25651781596430884, 'WEIGHT_4': 0.9363851387224735, 'WEIGHT_5': 0.5056480339410192, 'WEIGHT_6': 0.0460828109653694, 'WEIGHT_7': 0.5948810685366638, 'WEIGHT_8': 0.7775357383686797}
49
              precision    recall  f1-score   support

         LOC       0.73      0.59      0.65      1837
        MISC       0.59      0.46      0.52       922
         ORG       0.42      0.20      0.27      1341
         PER       0.37      0.18      0.24      1842

   micro avg       0.57      0.35      0.44      5942
   macro avg       0.53      0.36      0.42      5942
weighted avg       0.53      0.35      0.42      5942

epoch 49
Transformer

  0%|          | 0/50 [00:00<?, ?it/s]
  2%|▏         | 1/50 [00:05<04:53,  6.00s/it]
  6%|▌         | 3/50 [00:06<01:16,  1.63s/it]
 10%|█         | 5/50 [00:06<00:37,  1.19it/s]
 14%|█▍        | 7/50 [00:06<00:22,  1.91it/s]
 16%|█▌        | 8/50 [00:06<00:18,  2.33it/s]
 18%|█▊        | 9/50 [00:06<00:14,  2.86it/s]
 20%|██        | 10/50 [00:06<00:11,  3.46it/s]
 22%|██▏       | 11/50 [00:07<00:09,  4.15it/s]
 26%|██▌       | 13/50 [00:07<00:06,  5.73it/s]
 30%|███       | 15/50 [00:07<00:04,  7.06it/s]
 34%|███▍      | 17/50 [00:07<00:04,  8.13it/s]
 38%|███▊      | 19/50 [00:07<00:03,  8.94it/s]
 42%|████▏     | 21/50 [00:07<00:03,  9.58it/s]
 46%|████▌     | 23/50 [00:08<00:02, 10.02it/s]
 50%|█████     | 25/50 [00:08<00:02, 10.37it/s]
 54%|█████▍    | 27/50 [00:08<00:02, 10.63it/s]
 58%|█████▊    | 29/50 [00:08<00:01, 10.78it/s]
 62%|██████▏   | 31/50 [00:08<00:01, 10.92it/s]
 66%|██████▌   | 33/50 [00:08<00:01, 11.01it/s]
 70%|███████   | 35/50 [00:09<00:01, 11.05it/s]
 74%|███████▍  | 37/50 [00:09<00:01, 11.11it/s]
 78%|███████▊  | 39/50 [00:09<00:00, 11.13it/s]
 82%|████████▏ | 41/50 [00:09<00:00, 11.16it/s]
 86%|████████▌ | 43/50 [00:09<00:00, 11.18it/s]
 90%|█████████ | 45/50 [00:10<00:00, 11.20it/s]
 94%|█████████▍| 47/50 [00:10<00:00, 11.18it/s]
 98%|█████████▊| 49/50 [00:10<00:00, 11.18it/s]
100%|██████████| 50/50 [00:16<00:00,  3.06it/s]
[I 2023-12-11 21:49:41,634] Trial 236 finished with value: 0.40718562874251496 and parameters: {'EMBEDDING_DIM': 32, 'HIDDEN_DIM': 936, 'NUM_LAYERS': 1, 'DROPOUT': 0.27476334135814073, 'LR': 0.006781393238529739, 'WEIGHT_0': 0.9757764880927214, 'WEIGHT_1': 0.1910623532482561, 'WEIGHT_2': 0.1659795528542205, 'WEIGHT_3': 0.2964678525103297, 'WEIGHT_4': 0.8767340512346212, 'WEIGHT_5': 0.464541485809883, 'WEIGHT_6': 0.013585273791212549, 'WEIGHT_7': 0.5361797521158973, 'WEIGHT_8': 0.8231109854477767}. Best is trial 223 with value: 0.4540043855069437.
{'EMBEDDING_DIM': 32, 'HIDDEN_DIM': 936, 'NUM_LAYERS': 1, 'DROPOUT': 0.27476334135814073, 'LR': 0.006781393238529739, 'WEIGHT_0': 0.9757764880927214, 'WEIGHT_1': 0.1910623532482561, 'WEIGHT_2': 0.1659795528542205, 'WEIGHT_3': 0.2964678525103297, 'WEIGHT_4': 0.8767340512346212, 'WEIGHT_5': 0.464541485809883, 'WEIGHT_6': 0.013585273791212549, 'WEIGHT_7': 0.5361797521158973, 'WEIGHT_8': 0.8231109854477767}
0
              precision    recall  f1-score   support

         LOC       0.00      0.00      0.00      1837
        MISC       0.00      0.00      0.00       922
         ORG       0.00      0.00      0.00      1341
         PER       0.00      0.00      0.00      1842

   micro avg       0.00      0.00      0.00      5942
   macro avg       0.00      0.00      0.00      5942
weighted avg       0.00      0.00      0.00      5942

{'EMBEDDING_DIM': 32, 'HIDDEN_DIM': 936, 'NUM_LAYERS': 1, 'DROPOUT': 0.27476334135814073, 'LR': 0.006781393238529739, 'WEIGHT_0': 0.9757764880927214, 'WEIGHT_1': 0.1910623532482561, 'WEIGHT_2': 0.1659795528542205, 'WEIGHT_3': 0.2964678525103297, 'WEIGHT_4': 0.8767340512346212, 'WEIGHT_5': 0.464541485809883, 'WEIGHT_6': 0.013585273791212549, 'WEIGHT_7': 0.5361797521158973, 'WEIGHT_8': 0.8231109854477767}
49
              precision    recall  f1-score   support

         LOC       0.70      0.60      0.65      1837
        MISC       0.55      0.46      0.50       922
         ORG       0.45      0.19      0.27      1341
         PER       0.21      0.21      0.21      1842

   micro avg       0.46      0.37      0.41      5942
   macro avg       0.48      0.37      0.41      5942
weighted avg       0.47      0.37      0.40      5942

epoch 49
Transformer

  0%|          | 0/50 [00:00<?, ?it/s]
  2%|▏         | 1/50 [00:06<04:56,  6.04s/it]
  6%|▌         | 3/50 [00:06<01:16,  1.64s/it]
 10%|█         | 5/50 [00:06<00:37,  1.19it/s]
 14%|█▍        | 7/50 [00:06<00:22,  1.90it/s]
 18%|█▊        | 9/50 [00:06<00:14,  2.76it/s]
 20%|██        | 10/50 [00:06<00:12,  3.22it/s]
 22%|██▏       | 11/50 [00:07<00:10,  3.81it/s]
 24%|██▍       | 12/50 [00:07<00:08,  4.43it/s]
 26%|██▌       | 13/50 [00:07<00:07,  4.92it/s]
 30%|███       | 15/50 [00:07<00:05,  6.47it/s]
 34%|███▍      | 17/50 [00:07<00:04,  7.72it/s]
 38%|███▊      | 19/50 [00:07<00:03,  8.68it/s]
 42%|████▏     | 21/50 [00:07<00:03,  9.40it/s]
 46%|████▌     | 23/50 [00:08<00:02,  9.90it/s]
 50%|█████     | 25/50 [00:08<00:02, 10.31it/s]
 54%|█████▍    | 27/50 [00:08<00:02, 10.59it/s]
 58%|█████▊    | 29/50 [00:08<00:01, 10.79it/s]
 62%|██████▏   | 31/50 [00:08<00:01, 10.95it/s]
 66%|██████▌   | 33/50 [00:09<00:01, 11.03it/s]
 70%|███████   | 35/50 [00:09<00:01, 11.10it/s]
 74%|███████▍  | 37/50 [00:09<00:01, 11.16it/s]
 78%|███████▊  | 39/50 [00:09<00:00, 11.19it/s]
 82%|████████▏ | 41/50 [00:09<00:00, 11.20it/s]
 86%|████████▌ | 43/50 [00:09<00:00, 11.21it/s]
 90%|█████████ | 45/50 [00:10<00:00, 11.21it/s]
 94%|█████████▍| 47/50 [00:10<00:00, 11.23it/s]
 98%|█████████▊| 49/50 [00:10<00:00, 11.24it/s]
100%|██████████| 50/50 [00:16<00:00,  3.05it/s]
[I 2023-12-11 21:50:03,552] Trial 237 finished with value: 0.43605996579132705 and parameters: {'EMBEDDING_DIM': 32, 'HIDDEN_DIM': 635, 'NUM_LAYERS': 1, 'DROPOUT': 0.26372595235565677, 'LR': 0.007108096279078452, 'WEIGHT_0': 0.9556019085835319, 'WEIGHT_1': 0.20381799731322328, 'WEIGHT_2': 0.21822725209785493, 'WEIGHT_3': 0.25009826543413405, 'WEIGHT_4': 0.9271432488215555, 'WEIGHT_5': 0.4774368250643093, 'WEIGHT_6': 0.06220314550456506, 'WEIGHT_7': 0.6274079086015532, 'WEIGHT_8': 0.7969237496956215}. Best is trial 223 with value: 0.4540043855069437.
{'EMBEDDING_DIM': 32, 'HIDDEN_DIM': 635, 'NUM_LAYERS': 1, 'DROPOUT': 0.26372595235565677, 'LR': 0.007108096279078452, 'WEIGHT_0': 0.9556019085835319, 'WEIGHT_1': 0.20381799731322328, 'WEIGHT_2': 0.21822725209785493, 'WEIGHT_3': 0.25009826543413405, 'WEIGHT_4': 0.9271432488215555, 'WEIGHT_5': 0.4774368250643093, 'WEIGHT_6': 0.06220314550456506, 'WEIGHT_7': 0.6274079086015532, 'WEIGHT_8': 0.7969237496956215}
0
              precision    recall  f1-score   support

         LOC       0.00      0.00      0.00      1837
        MISC       0.00      0.00      0.00       922
         ORG       0.00      0.00      0.00      1341
         PER       0.00      0.00      0.00      1842

   micro avg       0.00      0.00      0.00      5942
   macro avg       0.00      0.00      0.00      5942
weighted avg       0.00      0.00      0.00      5942

{'EMBEDDING_DIM': 32, 'HIDDEN_DIM': 635, 'NUM_LAYERS': 1, 'DROPOUT': 0.26372595235565677, 'LR': 0.007108096279078452, 'WEIGHT_0': 0.9556019085835319, 'WEIGHT_1': 0.20381799731322328, 'WEIGHT_2': 0.21822725209785493, 'WEIGHT_3': 0.25009826543413405, 'WEIGHT_4': 0.9271432488215555, 'WEIGHT_5': 0.4774368250643093, 'WEIGHT_6': 0.06220314550456506, 'WEIGHT_7': 0.6274079086015532, 'WEIGHT_8': 0.7969237496956215}
49
              precision    recall  f1-score   support

         LOC       0.78      0.58      0.66      1837
        MISC       0.59      0.48      0.53       922
         ORG       0.43      0.21      0.28      1341
         PER       0.31      0.20      0.25      1842

   micro avg       0.54      0.36      0.44      5942
   macro avg       0.53      0.37      0.43      5942
weighted avg       0.52      0.36      0.43      5942

epoch 49
Transformer

  0%|          | 0/50 [00:00<?, ?it/s]
  2%|▏         | 1/50 [00:06<04:55,  6.03s/it]
  6%|▌         | 3/50 [00:06<01:16,  1.63s/it]
 10%|█         | 5/50 [00:06<00:37,  1.19it/s]
 14%|█▍        | 7/50 [00:06<00:22,  1.91it/s]
 18%|█▊        | 9/50 [00:06<00:14,  2.74it/s]
 22%|██▏       | 11/50 [00:06<00:10,  3.71it/s]
 26%|██▌       | 13/50 [00:07<00:07,  4.74it/s]
 30%|███       | 15/50 [00:07<00:06,  5.78it/s]
 34%|███▍      | 17/50 [00:07<00:04,  6.76it/s]
 38%|███▊      | 19/50 [00:07<00:04,  7.61it/s]
 42%|████▏     | 21/50 [00:07<00:03,  8.11it/s]
 46%|████▌     | 23/50 [00:08<00:03,  8.11it/s]
 50%|█████     | 25/50 [00:08<00:02,  8.86it/s]
 54%|█████▍    | 27/50 [00:08<00:02,  9.48it/s]
 58%|█████▊    | 29/50 [00:08<00:02,  9.97it/s]
 62%|██████▏   | 31/50 [00:08<00:01, 10.31it/s]
 66%|██████▌   | 33/50 [00:09<00:01, 10.58it/s]
 70%|███████   | 35/50 [00:09<00:01, 10.66it/s]
 74%|███████▍  | 37/50 [00:09<00:01, 10.21it/s]
 78%|███████▊  | 39/50 [00:09<00:01,  9.80it/s]
 82%|████████▏ | 41/50 [00:09<00:00, 10.20it/s]
 86%|████████▌ | 43/50 [00:10<00:00, 10.49it/s]
 90%|█████████ | 45/50 [00:10<00:00, 10.70it/s]
 94%|█████████▍| 47/50 [00:10<00:00, 10.87it/s]
 98%|█████████▊| 49/50 [00:10<00:00, 10.97it/s]
100%|██████████| 50/50 [00:16<00:00,  3.01it/s]
