[I 2023-12-11 20:21:11,748] Trial 56 finished with value: 0.4454630690696948 and parameters: {'EMBEDDING_DIM': 32, 'HIDDEN_DIM': 145, 'NUM_LAYERS': 1, 'DROPOUT': 0.07083121801245275, 'LR': 0.007723421379873426, 'WEIGHT_0': 0.8242906465882233, 'WEIGHT_1': 0.22240033241502513, 'WEIGHT_2': 0.28679794102337564, 'WEIGHT_3': 0.09416963303092518, 'WEIGHT_4': 0.902048602949316, 'WEIGHT_5': 0.24109361769044432, 'WEIGHT_6': 0.17000935907356976, 'WEIGHT_7': 0.8640341569215073, 'WEIGHT_8': 0.8732855427514565}. Best is trial 42 with value: 0.44962374581939796.
{'EMBEDDING_DIM': 32, 'HIDDEN_DIM': 145, 'NUM_LAYERS': 1, 'DROPOUT': 0.07083121801245275, 'LR': 0.007723421379873426, 'WEIGHT_0': 0.8242906465882233, 'WEIGHT_1': 0.22240033241502513, 'WEIGHT_2': 0.28679794102337564, 'WEIGHT_3': 0.09416963303092518, 'WEIGHT_4': 0.902048602949316, 'WEIGHT_5': 0.24109361769044432, 'WEIGHT_6': 0.17000935907356976, 'WEIGHT_7': 0.8640341569215073, 'WEIGHT_8': 0.8732855427514565}
0
              precision    recall  f1-score   support

         LOC       0.00      0.00      0.00      1837
        MISC       0.00      0.00      0.00       922
         ORG       0.00      0.00      0.00      1341
         PER       0.00      0.00      0.00      1842

   micro avg       0.00      0.00      0.00      5942
   macro avg       0.00      0.00      0.00      5942
weighted avg       0.00      0.00      0.00      5942

{'EMBEDDING_DIM': 32, 'HIDDEN_DIM': 145, 'NUM_LAYERS': 1, 'DROPOUT': 0.07083121801245275, 'LR': 0.007723421379873426, 'WEIGHT_0': 0.8242906465882233, 'WEIGHT_1': 0.22240033241502513, 'WEIGHT_2': 0.28679794102337564, 'WEIGHT_3': 0.09416963303092518, 'WEIGHT_4': 0.902048602949316, 'WEIGHT_5': 0.24109361769044432, 'WEIGHT_6': 0.17000935907356976, 'WEIGHT_7': 0.8640341569215073, 'WEIGHT_8': 0.8732855427514565}
49
              precision    recall  f1-score   support

         LOC       0.78      0.58      0.66      1837
        MISC       0.62      0.48      0.54       922
         ORG       0.42      0.23      0.30      1341
         PER       0.39      0.18      0.24      1842

   micro avg       0.58      0.36      0.45      5942
   macro avg       0.55      0.37      0.44      5942
weighted avg       0.55      0.36      0.43      5942

epoch 49
Transformer

  0%|          | 0/50 [00:00<?, ?it/s]
  2%|▏         | 1/50 [00:05<04:45,  5.82s/it]
  6%|▌         | 3/50 [00:06<01:14,  1.58s/it]
 10%|█         | 5/50 [00:06<00:36,  1.23it/s]
 14%|█▍        | 7/50 [00:06<00:21,  1.97it/s]
 18%|█▊        | 9/50 [00:06<00:14,  2.87it/s]
 22%|██▏       | 11/50 [00:06<00:10,  3.90it/s]
 26%|██▌       | 13/50 [00:06<00:07,  5.01it/s]
 30%|███       | 15/50 [00:07<00:05,  6.14it/s]
 34%|███▍      | 17/50 [00:07<00:04,  7.23it/s]
 38%|███▊      | 19/50 [00:07<00:03,  8.22it/s]
 42%|████▏     | 21/50 [00:07<00:03,  9.03it/s]
 46%|████▌     | 23/50 [00:07<00:02,  9.69it/s]
 50%|█████     | 25/50 [00:07<00:02, 10.21it/s]
 54%|█████▍    | 27/50 [00:08<00:02, 10.60it/s]
 58%|█████▊    | 29/50 [00:08<00:01, 10.91it/s]
 62%|██████▏   | 31/50 [00:08<00:01, 11.15it/s]
 66%|██████▌   | 33/50 [00:08<00:01, 11.27it/s]
 70%|███████   | 35/50 [00:08<00:01, 11.37it/s]
 74%|███████▍  | 37/50 [00:08<00:01, 11.49it/s]
 78%|███████▊  | 39/50 [00:09<00:00, 11.52it/s]
 82%|████████▏ | 41/50 [00:09<00:00, 11.59it/s]
 86%|████████▌ | 43/50 [00:09<00:00, 11.62it/s]
 90%|█████████ | 45/50 [00:09<00:00, 11.62it/s]
 94%|█████████▍| 47/50 [00:09<00:00, 11.65it/s]
 98%|█████████▊| 49/50 [00:09<00:00, 11.66it/s]
100%|██████████| 50/50 [00:15<00:00,  3.16it/s]
[I 2023-12-11 20:21:33,208] Trial 57 finished with value: 0.3946720189763708 and parameters: {'EMBEDDING_DIM': 16, 'HIDDEN_DIM': 567, 'NUM_LAYERS': 1, 'DROPOUT': 0.1301236271145218, 'LR': 0.007874014079584817, 'WEIGHT_0': 0.8718597116123737, 'WEIGHT_1': 0.22431903353288737, 'WEIGHT_2': 0.2837077730604639, 'WEIGHT_3': 0.09173905462775064, 'WEIGHT_4': 0.9059885308328189, 'WEIGHT_5': 0.23739742017222937, 'WEIGHT_6': 0.1573427639953743, 'WEIGHT_7': 0.9030015289474145, 'WEIGHT_8': 0.8911493592000608}. Best is trial 42 with value: 0.44962374581939796.
{'EMBEDDING_DIM': 16, 'HIDDEN_DIM': 567, 'NUM_LAYERS': 1, 'DROPOUT': 0.1301236271145218, 'LR': 0.007874014079584817, 'WEIGHT_0': 0.8718597116123737, 'WEIGHT_1': 0.22431903353288737, 'WEIGHT_2': 0.2837077730604639, 'WEIGHT_3': 0.09173905462775064, 'WEIGHT_4': 0.9059885308328189, 'WEIGHT_5': 0.23739742017222937, 'WEIGHT_6': 0.1573427639953743, 'WEIGHT_7': 0.9030015289474145, 'WEIGHT_8': 0.8911493592000608}
0
              precision    recall  f1-score   support

         LOC       0.00      0.00      0.00      1837
        MISC       0.00      0.00      0.00       922
         ORG       0.00      0.00      0.00      1341
         PER       0.00      0.00      0.00      1842

   micro avg       0.00      0.00      0.00      5942
   macro avg       0.00      0.00      0.00      5942
weighted avg       0.00      0.00      0.00      5942

{'EMBEDDING_DIM': 16, 'HIDDEN_DIM': 567, 'NUM_LAYERS': 1, 'DROPOUT': 0.1301236271145218, 'LR': 0.007874014079584817, 'WEIGHT_0': 0.8718597116123737, 'WEIGHT_1': 0.22431903353288737, 'WEIGHT_2': 0.2837077730604639, 'WEIGHT_3': 0.09173905462775064, 'WEIGHT_4': 0.9059885308328189, 'WEIGHT_5': 0.23739742017222937, 'WEIGHT_6': 0.1573427639953743, 'WEIGHT_7': 0.9030015289474145, 'WEIGHT_8': 0.8911493592000608}
49
              precision    recall  f1-score   support

         LOC       0.79      0.55      0.65      1837
        MISC       0.44      0.48      0.46       922
         ORG       0.28      0.26      0.27      1341
         PER       0.24      0.20      0.22      1842

   micro avg       0.43      0.36      0.39      5942
   macro avg       0.44      0.37      0.40      5942
weighted avg       0.45      0.36      0.40      5942

epoch 49
Transformer

  0%|          | 0/50 [00:00<?, ?it/s]
  2%|▏         | 1/50 [00:05<04:51,  5.94s/it]
  6%|▌         | 3/50 [00:06<01:15,  1.61s/it]
 10%|█         | 5/50 [00:06<00:37,  1.21it/s]
 14%|█▍        | 7/50 [00:06<00:22,  1.94it/s]
 18%|█▊        | 9/50 [00:06<00:14,  2.83it/s]
 22%|██▏       | 11/50 [00:06<00:10,  3.82it/s]
 26%|██▌       | 13/50 [00:07<00:07,  4.89it/s]
 30%|███       | 15/50 [00:07<00:05,  5.99it/s]
 34%|███▍      | 17/50 [00:07<00:04,  7.02it/s]
 38%|███▊      | 19/50 [00:07<00:03,  7.96it/s]
 42%|████▏     | 21/50 [00:07<00:03,  8.73it/s]
 46%|████▌     | 23/50 [00:07<00:02,  9.38it/s]
 50%|█████     | 25/50 [00:08<00:02,  9.90it/s]
 54%|█████▍    | 27/50 [00:08<00:02, 10.26it/s]
 58%|█████▊    | 29/50 [00:08<00:01, 10.55it/s]
 62%|██████▏   | 31/50 [00:08<00:01, 10.76it/s]
 66%|██████▌   | 33/50 [00:08<00:01, 10.90it/s]
 70%|███████   | 35/50 [00:08<00:01, 11.02it/s]
 74%|███████▍  | 37/50 [00:09<00:01, 11.10it/s]
 78%|███████▊  | 39/50 [00:09<00:01, 10.75it/s]
 82%|████████▏ | 41/50 [00:09<00:00,  9.67it/s]
 86%|████████▌ | 43/50 [00:09<00:00, 10.07it/s]
 90%|█████████ | 45/50 [00:09<00:00, 10.41it/s]
 94%|█████████▍| 47/50 [00:10<00:00, 10.67it/s]
 98%|█████████▊| 49/50 [00:10<00:00, 10.87it/s]
100%|██████████| 50/50 [00:16<00:00,  3.08it/s]
[I 2023-12-11 20:21:55,308] Trial 58 finished with value: 0.412190706095353 and parameters: {'EMBEDDING_DIM': 32, 'HIDDEN_DIM': 20, 'NUM_LAYERS': 1, 'DROPOUT': 0.15859890626050233, 'LR': 0.007466920822353079, 'WEIGHT_0': 0.7192796380873365, 'WEIGHT_1': 0.3155367439985272, 'WEIGHT_2': 0.4645518431825254, 'WEIGHT_3': 0.31400611896279285, 'WEIGHT_4': 0.8415437143140345, 'WEIGHT_5': 0.20336453396443524, 'WEIGHT_6': 0.07753262430409519, 'WEIGHT_7': 0.749635899317476, 'WEIGHT_8': 0.8832643875045966}. Best is trial 42 with value: 0.44962374581939796.
{'EMBEDDING_DIM': 32, 'HIDDEN_DIM': 20, 'NUM_LAYERS': 1, 'DROPOUT': 0.15859890626050233, 'LR': 0.007466920822353079, 'WEIGHT_0': 0.7192796380873365, 'WEIGHT_1': 0.3155367439985272, 'WEIGHT_2': 0.4645518431825254, 'WEIGHT_3': 0.31400611896279285, 'WEIGHT_4': 0.8415437143140345, 'WEIGHT_5': 0.20336453396443524, 'WEIGHT_6': 0.07753262430409519, 'WEIGHT_7': 0.749635899317476, 'WEIGHT_8': 0.8832643875045966}
0
              precision    recall  f1-score   support

         LOC       0.00      0.00      0.00      1837
        MISC       0.00      0.00      0.00       922
         ORG       0.00      0.00      0.00      1341
         PER       0.00      0.00      0.00      1842

   micro avg       0.00      0.00      0.00      5942
   macro avg       0.00      0.00      0.00      5942
weighted avg       0.00      0.00      0.00      5942

{'EMBEDDING_DIM': 32, 'HIDDEN_DIM': 20, 'NUM_LAYERS': 1, 'DROPOUT': 0.15859890626050233, 'LR': 0.007466920822353079, 'WEIGHT_0': 0.7192796380873365, 'WEIGHT_1': 0.3155367439985272, 'WEIGHT_2': 0.4645518431825254, 'WEIGHT_3': 0.31400611896279285, 'WEIGHT_4': 0.8415437143140345, 'WEIGHT_5': 0.20336453396443524, 'WEIGHT_6': 0.07753262430409519, 'WEIGHT_7': 0.749635899317476, 'WEIGHT_8': 0.8832643875045966}
49
              precision    recall  f1-score   support

         LOC       0.77      0.52      0.62      1837
        MISC       0.59      0.47      0.52       922
         ORG       0.36      0.23      0.28      1341
         PER       0.30      0.19      0.23      1842

   micro avg       0.51      0.34      0.41      5942
   macro avg       0.50      0.35      0.41      5942
weighted avg       0.50      0.34      0.41      5942

epoch 49
Transformer

  0%|          | 0/50 [00:00<?, ?it/s]
  2%|▏         | 1/50 [00:09<07:46,  9.51s/it]
  4%|▍         | 2/50 [00:11<03:52,  4.84s/it]
  6%|▌         | 3/50 [00:12<02:37,  3.36s/it]
  8%|▊         | 4/50 [00:14<02:02,  2.67s/it]
 10%|█         | 5/50 [00:15<01:42,  2.28s/it]
 12%|█▏        | 6/50 [00:17<01:30,  2.05s/it]
 14%|█▍        | 7/50 [00:19<01:21,  1.91s/it]
 16%|█▌        | 8/50 [00:20<01:16,  1.81s/it]
 18%|█▊        | 9/50 [00:22<01:11,  1.75s/it]
 20%|██        | 10/50 [00:23<01:08,  1.70s/it]
 22%|██▏       | 11/50 [00:25<01:05,  1.68s/it]
 24%|██▍       | 12/50 [00:27<01:02,  1.66s/it]
 26%|██▌       | 13/50 [00:28<01:00,  1.64s/it]
 28%|██▊       | 14/50 [00:30<00:58,  1.63s/it]
 30%|███       | 15/50 [00:31<00:57,  1.63s/it]
 32%|███▏      | 16/50 [00:33<00:55,  1.62s/it]
 34%|███▍      | 17/50 [00:35<00:53,  1.63s/it]
 36%|███▌      | 18/50 [00:36<00:51,  1.62s/it]
 38%|███▊      | 19/50 [00:38<00:50,  1.63s/it]
 40%|████      | 20/50 [00:40<00:48,  1.63s/it]
 42%|████▏     | 21/50 [00:41<00:47,  1.63s/it]
 44%|████▍     | 22/50 [00:43<00:45,  1.63s/it]
 46%|████▌     | 23/50 [00:44<00:43,  1.63s/it]
 48%|████▊     | 24/50 [00:46<00:42,  1.63s/it]
 50%|█████     | 25/50 [00:48<00:40,  1.63s/it]
 52%|█████▏    | 26/50 [00:49<00:39,  1.63s/it]
 54%|█████▍    | 27/50 [00:51<00:37,  1.63s/it]
 56%|█████▌    | 28/50 [00:53<00:35,  1.63s/it]
 58%|█████▊    | 29/50 [00:54<00:34,  1.63s/it]
 60%|██████    | 30/50 [00:56<00:32,  1.63s/it]
 62%|██████▏   | 31/50 [00:58<00:31,  1.64s/it]
 64%|██████▍   | 32/50 [00:59<00:29,  1.64s/it]
 66%|██████▌   | 33/50 [01:01<00:27,  1.64s/it]
 68%|██████▊   | 34/50 [01:03<00:26,  1.64s/it]
 70%|███████   | 35/50 [01:04<00:24,  1.65s/it]
 72%|███████▏  | 36/50 [01:06<00:23,  1.66s/it]
 74%|███████▍  | 37/50 [01:08<00:21,  1.66s/it]
 76%|███████▌  | 38/50 [01:09<00:20,  1.67s/it]
 78%|███████▊  | 39/50 [01:11<00:18,  1.67s/it]
 80%|████████  | 40/50 [01:13<00:16,  1.67s/it]
 82%|████████▏ | 41/50 [01:14<00:15,  1.68s/it]
 84%|████████▍ | 42/50 [01:16<00:13,  1.68s/it]
 86%|████████▌ | 43/50 [01:18<00:11,  1.68s/it]
 88%|████████▊ | 44/50 [01:19<00:10,  1.68s/it]
 90%|█████████ | 45/50 [01:21<00:08,  1.68s/it]
 92%|█████████▏| 46/50 [01:23<00:06,  1.68s/it]
 94%|█████████▍| 47/50 [01:24<00:05,  1.68s/it]
 96%|█████████▌| 48/50 [01:26<00:03,  1.68s/it]
 98%|█████████▊| 49/50 [01:28<00:01,  1.68s/it]
100%|██████████| 50/50 [01:37<00:00,  4.06s/it]
100%|██████████| 50/50 [01:37<00:00,  1.96s/it]
[I 2023-12-11 20:23:41,349] Trial 59 finished with value: 0.0 and parameters: {'EMBEDDING_DIM': 1024, 'HIDDEN_DIM': 789, 'NUM_LAYERS': 2, 'DROPOUT': 0.06514834361487146, 'LR': 0.008603013465058368, 'WEIGHT_0': 0.961403154431573, 'WEIGHT_1': 0.2580816975827082, 'WEIGHT_2': 0.35661811644635955, 'WEIGHT_3': 0.1480650924794444, 'WEIGHT_4': 0.8047325762520251, 'WEIGHT_5': 0.15529290004315444, 'WEIGHT_6': 0.10952769722849426, 'WEIGHT_7': 0.6999933571978162, 'WEIGHT_8': 0.5361299091233472}. Best is trial 42 with value: 0.44962374581939796.
{'EMBEDDING_DIM': 1024, 'HIDDEN_DIM': 789, 'NUM_LAYERS': 2, 'DROPOUT': 0.06514834361487146, 'LR': 0.008603013465058368, 'WEIGHT_0': 0.961403154431573, 'WEIGHT_1': 0.2580816975827082, 'WEIGHT_2': 0.35661811644635955, 'WEIGHT_3': 0.1480650924794444, 'WEIGHT_4': 0.8047325762520251, 'WEIGHT_5': 0.15529290004315444, 'WEIGHT_6': 0.10952769722849426, 'WEIGHT_7': 0.6999933571978162, 'WEIGHT_8': 0.5361299091233472}
0
              precision    recall  f1-score   support

         LOC       0.00      0.00      0.00      1837
        MISC       0.00      0.00      0.00       922
         ORG       0.00      0.00      0.00      1341
         PER       0.00      0.00      0.00      1842

   micro avg       0.00      0.00      0.00      5942
   macro avg       0.00      0.00      0.00      5942
weighted avg       0.00      0.00      0.00      5942

{'EMBEDDING_DIM': 1024, 'HIDDEN_DIM': 789, 'NUM_LAYERS': 2, 'DROPOUT': 0.06514834361487146, 'LR': 0.008603013465058368, 'WEIGHT_0': 0.961403154431573, 'WEIGHT_1': 0.2580816975827082, 'WEIGHT_2': 0.35661811644635955, 'WEIGHT_3': 0.1480650924794444, 'WEIGHT_4': 0.8047325762520251, 'WEIGHT_5': 0.15529290004315444, 'WEIGHT_6': 0.10952769722849426, 'WEIGHT_7': 0.6999933571978162, 'WEIGHT_8': 0.5361299091233472}
49
              precision    recall  f1-score   support

         LOC       0.00      0.00      0.00      1837
        MISC       0.00      0.00      0.00       922
         ORG       0.00      0.00      0.00      1341
         PER       0.00      0.00      0.00      1842

   micro avg       0.00      0.00      0.00      5942
   macro avg       0.00      0.00      0.00      5942
weighted avg       0.00      0.00      0.00      5942

epoch 49
Transformer

  0%|          | 0/50 [00:00<?, ?it/s]
  2%|▏         | 1/50 [00:06<05:08,  6.29s/it]
  4%|▍         | 2/50 [00:06<02:07,  2.65s/it]
  6%|▌         | 3/50 [00:06<01:10,  1.49s/it]
  8%|▊         | 4/50 [00:06<00:43,  1.06it/s]
 10%|█         | 5/50 [00:06<00:28,  1.56it/s]
 12%|█▏        | 6/50 [00:06<00:20,  2.18it/s]
 16%|█▌        | 8/50 [00:07<00:11,  3.59it/s]
 20%|██        | 10/50 [00:07<00:08,  4.77it/s]
 22%|██▏       | 11/50 [00:07<00:07,  5.37it/s]
 24%|██▍       | 12/50 [00:07<00:06,  5.98it/s]
 26%|██▌       | 13/50 [00:07<00:05,  6.59it/s]
 30%|███       | 15/50 [00:07<00:04,  7.78it/s]
 34%|███▍      | 17/50 [00:07<00:03,  8.56it/s]
 38%|███▊      | 19/50 [00:08<00:03,  9.07it/s]
 42%|████▏     | 21/50 [00:08<00:03,  9.42it/s]
 46%|████▌     | 23/50 [00:08<00:02,  9.68it/s]
 50%|█████     | 25/50 [00:08<00:02,  9.97it/s]
 54%|█████▍    | 27/50 [00:08<00:02, 10.20it/s]
 58%|█████▊    | 29/50 [00:09<00:02, 10.35it/s]
 62%|██████▏   | 31/50 [00:09<00:01, 10.52it/s]
 66%|██████▌   | 33/50 [00:09<00:01, 10.61it/s]
 70%|███████   | 35/50 [00:09<00:01, 10.74it/s]
 74%|███████▍  | 37/50 [00:09<00:01, 10.84it/s]
 78%|███████▊  | 39/50 [00:10<00:01, 10.87it/s]
 82%|████████▏ | 41/50 [00:10<00:00, 10.92it/s]
 86%|████████▌ | 43/50 [00:10<00:00, 10.82it/s]
 90%|█████████ | 45/50 [00:10<00:00, 10.79it/s]
 94%|█████████▍| 47/50 [00:10<00:00, 10.70it/s]
 98%|█████████▊| 49/50 [00:10<00:00, 10.68it/s]
100%|██████████| 50/50 [00:17<00:00,  2.94it/s]
[I 2023-12-11 20:24:04,607] Trial 60 finished with value: 0.42426065162907267 and parameters: {'EMBEDDING_DIM': 32, 'HIDDEN_DIM': 1106, 'NUM_LAYERS': 1, 'DROPOUT': 0.08722535366471779, 'LR': 0.009573920166535351, 'WEIGHT_0': 0.9237752996851605, 'WEIGHT_1': 0.34547009714079213, 'WEIGHT_2': 0.40382235888692597, 'WEIGHT_3': 0.19418189851020795, 'WEIGHT_4': 0.7838826665676673, 'WEIGHT_5': 0.2598864079980787, 'WEIGHT_6': 0.17389306580053776, 'WEIGHT_7': 0.9641005304963356, 'WEIGHT_8': 0.6113552831564566}. Best is trial 42 with value: 0.44962374581939796.
{'EMBEDDING_DIM': 32, 'HIDDEN_DIM': 1106, 'NUM_LAYERS': 1, 'DROPOUT': 0.08722535366471779, 'LR': 0.009573920166535351, 'WEIGHT_0': 0.9237752996851605, 'WEIGHT_1': 0.34547009714079213, 'WEIGHT_2': 0.40382235888692597, 'WEIGHT_3': 0.19418189851020795, 'WEIGHT_4': 0.7838826665676673, 'WEIGHT_5': 0.2598864079980787, 'WEIGHT_6': 0.17389306580053776, 'WEIGHT_7': 0.9641005304963356, 'WEIGHT_8': 0.6113552831564566}
0
              precision    recall  f1-score   support

         LOC       0.00      0.00      0.00      1837
        MISC       0.00      0.00      0.00       922
         ORG       0.00      0.00      0.00      1341
         PER       0.00      0.00      0.00      1842

   micro avg       0.00      0.00      0.00      5942
   macro avg       0.00      0.00      0.00      5942
weighted avg       0.00      0.00      0.00      5942

{'EMBEDDING_DIM': 32, 'HIDDEN_DIM': 1106, 'NUM_LAYERS': 1, 'DROPOUT': 0.08722535366471779, 'LR': 0.009573920166535351, 'WEIGHT_0': 0.9237752996851605, 'WEIGHT_1': 0.34547009714079213, 'WEIGHT_2': 0.40382235888692597, 'WEIGHT_3': 0.19418189851020795, 'WEIGHT_4': 0.7838826665676673, 'WEIGHT_5': 0.2598864079980787, 'WEIGHT_6': 0.17389306580053776, 'WEIGHT_7': 0.9641005304963356, 'WEIGHT_8': 0.6113552831564566}
49
              precision    recall  f1-score   support

         LOC       0.78      0.57      0.65      1837
        MISC       0.55      0.49      0.52       922
         ORG       0.34      0.20      0.25      1341
         PER       0.33      0.19      0.24      1842

   micro avg       0.52      0.36      0.42      5942
   macro avg       0.50      0.36      0.42      5942
weighted avg       0.50      0.36      0.42      5942

epoch 49
Transformer

  0%|          | 0/50 [00:00<?, ?it/s]
  2%|▏         | 1/50 [00:06<04:55,  6.03s/it]
  4%|▍         | 2/50 [00:06<02:02,  2.54s/it]
  6%|▌         | 3/50 [00:06<01:07,  1.43s/it]
  8%|▊         | 4/50 [00:06<00:41,  1.10it/s]
 12%|█▏        | 6/50 [00:06<00:20,  2.11it/s]
 16%|█▌        | 8/50 [00:06<00:12,  3.24it/s]
 20%|██        | 10/50 [00:06<00:09,  4.43it/s]
 24%|██▍       | 12/50 [00:07<00:06,  5.62it/s]
 28%|██▊       | 14/50 [00:07<00:05,  6.73it/s]
 32%|███▏      | 16/50 [00:07<00:04,  7.70it/s]
 36%|███▌      | 18/50 [00:07<00:03,  8.53it/s]
 40%|████      | 20/50 [00:07<00:03,  9.19it/s]
 44%|████▍     | 22/50 [00:07<00:02,  9.64it/s]
 48%|████▊     | 24/50 [00:08<00:02,  9.97it/s]
 52%|█████▏    | 26/50 [00:08<00:02, 10.22it/s]
 56%|█████▌    | 28/50 [00:08<00:02, 10.33it/s]
 60%|██████    | 30/50 [00:08<00:01, 10.41it/s]
 64%|██████▍   | 32/50 [00:08<00:01, 10.45it/s]
 68%|██████▊   | 34/50 [00:09<00:01, 10.49it/s]
 72%|███████▏  | 36/50 [00:09<00:01, 10.50it/s]
 76%|███████▌  | 38/50 [00:09<00:01, 10.50it/s]
 80%|████████  | 40/50 [00:09<00:00, 10.57it/s]
 84%|████████▍ | 42/50 [00:09<00:00, 10.57it/s]
 88%|████████▊ | 44/50 [00:10<00:00, 10.62it/s]
 92%|█████████▏| 46/50 [00:10<00:00, 10.59it/s]
 96%|█████████▌| 48/50 [00:10<00:00, 10.55it/s]
100%|██████████| 50/50 [00:16<00:00,  1.02it/s]
100%|██████████| 50/50 [00:16<00:00,  3.03it/s]
