[I 2023-12-11 20:55:21,263] Trial 118 finished with value: 0.0 and parameters: {'EMBEDDING_DIM': 32, 'HIDDEN_DIM': 371, 'NUM_LAYERS': 4, 'DROPOUT': 0.06339701846130205, 'LR': 0.00939448816401905, 'WEIGHT_0': 0.8375689781621801, 'WEIGHT_1': 0.16298487103480225, 'WEIGHT_2': 0.20663450441415687, 'WEIGHT_3': 0.21424090245406438, 'WEIGHT_4': 0.9377246956070288, 'WEIGHT_5': 0.1319373921096557, 'WEIGHT_6': 0.08688444720267367, 'WEIGHT_7': 0.8559940698115109, 'WEIGHT_8': 0.6357983384836496}. Best is trial 42 with value: 0.44962374581939796.
{'EMBEDDING_DIM': 32, 'HIDDEN_DIM': 371, 'NUM_LAYERS': 4, 'DROPOUT': 0.06339701846130205, 'LR': 0.00939448816401905, 'WEIGHT_0': 0.8375689781621801, 'WEIGHT_1': 0.16298487103480225, 'WEIGHT_2': 0.20663450441415687, 'WEIGHT_3': 0.21424090245406438, 'WEIGHT_4': 0.9377246956070288, 'WEIGHT_5': 0.1319373921096557, 'WEIGHT_6': 0.08688444720267367, 'WEIGHT_7': 0.8559940698115109, 'WEIGHT_8': 0.6357983384836496}
0
              precision    recall  f1-score   support

         LOC       0.00      0.00      0.00      1837
        MISC       0.00      0.00      0.00       922
         ORG       0.00      0.00      0.00      1341
         PER       0.00      0.00      0.00      1842

   micro avg       0.00      0.00      0.00      5942
   macro avg       0.00      0.00      0.00      5942
weighted avg       0.00      0.00      0.00      5942

{'EMBEDDING_DIM': 32, 'HIDDEN_DIM': 371, 'NUM_LAYERS': 4, 'DROPOUT': 0.06339701846130205, 'LR': 0.00939448816401905, 'WEIGHT_0': 0.8375689781621801, 'WEIGHT_1': 0.16298487103480225, 'WEIGHT_2': 0.20663450441415687, 'WEIGHT_3': 0.21424090245406438, 'WEIGHT_4': 0.9377246956070288, 'WEIGHT_5': 0.1319373921096557, 'WEIGHT_6': 0.08688444720267367, 'WEIGHT_7': 0.8559940698115109, 'WEIGHT_8': 0.6357983384836496}
49
              precision    recall  f1-score   support

         LOC       0.00      0.00      0.00      1837
        MISC       0.00      0.00      0.00       922
         ORG       0.00      0.00      0.00      1341
         PER       0.00      0.00      0.00      1842

   micro avg       0.00      0.00      0.00      5942
   macro avg       0.00      0.00      0.00      5942
weighted avg       0.00      0.00      0.00      5942

epoch 49
Transformer

  0%|          | 0/50 [00:00<?, ?it/s]
  2%|▏         | 1/50 [00:06<04:56,  6.04s/it]
  4%|▍         | 2/50 [00:06<02:02,  2.55s/it]
  6%|▌         | 3/50 [00:06<01:07,  1.43s/it]
  8%|▊         | 4/50 [00:06<00:41,  1.10it/s]
 12%|█▏        | 6/50 [00:06<00:20,  2.11it/s]
 16%|█▌        | 8/50 [00:06<00:12,  3.24it/s]
 18%|█▊        | 9/50 [00:06<00:10,  3.80it/s]
 22%|██▏       | 11/50 [00:07<00:07,  5.18it/s]
 26%|██▌       | 13/50 [00:07<00:05,  6.45it/s]
 30%|███       | 15/50 [00:07<00:04,  7.56it/s]
 34%|███▍      | 17/50 [00:07<00:03,  8.48it/s]
 38%|███▊      | 19/50 [00:07<00:03,  9.21it/s]
 42%|████▏     | 21/50 [00:07<00:02,  9.78it/s]
 46%|████▌     | 23/50 [00:08<00:02, 10.20it/s]
 50%|█████     | 25/50 [00:08<00:02, 10.37it/s]
 54%|█████▍    | 27/50 [00:08<00:02, 10.61it/s]
 58%|█████▊    | 29/50 [00:08<00:01, 10.74it/s]
 62%|██████▏   | 31/50 [00:08<00:01, 10.84it/s]
 66%|██████▌   | 33/50 [00:08<00:01, 10.93it/s]
 70%|███████   | 35/50 [00:09<00:01, 11.01it/s]
 74%|███████▍  | 37/50 [00:09<00:01, 11.05it/s]
 78%|███████▊  | 39/50 [00:09<00:00, 11.07it/s]
 82%|████████▏ | 41/50 [00:09<00:00, 11.04it/s]
 86%|████████▌ | 43/50 [00:09<00:00, 11.06it/s]
 90%|█████████ | 45/50 [00:10<00:00, 11.11it/s]
 94%|█████████▍| 47/50 [00:10<00:00, 11.13it/s]
 98%|█████████▊| 49/50 [00:10<00:00, 11.10it/s]
100%|██████████| 50/50 [00:16<00:00,  3.04it/s]
[I 2023-12-11 20:55:43,861] Trial 119 finished with value: 0.4408613336107355 and parameters: {'EMBEDDING_DIM': 32, 'HIDDEN_DIM': 231, 'NUM_LAYERS': 1, 'DROPOUT': 0.0878342204961686, 'LR': 0.008182337112852869, 'WEIGHT_0': 0.9229727578207338, 'WEIGHT_1': 0.19188448345020792, 'WEIGHT_2': 0.30644283055490945, 'WEIGHT_3': 0.021098299962672568, 'WEIGHT_4': 0.8520496054112666, 'WEIGHT_5': 0.24775833065999914, 'WEIGHT_6': 0.05068753632374924, 'WEIGHT_7': 0.9817088748438131, 'WEIGHT_8': 0.434608410020205}. Best is trial 42 with value: 0.44962374581939796.
{'EMBEDDING_DIM': 32, 'HIDDEN_DIM': 231, 'NUM_LAYERS': 1, 'DROPOUT': 0.0878342204961686, 'LR': 0.008182337112852869, 'WEIGHT_0': 0.9229727578207338, 'WEIGHT_1': 0.19188448345020792, 'WEIGHT_2': 0.30644283055490945, 'WEIGHT_3': 0.021098299962672568, 'WEIGHT_4': 0.8520496054112666, 'WEIGHT_5': 0.24775833065999914, 'WEIGHT_6': 0.05068753632374924, 'WEIGHT_7': 0.9817088748438131, 'WEIGHT_8': 0.434608410020205}
0
              precision    recall  f1-score   support

         LOC       0.00      0.00      0.00      1837
        MISC       0.00      0.00      0.00       922
         ORG       0.00      0.00      0.00      1341
         PER       0.00      0.00      0.00      1842

   micro avg       0.00      0.00      0.00      5942
   macro avg       0.00      0.00      0.00      5942
weighted avg       0.00      0.00      0.00      5942

{'EMBEDDING_DIM': 32, 'HIDDEN_DIM': 231, 'NUM_LAYERS': 1, 'DROPOUT': 0.0878342204961686, 'LR': 0.008182337112852869, 'WEIGHT_0': 0.9229727578207338, 'WEIGHT_1': 0.19188448345020792, 'WEIGHT_2': 0.30644283055490945, 'WEIGHT_3': 0.021098299962672568, 'WEIGHT_4': 0.8520496054112666, 'WEIGHT_5': 0.24775833065999914, 'WEIGHT_6': 0.05068753632374924, 'WEIGHT_7': 0.9817088748438131, 'WEIGHT_8': 0.434608410020205}
49
              precision    recall  f1-score   support

         LOC       0.78      0.55      0.65      1837
        MISC       0.60      0.49      0.54       922
         ORG       0.40      0.23      0.29      1341
         PER       0.40      0.19      0.25      1842

   micro avg       0.58      0.36      0.44      5942
   macro avg       0.55      0.36      0.43      5942
weighted avg       0.55      0.36      0.43      5942

epoch 49
Transformer

  0%|          | 0/50 [00:00<?, ?it/s]
  2%|▏         | 1/50 [00:06<05:07,  6.27s/it]
  4%|▍         | 2/50 [00:06<02:07,  2.66s/it]
  6%|▌         | 3/50 [00:06<01:10,  1.50s/it]
  8%|▊         | 4/50 [00:06<00:43,  1.05it/s]
 10%|█         | 5/50 [00:06<00:29,  1.54it/s]
 12%|█▏        | 6/50 [00:06<00:20,  2.12it/s]
 14%|█▍        | 7/50 [00:07<00:15,  2.77it/s]
 16%|█▌        | 8/50 [00:07<00:12,  3.46it/s]
 18%|█▊        | 9/50 [00:07<00:09,  4.27it/s]
 20%|██        | 10/50 [00:07<00:07,  5.09it/s]
 22%|██▏       | 11/50 [00:07<00:06,  5.85it/s]
 24%|██▍       | 12/50 [00:07<00:05,  6.53it/s]
 26%|██▌       | 13/50 [00:07<00:05,  7.10it/s]
 28%|██▊       | 14/50 [00:07<00:04,  7.56it/s]
 30%|███       | 15/50 [00:07<00:04,  7.92it/s]
 32%|███▏      | 16/50 [00:08<00:04,  8.22it/s]
 34%|███▍      | 17/50 [00:08<00:03,  8.47it/s]
 36%|███▌      | 18/50 [00:08<00:03,  8.65it/s]
 38%|███▊      | 19/50 [00:08<00:03,  8.78it/s]
 40%|████      | 20/50 [00:08<00:03,  8.86it/s]
 42%|████▏     | 21/50 [00:08<00:03,  8.91it/s]
 44%|████▍     | 22/50 [00:08<00:03,  8.97it/s]
 46%|████▌     | 23/50 [00:08<00:02,  9.01it/s]
 48%|████▊     | 24/50 [00:08<00:02,  9.01it/s]
 50%|█████     | 25/50 [00:09<00:02,  9.04it/s]
 52%|█████▏    | 26/50 [00:09<00:02,  9.05it/s]
 54%|█████▍    | 27/50 [00:09<00:02,  9.05it/s]
 56%|█████▌    | 28/50 [00:09<00:02,  9.06it/s]
 58%|█████▊    | 29/50 [00:09<00:02,  9.07it/s]
 60%|██████    | 30/50 [00:09<00:02,  9.08it/s]
 62%|██████▏   | 31/50 [00:09<00:02,  9.09it/s]
 64%|██████▍   | 32/50 [00:09<00:01,  9.09it/s]
 66%|██████▌   | 33/50 [00:09<00:01,  9.06it/s]
 68%|██████▊   | 34/50 [00:10<00:01,  9.04it/s]
 70%|███████   | 35/50 [00:10<00:01,  9.05it/s]
 72%|███████▏  | 36/50 [00:10<00:01,  9.07it/s]
 74%|███████▍  | 37/50 [00:10<00:01,  9.07it/s]
 76%|███████▌  | 38/50 [00:10<00:01,  9.06it/s]
 78%|███████▊  | 39/50 [00:10<00:01,  9.07it/s]
 80%|████████  | 40/50 [00:10<00:01,  9.08it/s]
 82%|████████▏ | 41/50 [00:10<00:00,  9.08it/s]
 84%|████████▍ | 42/50 [00:10<00:00,  9.08it/s]
 86%|████████▌ | 43/50 [00:11<00:00,  9.09it/s]
 88%|████████▊ | 44/50 [00:11<00:00,  9.09it/s]
 90%|█████████ | 45/50 [00:11<00:00,  9.09it/s]
 92%|█████████▏| 46/50 [00:11<00:00,  9.08it/s]
 94%|█████████▍| 47/50 [00:11<00:00,  9.07it/s]
 96%|█████████▌| 48/50 [00:11<00:00,  9.07it/s]
 98%|█████████▊| 49/50 [00:11<00:00,  9.06it/s]
100%|██████████| 50/50 [00:17<00:00,  1.90s/it]
100%|██████████| 50/50 [00:17<00:00,  2.82it/s]
[I 2023-12-11 20:56:07,347] Trial 120 finished with value: 0.35958337389272854 and parameters: {'EMBEDDING_DIM': 16, 'HIDDEN_DIM': 1873, 'NUM_LAYERS': 1, 'DROPOUT': 0.0732694953270486, 'LR': 0.00806279170875847, 'WEIGHT_0': 0.8761843635250988, 'WEIGHT_1': 0.18974152201515873, 'WEIGHT_2': 0.311220487380442, 'WEIGHT_3': 0.027184437489641528, 'WEIGHT_4': 0.8435243957210639, 'WEIGHT_5': 0.2992106093329118, 'WEIGHT_6': 0.28940073922364934, 'WEIGHT_7': 0.997987131965432, 'WEIGHT_8': 0.43781517967956235}. Best is trial 42 with value: 0.44962374581939796.
{'EMBEDDING_DIM': 16, 'HIDDEN_DIM': 1873, 'NUM_LAYERS': 1, 'DROPOUT': 0.0732694953270486, 'LR': 0.00806279170875847, 'WEIGHT_0': 0.8761843635250988, 'WEIGHT_1': 0.18974152201515873, 'WEIGHT_2': 0.311220487380442, 'WEIGHT_3': 0.027184437489641528, 'WEIGHT_4': 0.8435243957210639, 'WEIGHT_5': 0.2992106093329118, 'WEIGHT_6': 0.28940073922364934, 'WEIGHT_7': 0.997987131965432, 'WEIGHT_8': 0.43781517967956235}
0
              precision    recall  f1-score   support

         LOC       0.00      0.00      0.00      1837
        MISC       0.00      0.00      0.00       922
         ORG       0.00      0.00      0.00      1341
         PER       0.00      0.00      0.00      1842

   micro avg       0.00      0.00      0.00      5942
   macro avg       0.00      0.00      0.00      5942
weighted avg       0.00      0.00      0.00      5942

{'EMBEDDING_DIM': 16, 'HIDDEN_DIM': 1873, 'NUM_LAYERS': 1, 'DROPOUT': 0.0732694953270486, 'LR': 0.00806279170875847, 'WEIGHT_0': 0.8761843635250988, 'WEIGHT_1': 0.18974152201515873, 'WEIGHT_2': 0.311220487380442, 'WEIGHT_3': 0.027184437489641528, 'WEIGHT_4': 0.8435243957210639, 'WEIGHT_5': 0.2992106093329118, 'WEIGHT_6': 0.28940073922364934, 'WEIGHT_7': 0.997987131965432, 'WEIGHT_8': 0.43781517967956235}
49
              precision    recall  f1-score   support

         LOC       0.56      0.52      0.54      1837
        MISC       0.39      0.44      0.41       922
         ORG       0.30      0.24      0.27      1341
         PER       0.34      0.09      0.14      1842

   micro avg       0.43      0.31      0.36      5942
   macro avg       0.40      0.32      0.34      5942
weighted avg       0.41      0.31      0.33      5942

epoch 49
Transformer

  0%|          | 0/50 [00:00<?, ?it/s]
  2%|▏         | 1/50 [00:06<04:58,  6.08s/it]
  4%|▍         | 2/50 [00:06<02:03,  2.56s/it]
  6%|▌         | 3/50 [00:06<01:07,  1.44s/it]
  8%|▊         | 4/50 [00:06<00:41,  1.10it/s]
 10%|█         | 5/50 [00:06<00:27,  1.61it/s]
 12%|█▏        | 6/50 [00:06<00:19,  2.25it/s]
 14%|█▍        | 7/50 [00:06<00:14,  3.00it/s]
 18%|█▊        | 9/50 [00:06<00:08,  4.63it/s]
 22%|██▏       | 11/50 [00:07<00:06,  6.05it/s]
 26%|██▌       | 13/50 [00:07<00:05,  7.11it/s]
 30%|███       | 15/50 [00:07<00:04,  7.50it/s]
 32%|███▏      | 16/50 [00:07<00:04,  7.82it/s]
 34%|███▍      | 17/50 [00:07<00:04,  8.14it/s]
 36%|███▌      | 18/50 [00:07<00:03,  8.42it/s]
 38%|███▊      | 19/50 [00:07<00:03,  8.67it/s]
 40%|████      | 20/50 [00:08<00:03,  8.86it/s]
 42%|████▏     | 21/50 [00:08<00:03,  8.95it/s]
 44%|████▍     | 22/50 [00:08<00:03,  8.78it/s]
 46%|████▌     | 23/50 [00:08<00:03,  8.90it/s]
 50%|█████     | 25/50 [00:08<00:02,  9.64it/s]
 54%|█████▍    | 27/50 [00:08<00:02,  9.98it/s]
 58%|█████▊    | 29/50 [00:08<00:02, 10.21it/s]
 62%|██████▏   | 31/50 [00:09<00:01, 10.32it/s]
 66%|██████▌   | 33/50 [00:09<00:01, 10.40it/s]
 70%|███████   | 35/50 [00:09<00:01, 10.52it/s]
 74%|███████▍  | 37/50 [00:09<00:01, 10.58it/s]
 78%|███████▊  | 39/50 [00:09<00:01, 10.68it/s]
 82%|████████▏ | 41/50 [00:10<00:00, 10.73it/s]
 86%|████████▌ | 43/50 [00:10<00:00, 10.66it/s]
 90%|█████████ | 45/50 [00:10<00:00, 10.67it/s]
 94%|█████████▍| 47/50 [00:10<00:00, 10.80it/s]
 98%|█████████▊| 49/50 [00:10<00:00, 10.85it/s]
100%|██████████| 50/50 [00:16<00:00,  2.98it/s]
[I 2023-12-11 20:56:30,072] Trial 121 finished with value: 0.43299823815939475 and parameters: {'EMBEDDING_DIM': 32, 'HIDDEN_DIM': 205, 'NUM_LAYERS': 1, 'DROPOUT': 0.08826714681029421, 'LR': 0.007161051241330124, 'WEIGHT_0': 0.9236396396317091, 'WEIGHT_1': 0.2435214609517804, 'WEIGHT_2': 0.2871484807755835, 'WEIGHT_3': 0.05086378712142413, 'WEIGHT_4': 0.8768069318397528, 'WEIGHT_5': 0.23840802774630565, 'WEIGHT_6': 0.053524675017160614, 'WEIGHT_7': 0.9605287592113425, 'WEIGHT_8': 0.5077193940127237}. Best is trial 42 with value: 0.44962374581939796.
{'EMBEDDING_DIM': 32, 'HIDDEN_DIM': 205, 'NUM_LAYERS': 1, 'DROPOUT': 0.08826714681029421, 'LR': 0.007161051241330124, 'WEIGHT_0': 0.9236396396317091, 'WEIGHT_1': 0.2435214609517804, 'WEIGHT_2': 0.2871484807755835, 'WEIGHT_3': 0.05086378712142413, 'WEIGHT_4': 0.8768069318397528, 'WEIGHT_5': 0.23840802774630565, 'WEIGHT_6': 0.053524675017160614, 'WEIGHT_7': 0.9605287592113425, 'WEIGHT_8': 0.5077193940127237}
0
              precision    recall  f1-score   support

         LOC       0.00      0.00      0.00      1837
        MISC       0.00      0.00      0.00       922
         ORG       0.00      0.00      0.00      1341
         PER       0.00      0.00      0.00      1842

   micro avg       0.00      0.00      0.00      5942
   macro avg       0.00      0.00      0.00      5942
weighted avg       0.00      0.00      0.00      5942

{'EMBEDDING_DIM': 32, 'HIDDEN_DIM': 205, 'NUM_LAYERS': 1, 'DROPOUT': 0.08826714681029421, 'LR': 0.007161051241330124, 'WEIGHT_0': 0.9236396396317091, 'WEIGHT_1': 0.2435214609517804, 'WEIGHT_2': 0.2871484807755835, 'WEIGHT_3': 0.05086378712142413, 'WEIGHT_4': 0.8768069318397528, 'WEIGHT_5': 0.23840802774630565, 'WEIGHT_6': 0.053524675017160614, 'WEIGHT_7': 0.9605287592113425, 'WEIGHT_8': 0.5077193940127237}
49
              precision    recall  f1-score   support

         LOC       0.76      0.56      0.65      1837
        MISC       0.60      0.46      0.52       922
         ORG       0.39      0.22      0.28      1341
         PER       0.38      0.18      0.24      1842

   micro avg       0.56      0.35      0.43      5942
   macro avg       0.53      0.36      0.42      5942
weighted avg       0.53      0.35      0.42      5942

epoch 49
Transformer

  0%|          | 0/50 [00:00<?, ?it/s]
  2%|▏         | 1/50 [00:06<04:54,  6.01s/it]
  4%|▍         | 2/50 [00:06<02:01,  2.53s/it]
  6%|▌         | 3/50 [00:06<01:06,  1.42s/it]
  8%|▊         | 4/50 [00:06<00:41,  1.11it/s]
 10%|█         | 5/50 [00:06<00:27,  1.62it/s]
 12%|█▏        | 6/50 [00:06<00:19,  2.24it/s]
 14%|█▍        | 7/50 [00:06<00:14,  2.99it/s]
 16%|█▌        | 8/50 [00:06<00:11,  3.80it/s]
 18%|█▊        | 9/50 [00:06<00:08,  4.65it/s]
 20%|██        | 10/50 [00:06<00:07,  5.49it/s]
 22%|██▏       | 11/50 [00:07<00:06,  6.27it/s]
 24%|██▍       | 12/50 [00:07<00:05,  6.94it/s]
 26%|██▌       | 13/50 [00:07<00:04,  7.51it/s]
 28%|██▊       | 14/50 [00:07<00:04,  7.96it/s]
 30%|███       | 15/50 [00:07<00:04,  8.33it/s]
 32%|███▏      | 16/50 [00:07<00:03,  8.64it/s]
 34%|███▍      | 17/50 [00:07<00:03,  8.85it/s]
 36%|███▌      | 18/50 [00:07<00:03,  9.10it/s]
 38%|███▊      | 19/50 [00:07<00:03,  9.13it/s]
 40%|████      | 20/50 [00:08<00:03,  9.13it/s]
 42%|████▏     | 21/50 [00:08<00:03,  9.04it/s]
 44%|████▍     | 22/50 [00:08<00:03,  9.21it/s]
 46%|████▌     | 23/50 [00:08<00:02,  9.38it/s]
 48%|████▊     | 24/50 [00:08<00:02,  9.46it/s]
 52%|█████▏    | 26/50 [00:08<00:02, 10.18it/s]
 56%|█████▌    | 28/50 [00:08<00:02, 10.54it/s]
 60%|██████    | 30/50 [00:09<00:01, 10.57it/s]
 64%|██████▍   | 32/50 [00:09<00:01, 10.76it/s]
 68%|██████▊   | 34/50 [00:09<00:01, 10.89it/s]
 72%|███████▏  | 36/50 [00:09<00:01, 10.96it/s]
 76%|███████▌  | 38/50 [00:09<00:01, 11.02it/s]
 80%|████████  | 40/50 [00:09<00:00, 11.06it/s]
 84%|████████▍ | 42/50 [00:10<00:00, 10.97it/s]
 88%|████████▊ | 44/50 [00:10<00:00, 10.97it/s]
 92%|█████████▏| 46/50 [00:10<00:00, 11.03it/s]
 96%|█████████▌| 48/50 [00:10<00:00, 11.05it/s]
100%|██████████| 50/50 [00:16<00:00,  1.01it/s]
100%|██████████| 50/50 [00:16<00:00,  2.98it/s]
[I 2023-12-11 20:56:52,907] Trial 122 finished with value: 0.39561340575996723 and parameters: {'EMBEDDING_DIM': 32, 'HIDDEN_DIM': 105, 'NUM_LAYERS': 1, 'DROPOUT': 0.11420042421312246, 'LR': 0.007578308166230938, 'WEIGHT_0': 0.6577355090472166, 'WEIGHT_1': 0.21756410986086228, 'WEIGHT_2': 0.23894539634026524, 'WEIGHT_3': 0.001558216492014014, 'WEIGHT_4': 0.8959103177128493, 'WEIGHT_5': 0.16747618352729537, 'WEIGHT_6': 0.09483152046992523, 'WEIGHT_7': 0.934618943906798, 'WEIGHT_8': 0.47800247500544607}. Best is trial 42 with value: 0.44962374581939796.
{'EMBEDDING_DIM': 32, 'HIDDEN_DIM': 105, 'NUM_LAYERS': 1, 'DROPOUT': 0.11420042421312246, 'LR': 0.007578308166230938, 'WEIGHT_0': 0.6577355090472166, 'WEIGHT_1': 0.21756410986086228, 'WEIGHT_2': 0.23894539634026524, 'WEIGHT_3': 0.001558216492014014, 'WEIGHT_4': 0.8959103177128493, 'WEIGHT_5': 0.16747618352729537, 'WEIGHT_6': 0.09483152046992523, 'WEIGHT_7': 0.934618943906798, 'WEIGHT_8': 0.47800247500544607}
0
              precision    recall  f1-score   support

         LOC       0.00      0.00      0.00      1837
        MISC       0.00      0.00      0.00       922
         ORG       0.00      0.00      0.00      1341
         PER       0.00      0.00      0.00      1842

   micro avg       0.00      0.00      0.00      5942
   macro avg       0.00      0.00      0.00      5942
weighted avg       0.00      0.00      0.00      5942

{'EMBEDDING_DIM': 32, 'HIDDEN_DIM': 105, 'NUM_LAYERS': 1, 'DROPOUT': 0.11420042421312246, 'LR': 0.007578308166230938, 'WEIGHT_0': 0.6577355090472166, 'WEIGHT_1': 0.21756410986086228, 'WEIGHT_2': 0.23894539634026524, 'WEIGHT_3': 0.001558216492014014, 'WEIGHT_4': 0.8959103177128493, 'WEIGHT_5': 0.16747618352729537, 'WEIGHT_6': 0.09483152046992523, 'WEIGHT_7': 0.934618943906798, 'WEIGHT_8': 0.47800247500544607}
49
              precision    recall  f1-score   support

         LOC       0.67      0.55      0.60      1837
        MISC       0.55      0.46      0.50       922
         ORG       0.30      0.21      0.25      1341
         PER       0.36      0.11      0.17      1842

   micro avg       0.51      0.32      0.40      5942
   macro avg       0.47      0.33      0.38      5942
weighted avg       0.47      0.32      0.37      5942

epoch 49
Transformer

  0%|          | 0/50 [00:00<?, ?it/s]
  2%|▏         | 1/50 [00:06<04:59,  6.11s/it]
  4%|▍         | 2/50 [00:06<02:03,  2.58s/it]
  6%|▌         | 3/50 [00:06<01:07,  1.45s/it]
  8%|▊         | 4/50 [00:06<00:42,  1.09it/s]
 10%|█         | 5/50 [00:06<00:28,  1.61it/s]
 12%|█▏        | 6/50 [00:06<00:19,  2.24it/s]
 14%|█▍        | 7/50 [00:06<00:14,  2.99it/s]
 16%|█▌        | 8/50 [00:06<00:10,  3.82it/s]
 18%|█▊        | 9/50 [00:06<00:08,  4.71it/s]
 20%|██        | 10/50 [00:07<00:07,  5.61it/s]
 22%|██▏       | 11/50 [00:07<00:06,  6.45it/s]
 24%|██▍       | 12/50 [00:07<00:05,  7.19it/s]
 26%|██▌       | 13/50 [00:07<00:04,  7.82it/s]
 28%|██▊       | 14/50 [00:07<00:04,  8.32it/s]
 30%|███       | 15/50 [00:07<00:04,  8.72it/s]
 32%|███▏      | 16/50 [00:07<00:03,  8.67it/s]
 34%|███▍      | 17/50 [00:07<00:03,  8.88it/s]
 36%|███▌      | 18/50 [00:07<00:03,  8.75it/s]
 38%|███▊      | 19/50 [00:08<00:03,  8.79it/s]
 40%|████      | 20/50 [00:08<00:03,  8.96it/s]
 42%|████▏     | 21/50 [00:08<00:03,  9.08it/s]
 44%|████▍     | 22/50 [00:08<00:03,  9.17it/s]
 46%|████▌     | 23/50 [00:08<00:02,  9.20it/s]
 48%|████▊     | 24/50 [00:08<00:02,  9.25it/s]
 52%|█████▏    | 26/50 [00:08<00:02,  9.86it/s]
 56%|█████▌    | 28/50 [00:08<00:02, 10.22it/s]
 60%|██████    | 30/50 [00:09<00:01, 10.44it/s]
 64%|██████▍   | 32/50 [00:09<00:01, 10.59it/s]
 68%|██████▊   | 34/50 [00:09<00:01, 10.69it/s]
 72%|███████▏  | 36/50 [00:09<00:01, 10.72it/s]
 76%|███████▌  | 38/50 [00:09<00:01, 10.72it/s]
 80%|████████  | 40/50 [00:10<00:00, 10.77it/s]
 84%|████████▍ | 42/50 [00:10<00:00, 10.79it/s]
 88%|████████▊ | 44/50 [00:10<00:00, 10.77it/s]
 92%|█████████▏| 46/50 [00:10<00:00, 10.82it/s]
 96%|█████████▌| 48/50 [00:10<00:00, 10.86it/s]
100%|██████████| 50/50 [00:16<00:00,  1.00it/s]
100%|██████████| 50/50 [00:16<00:00,  2.95it/s]
