[I 2023-12-11 20:46:04,635] Trial 99 finished with value: 0.402817476521029 and parameters: {'EMBEDDING_DIM': 16, 'HIDDEN_DIM': 437, 'NUM_LAYERS': 1, 'DROPOUT': 0.11449683086572167, 'LR': 0.007491798379455058, 'WEIGHT_0': 0.7438953152093966, 'WEIGHT_1': 0.24632852808723474, 'WEIGHT_2': 0.23543938884897428, 'WEIGHT_3': 0.0009483170830810461, 'WEIGHT_4': 0.8530314428942177, 'WEIGHT_5': 0.21410716253668072, 'WEIGHT_6': 0.0213389942671999, 'WEIGHT_7': 0.8506082645065944, 'WEIGHT_8': 0.5364549799858365}. Best is trial 42 with value: 0.44962374581939796.
{'EMBEDDING_DIM': 16, 'HIDDEN_DIM': 437, 'NUM_LAYERS': 1, 'DROPOUT': 0.11449683086572167, 'LR': 0.007491798379455058, 'WEIGHT_0': 0.7438953152093966, 'WEIGHT_1': 0.24632852808723474, 'WEIGHT_2': 0.23543938884897428, 'WEIGHT_3': 0.0009483170830810461, 'WEIGHT_4': 0.8530314428942177, 'WEIGHT_5': 0.21410716253668072, 'WEIGHT_6': 0.0213389942671999, 'WEIGHT_7': 0.8506082645065944, 'WEIGHT_8': 0.5364549799858365}
0
              precision    recall  f1-score   support

         LOC       0.00      0.00      0.00      1837
        MISC       0.00      0.00      0.00       922
         ORG       0.00      0.00      0.00      1341
         PER       0.00      0.00      0.00      1842

   micro avg       0.00      0.00      0.00      5942
   macro avg       0.00      0.00      0.00      5942
weighted avg       0.00      0.00      0.00      5942

{'EMBEDDING_DIM': 16, 'HIDDEN_DIM': 437, 'NUM_LAYERS': 1, 'DROPOUT': 0.11449683086572167, 'LR': 0.007491798379455058, 'WEIGHT_0': 0.7438953152093966, 'WEIGHT_1': 0.24632852808723474, 'WEIGHT_2': 0.23543938884897428, 'WEIGHT_3': 0.0009483170830810461, 'WEIGHT_4': 0.8530314428942177, 'WEIGHT_5': 0.21410716253668072, 'WEIGHT_6': 0.0213389942671999, 'WEIGHT_7': 0.8506082645065944, 'WEIGHT_8': 0.5364549799858365}
49
              precision    recall  f1-score   support

         LOC       0.60      0.59      0.60      1837
        MISC       0.52      0.47      0.49       922
         ORG       0.43      0.20      0.27      1341
         PER       0.32      0.11      0.16      1842

   micro avg       0.51      0.33      0.40      5942
   macro avg       0.47      0.34      0.38      5942
weighted avg       0.46      0.33      0.37      5942

epoch 49
Transformer

  0%|          | 0/50 [00:00<?, ?it/s]
  2%|▏         | 1/50 [00:06<04:57,  6.06s/it]
  4%|▍         | 2/50 [00:06<02:02,  2.56s/it]
  6%|▌         | 3/50 [00:06<01:07,  1.44s/it]
  8%|▊         | 4/50 [00:06<00:41,  1.10it/s]
 10%|█         | 5/50 [00:06<00:27,  1.62it/s]
 12%|█▏        | 6/50 [00:06<00:19,  2.26it/s]
 14%|█▍        | 7/50 [00:06<00:14,  3.01it/s]
 16%|█▌        | 8/50 [00:06<00:10,  3.84it/s]
 20%|██        | 10/50 [00:06<00:07,  5.46it/s]
 24%|██▍       | 12/50 [00:07<00:05,  6.86it/s]
 28%|██▊       | 14/50 [00:07<00:04,  7.97it/s]
 32%|███▏      | 16/50 [00:07<00:03,  8.81it/s]
 36%|███▌      | 18/50 [00:07<00:03,  9.40it/s]
 40%|████      | 20/50 [00:07<00:03,  9.80it/s]
 44%|████▍     | 22/50 [00:08<00:02, 10.14it/s]
 48%|████▊     | 24/50 [00:08<00:02, 10.41it/s]
 52%|█████▏    | 26/50 [00:08<00:02, 10.55it/s]
 56%|█████▌    | 28/50 [00:08<00:02, 10.67it/s]
 60%|██████    | 30/50 [00:08<00:01, 10.80it/s]
 64%|██████▍   | 32/50 [00:08<00:01, 10.88it/s]
 68%|██████▊   | 34/50 [00:09<00:01, 10.77it/s]
 72%|███████▏  | 36/50 [00:09<00:01, 10.85it/s]
 76%|███████▌  | 38/50 [00:09<00:01, 10.90it/s]
 80%|████████  | 40/50 [00:09<00:00, 10.92it/s]
 84%|████████▍ | 42/50 [00:09<00:00, 10.95it/s]
 88%|████████▊ | 44/50 [00:10<00:00, 10.97it/s]
 92%|█████████▏| 46/50 [00:10<00:00, 10.98it/s]
 96%|█████████▌| 48/50 [00:10<00:00, 11.00it/s]
100%|██████████| 50/50 [00:16<00:00,  1.02it/s]
100%|██████████| 50/50 [00:16<00:00,  3.01it/s]
[I 2023-12-11 20:46:27,227] Trial 100 finished with value: 0.43324363485820744 and parameters: {'EMBEDDING_DIM': 64, 'HIDDEN_DIM': 81, 'NUM_LAYERS': 1, 'DROPOUT': 0.13388494159091577, 'LR': 0.008195506944549734, 'WEIGHT_0': 0.8077422626096891, 'WEIGHT_1': 0.06259180960607436, 'WEIGHT_2': 0.3373396675015299, 'WEIGHT_3': 0.18071618069859757, 'WEIGHT_4': 0.7083351978541194, 'WEIGHT_5': 0.2419687290195606, 'WEIGHT_6': 0.20969076046224044, 'WEIGHT_7': 0.8186744610747498, 'WEIGHT_8': 0.5987434694905294}. Best is trial 42 with value: 0.44962374581939796.
{'EMBEDDING_DIM': 64, 'HIDDEN_DIM': 81, 'NUM_LAYERS': 1, 'DROPOUT': 0.13388494159091577, 'LR': 0.008195506944549734, 'WEIGHT_0': 0.8077422626096891, 'WEIGHT_1': 0.06259180960607436, 'WEIGHT_2': 0.3373396675015299, 'WEIGHT_3': 0.18071618069859757, 'WEIGHT_4': 0.7083351978541194, 'WEIGHT_5': 0.2419687290195606, 'WEIGHT_6': 0.20969076046224044, 'WEIGHT_7': 0.8186744610747498, 'WEIGHT_8': 0.5987434694905294}
0
              precision    recall  f1-score   support

         LOC       0.00      0.00      0.00      1837
        MISC       0.00      0.00      0.00       922
         ORG       0.00      0.00      0.00      1341
         PER       0.00      0.00      0.00      1842

   micro avg       0.00      0.00      0.00      5942
   macro avg       0.00      0.00      0.00      5942
weighted avg       0.00      0.00      0.00      5942

{'EMBEDDING_DIM': 64, 'HIDDEN_DIM': 81, 'NUM_LAYERS': 1, 'DROPOUT': 0.13388494159091577, 'LR': 0.008195506944549734, 'WEIGHT_0': 0.8077422626096891, 'WEIGHT_1': 0.06259180960607436, 'WEIGHT_2': 0.3373396675015299, 'WEIGHT_3': 0.18071618069859757, 'WEIGHT_4': 0.7083351978541194, 'WEIGHT_5': 0.2419687290195606, 'WEIGHT_6': 0.20969076046224044, 'WEIGHT_7': 0.8186744610747498, 'WEIGHT_8': 0.5987434694905294}
49
              precision    recall  f1-score   support

         LOC       0.76      0.58      0.66      1837
        MISC       0.59      0.46      0.52       922
         ORG       0.41      0.21      0.28      1341
         PER       0.35      0.18      0.24      1842

   micro avg       0.56      0.35      0.43      5942
   macro avg       0.53      0.36      0.42      5942
weighted avg       0.53      0.35      0.42      5942

epoch 49
Transformer

  0%|          | 0/50 [00:00<?, ?it/s]
  2%|▏         | 1/50 [00:06<04:59,  6.11s/it]
  4%|▍         | 2/50 [00:06<02:04,  2.59s/it]
  6%|▌         | 3/50 [00:06<01:08,  1.46s/it]
  8%|▊         | 4/50 [00:06<00:42,  1.08it/s]
 10%|█         | 5/50 [00:06<00:28,  1.59it/s]
 12%|█▏        | 6/50 [00:06<00:19,  2.22it/s]
 14%|█▍        | 7/50 [00:06<00:14,  2.94it/s]
 16%|█▌        | 8/50 [00:06<00:11,  3.79it/s]
 18%|█▊        | 9/50 [00:06<00:08,  4.68it/s]
 20%|██        | 10/50 [00:07<00:07,  5.57it/s]
 22%|██▏       | 11/50 [00:07<00:06,  6.41it/s]
 24%|██▍       | 12/50 [00:07<00:05,  7.16it/s]
 26%|██▌       | 13/50 [00:07<00:04,  7.78it/s]
 28%|██▊       | 14/50 [00:07<00:04,  8.27it/s]
 30%|███       | 15/50 [00:07<00:04,  8.67it/s]
 32%|███▏      | 16/50 [00:07<00:03,  8.96it/s]
 34%|███▍      | 17/50 [00:07<00:03,  9.19it/s]
 36%|███▌      | 18/50 [00:07<00:03,  9.36it/s]
 38%|███▊      | 19/50 [00:08<00:03,  9.47it/s]
 40%|████      | 20/50 [00:08<00:03,  9.56it/s]
 42%|████▏     | 21/50 [00:08<00:03,  9.55it/s]
 44%|████▍     | 22/50 [00:08<00:02,  9.62it/s]
 46%|████▌     | 23/50 [00:08<00:02,  9.66it/s]
 48%|████▊     | 24/50 [00:08<00:02,  9.70it/s]
 50%|█████     | 25/50 [00:08<00:02,  9.72it/s]
 52%|█████▏    | 26/50 [00:08<00:02,  9.73it/s]
 54%|█████▍    | 27/50 [00:08<00:02,  9.74it/s]
 56%|█████▌    | 28/50 [00:08<00:02,  9.74it/s]
 58%|█████▊    | 29/50 [00:09<00:02,  9.75it/s]
 60%|██████    | 30/50 [00:09<00:02,  9.75it/s]
 62%|██████▏   | 31/50 [00:09<00:01,  9.74it/s]
 64%|██████▍   | 32/50 [00:09<00:01,  9.75it/s]
 66%|██████▌   | 33/50 [00:09<00:01,  9.75it/s]
 68%|██████▊   | 34/50 [00:09<00:01,  9.76it/s]
 70%|███████   | 35/50 [00:09<00:01,  9.76it/s]
 72%|███████▏  | 36/50 [00:09<00:01,  9.75it/s]
 74%|███████▍  | 37/50 [00:09<00:01,  9.55it/s]
 76%|███████▌  | 38/50 [00:09<00:01,  9.57it/s]
 78%|███████▊  | 39/50 [00:10<00:01,  9.62it/s]
 80%|████████  | 40/50 [00:10<00:01,  9.65it/s]
 82%|████████▏ | 41/50 [00:10<00:00,  9.66it/s]
 84%|████████▍ | 42/50 [00:10<00:00,  9.64it/s]
 86%|████████▌ | 43/50 [00:10<00:00,  9.66it/s]
 88%|████████▊ | 44/50 [00:10<00:00,  9.66it/s]
 90%|█████████ | 45/50 [00:10<00:00,  9.66it/s]
 92%|█████████▏| 46/50 [00:10<00:00,  9.65it/s]
 94%|█████████▍| 47/50 [00:10<00:00,  9.65it/s]
 96%|█████████▌| 48/50 [00:11<00:00,  9.65it/s]
 98%|█████████▊| 49/50 [00:11<00:00,  9.67it/s]
100%|██████████| 50/50 [00:17<00:00,  1.87s/it]
100%|██████████| 50/50 [00:17<00:00,  2.92it/s]
[I 2023-12-11 20:46:50,561] Trial 101 finished with value: 0.38469000793720787 and parameters: {'EMBEDDING_DIM': 16, 'HIDDEN_DIM': 1607, 'NUM_LAYERS': 1, 'DROPOUT': 0.1118915392873879, 'LR': 0.00773232584069531, 'WEIGHT_0': 0.6026731622605462, 'WEIGHT_1': 0.1286858920058085, 'WEIGHT_2': 0.2986146072236223, 'WEIGHT_3': 0.11656129414230157, 'WEIGHT_4': 0.7323147906537856, 'WEIGHT_5': 0.2862825742670488, 'WEIGHT_6': 0.13613611856483124, 'WEIGHT_7': 0.9229400272622095, 'WEIGHT_8': 0.479086641243059}. Best is trial 42 with value: 0.44962374581939796.
{'EMBEDDING_DIM': 16, 'HIDDEN_DIM': 1607, 'NUM_LAYERS': 1, 'DROPOUT': 0.1118915392873879, 'LR': 0.00773232584069531, 'WEIGHT_0': 0.6026731622605462, 'WEIGHT_1': 0.1286858920058085, 'WEIGHT_2': 0.2986146072236223, 'WEIGHT_3': 0.11656129414230157, 'WEIGHT_4': 0.7323147906537856, 'WEIGHT_5': 0.2862825742670488, 'WEIGHT_6': 0.13613611856483124, 'WEIGHT_7': 0.9229400272622095, 'WEIGHT_8': 0.479086641243059}
0
              precision    recall  f1-score   support

         LOC       0.00      0.00      0.00      1837
        MISC       0.00      0.00      0.00       922
         ORG       0.00      0.00      0.00      1341
         PER       0.00      0.00      0.00      1842

   micro avg       0.00      0.00      0.00      5942
   macro avg       0.00      0.00      0.00      5942
weighted avg       0.00      0.00      0.00      5942

{'EMBEDDING_DIM': 16, 'HIDDEN_DIM': 1607, 'NUM_LAYERS': 1, 'DROPOUT': 0.1118915392873879, 'LR': 0.00773232584069531, 'WEIGHT_0': 0.6026731622605462, 'WEIGHT_1': 0.1286858920058085, 'WEIGHT_2': 0.2986146072236223, 'WEIGHT_3': 0.11656129414230157, 'WEIGHT_4': 0.7323147906537856, 'WEIGHT_5': 0.2862825742670488, 'WEIGHT_6': 0.13613611856483124, 'WEIGHT_7': 0.9229400272622095, 'WEIGHT_8': 0.479086641243059}
49
              precision    recall  f1-score   support

         LOC       0.45      0.61      0.52      1837
        MISC       0.36      0.45      0.40       922
         ORG       0.40      0.20      0.27      1341
         PER       0.36      0.21      0.26      1842

   micro avg       0.40      0.37      0.38      5942
   macro avg       0.39      0.37      0.36      5942
weighted avg       0.40      0.37      0.36      5942

epoch 49
Transformer

  0%|          | 0/50 [00:00<?, ?it/s]
  2%|▏         | 1/50 [00:06<04:59,  6.11s/it]
  4%|▍         | 2/50 [00:06<02:04,  2.59s/it]
  6%|▌         | 3/50 [00:06<01:08,  1.46s/it]
  8%|▊         | 4/50 [00:06<00:42,  1.07it/s]
 10%|█         | 5/50 [00:06<00:28,  1.57it/s]
 12%|█▏        | 6/50 [00:06<00:20,  2.17it/s]
 14%|█▍        | 7/50 [00:06<00:14,  2.89it/s]
 16%|█▌        | 8/50 [00:06<00:11,  3.69it/s]
 18%|█▊        | 9/50 [00:07<00:09,  4.52it/s]
 20%|██        | 10/50 [00:07<00:07,  5.34it/s]
 22%|██▏       | 11/50 [00:07<00:06,  6.10it/s]
 24%|██▍       | 12/50 [00:07<00:05,  6.76it/s]
 26%|██▌       | 13/50 [00:07<00:05,  7.31it/s]
 28%|██▊       | 14/50 [00:07<00:04,  7.74it/s]
 30%|███       | 15/50 [00:07<00:04,  8.07it/s]
 32%|███▏      | 16/50 [00:07<00:04,  8.33it/s]
 34%|███▍      | 17/50 [00:07<00:03,  8.52it/s]
 36%|███▌      | 18/50 [00:08<00:03,  8.66it/s]
 38%|███▊      | 19/50 [00:08<00:03,  8.76it/s]
 40%|████      | 20/50 [00:08<00:03,  8.83it/s]
 42%|████▏     | 21/50 [00:08<00:03,  8.82it/s]
 44%|████▍     | 22/50 [00:08<00:03,  8.66it/s]
 46%|████▌     | 23/50 [00:08<00:03,  8.52it/s]
 48%|████▊     | 24/50 [00:08<00:03,  8.63it/s]
 50%|█████     | 25/50 [00:08<00:02,  8.72it/s]
 52%|█████▏    | 26/50 [00:08<00:02,  8.78it/s]
 54%|█████▍    | 27/50 [00:09<00:02,  8.81it/s]
 56%|█████▌    | 28/50 [00:09<00:02,  8.85it/s]
 58%|█████▊    | 29/50 [00:09<00:02,  8.87it/s]
 60%|██████    | 30/50 [00:09<00:02,  8.89it/s]
 62%|██████▏   | 31/50 [00:09<00:02,  8.91it/s]
 64%|██████▍   | 32/50 [00:09<00:02,  8.92it/s]
 66%|██████▌   | 33/50 [00:09<00:01,  8.93it/s]
 68%|██████▊   | 34/50 [00:09<00:01,  8.93it/s]
 70%|███████   | 35/50 [00:09<00:01,  8.93it/s]
 72%|███████▏  | 36/50 [00:10<00:01,  8.94it/s]
 74%|███████▍  | 37/50 [00:10<00:01,  8.93it/s]
 76%|███████▌  | 38/50 [00:10<00:01,  8.94it/s]
 78%|███████▊  | 39/50 [00:10<00:01,  8.94it/s]
 80%|████████  | 40/50 [00:10<00:01,  8.92it/s]
 82%|████████▏ | 41/50 [00:10<00:01,  8.91it/s]
 84%|████████▍ | 42/50 [00:10<00:00,  8.93it/s]
 86%|████████▌ | 43/50 [00:10<00:00,  8.95it/s]
 88%|████████▊ | 44/50 [00:10<00:00,  8.95it/s]
 90%|█████████ | 45/50 [00:11<00:00,  8.96it/s]
 92%|█████████▏| 46/50 [00:11<00:00,  8.98it/s]
 94%|█████████▍| 47/50 [00:11<00:00,  8.99it/s]
 96%|█████████▌| 48/50 [00:11<00:00,  8.99it/s]
 98%|█████████▊| 49/50 [00:11<00:00,  9.00it/s]
100%|██████████| 50/50 [00:17<00:00,  1.92s/it]
100%|██████████| 50/50 [00:17<00:00,  2.83it/s]
[I 2023-12-11 20:47:14,175] Trial 102 finished with value: 0.43291770573566085 and parameters: {'EMBEDDING_DIM': 16, 'HIDDEN_DIM': 2078, 'NUM_LAYERS': 1, 'DROPOUT': 0.0920465695066055, 'LR': 0.00829154345597233, 'WEIGHT_0': 0.6493869696668133, 'WEIGHT_1': 0.15875103713825722, 'WEIGHT_2': 0.3115358843780064, 'WEIGHT_3': 0.14614064926399414, 'WEIGHT_4': 0.6618585691718444, 'WEIGHT_5': 0.29790991123725385, 'WEIGHT_6': 0.0738846331360451, 'WEIGHT_7': 0.9145022582072796, 'WEIGHT_8': 0.47092722432896644}. Best is trial 42 with value: 0.44962374581939796.
{'EMBEDDING_DIM': 16, 'HIDDEN_DIM': 2078, 'NUM_LAYERS': 1, 'DROPOUT': 0.0920465695066055, 'LR': 0.00829154345597233, 'WEIGHT_0': 0.6493869696668133, 'WEIGHT_1': 0.15875103713825722, 'WEIGHT_2': 0.3115358843780064, 'WEIGHT_3': 0.14614064926399414, 'WEIGHT_4': 0.6618585691718444, 'WEIGHT_5': 0.29790991123725385, 'WEIGHT_6': 0.0738846331360451, 'WEIGHT_7': 0.9145022582072796, 'WEIGHT_8': 0.47092722432896644}
0
              precision    recall  f1-score   support

         LOC       0.00      0.00      0.00      1837
        MISC       0.00      0.00      0.00       922
         ORG       0.00      0.00      0.00      1341
         PER       0.00      0.00      0.00      1842

   micro avg       0.00      0.00      0.00      5942
   macro avg       0.00      0.00      0.00      5942
weighted avg       0.00      0.00      0.00      5942

{'EMBEDDING_DIM': 16, 'HIDDEN_DIM': 2078, 'NUM_LAYERS': 1, 'DROPOUT': 0.0920465695066055, 'LR': 0.00829154345597233, 'WEIGHT_0': 0.6493869696668133, 'WEIGHT_1': 0.15875103713825722, 'WEIGHT_2': 0.3115358843780064, 'WEIGHT_3': 0.14614064926399414, 'WEIGHT_4': 0.6618585691718444, 'WEIGHT_5': 0.29790991123725385, 'WEIGHT_6': 0.0738846331360451, 'WEIGHT_7': 0.9145022582072796, 'WEIGHT_8': 0.47092722432896644}
49
              precision    recall  f1-score   support

         LOC       0.76      0.59      0.66      1837
        MISC       0.59      0.49      0.53       922
         ORG       0.44      0.20      0.28      1341
         PER       0.29      0.20      0.24      1842

   micro avg       0.53      0.37      0.43      5942
   macro avg       0.52      0.37      0.43      5942
weighted avg       0.51      0.37      0.42      5942

epoch 49
Transformer

  0%|          | 0/50 [00:00<?, ?it/s]
  2%|▏         | 1/50 [00:06<05:09,  6.31s/it]
  4%|▍         | 2/50 [00:06<02:08,  2.67s/it]
  6%|▌         | 3/50 [00:06<01:10,  1.50s/it]
  8%|▊         | 4/50 [00:06<00:44,  1.05it/s]
 10%|█         | 5/50 [00:06<00:29,  1.53it/s]
 14%|█▍        | 7/50 [00:06<00:15,  2.69it/s]
 18%|█▊        | 9/50 [00:07<00:10,  3.88it/s]
 22%|██▏       | 11/50 [00:07<00:07,  5.06it/s]
 26%|██▌       | 13/50 [00:07<00:06,  6.15it/s]
 30%|███       | 15/50 [00:07<00:04,  7.09it/s]
 34%|███▍      | 17/50 [00:07<00:04,  7.87it/s]
 38%|███▊      | 19/50 [00:08<00:03,  8.50it/s]
 42%|████▏     | 21/50 [00:08<00:03,  8.98it/s]
 46%|████▌     | 23/50 [00:08<00:02,  9.33it/s]
 50%|█████     | 25/50 [00:08<00:02,  9.59it/s]
 54%|█████▍    | 27/50 [00:08<00:02,  9.79it/s]
 58%|█████▊    | 29/50 [00:09<00:02,  9.92it/s]
 62%|██████▏   | 31/50 [00:09<00:01, 10.02it/s]
 66%|██████▌   | 33/50 [00:09<00:01, 10.09it/s]
 70%|███████   | 35/50 [00:09<00:01, 10.14it/s]
 74%|███████▍  | 37/50 [00:09<00:01, 10.16it/s]
 78%|███████▊  | 39/50 [00:10<00:01, 10.18it/s]
 82%|████████▏ | 41/50 [00:10<00:00, 10.20it/s]
 86%|████████▌ | 43/50 [00:10<00:00, 10.22it/s]
 90%|█████████ | 45/50 [00:10<00:00, 10.21it/s]
 94%|█████████▍| 47/50 [00:10<00:00, 10.23it/s]
 98%|█████████▊| 49/50 [00:11<00:00, 10.24it/s]
100%|██████████| 50/50 [00:17<00:00,  2.92it/s]
[I 2023-12-11 20:47:37,364] Trial 103 finished with value: 0.4375383357186669 and parameters: {'EMBEDDING_DIM': 16, 'HIDDEN_DIM': 1389, 'NUM_LAYERS': 1, 'DROPOUT': 0.12236446090427076, 'LR': 0.008701150012469818, 'WEIGHT_0': 0.6884134676469129, 'WEIGHT_1': 0.11545096435638529, 'WEIGHT_2': 0.2880840487743967, 'WEIGHT_3': 0.07298747929002902, 'WEIGHT_4': 0.7245905602322977, 'WEIGHT_5': 0.2595500233108591, 'WEIGHT_6': 0.12272945494880999, 'WEIGHT_7': 0.9501038936690689, 'WEIGHT_8': 0.4940360115268837}. Best is trial 42 with value: 0.44962374581939796.
{'EMBEDDING_DIM': 16, 'HIDDEN_DIM': 1389, 'NUM_LAYERS': 1, 'DROPOUT': 0.12236446090427076, 'LR': 0.008701150012469818, 'WEIGHT_0': 0.6884134676469129, 'WEIGHT_1': 0.11545096435638529, 'WEIGHT_2': 0.2880840487743967, 'WEIGHT_3': 0.07298747929002902, 'WEIGHT_4': 0.7245905602322977, 'WEIGHT_5': 0.2595500233108591, 'WEIGHT_6': 0.12272945494880999, 'WEIGHT_7': 0.9501038936690689, 'WEIGHT_8': 0.4940360115268837}
0
              precision    recall  f1-score   support

         LOC       0.00      0.00      0.00      1837
        MISC       0.00      0.00      0.00       922
         ORG       0.00      0.00      0.00      1341
         PER       0.00      0.00      0.00      1842

   micro avg       0.00      0.00      0.00      5942
   macro avg       0.00      0.00      0.00      5942
weighted avg       0.00      0.00      0.00      5942

{'EMBEDDING_DIM': 16, 'HIDDEN_DIM': 1389, 'NUM_LAYERS': 1, 'DROPOUT': 0.12236446090427076, 'LR': 0.008701150012469818, 'WEIGHT_0': 0.6884134676469129, 'WEIGHT_1': 0.11545096435638529, 'WEIGHT_2': 0.2880840487743967, 'WEIGHT_3': 0.07298747929002902, 'WEIGHT_4': 0.7245905602322977, 'WEIGHT_5': 0.2595500233108591, 'WEIGHT_6': 0.12272945494880999, 'WEIGHT_7': 0.9501038936690689, 'WEIGHT_8': 0.4940360115268837}
49
              precision    recall  f1-score   support

         LOC       0.77      0.57      0.66      1837
        MISC       0.53      0.48      0.50       922
         ORG       0.44      0.21      0.29      1341
         PER       0.36      0.19      0.25      1842

   micro avg       0.56      0.36      0.44      5942
   macro avg       0.53      0.37      0.43      5942
weighted avg       0.53      0.36      0.42      5942

epoch 49
Transformer

  0%|          | 0/50 [00:00<?, ?it/s]
  2%|▏         | 1/50 [00:06<05:03,  6.19s/it]
  4%|▍         | 2/50 [00:06<02:05,  2.61s/it]
  6%|▌         | 3/50 [00:06<01:08,  1.47s/it]
  8%|▊         | 4/50 [00:06<00:42,  1.08it/s]
 10%|█         | 5/50 [00:06<00:28,  1.58it/s]
 12%|█▏        | 6/50 [00:06<00:19,  2.22it/s]
 14%|█▍        | 7/50 [00:06<00:14,  2.96it/s]
 18%|█▊        | 9/50 [00:07<00:09,  4.52it/s]
 22%|██▏       | 11/50 [00:07<00:06,  5.92it/s]
 26%|██▌       | 13/50 [00:07<00:05,  7.10it/s]
 30%|███       | 15/50 [00:07<00:04,  8.04it/s]
 34%|███▍      | 17/50 [00:07<00:03,  8.78it/s]
 38%|███▊      | 19/50 [00:07<00:03,  9.33it/s]
 42%|████▏     | 21/50 [00:08<00:02,  9.73it/s]
 46%|████▌     | 23/50 [00:08<00:02, 10.02it/s]
 50%|█████     | 25/50 [00:08<00:02, 10.20it/s]
 54%|█████▍    | 27/50 [00:08<00:02, 10.36it/s]
 58%|█████▊    | 29/50 [00:08<00:02, 10.47it/s]
 62%|██████▏   | 31/50 [00:09<00:01, 10.56it/s]
 66%|██████▌   | 33/50 [00:09<00:01, 10.62it/s]
 70%|███████   | 35/50 [00:09<00:01, 10.65it/s]
 74%|███████▍  | 37/50 [00:09<00:01, 10.65it/s]
 78%|███████▊  | 39/50 [00:09<00:01, 10.68it/s]
 82%|████████▏ | 41/50 [00:09<00:00, 10.71it/s]
 86%|████████▌ | 43/50 [00:10<00:00, 10.69it/s]
 90%|█████████ | 45/50 [00:10<00:00, 10.71it/s]
 94%|█████████▍| 47/50 [00:10<00:00, 10.72it/s]
 98%|█████████▊| 49/50 [00:10<00:00, 10.65it/s]
100%|██████████| 50/50 [00:16<00:00,  2.98it/s]
