[I 2023-12-11 21:19:16,605] Trial 168 finished with value: 0.4165822015001014 and parameters: {'EMBEDDING_DIM': 32, 'HIDDEN_DIM': 2396, 'NUM_LAYERS': 1, 'DROPOUT': 0.14598229065940554, 'LR': 0.008978929385770662, 'WEIGHT_0': 0.9000199060837974, 'WEIGHT_1': 0.01536497162931301, 'WEIGHT_2': 0.337125493293835, 'WEIGHT_3': 0.2646299307866739, 'WEIGHT_4': 0.7432823005902879, 'WEIGHT_5': 0.4492057977282551, 'WEIGHT_6': 0.12141555080114884, 'WEIGHT_7': 0.7549716346025899, 'WEIGHT_8': 0.3821051208745894}. Best is trial 42 with value: 0.44962374581939796.
{'EMBEDDING_DIM': 32, 'HIDDEN_DIM': 2396, 'NUM_LAYERS': 1, 'DROPOUT': 0.14598229065940554, 'LR': 0.008978929385770662, 'WEIGHT_0': 0.9000199060837974, 'WEIGHT_1': 0.01536497162931301, 'WEIGHT_2': 0.337125493293835, 'WEIGHT_3': 0.2646299307866739, 'WEIGHT_4': 0.7432823005902879, 'WEIGHT_5': 0.4492057977282551, 'WEIGHT_6': 0.12141555080114884, 'WEIGHT_7': 0.7549716346025899, 'WEIGHT_8': 0.3821051208745894}
0
              precision    recall  f1-score   support

         LOC       0.00      0.00      0.00      1837
        MISC       0.00      0.00      0.00       922
         ORG       0.00      0.00      0.00      1341
         PER       0.00      0.00      0.00      1842

   micro avg       0.00      0.00      0.00      5942
   macro avg       0.00      0.00      0.00      5942
weighted avg       0.00      0.00      0.00      5942

{'EMBEDDING_DIM': 32, 'HIDDEN_DIM': 2396, 'NUM_LAYERS': 1, 'DROPOUT': 0.14598229065940554, 'LR': 0.008978929385770662, 'WEIGHT_0': 0.9000199060837974, 'WEIGHT_1': 0.01536497162931301, 'WEIGHT_2': 0.337125493293835, 'WEIGHT_3': 0.2646299307866739, 'WEIGHT_4': 0.7432823005902879, 'WEIGHT_5': 0.4492057977282551, 'WEIGHT_6': 0.12141555080114884, 'WEIGHT_7': 0.7549716346025899, 'WEIGHT_8': 0.3821051208745894}
49
              precision    recall  f1-score   support

         LOC       0.68      0.60      0.64      1837
        MISC       0.55      0.46      0.50       922
         ORG       0.38      0.13      0.20      1341
         PER       0.33      0.19      0.25      1842

   micro avg       0.52      0.35      0.42      5942
   macro avg       0.49      0.35      0.39      5942
weighted avg       0.48      0.35      0.39      5942

epoch 49
Transformer

  0%|          | 0/50 [00:00<?, ?it/s]
  2%|▏         | 1/50 [00:06<04:58,  6.10s/it]
  4%|▍         | 2/50 [00:06<02:04,  2.59s/it]
  6%|▌         | 3/50 [00:06<01:08,  1.46s/it]
  8%|▊         | 4/50 [00:06<00:42,  1.08it/s]
 10%|█         | 5/50 [00:06<00:28,  1.56it/s]
 12%|█▏        | 6/50 [00:06<00:20,  2.17it/s]
 14%|█▍        | 7/50 [00:06<00:14,  2.88it/s]
 16%|█▌        | 8/50 [00:06<00:11,  3.67it/s]
 18%|█▊        | 9/50 [00:07<00:09,  4.51it/s]
 20%|██        | 10/50 [00:07<00:07,  5.34it/s]
 22%|██▏       | 11/50 [00:07<00:06,  6.10it/s]
 24%|██▍       | 12/50 [00:07<00:05,  6.77it/s]
 26%|██▌       | 13/50 [00:07<00:05,  7.33it/s]
 28%|██▊       | 14/50 [00:07<00:04,  7.77it/s]
 30%|███       | 15/50 [00:07<00:04,  8.12it/s]
 32%|███▏      | 16/50 [00:07<00:04,  8.36it/s]
 34%|███▍      | 17/50 [00:07<00:03,  8.56it/s]
 36%|███▌      | 18/50 [00:08<00:03,  8.70it/s]
 38%|███▊      | 19/50 [00:08<00:03,  8.80it/s]
 40%|████      | 20/50 [00:08<00:03,  8.87it/s]
 42%|████▏     | 21/50 [00:08<00:03,  8.92it/s]
 44%|████▍     | 22/50 [00:08<00:03,  8.95it/s]
 46%|████▌     | 23/50 [00:08<00:03,  8.98it/s]
 48%|████▊     | 24/50 [00:08<00:02,  9.00it/s]
 50%|█████     | 25/50 [00:08<00:02,  9.00it/s]
 52%|█████▏    | 26/50 [00:08<00:02,  9.02it/s]
 54%|█████▍    | 27/50 [00:09<00:02,  9.03it/s]
 56%|█████▌    | 28/50 [00:09<00:02,  9.04it/s]
 58%|█████▊    | 29/50 [00:09<00:02,  9.04it/s]
 60%|██████    | 30/50 [00:09<00:02,  9.02it/s]
 62%|██████▏   | 31/50 [00:09<00:02,  9.03it/s]
 64%|██████▍   | 32/50 [00:09<00:01,  9.03it/s]
 66%|██████▌   | 33/50 [00:09<00:01,  9.03it/s]
 68%|██████▊   | 34/50 [00:09<00:01,  9.03it/s]
 70%|███████   | 35/50 [00:09<00:01,  9.02it/s]
 72%|███████▏  | 36/50 [00:10<00:01,  9.03it/s]
 74%|███████▍  | 37/50 [00:10<00:01,  8.88it/s]
 76%|███████▌  | 38/50 [00:10<00:01,  8.54it/s]
 78%|███████▊  | 39/50 [00:10<00:01,  8.69it/s]
 80%|████████  | 40/50 [00:10<00:01,  8.80it/s]
 82%|████████▏ | 41/50 [00:10<00:01,  8.86it/s]
 84%|████████▍ | 42/50 [00:10<00:00,  8.92it/s]
 86%|████████▌ | 43/50 [00:10<00:00,  8.96it/s]
 88%|████████▊ | 44/50 [00:10<00:00,  8.99it/s]
 90%|█████████ | 45/50 [00:11<00:00,  8.99it/s]
 92%|█████████▏| 46/50 [00:11<00:00,  9.00it/s]
 94%|█████████▍| 47/50 [00:11<00:00,  9.01it/s]
 96%|█████████▌| 48/50 [00:11<00:00,  9.02it/s]
 98%|█████████▊| 49/50 [00:11<00:00,  9.02it/s]
100%|██████████| 50/50 [00:17<00:00,  1.91s/it]
100%|██████████| 50/50 [00:17<00:00,  2.84it/s]
[I 2023-12-11 21:19:39,764] Trial 169 finished with value: 0.3861328125 and parameters: {'EMBEDDING_DIM': 128, 'HIDDEN_DIM': 533, 'NUM_LAYERS': 1, 'DROPOUT': 0.17054401295574265, 'LR': 0.008653052088008687, 'WEIGHT_0': 0.9934487078398182, 'WEIGHT_1': 0.050130333233762606, 'WEIGHT_2': 0.322128681029339, 'WEIGHT_3': 0.20419322447598143, 'WEIGHT_4': 0.708512263274759, 'WEIGHT_5': 0.44125819951000383, 'WEIGHT_6': 0.06961410990368819, 'WEIGHT_7': 0.7759815790013177, 'WEIGHT_8': 0.35235170966302226}. Best is trial 42 with value: 0.44962374581939796.
{'EMBEDDING_DIM': 128, 'HIDDEN_DIM': 533, 'NUM_LAYERS': 1, 'DROPOUT': 0.17054401295574265, 'LR': 0.008653052088008687, 'WEIGHT_0': 0.9934487078398182, 'WEIGHT_1': 0.050130333233762606, 'WEIGHT_2': 0.322128681029339, 'WEIGHT_3': 0.20419322447598143, 'WEIGHT_4': 0.708512263274759, 'WEIGHT_5': 0.44125819951000383, 'WEIGHT_6': 0.06961410990368819, 'WEIGHT_7': 0.7759815790013177, 'WEIGHT_8': 0.35235170966302226}
0
              precision    recall  f1-score   support

         LOC       0.00      0.00      0.00      1837
        MISC       0.00      0.00      0.00       922
         ORG       0.00      0.00      0.00      1341
         PER       0.00      0.00      0.00      1842

   micro avg       0.00      0.00      0.00      5942
   macro avg       0.00      0.00      0.00      5942
weighted avg       0.00      0.00      0.00      5942

{'EMBEDDING_DIM': 128, 'HIDDEN_DIM': 533, 'NUM_LAYERS': 1, 'DROPOUT': 0.17054401295574265, 'LR': 0.008653052088008687, 'WEIGHT_0': 0.9934487078398182, 'WEIGHT_1': 0.050130333233762606, 'WEIGHT_2': 0.322128681029339, 'WEIGHT_3': 0.20419322447598143, 'WEIGHT_4': 0.708512263274759, 'WEIGHT_5': 0.44125819951000383, 'WEIGHT_6': 0.06961410990368819, 'WEIGHT_7': 0.7759815790013177, 'WEIGHT_8': 0.35235170966302226}
49
              precision    recall  f1-score   support

         LOC       0.70      0.58      0.64      1837
        MISC       0.47      0.48      0.48       922
         ORG       0.43      0.07      0.12      1341
         PER       0.23      0.19      0.21      1842

   micro avg       0.46      0.33      0.39      5942
   macro avg       0.46      0.33      0.36      5942
weighted avg       0.46      0.33      0.36      5942

epoch 49
Transformer

  0%|          | 0/50 [00:00<?, ?it/s]
  2%|▏         | 1/50 [00:06<05:05,  6.24s/it]
  6%|▌         | 3/50 [00:06<01:19,  1.69s/it]
 10%|█         | 5/50 [00:06<00:39,  1.15it/s]
 12%|█▏        | 6/50 [00:06<00:29,  1.51it/s]
 14%|█▍        | 7/50 [00:06<00:22,  1.94it/s]
 16%|█▌        | 8/50 [00:06<00:16,  2.50it/s]
 18%|█▊        | 9/50 [00:07<00:12,  3.18it/s]
 20%|██        | 10/50 [00:07<00:10,  3.94it/s]
 22%|██▏       | 11/50 [00:07<00:08,  4.72it/s]
 24%|██▍       | 12/50 [00:07<00:06,  5.46it/s]
 26%|██▌       | 13/50 [00:07<00:06,  6.13it/s]
 28%|██▊       | 14/50 [00:07<00:05,  6.71it/s]
 30%|███       | 15/50 [00:07<00:04,  7.31it/s]
 34%|███▍      | 17/50 [00:07<00:03,  8.72it/s]
 38%|███▊      | 19/50 [00:08<00:03,  9.57it/s]
 42%|████▏     | 21/50 [00:08<00:02, 10.10it/s]
 46%|████▌     | 23/50 [00:08<00:02, 10.46it/s]
 50%|█████     | 25/50 [00:08<00:02, 10.70it/s]
 54%|█████▍    | 27/50 [00:08<00:02, 10.87it/s]
 58%|█████▊    | 29/50 [00:08<00:01, 10.97it/s]
 62%|██████▏   | 31/50 [00:09<00:01, 11.04it/s]
 66%|██████▌   | 33/50 [00:09<00:01, 10.83it/s]
 70%|███████   | 35/50 [00:09<00:01, 10.96it/s]
 74%|███████▍  | 37/50 [00:09<00:01, 11.03it/s]
 78%|███████▊  | 39/50 [00:09<00:00, 11.09it/s]
 82%|████████▏ | 41/50 [00:10<00:00, 11.11it/s]
 86%|████████▌ | 43/50 [00:10<00:00, 11.16it/s]
 90%|█████████ | 45/50 [00:10<00:00, 11.17it/s]
 94%|█████████▍| 47/50 [00:10<00:00, 11.20it/s]
 98%|█████████▊| 49/50 [00:10<00:00, 11.21it/s]
100%|██████████| 50/50 [00:16<00:00,  2.99it/s]
[I 2023-12-11 21:20:02,046] Trial 170 finished with value: 0.441173400146153 and parameters: {'EMBEDDING_DIM': 32, 'HIDDEN_DIM': 681, 'NUM_LAYERS': 1, 'DROPOUT': 0.14077704229832655, 'LR': 0.008329126054627926, 'WEIGHT_0': 0.9379756766626844, 'WEIGHT_1': 0.12902519095062157, 'WEIGHT_2': 0.37242518980240497, 'WEIGHT_3': 0.25309559012755334, 'WEIGHT_4': 0.7884090595638514, 'WEIGHT_5': 0.48201266660064923, 'WEIGHT_6': 0.09955931018698878, 'WEIGHT_7': 0.869569339110458, 'WEIGHT_8': 0.4160823272152643}. Best is trial 42 with value: 0.44962374581939796.
{'EMBEDDING_DIM': 32, 'HIDDEN_DIM': 681, 'NUM_LAYERS': 1, 'DROPOUT': 0.14077704229832655, 'LR': 0.008329126054627926, 'WEIGHT_0': 0.9379756766626844, 'WEIGHT_1': 0.12902519095062157, 'WEIGHT_2': 0.37242518980240497, 'WEIGHT_3': 0.25309559012755334, 'WEIGHT_4': 0.7884090595638514, 'WEIGHT_5': 0.48201266660064923, 'WEIGHT_6': 0.09955931018698878, 'WEIGHT_7': 0.869569339110458, 'WEIGHT_8': 0.4160823272152643}
0
              precision    recall  f1-score   support

         LOC       0.00      0.00      0.00      1837
        MISC       0.00      0.00      0.00       922
         ORG       0.00      0.00      0.00      1341
         PER       0.00      0.00      0.00      1842

   micro avg       0.00      0.00      0.00      5942
   macro avg       0.00      0.00      0.00      5942
weighted avg       0.00      0.00      0.00      5942

{'EMBEDDING_DIM': 32, 'HIDDEN_DIM': 681, 'NUM_LAYERS': 1, 'DROPOUT': 0.14077704229832655, 'LR': 0.008329126054627926, 'WEIGHT_0': 0.9379756766626844, 'WEIGHT_1': 0.12902519095062157, 'WEIGHT_2': 0.37242518980240497, 'WEIGHT_3': 0.25309559012755334, 'WEIGHT_4': 0.7884090595638514, 'WEIGHT_5': 0.48201266660064923, 'WEIGHT_6': 0.09955931018698878, 'WEIGHT_7': 0.869569339110458, 'WEIGHT_8': 0.4160823272152643}
49
              precision    recall  f1-score   support

         LOC       0.76      0.58      0.66      1837
        MISC       0.62      0.47      0.53       922
         ORG       0.41      0.21      0.28      1341
         PER       0.38      0.18      0.24      1842

   micro avg       0.58      0.36      0.44      5942
   macro avg       0.55      0.36      0.43      5942
weighted avg       0.54      0.36      0.43      5942

epoch 49
Transformer

  0%|          | 0/50 [00:00<?, ?it/s]
  2%|▏         | 1/50 [00:05<04:49,  5.92s/it]
  6%|▌         | 3/50 [00:06<01:15,  1.60s/it]
 10%|█         | 5/50 [00:06<00:37,  1.21it/s]
 14%|█▍        | 7/50 [00:06<00:22,  1.93it/s]
 16%|█▌        | 8/50 [00:06<00:17,  2.36it/s]
 20%|██        | 10/50 [00:06<00:11,  3.41it/s]
 24%|██▍       | 12/50 [00:06<00:08,  4.51it/s]
 28%|██▊       | 14/50 [00:07<00:06,  5.59it/s]
 32%|███▏      | 16/50 [00:07<00:05,  6.59it/s]
 36%|███▌      | 18/50 [00:07<00:04,  7.47it/s]
 40%|████      | 20/50 [00:07<00:03,  8.22it/s]
 44%|████▍     | 22/50 [00:07<00:03,  8.81it/s]
 48%|████▊     | 24/50 [00:08<00:02,  9.28it/s]
 52%|█████▏    | 26/50 [00:08<00:02,  9.61it/s]
 56%|█████▌    | 28/50 [00:08<00:02,  9.87it/s]
 60%|██████    | 30/50 [00:08<00:01, 10.07it/s]
 64%|██████▍   | 32/50 [00:08<00:01, 10.19it/s]
 68%|██████▊   | 34/50 [00:09<00:01, 10.28it/s]
 72%|███████▏  | 36/50 [00:09<00:01, 10.37it/s]
 76%|███████▌  | 38/50 [00:09<00:01, 10.39it/s]
 80%|████████  | 40/50 [00:09<00:00, 10.41it/s]
 84%|████████▍ | 42/50 [00:09<00:00, 10.45it/s]
 88%|████████▊ | 44/50 [00:10<00:00, 10.47it/s]
 92%|█████████▏| 46/50 [00:10<00:00, 10.50it/s]
 96%|█████████▌| 48/50 [00:10<00:00, 10.50it/s]
100%|██████████| 50/50 [00:16<00:00,  1.02s/it]
100%|██████████| 50/50 [00:16<00:00,  2.98it/s]
[I 2023-12-11 21:20:24,168] Trial 171 finished with value: 0.43079724807770137 and parameters: {'EMBEDDING_DIM': 32, 'HIDDEN_DIM': 334, 'NUM_LAYERS': 1, 'DROPOUT': 0.14820694614948599, 'LR': 0.008174247826316304, 'WEIGHT_0': 0.9629783483435073, 'WEIGHT_1': 0.0873561708175507, 'WEIGHT_2': 0.3565838640084338, 'WEIGHT_3': 0.30847673855050367, 'WEIGHT_4': 0.7738956309008596, 'WEIGHT_5': 0.5125250942701538, 'WEIGHT_6': 0.13453015909909588, 'WEIGHT_7': 0.8084410203141417, 'WEIGHT_8': 0.36380824026191166}. Best is trial 42 with value: 0.44962374581939796.
{'EMBEDDING_DIM': 32, 'HIDDEN_DIM': 334, 'NUM_LAYERS': 1, 'DROPOUT': 0.14820694614948599, 'LR': 0.008174247826316304, 'WEIGHT_0': 0.9629783483435073, 'WEIGHT_1': 0.0873561708175507, 'WEIGHT_2': 0.3565838640084338, 'WEIGHT_3': 0.30847673855050367, 'WEIGHT_4': 0.7738956309008596, 'WEIGHT_5': 0.5125250942701538, 'WEIGHT_6': 0.13453015909909588, 'WEIGHT_7': 0.8084410203141417, 'WEIGHT_8': 0.36380824026191166}
0
              precision    recall  f1-score   support

         LOC       0.00      0.00      0.00      1837
        MISC       0.00      0.00      0.00       922
         ORG       0.00      0.00      0.00      1341
         PER       0.00      0.00      0.00      1842

   micro avg       0.00      0.00      0.00      5942
   macro avg       0.00      0.00      0.00      5942
weighted avg       0.00      0.00      0.00      5942

{'EMBEDDING_DIM': 32, 'HIDDEN_DIM': 334, 'NUM_LAYERS': 1, 'DROPOUT': 0.14820694614948599, 'LR': 0.008174247826316304, 'WEIGHT_0': 0.9629783483435073, 'WEIGHT_1': 0.0873561708175507, 'WEIGHT_2': 0.3565838640084338, 'WEIGHT_3': 0.30847673855050367, 'WEIGHT_4': 0.7738956309008596, 'WEIGHT_5': 0.5125250942701538, 'WEIGHT_6': 0.13453015909909588, 'WEIGHT_7': 0.8084410203141417, 'WEIGHT_8': 0.36380824026191166}
49
              precision    recall  f1-score   support

         LOC       0.77      0.58      0.67      1837
        MISC       0.62      0.48      0.54       922
         ORG       0.42      0.21      0.28      1341
         PER       0.29      0.18      0.22      1842

   micro avg       0.54      0.36      0.43      5942
   macro avg       0.52      0.36      0.43      5942
weighted avg       0.52      0.36      0.42      5942

epoch 49
Transformer

  0%|          | 0/50 [00:00<?, ?it/s]
  2%|▏         | 1/50 [00:09<08:00,  9.80s/it]
  4%|▍         | 2/50 [00:10<03:19,  4.16s/it]
  6%|▌         | 3/50 [00:10<01:50,  2.35s/it]
  8%|▊         | 4/50 [00:10<01:09,  1.52s/it]
 10%|█         | 5/50 [00:10<00:46,  1.04s/it]
 12%|█▏        | 6/50 [00:10<00:32,  1.34it/s]
 14%|█▍        | 7/50 [00:11<00:24,  1.78it/s]
 16%|█▌        | 8/50 [00:11<00:18,  2.23it/s]
 18%|█▊        | 9/50 [00:11<00:14,  2.73it/s]
 20%|██        | 10/50 [00:11<00:12,  3.20it/s]
 22%|██▏       | 11/50 [00:11<00:10,  3.66it/s]
 24%|██▍       | 12/50 [00:11<00:09,  4.06it/s]
 26%|██▌       | 13/50 [00:12<00:08,  4.40it/s]
 28%|██▊       | 14/50 [00:12<00:07,  4.67it/s]
 30%|███       | 15/50 [00:12<00:07,  4.88it/s]
 32%|███▏      | 16/50 [00:12<00:06,  5.03it/s]
 34%|███▍      | 17/50 [00:12<00:06,  5.15it/s]
 36%|███▌      | 18/50 [00:13<00:06,  5.23it/s]
 38%|███▊      | 19/50 [00:13<00:05,  5.29it/s]
 40%|████      | 20/50 [00:13<00:05,  5.34it/s]
 42%|████▏     | 21/50 [00:13<00:05,  5.36it/s]
 44%|████▍     | 22/50 [00:13<00:05,  5.38it/s]
 46%|████▌     | 23/50 [00:13<00:04,  5.40it/s]
 48%|████▊     | 24/50 [00:14<00:04,  5.41it/s]
 50%|█████     | 25/50 [00:14<00:04,  5.42it/s]
 52%|█████▏    | 26/50 [00:14<00:04,  5.42it/s]
 54%|█████▍    | 27/50 [00:14<00:04,  5.42it/s]
 56%|█████▌    | 28/50 [00:14<00:04,  5.43it/s]
 58%|█████▊    | 29/50 [00:15<00:03,  5.43it/s]
 60%|██████    | 30/50 [00:15<00:03,  5.43it/s]
 62%|██████▏   | 31/50 [00:15<00:03,  5.44it/s]
 64%|██████▍   | 32/50 [00:15<00:03,  5.43it/s]
 66%|██████▌   | 33/50 [00:15<00:03,  5.43it/s]
 68%|██████▊   | 34/50 [00:16<00:02,  5.44it/s]
 70%|███████   | 35/50 [00:16<00:02,  5.43it/s]
 72%|███████▏  | 36/50 [00:16<00:02,  5.43it/s]
 74%|███████▍  | 37/50 [00:16<00:02,  5.44it/s]
 76%|███████▌  | 38/50 [00:16<00:02,  5.43it/s]
 78%|███████▊  | 39/50 [00:16<00:02,  5.44it/s]
 80%|████████  | 40/50 [00:17<00:01,  5.44it/s]
 82%|████████▏ | 41/50 [00:17<00:01,  5.43it/s]
 84%|████████▍ | 42/50 [00:17<00:01,  5.21it/s]
 86%|████████▌ | 43/50 [00:17<00:01,  4.18it/s]
 88%|████████▊ | 44/50 [00:18<00:01,  3.20it/s]
 90%|█████████ | 45/50 [00:18<00:01,  2.51it/s]
 92%|█████████▏| 46/50 [00:19<00:01,  2.17it/s]
 94%|█████████▍| 47/50 [00:20<00:01,  1.97it/s]
 96%|█████████▌| 48/50 [00:20<00:01,  1.86it/s]
 98%|█████████▊| 49/50 [00:21<00:00,  1.84it/s]
100%|██████████| 50/50 [00:33<00:00,  4.12s/it]
100%|██████████| 50/50 [00:33<00:00,  1.48it/s]
[I 2023-12-11 21:21:09,674] Trial 172 finished with value: 0.05092351038296985 and parameters: {'EMBEDDING_DIM': 32, 'HIDDEN_DIM': 439, 'NUM_LAYERS': 3, 'DROPOUT': 0.18703324496423893, 'LR': 0.008419155440781105, 'WEIGHT_0': 0.9402752548198594, 'WEIGHT_1': 0.09601570831347894, 'WEIGHT_2': 0.3828996836460153, 'WEIGHT_3': 0.3297832099963207, 'WEIGHT_4': 0.7648426487928291, 'WEIGHT_5': 0.4166018907800556, 'WEIGHT_6': 0.13294436804416576, 'WEIGHT_7': 0.8007755574940879, 'WEIGHT_8': 0.3883626491009437}. Best is trial 42 with value: 0.44962374581939796.
{'EMBEDDING_DIM': 32, 'HIDDEN_DIM': 439, 'NUM_LAYERS': 3, 'DROPOUT': 0.18703324496423893, 'LR': 0.008419155440781105, 'WEIGHT_0': 0.9402752548198594, 'WEIGHT_1': 0.09601570831347894, 'WEIGHT_2': 0.3828996836460153, 'WEIGHT_3': 0.3297832099963207, 'WEIGHT_4': 0.7648426487928291, 'WEIGHT_5': 0.4166018907800556, 'WEIGHT_6': 0.13294436804416576, 'WEIGHT_7': 0.8007755574940879, 'WEIGHT_8': 0.3883626491009437}
0
              precision    recall  f1-score   support

         LOC       0.00      0.00      0.00      1837
        MISC       0.00      0.00      0.00       922
         ORG       0.00      0.00      0.00      1341
         PER       0.00      0.00      0.00      1842

   micro avg       0.00      0.00      0.00      5942
   macro avg       0.00      0.00      0.00      5942
weighted avg       0.00      0.00      0.00      5942

{'EMBEDDING_DIM': 32, 'HIDDEN_DIM': 439, 'NUM_LAYERS': 3, 'DROPOUT': 0.18703324496423893, 'LR': 0.008419155440781105, 'WEIGHT_0': 0.9402752548198594, 'WEIGHT_1': 0.09601570831347894, 'WEIGHT_2': 0.3828996836460153, 'WEIGHT_3': 0.3297832099963207, 'WEIGHT_4': 0.7648426487928291, 'WEIGHT_5': 0.4166018907800556, 'WEIGHT_6': 0.13294436804416576, 'WEIGHT_7': 0.8007755574940879, 'WEIGHT_8': 0.3883626491009437}
49
              precision    recall  f1-score   support

         LOC       0.00      0.00      0.00      1837
        MISC       0.00      0.00      0.00       922
         ORG       0.00      0.00      0.00      1341
         PER       0.07      0.13      0.09      1842

   micro avg       0.07      0.04      0.05      5942
   macro avg       0.02      0.03      0.02      5942
weighted avg       0.02      0.04      0.03      5942

epoch 49
Transformer

  0%|          | 0/50 [00:00<?, ?it/s]
  2%|▏         | 1/50 [00:07<06:04,  7.44s/it]
  4%|▍         | 2/50 [00:07<02:30,  3.14s/it]
  6%|▌         | 3/50 [00:07<01:22,  1.76s/it]
  8%|▊         | 4/50 [00:07<00:51,  1.11s/it]
 10%|█         | 5/50 [00:07<00:33,  1.32it/s]
 12%|█▏        | 6/50 [00:08<00:23,  1.85it/s]
 14%|█▍        | 7/50 [00:08<00:17,  2.48it/s]
 16%|█▌        | 8/50 [00:08<00:13,  3.19it/s]
 18%|█▊        | 9/50 [00:08<00:10,  3.95it/s]
 20%|██        | 10/50 [00:08<00:08,  4.71it/s]
 22%|██▏       | 11/50 [00:08<00:07,  5.43it/s]
 24%|██▍       | 12/50 [00:08<00:06,  6.07it/s]
 26%|██▌       | 13/50 [00:08<00:05,  6.61it/s]
 28%|██▊       | 14/50 [00:09<00:05,  7.04it/s]
 30%|███       | 15/50 [00:09<00:04,  7.37it/s]
 32%|███▏      | 16/50 [00:09<00:04,  7.61it/s]
 34%|███▍      | 17/50 [00:09<00:04,  7.78it/s]
 36%|███▌      | 18/50 [00:09<00:04,  7.92it/s]
 38%|███▊      | 19/50 [00:09<00:03,  8.03it/s]
 40%|████      | 20/50 [00:09<00:03,  8.08it/s]
 42%|████▏     | 21/50 [00:09<00:03,  8.11it/s]
 44%|████▍     | 22/50 [00:10<00:03,  7.75it/s]
 46%|████▌     | 23/50 [00:10<00:03,  7.42it/s]
 48%|████▊     | 24/50 [00:10<00:03,  7.29it/s]
 50%|█████     | 25/50 [00:10<00:03,  7.85it/s]
 52%|█████▏    | 26/50 [00:10<00:02,  8.29it/s]
 54%|█████▍    | 27/50 [00:10<00:02,  8.62it/s]
 56%|█████▌    | 28/50 [00:10<00:02,  8.69it/s]
 58%|█████▊    | 29/50 [00:10<00:02,  8.69it/s]
 60%|██████    | 30/50 [00:10<00:02,  8.70it/s]
 62%|██████▏   | 31/50 [00:11<00:02,  8.69it/s]
 64%|██████▍   | 32/50 [00:11<00:02,  8.69it/s]
 68%|██████▊   | 34/50 [00:11<00:01,  9.52it/s]
 72%|███████▏  | 36/50 [00:11<00:01, 10.19it/s]
 76%|███████▌  | 38/50 [00:11<00:01, 10.56it/s]
 80%|████████  | 40/50 [00:11<00:00, 10.82it/s]
 84%|████████▍ | 42/50 [00:12<00:00, 10.99it/s]
 88%|████████▊ | 44/50 [00:12<00:00, 11.07it/s]
 92%|█████████▏| 46/50 [00:12<00:00, 11.16it/s]
 96%|█████████▌| 48/50 [00:12<00:00, 11.22it/s]
100%|██████████| 50/50 [00:18<00:00,  1.02it/s]
100%|██████████| 50/50 [00:18<00:00,  2.69it/s]
