[I 2023-12-11 23:00:27,448] Trial 359 finished with value: 0.4213867671857951 and parameters: {'EMBEDDING_DIM': 32, 'HIDDEN_DIM': 874, 'NUM_LAYERS': 1, 'DROPOUT': 0.19515097199433523, 'LR': 0.00683643627596926, 'WEIGHT_0': 0.9789294509426805, 'WEIGHT_1': 0.9753516095015377, 'WEIGHT_2': 0.227554032585859, 'WEIGHT_3': 0.4311641276087861, 'WEIGHT_4': 0.7547324638166002, 'WEIGHT_5': 0.39418412017978943, 'WEIGHT_6': 0.5238637113232344, 'WEIGHT_7': 0.6914738521724837, 'WEIGHT_8': 0.6693136130716761}. Best is trial 282 with value: 0.45463128081401455.
{'EMBEDDING_DIM': 32, 'HIDDEN_DIM': 874, 'NUM_LAYERS': 1, 'DROPOUT': 0.19515097199433523, 'LR': 0.00683643627596926, 'WEIGHT_0': 0.9789294509426805, 'WEIGHT_1': 0.9753516095015377, 'WEIGHT_2': 0.227554032585859, 'WEIGHT_3': 0.4311641276087861, 'WEIGHT_4': 0.7547324638166002, 'WEIGHT_5': 0.39418412017978943, 'WEIGHT_6': 0.5238637113232344, 'WEIGHT_7': 0.6914738521724837, 'WEIGHT_8': 0.6693136130716761}
0
              precision    recall  f1-score   support

         LOC       0.00      0.00      0.00      1837
        MISC       0.00      0.00      0.00       922
         ORG       0.00      0.00      0.00      1341
         PER       0.00      0.00      0.00      1842

   micro avg       0.00      0.00      0.00      5942
   macro avg       0.00      0.00      0.00      5942
weighted avg       0.00      0.00      0.00      5942

{'EMBEDDING_DIM': 32, 'HIDDEN_DIM': 874, 'NUM_LAYERS': 1, 'DROPOUT': 0.19515097199433523, 'LR': 0.00683643627596926, 'WEIGHT_0': 0.9789294509426805, 'WEIGHT_1': 0.9753516095015377, 'WEIGHT_2': 0.227554032585859, 'WEIGHT_3': 0.4311641276087861, 'WEIGHT_4': 0.7547324638166002, 'WEIGHT_5': 0.39418412017978943, 'WEIGHT_6': 0.5238637113232344, 'WEIGHT_7': 0.6914738521724837, 'WEIGHT_8': 0.6693136130716761}
49
              precision    recall  f1-score   support

         LOC       0.73      0.59      0.65      1837
        MISC       0.60      0.43      0.50       922
         ORG       0.34      0.21      0.26      1341
         PER       0.31      0.20      0.24      1842

   micro avg       0.51      0.36      0.42      5942
   macro avg       0.50      0.36      0.41      5942
weighted avg       0.49      0.36      0.41      5942

epoch 49
Transformer

  0%|          | 0/50 [00:00<?, ?it/s]
  2%|▏         | 1/50 [00:05<04:46,  5.85s/it]
  4%|▍         | 2/50 [00:05<01:58,  2.47s/it]
  6%|▌         | 3/50 [00:06<01:05,  1.39s/it]
 10%|█         | 5/50 [00:06<00:29,  1.52it/s]
 14%|█▍        | 7/50 [00:06<00:17,  2.46it/s]
 18%|█▊        | 9/50 [00:06<00:11,  3.54it/s]
 22%|██▏       | 11/50 [00:06<00:08,  4.70it/s]
 26%|██▌       | 13/50 [00:06<00:06,  5.85it/s]
 30%|███       | 15/50 [00:07<00:05,  6.95it/s]
 34%|███▍      | 17/50 [00:07<00:04,  7.88it/s]
 38%|███▊      | 19/50 [00:07<00:03,  8.71it/s]
 42%|████▏     | 21/50 [00:07<00:03,  9.37it/s]
 46%|████▌     | 23/50 [00:07<00:02,  9.88it/s]
 50%|█████     | 25/50 [00:08<00:02, 10.29it/s]
 54%|█████▍    | 27/50 [00:08<00:02, 10.57it/s]
 58%|█████▊    | 29/50 [00:08<00:01, 10.78it/s]
 62%|██████▏   | 31/50 [00:08<00:01, 10.95it/s]
 66%|██████▌   | 33/50 [00:08<00:01, 11.05it/s]
 70%|███████   | 35/50 [00:08<00:01, 11.13it/s]
 74%|███████▍  | 37/50 [00:09<00:01, 11.19it/s]
 78%|███████▊  | 39/50 [00:09<00:00, 11.22it/s]
 82%|████████▏ | 41/50 [00:09<00:00, 11.23it/s]
 86%|████████▌ | 43/50 [00:09<00:00, 11.26it/s]
 90%|█████████ | 45/50 [00:09<00:00, 11.27it/s]
 94%|█████████▍| 47/50 [00:09<00:00, 11.29it/s]
 98%|█████████▊| 49/50 [00:10<00:00, 11.31it/s]
100%|██████████| 50/50 [00:15<00:00,  3.13it/s]
[I 2023-12-11 23:00:48,971] Trial 360 finished with value: 0.43002189926338846 and parameters: {'EMBEDDING_DIM': 32, 'HIDDEN_DIM': 1118, 'NUM_LAYERS': 1, 'DROPOUT': 0.29798688859050043, 'LR': 0.006074487454176616, 'WEIGHT_0': 0.707525906550409, 'WEIGHT_1': 0.5527623850278931, 'WEIGHT_2': 0.16037745076954973, 'WEIGHT_3': 0.18805194601837244, 'WEIGHT_4': 0.8238157137757606, 'WEIGHT_5': 0.4333565255387501, 'WEIGHT_6': 0.4888891656075618, 'WEIGHT_7': 0.5409208286081765, 'WEIGHT_8': 0.9230530066459904}. Best is trial 282 with value: 0.45463128081401455.
{'EMBEDDING_DIM': 32, 'HIDDEN_DIM': 1118, 'NUM_LAYERS': 1, 'DROPOUT': 0.29798688859050043, 'LR': 0.006074487454176616, 'WEIGHT_0': 0.707525906550409, 'WEIGHT_1': 0.5527623850278931, 'WEIGHT_2': 0.16037745076954973, 'WEIGHT_3': 0.18805194601837244, 'WEIGHT_4': 0.8238157137757606, 'WEIGHT_5': 0.4333565255387501, 'WEIGHT_6': 0.4888891656075618, 'WEIGHT_7': 0.5409208286081765, 'WEIGHT_8': 0.9230530066459904}
0
              precision    recall  f1-score   support

         LOC       0.00      0.00      0.00      1837
        MISC       0.00      0.00      0.00       922
         ORG       0.00      0.00      0.00      1341
         PER       0.00      0.00      0.00      1842

   micro avg       0.00      0.00      0.00      5942
   macro avg       0.00      0.00      0.00      5942
weighted avg       0.00      0.00      0.00      5942

{'EMBEDDING_DIM': 32, 'HIDDEN_DIM': 1118, 'NUM_LAYERS': 1, 'DROPOUT': 0.29798688859050043, 'LR': 0.006074487454176616, 'WEIGHT_0': 0.707525906550409, 'WEIGHT_1': 0.5527623850278931, 'WEIGHT_2': 0.16037745076954973, 'WEIGHT_3': 0.18805194601837244, 'WEIGHT_4': 0.8238157137757606, 'WEIGHT_5': 0.4333565255387501, 'WEIGHT_6': 0.4888891656075618, 'WEIGHT_7': 0.5409208286081765, 'WEIGHT_8': 0.9230530066459904}
49
              precision    recall  f1-score   support

         LOC       0.77      0.58      0.66      1837
        MISC       0.65      0.46      0.54       922
         ORG       0.34      0.22      0.27      1341
         PER       0.31      0.20      0.24      1842

   micro avg       0.53      0.36      0.43      5942
   macro avg       0.52      0.37      0.43      5942
weighted avg       0.51      0.36      0.42      5942

epoch 49
Transformer

  0%|          | 0/50 [00:00<?, ?it/s]
  2%|▏         | 1/50 [00:05<04:45,  5.84s/it]
  6%|▌         | 3/50 [00:06<01:14,  1.58s/it]
 10%|█         | 5/50 [00:06<00:36,  1.23it/s]
 14%|█▍        | 7/50 [00:06<00:22,  1.95it/s]
 18%|█▊        | 9/50 [00:06<00:14,  2.85it/s]
 22%|██▏       | 11/50 [00:06<00:10,  3.83it/s]
 26%|██▌       | 13/50 [00:06<00:07,  4.91it/s]
 30%|███       | 15/50 [00:07<00:05,  6.03it/s]
 34%|███▍      | 17/50 [00:07<00:04,  7.09it/s]
 38%|███▊      | 19/50 [00:07<00:03,  8.04it/s]
 42%|████▏     | 21/50 [00:07<00:03,  8.86it/s]
 46%|████▌     | 23/50 [00:07<00:02,  9.50it/s]
 50%|█████     | 25/50 [00:07<00:02, 10.01it/s]
 54%|█████▍    | 27/50 [00:08<00:02, 10.42it/s]
 58%|█████▊    | 29/50 [00:08<00:01, 10.69it/s]
 62%|██████▏   | 31/50 [00:08<00:01, 10.92it/s]
 66%|██████▌   | 33/50 [00:08<00:01, 11.07it/s]
 70%|███████   | 35/50 [00:08<00:01, 11.18it/s]
 74%|███████▍  | 37/50 [00:09<00:01, 11.26it/s]
 78%|███████▊  | 39/50 [00:09<00:00, 11.31it/s]
 82%|████████▏ | 41/50 [00:09<00:00, 11.35it/s]
 86%|████████▌ | 43/50 [00:09<00:00, 11.38it/s]
 90%|█████████ | 45/50 [00:09<00:00, 11.40it/s]
 94%|█████████▍| 47/50 [00:09<00:00, 11.41it/s]
 98%|█████████▊| 49/50 [00:10<00:00, 11.43it/s]
100%|██████████| 50/50 [00:15<00:00,  3.13it/s]
[I 2023-12-11 23:01:10,548] Trial 361 finished with value: 0.4489838675885187 and parameters: {'EMBEDDING_DIM': 32, 'HIDDEN_DIM': 519, 'NUM_LAYERS': 1, 'DROPOUT': 0.26311614980179726, 'LR': 0.009063447740679664, 'WEIGHT_0': 0.8069236029980065, 'WEIGHT_1': 0.3825821072838613, 'WEIGHT_2': 0.21161381455472905, 'WEIGHT_3': 0.028426696944058895, 'WEIGHT_4': 0.6386419600852195, 'WEIGHT_5': 0.5034142338651391, 'WEIGHT_6': 0.5723783222696096, 'WEIGHT_7': 0.6662037417454127, 'WEIGHT_8': 0.7372163825650455}. Best is trial 282 with value: 0.45463128081401455.
{'EMBEDDING_DIM': 32, 'HIDDEN_DIM': 519, 'NUM_LAYERS': 1, 'DROPOUT': 0.26311614980179726, 'LR': 0.009063447740679664, 'WEIGHT_0': 0.8069236029980065, 'WEIGHT_1': 0.3825821072838613, 'WEIGHT_2': 0.21161381455472905, 'WEIGHT_3': 0.028426696944058895, 'WEIGHT_4': 0.6386419600852195, 'WEIGHT_5': 0.5034142338651391, 'WEIGHT_6': 0.5723783222696096, 'WEIGHT_7': 0.6662037417454127, 'WEIGHT_8': 0.7372163825650455}
0
              precision    recall  f1-score   support

         LOC       0.00      0.00      0.00      1837
        MISC       0.00      0.00      0.00       922
         ORG       0.00      0.00      0.00      1341
         PER       0.00      0.00      0.00      1842

   micro avg       0.00      0.00      0.00      5942
   macro avg       0.00      0.00      0.00      5942
weighted avg       0.00      0.00      0.00      5942

{'EMBEDDING_DIM': 32, 'HIDDEN_DIM': 519, 'NUM_LAYERS': 1, 'DROPOUT': 0.26311614980179726, 'LR': 0.009063447740679664, 'WEIGHT_0': 0.8069236029980065, 'WEIGHT_1': 0.3825821072838613, 'WEIGHT_2': 0.21161381455472905, 'WEIGHT_3': 0.028426696944058895, 'WEIGHT_4': 0.6386419600852195, 'WEIGHT_5': 0.5034142338651391, 'WEIGHT_6': 0.5723783222696096, 'WEIGHT_7': 0.6662037417454127, 'WEIGHT_8': 0.7372163825650455}
49
              precision    recall  f1-score   support

         LOC       0.79      0.58      0.67      1837
        MISC       0.65      0.46      0.54       922
         ORG       0.40      0.23      0.29      1341
         PER       0.42      0.19      0.26      1842

   micro avg       0.59      0.36      0.45      5942
   macro avg       0.56      0.36      0.44      5942
weighted avg       0.56      0.36      0.44      5942

epoch 49
Transformer

  0%|          | 0/50 [00:00<?, ?it/s]
  2%|▏         | 1/50 [00:06<04:58,  6.09s/it]
  4%|▍         | 2/50 [00:06<02:03,  2.57s/it]
  6%|▌         | 3/50 [00:06<01:08,  1.45s/it]
  8%|▊         | 4/50 [00:06<00:42,  1.09it/s]
 12%|█▏        | 6/50 [00:06<00:21,  2.08it/s]
 14%|█▍        | 7/50 [00:06<00:16,  2.62it/s]
 16%|█▌        | 8/50 [00:06<00:12,  3.28it/s]
 18%|█▊        | 9/50 [00:06<00:10,  3.97it/s]
 20%|██        | 10/50 [00:07<00:08,  4.65it/s]
 24%|██▍       | 12/50 [00:07<00:06,  6.26it/s]
 28%|██▊       | 14/50 [00:07<00:04,  7.47it/s]
 32%|███▏      | 16/50 [00:07<00:04,  8.39it/s]
 36%|███▌      | 18/50 [00:07<00:03,  8.98it/s]
 40%|████      | 20/50 [00:08<00:03,  9.49it/s]
 44%|████▍     | 22/50 [00:08<00:02,  9.85it/s]
 48%|████▊     | 24/50 [00:08<00:02, 10.11it/s]
 52%|█████▏    | 26/50 [00:08<00:02, 10.29it/s]
 56%|█████▌    | 28/50 [00:08<00:02, 10.44it/s]
 60%|██████    | 30/50 [00:08<00:01, 10.51it/s]
 64%|██████▍   | 32/50 [00:09<00:01, 10.58it/s]
 68%|██████▊   | 34/50 [00:09<00:01, 10.64it/s]
 72%|███████▏  | 36/50 [00:09<00:01, 10.66it/s]
 76%|███████▌  | 38/50 [00:09<00:01, 10.69it/s]
 80%|████████  | 40/50 [00:09<00:00, 10.70it/s]
 84%|████████▍ | 42/50 [00:10<00:00, 10.72it/s]
 88%|████████▊ | 44/50 [00:10<00:00, 10.72it/s]
 92%|█████████▏| 46/50 [00:10<00:00, 10.73it/s]
 96%|█████████▌| 48/50 [00:10<00:00, 10.73it/s]
100%|██████████| 50/50 [00:16<00:00,  1.03it/s]
100%|██████████| 50/50 [00:16<00:00,  3.00it/s]
[I 2023-12-11 23:01:32,820] Trial 362 finished with value: 0.43396405819149947 and parameters: {'EMBEDDING_DIM': 64, 'HIDDEN_DIM': 801, 'NUM_LAYERS': 1, 'DROPOUT': 0.25932828837348704, 'LR': 0.008814052280830967, 'WEIGHT_0': 0.8066446405953607, 'WEIGHT_1': 0.25567276317281734, 'WEIGHT_2': 0.21502460655464656, 'WEIGHT_3': 0.02878457618040084, 'WEIGHT_4': 0.6150153651839014, 'WEIGHT_5': 0.5123475334781581, 'WEIGHT_6': 0.5746959575738954, 'WEIGHT_7': 0.7683872701517392, 'WEIGHT_8': 0.6980222986828057}. Best is trial 282 with value: 0.45463128081401455.
{'EMBEDDING_DIM': 64, 'HIDDEN_DIM': 801, 'NUM_LAYERS': 1, 'DROPOUT': 0.25932828837348704, 'LR': 0.008814052280830967, 'WEIGHT_0': 0.8066446405953607, 'WEIGHT_1': 0.25567276317281734, 'WEIGHT_2': 0.21502460655464656, 'WEIGHT_3': 0.02878457618040084, 'WEIGHT_4': 0.6150153651839014, 'WEIGHT_5': 0.5123475334781581, 'WEIGHT_6': 0.5746959575738954, 'WEIGHT_7': 0.7683872701517392, 'WEIGHT_8': 0.6980222986828057}
0
              precision    recall  f1-score   support

         LOC       0.00      0.00      0.00      1837
        MISC       0.00      0.00      0.00       922
         ORG       0.00      0.00      0.00      1341
         PER       0.00      0.00      0.00      1842

   micro avg       0.00      0.00      0.00      5942
   macro avg       0.00      0.00      0.00      5942
weighted avg       0.00      0.00      0.00      5942

{'EMBEDDING_DIM': 64, 'HIDDEN_DIM': 801, 'NUM_LAYERS': 1, 'DROPOUT': 0.25932828837348704, 'LR': 0.008814052280830967, 'WEIGHT_0': 0.8066446405953607, 'WEIGHT_1': 0.25567276317281734, 'WEIGHT_2': 0.21502460655464656, 'WEIGHT_3': 0.02878457618040084, 'WEIGHT_4': 0.6150153651839014, 'WEIGHT_5': 0.5123475334781581, 'WEIGHT_6': 0.5746959575738954, 'WEIGHT_7': 0.7683872701517392, 'WEIGHT_8': 0.6980222986828057}
49
              precision    recall  f1-score   support

         LOC       0.78      0.58      0.66      1837
        MISC       0.50      0.46      0.48       922
         ORG       0.29      0.23      0.26      1341
         PER       0.37      0.27      0.31      1842

   micro avg       0.50      0.38      0.43      5942
   macro avg       0.49      0.38      0.43      5942
weighted avg       0.50      0.38      0.43      5942

epoch 49
Transformer

  0%|          | 0/50 [00:00<?, ?it/s]
  2%|▏         | 1/50 [00:06<04:55,  6.04s/it]
  4%|▍         | 2/50 [00:06<02:04,  2.59s/it]
  6%|▌         | 3/50 [00:06<01:09,  1.48s/it]
  8%|▊         | 4/50 [00:06<00:44,  1.04it/s]
 10%|█         | 5/50 [00:06<00:30,  1.48it/s]
 12%|█▏        | 6/50 [00:06<00:22,  1.99it/s]
 14%|█▍        | 7/50 [00:07<00:16,  2.56it/s]
 16%|█▌        | 8/50 [00:07<00:13,  3.15it/s]
 18%|█▊        | 9/50 [00:07<00:11,  3.72it/s]
 20%|██        | 10/50 [00:07<00:09,  4.24it/s]
 22%|██▏       | 11/50 [00:07<00:08,  4.70it/s]
 24%|██▍       | 12/50 [00:07<00:07,  5.07it/s]
 26%|██▌       | 13/50 [00:08<00:06,  5.37it/s]
 28%|██▊       | 14/50 [00:08<00:06,  5.60it/s]
 30%|███       | 15/50 [00:08<00:06,  5.77it/s]
 32%|███▏      | 16/50 [00:08<00:05,  5.89it/s]
 34%|███▍      | 17/50 [00:08<00:05,  5.98it/s]
 36%|███▌      | 18/50 [00:08<00:05,  6.04it/s]
 38%|███▊      | 19/50 [00:08<00:05,  6.09it/s]
 40%|████      | 20/50 [00:09<00:04,  6.12it/s]
 42%|████▏     | 21/50 [00:09<00:04,  6.14it/s]
 44%|████▍     | 22/50 [00:09<00:04,  6.17it/s]
 46%|████▌     | 23/50 [00:09<00:04,  6.18it/s]
 48%|████▊     | 24/50 [00:09<00:04,  6.19it/s]
 50%|█████     | 25/50 [00:09<00:04,  6.18it/s]
 52%|█████▏    | 26/50 [00:10<00:03,  6.19it/s]
 54%|█████▍    | 27/50 [00:10<00:03,  6.20it/s]
 56%|█████▌    | 28/50 [00:10<00:03,  6.20it/s]
 58%|█████▊    | 29/50 [00:10<00:03,  6.20it/s]
 60%|██████    | 30/50 [00:10<00:03,  6.21it/s]
 62%|██████▏   | 31/50 [00:10<00:03,  6.21it/s]
 64%|██████▍   | 32/50 [00:11<00:02,  6.20it/s]
 66%|██████▌   | 33/50 [00:11<00:02,  6.20it/s]
 68%|██████▊   | 34/50 [00:11<00:02,  6.19it/s]
 70%|███████   | 35/50 [00:11<00:02,  6.20it/s]
 72%|███████▏  | 36/50 [00:11<00:02,  6.20it/s]
 74%|███████▍  | 37/50 [00:11<00:02,  6.20it/s]
 76%|███████▌  | 38/50 [00:12<00:01,  6.20it/s]
 78%|███████▊  | 39/50 [00:12<00:01,  6.20it/s]
 80%|████████  | 40/50 [00:12<00:01,  6.21it/s]
 82%|████████▏ | 41/50 [00:12<00:01,  5.82it/s]
 84%|████████▍ | 42/50 [00:12<00:01,  5.90it/s]
 86%|████████▌ | 43/50 [00:12<00:01,  5.94it/s]
 88%|████████▊ | 44/50 [00:13<00:00,  6.00it/s]
 90%|█████████ | 45/50 [00:13<00:00,  6.04it/s]
 92%|█████████▏| 46/50 [00:13<00:00,  6.06it/s]
 94%|█████████▍| 47/50 [00:13<00:00,  6.08it/s]
 96%|█████████▌| 48/50 [00:13<00:00,  6.09it/s]
 98%|█████████▊| 49/50 [00:13<00:00,  6.10it/s]
100%|██████████| 50/50 [00:19<00:00,  1.89s/it]
100%|██████████| 50/50 [00:19<00:00,  2.53it/s]
[I 2023-12-11 23:01:58,200] Trial 363 finished with value: 0.3761999809904001 and parameters: {'EMBEDDING_DIM': 32, 'HIDDEN_DIM': 3845, 'NUM_LAYERS': 1, 'DROPOUT': 0.26711310626605894, 'LR': 0.009082121197013076, 'WEIGHT_0': 0.822760478944883, 'WEIGHT_1': 0.43554056522694146, 'WEIGHT_2': 0.17966917761687795, 'WEIGHT_3': 0.021286574319925942, 'WEIGHT_4': 0.5873261564641044, 'WEIGHT_5': 0.4799397420293071, 'WEIGHT_6': 0.42207019379301325, 'WEIGHT_7': 0.6988348833016622, 'WEIGHT_8': 0.7646466107727081}. Best is trial 282 with value: 0.45463128081401455.
{'EMBEDDING_DIM': 32, 'HIDDEN_DIM': 3845, 'NUM_LAYERS': 1, 'DROPOUT': 0.26711310626605894, 'LR': 0.009082121197013076, 'WEIGHT_0': 0.822760478944883, 'WEIGHT_1': 0.43554056522694146, 'WEIGHT_2': 0.17966917761687795, 'WEIGHT_3': 0.021286574319925942, 'WEIGHT_4': 0.5873261564641044, 'WEIGHT_5': 0.4799397420293071, 'WEIGHT_6': 0.42207019379301325, 'WEIGHT_7': 0.6988348833016622, 'WEIGHT_8': 0.7646466107727081}
0
              precision    recall  f1-score   support

         LOC       0.00      0.00      0.00      1837
        MISC       0.00      0.00      0.00       922
         ORG       0.00      0.00      0.00      1341
         PER       0.00      0.00      0.00      1842

   micro avg       0.00      0.00      0.00      5942
   macro avg       0.00      0.00      0.00      5942
weighted avg       0.00      0.00      0.00      5942

{'EMBEDDING_DIM': 32, 'HIDDEN_DIM': 3845, 'NUM_LAYERS': 1, 'DROPOUT': 0.26711310626605894, 'LR': 0.009082121197013076, 'WEIGHT_0': 0.822760478944883, 'WEIGHT_1': 0.43554056522694146, 'WEIGHT_2': 0.17966917761687795, 'WEIGHT_3': 0.021286574319925942, 'WEIGHT_4': 0.5873261564641044, 'WEIGHT_5': 0.4799397420293071, 'WEIGHT_6': 0.42207019379301325, 'WEIGHT_7': 0.6988348833016622, 'WEIGHT_8': 0.7646466107727081}
49
              precision    recall  f1-score   support

         LOC       0.59      0.57      0.58      1837
        MISC       0.51      0.45      0.48       922
         ORG       0.29      0.23      0.26      1341
         PER       0.22      0.11      0.15      1842

   micro avg       0.43      0.33      0.38      5942
   macro avg       0.40      0.34      0.37      5942
weighted avg       0.40      0.33      0.36      5942

epoch 49
Transformer

  0%|          | 0/50 [00:00<?, ?it/s]
  2%|▏         | 1/50 [00:06<04:54,  6.01s/it]
  6%|▌         | 3/50 [00:06<01:16,  1.63s/it]
 10%|█         | 5/50 [00:06<00:37,  1.20it/s]
 14%|█▍        | 7/50 [00:06<00:22,  1.92it/s]
 18%|█▊        | 9/50 [00:06<00:14,  2.76it/s]
 20%|██        | 10/50 [00:06<00:12,  3.26it/s]
 22%|██▏       | 11/50 [00:06<00:10,  3.83it/s]
 24%|██▍       | 12/50 [00:07<00:08,  4.42it/s]
 26%|██▌       | 13/50 [00:07<00:07,  5.10it/s]
 30%|███       | 15/50 [00:07<00:05,  6.72it/s]
 34%|███▍      | 17/50 [00:07<00:04,  7.97it/s]
 38%|███▊      | 19/50 [00:07<00:03,  8.92it/s]
 42%|████▏     | 21/50 [00:07<00:03,  9.63it/s]
 46%|████▌     | 23/50 [00:08<00:02, 10.15it/s]
 50%|█████     | 25/50 [00:08<00:02, 10.54it/s]
 54%|█████▍    | 27/50 [00:08<00:02, 10.80it/s]
 58%|█████▊    | 29/50 [00:08<00:01, 10.99it/s]
 62%|██████▏   | 31/50 [00:08<00:01, 11.11it/s]
 66%|██████▌   | 33/50 [00:08<00:01, 11.20it/s]
 70%|███████   | 35/50 [00:09<00:01, 11.26it/s]
 74%|███████▍  | 37/50 [00:09<00:01, 11.32it/s]
 78%|███████▊  | 39/50 [00:09<00:00, 11.35it/s]
 82%|████████▏ | 41/50 [00:09<00:00, 11.37it/s]
 86%|████████▌ | 43/50 [00:09<00:00, 11.38it/s]
 90%|█████████ | 45/50 [00:09<00:00, 11.40it/s]
 94%|█████████▍| 47/50 [00:10<00:00, 11.42it/s]
 98%|█████████▊| 49/50 [00:10<00:00, 11.42it/s]
100%|██████████| 50/50 [00:16<00:00,  3.10it/s]
