[I 2023-12-11 22:54:15,348] Trial 349 finished with value: 0.43931962850881767 and parameters: {'EMBEDDING_DIM': 32, 'HIDDEN_DIM': 468, 'NUM_LAYERS': 1, 'DROPOUT': 0.20431606056351548, 'LR': 0.0060397727617763405, 'WEIGHT_0': 0.9994343786120248, 'WEIGHT_1': 0.11599026261376942, 'WEIGHT_2': 0.2534037945251086, 'WEIGHT_3': 0.4261326977156592, 'WEIGHT_4': 0.5846186847831224, 'WEIGHT_5': 0.37487452549974803, 'WEIGHT_6': 0.7827669374404752, 'WEIGHT_7': 0.5588909161672334, 'WEIGHT_8': 0.8521772098382021}. Best is trial 282 with value: 0.45463128081401455.
{'EMBEDDING_DIM': 32, 'HIDDEN_DIM': 468, 'NUM_LAYERS': 1, 'DROPOUT': 0.20431606056351548, 'LR': 0.0060397727617763405, 'WEIGHT_0': 0.9994343786120248, 'WEIGHT_1': 0.11599026261376942, 'WEIGHT_2': 0.2534037945251086, 'WEIGHT_3': 0.4261326977156592, 'WEIGHT_4': 0.5846186847831224, 'WEIGHT_5': 0.37487452549974803, 'WEIGHT_6': 0.7827669374404752, 'WEIGHT_7': 0.5588909161672334, 'WEIGHT_8': 0.8521772098382021}
0
              precision    recall  f1-score   support

         LOC       0.00      0.00      0.00      1837
        MISC       0.00      0.00      0.00       922
         ORG       0.00      0.00      0.00      1341
         PER       0.00      0.00      0.00      1842

   micro avg       0.00      0.00      0.00      5942
   macro avg       0.00      0.00      0.00      5942
weighted avg       0.00      0.00      0.00      5942

{'EMBEDDING_DIM': 32, 'HIDDEN_DIM': 468, 'NUM_LAYERS': 1, 'DROPOUT': 0.20431606056351548, 'LR': 0.0060397727617763405, 'WEIGHT_0': 0.9994343786120248, 'WEIGHT_1': 0.11599026261376942, 'WEIGHT_2': 0.2534037945251086, 'WEIGHT_3': 0.4261326977156592, 'WEIGHT_4': 0.5846186847831224, 'WEIGHT_5': 0.37487452549974803, 'WEIGHT_6': 0.7827669374404752, 'WEIGHT_7': 0.5588909161672334, 'WEIGHT_8': 0.8521772098382021}
49
              precision    recall  f1-score   support

         LOC       0.76      0.58      0.66      1837
        MISC       0.63      0.48      0.55       922
         ORG       0.40      0.20      0.26      1341
         PER       0.37      0.18      0.24      1842

   micro avg       0.58      0.35      0.44      5942
   macro avg       0.54      0.36      0.43      5942
weighted avg       0.54      0.35      0.42      5942

epoch 49
Transformer

  0%|          | 0/50 [00:00<?, ?it/s]
  2%|▏         | 1/50 [00:05<04:49,  5.90s/it]
  6%|▌         | 3/50 [00:06<01:15,  1.60s/it]
 10%|█         | 5/50 [00:06<00:37,  1.21it/s]
 14%|█▍        | 7/50 [00:06<00:22,  1.94it/s]
 18%|█▊        | 9/50 [00:06<00:14,  2.79it/s]
 20%|██        | 10/50 [00:06<00:12,  3.29it/s]
 22%|██▏       | 11/50 [00:06<00:10,  3.84it/s]
 24%|██▍       | 12/50 [00:07<00:08,  4.39it/s]
 26%|██▌       | 13/50 [00:07<00:07,  4.94it/s]
 28%|██▊       | 14/50 [00:07<00:06,  5.58it/s]
 30%|███       | 15/50 [00:07<00:05,  6.19it/s]
 32%|███▏      | 16/50 [00:07<00:05,  6.73it/s]
 34%|███▍      | 17/50 [00:07<00:04,  7.18it/s]
 36%|███▌      | 18/50 [00:07<00:04,  7.54it/s]
 38%|███▊      | 19/50 [00:07<00:03,  8.10it/s]
 42%|████▏     | 21/50 [00:07<00:03,  9.38it/s]
 46%|████▌     | 23/50 [00:08<00:02, 10.12it/s]
 50%|█████     | 25/50 [00:08<00:02, 10.53it/s]
 54%|█████▍    | 27/50 [00:08<00:02, 10.83it/s]
 58%|█████▊    | 29/50 [00:08<00:01, 11.02it/s]
 62%|██████▏   | 31/50 [00:08<00:01, 11.12it/s]
 66%|██████▌   | 33/50 [00:09<00:01, 11.21it/s]
 70%|███████   | 35/50 [00:09<00:01, 11.26it/s]
 74%|███████▍  | 37/50 [00:09<00:01, 11.29it/s]
 78%|███████▊  | 39/50 [00:09<00:00, 11.32it/s]
 82%|████████▏ | 41/50 [00:09<00:00, 11.34it/s]
 86%|████████▌ | 43/50 [00:09<00:00, 11.35it/s]
 90%|█████████ | 45/50 [00:10<00:00, 11.36it/s]
 94%|█████████▍| 47/50 [00:10<00:00, 11.36it/s]
 98%|█████████▊| 49/50 [00:10<00:00, 11.36it/s]
100%|██████████| 50/50 [00:16<00:00,  3.06it/s]
[I 2023-12-11 22:54:37,253] Trial 350 finished with value: 0.4278728606356968 and parameters: {'EMBEDDING_DIM': 32, 'HIDDEN_DIM': 630, 'NUM_LAYERS': 1, 'DROPOUT': 0.26946724300423147, 'LR': 0.00691446776671937, 'WEIGHT_0': 0.9374013322758024, 'WEIGHT_1': 0.4513149553310162, 'WEIGHT_2': 0.21364412924599352, 'WEIGHT_3': 0.3554237812634306, 'WEIGHT_4': 0.8223690182973712, 'WEIGHT_5': 0.4083104995726446, 'WEIGHT_6': 0.42986561058314143, 'WEIGHT_7': 0.613264177605155, 'WEIGHT_8': 0.7974806998339359}. Best is trial 282 with value: 0.45463128081401455.
{'EMBEDDING_DIM': 32, 'HIDDEN_DIM': 630, 'NUM_LAYERS': 1, 'DROPOUT': 0.26946724300423147, 'LR': 0.00691446776671937, 'WEIGHT_0': 0.9374013322758024, 'WEIGHT_1': 0.4513149553310162, 'WEIGHT_2': 0.21364412924599352, 'WEIGHT_3': 0.3554237812634306, 'WEIGHT_4': 0.8223690182973712, 'WEIGHT_5': 0.4083104995726446, 'WEIGHT_6': 0.42986561058314143, 'WEIGHT_7': 0.613264177605155, 'WEIGHT_8': 0.7974806998339359}
0
              precision    recall  f1-score   support

         LOC       0.00      0.00      0.00      1837
        MISC       0.00      0.00      0.00       922
         ORG       0.00      0.00      0.00      1341
         PER       0.00      0.00      0.00      1842

   micro avg       0.00      0.00      0.00      5942
   macro avg       0.00      0.00      0.00      5942
weighted avg       0.00      0.00      0.00      5942

{'EMBEDDING_DIM': 32, 'HIDDEN_DIM': 630, 'NUM_LAYERS': 1, 'DROPOUT': 0.26946724300423147, 'LR': 0.00691446776671937, 'WEIGHT_0': 0.9374013322758024, 'WEIGHT_1': 0.4513149553310162, 'WEIGHT_2': 0.21364412924599352, 'WEIGHT_3': 0.3554237812634306, 'WEIGHT_4': 0.8223690182973712, 'WEIGHT_5': 0.4083104995726446, 'WEIGHT_6': 0.42986561058314143, 'WEIGHT_7': 0.613264177605155, 'WEIGHT_8': 0.7974806998339359}
49
              precision    recall  f1-score   support

         LOC       0.78      0.58      0.66      1837
        MISC       0.63      0.45      0.53       922
         ORG       0.35      0.22      0.27      1341
         PER       0.32      0.18      0.23      1842

   micro avg       0.54      0.35      0.43      5942
   macro avg       0.52      0.36      0.42      5942
weighted avg       0.52      0.35      0.42      5942

epoch 49
Transformer

  0%|          | 0/50 [00:00<?, ?it/s]
  2%|▏         | 1/50 [00:05<04:49,  5.90s/it]
  4%|▍         | 2/50 [00:06<01:59,  2.49s/it]
  8%|▊         | 4/50 [00:06<00:45,  1.01it/s]
 12%|█▏        | 6/50 [00:06<00:24,  1.78it/s]
 16%|█▌        | 8/50 [00:06<00:15,  2.68it/s]
 18%|█▊        | 9/50 [00:06<00:13,  3.13it/s]
 20%|██        | 10/50 [00:06<00:10,  3.73it/s]
 22%|██▏       | 11/50 [00:06<00:08,  4.42it/s]
 24%|██▍       | 12/50 [00:07<00:07,  5.17it/s]
 26%|██▌       | 13/50 [00:07<00:06,  5.91it/s]
 28%|██▊       | 14/50 [00:07<00:05,  6.52it/s]
 30%|███       | 15/50 [00:07<00:04,  7.03it/s]
 32%|███▏      | 16/50 [00:07<00:04,  7.45it/s]
 34%|███▍      | 17/50 [00:07<00:04,  7.79it/s]
 38%|███▊      | 19/50 [00:07<00:03,  9.00it/s]
 42%|████▏     | 21/50 [00:07<00:02,  9.87it/s]
 46%|████▌     | 23/50 [00:08<00:02, 10.39it/s]
 50%|█████     | 25/50 [00:08<00:02, 10.74it/s]
 54%|█████▍    | 27/50 [00:08<00:02, 10.99it/s]
 58%|█████▊    | 29/50 [00:08<00:01, 11.14it/s]
 62%|██████▏   | 31/50 [00:08<00:01, 11.26it/s]
 66%|██████▌   | 33/50 [00:08<00:01, 11.35it/s]
 70%|███████   | 35/50 [00:09<00:01, 11.38it/s]
 74%|███████▍  | 37/50 [00:09<00:01, 11.44it/s]
 78%|███████▊  | 39/50 [00:09<00:00, 11.47it/s]
 82%|████████▏ | 41/50 [00:09<00:00, 11.47it/s]
 86%|████████▌ | 43/50 [00:09<00:00, 11.49it/s]
 90%|█████████ | 45/50 [00:10<00:00, 11.49it/s]
 94%|█████████▍| 47/50 [00:10<00:00, 11.48it/s]
 98%|█████████▊| 49/50 [00:10<00:00, 11.49it/s]
100%|██████████| 50/50 [00:16<00:00,  3.10it/s]
[I 2023-12-11 22:54:58,884] Trial 351 finished with value: 0.405364525562166 and parameters: {'EMBEDDING_DIM': 32, 'HIDDEN_DIM': 760, 'NUM_LAYERS': 1, 'DROPOUT': 0.18224379917001599, 'LR': 0.00736813206746299, 'WEIGHT_0': 0.9645895132023514, 'WEIGHT_1': 0.46325901224825916, 'WEIGHT_2': 0.9513840048689989, 'WEIGHT_3': 0.3017169821633881, 'WEIGHT_4': 0.49978748277765966, 'WEIGHT_5': 0.4709162863881551, 'WEIGHT_6': 0.9981118105979675, 'WEIGHT_7': 0.735777670865461, 'WEIGHT_8': 0.013635954577555287}. Best is trial 282 with value: 0.45463128081401455.
{'EMBEDDING_DIM': 32, 'HIDDEN_DIM': 760, 'NUM_LAYERS': 1, 'DROPOUT': 0.18224379917001599, 'LR': 0.00736813206746299, 'WEIGHT_0': 0.9645895132023514, 'WEIGHT_1': 0.46325901224825916, 'WEIGHT_2': 0.9513840048689989, 'WEIGHT_3': 0.3017169821633881, 'WEIGHT_4': 0.49978748277765966, 'WEIGHT_5': 0.4709162863881551, 'WEIGHT_6': 0.9981118105979675, 'WEIGHT_7': 0.735777670865461, 'WEIGHT_8': 0.013635954577555287}
0
              precision    recall  f1-score   support

         LOC       0.00      0.00      0.00      1837
        MISC       0.00      0.00      0.00       922
         ORG       0.00      0.00      0.00      1341
         PER       0.00      0.00      0.00      1842

   micro avg       0.00      0.00      0.00      5942
   macro avg       0.00      0.00      0.00      5942
weighted avg       0.00      0.00      0.00      5942

{'EMBEDDING_DIM': 32, 'HIDDEN_DIM': 760, 'NUM_LAYERS': 1, 'DROPOUT': 0.18224379917001599, 'LR': 0.00736813206746299, 'WEIGHT_0': 0.9645895132023514, 'WEIGHT_1': 0.46325901224825916, 'WEIGHT_2': 0.9513840048689989, 'WEIGHT_3': 0.3017169821633881, 'WEIGHT_4': 0.49978748277765966, 'WEIGHT_5': 0.4709162863881551, 'WEIGHT_6': 0.9981118105979675, 'WEIGHT_7': 0.735777670865461, 'WEIGHT_8': 0.013635954577555287}
49
              precision    recall  f1-score   support

         LOC       0.76      0.51      0.61      1837
        MISC       0.57      0.50      0.53       922
         ORG       0.30      0.23      0.26      1341
         PER       0.35      0.17      0.22      1842

   micro avg       0.51      0.34      0.41      5942
   macro avg       0.49      0.35      0.41      5942
weighted avg       0.50      0.34      0.40      5942

epoch 49
Transformer

  0%|          | 0/50 [00:00<?, ?it/s]
  2%|▏         | 1/50 [00:08<06:41,  8.18s/it]
  4%|▍         | 2/50 [00:10<03:45,  4.70s/it]
  6%|▌         | 3/50 [00:12<02:49,  3.61s/it]
  8%|▊         | 4/50 [00:15<02:22,  3.10s/it]
 10%|█         | 5/50 [00:17<02:06,  2.82s/it]
 12%|█▏        | 6/50 [00:19<01:56,  2.65s/it]
 14%|█▍        | 7/50 [00:22<01:49,  2.55s/it]
 16%|█▌        | 8/50 [00:24<01:44,  2.48s/it]
 18%|█▊        | 9/50 [00:26<01:39,  2.44s/it]
 20%|██        | 10/50 [00:29<01:36,  2.41s/it]
 22%|██▏       | 11/50 [00:31<01:33,  2.39s/it]
 24%|██▍       | 12/50 [00:33<01:30,  2.37s/it]
 26%|██▌       | 13/50 [00:36<01:27,  2.37s/it]
 28%|██▊       | 14/50 [00:38<01:25,  2.36s/it]
 30%|███       | 15/50 [00:40<01:22,  2.36s/it]
 32%|███▏      | 16/50 [00:43<01:20,  2.36s/it]
 34%|███▍      | 17/50 [00:45<01:17,  2.36s/it]
 36%|███▌      | 18/50 [00:47<01:15,  2.36s/it]
 38%|███▊      | 19/50 [00:50<01:13,  2.36s/it]
 40%|████      | 20/50 [00:52<01:10,  2.37s/it]
 42%|████▏     | 21/50 [00:55<01:08,  2.37s/it]
 44%|████▍     | 22/50 [00:57<01:06,  2.37s/it]
 46%|████▌     | 23/50 [00:59<01:04,  2.38s/it]
 48%|████▊     | 24/50 [01:02<01:01,  2.38s/it]
 50%|█████     | 25/50 [01:04<00:59,  2.39s/it]
 52%|█████▏    | 26/50 [01:06<00:57,  2.40s/it]
 54%|█████▍    | 27/50 [01:09<00:55,  2.40s/it]
 56%|█████▌    | 28/50 [01:11<00:53,  2.41s/it]
 58%|█████▊    | 29/50 [01:14<00:50,  2.41s/it]
 60%|██████    | 30/50 [01:16<00:48,  2.42s/it]
 62%|██████▏   | 31/50 [01:19<00:46,  2.42s/it]
 64%|██████▍   | 32/50 [01:21<00:43,  2.43s/it]
 66%|██████▌   | 33/50 [01:23<00:41,  2.43s/it]
 68%|██████▊   | 34/50 [01:26<00:38,  2.43s/it]
 70%|███████   | 35/50 [01:28<00:36,  2.43s/it]
 72%|███████▏  | 36/50 [01:31<00:33,  2.43s/it]
 74%|███████▍  | 37/50 [01:33<00:31,  2.43s/it]
 76%|███████▌  | 38/50 [01:36<00:29,  2.43s/it]
 78%|███████▊  | 39/50 [01:38<00:26,  2.43s/it]
 80%|████████  | 40/50 [01:40<00:24,  2.43s/it]
 82%|████████▏ | 41/50 [01:43<00:21,  2.43s/it]
 84%|████████▍ | 42/50 [01:45<00:19,  2.43s/it]
 86%|████████▌ | 43/50 [01:48<00:16,  2.43s/it]
 88%|████████▊ | 44/50 [01:50<00:14,  2.43s/it]
 90%|█████████ | 45/50 [01:53<00:12,  2.43s/it]
 92%|█████████▏| 46/50 [01:55<00:09,  2.43s/it]
 94%|█████████▍| 47/50 [01:57<00:07,  2.43s/it]
 96%|█████████▌| 48/50 [02:00<00:04,  2.42s/it]
 98%|█████████▊| 49/50 [02:02<00:02,  2.42s/it]
100%|██████████| 50/50 [02:11<00:00,  4.21s/it]
100%|██████████| 50/50 [02:11<00:00,  2.62s/it]
[I 2023-12-11 22:57:16,744] Trial 352 finished with value: 0.006466784244562022 and parameters: {'EMBEDDING_DIM': 2048, 'HIDDEN_DIM': 549, 'NUM_LAYERS': 1, 'DROPOUT': 0.07414053591700605, 'LR': 0.005807861648824391, 'WEIGHT_0': 0.5205978089413517, 'WEIGHT_1': 0.0606076753774655, 'WEIGHT_2': 0.2529089452885377, 'WEIGHT_3': 0.4948798728503044, 'WEIGHT_4': 0.5415948966308258, 'WEIGHT_5': 0.13332272153846014, 'WEIGHT_6': 0.36914893222153344, 'WEIGHT_7': 0.657847853884977, 'WEIGHT_8': 0.8714689519719065}. Best is trial 282 with value: 0.45463128081401455.
{'EMBEDDING_DIM': 2048, 'HIDDEN_DIM': 549, 'NUM_LAYERS': 1, 'DROPOUT': 0.07414053591700605, 'LR': 0.005807861648824391, 'WEIGHT_0': 0.5205978089413517, 'WEIGHT_1': 0.0606076753774655, 'WEIGHT_2': 0.2529089452885377, 'WEIGHT_3': 0.4948798728503044, 'WEIGHT_4': 0.5415948966308258, 'WEIGHT_5': 0.13332272153846014, 'WEIGHT_6': 0.36914893222153344, 'WEIGHT_7': 0.657847853884977, 'WEIGHT_8': 0.8714689519719065}
0
              precision    recall  f1-score   support

         LOC       0.00      0.00      0.00      1837
        MISC       0.00      0.00      0.00       922
         ORG       0.00      0.00      0.00      1341
         PER       0.00      0.00      0.00      1842

   micro avg       0.00      0.00      0.00      5942
   macro avg       0.00      0.00      0.00      5942
weighted avg       0.00      0.00      0.00      5942

{'EMBEDDING_DIM': 2048, 'HIDDEN_DIM': 549, 'NUM_LAYERS': 1, 'DROPOUT': 0.07414053591700605, 'LR': 0.005807861648824391, 'WEIGHT_0': 0.5205978089413517, 'WEIGHT_1': 0.0606076753774655, 'WEIGHT_2': 0.2529089452885377, 'WEIGHT_3': 0.4948798728503044, 'WEIGHT_4': 0.5415948966308258, 'WEIGHT_5': 0.13332272153846014, 'WEIGHT_6': 0.36914893222153344, 'WEIGHT_7': 0.657847853884977, 'WEIGHT_8': 0.8714689519719065}
49
              precision    recall  f1-score   support

         LOC       0.00      0.00      0.00      1837
        MISC       0.00      0.00      0.00       922
         ORG       0.00      0.00      0.00      1341
         PER       0.03      0.01      0.02      1842

   micro avg       0.03      0.00      0.01      5942
   macro avg       0.01      0.00      0.00      5942
weighted avg       0.01      0.00      0.01      5942

epoch 49
Transformer

  0%|          | 0/50 [00:00<?, ?it/s]
  2%|▏         | 1/50 [00:06<05:01,  6.16s/it]
  4%|▍         | 2/50 [00:06<02:07,  2.66s/it]
  6%|▌         | 3/50 [00:06<01:11,  1.53s/it]
  8%|▊         | 4/50 [00:06<00:46,  1.01s/it]
 10%|█         | 5/50 [00:06<00:32,  1.39it/s]
 12%|█▏        | 6/50 [00:07<00:23,  1.84it/s]
 14%|█▍        | 7/50 [00:07<00:18,  2.35it/s]
 16%|█▌        | 8/50 [00:07<00:14,  2.87it/s]
 18%|█▊        | 9/50 [00:07<00:12,  3.37it/s]
 20%|██        | 10/50 [00:07<00:10,  3.82it/s]
 22%|██▏       | 11/50 [00:08<00:09,  4.20it/s]
 24%|██▍       | 12/50 [00:08<00:08,  4.51it/s]
 26%|██▌       | 13/50 [00:08<00:07,  4.76it/s]
 28%|██▊       | 14/50 [00:08<00:07,  4.95it/s]
 30%|███       | 15/50 [00:08<00:06,  5.09it/s]
 32%|███▏      | 16/50 [00:09<00:06,  5.18it/s]
 34%|███▍      | 17/50 [00:09<00:06,  5.25it/s]
 36%|███▌      | 18/50 [00:09<00:06,  5.31it/s]
 38%|███▊      | 19/50 [00:09<00:05,  5.35it/s]
 40%|████      | 20/50 [00:09<00:05,  5.37it/s]
 42%|████▏     | 21/50 [00:09<00:05,  5.39it/s]
 44%|████▍     | 22/50 [00:10<00:05,  5.40it/s]
 46%|████▌     | 23/50 [00:10<00:04,  5.41it/s]
 48%|████▊     | 24/50 [00:10<00:04,  5.42it/s]
 50%|█████     | 25/50 [00:10<00:04,  5.42it/s]
 52%|█████▏    | 26/50 [00:10<00:04,  5.43it/s]
 54%|█████▍    | 27/50 [00:11<00:04,  5.43it/s]
 56%|█████▌    | 28/50 [00:11<00:04,  5.43it/s]
 58%|█████▊    | 29/50 [00:11<00:03,  5.43it/s]
 60%|██████    | 30/50 [00:11<00:03,  5.43it/s]
 62%|██████▏   | 31/50 [00:11<00:03,  5.44it/s]
 64%|██████▍   | 32/50 [00:11<00:03,  5.43it/s]
 66%|██████▌   | 33/50 [00:12<00:03,  5.43it/s]
 68%|██████▊   | 34/50 [00:12<00:02,  5.43it/s]
 70%|███████   | 35/50 [00:12<00:02,  5.43it/s]
 72%|███████▏  | 36/50 [00:12<00:02,  5.44it/s]
 74%|███████▍  | 37/50 [00:12<00:02,  5.43it/s]
 76%|███████▌  | 38/50 [00:13<00:02,  5.43it/s]
 78%|███████▊  | 39/50 [00:13<00:02,  5.44it/s]
 80%|████████  | 40/50 [00:13<00:01,  5.44it/s]
 82%|████████▏ | 41/50 [00:13<00:01,  5.43it/s]
 84%|████████▍ | 42/50 [00:13<00:01,  5.43it/s]
 86%|████████▌ | 43/50 [00:13<00:01,  5.43it/s]
 88%|████████▊ | 44/50 [00:14<00:01,  5.43it/s]
 90%|█████████ | 45/50 [00:14<00:00,  5.43it/s]
 92%|█████████▏| 46/50 [00:14<00:00,  5.43it/s]
 94%|█████████▍| 47/50 [00:14<00:00,  5.43it/s]
 96%|█████████▌| 48/50 [00:14<00:00,  5.43it/s]
 98%|█████████▊| 49/50 [00:15<00:00,  5.43it/s]
100%|██████████| 50/50 [00:21<00:00,  1.95s/it]
100%|██████████| 50/50 [00:21<00:00,  2.36it/s]
[I 2023-12-11 22:57:43,790] Trial 353 finished with value: 0.2672216780933725 and parameters: {'EMBEDDING_DIM': 256, 'HIDDEN_DIM': 668, 'NUM_LAYERS': 1, 'DROPOUT': 0.28795206286251435, 'LR': 0.006358901120630623, 'WEIGHT_0': 0.9078224975184721, 'WEIGHT_1': 0.09509822854146589, 'WEIGHT_2': 0.4647467453021935, 'WEIGHT_3': 0.3321075750915806, 'WEIGHT_4': 0.8938559548448977, 'WEIGHT_5': 0.43821583699117567, 'WEIGHT_6': 0.4410432101968096, 'WEIGHT_7': 0.6301308434830424, 'WEIGHT_8': 0.53830609870823}. Best is trial 282 with value: 0.45463128081401455.
{'EMBEDDING_DIM': 256, 'HIDDEN_DIM': 668, 'NUM_LAYERS': 1, 'DROPOUT': 0.28795206286251435, 'LR': 0.006358901120630623, 'WEIGHT_0': 0.9078224975184721, 'WEIGHT_1': 0.09509822854146589, 'WEIGHT_2': 0.4647467453021935, 'WEIGHT_3': 0.3321075750915806, 'WEIGHT_4': 0.8938559548448977, 'WEIGHT_5': 0.43821583699117567, 'WEIGHT_6': 0.4410432101968096, 'WEIGHT_7': 0.6301308434830424, 'WEIGHT_8': 0.53830609870823}
0
              precision    recall  f1-score   support

         LOC       0.00      0.00      0.00      1837
        MISC       0.00      0.00      0.00       922
         ORG       0.00      0.00      0.00      1341
         PER       0.00      0.00      0.00      1842

   micro avg       0.00      0.00      0.00      5942
   macro avg       0.00      0.00      0.00      5942
weighted avg       0.00      0.00      0.00      5942

{'EMBEDDING_DIM': 256, 'HIDDEN_DIM': 668, 'NUM_LAYERS': 1, 'DROPOUT': 0.28795206286251435, 'LR': 0.006358901120630623, 'WEIGHT_0': 0.9078224975184721, 'WEIGHT_1': 0.09509822854146589, 'WEIGHT_2': 0.4647467453021935, 'WEIGHT_3': 0.3321075750915806, 'WEIGHT_4': 0.8938559548448977, 'WEIGHT_5': 0.43821583699117567, 'WEIGHT_6': 0.4410432101968096, 'WEIGHT_7': 0.6301308434830424, 'WEIGHT_8': 0.53830609870823}
49
              precision    recall  f1-score   support

         LOC       0.48      0.49      0.49      1837
        MISC       0.24      0.20      0.22       922
         ORG       0.00      0.00      0.00      1341
         PER       0.15      0.30      0.20      1842

   micro avg       0.26      0.28      0.27      5942
   macro avg       0.22      0.25      0.23      5942
weighted avg       0.23      0.28      0.25      5942

epoch 49
Transformer

  0%|          | 0/50 [00:00<?, ?it/s]
  2%|▏         | 1/50 [00:06<04:54,  6.01s/it]
  4%|▍         | 2/50 [00:06<02:03,  2.57s/it]
  6%|▌         | 3/50 [00:06<01:09,  1.47s/it]
  8%|▊         | 4/50 [00:06<00:43,  1.05it/s]
 10%|█         | 5/50 [00:06<00:29,  1.51it/s]
 12%|█▏        | 6/50 [00:06<00:21,  2.05it/s]
 14%|█▍        | 7/50 [00:06<00:16,  2.65it/s]
 16%|█▌        | 8/50 [00:07<00:12,  3.28it/s]
 18%|█▊        | 9/50 [00:07<00:10,  3.90it/s]
 20%|██        | 10/50 [00:07<00:08,  4.47it/s]
 22%|██▏       | 11/50 [00:07<00:07,  4.97it/s]
 24%|██▍       | 12/50 [00:07<00:07,  5.38it/s]
 26%|██▌       | 13/50 [00:07<00:06,  5.71it/s]
 28%|██▊       | 14/50 [00:07<00:06,  5.97it/s]
 30%|███       | 15/50 [00:08<00:05,  6.16it/s]
 32%|███▏      | 16/50 [00:08<00:05,  6.30it/s]
 34%|███▍      | 17/50 [00:08<00:05,  6.40it/s]
 36%|███▌      | 18/50 [00:08<00:04,  6.47it/s]
 38%|███▊      | 19/50 [00:08<00:04,  6.52it/s]
 40%|████      | 20/50 [00:08<00:04,  6.56it/s]
 42%|████▏     | 21/50 [00:09<00:04,  6.59it/s]
 44%|████▍     | 22/50 [00:09<00:04,  6.61it/s]
 46%|████▌     | 23/50 [00:09<00:04,  6.62it/s]
 48%|████▊     | 24/50 [00:09<00:03,  6.63it/s]
 50%|█████     | 25/50 [00:09<00:03,  6.64it/s]
 52%|█████▏    | 26/50 [00:09<00:03,  6.64it/s]
 54%|█████▍    | 27/50 [00:09<00:03,  6.65it/s]
 56%|█████▌    | 28/50 [00:10<00:03,  6.65it/s]
 58%|█████▊    | 29/50 [00:10<00:03,  6.65it/s]
 60%|██████    | 30/50 [00:10<00:03,  6.65it/s]
 62%|██████▏   | 31/50 [00:10<00:02,  6.65it/s]
 64%|██████▍   | 32/50 [00:10<00:02,  6.66it/s]
 66%|██████▌   | 33/50 [00:10<00:02,  6.66it/s]
 68%|██████▊   | 34/50 [00:10<00:02,  6.65it/s]
 70%|███████   | 35/50 [00:11<00:02,  6.65it/s]
 72%|███████▏  | 36/50 [00:11<00:02,  6.65it/s]
 74%|███████▍  | 37/50 [00:11<00:01,  6.66it/s]
 76%|███████▌  | 38/50 [00:11<00:01,  6.66it/s]
 78%|███████▊  | 39/50 [00:11<00:01,  6.65it/s]
 80%|████████  | 40/50 [00:11<00:01,  6.65it/s]
 82%|████████▏ | 41/50 [00:12<00:01,  6.66it/s]
 84%|████████▍ | 42/50 [00:12<00:01,  6.66it/s]
 86%|████████▌ | 43/50 [00:12<00:01,  6.66it/s]
 88%|████████▊ | 44/50 [00:12<00:00,  6.65it/s]
 90%|█████████ | 45/50 [00:12<00:00,  6.66it/s]
 92%|█████████▏| 46/50 [00:12<00:00,  6.63it/s]
 94%|█████████▍| 47/50 [00:12<00:00,  6.63it/s]
 96%|█████████▌| 48/50 [00:13<00:00,  6.63it/s]
 98%|█████████▊| 49/50 [00:13<00:00,  6.63it/s]
100%|██████████| 50/50 [00:19<00:00,  1.95s/it]
100%|██████████| 50/50 [00:19<00:00,  2.58it/s]
