[I 2023-12-11 21:21:34,022] Trial 173 finished with value: 0.44279682833899703 and parameters: {'EMBEDDING_DIM': 32, 'HIDDEN_DIM': 109, 'NUM_LAYERS': 1, 'DROPOUT': 0.16070928186901556, 'LR': 0.007965206185874785, 'WEIGHT_0': 0.9143139004310145, 'WEIGHT_1': 0.06544040486422566, 'WEIGHT_2': 0.32633665540765466, 'WEIGHT_3': 0.2240996336169146, 'WEIGHT_4': 0.7305459164432218, 'WEIGHT_5': 0.3541679714994305, 'WEIGHT_6': 0.11124856688934687, 'WEIGHT_7': 0.9013789588282265, 'WEIGHT_8': 0.37144165563150844}. Best is trial 42 with value: 0.44962374581939796.
{'EMBEDDING_DIM': 32, 'HIDDEN_DIM': 109, 'NUM_LAYERS': 1, 'DROPOUT': 0.16070928186901556, 'LR': 0.007965206185874785, 'WEIGHT_0': 0.9143139004310145, 'WEIGHT_1': 0.06544040486422566, 'WEIGHT_2': 0.32633665540765466, 'WEIGHT_3': 0.2240996336169146, 'WEIGHT_4': 0.7305459164432218, 'WEIGHT_5': 0.3541679714994305, 'WEIGHT_6': 0.11124856688934687, 'WEIGHT_7': 0.9013789588282265, 'WEIGHT_8': 0.37144165563150844}
0
              precision    recall  f1-score   support

         LOC       0.00      0.00      0.00      1837
        MISC       0.00      0.00      0.00       922
         ORG       0.00      0.00      0.00      1341
         PER       0.00      0.00      0.00      1842

   micro avg       0.00      0.00      0.00      5942
   macro avg       0.00      0.00      0.00      5942
weighted avg       0.00      0.00      0.00      5942

{'EMBEDDING_DIM': 32, 'HIDDEN_DIM': 109, 'NUM_LAYERS': 1, 'DROPOUT': 0.16070928186901556, 'LR': 0.007965206185874785, 'WEIGHT_0': 0.9143139004310145, 'WEIGHT_1': 0.06544040486422566, 'WEIGHT_2': 0.32633665540765466, 'WEIGHT_3': 0.2240996336169146, 'WEIGHT_4': 0.7305459164432218, 'WEIGHT_5': 0.3541679714994305, 'WEIGHT_6': 0.11124856688934687, 'WEIGHT_7': 0.9013789588282265, 'WEIGHT_8': 0.37144165563150844}
49
              precision    recall  f1-score   support

         LOC       0.74      0.59      0.66      1837
        MISC       0.64      0.49      0.56       922
         ORG       0.44      0.20      0.28      1341
         PER       0.35      0.18      0.24      1842

   micro avg       0.57      0.36      0.44      5942
   macro avg       0.54      0.37      0.43      5942
weighted avg       0.53      0.36      0.43      5942

epoch 49
Transformer

  0%|          | 0/50 [00:00<?, ?it/s]
  2%|▏         | 1/50 [00:06<05:01,  6.14s/it]
  6%|▌         | 3/50 [00:06<01:18,  1.66s/it]
 10%|█         | 5/50 [00:06<00:38,  1.17it/s]
 14%|█▍        | 7/50 [00:06<00:22,  1.89it/s]
 18%|█▊        | 9/50 [00:06<00:14,  2.76it/s]
 22%|██▏       | 11/50 [00:07<00:10,  3.71it/s]
 26%|██▌       | 13/50 [00:07<00:07,  4.80it/s]
 30%|███       | 15/50 [00:07<00:05,  5.90it/s]
 34%|███▍      | 17/50 [00:07<00:04,  6.92it/s]
 38%|███▊      | 19/50 [00:07<00:03,  7.89it/s]
 42%|████▏     | 21/50 [00:07<00:03,  8.71it/s]
 46%|████▌     | 23/50 [00:08<00:02,  9.38it/s]
 50%|█████     | 25/50 [00:08<00:02,  9.90it/s]
 54%|█████▍    | 27/50 [00:08<00:02, 10.31it/s]
 58%|█████▊    | 29/50 [00:08<00:01, 10.60it/s]
 62%|██████▏   | 31/50 [00:08<00:01, 10.81it/s]
 66%|██████▌   | 33/50 [00:08<00:01, 10.98it/s]
 70%|███████   | 35/50 [00:09<00:01, 11.08it/s]
 74%|███████▍  | 37/50 [00:09<00:01, 11.17it/s]
 78%|███████▊  | 39/50 [00:09<00:00, 11.24it/s]
 82%|████████▏ | 41/50 [00:09<00:00, 11.26it/s]
 86%|████████▌ | 43/50 [00:09<00:00, 11.27it/s]
 90%|█████████ | 45/50 [00:10<00:00, 11.29it/s]
 94%|█████████▍| 47/50 [00:10<00:00, 11.32it/s]
 98%|█████████▊| 49/50 [00:10<00:00, 11.34it/s]
100%|██████████| 50/50 [00:16<00:00,  3.08it/s]
[I 2023-12-11 21:21:55,836] Trial 174 finished with value: 0.43364073777064954 and parameters: {'EMBEDDING_DIM': 32, 'HIDDEN_DIM': 100, 'NUM_LAYERS': 1, 'DROPOUT': 0.16426242358477294, 'LR': 0.00867215322673293, 'WEIGHT_0': 0.9179035379329789, 'WEIGHT_1': 0.05993759836007104, 'WEIGHT_2': 0.3306952173944855, 'WEIGHT_3': 0.23614587662898284, 'WEIGHT_4': 0.7142690413661612, 'WEIGHT_5': 0.2971553669118815, 'WEIGHT_6': 0.11193132525760538, 'WEIGHT_7': 0.9007951477109335, 'WEIGHT_8': 0.33082616064665327}. Best is trial 42 with value: 0.44962374581939796.
{'EMBEDDING_DIM': 32, 'HIDDEN_DIM': 100, 'NUM_LAYERS': 1, 'DROPOUT': 0.16426242358477294, 'LR': 0.00867215322673293, 'WEIGHT_0': 0.9179035379329789, 'WEIGHT_1': 0.05993759836007104, 'WEIGHT_2': 0.3306952173944855, 'WEIGHT_3': 0.23614587662898284, 'WEIGHT_4': 0.7142690413661612, 'WEIGHT_5': 0.2971553669118815, 'WEIGHT_6': 0.11193132525760538, 'WEIGHT_7': 0.9007951477109335, 'WEIGHT_8': 0.33082616064665327}
0
              precision    recall  f1-score   support

         LOC       0.00      0.00      0.00      1837
        MISC       0.00      0.00      0.00       922
         ORG       0.00      0.00      0.00      1341
         PER       0.00      0.00      0.00      1842

   micro avg       0.00      0.00      0.00      5942
   macro avg       0.00      0.00      0.00      5942
weighted avg       0.00      0.00      0.00      5942

{'EMBEDDING_DIM': 32, 'HIDDEN_DIM': 100, 'NUM_LAYERS': 1, 'DROPOUT': 0.16426242358477294, 'LR': 0.00867215322673293, 'WEIGHT_0': 0.9179035379329789, 'WEIGHT_1': 0.05993759836007104, 'WEIGHT_2': 0.3306952173944855, 'WEIGHT_3': 0.23614587662898284, 'WEIGHT_4': 0.7142690413661612, 'WEIGHT_5': 0.2971553669118815, 'WEIGHT_6': 0.11193132525760538, 'WEIGHT_7': 0.9007951477109335, 'WEIGHT_8': 0.33082616064665327}
49
              precision    recall  f1-score   support

         LOC       0.76      0.59      0.67      1837
        MISC       0.60      0.49      0.54       922
         ORG       0.45      0.20      0.28      1341
         PER       0.28      0.19      0.22      1842

   micro avg       0.54      0.36      0.43      5942
   macro avg       0.52      0.37      0.43      5942
weighted avg       0.51      0.36      0.42      5942

epoch 49
Transformer

  0%|          | 0/50 [00:00<?, ?it/s]
  2%|▏         | 1/50 [00:06<05:01,  6.16s/it]
  6%|▌         | 3/50 [00:06<01:18,  1.66s/it]
 10%|█         | 5/50 [00:06<00:38,  1.17it/s]
 14%|█▍        | 7/50 [00:06<00:23,  1.87it/s]
 18%|█▊        | 9/50 [00:06<00:15,  2.65it/s]
 20%|██        | 10/50 [00:07<00:13,  3.02it/s]
 22%|██▏       | 11/50 [00:07<00:11,  3.46it/s]
 24%|██▍       | 12/50 [00:07<00:09,  4.00it/s]
 26%|██▌       | 13/50 [00:07<00:08,  4.50it/s]
 28%|██▊       | 14/50 [00:07<00:07,  4.98it/s]
 30%|███       | 15/50 [00:07<00:06,  5.41it/s]
 32%|███▏      | 16/50 [00:07<00:05,  5.76it/s]
 34%|███▍      | 17/50 [00:08<00:05,  6.35it/s]
 36%|███▌      | 18/50 [00:08<00:04,  6.97it/s]
 38%|███▊      | 19/50 [00:08<00:04,  7.42it/s]
 40%|████      | 20/50 [00:08<00:03,  7.85it/s]
 42%|████▏     | 21/50 [00:08<00:03,  8.18it/s]
 44%|████▍     | 22/50 [00:08<00:03,  8.43it/s]
 46%|████▌     | 23/50 [00:08<00:03,  8.62it/s]
 48%|████▊     | 24/50 [00:08<00:02,  8.71it/s]
 50%|█████     | 25/50 [00:08<00:02,  8.81it/s]
 52%|█████▏    | 26/50 [00:09<00:02,  8.87it/s]
 54%|█████▍    | 27/50 [00:09<00:02,  8.93it/s]
 56%|█████▌    | 28/50 [00:09<00:02,  8.97it/s]
 58%|█████▊    | 29/50 [00:09<00:02,  9.01it/s]
 60%|██████    | 30/50 [00:09<00:02,  9.04it/s]
 62%|██████▏   | 31/50 [00:09<00:02,  9.06it/s]
 64%|██████▍   | 32/50 [00:09<00:01,  9.07it/s]
 66%|██████▌   | 33/50 [00:09<00:01,  9.07it/s]
 68%|██████▊   | 34/50 [00:09<00:01,  9.08it/s]
 70%|███████   | 35/50 [00:10<00:01,  9.09it/s]
 72%|███████▏  | 36/50 [00:10<00:01,  9.10it/s]
 74%|███████▍  | 37/50 [00:10<00:01,  9.09it/s]
 76%|███████▌  | 38/50 [00:10<00:01,  9.07it/s]
 78%|███████▊  | 39/50 [00:10<00:01,  9.08it/s]
 80%|████████  | 40/50 [00:10<00:01,  9.10it/s]
 82%|████████▏ | 41/50 [00:10<00:00,  9.10it/s]
 84%|████████▍ | 42/50 [00:10<00:00,  9.06it/s]
 86%|████████▌ | 43/50 [00:10<00:00,  9.07it/s]
 88%|████████▊ | 44/50 [00:11<00:00,  9.06it/s]
 90%|█████████ | 45/50 [00:11<00:00,  9.08it/s]
 92%|█████████▏| 46/50 [00:11<00:00,  9.08it/s]
 94%|█████████▍| 47/50 [00:11<00:00,  9.06it/s]
 96%|█████████▌| 48/50 [00:11<00:00,  9.08it/s]
 98%|█████████▊| 49/50 [00:11<00:00,  9.09it/s]
100%|██████████| 50/50 [00:19<00:00,  2.30s/it]
100%|██████████| 50/50 [00:19<00:00,  2.63it/s]
[I 2023-12-11 21:22:21,798] Trial 175 finished with value: 0.43071581742060655 and parameters: {'EMBEDDING_DIM': 32, 'HIDDEN_DIM': 342, 'NUM_LAYERS': 1, 'DROPOUT': 0.15727819353077138, 'LR': 0.007983635351704202, 'WEIGHT_0': 0.886839169690323, 'WEIGHT_1': 0.039865750240491715, 'WEIGHT_2': 0.3484821178289198, 'WEIGHT_3': 0.21951632414421718, 'WEIGHT_4': 0.7373458064320284, 'WEIGHT_5': 0.4070348464671085, 'WEIGHT_6': 0.07682407506760425, 'WEIGHT_7': 0.9228394780974031, 'WEIGHT_8': 0.40815163916414227}. Best is trial 42 with value: 0.44962374581939796.
{'EMBEDDING_DIM': 32, 'HIDDEN_DIM': 342, 'NUM_LAYERS': 1, 'DROPOUT': 0.15727819353077138, 'LR': 0.007983635351704202, 'WEIGHT_0': 0.886839169690323, 'WEIGHT_1': 0.039865750240491715, 'WEIGHT_2': 0.3484821178289198, 'WEIGHT_3': 0.21951632414421718, 'WEIGHT_4': 0.7373458064320284, 'WEIGHT_5': 0.4070348464671085, 'WEIGHT_6': 0.07682407506760425, 'WEIGHT_7': 0.9228394780974031, 'WEIGHT_8': 0.40815163916414227}
0
              precision    recall  f1-score   support

         LOC       0.00      0.00      0.00      1837
        MISC       0.00      0.00      0.00       922
         ORG       0.00      0.00      0.00      1341
         PER       0.00      0.00      0.00      1842

   micro avg       0.00      0.00      0.00      5942
   macro avg       0.00      0.00      0.00      5942
weighted avg       0.00      0.00      0.00      5942

{'EMBEDDING_DIM': 32, 'HIDDEN_DIM': 342, 'NUM_LAYERS': 1, 'DROPOUT': 0.15727819353077138, 'LR': 0.007983635351704202, 'WEIGHT_0': 0.886839169690323, 'WEIGHT_1': 0.039865750240491715, 'WEIGHT_2': 0.3484821178289198, 'WEIGHT_3': 0.21951632414421718, 'WEIGHT_4': 0.7373458064320284, 'WEIGHT_5': 0.4070348464671085, 'WEIGHT_6': 0.07682407506760425, 'WEIGHT_7': 0.9228394780974031, 'WEIGHT_8': 0.40815163916414227}
49
              precision    recall  f1-score   support

         LOC       0.71      0.58      0.64      1837
        MISC       0.59      0.49      0.54       922
         ORG       0.45      0.20      0.27      1341
         PER       0.33      0.17      0.23      1842

   micro avg       0.55      0.35      0.43      5942
   macro avg       0.52      0.36      0.42      5942
weighted avg       0.51      0.35      0.41      5942

epoch 49
Transformer

  0%|          | 0/50 [00:00<?, ?it/s]
  2%|▏         | 1/50 [00:07<06:10,  7.57s/it]
  4%|▍         | 2/50 [00:07<02:33,  3.19s/it]
  6%|▌         | 3/50 [00:07<01:24,  1.79s/it]
  8%|▊         | 4/50 [00:07<00:52,  1.13s/it]
 10%|█         | 5/50 [00:08<00:34,  1.30it/s]
 12%|█▏        | 6/50 [00:08<00:24,  1.83it/s]
 14%|█▍        | 7/50 [00:08<00:17,  2.47it/s]
 16%|█▌        | 8/50 [00:08<00:13,  3.16it/s]
 18%|█▊        | 9/50 [00:08<00:10,  3.96it/s]
 20%|██        | 10/50 [00:08<00:08,  4.77it/s]
 22%|██▏       | 11/50 [00:08<00:07,  5.57it/s]
 24%|██▍       | 12/50 [00:08<00:06,  6.28it/s]
 26%|██▌       | 13/50 [00:08<00:05,  6.89it/s]
 28%|██▊       | 14/50 [00:09<00:04,  7.39it/s]
 30%|███       | 15/50 [00:09<00:04,  7.77it/s]
 32%|███▏      | 16/50 [00:09<00:04,  8.05it/s]
 34%|███▍      | 17/50 [00:09<00:04,  8.23it/s]
 36%|███▌      | 18/50 [00:09<00:03,  8.41it/s]
 38%|███▊      | 19/50 [00:09<00:03,  8.53it/s]
 40%|████      | 20/50 [00:09<00:03,  8.63it/s]
 42%|████▏     | 21/50 [00:09<00:03,  8.70it/s]
 44%|████▍     | 22/50 [00:10<00:03,  8.75it/s]
 46%|████▌     | 23/50 [00:10<00:03,  8.79it/s]
 48%|████▊     | 24/50 [00:10<00:02,  8.80it/s]
 50%|█████     | 25/50 [00:10<00:02,  8.82it/s]
 52%|█████▏    | 26/50 [00:10<00:02,  8.84it/s]
 54%|█████▍    | 27/50 [00:10<00:02,  8.85it/s]
 56%|█████▌    | 28/50 [00:10<00:02,  8.84it/s]
 58%|█████▊    | 29/50 [00:10<00:02,  8.85it/s]
 60%|██████    | 30/50 [00:10<00:02,  8.87it/s]
 62%|██████▏   | 31/50 [00:11<00:02,  8.87it/s]
 64%|██████▍   | 32/50 [00:11<00:02,  8.88it/s]
 66%|██████▌   | 33/50 [00:11<00:01,  8.91it/s]
 68%|██████▊   | 34/50 [00:11<00:01,  8.93it/s]
 70%|███████   | 35/50 [00:11<00:01,  8.97it/s]
 72%|███████▏  | 36/50 [00:11<00:01,  8.99it/s]
 74%|███████▍  | 37/50 [00:11<00:01,  9.00it/s]
 76%|███████▌  | 38/50 [00:11<00:01,  8.99it/s]
 78%|███████▊  | 39/50 [00:11<00:01,  9.01it/s]
 80%|████████  | 40/50 [00:12<00:01,  9.02it/s]
 82%|████████▏ | 41/50 [00:12<00:00,  9.01it/s]
 84%|████████▍ | 42/50 [00:12<00:00,  9.00it/s]
 86%|████████▌ | 43/50 [00:12<00:00,  9.01it/s]
 88%|████████▊ | 44/50 [00:12<00:00,  9.02it/s]
 90%|█████████ | 45/50 [00:12<00:00,  9.02it/s]
 92%|█████████▏| 46/50 [00:12<00:00,  9.03it/s]
 94%|█████████▍| 47/50 [00:12<00:00,  9.02it/s]
 96%|█████████▌| 48/50 [00:12<00:00,  9.02it/s]
 98%|█████████▊| 49/50 [00:13<00:00,  9.03it/s]
100%|██████████| 50/50 [00:20<00:00,  2.28s/it]
100%|██████████| 50/50 [00:20<00:00,  2.46it/s]
[I 2023-12-11 21:22:49,284] Trial 176 finished with value: 0.4249657601252201 and parameters: {'EMBEDDING_DIM': 64, 'HIDDEN_DIM': 160, 'NUM_LAYERS': 1, 'DROPOUT': 0.13716093397749182, 'LR': 0.009250951128948812, 'WEIGHT_0': 0.8711932833724765, 'WEIGHT_1': 0.15920746696528895, 'WEIGHT_2': 0.31116854203795263, 'WEIGHT_3': 0.2807208225713258, 'WEIGHT_4': 0.6882499051193192, 'WEIGHT_5': 0.30438395529059653, 'WEIGHT_6': 0.0947579853838059, 'WEIGHT_7': 0.8840829672145809, 'WEIGHT_8': 0.3634463816116654}. Best is trial 42 with value: 0.44962374581939796.
{'EMBEDDING_DIM': 64, 'HIDDEN_DIM': 160, 'NUM_LAYERS': 1, 'DROPOUT': 0.13716093397749182, 'LR': 0.009250951128948812, 'WEIGHT_0': 0.8711932833724765, 'WEIGHT_1': 0.15920746696528895, 'WEIGHT_2': 0.31116854203795263, 'WEIGHT_3': 0.2807208225713258, 'WEIGHT_4': 0.6882499051193192, 'WEIGHT_5': 0.30438395529059653, 'WEIGHT_6': 0.0947579853838059, 'WEIGHT_7': 0.8840829672145809, 'WEIGHT_8': 0.3634463816116654}
0
              precision    recall  f1-score   support

         LOC       0.00      0.00      0.00      1837
        MISC       0.00      0.00      0.00       922
         ORG       0.00      0.00      0.00      1341
         PER       0.00      0.00      0.00      1842

   micro avg       0.00      0.00      0.00      5942
   macro avg       0.00      0.00      0.00      5942
weighted avg       0.00      0.00      0.00      5942

{'EMBEDDING_DIM': 64, 'HIDDEN_DIM': 160, 'NUM_LAYERS': 1, 'DROPOUT': 0.13716093397749182, 'LR': 0.009250951128948812, 'WEIGHT_0': 0.8711932833724765, 'WEIGHT_1': 0.15920746696528895, 'WEIGHT_2': 0.31116854203795263, 'WEIGHT_3': 0.2807208225713258, 'WEIGHT_4': 0.6882499051193192, 'WEIGHT_5': 0.30438395529059653, 'WEIGHT_6': 0.0947579853838059, 'WEIGHT_7': 0.8840829672145809, 'WEIGHT_8': 0.3634463816116654}
49
              precision    recall  f1-score   support

         LOC       0.74      0.59      0.66      1837
        MISC       0.58      0.47      0.52       922
         ORG       0.42      0.21      0.28      1341
         PER       0.26      0.20      0.23      1842

   micro avg       0.51      0.37      0.42      5942
   macro avg       0.50      0.37      0.42      5942
weighted avg       0.50      0.37      0.42      5942

epoch 49
Transformer

  0%|          | 0/50 [00:00<?, ?it/s]
  2%|▏         | 1/50 [00:07<06:00,  7.36s/it]
  4%|▍         | 2/50 [00:07<02:28,  3.10s/it]
  6%|▌         | 3/50 [00:07<01:21,  1.74s/it]
  8%|▊         | 4/50 [00:07<00:50,  1.10s/it]
 10%|█         | 5/50 [00:07<00:33,  1.34it/s]
 12%|█▏        | 6/50 [00:07<00:23,  1.88it/s]
 14%|█▍        | 7/50 [00:08<00:17,  2.52it/s]
 16%|█▌        | 8/50 [00:08<00:12,  3.27it/s]
 18%|█▊        | 9/50 [00:08<00:10,  4.04it/s]
 20%|██        | 10/50 [00:08<00:08,  4.87it/s]
 22%|██▏       | 11/50 [00:08<00:06,  5.66it/s]
 24%|██▍       | 12/50 [00:08<00:05,  6.39it/s]
 26%|██▌       | 13/50 [00:08<00:05,  7.00it/s]
 28%|██▊       | 14/50 [00:08<00:04,  7.50it/s]
 30%|███       | 15/50 [00:08<00:04,  7.91it/s]
 32%|███▏      | 16/50 [00:09<00:04,  8.21it/s]
 34%|███▍      | 17/50 [00:09<00:03,  8.43it/s]
 36%|███▌      | 18/50 [00:09<00:03,  8.60it/s]
 38%|███▊      | 19/50 [00:09<00:03,  8.72it/s]
 40%|████      | 20/50 [00:09<00:03,  8.78it/s]
 42%|████▏     | 21/50 [00:09<00:03,  8.85it/s]
 44%|████▍     | 22/50 [00:09<00:03,  8.87it/s]
 46%|████▌     | 23/50 [00:09<00:03,  8.91it/s]
 48%|████▊     | 24/50 [00:09<00:02,  8.94it/s]
 50%|█████     | 25/50 [00:10<00:02,  8.94it/s]
 52%|█████▏    | 26/50 [00:10<00:02,  8.96it/s]
 54%|█████▍    | 27/50 [00:10<00:02,  8.99it/s]
 56%|█████▌    | 28/50 [00:10<00:02,  9.00it/s]
 58%|█████▊    | 29/50 [00:10<00:02,  9.01it/s]
 60%|██████    | 30/50 [00:10<00:02,  9.00it/s]
 62%|██████▏   | 31/50 [00:10<00:02,  8.99it/s]
 64%|██████▍   | 32/50 [00:10<00:02,  9.00it/s]
 66%|██████▌   | 33/50 [00:10<00:01,  9.01it/s]
 68%|██████▊   | 34/50 [00:11<00:01,  9.01it/s]
 70%|███████   | 35/50 [00:11<00:01,  9.02it/s]
 72%|███████▏  | 36/50 [00:11<00:01,  9.03it/s]
 74%|███████▍  | 37/50 [00:11<00:01,  9.03it/s]
 76%|███████▌  | 38/50 [00:11<00:01,  9.03it/s]
 78%|███████▊  | 39/50 [00:11<00:01,  9.01it/s]
 80%|████████  | 40/50 [00:11<00:01,  9.00it/s]
 82%|████████▏ | 41/50 [00:11<00:01,  9.00it/s]
 84%|████████▍ | 42/50 [00:11<00:00,  8.98it/s]
 86%|████████▌ | 43/50 [00:12<00:00,  8.97it/s]
 88%|████████▊ | 44/50 [00:12<00:00,  8.94it/s]
 90%|█████████ | 45/50 [00:12<00:00,  8.94it/s]
 92%|█████████▏| 46/50 [00:12<00:00,  8.95it/s]
 94%|█████████▍| 47/50 [00:12<00:00,  8.96it/s]
 96%|█████████▌| 48/50 [00:12<00:00,  8.95it/s]
 98%|█████████▊| 49/50 [00:12<00:00,  8.95it/s]
100%|██████████| 50/50 [00:20<00:00,  2.30s/it]
100%|██████████| 50/50 [00:20<00:00,  2.48it/s]
