[I 2023-12-11 23:34:11,477] Trial 425 finished with value: 0.42414355628058725 and parameters: {'EMBEDDING_DIM': 32, 'HIDDEN_DIM': 507, 'NUM_LAYERS': 1, 'DROPOUT': 0.06543200097680227, 'LR': 0.007501709573285217, 'WEIGHT_0': 0.9558907156769798, 'WEIGHT_1': 0.8179675188011672, 'WEIGHT_2': 0.23366656739407976, 'WEIGHT_3': 0.11678361770257314, 'WEIGHT_4': 0.8573877778864227, 'WEIGHT_5': 0.6786752191553456, 'WEIGHT_6': 0.04111347059737895, 'WEIGHT_7': 0.6560164087963161, 'WEIGHT_8': 0.6034185425160582}. Best is trial 282 with value: 0.45463128081401455.
{'EMBEDDING_DIM': 32, 'HIDDEN_DIM': 507, 'NUM_LAYERS': 1, 'DROPOUT': 0.06543200097680227, 'LR': 0.007501709573285217, 'WEIGHT_0': 0.9558907156769798, 'WEIGHT_1': 0.8179675188011672, 'WEIGHT_2': 0.23366656739407976, 'WEIGHT_3': 0.11678361770257314, 'WEIGHT_4': 0.8573877778864227, 'WEIGHT_5': 0.6786752191553456, 'WEIGHT_6': 0.04111347059737895, 'WEIGHT_7': 0.6560164087963161, 'WEIGHT_8': 0.6034185425160582}
0
              precision    recall  f1-score   support

         LOC       0.00      0.00      0.00      1837
        MISC       0.00      0.00      0.00       922
         ORG       0.00      0.00      0.00      1341
         PER       0.00      0.00      0.00      1842

   micro avg       0.00      0.00      0.00      5942
   macro avg       0.00      0.00      0.00      5942
weighted avg       0.00      0.00      0.00      5942

{'EMBEDDING_DIM': 32, 'HIDDEN_DIM': 507, 'NUM_LAYERS': 1, 'DROPOUT': 0.06543200097680227, 'LR': 0.007501709573285217, 'WEIGHT_0': 0.9558907156769798, 'WEIGHT_1': 0.8179675188011672, 'WEIGHT_2': 0.23366656739407976, 'WEIGHT_3': 0.11678361770257314, 'WEIGHT_4': 0.8573877778864227, 'WEIGHT_5': 0.6786752191553456, 'WEIGHT_6': 0.04111347059737895, 'WEIGHT_7': 0.6560164087963161, 'WEIGHT_8': 0.6034185425160582}
49
              precision    recall  f1-score   support

         LOC       0.75      0.56      0.65      1837
        MISC       0.60      0.46      0.52       922
         ORG       0.32      0.21      0.26      1341
         PER       0.37      0.18      0.25      1842

   micro avg       0.54      0.35      0.42      5942
   macro avg       0.51      0.35      0.42      5942
weighted avg       0.51      0.35      0.41      5942

epoch 49
Transformer

  0%|          | 0/50 [00:00<?, ?it/s]
  2%|▏         | 1/50 [00:05<04:50,  5.92s/it]
  6%|▌         | 3/50 [00:06<01:15,  1.61s/it]
 10%|█         | 5/50 [00:06<00:37,  1.21it/s]
 14%|█▍        | 7/50 [00:06<00:22,  1.92it/s]
 16%|█▌        | 8/50 [00:06<00:17,  2.36it/s]
 18%|█▊        | 9/50 [00:06<00:14,  2.89it/s]
 20%|██        | 10/50 [00:06<00:11,  3.47it/s]
 22%|██▏       | 11/50 [00:06<00:09,  4.16it/s]
 26%|██▌       | 13/50 [00:07<00:06,  5.77it/s]
 30%|███       | 15/50 [00:07<00:04,  7.12it/s]
 34%|███▍      | 17/50 [00:07<00:04,  8.21it/s]
 38%|███▊      | 19/50 [00:07<00:03,  9.07it/s]
 42%|████▏     | 21/50 [00:07<00:02,  9.70it/s]
 46%|████▌     | 23/50 [00:08<00:02, 10.18it/s]
 50%|█████     | 25/50 [00:08<00:02, 10.53it/s]
 54%|█████▍    | 27/50 [00:08<00:02, 10.79it/s]
 58%|█████▊    | 29/50 [00:08<00:01, 10.94it/s]
 62%|██████▏   | 31/50 [00:08<00:01, 11.07it/s]
 66%|██████▌   | 33/50 [00:08<00:01, 11.19it/s]
 70%|███████   | 35/50 [00:09<00:01, 11.27it/s]
 74%|███████▍  | 37/50 [00:09<00:01, 11.34it/s]
 78%|███████▊  | 39/50 [00:09<00:00, 11.36it/s]
 82%|████████▏ | 41/50 [00:09<00:00, 11.38it/s]
 86%|████████▌ | 43/50 [00:09<00:00, 11.36it/s]
 90%|█████████ | 45/50 [00:09<00:00, 11.34it/s]
 94%|█████████▍| 47/50 [00:10<00:00, 11.37it/s]
 98%|█████████▊| 49/50 [00:10<00:00, 11.37it/s]
100%|██████████| 50/50 [00:16<00:00,  3.09it/s]
[I 2023-12-11 23:34:33,232] Trial 426 finished with value: 0.450318670985268 and parameters: {'EMBEDDING_DIM': 32, 'HIDDEN_DIM': 781, 'NUM_LAYERS': 1, 'DROPOUT': 0.2519925629526897, 'LR': 0.006658703689427176, 'WEIGHT_0': 0.8805338471948094, 'WEIGHT_1': 0.12051253173333915, 'WEIGHT_2': 0.17421023382228273, 'WEIGHT_3': 0.21171476218656926, 'WEIGHT_4': 0.5735847462750402, 'WEIGHT_5': 0.38965325828983255, 'WEIGHT_6': 0.47743158174488115, 'WEIGHT_7': 0.5850802636863333, 'WEIGHT_8': 0.5450514939940528}. Best is trial 282 with value: 0.45463128081401455.
{'EMBEDDING_DIM': 32, 'HIDDEN_DIM': 781, 'NUM_LAYERS': 1, 'DROPOUT': 0.2519925629526897, 'LR': 0.006658703689427176, 'WEIGHT_0': 0.8805338471948094, 'WEIGHT_1': 0.12051253173333915, 'WEIGHT_2': 0.17421023382228273, 'WEIGHT_3': 0.21171476218656926, 'WEIGHT_4': 0.5735847462750402, 'WEIGHT_5': 0.38965325828983255, 'WEIGHT_6': 0.47743158174488115, 'WEIGHT_7': 0.5850802636863333, 'WEIGHT_8': 0.5450514939940528}
0
              precision    recall  f1-score   support

         LOC       0.00      0.00      0.00      1837
        MISC       0.00      0.00      0.00       922
         ORG       0.00      0.00      0.00      1341
         PER       0.00      0.00      0.00      1842

   micro avg       0.00      0.00      0.00      5942
   macro avg       0.00      0.00      0.00      5942
weighted avg       0.00      0.00      0.00      5942

{'EMBEDDING_DIM': 32, 'HIDDEN_DIM': 781, 'NUM_LAYERS': 1, 'DROPOUT': 0.2519925629526897, 'LR': 0.006658703689427176, 'WEIGHT_0': 0.8805338471948094, 'WEIGHT_1': 0.12051253173333915, 'WEIGHT_2': 0.17421023382228273, 'WEIGHT_3': 0.21171476218656926, 'WEIGHT_4': 0.5735847462750402, 'WEIGHT_5': 0.38965325828983255, 'WEIGHT_6': 0.47743158174488115, 'WEIGHT_7': 0.5850802636863333, 'WEIGHT_8': 0.5450514939940528}
49
              precision    recall  f1-score   support

         LOC       0.79      0.59      0.67      1837
        MISC       0.67      0.50      0.57       922
         ORG       0.42      0.22      0.29      1341
         PER       0.37      0.18      0.24      1842

   micro avg       0.59      0.36      0.45      5942
   macro avg       0.56      0.37      0.44      5942
weighted avg       0.56      0.36      0.44      5942

epoch 49
Transformer

  0%|          | 0/50 [00:00<?, ?it/s]
  2%|▏         | 1/50 [00:05<04:49,  5.90s/it]
  6%|▌         | 3/50 [00:06<01:15,  1.60s/it]
 10%|█         | 5/50 [00:06<00:37,  1.21it/s]
 14%|█▍        | 7/50 [00:06<00:22,  1.92it/s]
 16%|█▌        | 8/50 [00:06<00:17,  2.35it/s]
 18%|█▊        | 9/50 [00:06<00:14,  2.85it/s]
 20%|██        | 10/50 [00:06<00:11,  3.43it/s]
 24%|██▍       | 12/50 [00:07<00:07,  4.91it/s]
 28%|██▊       | 14/50 [00:07<00:05,  6.26it/s]
 32%|███▏      | 16/50 [00:07<00:04,  7.44it/s]
 36%|███▌      | 18/50 [00:07<00:03,  8.43it/s]
 40%|████      | 20/50 [00:07<00:03,  9.17it/s]
 44%|████▍     | 22/50 [00:07<00:02,  9.78it/s]
 48%|████▊     | 24/50 [00:08<00:02, 10.20it/s]
 52%|█████▏    | 26/50 [00:08<00:02, 10.53it/s]
 56%|█████▌    | 28/50 [00:08<00:02, 10.77it/s]
 60%|██████    | 30/50 [00:08<00:01, 10.91it/s]
 64%|██████▍   | 32/50 [00:08<00:01, 11.06it/s]
 68%|██████▊   | 34/50 [00:08<00:01, 11.16it/s]
 72%|███████▏  | 36/50 [00:09<00:01, 11.20it/s]
 76%|███████▌  | 38/50 [00:09<00:01, 11.25it/s]
 80%|████████  | 40/50 [00:09<00:00, 11.29it/s]
 84%|████████▍ | 42/50 [00:09<00:00, 11.29it/s]
 88%|████████▊ | 44/50 [00:09<00:00, 11.32it/s]
 92%|█████████▏| 46/50 [00:10<00:00, 11.34it/s]
 96%|█████████▌| 48/50 [00:10<00:00, 11.33it/s]
100%|██████████| 50/50 [00:16<00:00,  1.05it/s]
100%|██████████| 50/50 [00:16<00:00,  3.10it/s]
[I 2023-12-11 23:34:54,955] Trial 427 finished with value: 0.43353143572098846 and parameters: {'EMBEDDING_DIM': 32, 'HIDDEN_DIM': 831, 'NUM_LAYERS': 1, 'DROPOUT': 0.24741078725404023, 'LR': 0.0067050769632325605, 'WEIGHT_0': 0.8770777986524211, 'WEIGHT_1': 0.11521269921312009, 'WEIGHT_2': 0.13405596351399401, 'WEIGHT_3': 0.16356519598491723, 'WEIGHT_4': 0.5898446090933052, 'WEIGHT_5': 0.5460052032528285, 'WEIGHT_6': 0.5654250767748105, 'WEIGHT_7': 0.5841808061264315, 'WEIGHT_8': 0.5069705993815011}. Best is trial 282 with value: 0.45463128081401455.
{'EMBEDDING_DIM': 32, 'HIDDEN_DIM': 831, 'NUM_LAYERS': 1, 'DROPOUT': 0.24741078725404023, 'LR': 0.0067050769632325605, 'WEIGHT_0': 0.8770777986524211, 'WEIGHT_1': 0.11521269921312009, 'WEIGHT_2': 0.13405596351399401, 'WEIGHT_3': 0.16356519598491723, 'WEIGHT_4': 0.5898446090933052, 'WEIGHT_5': 0.5460052032528285, 'WEIGHT_6': 0.5654250767748105, 'WEIGHT_7': 0.5841808061264315, 'WEIGHT_8': 0.5069705993815011}
0
              precision    recall  f1-score   support

         LOC       0.00      0.00      0.00      1837
        MISC       0.00      0.00      0.00       922
         ORG       0.00      0.00      0.00      1341
         PER       0.00      0.00      0.00      1842

   micro avg       0.00      0.00      0.00      5942
   macro avg       0.00      0.00      0.00      5942
weighted avg       0.00      0.00      0.00      5942

{'EMBEDDING_DIM': 32, 'HIDDEN_DIM': 831, 'NUM_LAYERS': 1, 'DROPOUT': 0.24741078725404023, 'LR': 0.0067050769632325605, 'WEIGHT_0': 0.8770777986524211, 'WEIGHT_1': 0.11521269921312009, 'WEIGHT_2': 0.13405596351399401, 'WEIGHT_3': 0.16356519598491723, 'WEIGHT_4': 0.5898446090933052, 'WEIGHT_5': 0.5460052032528285, 'WEIGHT_6': 0.5654250767748105, 'WEIGHT_7': 0.5841808061264315, 'WEIGHT_8': 0.5069705993815011}
49
              precision    recall  f1-score   support

         LOC       0.77      0.57      0.66      1837
        MISC       0.66      0.45      0.54       922
         ORG       0.38      0.22      0.28      1341
         PER       0.36      0.17      0.23      1842

   micro avg       0.57      0.35      0.43      5942
   macro avg       0.54      0.35      0.43      5942
weighted avg       0.54      0.35      0.42      5942

epoch 49
Transformer

  0%|          | 0/50 [00:00<?, ?it/s]
  2%|▏         | 1/50 [00:05<04:51,  5.95s/it]
  6%|▌         | 3/50 [00:06<01:15,  1.62s/it]
 10%|█         | 5/50 [00:06<00:37,  1.20it/s]
 12%|█▏        | 6/50 [00:06<00:28,  1.56it/s]
 16%|█▌        | 8/50 [00:06<00:16,  2.47it/s]
 20%|██        | 10/50 [00:06<00:11,  3.53it/s]
 24%|██▍       | 12/50 [00:06<00:08,  4.67it/s]
 28%|██▊       | 14/50 [00:07<00:06,  5.82it/s]
 32%|███▏      | 16/50 [00:07<00:04,  6.90it/s]
 36%|███▌      | 18/50 [00:07<00:04,  7.88it/s]
 40%|████      | 20/50 [00:07<00:03,  8.70it/s]
 44%|████▍     | 22/50 [00:07<00:02,  9.37it/s]
 48%|████▊     | 24/50 [00:08<00:02,  9.88it/s]
 52%|█████▏    | 26/50 [00:08<00:02, 10.30it/s]
 56%|█████▌    | 28/50 [00:08<00:02, 10.60it/s]
 60%|██████    | 30/50 [00:08<00:01, 10.82it/s]
 64%|██████▍   | 32/50 [00:08<00:01, 10.99it/s]
 68%|██████▊   | 34/50 [00:08<00:01, 11.08it/s]
 72%|███████▏  | 36/50 [00:09<00:01, 11.16it/s]
 76%|███████▌  | 38/50 [00:09<00:01, 11.22it/s]
 80%|████████  | 40/50 [00:09<00:00, 11.26it/s]
 84%|████████▍ | 42/50 [00:09<00:00, 11.29it/s]
 88%|████████▊ | 44/50 [00:09<00:00, 11.32it/s]
 92%|█████████▏| 46/50 [00:09<00:00, 11.33it/s]
 96%|█████████▌| 48/50 [00:10<00:00, 11.33it/s]
100%|██████████| 50/50 [00:16<00:00,  1.04it/s]
100%|██████████| 50/50 [00:16<00:00,  3.09it/s]
[I 2023-12-11 23:35:16,738] Trial 428 finished with value: 0.431130452383362 and parameters: {'EMBEDDING_DIM': 32, 'HIDDEN_DIM': 929, 'NUM_LAYERS': 1, 'DROPOUT': 0.2369008113828513, 'LR': 0.006941333245136003, 'WEIGHT_0': 0.4853669423568935, 'WEIGHT_1': 0.07825803329475833, 'WEIGHT_2': 0.16500387902646094, 'WEIGHT_3': 0.20386493254608434, 'WEIGHT_4': 0.6065656461815876, 'WEIGHT_5': 0.21480941359800454, 'WEIGHT_6': 0.35249511203291983, 'WEIGHT_7': 0.5494351826331477, 'WEIGHT_8': 0.7318740550677725}. Best is trial 282 with value: 0.45463128081401455.
{'EMBEDDING_DIM': 32, 'HIDDEN_DIM': 929, 'NUM_LAYERS': 1, 'DROPOUT': 0.2369008113828513, 'LR': 0.006941333245136003, 'WEIGHT_0': 0.4853669423568935, 'WEIGHT_1': 0.07825803329475833, 'WEIGHT_2': 0.16500387902646094, 'WEIGHT_3': 0.20386493254608434, 'WEIGHT_4': 0.6065656461815876, 'WEIGHT_5': 0.21480941359800454, 'WEIGHT_6': 0.35249511203291983, 'WEIGHT_7': 0.5494351826331477, 'WEIGHT_8': 0.7318740550677725}
0
              precision    recall  f1-score   support

         LOC       0.00      0.00      0.00      1837
        MISC       0.00      0.00      0.00       922
         ORG       0.00      0.00      0.00      1341
         PER       0.00      0.00      0.00      1842

   micro avg       0.00      0.00      0.00      5942
   macro avg       0.00      0.00      0.00      5942
weighted avg       0.00      0.00      0.00      5942

{'EMBEDDING_DIM': 32, 'HIDDEN_DIM': 929, 'NUM_LAYERS': 1, 'DROPOUT': 0.2369008113828513, 'LR': 0.006941333245136003, 'WEIGHT_0': 0.4853669423568935, 'WEIGHT_1': 0.07825803329475833, 'WEIGHT_2': 0.16500387902646094, 'WEIGHT_3': 0.20386493254608434, 'WEIGHT_4': 0.6065656461815876, 'WEIGHT_5': 0.21480941359800454, 'WEIGHT_6': 0.35249511203291983, 'WEIGHT_7': 0.5494351826331477, 'WEIGHT_8': 0.7318740550677725}
49
              precision    recall  f1-score   support

         LOC       0.74      0.58      0.65      1837
        MISC       0.63      0.47      0.54       922
         ORG       0.38      0.21      0.27      1341
         PER       0.33      0.19      0.24      1842

   micro avg       0.54      0.36      0.43      5942
   macro avg       0.52      0.36      0.43      5942
weighted avg       0.51      0.36      0.42      5942

epoch 49
Transformer

  0%|          | 0/50 [00:00<?, ?it/s]
  2%|▏         | 1/50 [00:05<04:53,  5.99s/it]
  4%|▍         | 2/50 [00:06<02:01,  2.52s/it]
  8%|▊         | 4/50 [00:06<00:46,  1.00s/it]
 12%|█▏        | 6/50 [00:06<00:25,  1.75it/s]
 16%|█▌        | 8/50 [00:06<00:15,  2.65it/s]
 20%|██        | 10/50 [00:06<00:10,  3.68it/s]
 24%|██▍       | 12/50 [00:07<00:07,  4.76it/s]
 28%|██▊       | 14/50 [00:07<00:06,  5.90it/s]
 32%|███▏      | 16/50 [00:07<00:04,  6.97it/s]
 36%|███▌      | 18/50 [00:07<00:04,  7.94it/s]
 40%|████      | 20/50 [00:07<00:03,  8.76it/s]
 44%|████▍     | 22/50 [00:07<00:02,  9.43it/s]
 48%|████▊     | 24/50 [00:08<00:02,  9.97it/s]
 52%|█████▏    | 26/50 [00:08<00:02, 10.38it/s]
 56%|█████▌    | 28/50 [00:08<00:02, 10.66it/s]
 60%|██████    | 30/50 [00:08<00:01, 10.87it/s]
 64%|██████▍   | 32/50 [00:08<00:01, 11.02it/s]
 68%|██████▊   | 34/50 [00:08<00:01, 11.12it/s]
 72%|███████▏  | 36/50 [00:09<00:01, 11.22it/s]
 76%|███████▌  | 38/50 [00:09<00:01, 11.28it/s]
 80%|████████  | 40/50 [00:09<00:00, 11.32it/s]
 84%|████████▍ | 42/50 [00:09<00:00, 11.34it/s]
 88%|████████▊ | 44/50 [00:09<00:00, 11.38it/s]
 92%|█████████▏| 46/50 [00:09<00:00, 11.36it/s]
 96%|█████████▌| 48/50 [00:10<00:00, 11.35it/s]
100%|██████████| 50/50 [00:16<00:00,  1.04it/s]
100%|██████████| 50/50 [00:16<00:00,  3.09it/s]
[I 2023-12-11 23:35:38,502] Trial 429 finished with value: 0.42465064843671463 and parameters: {'EMBEDDING_DIM': 16, 'HIDDEN_DIM': 820, 'NUM_LAYERS': 1, 'DROPOUT': 0.2516391341185511, 'LR': 0.004765396890866536, 'WEIGHT_0': 0.8869369870750716, 'WEIGHT_1': 0.20358020879694888, 'WEIGHT_2': 0.1756369376457399, 'WEIGHT_3': 0.24615639927998886, 'WEIGHT_4': 0.5678629672776776, 'WEIGHT_5': 0.12371398186421423, 'WEIGHT_6': 0.4952601162315263, 'WEIGHT_7': 0.8180576112986849, 'WEIGHT_8': 0.5463731082436706}. Best is trial 282 with value: 0.45463128081401455.
{'EMBEDDING_DIM': 16, 'HIDDEN_DIM': 820, 'NUM_LAYERS': 1, 'DROPOUT': 0.2516391341185511, 'LR': 0.004765396890866536, 'WEIGHT_0': 0.8869369870750716, 'WEIGHT_1': 0.20358020879694888, 'WEIGHT_2': 0.1756369376457399, 'WEIGHT_3': 0.24615639927998886, 'WEIGHT_4': 0.5678629672776776, 'WEIGHT_5': 0.12371398186421423, 'WEIGHT_6': 0.4952601162315263, 'WEIGHT_7': 0.8180576112986849, 'WEIGHT_8': 0.5463731082436706}
0
              precision    recall  f1-score   support

         LOC       0.00      0.00      0.00      1837
        MISC       0.00      0.00      0.00       922
         ORG       0.00      0.00      0.00      1341
         PER       0.00      0.00      0.00      1842

   micro avg       0.00      0.00      0.00      5942
   macro avg       0.00      0.00      0.00      5942
weighted avg       0.00      0.00      0.00      5942

{'EMBEDDING_DIM': 16, 'HIDDEN_DIM': 820, 'NUM_LAYERS': 1, 'DROPOUT': 0.2516391341185511, 'LR': 0.004765396890866536, 'WEIGHT_0': 0.8869369870750716, 'WEIGHT_1': 0.20358020879694888, 'WEIGHT_2': 0.1756369376457399, 'WEIGHT_3': 0.24615639927998886, 'WEIGHT_4': 0.5678629672776776, 'WEIGHT_5': 0.12371398186421423, 'WEIGHT_6': 0.4952601162315263, 'WEIGHT_7': 0.8180576112986849, 'WEIGHT_8': 0.5463731082436706}
49
              precision    recall  f1-score   support

         LOC       0.79      0.53      0.64      1837
        MISC       0.62      0.43      0.51       922
         ORG       0.40      0.26      0.31      1341
         PER       0.31      0.21      0.25      1842

   micro avg       0.53      0.36      0.42      5942
   macro avg       0.53      0.36      0.43      5942
weighted avg       0.53      0.36      0.42      5942

epoch 49
Transformer

  0%|          | 0/50 [00:00<?, ?it/s]
  2%|▏         | 1/50 [00:05<04:51,  5.95s/it]
  6%|▌         | 3/50 [00:06<01:15,  1.61s/it]
 10%|█         | 5/50 [00:06<00:37,  1.20it/s]
 14%|█▍        | 7/50 [00:06<00:22,  1.93it/s]
 16%|█▌        | 8/50 [00:06<00:17,  2.35it/s]
 18%|█▊        | 9/50 [00:06<00:14,  2.83it/s]
 20%|██        | 10/50 [00:06<00:11,  3.38it/s]
 22%|██▏       | 11/50 [00:07<00:09,  3.99it/s]
 24%|██▍       | 12/50 [00:07<00:08,  4.57it/s]
 26%|██▌       | 13/50 [00:07<00:07,  5.10it/s]
 28%|██▊       | 14/50 [00:07<00:06,  5.54it/s]
 30%|███       | 15/50 [00:07<00:05,  6.14it/s]
 32%|███▏      | 16/50 [00:07<00:05,  6.79it/s]
 34%|███▍      | 17/50 [00:07<00:04,  7.36it/s]
 36%|███▌      | 18/50 [00:07<00:04,  7.82it/s]
 38%|███▊      | 19/50 [00:08<00:03,  8.16it/s]
 40%|████      | 20/50 [00:08<00:03,  8.44it/s]
 42%|████▏     | 21/50 [00:08<00:03,  8.65it/s]
 44%|████▍     | 22/50 [00:08<00:03,  8.80it/s]
 46%|████▌     | 23/50 [00:08<00:03,  8.91it/s]
 48%|████▊     | 24/50 [00:08<00:02,  8.98it/s]
 50%|█████     | 25/50 [00:08<00:02,  9.02it/s]
 52%|█████▏    | 26/50 [00:08<00:02,  9.07it/s]
 54%|█████▍    | 27/50 [00:08<00:02,  9.10it/s]
 56%|█████▌    | 28/50 [00:08<00:02,  9.11it/s]
 58%|█████▊    | 29/50 [00:09<00:02,  9.13it/s]
 60%|██████    | 30/50 [00:09<00:02,  9.14it/s]
 62%|██████▏   | 31/50 [00:09<00:02,  9.14it/s]
 64%|██████▍   | 32/50 [00:09<00:01,  9.16it/s]
 66%|██████▌   | 33/50 [00:09<00:01,  9.15it/s]
 68%|██████▊   | 34/50 [00:09<00:01,  9.16it/s]
 70%|███████   | 35/50 [00:09<00:01,  9.17it/s]
 72%|███████▏  | 36/50 [00:09<00:01,  9.17it/s]
 74%|███████▍  | 37/50 [00:09<00:01,  9.17it/s]
 76%|███████▌  | 38/50 [00:10<00:01,  9.16it/s]
 78%|███████▊  | 39/50 [00:10<00:01,  9.16it/s]
 80%|████████  | 40/50 [00:10<00:01,  9.14it/s]
 82%|████████▏ | 41/50 [00:10<00:00,  9.15it/s]
 84%|████████▍ | 42/50 [00:10<00:00,  9.15it/s]
 86%|████████▌ | 43/50 [00:10<00:00,  9.13it/s]
 88%|████████▊ | 44/50 [00:10<00:00,  9.13it/s]
 90%|█████████ | 45/50 [00:10<00:00,  9.15it/s]
 92%|█████████▏| 46/50 [00:10<00:00,  9.15it/s]
 94%|█████████▍| 47/50 [00:11<00:00,  9.13it/s]
 96%|█████████▌| 48/50 [00:11<00:00,  9.13it/s]
 98%|█████████▊| 49/50 [00:11<00:00,  9.13it/s]
100%|██████████| 50/50 [00:18<00:00,  2.25s/it]
100%|██████████| 50/50 [00:18<00:00,  2.70it/s]
