[I 2023-12-11 22:51:48,810] Trial 344 finished with value: 0.37243069960399766 and parameters: {'EMBEDDING_DIM': 32, 'HIDDEN_DIM': 637, 'NUM_LAYERS': 1, 'DROPOUT': 0.4871578018257758, 'LR': 0.006982272212113731, 'WEIGHT_0': 0.5879605497750611, 'WEIGHT_1': 0.5002793695025055, 'WEIGHT_2': 0.1644654192465883, 'WEIGHT_3': 0.5237175301666347, 'WEIGHT_4': 0.7559253760109158, 'WEIGHT_5': 0.4173369763823589, 'WEIGHT_6': 0.026323358478116194, 'WEIGHT_7': 0.5810269740353442, 'WEIGHT_8': 0.8537931624268937}. Best is trial 282 with value: 0.45463128081401455.
{'EMBEDDING_DIM': 32, 'HIDDEN_DIM': 637, 'NUM_LAYERS': 1, 'DROPOUT': 0.4871578018257758, 'LR': 0.006982272212113731, 'WEIGHT_0': 0.5879605497750611, 'WEIGHT_1': 0.5002793695025055, 'WEIGHT_2': 0.1644654192465883, 'WEIGHT_3': 0.5237175301666347, 'WEIGHT_4': 0.7559253760109158, 'WEIGHT_5': 0.4173369763823589, 'WEIGHT_6': 0.026323358478116194, 'WEIGHT_7': 0.5810269740353442, 'WEIGHT_8': 0.8537931624268937}
0
              precision    recall  f1-score   support

         LOC       0.00      0.00      0.00      1837
        MISC       0.00      0.00      0.00       922
         ORG       0.00      0.00      0.00      1341
         PER       0.00      0.00      0.00      1842

   micro avg       0.00      0.00      0.00      5942
   macro avg       0.00      0.00      0.00      5942
weighted avg       0.00      0.00      0.00      5942

{'EMBEDDING_DIM': 32, 'HIDDEN_DIM': 637, 'NUM_LAYERS': 1, 'DROPOUT': 0.4871578018257758, 'LR': 0.006982272212113731, 'WEIGHT_0': 0.5879605497750611, 'WEIGHT_1': 0.5002793695025055, 'WEIGHT_2': 0.1644654192465883, 'WEIGHT_3': 0.5237175301666347, 'WEIGHT_4': 0.7559253760109158, 'WEIGHT_5': 0.4173369763823589, 'WEIGHT_6': 0.026323358478116194, 'WEIGHT_7': 0.5810269740353442, 'WEIGHT_8': 0.8537931624268937}
49
              precision    recall  f1-score   support

         LOC       0.60      0.59      0.60      1837
        MISC       0.42      0.23      0.29       922
         ORG       0.44      0.22      0.29      1341
         PER       0.22      0.21      0.22      1842

   micro avg       0.42      0.33      0.37      5942
   macro avg       0.42      0.31      0.35      5942
weighted avg       0.42      0.33      0.36      5942

epoch 49
Transformer

  0%|          | 0/50 [00:00<?, ?it/s]
  2%|▏         | 1/50 [00:05<04:50,  5.94s/it]
  6%|▌         | 3/50 [00:06<01:15,  1.61s/it]
 10%|█         | 5/50 [00:06<00:37,  1.20it/s]
 14%|█▍        | 7/50 [00:06<00:22,  1.91it/s]
 18%|█▊        | 9/50 [00:06<00:14,  2.79it/s]
 22%|██▏       | 11/50 [00:06<00:10,  3.78it/s]
 26%|██▌       | 13/50 [00:07<00:07,  4.81it/s]
 30%|███       | 15/50 [00:07<00:06,  5.68it/s]
 34%|███▍      | 17/50 [00:07<00:04,  6.69it/s]
 38%|███▊      | 19/50 [00:07<00:04,  7.62it/s]
 42%|████▏     | 21/50 [00:07<00:03,  8.40it/s]
 46%|████▌     | 23/50 [00:08<00:02,  9.03it/s]
 50%|█████     | 25/50 [00:08<00:02,  9.55it/s]
 54%|█████▍    | 27/50 [00:08<00:02,  9.99it/s]
 58%|█████▊    | 29/50 [00:08<00:02, 10.23it/s]
 62%|██████▏   | 31/50 [00:08<00:01, 10.41it/s]
 66%|██████▌   | 33/50 [00:08<00:01, 10.58it/s]
 70%|███████   | 35/50 [00:09<00:01, 10.74it/s]
 74%|███████▍  | 37/50 [00:09<00:01, 10.88it/s]
 78%|███████▊  | 39/50 [00:09<00:00, 11.01it/s]
 82%|████████▏ | 41/50 [00:09<00:00, 11.05it/s]
 86%|████████▌ | 43/50 [00:09<00:00, 11.09it/s]
 90%|█████████ | 45/50 [00:09<00:00, 11.16it/s]
 94%|█████████▍| 47/50 [00:10<00:00, 11.15it/s]
 98%|█████████▊| 49/50 [00:10<00:00, 11.14it/s]
100%|██████████| 50/50 [00:16<00:00,  3.07it/s]
[I 2023-12-11 22:52:10,753] Trial 345 finished with value: 0.40060583112457404 and parameters: {'EMBEDDING_DIM': 32, 'HIDDEN_DIM': 820, 'NUM_LAYERS': 1, 'DROPOUT': 0.050211793307288574, 'LR': 0.006779563923410457, 'WEIGHT_0': 0.6258049767636582, 'WEIGHT_1': 0.17665131995725236, 'WEIGHT_2': 0.18564827196456876, 'WEIGHT_3': 0.27574553910629956, 'WEIGHT_4': 0.7751222907675713, 'WEIGHT_5': 0.4589083038351845, 'WEIGHT_6': 0.5326101999741465, 'WEIGHT_7': 0.7101669470292615, 'WEIGHT_8': 0.4856955634048322}. Best is trial 282 with value: 0.45463128081401455.
{'EMBEDDING_DIM': 32, 'HIDDEN_DIM': 820, 'NUM_LAYERS': 1, 'DROPOUT': 0.050211793307288574, 'LR': 0.006779563923410457, 'WEIGHT_0': 0.6258049767636582, 'WEIGHT_1': 0.17665131995725236, 'WEIGHT_2': 0.18564827196456876, 'WEIGHT_3': 0.27574553910629956, 'WEIGHT_4': 0.7751222907675713, 'WEIGHT_5': 0.4589083038351845, 'WEIGHT_6': 0.5326101999741465, 'WEIGHT_7': 0.7101669470292615, 'WEIGHT_8': 0.4856955634048322}
0
              precision    recall  f1-score   support

         LOC       0.00      0.00      0.00      1837
        MISC       0.00      0.00      0.00       922
         ORG       0.00      0.00      0.00      1341
         PER       0.00      0.00      0.00      1842

   micro avg       0.00      0.00      0.00      5942
   macro avg       0.00      0.00      0.00      5942
weighted avg       0.00      0.00      0.00      5942

{'EMBEDDING_DIM': 32, 'HIDDEN_DIM': 820, 'NUM_LAYERS': 1, 'DROPOUT': 0.050211793307288574, 'LR': 0.006779563923410457, 'WEIGHT_0': 0.6258049767636582, 'WEIGHT_1': 0.17665131995725236, 'WEIGHT_2': 0.18564827196456876, 'WEIGHT_3': 0.27574553910629956, 'WEIGHT_4': 0.7751222907675713, 'WEIGHT_5': 0.4589083038351845, 'WEIGHT_6': 0.5326101999741465, 'WEIGHT_7': 0.7101669470292615, 'WEIGHT_8': 0.4856955634048322}
49
              precision    recall  f1-score   support

         LOC       0.72      0.56      0.63      1837
        MISC       0.49      0.48      0.49       922
         ORG       0.29      0.24      0.26      1341
         PER       0.27      0.18      0.21      1842

   micro avg       0.46      0.36      0.40      5942
   macro avg       0.44      0.36      0.40      5942
weighted avg       0.45      0.36      0.40      5942

epoch 49
Transformer

  0%|          | 0/50 [00:00<?, ?it/s]
  2%|▏         | 1/50 [00:05<04:51,  5.95s/it]
  6%|▌         | 3/50 [00:06<01:15,  1.61s/it]
 10%|█         | 5/50 [00:06<00:37,  1.20it/s]
 14%|█▍        | 7/50 [00:06<00:22,  1.93it/s]
 18%|█▊        | 9/50 [00:06<00:14,  2.80it/s]
 22%|██▏       | 11/50 [00:06<00:10,  3.80it/s]
 26%|██▌       | 13/50 [00:07<00:07,  4.88it/s]
 30%|███       | 15/50 [00:07<00:05,  5.85it/s]
 34%|███▍      | 17/50 [00:07<00:04,  6.61it/s]
 38%|███▊      | 19/50 [00:07<00:04,  6.91it/s]
 40%|████      | 20/50 [00:07<00:04,  6.59it/s]
 42%|████▏     | 21/50 [00:08<00:04,  6.69it/s]
 44%|████▍     | 22/50 [00:08<00:04,  6.21it/s]
 46%|████▌     | 23/50 [00:08<00:04,  6.63it/s]
 48%|████▊     | 24/50 [00:08<00:03,  7.04it/s]
 50%|█████     | 25/50 [00:08<00:03,  7.39it/s]
 52%|█████▏    | 26/50 [00:08<00:03,  7.65it/s]
 54%|█████▍    | 27/50 [00:08<00:02,  7.89it/s]
 56%|█████▌    | 28/50 [00:08<00:02,  8.07it/s]
 58%|█████▊    | 29/50 [00:09<00:02,  8.21it/s]
 62%|██████▏   | 31/50 [00:09<00:02,  9.25it/s]
 66%|██████▌   | 33/50 [00:09<00:01,  9.98it/s]
 70%|███████   | 35/50 [00:09<00:01, 10.46it/s]
 74%|███████▍  | 37/50 [00:09<00:01, 10.77it/s]
 78%|███████▊  | 39/50 [00:09<00:01, 10.95it/s]
 82%|████████▏ | 41/50 [00:10<00:00, 11.11it/s]
 86%|████████▌ | 43/50 [00:10<00:00, 11.16it/s]
 90%|█████████ | 45/50 [00:10<00:00, 11.24it/s]
 94%|█████████▍| 47/50 [00:10<00:00, 11.27it/s]
 98%|█████████▊| 49/50 [00:10<00:00, 11.27it/s]
100%|██████████| 50/50 [00:16<00:00,  2.99it/s]
[I 2023-12-11 22:52:33,013] Trial 346 finished with value: 0.43334342516903823 and parameters: {'EMBEDDING_DIM': 32, 'HIDDEN_DIM': 991, 'NUM_LAYERS': 1, 'DROPOUT': 0.332132971107331, 'LR': 0.0062435245860867645, 'WEIGHT_0': 0.9165937168857957, 'WEIGHT_1': 0.13594490709760035, 'WEIGHT_2': 0.9824198209977127, 'WEIGHT_3': 0.22113270393883078, 'WEIGHT_4': 0.4078910616286657, 'WEIGHT_5': 0.3925849270009283, 'WEIGHT_6': 0.5054207065888989, 'WEIGHT_7': 0.6513652743168603, 'WEIGHT_8': 0.8814644399342689}. Best is trial 282 with value: 0.45463128081401455.
{'EMBEDDING_DIM': 32, 'HIDDEN_DIM': 991, 'NUM_LAYERS': 1, 'DROPOUT': 0.332132971107331, 'LR': 0.0062435245860867645, 'WEIGHT_0': 0.9165937168857957, 'WEIGHT_1': 0.13594490709760035, 'WEIGHT_2': 0.9824198209977127, 'WEIGHT_3': 0.22113270393883078, 'WEIGHT_4': 0.4078910616286657, 'WEIGHT_5': 0.3925849270009283, 'WEIGHT_6': 0.5054207065888989, 'WEIGHT_7': 0.6513652743168603, 'WEIGHT_8': 0.8814644399342689}
0
              precision    recall  f1-score   support

         LOC       0.00      0.00      0.00      1837
        MISC       0.00      0.00      0.00       922
         ORG       0.00      0.00      0.00      1341
         PER       0.00      0.00      0.00      1842

   micro avg       0.00      0.00      0.00      5942
   macro avg       0.00      0.00      0.00      5942
weighted avg       0.00      0.00      0.00      5942

{'EMBEDDING_DIM': 32, 'HIDDEN_DIM': 991, 'NUM_LAYERS': 1, 'DROPOUT': 0.332132971107331, 'LR': 0.0062435245860867645, 'WEIGHT_0': 0.9165937168857957, 'WEIGHT_1': 0.13594490709760035, 'WEIGHT_2': 0.9824198209977127, 'WEIGHT_3': 0.22113270393883078, 'WEIGHT_4': 0.4078910616286657, 'WEIGHT_5': 0.3925849270009283, 'WEIGHT_6': 0.5054207065888989, 'WEIGHT_7': 0.6513652743168603, 'WEIGHT_8': 0.8814644399342689}
49
              precision    recall  f1-score   support

         LOC       0.79      0.56      0.66      1837
        MISC       0.46      0.52      0.48       922
         ORG       0.43      0.23      0.30      1341
         PER       0.37      0.18      0.24      1842

   micro avg       0.54      0.36      0.43      5942
   macro avg       0.51      0.37      0.42      5942
weighted avg       0.53      0.36      0.42      5942

epoch 49
Transformer

  0%|          | 0/50 [00:00<?, ?it/s]
  2%|▏         | 1/50 [00:11<09:08, 11.19s/it]
  4%|▍         | 2/50 [00:11<03:48,  4.77s/it]
  6%|▌         | 3/50 [00:11<02:07,  2.71s/it]
  8%|▊         | 4/50 [00:11<01:20,  1.74s/it]
 10%|█         | 5/50 [00:12<00:54,  1.21s/it]
 12%|█▏        | 6/50 [00:12<00:38,  1.13it/s]
 14%|█▍        | 7/50 [00:12<00:29,  1.48it/s]
 16%|█▌        | 8/50 [00:13<00:22,  1.85it/s]
 18%|█▊        | 9/50 [00:13<00:18,  2.21it/s]
 20%|██        | 10/50 [00:13<00:15,  2.56it/s]
 22%|██▏       | 11/50 [00:13<00:13,  2.85it/s]
 24%|██▍       | 12/50 [00:14<00:12,  3.12it/s]
 26%|██▌       | 13/50 [00:14<00:11,  3.34it/s]
 28%|██▊       | 14/50 [00:14<00:10,  3.51it/s]
 30%|███       | 15/50 [00:14<00:09,  3.65it/s]
 32%|███▏      | 16/50 [00:15<00:09,  3.75it/s]
 34%|███▍      | 17/50 [00:15<00:08,  3.81it/s]
 36%|███▌      | 18/50 [00:15<00:08,  3.86it/s]
 38%|███▊      | 19/50 [00:15<00:08,  3.77it/s]
 40%|████      | 20/50 [00:16<00:09,  3.09it/s]
 42%|████▏     | 21/50 [00:16<00:12,  2.37it/s]
 44%|████▍     | 22/50 [00:17<00:14,  1.91it/s]
 46%|████▌     | 23/50 [00:18<00:16,  1.68it/s]
 48%|████▊     | 24/50 [00:19<00:16,  1.58it/s]
 50%|█████     | 25/50 [00:19<00:16,  1.48it/s]
 52%|█████▏    | 26/50 [00:20<00:16,  1.48it/s]
 54%|█████▍    | 27/50 [00:21<00:15,  1.50it/s]
 56%|█████▌    | 28/50 [00:21<00:14,  1.51it/s]
 58%|█████▊    | 29/50 [00:22<00:13,  1.51it/s]
 60%|██████    | 30/50 [00:23<00:13,  1.52it/s]
 62%|██████▏   | 31/50 [00:23<00:12,  1.52it/s]
 64%|██████▍   | 32/50 [00:24<00:11,  1.52it/s]
 66%|██████▌   | 33/50 [00:25<00:11,  1.53it/s]
 68%|██████▊   | 34/50 [00:25<00:10,  1.53it/s]
 70%|███████   | 35/50 [00:26<00:09,  1.53it/s]
 72%|███████▏  | 36/50 [00:27<00:09,  1.53it/s]
 74%|███████▍  | 37/50 [00:27<00:08,  1.53it/s]
 76%|███████▌  | 38/50 [00:28<00:07,  1.53it/s]
 78%|███████▊  | 39/50 [00:29<00:07,  1.49it/s]
 80%|████████  | 40/50 [00:29<00:06,  1.46it/s]
 82%|████████▏ | 41/50 [00:30<00:06,  1.43it/s]
 84%|████████▍ | 42/50 [00:31<00:05,  1.42it/s]
 86%|████████▌ | 43/50 [00:32<00:04,  1.41it/s]
 88%|████████▊ | 44/50 [00:32<00:04,  1.40it/s]
 90%|█████████ | 45/50 [00:33<00:03,  1.40it/s]
 92%|█████████▏| 46/50 [00:34<00:02,  1.39it/s]
 94%|█████████▍| 47/50 [00:34<00:02,  1.39it/s]
 96%|█████████▌| 48/50 [00:35<00:01,  1.42it/s]
 98%|█████████▊| 49/50 [00:36<00:00,  1.45it/s]
100%|██████████| 50/50 [00:48<00:00,  4.01s/it]
100%|██████████| 50/50 [00:48<00:00,  1.04it/s]
[I 2023-12-11 22:53:31,522] Trial 347 finished with value: 0.0 and parameters: {'EMBEDDING_DIM': 32, 'HIDDEN_DIM': 721, 'NUM_LAYERS': 4, 'DROPOUT': 0.3037926719609115, 'LR': 0.007142630146908119, 'WEIGHT_0': 0.966162884129612, 'WEIGHT_1': 0.9027317152250679, 'WEIGHT_2': 0.23486229463086827, 'WEIGHT_3': 0.33375317246278113, 'WEIGHT_4': 0.9190669737784458, 'WEIGHT_5': 0.4870512704226556, 'WEIGHT_6': 0.3377829035831914, 'WEIGHT_7': 0.4910571105097483, 'WEIGHT_8': 0.5805221653923258}. Best is trial 282 with value: 0.45463128081401455.
{'EMBEDDING_DIM': 32, 'HIDDEN_DIM': 721, 'NUM_LAYERS': 4, 'DROPOUT': 0.3037926719609115, 'LR': 0.007142630146908119, 'WEIGHT_0': 0.966162884129612, 'WEIGHT_1': 0.9027317152250679, 'WEIGHT_2': 0.23486229463086827, 'WEIGHT_3': 0.33375317246278113, 'WEIGHT_4': 0.9190669737784458, 'WEIGHT_5': 0.4870512704226556, 'WEIGHT_6': 0.3377829035831914, 'WEIGHT_7': 0.4910571105097483, 'WEIGHT_8': 0.5805221653923258}
0
              precision    recall  f1-score   support

         LOC       0.00      0.00      0.00      1837
        MISC       0.00      0.00      0.00       922
         ORG       0.00      0.00      0.00      1341
         PER       0.00      0.00      0.00      1842

   micro avg       0.00      0.00      0.00      5942
   macro avg       0.00      0.00      0.00      5942
weighted avg       0.00      0.00      0.00      5942

{'EMBEDDING_DIM': 32, 'HIDDEN_DIM': 721, 'NUM_LAYERS': 4, 'DROPOUT': 0.3037926719609115, 'LR': 0.007142630146908119, 'WEIGHT_0': 0.966162884129612, 'WEIGHT_1': 0.9027317152250679, 'WEIGHT_2': 0.23486229463086827, 'WEIGHT_3': 0.33375317246278113, 'WEIGHT_4': 0.9190669737784458, 'WEIGHT_5': 0.4870512704226556, 'WEIGHT_6': 0.3377829035831914, 'WEIGHT_7': 0.4910571105097483, 'WEIGHT_8': 0.5805221653923258}
49
              precision    recall  f1-score   support

         LOC       0.00      0.00      0.00      1837
        MISC       0.00      0.00      0.00       922
         ORG       0.00      0.00      0.00      1341
         PER       0.00      0.00      0.00      1842

   micro avg       0.00      0.00      0.00      5942
   macro avg       0.00      0.00      0.00      5942
weighted avg       0.00      0.00      0.00      5942

epoch 49
Transformer

  0%|          | 0/50 [00:00<?, ?it/s]
  2%|▏         | 1/50 [00:05<04:50,  5.93s/it]
  4%|▍         | 2/50 [00:06<02:00,  2.50s/it]
  8%|▊         | 4/50 [00:06<00:45,  1.01it/s]
 12%|█▏        | 6/50 [00:06<00:24,  1.76it/s]
 14%|█▍        | 7/50 [00:06<00:19,  2.22it/s]
 18%|█▊        | 9/50 [00:06<00:12,  3.34it/s]
 22%|██▏       | 11/50 [00:06<00:08,  4.53it/s]
 26%|██▌       | 13/50 [00:07<00:06,  5.32it/s]
 28%|██▊       | 14/50 [00:07<00:06,  5.54it/s]
 30%|███       | 15/50 [00:07<00:05,  6.00it/s]
 32%|███▏      | 16/50 [00:07<00:05,  6.34it/s]
 34%|███▍      | 17/50 [00:07<00:04,  6.82it/s]
 36%|███▌      | 18/50 [00:07<00:04,  7.25it/s]
 38%|███▊      | 19/50 [00:07<00:04,  7.61it/s]
 40%|████      | 20/50 [00:07<00:03,  7.90it/s]
 42%|████▏     | 21/50 [00:08<00:03,  8.12it/s]
 44%|████▍     | 22/50 [00:08<00:03,  8.38it/s]
 48%|████▊     | 24/50 [00:08<00:02,  9.59it/s]
 52%|█████▏    | 26/50 [00:08<00:02, 10.27it/s]
 56%|█████▌    | 28/50 [00:08<00:02, 10.70it/s]
 60%|██████    | 30/50 [00:08<00:01, 11.00it/s]
 64%|██████▍   | 32/50 [00:09<00:01, 11.20it/s]
 68%|██████▊   | 34/50 [00:09<00:01, 11.32it/s]
 72%|███████▏  | 36/50 [00:09<00:01, 11.41it/s]
 76%|███████▌  | 38/50 [00:09<00:01, 11.45it/s]
 80%|████████  | 40/50 [00:09<00:00, 11.49it/s]
 84%|████████▍ | 42/50 [00:09<00:00, 11.53it/s]
 88%|████████▊ | 44/50 [00:10<00:00, 11.55it/s]
 92%|█████████▏| 46/50 [00:10<00:00, 11.54it/s]
 96%|█████████▌| 48/50 [00:10<00:00, 11.55it/s]
100%|██████████| 50/50 [00:16<00:00,  1.05it/s]
100%|██████████| 50/50 [00:16<00:00,  3.05it/s]
[I 2023-12-11 22:53:53,447] Trial 348 finished with value: 0.35925411624677644 and parameters: {'EMBEDDING_DIM': 16, 'HIDDEN_DIM': 887, 'NUM_LAYERS': 1, 'DROPOUT': 0.21993689243468442, 'LR': 0.006613340408086392, 'WEIGHT_0': 0.8329990697751164, 'WEIGHT_1': 0.1558253227761399, 'WEIGHT_2': 0.13593801078144735, 'WEIGHT_3': 0.4838566348718579, 'WEIGHT_4': 0.7962712624379575, 'WEIGHT_5': 0.4325959283030838, 'WEIGHT_6': 0.48602666347039564, 'WEIGHT_7': 0.6831319588193003, 'WEIGHT_8': 0.824389945529413}. Best is trial 282 with value: 0.45463128081401455.
{'EMBEDDING_DIM': 16, 'HIDDEN_DIM': 887, 'NUM_LAYERS': 1, 'DROPOUT': 0.21993689243468442, 'LR': 0.006613340408086392, 'WEIGHT_0': 0.8329990697751164, 'WEIGHT_1': 0.1558253227761399, 'WEIGHT_2': 0.13593801078144735, 'WEIGHT_3': 0.4838566348718579, 'WEIGHT_4': 0.7962712624379575, 'WEIGHT_5': 0.4325959283030838, 'WEIGHT_6': 0.48602666347039564, 'WEIGHT_7': 0.6831319588193003, 'WEIGHT_8': 0.824389945529413}
0
              precision    recall  f1-score   support

         LOC       0.00      0.00      0.00      1837
        MISC       0.00      0.00      0.00       922
         ORG       0.00      0.00      0.00      1341
         PER       0.00      0.00      0.00      1842

   micro avg       0.00      0.00      0.00      5942
   macro avg       0.00      0.00      0.00      5942
weighted avg       0.00      0.00      0.00      5942

{'EMBEDDING_DIM': 16, 'HIDDEN_DIM': 887, 'NUM_LAYERS': 1, 'DROPOUT': 0.21993689243468442, 'LR': 0.006613340408086392, 'WEIGHT_0': 0.8329990697751164, 'WEIGHT_1': 0.1558253227761399, 'WEIGHT_2': 0.13593801078144735, 'WEIGHT_3': 0.4838566348718579, 'WEIGHT_4': 0.7962712624379575, 'WEIGHT_5': 0.4325959283030838, 'WEIGHT_6': 0.48602666347039564, 'WEIGHT_7': 0.6831319588193003, 'WEIGHT_8': 0.824389945529413}
49
              precision    recall  f1-score   support

         LOC       0.69      0.60      0.64      1837
        MISC       0.21      0.06      0.09       922
         ORG       0.30      0.22      0.25      1341
         PER       0.28      0.20      0.23      1842

   micro avg       0.44      0.30      0.36      5942
   macro avg       0.37      0.27      0.30      5942
weighted avg       0.40      0.30      0.34      5942

epoch 49
Transformer

  0%|          | 0/50 [00:00<?, ?it/s]
  2%|▏         | 1/50 [00:05<04:48,  5.88s/it]
  6%|▌         | 3/50 [00:06<01:14,  1.59s/it]
 10%|█         | 5/50 [00:06<00:36,  1.22it/s]
 14%|█▍        | 7/50 [00:06<00:22,  1.95it/s]
 16%|█▌        | 8/50 [00:06<00:17,  2.40it/s]
 20%|██        | 10/50 [00:06<00:11,  3.48it/s]
 24%|██▍       | 12/50 [00:06<00:08,  4.58it/s]
 28%|██▊       | 14/50 [00:07<00:06,  5.71it/s]
 32%|███▏      | 16/50 [00:07<00:05,  6.77it/s]
 36%|███▌      | 18/50 [00:07<00:04,  7.67it/s]
 40%|████      | 20/50 [00:07<00:03,  8.46it/s]
 44%|████▍     | 22/50 [00:07<00:03,  9.09it/s]
 48%|████▊     | 24/50 [00:08<00:02,  9.56it/s]
 52%|█████▏    | 26/50 [00:08<00:02,  9.93it/s]
 56%|█████▌    | 28/50 [00:08<00:02, 10.16it/s]
 60%|██████    | 30/50 [00:08<00:01, 10.39it/s]
 64%|██████▍   | 32/50 [00:08<00:01, 10.51it/s]
 68%|██████▊   | 34/50 [00:08<00:01, 10.60it/s]
 72%|███████▏  | 36/50 [00:09<00:01, 10.68it/s]
 76%|███████▌  | 38/50 [00:09<00:01, 10.76it/s]
 80%|████████  | 40/50 [00:09<00:00, 10.74it/s]
 84%|████████▍ | 42/50 [00:09<00:00, 10.77it/s]
 88%|████████▊ | 44/50 [00:09<00:00, 10.81it/s]
 92%|█████████▏| 46/50 [00:10<00:00, 10.82it/s]
 96%|█████████▌| 48/50 [00:10<00:00, 10.86it/s]
100%|██████████| 50/50 [00:16<00:00,  1.02it/s]
100%|██████████| 50/50 [00:16<00:00,  3.06it/s]
