[I 2023-12-11 19:43:58,172] Trial 16 finished with value: 0.4023517883390495 and parameters: {'EMBEDDING_DIM': 64, 'HIDDEN_DIM': 858, 'NUM_LAYERS': 1, 'DROPOUT': 0.00034202173140929215, 'LR': 0.008517327109439006, 'WEIGHT_0': 0.638678325409821, 'WEIGHT_1': 0.012175666362572057, 'WEIGHT_2': 0.25895952874767847, 'WEIGHT_3': 0.41414238078610455, 'WEIGHT_4': 0.5698330749195659, 'WEIGHT_5': 0.3717152932862061, 'WEIGHT_6': 0.18827546326148936, 'WEIGHT_7': 0.8893006098452413, 'WEIGHT_8': 0.34148959057614425}. Best is trial 12 with value: 0.4422704575563029.
{'EMBEDDING_DIM': 64, 'HIDDEN_DIM': 858, 'NUM_LAYERS': 1, 'DROPOUT': 0.00034202173140929215, 'LR': 0.008517327109439006, 'WEIGHT_0': 0.638678325409821, 'WEIGHT_1': 0.012175666362572057, 'WEIGHT_2': 0.25895952874767847, 'WEIGHT_3': 0.41414238078610455, 'WEIGHT_4': 0.5698330749195659, 'WEIGHT_5': 0.3717152932862061, 'WEIGHT_6': 0.18827546326148936, 'WEIGHT_7': 0.8893006098452413, 'WEIGHT_8': 0.34148959057614425}
0
              precision    recall  f1-score   support

         LOC       0.00      0.00      0.00      1837
        MISC       0.00      0.00      0.00       922
         ORG       0.00      0.00      0.00      1341
         PER       0.00      0.00      0.00      1842

   micro avg       0.00      0.00      0.00      5942
   macro avg       0.00      0.00      0.00      5942
weighted avg       0.00      0.00      0.00      5942

{'EMBEDDING_DIM': 64, 'HIDDEN_DIM': 858, 'NUM_LAYERS': 1, 'DROPOUT': 0.00034202173140929215, 'LR': 0.008517327109439006, 'WEIGHT_0': 0.638678325409821, 'WEIGHT_1': 0.012175666362572057, 'WEIGHT_2': 0.25895952874767847, 'WEIGHT_3': 0.41414238078610455, 'WEIGHT_4': 0.5698330749195659, 'WEIGHT_5': 0.3717152932862061, 'WEIGHT_6': 0.18827546326148936, 'WEIGHT_7': 0.8893006098452413, 'WEIGHT_8': 0.34148959057614425}
49
              precision    recall  f1-score   support

         LOC       0.76      0.57      0.65      1837
        MISC       0.48      0.48      0.48       922
         ORG       0.31      0.19      0.24      1341
         PER       0.27      0.17      0.20      1842

   micro avg       0.48      0.35      0.40      5942
   macro avg       0.45      0.35      0.39      5942
weighted avg       0.46      0.35      0.39      5942

epoch 49
Transformer

  0%|          | 0/50 [00:00<?, ?it/s]
  2%|▏         | 1/50 [00:09<08:08,  9.96s/it]
  4%|▍         | 2/50 [00:10<03:34,  4.48s/it]
  6%|▌         | 3/50 [00:11<02:08,  2.74s/it]
  8%|▊         | 4/50 [00:11<01:28,  1.92s/it]
 10%|█         | 5/50 [00:12<01:05,  1.46s/it]
 12%|█▏        | 6/50 [00:13<00:52,  1.18s/it]
 14%|█▍        | 7/50 [00:13<00:43,  1.01s/it]
 16%|█▌        | 8/50 [00:14<00:37,  1.12it/s]
 18%|█▊        | 9/50 [00:15<00:33,  1.22it/s]
 20%|██        | 10/50 [00:15<00:30,  1.30it/s]
 22%|██▏       | 11/50 [00:16<00:28,  1.36it/s]
 24%|██▍       | 12/50 [00:17<00:27,  1.41it/s]
 26%|██▌       | 13/50 [00:17<00:25,  1.43it/s]
 28%|██▊       | 14/50 [00:18<00:24,  1.46it/s]
 30%|███       | 15/50 [00:19<00:23,  1.48it/s]
 32%|███▏      | 16/50 [00:19<00:22,  1.49it/s]
 34%|███▍      | 17/50 [00:20<00:21,  1.50it/s]
 36%|███▌      | 18/50 [00:21<00:21,  1.50it/s]
 38%|███▊      | 19/50 [00:21<00:20,  1.49it/s]
 40%|████      | 20/50 [00:22<00:20,  1.49it/s]
 42%|████▏     | 21/50 [00:23<00:19,  1.49it/s]
 44%|████▍     | 22/50 [00:23<00:18,  1.50it/s]
 46%|████▌     | 23/50 [00:24<00:17,  1.50it/s]
 48%|████▊     | 24/50 [00:25<00:17,  1.51it/s]
 50%|█████     | 25/50 [00:25<00:16,  1.51it/s]
 52%|█████▏    | 26/50 [00:26<00:15,  1.51it/s]
 54%|█████▍    | 27/50 [00:27<00:15,  1.51it/s]
 56%|█████▌    | 28/50 [00:27<00:14,  1.51it/s]
 58%|█████▊    | 29/50 [00:28<00:13,  1.52it/s]
 60%|██████    | 30/50 [00:29<00:13,  1.52it/s]
 62%|██████▏   | 31/50 [00:29<00:12,  1.52it/s]
 64%|██████▍   | 32/50 [00:30<00:11,  1.52it/s]
 66%|██████▌   | 33/50 [00:31<00:11,  1.52it/s]
 68%|██████▊   | 34/50 [00:31<00:10,  1.52it/s]
 70%|███████   | 35/50 [00:32<00:09,  1.51it/s]
 72%|███████▏  | 36/50 [00:33<00:09,  1.51it/s]
 74%|███████▍  | 37/50 [00:33<00:08,  1.49it/s]
 76%|███████▌  | 38/50 [00:34<00:08,  1.48it/s]
 78%|███████▊  | 39/50 [00:35<00:07,  1.48it/s]
 80%|████████  | 40/50 [00:35<00:06,  1.49it/s]
 82%|████████▏ | 41/50 [00:36<00:06,  1.50it/s]
 84%|████████▍ | 42/50 [00:37<00:05,  1.50it/s]
 86%|████████▌ | 43/50 [00:37<00:04,  1.51it/s]
 88%|████████▊ | 44/50 [00:38<00:03,  1.51it/s]
 90%|█████████ | 45/50 [00:39<00:03,  1.51it/s]
 92%|█████████▏| 46/50 [00:39<00:02,  1.51it/s]
 94%|█████████▍| 47/50 [00:40<00:01,  1.51it/s]
 96%|█████████▌| 48/50 [00:41<00:01,  1.51it/s]
 98%|█████████▊| 49/50 [00:41<00:00,  1.51it/s]
100%|██████████| 50/50 [00:53<00:00,  3.88s/it]
100%|██████████| 50/50 [00:53<00:00,  1.06s/it]
[I 2023-12-11 19:45:00,259] Trial 17 finished with value: 0.0 and parameters: {'EMBEDDING_DIM': 256, 'HIDDEN_DIM': 1665, 'NUM_LAYERS': 3, 'DROPOUT': 0.17162581642877542, 'LR': 0.008692752673363698, 'WEIGHT_0': 0.8495949266849006, 'WEIGHT_1': 0.2307563013361621, 'WEIGHT_2': 0.43777065562377754, 'WEIGHT_3': 0.22731042815120228, 'WEIGHT_4': 0.6891250363685554, 'WEIGHT_5': 0.5832879463773095, 'WEIGHT_6': 0.29822905955337586, 'WEIGHT_7': 0.9753290274126624, 'WEIGHT_8': 0.6047432926877117}. Best is trial 12 with value: 0.4422704575563029.
{'EMBEDDING_DIM': 256, 'HIDDEN_DIM': 1665, 'NUM_LAYERS': 3, 'DROPOUT': 0.17162581642877542, 'LR': 0.008692752673363698, 'WEIGHT_0': 0.8495949266849006, 'WEIGHT_1': 0.2307563013361621, 'WEIGHT_2': 0.43777065562377754, 'WEIGHT_3': 0.22731042815120228, 'WEIGHT_4': 0.6891250363685554, 'WEIGHT_5': 0.5832879463773095, 'WEIGHT_6': 0.29822905955337586, 'WEIGHT_7': 0.9753290274126624, 'WEIGHT_8': 0.6047432926877117}
0
              precision    recall  f1-score   support

         LOC       0.00      0.00      0.00      1837
        MISC       0.00      0.00      0.00       922
         ORG       0.00      0.00      0.00      1341
         PER       0.00      0.00      0.00      1842

   micro avg       0.00      0.00      0.00      5942
   macro avg       0.00      0.00      0.00      5942
weighted avg       0.00      0.00      0.00      5942

{'EMBEDDING_DIM': 256, 'HIDDEN_DIM': 1665, 'NUM_LAYERS': 3, 'DROPOUT': 0.17162581642877542, 'LR': 0.008692752673363698, 'WEIGHT_0': 0.8495949266849006, 'WEIGHT_1': 0.2307563013361621, 'WEIGHT_2': 0.43777065562377754, 'WEIGHT_3': 0.22731042815120228, 'WEIGHT_4': 0.6891250363685554, 'WEIGHT_5': 0.5832879463773095, 'WEIGHT_6': 0.29822905955337586, 'WEIGHT_7': 0.9753290274126624, 'WEIGHT_8': 0.6047432926877117}
49
              precision    recall  f1-score   support

         LOC       0.00      0.00      0.00      1837
        MISC       0.00      0.00      0.00       922
         ORG       0.00      0.00      0.00      1341
         PER       0.00      0.00      0.00      1842

   micro avg       0.00      0.00      0.00      5942
   macro avg       0.00      0.00      0.00      5942
weighted avg       0.00      0.00      0.00      5942

epoch 49
Transformer

  0%|          | 0/50 [00:00<?, ?it/s]
  2%|▏         | 1/50 [00:10<08:40, 10.63s/it]
  4%|▍         | 2/50 [00:11<03:57,  4.95s/it]
  6%|▌         | 3/50 [00:12<02:27,  3.14s/it]
  8%|▊         | 4/50 [00:13<01:45,  2.29s/it]
 10%|█         | 5/50 [00:14<01:22,  1.82s/it]
 12%|█▏        | 6/50 [00:15<01:07,  1.54s/it]
 14%|█▍        | 7/50 [00:16<00:58,  1.36s/it]
 16%|█▌        | 8/50 [00:17<00:52,  1.24s/it]
 18%|█▊        | 9/50 [00:18<00:47,  1.17s/it]
 20%|██        | 10/50 [00:19<00:44,  1.11s/it]
 22%|██▏       | 11/50 [00:20<00:41,  1.08s/it]
 24%|██▍       | 12/50 [00:21<00:39,  1.05s/it]
 26%|██▌       | 13/50 [00:22<00:38,  1.03s/it]
 28%|██▊       | 14/50 [00:23<00:36,  1.02s/it]
 30%|███       | 15/50 [00:24<00:35,  1.02s/it]
 32%|███▏      | 16/50 [00:25<00:34,  1.01s/it]
 34%|███▍      | 17/50 [00:26<00:33,  1.01s/it]
 36%|███▌      | 18/50 [00:27<00:32,  1.00s/it]
 38%|███▊      | 19/50 [00:28<00:31,  1.00s/it]
 40%|████      | 20/50 [00:29<00:30,  1.00s/it]
 42%|████▏     | 21/50 [00:30<00:29,  1.00s/it]
 44%|████▍     | 22/50 [00:31<00:28,  1.00s/it]
 46%|████▌     | 23/50 [00:32<00:27,  1.00s/it]
 48%|████▊     | 24/50 [00:33<00:26,  1.00s/it]
 50%|█████     | 25/50 [00:34<00:25,  1.00s/it]
 52%|█████▏    | 26/50 [00:35<00:24,  1.00s/it]
 54%|█████▍    | 27/50 [00:36<00:23,  1.00s/it]
 56%|█████▌    | 28/50 [00:37<00:22,  1.00s/it]
 58%|█████▊    | 29/50 [00:38<00:21,  1.00s/it]
 60%|██████    | 30/50 [00:39<00:20,  1.00s/it]
 62%|██████▏   | 31/50 [00:40<00:19,  1.01s/it]
 64%|██████▍   | 32/50 [00:41<00:18,  1.01s/it]
 66%|██████▌   | 33/50 [00:42<00:17,  1.01s/it]
 68%|██████▊   | 34/50 [00:43<00:16,  1.01s/it]
 70%|███████   | 35/50 [00:44<00:15,  1.01s/it]
 72%|███████▏  | 36/50 [00:45<00:14,  1.01s/it]
 74%|███████▍  | 37/50 [00:46<00:13,  1.01s/it]
 76%|███████▌  | 38/50 [00:47<00:12,  1.01s/it]
 78%|███████▊  | 39/50 [00:48<00:11,  1.01s/it]
 80%|████████  | 40/50 [00:49<00:10,  1.01s/it]
 82%|████████▏ | 41/50 [00:50<00:09,  1.01s/it]
 84%|████████▍ | 42/50 [00:51<00:08,  1.01s/it]
 86%|████████▌ | 43/50 [00:52<00:07,  1.01s/it]
 88%|████████▊ | 44/50 [00:53<00:06,  1.02s/it]
 90%|█████████ | 45/50 [00:54<00:05,  1.02s/it]
 92%|█████████▏| 46/50 [00:55<00:04,  1.02s/it]
 94%|█████████▍| 47/50 [00:56<00:03,  1.03s/it]
 96%|█████████▌| 48/50 [00:57<00:02,  1.03s/it]
 98%|█████████▊| 49/50 [00:58<00:01,  1.03s/it]
100%|██████████| 50/50 [01:08<00:00,  3.47s/it]
100%|██████████| 50/50 [01:08<00:00,  1.36s/it]
[I 2023-12-11 19:46:15,936] Trial 18 finished with value: 0.0 and parameters: {'EMBEDDING_DIM': 512, 'HIDDEN_DIM': 2295, 'NUM_LAYERS': 2, 'DROPOUT': 0.28681027497809086, 'LR': 0.00775428634377145, 'WEIGHT_0': 0.9473153311977006, 'WEIGHT_1': 0.5464447809093268, 'WEIGHT_2': 0.028048639421180188, 'WEIGHT_3': 0.28317386962744745, 'WEIGHT_4': 0.8247019673641425, 'WEIGHT_5': 0.22259555071900575, 'WEIGHT_6': 0.11395539150306239, 'WEIGHT_7': 0.8563006614110698, 'WEIGHT_8': 0.40703884340473406}. Best is trial 12 with value: 0.4422704575563029.
{'EMBEDDING_DIM': 512, 'HIDDEN_DIM': 2295, 'NUM_LAYERS': 2, 'DROPOUT': 0.28681027497809086, 'LR': 0.00775428634377145, 'WEIGHT_0': 0.9473153311977006, 'WEIGHT_1': 0.5464447809093268, 'WEIGHT_2': 0.028048639421180188, 'WEIGHT_3': 0.28317386962744745, 'WEIGHT_4': 0.8247019673641425, 'WEIGHT_5': 0.22259555071900575, 'WEIGHT_6': 0.11395539150306239, 'WEIGHT_7': 0.8563006614110698, 'WEIGHT_8': 0.40703884340473406}
0
              precision    recall  f1-score   support

         LOC       0.00      0.00      0.00      1837
        MISC       0.00      0.00      0.00       922
         ORG       0.00      0.00      0.00      1341
         PER       0.00      0.00      0.00      1842

   micro avg       0.00      0.00      0.00      5942
   macro avg       0.00      0.00      0.00      5942
weighted avg       0.00      0.00      0.00      5942

{'EMBEDDING_DIM': 512, 'HIDDEN_DIM': 2295, 'NUM_LAYERS': 2, 'DROPOUT': 0.28681027497809086, 'LR': 0.00775428634377145, 'WEIGHT_0': 0.9473153311977006, 'WEIGHT_1': 0.5464447809093268, 'WEIGHT_2': 0.028048639421180188, 'WEIGHT_3': 0.28317386962744745, 'WEIGHT_4': 0.8247019673641425, 'WEIGHT_5': 0.22259555071900575, 'WEIGHT_6': 0.11395539150306239, 'WEIGHT_7': 0.8563006614110698, 'WEIGHT_8': 0.40703884340473406}
49
              precision    recall  f1-score   support

         LOC       0.00      0.00      0.00      1837
        MISC       0.00      0.00      0.00       922
         ORG       0.00      0.00      0.00      1341
         PER       0.00      0.00      0.00      1842

   micro avg       0.00      0.00      0.00      5942
   macro avg       0.00      0.00      0.00      5942
weighted avg       0.00      0.00      0.00      5942

epoch 49
Transformer

  0%|          | 0/50 [00:00<?, ?it/s]
  2%|▏         | 1/50 [00:05<04:47,  5.86s/it]
  4%|▍         | 2/50 [00:05<01:59,  2.48s/it]
  6%|▌         | 3/50 [00:06<01:05,  1.40s/it]
  8%|▊         | 4/50 [00:06<00:40,  1.13it/s]
 10%|█         | 5/50 [00:06<00:27,  1.66it/s]
 12%|█▏        | 6/50 [00:06<00:19,  2.24it/s]
 14%|█▍        | 7/50 [00:06<00:15,  2.87it/s]
 16%|█▌        | 8/50 [00:06<00:12,  3.42it/s]
 18%|█▊        | 9/50 [00:06<00:10,  3.88it/s]
 20%|██        | 10/50 [00:07<00:08,  4.52it/s]
 22%|██▏       | 11/50 [00:07<00:07,  5.05it/s]
 24%|██▍       | 12/50 [00:07<00:06,  5.49it/s]
 26%|██▌       | 13/50 [00:07<00:06,  5.85it/s]
 28%|██▊       | 14/50 [00:07<00:05,  6.12it/s]
 30%|███       | 15/50 [00:07<00:05,  6.40it/s]
 32%|███▏      | 16/50 [00:07<00:04,  6.99it/s]
 34%|███▍      | 17/50 [00:08<00:04,  7.48it/s]
 36%|███▌      | 18/50 [00:08<00:04,  7.87it/s]
 38%|███▊      | 19/50 [00:08<00:03,  8.15it/s]
 40%|████      | 20/50 [00:08<00:03,  8.36it/s]
 42%|████▏     | 21/50 [00:08<00:03,  8.53it/s]
 44%|████▍     | 22/50 [00:08<00:03,  8.65it/s]
 46%|████▌     | 23/50 [00:08<00:03,  8.72it/s]
 48%|████▊     | 24/50 [00:08<00:02,  8.77it/s]
 50%|█████     | 25/50 [00:08<00:02,  8.82it/s]
 52%|█████▏    | 26/50 [00:09<00:02,  8.85it/s]
 54%|█████▍    | 27/50 [00:09<00:02,  8.87it/s]
 56%|█████▌    | 28/50 [00:09<00:02,  8.88it/s]
 58%|█████▊    | 29/50 [00:09<00:02,  8.90it/s]
 60%|██████    | 30/50 [00:09<00:02,  8.90it/s]
 62%|██████▏   | 31/50 [00:09<00:02,  8.90it/s]
 64%|██████▍   | 32/50 [00:09<00:02,  8.90it/s]
 66%|██████▌   | 33/50 [00:09<00:01,  8.90it/s]
 68%|██████▊   | 34/50 [00:09<00:01,  8.91it/s]
 70%|███████   | 35/50 [00:10<00:01,  8.90it/s]
 72%|███████▏  | 36/50 [00:10<00:01,  8.92it/s]
 74%|███████▍  | 37/50 [00:10<00:01,  8.90it/s]
 76%|███████▌  | 38/50 [00:10<00:01,  8.90it/s]
 78%|███████▊  | 39/50 [00:10<00:01,  8.91it/s]
 80%|████████  | 40/50 [00:10<00:01,  8.91it/s]
 82%|████████▏ | 41/50 [00:10<00:01,  8.90it/s]
 84%|████████▍ | 42/50 [00:10<00:00,  8.90it/s]
 86%|████████▌ | 43/50 [00:10<00:00,  8.91it/s]
 88%|████████▊ | 44/50 [00:11<00:00,  8.91it/s]
 90%|█████████ | 45/50 [00:11<00:00,  8.91it/s]
 92%|█████████▏| 46/50 [00:11<00:00,  8.89it/s]
 94%|█████████▍| 47/50 [00:11<00:00,  8.90it/s]
 96%|█████████▌| 48/50 [00:11<00:00,  8.90it/s]
 98%|█████████▊| 49/50 [00:11<00:00,  8.90it/s]
100%|██████████| 50/50 [00:18<00:00,  2.27s/it]
100%|██████████| 50/50 [00:18<00:00,  2.64it/s]
[I 2023-12-11 19:46:41,901] Trial 19 finished with value: 0.3606063292261324 and parameters: {'EMBEDDING_DIM': 128, 'HIDDEN_DIM': 55, 'NUM_LAYERS': 1, 'DROPOUT': 0.18064436788754487, 'LR': 0.009890118066461904, 'WEIGHT_0': 0.6250337454810815, 'WEIGHT_1': 0.5168817624109143, 'WEIGHT_2': 0.22722660318552484, 'WEIGHT_3': 0.43634341661647125, 'WEIGHT_4': 0.5943149882482659, 'WEIGHT_5': 0.38290112144262767, 'WEIGHT_6': 0.2082934196473978, 'WEIGHT_7': 0.7212613411683643, 'WEIGHT_8': 0.6239665157042209}. Best is trial 12 with value: 0.4422704575563029.
{'EMBEDDING_DIM': 128, 'HIDDEN_DIM': 55, 'NUM_LAYERS': 1, 'DROPOUT': 0.18064436788754487, 'LR': 0.009890118066461904, 'WEIGHT_0': 0.6250337454810815, 'WEIGHT_1': 0.5168817624109143, 'WEIGHT_2': 0.22722660318552484, 'WEIGHT_3': 0.43634341661647125, 'WEIGHT_4': 0.5943149882482659, 'WEIGHT_5': 0.38290112144262767, 'WEIGHT_6': 0.2082934196473978, 'WEIGHT_7': 0.7212613411683643, 'WEIGHT_8': 0.6239665157042209}
0
              precision    recall  f1-score   support

         LOC       0.00      0.00      0.00      1837
        MISC       0.00      0.00      0.00       922
         ORG       0.00      0.00      0.00      1341
         PER       0.00      0.00      0.00      1842

   micro avg       0.00      0.00      0.00      5942
   macro avg       0.00      0.00      0.00      5942
weighted avg       0.00      0.00      0.00      5942

{'EMBEDDING_DIM': 128, 'HIDDEN_DIM': 55, 'NUM_LAYERS': 1, 'DROPOUT': 0.18064436788754487, 'LR': 0.009890118066461904, 'WEIGHT_0': 0.6250337454810815, 'WEIGHT_1': 0.5168817624109143, 'WEIGHT_2': 0.22722660318552484, 'WEIGHT_3': 0.43634341661647125, 'WEIGHT_4': 0.5943149882482659, 'WEIGHT_5': 0.38290112144262767, 'WEIGHT_6': 0.2082934196473978, 'WEIGHT_7': 0.7212613411683643, 'WEIGHT_8': 0.6239665157042209}
49
              precision    recall  f1-score   support

         LOC       0.71      0.53      0.61      1837
        MISC       0.61      0.44      0.51       922
         ORG       0.19      0.26      0.22      1341
         PER       0.21      0.16      0.18      1842

   micro avg       0.38      0.34      0.36      5942
   macro avg       0.43      0.35      0.38      5942
weighted avg       0.42      0.34      0.37      5942

epoch 49
Transformer

  0%|          | 0/50 [00:00<?, ?it/s]
  2%|▏         | 1/50 [00:09<07:49,  9.58s/it]
  4%|▍         | 2/50 [00:09<03:15,  4.07s/it]
  6%|▌         | 3/50 [00:09<01:47,  2.30s/it]
  8%|▊         | 4/50 [00:10<01:07,  1.47s/it]
 10%|█         | 5/50 [00:10<00:45,  1.00s/it]
 12%|█▏        | 6/50 [00:10<00:32,  1.37it/s]
 14%|█▍        | 7/50 [00:10<00:23,  1.81it/s]
 16%|█▌        | 8/50 [00:10<00:18,  2.30it/s]
 18%|█▊        | 9/50 [00:11<00:14,  2.81it/s]
 20%|██        | 10/50 [00:11<00:12,  3.31it/s]
 22%|██▏       | 11/50 [00:11<00:10,  3.76it/s]
 24%|██▍       | 12/50 [00:11<00:09,  4.15it/s]
 26%|██▌       | 13/50 [00:11<00:08,  4.47it/s]
 28%|██▊       | 14/50 [00:12<00:07,  4.72it/s]
 30%|███       | 15/50 [00:12<00:07,  4.91it/s]
 32%|███▏      | 16/50 [00:12<00:06,  5.06it/s]
 34%|███▍      | 17/50 [00:12<00:06,  5.17it/s]
 36%|███▌      | 18/50 [00:12<00:06,  5.24it/s]
 38%|███▊      | 19/50 [00:12<00:05,  5.31it/s]
 40%|████      | 20/50 [00:13<00:05,  5.35it/s]
 42%|████▏     | 21/50 [00:13<00:05,  5.37it/s]
 44%|████▍     | 22/50 [00:13<00:05,  5.39it/s]
 46%|████▌     | 23/50 [00:13<00:04,  5.40it/s]
 48%|████▊     | 24/50 [00:13<00:04,  5.41it/s]
 50%|█████     | 25/50 [00:14<00:04,  5.42it/s]
 52%|█████▏    | 26/50 [00:14<00:04,  5.42it/s]
 54%|█████▍    | 27/50 [00:14<00:04,  5.43it/s]
 56%|█████▌    | 28/50 [00:14<00:04,  5.43it/s]
 58%|█████▊    | 29/50 [00:14<00:03,  5.42it/s]
 60%|██████    | 30/50 [00:14<00:03,  5.44it/s]
 62%|██████▏   | 31/50 [00:15<00:03,  5.44it/s]
 64%|██████▍   | 32/50 [00:15<00:03,  5.44it/s]
 66%|██████▌   | 33/50 [00:15<00:03,  5.43it/s]
 68%|██████▊   | 34/50 [00:15<00:02,  5.43it/s]
 70%|███████   | 35/50 [00:15<00:02,  5.43it/s]
 72%|███████▏  | 36/50 [00:16<00:02,  5.44it/s]
 74%|███████▍  | 37/50 [00:16<00:02,  5.44it/s]
 76%|███████▌  | 38/50 [00:16<00:02,  5.44it/s]
 78%|███████▊  | 39/50 [00:16<00:02,  5.44it/s]
 80%|████████  | 40/50 [00:16<00:01,  5.43it/s]
 82%|████████▏ | 41/50 [00:16<00:01,  5.44it/s]
 84%|████████▍ | 42/50 [00:17<00:01,  5.44it/s]
 86%|████████▌ | 43/50 [00:17<00:01,  5.44it/s]
 88%|████████▊ | 44/50 [00:17<00:01,  5.44it/s]
 90%|█████████ | 45/50 [00:17<00:00,  5.44it/s]
 92%|█████████▏| 46/50 [00:17<00:00,  5.43it/s]
 94%|█████████▍| 47/50 [00:18<00:00,  5.44it/s]
 96%|█████████▌| 48/50 [00:18<00:00,  5.44it/s]
 98%|█████████▊| 49/50 [00:18<00:00,  5.43it/s]
100%|██████████| 50/50 [00:28<00:00,  3.01s/it]
100%|██████████| 50/50 [00:28<00:00,  1.78it/s]
