[I 2023-12-11 22:34:52,101] Trial 310 finished with value: 0.31948223872913145 and parameters: {'EMBEDDING_DIM': 1024, 'HIDDEN_DIM': 742, 'NUM_LAYERS': 1, 'DROPOUT': 0.25277636196225517, 'LR': 0.0020213109482206627, 'WEIGHT_0': 0.9771154035915844, 'WEIGHT_1': 0.2886925368079031, 'WEIGHT_2': 0.5758270647121979, 'WEIGHT_3': 0.08551799721055926, 'WEIGHT_4': 0.7734164897245704, 'WEIGHT_5': 0.5013151434324963, 'WEIGHT_6': 0.2656908021134887, 'WEIGHT_7': 0.6300704407299947, 'WEIGHT_8': 0.9328328547287894}. Best is trial 282 with value: 0.45463128081401455.
{'EMBEDDING_DIM': 1024, 'HIDDEN_DIM': 742, 'NUM_LAYERS': 1, 'DROPOUT': 0.25277636196225517, 'LR': 0.0020213109482206627, 'WEIGHT_0': 0.9771154035915844, 'WEIGHT_1': 0.2886925368079031, 'WEIGHT_2': 0.5758270647121979, 'WEIGHT_3': 0.08551799721055926, 'WEIGHT_4': 0.7734164897245704, 'WEIGHT_5': 0.5013151434324963, 'WEIGHT_6': 0.2656908021134887, 'WEIGHT_7': 0.6300704407299947, 'WEIGHT_8': 0.9328328547287894}
0
              precision    recall  f1-score   support

         LOC       0.00      0.00      0.00      1837
        MISC       0.58      0.01      0.02       922
         ORG       0.00      0.00      0.00      1341
         PER       0.04      0.02      0.02      1842

   micro avg       0.05      0.01      0.01      5942
   macro avg       0.15      0.01      0.01      5942
weighted avg       0.10      0.01      0.01      5942

{'EMBEDDING_DIM': 1024, 'HIDDEN_DIM': 742, 'NUM_LAYERS': 1, 'DROPOUT': 0.25277636196225517, 'LR': 0.0020213109482206627, 'WEIGHT_0': 0.9771154035915844, 'WEIGHT_1': 0.2886925368079031, 'WEIGHT_2': 0.5758270647121979, 'WEIGHT_3': 0.08551799721055926, 'WEIGHT_4': 0.7734164897245704, 'WEIGHT_5': 0.5013151434324963, 'WEIGHT_6': 0.2656908021134887, 'WEIGHT_7': 0.6300704407299947, 'WEIGHT_8': 0.9328328547287894}
49
              precision    recall  f1-score   support

         LOC       0.52      0.53      0.53      1837
        MISC       0.34      0.46      0.39       922
         ORG       0.21      0.26      0.23      1341
         PER       0.15      0.23      0.18      1842

   micro avg       0.28      0.37      0.32      5942
   macro avg       0.31      0.37      0.33      5942
weighted avg       0.31      0.37      0.33      5942

epoch 49
Transformer

  0%|          | 0/50 [00:00<?, ?it/s]
  2%|▏         | 1/50 [00:05<04:52,  5.97s/it]
  6%|▌         | 3/50 [00:06<01:16,  1.62s/it]
 10%|█         | 5/50 [00:06<00:37,  1.20it/s]
 14%|█▍        | 7/50 [00:06<00:22,  1.92it/s]
 16%|█▌        | 8/50 [00:06<00:17,  2.36it/s]
 20%|██        | 10/50 [00:06<00:11,  3.44it/s]
 24%|██▍       | 12/50 [00:06<00:08,  4.61it/s]
 28%|██▊       | 14/50 [00:07<00:06,  5.78it/s]
 32%|███▏      | 16/50 [00:07<00:04,  6.90it/s]
 36%|███▌      | 18/50 [00:07<00:04,  7.90it/s]
 40%|████      | 20/50 [00:07<00:03,  8.74it/s]
 44%|████▍     | 22/50 [00:07<00:02,  9.42it/s]
 48%|████▊     | 24/50 [00:08<00:02,  9.94it/s]
 52%|█████▏    | 26/50 [00:08<00:02, 10.32it/s]
 56%|█████▌    | 28/50 [00:08<00:02, 10.26it/s]
 60%|██████    | 30/50 [00:08<00:02,  9.35it/s]
 64%|██████▍   | 32/50 [00:08<00:01,  9.87it/s]
 68%|██████▊   | 34/50 [00:09<00:01, 10.30it/s]
 72%|███████▏  | 36/50 [00:09<00:01, 10.62it/s]
 76%|███████▌  | 38/50 [00:09<00:01, 10.85it/s]
 80%|████████  | 40/50 [00:09<00:00, 11.03it/s]
 84%|████████▍ | 42/50 [00:09<00:00, 11.13it/s]
 88%|████████▊ | 44/50 [00:09<00:00, 11.14it/s]
 92%|█████████▏| 46/50 [00:10<00:00, 11.22it/s]
 96%|█████████▌| 48/50 [00:10<00:00, 11.25it/s]
100%|██████████| 50/50 [00:16<00:00,  1.05it/s]
100%|██████████| 50/50 [00:16<00:00,  3.09it/s]
[I 2023-12-11 22:35:13,832] Trial 311 finished with value: 0.4360691792462262 and parameters: {'EMBEDDING_DIM': 32, 'HIDDEN_DIM': 681, 'NUM_LAYERS': 1, 'DROPOUT': 0.23074084138105946, 'LR': 0.005598938940739472, 'WEIGHT_0': 0.9455031431490355, 'WEIGHT_1': 0.2388281076197997, 'WEIGHT_2': 0.5115642383296941, 'WEIGHT_3': 0.16493804108496968, 'WEIGHT_4': 0.45738358486983627, 'WEIGHT_5': 0.846652920688225, 'WEIGHT_6': 0.4127605341445222, 'WEIGHT_7': 0.6788327010577471, 'WEIGHT_8': 0.9774718262780219}. Best is trial 282 with value: 0.45463128081401455.
{'EMBEDDING_DIM': 32, 'HIDDEN_DIM': 681, 'NUM_LAYERS': 1, 'DROPOUT': 0.23074084138105946, 'LR': 0.005598938940739472, 'WEIGHT_0': 0.9455031431490355, 'WEIGHT_1': 0.2388281076197997, 'WEIGHT_2': 0.5115642383296941, 'WEIGHT_3': 0.16493804108496968, 'WEIGHT_4': 0.45738358486983627, 'WEIGHT_5': 0.846652920688225, 'WEIGHT_6': 0.4127605341445222, 'WEIGHT_7': 0.6788327010577471, 'WEIGHT_8': 0.9774718262780219}
0
              precision    recall  f1-score   support

         LOC       0.00      0.00      0.00      1837
        MISC       0.00      0.00      0.00       922
         ORG       0.00      0.00      0.00      1341
         PER       0.00      0.00      0.00      1842

   micro avg       0.00      0.00      0.00      5942
   macro avg       0.00      0.00      0.00      5942
weighted avg       0.00      0.00      0.00      5942

{'EMBEDDING_DIM': 32, 'HIDDEN_DIM': 681, 'NUM_LAYERS': 1, 'DROPOUT': 0.23074084138105946, 'LR': 0.005598938940739472, 'WEIGHT_0': 0.9455031431490355, 'WEIGHT_1': 0.2388281076197997, 'WEIGHT_2': 0.5115642383296941, 'WEIGHT_3': 0.16493804108496968, 'WEIGHT_4': 0.45738358486983627, 'WEIGHT_5': 0.846652920688225, 'WEIGHT_6': 0.4127605341445222, 'WEIGHT_7': 0.6788327010577471, 'WEIGHT_8': 0.9774718262780219}
49
              precision    recall  f1-score   support

         LOC       0.75      0.59      0.66      1837
        MISC       0.57      0.49      0.52       922
         ORG       0.36      0.23      0.28      1341
         PER       0.35      0.18      0.24      1842

   micro avg       0.54      0.37      0.44      5942
   macro avg       0.51      0.37      0.43      5942
weighted avg       0.51      0.37      0.42      5942

epoch 49
Transformer

  0%|          | 0/50 [00:00<?, ?it/s]
  2%|▏         | 1/50 [00:05<04:48,  5.88s/it]
  4%|▍         | 2/50 [00:06<01:59,  2.50s/it]
  8%|▊         | 4/50 [00:06<00:45,  1.01it/s]
 12%|█▏        | 6/50 [00:06<00:24,  1.78it/s]
 16%|█▌        | 8/50 [00:06<00:15,  2.69it/s]
 20%|██        | 10/50 [00:06<00:10,  3.72it/s]
 24%|██▍       | 12/50 [00:06<00:07,  4.84it/s]
 28%|██▊       | 14/50 [00:07<00:06,  5.97it/s]
 32%|███▏      | 16/50 [00:07<00:04,  7.05it/s]
 36%|███▌      | 18/50 [00:07<00:03,  8.01it/s]
 40%|████      | 20/50 [00:07<00:03,  8.81it/s]
 44%|████▍     | 22/50 [00:07<00:02,  9.48it/s]
 48%|████▊     | 24/50 [00:07<00:02, 10.01it/s]
 52%|█████▏    | 26/50 [00:08<00:02, 10.39it/s]
 56%|█████▌    | 28/50 [00:08<00:02, 10.69it/s]
 60%|██████    | 30/50 [00:08<00:01, 10.90it/s]
 64%|██████▍   | 32/50 [00:08<00:01, 11.05it/s]
 68%|██████▊   | 34/50 [00:08<00:01, 11.16it/s]
 72%|███████▏  | 36/50 [00:08<00:01, 11.25it/s]
 76%|███████▌  | 38/50 [00:09<00:01, 11.29it/s]
 80%|████████  | 40/50 [00:09<00:00, 11.34it/s]
 84%|████████▍ | 42/50 [00:09<00:00, 11.36it/s]
 88%|████████▊ | 44/50 [00:09<00:00, 11.38it/s]
 92%|█████████▏| 46/50 [00:09<00:00, 11.39it/s]
 96%|█████████▌| 48/50 [00:10<00:00, 11.40it/s]
100%|██████████| 50/50 [00:15<00:00,  1.05it/s]
100%|██████████| 50/50 [00:15<00:00,  3.13it/s]
[I 2023-12-11 22:35:35,327] Trial 312 finished with value: 0.43642717648268065 and parameters: {'EMBEDDING_DIM': 32, 'HIDDEN_DIM': 951, 'NUM_LAYERS': 1, 'DROPOUT': 0.2408368202269873, 'LR': 0.005376350931873561, 'WEIGHT_0': 0.494830088168009, 'WEIGHT_1': 0.1893722375753617, 'WEIGHT_2': 0.49479276907849906, 'WEIGHT_3': 0.12420658910807814, 'WEIGHT_4': 0.5240115255040508, 'WEIGHT_5': 0.5600770099275658, 'WEIGHT_6': 0.07475652929489081, 'WEIGHT_7': 0.6527819244681243, 'WEIGHT_8': 0.9952605495839015}. Best is trial 282 with value: 0.45463128081401455.
{'EMBEDDING_DIM': 32, 'HIDDEN_DIM': 951, 'NUM_LAYERS': 1, 'DROPOUT': 0.2408368202269873, 'LR': 0.005376350931873561, 'WEIGHT_0': 0.494830088168009, 'WEIGHT_1': 0.1893722375753617, 'WEIGHT_2': 0.49479276907849906, 'WEIGHT_3': 0.12420658910807814, 'WEIGHT_4': 0.5240115255040508, 'WEIGHT_5': 0.5600770099275658, 'WEIGHT_6': 0.07475652929489081, 'WEIGHT_7': 0.6527819244681243, 'WEIGHT_8': 0.9952605495839015}
0
              precision    recall  f1-score   support

         LOC       0.00      0.00      0.00      1837
        MISC       0.00      0.00      0.00       922
         ORG       0.00      0.00      0.00      1341
         PER       0.00      0.00      0.00      1842

   micro avg       0.00      0.00      0.00      5942
   macro avg       0.00      0.00      0.00      5942
weighted avg       0.00      0.00      0.00      5942

{'EMBEDDING_DIM': 32, 'HIDDEN_DIM': 951, 'NUM_LAYERS': 1, 'DROPOUT': 0.2408368202269873, 'LR': 0.005376350931873561, 'WEIGHT_0': 0.494830088168009, 'WEIGHT_1': 0.1893722375753617, 'WEIGHT_2': 0.49479276907849906, 'WEIGHT_3': 0.12420658910807814, 'WEIGHT_4': 0.5240115255040508, 'WEIGHT_5': 0.5600770099275658, 'WEIGHT_6': 0.07475652929489081, 'WEIGHT_7': 0.6527819244681243, 'WEIGHT_8': 0.9952605495839015}
49
              precision    recall  f1-score   support

         LOC       0.76      0.59      0.67      1837
        MISC       0.58      0.46      0.51       922
         ORG       0.40      0.21      0.28      1341
         PER       0.35      0.18      0.24      1842

   micro avg       0.56      0.36      0.44      5942
   macro avg       0.52      0.36      0.42      5942
weighted avg       0.53      0.36      0.42      5942

epoch 49
Transformer

  0%|          | 0/50 [00:00<?, ?it/s]
  2%|▏         | 1/50 [00:06<05:06,  6.26s/it]
  4%|▍         | 2/50 [00:06<02:14,  2.80s/it]
  6%|▌         | 3/50 [00:07<01:19,  1.70s/it]
  8%|▊         | 4/50 [00:07<00:54,  1.18s/it]
 10%|█         | 5/50 [00:07<00:40,  1.12it/s]
 12%|█▏        | 6/50 [00:08<00:31,  1.39it/s]
 14%|█▍        | 7/50 [00:08<00:26,  1.65it/s]
 16%|█▌        | 8/50 [00:08<00:22,  1.87it/s]
 18%|█▊        | 9/50 [00:09<00:19,  2.06it/s]
 20%|██        | 10/50 [00:09<00:18,  2.21it/s]
 22%|██▏       | 11/50 [00:10<00:16,  2.32it/s]
 24%|██▍       | 12/50 [00:10<00:15,  2.41it/s]
 26%|██▌       | 13/50 [00:10<00:14,  2.47it/s]
 28%|██▊       | 14/50 [00:11<00:14,  2.52it/s]
 30%|███       | 15/50 [00:11<00:13,  2.55it/s]
 32%|███▏      | 16/50 [00:11<00:13,  2.58it/s]
 34%|███▍      | 17/50 [00:12<00:12,  2.59it/s]
 36%|███▌      | 18/50 [00:12<00:12,  2.60it/s]
 38%|███▊      | 19/50 [00:13<00:11,  2.61it/s]
 40%|████      | 20/50 [00:13<00:11,  2.62it/s]
 42%|████▏     | 21/50 [00:13<00:11,  2.62it/s]
 44%|████▍     | 22/50 [00:14<00:10,  2.62it/s]
 46%|████▌     | 23/50 [00:14<00:10,  2.63it/s]
 48%|████▊     | 24/50 [00:15<00:09,  2.63it/s]
 50%|█████     | 25/50 [00:15<00:09,  2.63it/s]
 52%|█████▏    | 26/50 [00:15<00:09,  2.63it/s]
 54%|█████▍    | 27/50 [00:16<00:08,  2.63it/s]
 56%|█████▌    | 28/50 [00:16<00:08,  2.63it/s]
 58%|█████▊    | 29/50 [00:16<00:07,  2.63it/s]
 60%|██████    | 30/50 [00:17<00:07,  2.62it/s]
 62%|██████▏   | 31/50 [00:17<00:07,  2.62it/s]
 64%|██████▍   | 32/50 [00:18<00:06,  2.62it/s]
 66%|██████▌   | 33/50 [00:18<00:06,  2.62it/s]
 68%|██████▊   | 34/50 [00:18<00:06,  2.62it/s]
 70%|███████   | 35/50 [00:19<00:05,  2.62it/s]
 72%|███████▏  | 36/50 [00:19<00:05,  2.62it/s]
 74%|███████▍  | 37/50 [00:19<00:04,  2.62it/s]
 76%|███████▌  | 38/50 [00:20<00:04,  2.62it/s]
 78%|███████▊  | 39/50 [00:20<00:04,  2.60it/s]
 80%|████████  | 40/50 [00:21<00:03,  2.60it/s]
 82%|████████▏ | 41/50 [00:21<00:03,  2.60it/s]
 84%|████████▍ | 42/50 [00:21<00:03,  2.60it/s]
 86%|████████▌ | 43/50 [00:22<00:02,  2.60it/s]
 88%|████████▊ | 44/50 [00:22<00:02,  2.60it/s]
 90%|█████████ | 45/50 [00:23<00:01,  2.60it/s]
 92%|█████████▏| 46/50 [00:23<00:01,  2.61it/s]
 94%|█████████▍| 47/50 [00:23<00:01,  2.61it/s]
 96%|█████████▌| 48/50 [00:24<00:00,  2.61it/s]
 98%|█████████▊| 49/50 [00:24<00:00,  2.61it/s]
100%|██████████| 50/50 [00:30<00:00,  2.14s/it]
100%|██████████| 50/50 [00:30<00:00,  1.62it/s]
[I 2023-12-11 22:36:12,024] Trial 313 finished with value: 0.18234328848047257 and parameters: {'EMBEDDING_DIM': 512, 'HIDDEN_DIM': 838, 'NUM_LAYERS': 1, 'DROPOUT': 0.21516427597503984, 'LR': 0.005971881244203836, 'WEIGHT_0': 0.6874215548396814, 'WEIGHT_1': 0.3232006370236544, 'WEIGHT_2': 0.4718887041707903, 'WEIGHT_3': 0.06451684776045263, 'WEIGHT_4': 0.8004747506251709, 'WEIGHT_5': 0.6207170831636497, 'WEIGHT_6': 0.09800075816882675, 'WEIGHT_7': 0.6093990347015621, 'WEIGHT_8': 0.9539967837384231}. Best is trial 282 with value: 0.45463128081401455.
{'EMBEDDING_DIM': 512, 'HIDDEN_DIM': 838, 'NUM_LAYERS': 1, 'DROPOUT': 0.21516427597503984, 'LR': 0.005971881244203836, 'WEIGHT_0': 0.6874215548396814, 'WEIGHT_1': 0.3232006370236544, 'WEIGHT_2': 0.4718887041707903, 'WEIGHT_3': 0.06451684776045263, 'WEIGHT_4': 0.8004747506251709, 'WEIGHT_5': 0.6207170831636497, 'WEIGHT_6': 0.09800075816882675, 'WEIGHT_7': 0.6093990347015621, 'WEIGHT_8': 0.9539967837384231}
0
              precision    recall  f1-score   support

         LOC       0.00      0.00      0.00      1837
        MISC       0.00      0.00      0.00       922
         ORG       0.00      0.00      0.00      1341
         PER       0.00      0.00      0.00      1842

   micro avg       0.00      0.00      0.00      5942
   macro avg       0.00      0.00      0.00      5942
weighted avg       0.00      0.00      0.00      5942

{'EMBEDDING_DIM': 512, 'HIDDEN_DIM': 838, 'NUM_LAYERS': 1, 'DROPOUT': 0.21516427597503984, 'LR': 0.005971881244203836, 'WEIGHT_0': 0.6874215548396814, 'WEIGHT_1': 0.3232006370236544, 'WEIGHT_2': 0.4718887041707903, 'WEIGHT_3': 0.06451684776045263, 'WEIGHT_4': 0.8004747506251709, 'WEIGHT_5': 0.6207170831636497, 'WEIGHT_6': 0.09800075816882675, 'WEIGHT_7': 0.6093990347015621, 'WEIGHT_8': 0.9539967837384231}
49
              precision    recall  f1-score   support

         LOC       0.26      0.38      0.31      1837
        MISC       0.05      0.18      0.08       922
         ORG       0.05      0.01      0.02      1341
         PER       0.16      0.28      0.20      1842

   micro avg       0.15      0.23      0.18      5942
   macro avg       0.13      0.21      0.15      5942
weighted avg       0.15      0.23      0.17      5942

epoch 49
Transformer

  0%|          | 0/50 [00:00<?, ?it/s]
  2%|▏         | 1/50 [00:05<04:51,  5.95s/it]
  4%|▍         | 2/50 [00:06<02:00,  2.51s/it]
  6%|▌         | 3/50 [00:06<01:06,  1.41s/it]
  8%|▊         | 4/50 [00:06<00:41,  1.12it/s]
 12%|█▏        | 6/50 [00:06<00:20,  2.13it/s]
 14%|█▍        | 7/50 [00:06<00:15,  2.69it/s]
 16%|█▌        | 8/50 [00:06<00:12,  3.38it/s]
 18%|█▊        | 9/50 [00:06<00:09,  4.10it/s]
 20%|██        | 10/50 [00:06<00:08,  4.72it/s]
 24%|██▍       | 12/50 [00:07<00:05,  6.40it/s]
 28%|██▊       | 14/50 [00:07<00:04,  7.64it/s]
 32%|███▏      | 16/50 [00:07<00:03,  8.64it/s]
 36%|███▌      | 18/50 [00:07<00:03,  9.36it/s]
 40%|████      | 20/50 [00:07<00:03,  9.89it/s]
 44%|████▍     | 22/50 [00:07<00:02, 10.28it/s]
 48%|████▊     | 24/50 [00:08<00:02, 10.57it/s]
 52%|█████▏    | 26/50 [00:08<00:02, 10.76it/s]
 56%|█████▌    | 28/50 [00:08<00:02, 10.90it/s]
 60%|██████    | 30/50 [00:08<00:01, 11.01it/s]
 64%|██████▍   | 32/50 [00:08<00:01, 11.07it/s]
 68%|██████▊   | 34/50 [00:09<00:01, 11.12it/s]
 72%|███████▏  | 36/50 [00:09<00:01, 11.17it/s]
 76%|███████▌  | 38/50 [00:09<00:01, 11.17it/s]
 80%|████████  | 40/50 [00:09<00:00, 11.18it/s]
 84%|████████▍ | 42/50 [00:09<00:00, 11.22it/s]
 88%|████████▊ | 44/50 [00:09<00:00, 11.20it/s]
 92%|█████████▏| 46/50 [00:10<00:00, 11.23it/s]
 96%|█████████▌| 48/50 [00:10<00:00, 11.24it/s]
100%|██████████| 50/50 [00:16<00:00,  1.05it/s]
100%|██████████| 50/50 [00:16<00:00,  3.08it/s]
[I 2023-12-11 22:36:33,845] Trial 314 finished with value: 0.4312073806658644 and parameters: {'EMBEDDING_DIM': 32, 'HIDDEN_DIM': 1112, 'NUM_LAYERS': 1, 'DROPOUT': 0.2557731669098751, 'LR': 0.005034790670911491, 'WEIGHT_0': 0.9711804874256362, 'WEIGHT_1': 0.4020802524541758, 'WEIGHT_2': 0.2956517576679054, 'WEIGHT_3': 0.1727965908791871, 'WEIGHT_4': 0.6789337301449967, 'WEIGHT_5': 0.38514576210272156, 'WEIGHT_6': 0.06552265285668912, 'WEIGHT_7': 0.5302118481681972, 'WEIGHT_8': 0.6901072253360226}. Best is trial 282 with value: 0.45463128081401455.
{'EMBEDDING_DIM': 32, 'HIDDEN_DIM': 1112, 'NUM_LAYERS': 1, 'DROPOUT': 0.2557731669098751, 'LR': 0.005034790670911491, 'WEIGHT_0': 0.9711804874256362, 'WEIGHT_1': 0.4020802524541758, 'WEIGHT_2': 0.2956517576679054, 'WEIGHT_3': 0.1727965908791871, 'WEIGHT_4': 0.6789337301449967, 'WEIGHT_5': 0.38514576210272156, 'WEIGHT_6': 0.06552265285668912, 'WEIGHT_7': 0.5302118481681972, 'WEIGHT_8': 0.6901072253360226}
0
              precision    recall  f1-score   support

         LOC       0.00      0.00      0.00      1837
        MISC       0.00      0.00      0.00       922
         ORG       0.00      0.00      0.00      1341
         PER       0.00      0.00      0.00      1842

   micro avg       0.00      0.00      0.00      5942
   macro avg       0.00      0.00      0.00      5942
weighted avg       0.00      0.00      0.00      5942

{'EMBEDDING_DIM': 32, 'HIDDEN_DIM': 1112, 'NUM_LAYERS': 1, 'DROPOUT': 0.2557731669098751, 'LR': 0.005034790670911491, 'WEIGHT_0': 0.9711804874256362, 'WEIGHT_1': 0.4020802524541758, 'WEIGHT_2': 0.2956517576679054, 'WEIGHT_3': 0.1727965908791871, 'WEIGHT_4': 0.6789337301449967, 'WEIGHT_5': 0.38514576210272156, 'WEIGHT_6': 0.06552265285668912, 'WEIGHT_7': 0.5302118481681972, 'WEIGHT_8': 0.6901072253360226}
49
              precision    recall  f1-score   support

         LOC       0.74      0.58      0.65      1837
        MISC       0.61      0.47      0.53       922
         ORG       0.43      0.20      0.27      1341
         PER       0.30      0.21      0.25      1842

   micro avg       0.53      0.36      0.43      5942
   macro avg       0.52      0.36      0.43      5942
weighted avg       0.52      0.36      0.42      5942

epoch 49
Transformer

  0%|          | 0/50 [00:00<?, ?it/s]
  2%|▏         | 1/50 [00:05<04:51,  5.95s/it]
  4%|▍         | 2/50 [00:06<02:00,  2.52s/it]
  8%|▊         | 4/50 [00:06<00:45,  1.01it/s]
 12%|█▏        | 6/50 [00:06<00:24,  1.77it/s]
 16%|█▌        | 8/50 [00:06<00:15,  2.65it/s]
 18%|█▊        | 9/50 [00:06<00:12,  3.16it/s]
 20%|██        | 10/50 [00:06<00:10,  3.74it/s]
 22%|██▏       | 11/50 [00:06<00:09,  4.27it/s]
 26%|██▌       | 13/50 [00:07<00:06,  5.81it/s]
 30%|███       | 15/50 [00:07<00:04,  7.13it/s]
 34%|███▍      | 17/50 [00:07<00:04,  8.20it/s]
 38%|███▊      | 19/50 [00:07<00:03,  8.14it/s]
 40%|████      | 20/50 [00:07<00:03,  8.14it/s]
 42%|████▏     | 21/50 [00:07<00:03,  8.39it/s]
 44%|████▍     | 22/50 [00:08<00:03,  8.61it/s]
 46%|████▌     | 23/50 [00:08<00:03,  8.64it/s]
 48%|████▊     | 24/50 [00:08<00:03,  8.65it/s]
 50%|█████     | 25/50 [00:08<00:02,  8.66it/s]
 52%|█████▏    | 26/50 [00:08<00:02,  8.65it/s]
 54%|█████▍    | 27/50 [00:08<00:02,  8.67it/s]
 56%|█████▌    | 28/50 [00:08<00:02,  8.99it/s]
 60%|██████    | 30/50 [00:08<00:01, 10.02it/s]
 64%|██████▍   | 32/50 [00:09<00:01, 10.56it/s]
 68%|██████▊   | 34/50 [00:09<00:01, 10.85it/s]
 72%|███████▏  | 36/50 [00:09<00:01, 11.04it/s]
 76%|███████▌  | 38/50 [00:09<00:01, 11.17it/s]
 80%|████████  | 40/50 [00:09<00:00, 11.25it/s]
 84%|████████▍ | 42/50 [00:09<00:00, 11.31it/s]
 88%|████████▊ | 44/50 [00:10<00:00, 11.35it/s]
 92%|█████████▏| 46/50 [00:10<00:00, 11.37it/s]
 96%|█████████▌| 48/50 [00:10<00:00, 11.40it/s]
100%|██████████| 50/50 [00:16<00:00,  1.05it/s]
100%|██████████| 50/50 [00:16<00:00,  3.05it/s]
