[I 2023-12-11 23:16:09,176] Trial 390 finished with value: 0.43691031622602383 and parameters: {'EMBEDDING_DIM': 32, 'HIDDEN_DIM': 784, 'NUM_LAYERS': 1, 'DROPOUT': 0.1787073664068925, 'LR': 0.00954736879736331, 'WEIGHT_0': 0.9808810414414487, 'WEIGHT_1': 0.3089606741573797, 'WEIGHT_2': 0.19834186167187368, 'WEIGHT_3': 0.41561974962492393, 'WEIGHT_4': 0.5976712409464101, 'WEIGHT_5': 0.5346054186605016, 'WEIGHT_6': 0.0696584120631371, 'WEIGHT_7': 0.6512027345997489, 'WEIGHT_8': 0.8579569340503144}. Best is trial 282 with value: 0.45463128081401455.
{'EMBEDDING_DIM': 32, 'HIDDEN_DIM': 784, 'NUM_LAYERS': 1, 'DROPOUT': 0.1787073664068925, 'LR': 0.00954736879736331, 'WEIGHT_0': 0.9808810414414487, 'WEIGHT_1': 0.3089606741573797, 'WEIGHT_2': 0.19834186167187368, 'WEIGHT_3': 0.41561974962492393, 'WEIGHT_4': 0.5976712409464101, 'WEIGHT_5': 0.5346054186605016, 'WEIGHT_6': 0.0696584120631371, 'WEIGHT_7': 0.6512027345997489, 'WEIGHT_8': 0.8579569340503144}
0
              precision    recall  f1-score   support

         LOC       0.00      0.00      0.00      1837
        MISC       0.00      0.00      0.00       922
         ORG       0.00      0.00      0.00      1341
         PER       0.00      0.00      0.00      1842

   micro avg       0.00      0.00      0.00      5942
   macro avg       0.00      0.00      0.00      5942
weighted avg       0.00      0.00      0.00      5942

{'EMBEDDING_DIM': 32, 'HIDDEN_DIM': 784, 'NUM_LAYERS': 1, 'DROPOUT': 0.1787073664068925, 'LR': 0.00954736879736331, 'WEIGHT_0': 0.9808810414414487, 'WEIGHT_1': 0.3089606741573797, 'WEIGHT_2': 0.19834186167187368, 'WEIGHT_3': 0.41561974962492393, 'WEIGHT_4': 0.5976712409464101, 'WEIGHT_5': 0.5346054186605016, 'WEIGHT_6': 0.0696584120631371, 'WEIGHT_7': 0.6512027345997489, 'WEIGHT_8': 0.8579569340503144}
49
              precision    recall  f1-score   support

         LOC       0.77      0.58      0.66      1837
        MISC       0.62      0.45      0.52       922
         ORG       0.41      0.22      0.29      1341
         PER       0.36      0.18      0.24      1842

   micro avg       0.57      0.35      0.44      5942
   macro avg       0.54      0.36      0.43      5942
weighted avg       0.54      0.35      0.43      5942

epoch 49
Transformer

  0%|          | 0/50 [00:00<?, ?it/s]
  2%|▏         | 1/50 [00:06<04:54,  6.01s/it]
  4%|▍         | 2/50 [00:06<02:01,  2.54s/it]
  8%|▊         | 4/50 [00:06<00:46,  1.01s/it]
 12%|█▏        | 6/50 [00:06<00:25,  1.73it/s]
 14%|█▍        | 7/50 [00:06<00:19,  2.19it/s]
 18%|█▊        | 9/50 [00:06<00:12,  3.29it/s]
 22%|██▏       | 11/50 [00:06<00:08,  4.44it/s]
 26%|██▌       | 13/50 [00:07<00:06,  5.61it/s]
 30%|███       | 15/50 [00:07<00:05,  6.71it/s]
 34%|███▍      | 17/50 [00:07<00:04,  7.68it/s]
 38%|███▊      | 19/50 [00:07<00:03,  8.50it/s]
 42%|████▏     | 21/50 [00:07<00:03,  9.14it/s]
 46%|████▌     | 23/50 [00:08<00:02,  9.66it/s]
 50%|█████     | 25/50 [00:08<00:02, 10.06it/s]
 54%|█████▍    | 27/50 [00:08<00:02, 10.32it/s]
 58%|█████▊    | 29/50 [00:08<00:01, 10.55it/s]
 62%|██████▏   | 31/50 [00:08<00:01, 10.71it/s]
 66%|██████▌   | 33/50 [00:08<00:01, 10.81it/s]
 70%|███████   | 35/50 [00:09<00:01, 10.88it/s]
 74%|███████▍  | 37/50 [00:09<00:01, 10.94it/s]
 78%|███████▊  | 39/50 [00:09<00:01, 10.96it/s]
 82%|████████▏ | 41/50 [00:09<00:00, 10.99it/s]
 86%|████████▌ | 43/50 [00:09<00:00, 11.01it/s]
 90%|█████████ | 45/50 [00:10<00:00, 11.03it/s]
 94%|█████████▍| 47/50 [00:10<00:00, 11.05it/s]
 98%|█████████▊| 49/50 [00:10<00:00, 11.02it/s]
100%|██████████| 50/50 [00:16<00:00,  3.06it/s]
[I 2023-12-11 23:16:31,080] Trial 391 finished with value: 0.42443022790883644 and parameters: {'EMBEDDING_DIM': 64, 'HIDDEN_DIM': 435, 'NUM_LAYERS': 1, 'DROPOUT': 0.2613099344793579, 'LR': 0.0061213093997776954, 'WEIGHT_0': 0.9264561975041733, 'WEIGHT_1': 0.10824126474195006, 'WEIGHT_2': 0.23765341180630878, 'WEIGHT_3': 0.29621313581947534, 'WEIGHT_4': 0.6970018766420532, 'WEIGHT_5': 0.4912465133664304, 'WEIGHT_6': 0.5139777197350971, 'WEIGHT_7': 0.7477225743774065, 'WEIGHT_8': 0.6564744795912728}. Best is trial 282 with value: 0.45463128081401455.
{'EMBEDDING_DIM': 64, 'HIDDEN_DIM': 435, 'NUM_LAYERS': 1, 'DROPOUT': 0.2613099344793579, 'LR': 0.0061213093997776954, 'WEIGHT_0': 0.9264561975041733, 'WEIGHT_1': 0.10824126474195006, 'WEIGHT_2': 0.23765341180630878, 'WEIGHT_3': 0.29621313581947534, 'WEIGHT_4': 0.6970018766420532, 'WEIGHT_5': 0.4912465133664304, 'WEIGHT_6': 0.5139777197350971, 'WEIGHT_7': 0.7477225743774065, 'WEIGHT_8': 0.6564744795912728}
0
              precision    recall  f1-score   support

         LOC       0.00      0.00      0.00      1837
        MISC       0.00      0.00      0.00       922
         ORG       0.00      0.00      0.00      1341
         PER       0.00      0.00      0.00      1842

   micro avg       0.00      0.00      0.00      5942
   macro avg       0.00      0.00      0.00      5942
weighted avg       0.00      0.00      0.00      5942

{'EMBEDDING_DIM': 64, 'HIDDEN_DIM': 435, 'NUM_LAYERS': 1, 'DROPOUT': 0.2613099344793579, 'LR': 0.0061213093997776954, 'WEIGHT_0': 0.9264561975041733, 'WEIGHT_1': 0.10824126474195006, 'WEIGHT_2': 0.23765341180630878, 'WEIGHT_3': 0.29621313581947534, 'WEIGHT_4': 0.6970018766420532, 'WEIGHT_5': 0.4912465133664304, 'WEIGHT_6': 0.5139777197350971, 'WEIGHT_7': 0.7477225743774065, 'WEIGHT_8': 0.6564744795912728}
49
              precision    recall  f1-score   support

         LOC       0.75      0.58      0.66      1837
        MISC       0.61      0.48      0.54       922
         ORG       0.33      0.21      0.26      1341
         PER       0.31      0.18      0.23      1842

   micro avg       0.52      0.36      0.42      5942
   macro avg       0.50      0.36      0.42      5942
weighted avg       0.50      0.36      0.41      5942

epoch 49
Transformer

  0%|          | 0/50 [00:00<?, ?it/s]
  2%|▏         | 1/50 [00:05<04:51,  5.94s/it]
  6%|▌         | 3/50 [00:06<01:15,  1.61s/it]
 10%|█         | 5/50 [00:06<00:37,  1.21it/s]
 14%|█▍        | 7/50 [00:06<00:22,  1.94it/s]
 16%|█▌        | 8/50 [00:06<00:17,  2.38it/s]
 20%|██        | 10/50 [00:06<00:11,  3.47it/s]
 24%|██▍       | 12/50 [00:06<00:08,  4.64it/s]
 28%|██▊       | 14/50 [00:07<00:06,  5.81it/s]
 32%|███▏      | 16/50 [00:07<00:04,  6.92it/s]
 36%|███▌      | 18/50 [00:07<00:04,  7.91it/s]
 40%|████      | 20/50 [00:07<00:03,  8.74it/s]
 44%|████▍     | 22/50 [00:07<00:02,  9.43it/s]
 48%|████▊     | 24/50 [00:08<00:02,  9.95it/s]
 52%|█████▏    | 26/50 [00:08<00:02, 10.33it/s]
 56%|█████▌    | 28/50 [00:08<00:02, 10.62it/s]
 60%|██████    | 30/50 [00:08<00:01, 10.83it/s]
 64%|██████▍   | 32/50 [00:08<00:01, 10.97it/s]
 68%|██████▊   | 34/50 [00:08<00:01, 11.10it/s]
 72%|███████▏  | 36/50 [00:09<00:01, 11.17it/s]
 76%|███████▌  | 38/50 [00:09<00:01, 11.22it/s]
 80%|████████  | 40/50 [00:09<00:00, 11.28it/s]
 84%|████████▍ | 42/50 [00:09<00:00, 11.30it/s]
 88%|████████▊ | 44/50 [00:09<00:00, 11.32it/s]
 92%|█████████▏| 46/50 [00:09<00:00, 11.32it/s]
 96%|█████████▌| 48/50 [00:10<00:00, 11.35it/s]
100%|██████████| 50/50 [00:16<00:00,  1.05it/s]
100%|██████████| 50/50 [00:16<00:00,  3.11it/s]
[I 2023-12-11 23:16:52,726] Trial 392 finished with value: 0.40890370660913905 and parameters: {'EMBEDDING_DIM': 32, 'HIDDEN_DIM': 917, 'NUM_LAYERS': 1, 'DROPOUT': 0.07674845338225898, 'LR': 0.007040426999878214, 'WEIGHT_0': 0.9519701561875286, 'WEIGHT_1': 0.5036635820627812, 'WEIGHT_2': 0.5010623182138265, 'WEIGHT_3': 0.22794030859198364, 'WEIGHT_4': 0.8910813549721909, 'WEIGHT_5': 0.3825622325686793, 'WEIGHT_6': 0.6020755428045479, 'WEIGHT_7': 0.6233101807110959, 'WEIGHT_8': 0.5028291271813716}. Best is trial 282 with value: 0.45463128081401455.
{'EMBEDDING_DIM': 32, 'HIDDEN_DIM': 917, 'NUM_LAYERS': 1, 'DROPOUT': 0.07674845338225898, 'LR': 0.007040426999878214, 'WEIGHT_0': 0.9519701561875286, 'WEIGHT_1': 0.5036635820627812, 'WEIGHT_2': 0.5010623182138265, 'WEIGHT_3': 0.22794030859198364, 'WEIGHT_4': 0.8910813549721909, 'WEIGHT_5': 0.3825622325686793, 'WEIGHT_6': 0.6020755428045479, 'WEIGHT_7': 0.6233101807110959, 'WEIGHT_8': 0.5028291271813716}
0
              precision    recall  f1-score   support

         LOC       0.00      0.00      0.00      1837
        MISC       0.00      0.00      0.00       922
         ORG       0.00      0.00      0.00      1341
         PER       0.00      0.00      0.00      1842

   micro avg       0.00      0.00      0.00      5942
   macro avg       0.00      0.00      0.00      5942
weighted avg       0.00      0.00      0.00      5942

{'EMBEDDING_DIM': 32, 'HIDDEN_DIM': 917, 'NUM_LAYERS': 1, 'DROPOUT': 0.07674845338225898, 'LR': 0.007040426999878214, 'WEIGHT_0': 0.9519701561875286, 'WEIGHT_1': 0.5036635820627812, 'WEIGHT_2': 0.5010623182138265, 'WEIGHT_3': 0.22794030859198364, 'WEIGHT_4': 0.8910813549721909, 'WEIGHT_5': 0.3825622325686793, 'WEIGHT_6': 0.6020755428045479, 'WEIGHT_7': 0.6233101807110959, 'WEIGHT_8': 0.5028291271813716}
49
              precision    recall  f1-score   support

         LOC       0.68      0.55      0.61      1837
        MISC       0.64      0.46      0.53       922
         ORG       0.32      0.24      0.27      1341
         PER       0.31      0.18      0.23      1842

   micro avg       0.49      0.35      0.41      5942
   macro avg       0.48      0.36      0.41      5942
weighted avg       0.47      0.35      0.40      5942

epoch 49
Transformer

  0%|          | 0/50 [00:00<?, ?it/s]
  2%|▏         | 1/50 [00:05<04:53,  5.99s/it]
  6%|▌         | 3/50 [00:06<01:16,  1.62s/it]
 10%|█         | 5/50 [00:06<00:37,  1.20it/s]
 14%|█▍        | 7/50 [00:06<00:22,  1.92it/s]
 18%|█▊        | 9/50 [00:06<00:14,  2.79it/s]
 22%|██▏       | 11/50 [00:06<00:10,  3.70it/s]
 26%|██▌       | 13/50 [00:07<00:07,  4.77it/s]
 30%|███       | 15/50 [00:07<00:05,  5.87it/s]
 34%|███▍      | 17/50 [00:07<00:04,  6.91it/s]
 38%|███▊      | 19/50 [00:07<00:03,  7.87it/s]
 42%|████▏     | 21/50 [00:07<00:03,  8.69it/s]
 46%|████▌     | 23/50 [00:07<00:02,  9.36it/s]
 50%|█████     | 25/50 [00:08<00:02,  9.88it/s]
 54%|█████▍    | 27/50 [00:08<00:02, 10.25it/s]
 58%|█████▊    | 29/50 [00:08<00:01, 10.58it/s]
 62%|██████▏   | 31/50 [00:08<00:01, 10.26it/s]
 66%|██████▌   | 33/50 [00:08<00:01,  9.92it/s]
 70%|███████   | 35/50 [00:09<00:01,  9.78it/s]
 74%|███████▍  | 37/50 [00:09<00:01,  9.51it/s]
 76%|███████▌  | 38/50 [00:09<00:01,  9.48it/s]
 78%|███████▊  | 39/50 [00:09<00:01,  9.33it/s]
 80%|████████  | 40/50 [00:09<00:01,  9.35it/s]
 84%|████████▍ | 42/50 [00:09<00:00, 10.09it/s]
 88%|████████▊ | 44/50 [00:10<00:00, 10.55it/s]
 92%|█████████▏| 46/50 [00:10<00:00, 10.84it/s]
 96%|█████████▌| 48/50 [00:10<00:00, 11.01it/s]
100%|██████████| 50/50 [00:16<00:00,  1.00it/s]
100%|██████████| 50/50 [00:16<00:00,  3.06it/s]
[I 2023-12-11 23:17:14,577] Trial 393 finished with value: 0.4386161853250332 and parameters: {'EMBEDDING_DIM': 32, 'HIDDEN_DIM': 568, 'NUM_LAYERS': 1, 'DROPOUT': 0.23485649563804264, 'LR': 0.004733947837452363, 'WEIGHT_0': 0.6744619480722359, 'WEIGHT_1': 0.20517502717262281, 'WEIGHT_2': 0.11753563799519655, 'WEIGHT_3': 0.27380708994872793, 'WEIGHT_4': 0.4549426904863802, 'WEIGHT_5': 0.19453315558988798, 'WEIGHT_6': 0.10293830795463828, 'WEIGHT_7': 0.5567506252786939, 'WEIGHT_8': 0.8866644678404456}. Best is trial 282 with value: 0.45463128081401455.
{'EMBEDDING_DIM': 32, 'HIDDEN_DIM': 568, 'NUM_LAYERS': 1, 'DROPOUT': 0.23485649563804264, 'LR': 0.004733947837452363, 'WEIGHT_0': 0.6744619480722359, 'WEIGHT_1': 0.20517502717262281, 'WEIGHT_2': 0.11753563799519655, 'WEIGHT_3': 0.27380708994872793, 'WEIGHT_4': 0.4549426904863802, 'WEIGHT_5': 0.19453315558988798, 'WEIGHT_6': 0.10293830795463828, 'WEIGHT_7': 0.5567506252786939, 'WEIGHT_8': 0.8866644678404456}
0
              precision    recall  f1-score   support

         LOC       0.00      0.00      0.00      1837
        MISC       0.00      0.00      0.00       922
         ORG       0.00      0.00      0.00      1341
         PER       0.00      0.00      0.00      1842

   micro avg       0.00      0.00      0.00      5942
   macro avg       0.00      0.00      0.00      5942
weighted avg       0.00      0.00      0.00      5942

{'EMBEDDING_DIM': 32, 'HIDDEN_DIM': 568, 'NUM_LAYERS': 1, 'DROPOUT': 0.23485649563804264, 'LR': 0.004733947837452363, 'WEIGHT_0': 0.6744619480722359, 'WEIGHT_1': 0.20517502717262281, 'WEIGHT_2': 0.11753563799519655, 'WEIGHT_3': 0.27380708994872793, 'WEIGHT_4': 0.4549426904863802, 'WEIGHT_5': 0.19453315558988798, 'WEIGHT_6': 0.10293830795463828, 'WEIGHT_7': 0.5567506252786939, 'WEIGHT_8': 0.8866644678404456}
49
              precision    recall  f1-score   support

         LOC       0.77      0.59      0.67      1837
        MISC       0.64      0.46      0.54       922
         ORG       0.41      0.22      0.29      1341
         PER       0.32      0.19      0.24      1842

   micro avg       0.56      0.36      0.44      5942
   macro avg       0.54      0.36      0.43      5942
weighted avg       0.53      0.36      0.43      5942

epoch 49
Transformer

  0%|          | 0/50 [00:00<?, ?it/s]
  2%|▏         | 1/50 [00:07<06:20,  7.76s/it]
  4%|▍         | 2/50 [00:08<02:41,  3.36s/it]
  6%|▌         | 3/50 [00:08<01:32,  1.96s/it]
  8%|▊         | 4/50 [00:08<01:00,  1.31s/it]
 10%|█         | 5/50 [00:08<00:42,  1.05it/s]
 12%|█▏        | 6/50 [00:09<00:30,  1.46it/s]
 14%|█▍        | 7/50 [00:09<00:22,  1.93it/s]
 16%|█▌        | 8/50 [00:09<00:17,  2.46it/s]
 18%|█▊        | 9/50 [00:09<00:13,  3.03it/s]
 20%|██        | 10/50 [00:09<00:11,  3.60it/s]
 22%|██▏       | 11/50 [00:09<00:09,  4.26it/s]
 24%|██▍       | 12/50 [00:10<00:07,  4.86it/s]
 26%|██▌       | 13/50 [00:10<00:06,  5.41it/s]
 28%|██▊       | 14/50 [00:10<00:06,  5.88it/s]
 30%|███       | 15/50 [00:10<00:05,  6.25it/s]
 32%|███▏      | 16/50 [00:10<00:05,  6.53it/s]
 34%|███▍      | 17/50 [00:10<00:04,  6.76it/s]
 36%|███▌      | 18/50 [00:10<00:04,  6.92it/s]
 38%|███▊      | 19/50 [00:11<00:04,  7.04it/s]
 40%|████      | 20/50 [00:11<00:04,  7.11it/s]
 42%|████▏     | 21/50 [00:11<00:04,  7.18it/s]
 44%|████▍     | 22/50 [00:11<00:04,  6.87it/s]
 46%|████▌     | 23/50 [00:11<00:03,  7.00it/s]
 48%|████▊     | 24/50 [00:11<00:03,  7.10it/s]
 50%|█████     | 25/50 [00:11<00:03,  7.17it/s]
 52%|█████▏    | 26/50 [00:12<00:03,  7.22it/s]
 54%|█████▍    | 27/50 [00:12<00:03,  7.24it/s]
 56%|█████▌    | 28/50 [00:12<00:03,  7.26it/s]
 58%|█████▊    | 29/50 [00:12<00:02,  7.29it/s]
 60%|██████    | 30/50 [00:12<00:02,  7.30it/s]
 62%|██████▏   | 31/50 [00:12<00:02,  7.29it/s]
 64%|██████▍   | 32/50 [00:12<00:02,  7.31it/s]
 66%|██████▌   | 33/50 [00:12<00:02,  7.32it/s]
 68%|██████▊   | 34/50 [00:13<00:02,  7.33it/s]
 70%|███████   | 35/50 [00:13<00:02,  7.33it/s]
 72%|███████▏  | 36/50 [00:13<00:01,  7.34it/s]
 74%|███████▍  | 37/50 [00:13<00:01,  7.34it/s]
 76%|███████▌  | 38/50 [00:13<00:01,  7.34it/s]
 78%|███████▊  | 39/50 [00:13<00:01,  7.33it/s]
 80%|████████  | 40/50 [00:13<00:01,  7.33it/s]
 82%|████████▏ | 41/50 [00:14<00:01,  7.33it/s]
 84%|████████▍ | 42/50 [00:14<00:01,  7.34it/s]
 86%|████████▌ | 43/50 [00:14<00:00,  7.32it/s]
 88%|████████▊ | 44/50 [00:14<00:00,  7.33it/s]
 90%|█████████ | 45/50 [00:14<00:00,  7.33it/s]
 92%|█████████▏| 46/50 [00:14<00:00,  7.32it/s]
 94%|█████████▍| 47/50 [00:14<00:00,  7.33it/s]
 96%|█████████▌| 48/50 [00:15<00:00,  7.34it/s]
 98%|█████████▊| 49/50 [00:15<00:00,  7.34it/s]
100%|██████████| 50/50 [00:22<00:00,  2.41s/it]
100%|██████████| 50/50 [00:22<00:00,  2.19it/s]
[I 2023-12-11 23:17:45,132] Trial 394 finished with value: 0.4359633782532661 and parameters: {'EMBEDDING_DIM': 32, 'HIDDEN_DIM': 655, 'NUM_LAYERS': 2, 'DROPOUT': 0.19906425859501092, 'LR': 0.004053212562742209, 'WEIGHT_0': 0.6988813180219107, 'WEIGHT_1': 0.37080534596908066, 'WEIGHT_2': 0.2809136544148241, 'WEIGHT_3': 0.6609411402888874, 'WEIGHT_4': 0.81062499980897, 'WEIGHT_5': 0.42160896123444686, 'WEIGHT_6': 0.286143103012384, 'WEIGHT_7': 0.9929315459411242, 'WEIGHT_8': 0.6898459745248202}. Best is trial 282 with value: 0.45463128081401455.
{'EMBEDDING_DIM': 32, 'HIDDEN_DIM': 655, 'NUM_LAYERS': 2, 'DROPOUT': 0.19906425859501092, 'LR': 0.004053212562742209, 'WEIGHT_0': 0.6988813180219107, 'WEIGHT_1': 0.37080534596908066, 'WEIGHT_2': 0.2809136544148241, 'WEIGHT_3': 0.6609411402888874, 'WEIGHT_4': 0.81062499980897, 'WEIGHT_5': 0.42160896123444686, 'WEIGHT_6': 0.286143103012384, 'WEIGHT_7': 0.9929315459411242, 'WEIGHT_8': 0.6898459745248202}
0
              precision    recall  f1-score   support

         LOC       0.00      0.00      0.00      1837
        MISC       0.00      0.00      0.00       922
         ORG       0.00      0.00      0.00      1341
         PER       0.00      0.00      0.00      1842

   micro avg       0.00      0.00      0.00      5942
   macro avg       0.00      0.00      0.00      5942
weighted avg       0.00      0.00      0.00      5942

{'EMBEDDING_DIM': 32, 'HIDDEN_DIM': 655, 'NUM_LAYERS': 2, 'DROPOUT': 0.19906425859501092, 'LR': 0.004053212562742209, 'WEIGHT_0': 0.6988813180219107, 'WEIGHT_1': 0.37080534596908066, 'WEIGHT_2': 0.2809136544148241, 'WEIGHT_3': 0.6609411402888874, 'WEIGHT_4': 0.81062499980897, 'WEIGHT_5': 0.42160896123444686, 'WEIGHT_6': 0.286143103012384, 'WEIGHT_7': 0.9929315459411242, 'WEIGHT_8': 0.6898459745248202}
49
              precision    recall  f1-score   support

         LOC       0.79      0.57      0.67      1837
        MISC       0.62      0.47      0.54       922
         ORG       0.39      0.23      0.29      1341
         PER       0.33      0.17      0.23      1842

   micro avg       0.56      0.36      0.44      5942
   macro avg       0.53      0.36      0.43      5942
weighted avg       0.53      0.36      0.43      5942

epoch 49
Transformer

  0%|          | 0/50 [00:00<?, ?it/s]
  2%|▏         | 1/50 [00:06<05:06,  6.26s/it]
  6%|▌         | 3/50 [00:06<01:19,  1.69s/it]
 10%|█         | 5/50 [00:06<00:39,  1.15it/s]
 14%|█▍        | 7/50 [00:06<00:23,  1.84it/s]
 18%|█▊        | 9/50 [00:07<00:15,  2.68it/s]
 22%|██▏       | 11/50 [00:07<00:10,  3.58it/s]
 24%|██▍       | 12/50 [00:07<00:09,  4.09it/s]
 26%|██▌       | 13/50 [00:07<00:08,  4.62it/s]
 28%|██▊       | 14/50 [00:07<00:07,  5.14it/s]
 30%|███       | 15/50 [00:07<00:06,  5.82it/s]
 32%|███▏      | 16/50 [00:07<00:05,  6.48it/s]
 36%|███▌      | 18/50 [00:07<00:04,  7.91it/s]
 40%|████      | 20/50 [00:08<00:03,  8.97it/s]
 44%|████▍     | 22/50 [00:08<00:02,  9.72it/s]
 48%|████▊     | 24/50 [00:08<00:02, 10.21it/s]
 52%|█████▏    | 26/50 [00:08<00:02, 10.56it/s]
 56%|█████▌    | 28/50 [00:08<00:02, 10.81it/s]
 60%|██████    | 30/50 [00:09<00:01, 10.97it/s]
 64%|██████▍   | 32/50 [00:09<00:01, 11.09it/s]
 68%|██████▊   | 34/50 [00:09<00:01, 11.18it/s]
 72%|███████▏  | 36/50 [00:09<00:01, 11.23it/s]
 76%|███████▌  | 38/50 [00:09<00:01, 11.27it/s]
 80%|████████  | 40/50 [00:09<00:00, 11.31it/s]
 84%|████████▍ | 42/50 [00:10<00:00, 11.32it/s]
 88%|████████▊ | 44/50 [00:10<00:00, 11.33it/s]
 92%|█████████▏| 46/50 [00:10<00:00, 11.28it/s]
 96%|█████████▌| 48/50 [00:10<00:00, 11.27it/s]
100%|██████████| 50/50 [00:16<00:00,  1.04it/s]
100%|██████████| 50/50 [00:16<00:00,  3.01it/s]
