[I 2023-12-11 23:42:29,948] Trial 443 finished with value: 0.1944276718709566 and parameters: {'EMBEDDING_DIM': 256, 'HIDDEN_DIM': 818, 'NUM_LAYERS': 1, 'DROPOUT': 0.17928277630361078, 'LR': 0.009780478380296446, 'WEIGHT_0': 0.7071969606285312, 'WEIGHT_1': 0.13292096418193475, 'WEIGHT_2': 0.12130636295018962, 'WEIGHT_3': 0.47275450319191537, 'WEIGHT_4': 0.8034891766814188, 'WEIGHT_5': 0.43029300126829956, 'WEIGHT_6': 0.5337057472269892, 'WEIGHT_7': 0.618361408872461, 'WEIGHT_8': 0.42442977139128235}. Best is trial 282 with value: 0.45463128081401455.
{'EMBEDDING_DIM': 256, 'HIDDEN_DIM': 818, 'NUM_LAYERS': 1, 'DROPOUT': 0.17928277630361078, 'LR': 0.009780478380296446, 'WEIGHT_0': 0.7071969606285312, 'WEIGHT_1': 0.13292096418193475, 'WEIGHT_2': 0.12130636295018962, 'WEIGHT_3': 0.47275450319191537, 'WEIGHT_4': 0.8034891766814188, 'WEIGHT_5': 0.43029300126829956, 'WEIGHT_6': 0.5337057472269892, 'WEIGHT_7': 0.618361408872461, 'WEIGHT_8': 0.42442977139128235}
0
              precision    recall  f1-score   support

         LOC       0.00      0.00      0.00      1837
        MISC       0.00      0.00      0.00       922
         ORG       0.00      0.00      0.00      1341
         PER       0.00      0.00      0.00      1842

   micro avg       0.00      0.00      0.00      5942
   macro avg       0.00      0.00      0.00      5942
weighted avg       0.00      0.00      0.00      5942

{'EMBEDDING_DIM': 256, 'HIDDEN_DIM': 818, 'NUM_LAYERS': 1, 'DROPOUT': 0.17928277630361078, 'LR': 0.009780478380296446, 'WEIGHT_0': 0.7071969606285312, 'WEIGHT_1': 0.13292096418193475, 'WEIGHT_2': 0.12130636295018962, 'WEIGHT_3': 0.47275450319191537, 'WEIGHT_4': 0.8034891766814188, 'WEIGHT_5': 0.43029300126829956, 'WEIGHT_6': 0.5337057472269892, 'WEIGHT_7': 0.618361408872461, 'WEIGHT_8': 0.42442977139128235}
49
              precision    recall  f1-score   support

         LOC       0.38      0.35      0.36      1837
        MISC       0.11      0.00      0.00       922
         ORG       0.08      0.04      0.05      1341
         PER       0.13      0.23      0.17      1842

   micro avg       0.20      0.19      0.19      5942
   macro avg       0.18      0.16      0.15      5942
weighted avg       0.19      0.19      0.18      5942

epoch 49
Transformer

  0%|          | 0/50 [00:00<?, ?it/s]
  2%|▏         | 1/50 [00:05<04:50,  5.93s/it]
  6%|▌         | 3/50 [00:06<01:15,  1.60s/it]
 10%|█         | 5/50 [00:06<00:37,  1.21it/s]
 14%|█▍        | 7/50 [00:06<00:22,  1.94it/s]
 18%|█▊        | 9/50 [00:06<00:14,  2.82it/s]
 22%|██▏       | 11/50 [00:06<00:10,  3.83it/s]
 26%|██▌       | 13/50 [00:07<00:07,  4.92it/s]
 30%|███       | 15/50 [00:07<00:05,  6.02it/s]
 34%|███▍      | 17/50 [00:07<00:05,  6.58it/s]
 38%|███▊      | 19/50 [00:07<00:04,  7.28it/s]
 40%|████      | 20/50 [00:07<00:03,  7.60it/s]
 42%|████▏     | 21/50 [00:07<00:03,  7.89it/s]
 44%|████▍     | 22/50 [00:07<00:03,  8.07it/s]
 46%|████▌     | 23/50 [00:08<00:03,  8.36it/s]
 48%|████▊     | 24/50 [00:08<00:03,  8.48it/s]
 50%|█████     | 25/50 [00:08<00:02,  8.78it/s]
 54%|█████▍    | 27/50 [00:08<00:02,  9.84it/s]
 58%|█████▊    | 29/50 [00:08<00:02, 10.41it/s]
 62%|██████▏   | 31/50 [00:08<00:01, 10.74it/s]
 66%|██████▌   | 33/50 [00:08<00:01, 10.98it/s]
 70%|███████   | 35/50 [00:09<00:01, 11.14it/s]
 74%|███████▍  | 37/50 [00:09<00:01, 11.24it/s]
 78%|███████▊  | 39/50 [00:09<00:00, 11.29it/s]
 82%|████████▏ | 41/50 [00:09<00:00, 11.35it/s]
 86%|████████▌ | 43/50 [00:09<00:00, 11.38it/s]
 90%|█████████ | 45/50 [00:10<00:00, 11.39it/s]
 94%|█████████▍| 47/50 [00:10<00:00, 11.42it/s]
 98%|█████████▊| 49/50 [00:10<00:00, 11.44it/s]
100%|██████████| 50/50 [00:16<00:00,  3.09it/s]
[I 2023-12-11 23:42:51,646] Trial 444 finished with value: 0.4430062630480167 and parameters: {'EMBEDDING_DIM': 32, 'HIDDEN_DIM': 658, 'NUM_LAYERS': 1, 'DROPOUT': 0.2526419805253437, 'LR': 0.006676809920912076, 'WEIGHT_0': 0.8758161318044646, 'WEIGHT_1': 0.10866980224564972, 'WEIGHT_2': 0.17494843422824413, 'WEIGHT_3': 0.337582179051074, 'WEIGHT_4': 0.9327923580000298, 'WEIGHT_5': 0.38204285618751777, 'WEIGHT_6': 0.07917205230883181, 'WEIGHT_7': 0.8587853753039998, 'WEIGHT_8': 0.971192502097098}. Best is trial 282 with value: 0.45463128081401455.
{'EMBEDDING_DIM': 32, 'HIDDEN_DIM': 658, 'NUM_LAYERS': 1, 'DROPOUT': 0.2526419805253437, 'LR': 0.006676809920912076, 'WEIGHT_0': 0.8758161318044646, 'WEIGHT_1': 0.10866980224564972, 'WEIGHT_2': 0.17494843422824413, 'WEIGHT_3': 0.337582179051074, 'WEIGHT_4': 0.9327923580000298, 'WEIGHT_5': 0.38204285618751777, 'WEIGHT_6': 0.07917205230883181, 'WEIGHT_7': 0.8587853753039998, 'WEIGHT_8': 0.971192502097098}
0
              precision    recall  f1-score   support

         LOC       0.00      0.00      0.00      1837
        MISC       0.00      0.00      0.00       922
         ORG       0.00      0.00      0.00      1341
         PER       0.00      0.00      0.00      1842

   micro avg       0.00      0.00      0.00      5942
   macro avg       0.00      0.00      0.00      5942
weighted avg       0.00      0.00      0.00      5942

{'EMBEDDING_DIM': 32, 'HIDDEN_DIM': 658, 'NUM_LAYERS': 1, 'DROPOUT': 0.2526419805253437, 'LR': 0.006676809920912076, 'WEIGHT_0': 0.8758161318044646, 'WEIGHT_1': 0.10866980224564972, 'WEIGHT_2': 0.17494843422824413, 'WEIGHT_3': 0.337582179051074, 'WEIGHT_4': 0.9327923580000298, 'WEIGHT_5': 0.38204285618751777, 'WEIGHT_6': 0.07917205230883181, 'WEIGHT_7': 0.8587853753039998, 'WEIGHT_8': 0.971192502097098}
49
              precision    recall  f1-score   support

         LOC       0.77      0.59      0.67      1837
        MISC       0.65      0.47      0.54       922
         ORG       0.42      0.20      0.27      1341
         PER       0.36      0.19      0.25      1842

   micro avg       0.58      0.36      0.44      5942
   macro avg       0.55      0.36      0.43      5942
weighted avg       0.55      0.36      0.43      5942

epoch 49
Transformer

  0%|          | 0/50 [00:00<?, ?it/s]
  2%|▏         | 1/50 [00:06<04:55,  6.03s/it]
  6%|▌         | 3/50 [00:06<01:16,  1.63s/it]
 10%|█         | 5/50 [00:06<00:37,  1.19it/s]
 14%|█▍        | 7/50 [00:06<00:22,  1.92it/s]
 18%|█▊        | 9/50 [00:06<00:14,  2.77it/s]
 22%|██▏       | 11/50 [00:06<00:10,  3.78it/s]
 26%|██▌       | 13/50 [00:07<00:07,  4.86it/s]
 30%|███       | 15/50 [00:07<00:05,  5.95it/s]
 34%|███▍      | 17/50 [00:07<00:04,  6.99it/s]
 38%|███▊      | 19/50 [00:07<00:03,  7.92it/s]
 42%|████▏     | 21/50 [00:07<00:03,  8.70it/s]
 46%|████▌     | 23/50 [00:08<00:02,  9.38it/s]
 50%|█████     | 25/50 [00:08<00:02,  9.90it/s]
 54%|█████▍    | 27/50 [00:08<00:02, 10.26it/s]
 58%|█████▊    | 29/50 [00:08<00:01, 10.55it/s]
 62%|██████▏   | 31/50 [00:08<00:01, 10.77it/s]
 66%|██████▌   | 33/50 [00:08<00:01, 10.94it/s]
 70%|███████   | 35/50 [00:09<00:01, 11.06it/s]
 74%|███████▍  | 37/50 [00:09<00:01, 11.15it/s]
 78%|███████▊  | 39/50 [00:09<00:00, 11.14it/s]
 82%|████████▏ | 41/50 [00:09<00:00, 11.21it/s]
 86%|████████▌ | 43/50 [00:09<00:00, 11.20it/s]
 90%|█████████ | 45/50 [00:09<00:00, 11.24it/s]
 94%|█████████▍| 47/50 [00:10<00:00, 11.25it/s]
 98%|█████████▊| 49/50 [00:10<00:00, 11.30it/s]
100%|██████████| 50/50 [00:16<00:00,  3.09it/s]
[I 2023-12-11 23:43:13,338] Trial 445 finished with value: 0.39451955357953 and parameters: {'EMBEDDING_DIM': 16, 'HIDDEN_DIM': 457, 'NUM_LAYERS': 1, 'DROPOUT': 0.05344320733806786, 'LR': 0.004638728406872651, 'WEIGHT_0': 0.9719065325539342, 'WEIGHT_1': 0.07214880996254941, 'WEIGHT_2': 0.8392811574800413, 'WEIGHT_3': 0.5588183111697067, 'WEIGHT_4': 0.862091469930877, 'WEIGHT_5': 0.44905740066906175, 'WEIGHT_6': 0.0016109036692537604, 'WEIGHT_7': 0.926915053522466, 'WEIGHT_8': 0.5285214330547904}. Best is trial 282 with value: 0.45463128081401455.
{'EMBEDDING_DIM': 16, 'HIDDEN_DIM': 457, 'NUM_LAYERS': 1, 'DROPOUT': 0.05344320733806786, 'LR': 0.004638728406872651, 'WEIGHT_0': 0.9719065325539342, 'WEIGHT_1': 0.07214880996254941, 'WEIGHT_2': 0.8392811574800413, 'WEIGHT_3': 0.5588183111697067, 'WEIGHT_4': 0.862091469930877, 'WEIGHT_5': 0.44905740066906175, 'WEIGHT_6': 0.0016109036692537604, 'WEIGHT_7': 0.926915053522466, 'WEIGHT_8': 0.5285214330547904}
0
              precision    recall  f1-score   support

         LOC       0.00      0.00      0.00      1837
        MISC       0.00      0.00      0.00       922
         ORG       0.00      0.00      0.00      1341
         PER       0.00      0.00      0.00      1842

   micro avg       0.00      0.00      0.00      5942
   macro avg       0.00      0.00      0.00      5942
weighted avg       0.00      0.00      0.00      5942

{'EMBEDDING_DIM': 16, 'HIDDEN_DIM': 457, 'NUM_LAYERS': 1, 'DROPOUT': 0.05344320733806786, 'LR': 0.004638728406872651, 'WEIGHT_0': 0.9719065325539342, 'WEIGHT_1': 0.07214880996254941, 'WEIGHT_2': 0.8392811574800413, 'WEIGHT_3': 0.5588183111697067, 'WEIGHT_4': 0.862091469930877, 'WEIGHT_5': 0.44905740066906175, 'WEIGHT_6': 0.0016109036692537604, 'WEIGHT_7': 0.926915053522466, 'WEIGHT_8': 0.5285214330547904}
49
              precision    recall  f1-score   support

         LOC       0.75      0.60      0.66      1837
        MISC       0.40      0.49      0.44       922
         ORG       0.56      0.17      0.26      1341
         PER       0.19      0.22      0.20      1842

   micro avg       0.43      0.37      0.39      5942
   macro avg       0.48      0.37      0.39      5942
weighted avg       0.48      0.37      0.40      5942

epoch 49
Transformer

  0%|          | 0/50 [00:00<?, ?it/s]
  2%|▏         | 1/50 [00:05<04:45,  5.83s/it]
  6%|▌         | 3/50 [00:06<01:14,  1.58s/it]
 10%|█         | 5/50 [00:06<00:36,  1.23it/s]
 14%|█▍        | 7/50 [00:06<00:22,  1.95it/s]
 16%|█▌        | 8/50 [00:06<00:17,  2.39it/s]
 18%|█▊        | 9/50 [00:06<00:14,  2.92it/s]
 20%|██        | 10/50 [00:06<00:11,  3.49it/s]
 24%|██▍       | 12/50 [00:06<00:07,  4.98it/s]
 28%|██▊       | 14/50 [00:07<00:05,  6.34it/s]
 32%|███▏      | 16/50 [00:07<00:04,  7.53it/s]
 36%|███▌      | 18/50 [00:07<00:03,  8.11it/s]
 40%|████      | 20/50 [00:07<00:03,  8.16it/s]
 42%|████▏     | 21/50 [00:07<00:03,  7.76it/s]
 44%|████▍     | 22/50 [00:08<00:03,  7.88it/s]
 46%|████▌     | 23/50 [00:08<00:03,  8.19it/s]
 48%|████▊     | 24/50 [00:08<00:03,  8.46it/s]
 50%|█████     | 25/50 [00:08<00:02,  8.69it/s]
 52%|█████▏    | 26/50 [00:08<00:02,  8.88it/s]
 54%|█████▍    | 27/50 [00:08<00:02,  9.01it/s]
 56%|█████▌    | 28/50 [00:08<00:02,  9.16it/s]
 60%|██████    | 30/50 [00:08<00:01, 10.13it/s]
 64%|██████▍   | 32/50 [00:08<00:01, 10.61it/s]
 68%|██████▊   | 34/50 [00:09<00:01, 10.91it/s]
 72%|███████▏  | 36/50 [00:09<00:01, 11.08it/s]
 76%|███████▌  | 38/50 [00:09<00:01, 11.17it/s]
 80%|████████  | 40/50 [00:09<00:00, 11.28it/s]
 84%|████████▍ | 42/50 [00:09<00:00, 11.33it/s]
 88%|████████▊ | 44/50 [00:10<00:00, 11.35it/s]
 92%|█████████▏| 46/50 [00:10<00:00, 11.39it/s]
 96%|█████████▌| 48/50 [00:10<00:00, 11.38it/s]
100%|██████████| 50/50 [00:16<00:00,  1.05it/s]
100%|██████████| 50/50 [00:16<00:00,  3.07it/s]
[I 2023-12-11 23:43:35,139] Trial 446 finished with value: 0.34204500592183185 and parameters: {'EMBEDDING_DIM': 32, 'HIDDEN_DIM': 582, 'NUM_LAYERS': 1, 'DROPOUT': 0.00976930220823119, 'LR': 0.006891968068705836, 'WEIGHT_0': 0.3942656814817057, 'WEIGHT_1': 0.6510287666571549, 'WEIGHT_2': 0.4637796061272582, 'WEIGHT_3': 0.23787984779415358, 'WEIGHT_4': 0.9802288643566619, 'WEIGHT_5': 0.46874137395976717, 'WEIGHT_6': 0.449308178571333, 'WEIGHT_7': 0.5084986404371328, 'WEIGHT_8': 0.6277858472977619}. Best is trial 282 with value: 0.45463128081401455.
{'EMBEDDING_DIM': 32, 'HIDDEN_DIM': 582, 'NUM_LAYERS': 1, 'DROPOUT': 0.00976930220823119, 'LR': 0.006891968068705836, 'WEIGHT_0': 0.3942656814817057, 'WEIGHT_1': 0.6510287666571549, 'WEIGHT_2': 0.4637796061272582, 'WEIGHT_3': 0.23787984779415358, 'WEIGHT_4': 0.9802288643566619, 'WEIGHT_5': 0.46874137395976717, 'WEIGHT_6': 0.449308178571333, 'WEIGHT_7': 0.5084986404371328, 'WEIGHT_8': 0.6277858472977619}
0
              precision    recall  f1-score   support

         LOC       0.00      0.00      0.00      1837
        MISC       0.00      0.00      0.00       922
         ORG       0.00      0.00      0.00      1341
         PER       0.00      0.00      0.00      1842

   micro avg       0.00      0.00      0.00      5942
   macro avg       0.00      0.00      0.00      5942
weighted avg       0.00      0.00      0.00      5942

{'EMBEDDING_DIM': 32, 'HIDDEN_DIM': 582, 'NUM_LAYERS': 1, 'DROPOUT': 0.00976930220823119, 'LR': 0.006891968068705836, 'WEIGHT_0': 0.3942656814817057, 'WEIGHT_1': 0.6510287666571549, 'WEIGHT_2': 0.4637796061272582, 'WEIGHT_3': 0.23787984779415358, 'WEIGHT_4': 0.9802288643566619, 'WEIGHT_5': 0.46874137395976717, 'WEIGHT_6': 0.449308178571333, 'WEIGHT_7': 0.5084986404371328, 'WEIGHT_8': 0.6277858472977619}
49
              precision    recall  f1-score   support

         LOC       0.63      0.53      0.58      1837
        MISC       0.47      0.44      0.46       922
         ORG       0.16      0.31      0.21      1341
         PER       0.21      0.20      0.20      1842

   micro avg       0.32      0.36      0.34      5942
   macro avg       0.37      0.37      0.36      5942
weighted avg       0.37      0.36      0.36      5942

epoch 49
Transformer

  0%|          | 0/50 [00:00<?, ?it/s]
  2%|▏         | 1/50 [00:05<04:46,  5.85s/it]
  6%|▌         | 3/50 [00:06<01:14,  1.59s/it]
 10%|█         | 5/50 [00:06<00:36,  1.22it/s]
 14%|█▍        | 7/50 [00:06<00:22,  1.95it/s]
 18%|█▊        | 9/50 [00:06<00:14,  2.81it/s]
 22%|██▏       | 11/50 [00:06<00:10,  3.83it/s]
 26%|██▌       | 13/50 [00:06<00:07,  4.92it/s]
 30%|███       | 15/50 [00:07<00:05,  6.02it/s]
 34%|███▍      | 17/50 [00:07<00:04,  7.07it/s]
 38%|███▊      | 19/50 [00:07<00:03,  8.02it/s]
 42%|████▏     | 21/50 [00:07<00:03,  8.82it/s]
 46%|████▌     | 23/50 [00:07<00:02,  9.48it/s]
 50%|█████     | 25/50 [00:08<00:02,  9.99it/s]
 54%|█████▍    | 27/50 [00:08<00:02, 10.37it/s]
 58%|█████▊    | 29/50 [00:08<00:01, 10.67it/s]
 62%|██████▏   | 31/50 [00:08<00:01, 10.89it/s]
 66%|██████▌   | 33/50 [00:08<00:01, 11.01it/s]
 70%|███████   | 35/50 [00:08<00:01, 11.12it/s]
 74%|███████▍  | 37/50 [00:09<00:01, 11.20it/s]
 78%|███████▊  | 39/50 [00:09<00:00, 11.27it/s]
 82%|████████▏ | 41/50 [00:09<00:00, 11.32it/s]
 86%|████████▌ | 43/50 [00:09<00:00, 11.33it/s]
 90%|█████████ | 45/50 [00:09<00:00, 11.36it/s]
 94%|█████████▍| 47/50 [00:09<00:00, 11.37it/s]
 98%|█████████▊| 49/50 [00:10<00:00, 11.37it/s]
100%|██████████| 50/50 [00:15<00:00,  3.14it/s]
[I 2023-12-11 23:43:56,612] Trial 447 finished with value: 0.4031022238833863 and parameters: {'EMBEDDING_DIM': 32, 'HIDDEN_DIM': 778, 'NUM_LAYERS': 1, 'DROPOUT': 0.27454234916577724, 'LR': 0.005879782490492806, 'WEIGHT_0': 0.9391385133342213, 'WEIGHT_1': 0.5109676605181348, 'WEIGHT_2': 0.284426658818774, 'WEIGHT_3': 0.7178488176602438, 'WEIGHT_4': 0.7369918547822085, 'WEIGHT_5': 0.9339089556863768, 'WEIGHT_6': 0.5520290985087978, 'WEIGHT_7': 0.3469852497212522, 'WEIGHT_8': 0.7744296996521384}. Best is trial 282 with value: 0.45463128081401455.
{'EMBEDDING_DIM': 32, 'HIDDEN_DIM': 778, 'NUM_LAYERS': 1, 'DROPOUT': 0.27454234916577724, 'LR': 0.005879782490492806, 'WEIGHT_0': 0.9391385133342213, 'WEIGHT_1': 0.5109676605181348, 'WEIGHT_2': 0.284426658818774, 'WEIGHT_3': 0.7178488176602438, 'WEIGHT_4': 0.7369918547822085, 'WEIGHT_5': 0.9339089556863768, 'WEIGHT_6': 0.5520290985087978, 'WEIGHT_7': 0.3469852497212522, 'WEIGHT_8': 0.7744296996521384}
0
              precision    recall  f1-score   support

         LOC       0.00      0.00      0.00      1837
        MISC       0.00      0.00      0.00       922
         ORG       0.00      0.00      0.00      1341
         PER       0.00      0.00      0.00      1842

   micro avg       0.00      0.00      0.00      5942
   macro avg       0.00      0.00      0.00      5942
weighted avg       0.00      0.00      0.00      5942

{'EMBEDDING_DIM': 32, 'HIDDEN_DIM': 778, 'NUM_LAYERS': 1, 'DROPOUT': 0.27454234916577724, 'LR': 0.005879782490492806, 'WEIGHT_0': 0.9391385133342213, 'WEIGHT_1': 0.5109676605181348, 'WEIGHT_2': 0.284426658818774, 'WEIGHT_3': 0.7178488176602438, 'WEIGHT_4': 0.7369918547822085, 'WEIGHT_5': 0.9339089556863768, 'WEIGHT_6': 0.5520290985087978, 'WEIGHT_7': 0.3469852497212522, 'WEIGHT_8': 0.7744296996521384}
49
              precision    recall  f1-score   support

         LOC       0.78      0.57      0.66      1837
        MISC       0.54      0.46      0.50       922
         ORG       0.33      0.22      0.26      1341
         PER       0.22      0.21      0.21      1842

   micro avg       0.45      0.36      0.40      5942
   macro avg       0.47      0.37      0.41      5942
weighted avg       0.47      0.36      0.41      5942

epoch 49
Transformer

  0%|          | 0/50 [00:00<?, ?it/s]
  2%|▏         | 1/50 [00:08<06:48,  8.35s/it]
  4%|▍         | 2/50 [00:10<03:52,  4.84s/it]
  6%|▌         | 3/50 [00:13<02:56,  3.75s/it]
  8%|▊         | 4/50 [00:15<02:29,  3.24s/it]
 10%|█         | 5/50 [00:18<02:13,  2.96s/it]
 12%|█▏        | 6/50 [00:20<02:02,  2.80s/it]
 14%|█▍        | 7/50 [00:23<01:55,  2.69s/it]
 16%|█▌        | 8/50 [00:25<01:50,  2.62s/it]
 18%|█▊        | 9/50 [00:28<01:45,  2.58s/it]
 20%|██        | 10/50 [00:30<01:42,  2.55s/it]
 22%|██▏       | 11/50 [00:33<01:38,  2.53s/it]
 24%|██▍       | 12/50 [00:35<01:35,  2.52s/it]
 26%|██▌       | 13/50 [00:37<01:33,  2.51s/it]
 28%|██▊       | 14/50 [00:40<01:30,  2.51s/it]
 30%|███       | 15/50 [00:42<01:27,  2.51s/it]
 32%|███▏      | 16/50 [00:45<01:25,  2.51s/it]
 34%|███▍      | 17/50 [00:48<01:22,  2.51s/it]
 36%|███▌      | 18/50 [00:50<01:20,  2.51s/it]
 38%|███▊      | 19/50 [00:53<01:18,  2.52s/it]
 40%|████      | 20/50 [00:55<01:15,  2.52s/it]
 42%|████▏     | 21/50 [00:58<01:13,  2.53s/it]
 44%|████▍     | 22/50 [01:00<01:11,  2.54s/it]
 46%|████▌     | 23/50 [01:03<01:09,  2.56s/it]
 48%|████▊     | 24/50 [01:05<01:06,  2.57s/it]
 50%|█████     | 25/50 [01:08<01:04,  2.58s/it]
 52%|█████▏    | 26/50 [01:11<01:02,  2.59s/it]
 54%|█████▍    | 27/50 [01:13<00:59,  2.59s/it]
 56%|█████▌    | 28/50 [01:16<00:56,  2.59s/it]
 58%|█████▊    | 29/50 [01:18<00:54,  2.58s/it]
 60%|██████    | 30/50 [01:21<00:51,  2.57s/it]
 62%|██████▏   | 31/50 [01:23<00:48,  2.56s/it]
 64%|██████▍   | 32/50 [01:26<00:46,  2.56s/it]
 66%|██████▌   | 33/50 [01:29<00:43,  2.56s/it]
 68%|██████▊   | 34/50 [01:31<00:40,  2.56s/it]
 70%|███████   | 35/50 [01:34<00:38,  2.56s/it]
 72%|███████▏  | 36/50 [01:36<00:35,  2.56s/it]
 74%|███████▍  | 37/50 [01:39<00:33,  2.56s/it]
 76%|███████▌  | 38/50 [01:41<00:30,  2.56s/it]
 78%|███████▊  | 39/50 [01:44<00:28,  2.56s/it]
 80%|████████  | 40/50 [01:47<00:25,  2.57s/it]
 82%|████████▏ | 41/50 [01:49<00:23,  2.57s/it]
 84%|████████▍ | 42/50 [01:52<00:20,  2.58s/it]
 86%|████████▌ | 43/50 [01:54<00:18,  2.58s/it]
 88%|████████▊ | 44/50 [01:57<00:15,  2.58s/it]
 90%|█████████ | 45/50 [01:59<00:12,  2.57s/it]
 92%|█████████▏| 46/50 [02:02<00:10,  2.57s/it]
 94%|█████████▍| 47/50 [02:05<00:07,  2.56s/it]
 96%|█████████▌| 48/50 [02:07<00:05,  2.56s/it]
 98%|█████████▊| 49/50 [02:10<00:02,  2.56s/it]
100%|██████████| 50/50 [02:18<00:00,  4.34s/it]
100%|██████████| 50/50 [02:18<00:00,  2.77s/it]
