[I 2023-12-11 20:19:20,223] Trial 51 finished with value: 0.4189077368638808 and parameters: {'EMBEDDING_DIM': 32, 'HIDDEN_DIM': 224, 'NUM_LAYERS': 1, 'DROPOUT': 0.02911197051145721, 'LR': 0.005496831966868235, 'WEIGHT_0': 0.8225541652354669, 'WEIGHT_1': 0.07826468664992159, 'WEIGHT_2': 0.3041533358409999, 'WEIGHT_3': 0.0031239094996277916, 'WEIGHT_4': 0.9483265890881771, 'WEIGHT_5': 0.41603305418543024, 'WEIGHT_6': 0.31454314917262394, 'WEIGHT_7': 0.8572265354877199, 'WEIGHT_8': 0.7396134774697206}. Best is trial 42 with value: 0.44962374581939796.
{'EMBEDDING_DIM': 32, 'HIDDEN_DIM': 224, 'NUM_LAYERS': 1, 'DROPOUT': 0.02911197051145721, 'LR': 0.005496831966868235, 'WEIGHT_0': 0.8225541652354669, 'WEIGHT_1': 0.07826468664992159, 'WEIGHT_2': 0.3041533358409999, 'WEIGHT_3': 0.0031239094996277916, 'WEIGHT_4': 0.9483265890881771, 'WEIGHT_5': 0.41603305418543024, 'WEIGHT_6': 0.31454314917262394, 'WEIGHT_7': 0.8572265354877199, 'WEIGHT_8': 0.7396134774697206}
0
              precision    recall  f1-score   support

         LOC       0.00      0.00      0.00      1837
        MISC       0.00      0.00      0.00       922
         ORG       0.00      0.00      0.00      1341
         PER       0.00      0.00      0.00      1842

   micro avg       0.00      0.00      0.00      5942
   macro avg       0.00      0.00      0.00      5942
weighted avg       0.00      0.00      0.00      5942

{'EMBEDDING_DIM': 32, 'HIDDEN_DIM': 224, 'NUM_LAYERS': 1, 'DROPOUT': 0.02911197051145721, 'LR': 0.005496831966868235, 'WEIGHT_0': 0.8225541652354669, 'WEIGHT_1': 0.07826468664992159, 'WEIGHT_2': 0.3041533358409999, 'WEIGHT_3': 0.0031239094996277916, 'WEIGHT_4': 0.9483265890881771, 'WEIGHT_5': 0.41603305418543024, 'WEIGHT_6': 0.31454314917262394, 'WEIGHT_7': 0.8572265354877199, 'WEIGHT_8': 0.7396134774697206}
49
              precision    recall  f1-score   support

         LOC       0.75      0.57      0.64      1837
        MISC       0.57      0.47      0.51       922
         ORG       0.32      0.21      0.26      1341
         PER       0.39      0.15      0.21      1842

   micro avg       0.54      0.34      0.42      5942
   macro avg       0.51      0.35      0.41      5942
weighted avg       0.51      0.34      0.40      5942

epoch 49
Transformer

  0%|          | 0/50 [00:00<?, ?it/s]
  2%|▏         | 1/50 [00:05<04:46,  5.85s/it]
  6%|▌         | 3/50 [00:06<01:14,  1.58s/it]
 10%|█         | 5/50 [00:06<00:36,  1.22it/s]
 14%|█▍        | 7/50 [00:06<00:21,  1.96it/s]
 16%|█▌        | 8/50 [00:06<00:17,  2.41it/s]
 20%|██        | 10/50 [00:06<00:11,  3.50it/s]
 24%|██▍       | 12/50 [00:06<00:08,  4.68it/s]
 28%|██▊       | 14/50 [00:07<00:06,  5.61it/s]
 32%|███▏      | 16/50 [00:07<00:05,  6.48it/s]
 34%|███▍      | 17/50 [00:07<00:04,  6.88it/s]
 36%|███▌      | 18/50 [00:07<00:04,  7.20it/s]
 38%|███▊      | 19/50 [00:07<00:04,  7.50it/s]
 40%|████      | 20/50 [00:07<00:03,  7.59it/s]
 42%|████▏     | 21/50 [00:07<00:03,  7.32it/s]
 44%|████▍     | 22/50 [00:08<00:03,  7.63it/s]
 46%|████▌     | 23/50 [00:08<00:03,  7.89it/s]
 48%|████▊     | 24/50 [00:08<00:03,  8.09it/s]
 50%|█████     | 25/50 [00:08<00:03,  8.25it/s]
 52%|█████▏    | 26/50 [00:08<00:02,  8.60it/s]
 56%|█████▌    | 28/50 [00:08<00:02,  9.75it/s]
 60%|██████    | 30/50 [00:08<00:01, 10.36it/s]
 64%|██████▍   | 32/50 [00:08<00:01, 10.70it/s]
 68%|██████▊   | 34/50 [00:09<00:01, 10.95it/s]
 72%|███████▏  | 36/50 [00:09<00:01, 11.10it/s]
 76%|███████▌  | 38/50 [00:09<00:01, 11.18it/s]
 80%|████████  | 40/50 [00:09<00:00, 11.27it/s]
 84%|████████▍ | 42/50 [00:09<00:00, 11.33it/s]
 88%|████████▊ | 44/50 [00:10<00:00, 11.32it/s]
 92%|█████████▏| 46/50 [00:10<00:00, 11.37it/s]
 96%|█████████▌| 48/50 [00:10<00:00, 11.39it/s]
100%|██████████| 50/50 [00:16<00:00,  1.05it/s]
100%|██████████| 50/50 [00:16<00:00,  3.07it/s]
[I 2023-12-11 20:19:41,993] Trial 52 finished with value: 0.40181205225453015 and parameters: {'EMBEDDING_DIM': 32, 'HIDDEN_DIM': 221, 'NUM_LAYERS': 1, 'DROPOUT': 0.01513380621414169, 'LR': 0.0047225262277003, 'WEIGHT_0': 0.9100649747110289, 'WEIGHT_1': 0.0006298392350952142, 'WEIGHT_2': 0.3608097212565555, 'WEIGHT_3': 0.049304688397979926, 'WEIGHT_4': 0.8345551856705348, 'WEIGHT_5': 0.43419613352859243, 'WEIGHT_6': 0.2286096290798559, 'WEIGHT_7': 0.9344254463571943, 'WEIGHT_8': 0.6603169061661689}. Best is trial 42 with value: 0.44962374581939796.
{'EMBEDDING_DIM': 32, 'HIDDEN_DIM': 221, 'NUM_LAYERS': 1, 'DROPOUT': 0.01513380621414169, 'LR': 0.0047225262277003, 'WEIGHT_0': 0.9100649747110289, 'WEIGHT_1': 0.0006298392350952142, 'WEIGHT_2': 0.3608097212565555, 'WEIGHT_3': 0.049304688397979926, 'WEIGHT_4': 0.8345551856705348, 'WEIGHT_5': 0.43419613352859243, 'WEIGHT_6': 0.2286096290798559, 'WEIGHT_7': 0.9344254463571943, 'WEIGHT_8': 0.6603169061661689}
0
              precision    recall  f1-score   support

         LOC       0.00      0.00      0.00      1837
        MISC       0.00      0.00      0.00       922
         ORG       0.00      0.00      0.00      1341
         PER       0.00      0.00      0.00      1842

   micro avg       0.00      0.00      0.00      5942
   macro avg       0.00      0.00      0.00      5942
weighted avg       0.00      0.00      0.00      5942

{'EMBEDDING_DIM': 32, 'HIDDEN_DIM': 221, 'NUM_LAYERS': 1, 'DROPOUT': 0.01513380621414169, 'LR': 0.0047225262277003, 'WEIGHT_0': 0.9100649747110289, 'WEIGHT_1': 0.0006298392350952142, 'WEIGHT_2': 0.3608097212565555, 'WEIGHT_3': 0.049304688397979926, 'WEIGHT_4': 0.8345551856705348, 'WEIGHT_5': 0.43419613352859243, 'WEIGHT_6': 0.2286096290798559, 'WEIGHT_7': 0.9344254463571943, 'WEIGHT_8': 0.6603169061661689}
49
              precision    recall  f1-score   support

         LOC       0.76      0.57      0.65      1837
        MISC       0.58      0.50      0.54       922
         ORG       0.17      0.04      0.07      1341
         PER       0.33      0.18      0.23      1842

   micro avg       0.54      0.32      0.40      5942
   macro avg       0.46      0.33      0.37      5942
weighted avg       0.46      0.32      0.37      5942

epoch 49
Transformer

  0%|          | 0/50 [00:00<?, ?it/s]
  2%|▏         | 1/50 [00:05<04:46,  5.84s/it]
  4%|▍         | 2/50 [00:05<01:58,  2.46s/it]
  8%|▊         | 4/50 [00:06<00:44,  1.03it/s]
 12%|█▏        | 6/50 [00:06<00:24,  1.80it/s]
 16%|█▌        | 8/50 [00:06<00:15,  2.71it/s]
 20%|██        | 10/50 [00:06<00:10,  3.76it/s]
 24%|██▍       | 12/50 [00:06<00:07,  4.83it/s]
 28%|██▊       | 14/50 [00:07<00:06,  5.98it/s]
 32%|███▏      | 16/50 [00:07<00:04,  7.06it/s]
 36%|███▌      | 18/50 [00:07<00:03,  8.01it/s]
 40%|████      | 20/50 [00:07<00:03,  8.83it/s]
 44%|████▍     | 22/50 [00:07<00:02,  9.49it/s]
 48%|████▊     | 24/50 [00:07<00:02, 10.00it/s]
 52%|█████▏    | 26/50 [00:08<00:02, 10.40it/s]
 56%|█████▌    | 28/50 [00:08<00:02, 10.70it/s]
 60%|██████    | 30/50 [00:08<00:01, 10.90it/s]
 64%|██████▍   | 32/50 [00:08<00:01, 11.06it/s]
 68%|██████▊   | 34/50 [00:08<00:01, 11.17it/s]
 72%|███████▏  | 36/50 [00:08<00:01, 11.24it/s]
 76%|███████▌  | 38/50 [00:09<00:01, 11.31it/s]
 80%|████████  | 40/50 [00:09<00:00, 11.34it/s]
 84%|████████▍ | 42/50 [00:09<00:00, 11.34it/s]
 88%|████████▊ | 44/50 [00:09<00:00, 11.37it/s]
 92%|█████████▏| 46/50 [00:09<00:00, 11.39it/s]
 96%|█████████▌| 48/50 [00:09<00:00, 11.40it/s]
100%|██████████| 50/50 [00:16<00:00,  1.03it/s]
100%|██████████| 50/50 [00:16<00:00,  3.11it/s]
[I 2023-12-11 20:20:03,727] Trial 53 finished with value: 0.43315725314912634 and parameters: {'EMBEDDING_DIM': 32, 'HIDDEN_DIM': 410, 'NUM_LAYERS': 1, 'DROPOUT': 0.06451075561260156, 'LR': 0.0058897676780619735, 'WEIGHT_0': 0.7297989218653549, 'WEIGHT_1': 0.0424721180636001, 'WEIGHT_2': 0.31443005498644017, 'WEIGHT_3': 0.10657378225602784, 'WEIGHT_4': 0.9418593156568156, 'WEIGHT_5': 0.3592849995064551, 'WEIGHT_6': 0.12151471890313878, 'WEIGHT_7': 0.8806622841296421, 'WEIGHT_8': 0.7234866204469739}. Best is trial 42 with value: 0.44962374581939796.
{'EMBEDDING_DIM': 32, 'HIDDEN_DIM': 410, 'NUM_LAYERS': 1, 'DROPOUT': 0.06451075561260156, 'LR': 0.0058897676780619735, 'WEIGHT_0': 0.7297989218653549, 'WEIGHT_1': 0.0424721180636001, 'WEIGHT_2': 0.31443005498644017, 'WEIGHT_3': 0.10657378225602784, 'WEIGHT_4': 0.9418593156568156, 'WEIGHT_5': 0.3592849995064551, 'WEIGHT_6': 0.12151471890313878, 'WEIGHT_7': 0.8806622841296421, 'WEIGHT_8': 0.7234866204469739}
0
              precision    recall  f1-score   support

         LOC       0.00      0.00      0.00      1837
        MISC       0.00      0.00      0.00       922
         ORG       0.00      0.00      0.00      1341
         PER       0.00      0.00      0.00      1842

   micro avg       0.00      0.00      0.00      5942
   macro avg       0.00      0.00      0.00      5942
weighted avg       0.00      0.00      0.00      5942

{'EMBEDDING_DIM': 32, 'HIDDEN_DIM': 410, 'NUM_LAYERS': 1, 'DROPOUT': 0.06451075561260156, 'LR': 0.0058897676780619735, 'WEIGHT_0': 0.7297989218653549, 'WEIGHT_1': 0.0424721180636001, 'WEIGHT_2': 0.31443005498644017, 'WEIGHT_3': 0.10657378225602784, 'WEIGHT_4': 0.9418593156568156, 'WEIGHT_5': 0.3592849995064551, 'WEIGHT_6': 0.12151471890313878, 'WEIGHT_7': 0.8806622841296421, 'WEIGHT_8': 0.7234866204469739}
49
              precision    recall  f1-score   support

         LOC       0.77      0.58      0.66      1837
        MISC       0.62      0.50      0.55       922
         ORG       0.40      0.21      0.27      1341
         PER       0.31      0.18      0.22      1842

   micro avg       0.55      0.36      0.43      5942
   macro avg       0.52      0.37      0.43      5942
weighted avg       0.52      0.36      0.42      5942

epoch 49
Transformer

  0%|          | 0/50 [00:00<?, ?it/s]
  2%|▏         | 1/50 [00:05<04:50,  5.93s/it]
  4%|▍         | 2/50 [00:06<02:00,  2.51s/it]
  6%|▌         | 3/50 [00:06<01:06,  1.41s/it]
  8%|▊         | 4/50 [00:06<00:41,  1.12it/s]
 12%|█▏        | 6/50 [00:06<00:20,  2.12it/s]
 14%|█▍        | 7/50 [00:06<00:16,  2.67it/s]
 16%|█▌        | 8/50 [00:06<00:12,  3.35it/s]
 18%|█▊        | 9/50 [00:06<00:10,  4.06it/s]
 20%|██        | 10/50 [00:06<00:08,  4.70it/s]
 24%|██▍       | 12/50 [00:07<00:06,  6.25it/s]
 28%|██▊       | 14/50 [00:07<00:04,  7.40it/s]
 32%|███▏      | 16/50 [00:07<00:04,  8.25it/s]
 36%|███▌      | 18/50 [00:07<00:03,  8.86it/s]
 40%|████      | 20/50 [00:07<00:03,  9.31it/s]
 44%|████▍     | 22/50 [00:08<00:02,  9.61it/s]
 48%|████▊     | 24/50 [00:08<00:02,  9.84it/s]
 52%|█████▏    | 26/50 [00:08<00:02, 10.00it/s]
 56%|█████▌    | 28/50 [00:08<00:02, 10.11it/s]
 60%|██████    | 30/50 [00:08<00:01, 10.20it/s]
 64%|██████▍   | 32/50 [00:09<00:01, 10.24it/s]
 68%|██████▊   | 34/50 [00:09<00:01, 10.28it/s]
 72%|███████▏  | 36/50 [00:09<00:01, 10.31it/s]
 76%|███████▌  | 38/50 [00:09<00:01, 10.33it/s]
 80%|████████  | 40/50 [00:09<00:00, 10.35it/s]
 84%|████████▍ | 42/50 [00:10<00:00, 10.35it/s]
 88%|████████▊ | 44/50 [00:10<00:00, 10.35it/s]
 92%|█████████▏| 46/50 [00:10<00:00, 10.36it/s]
 96%|█████████▌| 48/50 [00:10<00:00, 10.35it/s]
100%|██████████| 50/50 [00:16<00:00,  1.03it/s]
100%|██████████| 50/50 [00:16<00:00,  3.02it/s]
[I 2023-12-11 20:20:26,026] Trial 54 finished with value: 0.42897785003048156 and parameters: {'EMBEDDING_DIM': 64, 'HIDDEN_DIM': 937, 'NUM_LAYERS': 1, 'DROPOUT': 0.09547815651727543, 'LR': 0.007177796741271166, 'WEIGHT_0': 0.8609935237103635, 'WEIGHT_1': 0.11826138896033704, 'WEIGHT_2': 0.22453257888645556, 'WEIGHT_3': 0.043371843558924386, 'WEIGHT_4': 0.8211892021497744, 'WEIGHT_5': 0.3003508595201003, 'WEIGHT_6': 0.21273326303482581, 'WEIGHT_7': 0.9604755154214092, 'WEIGHT_8': 0.7489658828774958}. Best is trial 42 with value: 0.44962374581939796.
{'EMBEDDING_DIM': 64, 'HIDDEN_DIM': 937, 'NUM_LAYERS': 1, 'DROPOUT': 0.09547815651727543, 'LR': 0.007177796741271166, 'WEIGHT_0': 0.8609935237103635, 'WEIGHT_1': 0.11826138896033704, 'WEIGHT_2': 0.22453257888645556, 'WEIGHT_3': 0.043371843558924386, 'WEIGHT_4': 0.8211892021497744, 'WEIGHT_5': 0.3003508595201003, 'WEIGHT_6': 0.21273326303482581, 'WEIGHT_7': 0.9604755154214092, 'WEIGHT_8': 0.7489658828774958}
0
              precision    recall  f1-score   support

         LOC       0.00      0.00      0.00      1837
        MISC       0.00      0.00      0.00       922
         ORG       0.00      0.00      0.00      1341
         PER       0.00      0.00      0.00      1842

   micro avg       0.00      0.00      0.00      5942
   macro avg       0.00      0.00      0.00      5942
weighted avg       0.00      0.00      0.00      5942

{'EMBEDDING_DIM': 64, 'HIDDEN_DIM': 937, 'NUM_LAYERS': 1, 'DROPOUT': 0.09547815651727543, 'LR': 0.007177796741271166, 'WEIGHT_0': 0.8609935237103635, 'WEIGHT_1': 0.11826138896033704, 'WEIGHT_2': 0.22453257888645556, 'WEIGHT_3': 0.043371843558924386, 'WEIGHT_4': 0.8211892021497744, 'WEIGHT_5': 0.3003508595201003, 'WEIGHT_6': 0.21273326303482581, 'WEIGHT_7': 0.9604755154214092, 'WEIGHT_8': 0.7489658828774958}
49
              precision    recall  f1-score   support

         LOC       0.76      0.56      0.64      1837
        MISC       0.60      0.47      0.52       922
         ORG       0.36      0.23      0.28      1341
         PER       0.36      0.19      0.25      1842

   micro avg       0.54      0.36      0.43      5942
   macro avg       0.52      0.36      0.42      5942
weighted avg       0.52      0.36      0.42      5942

epoch 49
Transformer

  0%|          | 0/50 [00:00<?, ?it/s]
  2%|▏         | 1/50 [00:05<04:53,  5.99s/it]
  4%|▍         | 2/50 [00:06<02:02,  2.55s/it]
  6%|▌         | 3/50 [00:06<01:07,  1.44s/it]
  8%|▊         | 4/50 [00:06<00:42,  1.09it/s]
 10%|█         | 5/50 [00:06<00:28,  1.57it/s]
 12%|█▏        | 6/50 [00:06<00:20,  2.18it/s]
 14%|█▍        | 7/50 [00:06<00:15,  2.87it/s]
 16%|█▌        | 8/50 [00:06<00:11,  3.61it/s]
 18%|█▊        | 9/50 [00:06<00:09,  4.38it/s]
 20%|██        | 10/50 [00:07<00:07,  5.11it/s]
 22%|██▏       | 11/50 [00:07<00:06,  5.75it/s]
 24%|██▍       | 12/50 [00:07<00:06,  6.28it/s]
 26%|██▌       | 13/50 [00:07<00:05,  6.76it/s]
 28%|██▊       | 14/50 [00:07<00:04,  7.26it/s]
 30%|███       | 15/50 [00:07<00:04,  7.63it/s]
 32%|███▏      | 16/50 [00:07<00:04,  7.92it/s]
 34%|███▍      | 17/50 [00:07<00:04,  7.86it/s]
 36%|███▌      | 18/50 [00:08<00:04,  7.80it/s]
 38%|███▊      | 19/50 [00:08<00:03,  7.76it/s]
 40%|████      | 20/50 [00:08<00:03,  7.81it/s]
 42%|████▏     | 21/50 [00:08<00:03,  8.05it/s]
 44%|████▍     | 22/50 [00:08<00:03,  8.24it/s]
 46%|████▌     | 23/50 [00:08<00:03,  8.37it/s]
 48%|████▊     | 24/50 [00:08<00:03,  8.46it/s]
 50%|█████     | 25/50 [00:08<00:02,  8.53it/s]
 52%|█████▏    | 26/50 [00:09<00:02,  8.58it/s]
 54%|█████▍    | 27/50 [00:09<00:02,  8.62it/s]
 56%|█████▌    | 28/50 [00:09<00:02,  8.64it/s]
 58%|█████▊    | 29/50 [00:09<00:02,  8.66it/s]
 60%|██████    | 30/50 [00:09<00:02,  8.66it/s]
 62%|██████▏   | 31/50 [00:09<00:02,  8.68it/s]
 64%|██████▍   | 32/50 [00:09<00:02,  8.68it/s]
 66%|██████▌   | 33/50 [00:09<00:01,  8.69it/s]
 68%|██████▊   | 34/50 [00:09<00:01,  8.69it/s]
 70%|███████   | 35/50 [00:10<00:01,  8.69it/s]
 72%|███████▏  | 36/50 [00:10<00:01,  8.69it/s]
 74%|███████▍  | 37/50 [00:10<00:01,  8.69it/s]
 76%|███████▌  | 38/50 [00:10<00:01,  8.69it/s]
 78%|███████▊  | 39/50 [00:10<00:01,  8.69it/s]
 80%|████████  | 40/50 [00:10<00:01,  8.69it/s]
 82%|████████▏ | 41/50 [00:10<00:01,  8.70it/s]
 84%|████████▍ | 42/50 [00:10<00:00,  8.68it/s]
 86%|████████▌ | 43/50 [00:10<00:00,  8.68it/s]
 88%|████████▊ | 44/50 [00:11<00:00,  8.68it/s]
 90%|█████████ | 45/50 [00:11<00:00,  8.69it/s]
 92%|█████████▏| 46/50 [00:11<00:00,  8.68it/s]
 94%|█████████▍| 47/50 [00:11<00:00,  8.69it/s]
 96%|█████████▌| 48/50 [00:11<00:00,  8.70it/s]
 98%|█████████▊| 49/50 [00:11<00:00,  8.67it/s]
100%|██████████| 50/50 [00:17<00:00,  1.89s/it]
100%|██████████| 50/50 [00:17<00:00,  2.82it/s]
[I 2023-12-11 20:20:49,580] Trial 55 finished with value: 0.39039317507418403 and parameters: {'EMBEDDING_DIM': 128, 'HIDDEN_DIM': 720, 'NUM_LAYERS': 1, 'DROPOUT': 0.01612918017650873, 'LR': 0.006725415276232649, 'WEIGHT_0': 0.7666450452874742, 'WEIGHT_1': 0.17146037499614145, 'WEIGHT_2': 0.4164989492505078, 'WEIGHT_3': 0.17677582371716638, 'WEIGHT_4': 0.7576693014325138, 'WEIGHT_5': 0.40557060833562036, 'WEIGHT_6': 0.2809438052322156, 'WEIGHT_7': 0.8050503157281019, 'WEIGHT_8': 0.8079961908017483}. Best is trial 42 with value: 0.44962374581939796.
{'EMBEDDING_DIM': 128, 'HIDDEN_DIM': 720, 'NUM_LAYERS': 1, 'DROPOUT': 0.01612918017650873, 'LR': 0.006725415276232649, 'WEIGHT_0': 0.7666450452874742, 'WEIGHT_1': 0.17146037499614145, 'WEIGHT_2': 0.4164989492505078, 'WEIGHT_3': 0.17677582371716638, 'WEIGHT_4': 0.7576693014325138, 'WEIGHT_5': 0.40557060833562036, 'WEIGHT_6': 0.2809438052322156, 'WEIGHT_7': 0.8050503157281019, 'WEIGHT_8': 0.8079961908017483}
0
              precision    recall  f1-score   support

         LOC       0.00      0.00      0.00      1837
        MISC       0.00      0.00      0.00       922
         ORG       0.00      0.00      0.00      1341
         PER       0.00      0.00      0.00      1842

   micro avg       0.00      0.00      0.00      5942
   macro avg       0.00      0.00      0.00      5942
weighted avg       0.00      0.00      0.00      5942

{'EMBEDDING_DIM': 128, 'HIDDEN_DIM': 720, 'NUM_LAYERS': 1, 'DROPOUT': 0.01612918017650873, 'LR': 0.006725415276232649, 'WEIGHT_0': 0.7666450452874742, 'WEIGHT_1': 0.17146037499614145, 'WEIGHT_2': 0.4164989492505078, 'WEIGHT_3': 0.17677582371716638, 'WEIGHT_4': 0.7576693014325138, 'WEIGHT_5': 0.40557060833562036, 'WEIGHT_6': 0.2809438052322156, 'WEIGHT_7': 0.8050503157281019, 'WEIGHT_8': 0.8079961908017483}
49
              precision    recall  f1-score   support

         LOC       0.74      0.57      0.64      1837
        MISC       0.40      0.47      0.43       922
         ORG       0.33      0.21      0.26      1341
         PER       0.23      0.19      0.21      1842

   micro avg       0.43      0.35      0.39      5942
   macro avg       0.42      0.36      0.38      5942
weighted avg       0.44      0.35      0.39      5942

epoch 49
Transformer

  0%|          | 0/50 [00:00<?, ?it/s]
  2%|▏         | 1/50 [00:06<05:10,  6.34s/it]
  6%|▌         | 3/50 [00:06<01:20,  1.71s/it]
 10%|█         | 5/50 [00:06<00:39,  1.13it/s]
 14%|█▍        | 7/50 [00:06<00:23,  1.82it/s]
 18%|█▊        | 9/50 [00:07<00:15,  2.66it/s]
 22%|██▏       | 11/50 [00:07<00:10,  3.61it/s]
 26%|██▌       | 13/50 [00:07<00:07,  4.66it/s]
 30%|███       | 15/50 [00:07<00:06,  5.74it/s]
 34%|███▍      | 17/50 [00:07<00:04,  6.80it/s]
 38%|███▊      | 19/50 [00:07<00:04,  7.74it/s]
 42%|████▏     | 21/50 [00:08<00:03,  8.55it/s]
 46%|████▌     | 23/50 [00:08<00:02,  9.19it/s]
 50%|█████     | 25/50 [00:08<00:02,  9.72it/s]
 54%|█████▍    | 27/50 [00:08<00:02, 10.18it/s]
 58%|█████▊    | 29/50 [00:08<00:02, 10.50it/s]
 62%|██████▏   | 31/50 [00:09<00:01, 10.75it/s]
 66%|██████▌   | 33/50 [00:09<00:01, 10.90it/s]
 70%|███████   | 35/50 [00:09<00:01, 11.05it/s]
 74%|███████▍  | 37/50 [00:09<00:01, 11.12it/s]
 78%|███████▊  | 39/50 [00:09<00:00, 11.18it/s]
 82%|████████▏ | 41/50 [00:09<00:00, 11.21it/s]
 86%|████████▌ | 43/50 [00:10<00:00, 11.24it/s]
 90%|█████████ | 45/50 [00:10<00:00, 11.28it/s]
 94%|█████████▍| 47/50 [00:10<00:00, 11.32it/s]
 98%|█████████▊| 49/50 [00:10<00:00, 11.34it/s]
100%|██████████| 50/50 [00:16<00:00,  3.02it/s]
