[I 2023-12-11 22:18:45,326] Trial 282 finished with value: 0.45463128081401455 and parameters: {'EMBEDDING_DIM': 32, 'HIDDEN_DIM': 461, 'NUM_LAYERS': 1, 'DROPOUT': 0.326073031933516, 'LR': 0.006470120987167152, 'WEIGHT_0': 0.7608565174894381, 'WEIGHT_1': 0.1303360826426099, 'WEIGHT_2': 0.24218058737792733, 'WEIGHT_3': 0.19256766080074167, 'WEIGHT_4': 0.8219689945786944, 'WEIGHT_5': 0.46644746533440734, 'WEIGHT_6': 0.059790213747510604, 'WEIGHT_7': 0.6218022646571237, 'WEIGHT_8': 0.998479240296999}. Best is trial 282 with value: 0.45463128081401455.
{'EMBEDDING_DIM': 32, 'HIDDEN_DIM': 461, 'NUM_LAYERS': 1, 'DROPOUT': 0.326073031933516, 'LR': 0.006470120987167152, 'WEIGHT_0': 0.7608565174894381, 'WEIGHT_1': 0.1303360826426099, 'WEIGHT_2': 0.24218058737792733, 'WEIGHT_3': 0.19256766080074167, 'WEIGHT_4': 0.8219689945786944, 'WEIGHT_5': 0.46644746533440734, 'WEIGHT_6': 0.059790213747510604, 'WEIGHT_7': 0.6218022646571237, 'WEIGHT_8': 0.998479240296999}
0
              precision    recall  f1-score   support

         LOC       0.00      0.00      0.00      1837
        MISC       0.00      0.00      0.00       922
         ORG       0.00      0.00      0.00      1341
         PER       0.00      0.00      0.00      1842

   micro avg       0.00      0.00      0.00      5942
   macro avg       0.00      0.00      0.00      5942
weighted avg       0.00      0.00      0.00      5942

{'EMBEDDING_DIM': 32, 'HIDDEN_DIM': 461, 'NUM_LAYERS': 1, 'DROPOUT': 0.326073031933516, 'LR': 0.006470120987167152, 'WEIGHT_0': 0.7608565174894381, 'WEIGHT_1': 0.1303360826426099, 'WEIGHT_2': 0.24218058737792733, 'WEIGHT_3': 0.19256766080074167, 'WEIGHT_4': 0.8219689945786944, 'WEIGHT_5': 0.46644746533440734, 'WEIGHT_6': 0.059790213747510604, 'WEIGHT_7': 0.6218022646571237, 'WEIGHT_8': 0.998479240296999}
49
              precision    recall  f1-score   support

         LOC       0.78      0.59      0.67      1837
        MISC       0.63      0.51      0.56       922
         ORG       0.46      0.20      0.28      1341
         PER       0.39      0.19      0.25      1842

   micro avg       0.60      0.36      0.45      5942
   macro avg       0.57      0.37      0.44      5942
weighted avg       0.56      0.36      0.44      5942

epoch 49
Transformer

  0%|          | 0/50 [00:00<?, ?it/s]
  2%|▏         | 1/50 [00:05<04:50,  5.93s/it]
  6%|▌         | 3/50 [00:06<01:15,  1.61s/it]
 10%|█         | 5/50 [00:06<00:37,  1.21it/s]
 14%|█▍        | 7/50 [00:06<00:22,  1.93it/s]
 18%|█▊        | 9/50 [00:06<00:14,  2.81it/s]
 22%|██▏       | 11/50 [00:06<00:10,  3.81it/s]
 26%|██▌       | 13/50 [00:07<00:07,  4.89it/s]
 30%|███       | 15/50 [00:07<00:05,  5.99it/s]
 34%|███▍      | 17/50 [00:07<00:04,  7.03it/s]
 38%|███▊      | 19/50 [00:07<00:03,  7.95it/s]
 42%|████▏     | 21/50 [00:07<00:03,  8.76it/s]
 46%|████▌     | 23/50 [00:07<00:02,  9.42it/s]
 50%|█████     | 25/50 [00:08<00:02,  9.91it/s]
 54%|█████▍    | 27/50 [00:08<00:02, 10.30it/s]
 58%|█████▊    | 29/50 [00:08<00:01, 10.59it/s]
 62%|██████▏   | 31/50 [00:08<00:01, 10.79it/s]
 66%|██████▌   | 33/50 [00:08<00:01, 10.93it/s]
 70%|███████   | 35/50 [00:08<00:01, 11.03it/s]
 74%|███████▍  | 37/50 [00:09<00:01, 11.08it/s]
 78%|███████▊  | 39/50 [00:09<00:00, 11.14it/s]
 82%|████████▏ | 41/50 [00:09<00:00, 11.21it/s]
 86%|████████▌ | 43/50 [00:09<00:00, 11.21it/s]
 90%|█████████ | 45/50 [00:09<00:00, 11.27it/s]
 94%|█████████▍| 47/50 [00:10<00:00, 11.29it/s]
 98%|█████████▊| 49/50 [00:10<00:00, 11.28it/s]
100%|██████████| 50/50 [00:16<00:00,  3.10it/s]
[I 2023-12-11 22:19:07,044] Trial 283 finished with value: 0.44588518247411907 and parameters: {'EMBEDDING_DIM': 32, 'HIDDEN_DIM': 498, 'NUM_LAYERS': 1, 'DROPOUT': 0.3180588110549373, 'LR': 0.006462066076878654, 'WEIGHT_0': 0.9583494050309956, 'WEIGHT_1': 0.13234199415977335, 'WEIGHT_2': 0.2403104695862716, 'WEIGHT_3': 0.2373855384398315, 'WEIGHT_4': 0.8601615083083066, 'WEIGHT_5': 0.4722274433662265, 'WEIGHT_6': 0.06108622664425803, 'WEIGHT_7': 0.6205133279237005, 'WEIGHT_8': 0.9992971703757607}. Best is trial 282 with value: 0.45463128081401455.
{'EMBEDDING_DIM': 32, 'HIDDEN_DIM': 498, 'NUM_LAYERS': 1, 'DROPOUT': 0.3180588110549373, 'LR': 0.006462066076878654, 'WEIGHT_0': 0.9583494050309956, 'WEIGHT_1': 0.13234199415977335, 'WEIGHT_2': 0.2403104695862716, 'WEIGHT_3': 0.2373855384398315, 'WEIGHT_4': 0.8601615083083066, 'WEIGHT_5': 0.4722274433662265, 'WEIGHT_6': 0.06108622664425803, 'WEIGHT_7': 0.6205133279237005, 'WEIGHT_8': 0.9992971703757607}
0
              precision    recall  f1-score   support

         LOC       0.00      0.00      0.00      1837
        MISC       0.00      0.00      0.00       922
         ORG       0.00      0.00      0.00      1341
         PER       0.00      0.00      0.00      1842

   micro avg       0.00      0.00      0.00      5942
   macro avg       0.00      0.00      0.00      5942
weighted avg       0.00      0.00      0.00      5942

{'EMBEDDING_DIM': 32, 'HIDDEN_DIM': 498, 'NUM_LAYERS': 1, 'DROPOUT': 0.3180588110549373, 'LR': 0.006462066076878654, 'WEIGHT_0': 0.9583494050309956, 'WEIGHT_1': 0.13234199415977335, 'WEIGHT_2': 0.2403104695862716, 'WEIGHT_3': 0.2373855384398315, 'WEIGHT_4': 0.8601615083083066, 'WEIGHT_5': 0.4722274433662265, 'WEIGHT_6': 0.06108622664425803, 'WEIGHT_7': 0.6205133279237005, 'WEIGHT_8': 0.9992971703757607}
49
              precision    recall  f1-score   support

         LOC       0.78      0.60      0.68      1837
        MISC       0.60      0.48      0.54       922
         ORG       0.45      0.20      0.28      1341
         PER       0.37      0.18      0.24      1842

   micro avg       0.59      0.36      0.45      5942
   macro avg       0.55      0.36      0.43      5942
weighted avg       0.55      0.36      0.43      5942

epoch 49
Transformer

  0%|          | 0/50 [00:00<?, ?it/s]
  2%|▏         | 1/50 [00:07<06:18,  7.72s/it]
  4%|▍         | 2/50 [00:07<02:36,  3.27s/it]
  6%|▌         | 3/50 [00:08<01:26,  1.84s/it]
  8%|▊         | 4/50 [00:08<00:53,  1.17s/it]
 10%|█         | 5/50 [00:08<00:35,  1.25it/s]
 12%|█▏        | 6/50 [00:08<00:25,  1.73it/s]
 14%|█▍        | 7/50 [00:08<00:18,  2.31it/s]
 16%|█▌        | 8/50 [00:08<00:14,  2.95it/s]
 18%|█▊        | 9/50 [00:08<00:11,  3.63it/s]
 20%|██        | 10/50 [00:08<00:09,  4.31it/s]
 22%|██▏       | 11/50 [00:09<00:07,  4.92it/s]
 24%|██▍       | 12/50 [00:09<00:06,  5.47it/s]
 26%|██▌       | 13/50 [00:09<00:06,  5.93it/s]
 28%|██▊       | 14/50 [00:09<00:05,  6.29it/s]
 30%|███       | 15/50 [00:09<00:05,  6.56it/s]
 32%|███▏      | 16/50 [00:09<00:05,  6.78it/s]
 34%|███▍      | 17/50 [00:09<00:04,  6.74it/s]
 36%|███▌      | 18/50 [00:10<00:05,  6.11it/s]
 38%|███▊      | 19/50 [00:10<00:05,  5.29it/s]
 40%|████      | 20/50 [00:10<00:06,  4.45it/s]
 42%|████▏     | 21/50 [00:11<00:07,  3.73it/s]
 44%|████▍     | 22/50 [00:11<00:08,  3.36it/s]
 46%|████▌     | 23/50 [00:11<00:08,  3.14it/s]
 48%|████▊     | 24/50 [00:12<00:08,  3.01it/s]
 50%|█████     | 25/50 [00:12<00:08,  2.90it/s]
 52%|█████▏    | 26/50 [00:12<00:08,  2.86it/s]
 54%|█████▍    | 27/50 [00:13<00:08,  2.82it/s]
 56%|█████▌    | 28/50 [00:13<00:07,  2.79it/s]
 58%|█████▊    | 29/50 [00:14<00:07,  2.77it/s]
 60%|██████    | 30/50 [00:14<00:07,  2.76it/s]
 62%|██████▏   | 31/50 [00:14<00:06,  2.75it/s]
 64%|██████▍   | 32/50 [00:14<00:05,  3.14it/s]
 66%|██████▌   | 33/50 [00:15<00:04,  3.61it/s]
 68%|██████▊   | 34/50 [00:15<00:03,  4.03it/s]
 70%|███████   | 35/50 [00:15<00:03,  4.39it/s]
 72%|███████▏  | 36/50 [00:15<00:03,  4.23it/s]
 74%|███████▍  | 37/50 [00:16<00:03,  3.98it/s]
 76%|███████▌  | 38/50 [00:16<00:03,  3.68it/s]
 78%|███████▊  | 39/50 [00:16<00:03,  3.45it/s]
 80%|████████  | 40/50 [00:17<00:03,  3.29it/s]
 82%|████████▏ | 41/50 [00:17<00:02,  3.20it/s]
 84%|████████▍ | 42/50 [00:17<00:02,  3.14it/s]
 86%|████████▌ | 43/50 [00:18<00:02,  3.08it/s]
 88%|████████▊ | 44/50 [00:18<00:01,  3.05it/s]
 90%|█████████ | 45/50 [00:18<00:01,  3.03it/s]
 92%|█████████▏| 46/50 [00:19<00:01,  2.99it/s]
 94%|█████████▍| 47/50 [00:19<00:01,  2.98it/s]
 96%|█████████▌| 48/50 [00:19<00:00,  2.91it/s]
 98%|█████████▊| 49/50 [00:20<00:00,  2.86it/s]
100%|██████████| 50/50 [00:28<00:00,  2.65s/it]
100%|██████████| 50/50 [00:28<00:00,  1.78it/s]
[I 2023-12-11 22:19:42,454] Trial 284 finished with value: 0.4395742016280526 and parameters: {'EMBEDDING_DIM': 32, 'HIDDEN_DIM': 468, 'NUM_LAYERS': 2, 'DROPOUT': 0.3389640521524779, 'LR': 0.006212427609135109, 'WEIGHT_0': 0.9314296324122908, 'WEIGHT_1': 0.5525664950147694, 'WEIGHT_2': 0.1877926111953186, 'WEIGHT_3': 0.19194499764057002, 'WEIGHT_4': 0.8329071527411399, 'WEIGHT_5': 0.4589765188717835, 'WEIGHT_6': 0.03197799027355435, 'WEIGHT_7': 0.6238253922933529, 'WEIGHT_8': 0.9858685417565451}. Best is trial 282 with value: 0.45463128081401455.
{'EMBEDDING_DIM': 32, 'HIDDEN_DIM': 468, 'NUM_LAYERS': 2, 'DROPOUT': 0.3389640521524779, 'LR': 0.006212427609135109, 'WEIGHT_0': 0.9314296324122908, 'WEIGHT_1': 0.5525664950147694, 'WEIGHT_2': 0.1877926111953186, 'WEIGHT_3': 0.19194499764057002, 'WEIGHT_4': 0.8329071527411399, 'WEIGHT_5': 0.4589765188717835, 'WEIGHT_6': 0.03197799027355435, 'WEIGHT_7': 0.6238253922933529, 'WEIGHT_8': 0.9858685417565451}
0
              precision    recall  f1-score   support

         LOC       0.00      0.00      0.00      1837
        MISC       0.00      0.00      0.00       922
         ORG       0.00      0.00      0.00      1341
         PER       0.00      0.00      0.00      1842

   micro avg       0.00      0.00      0.00      5942
   macro avg       0.00      0.00      0.00      5942
weighted avg       0.00      0.00      0.00      5942

{'EMBEDDING_DIM': 32, 'HIDDEN_DIM': 468, 'NUM_LAYERS': 2, 'DROPOUT': 0.3389640521524779, 'LR': 0.006212427609135109, 'WEIGHT_0': 0.9314296324122908, 'WEIGHT_1': 0.5525664950147694, 'WEIGHT_2': 0.1877926111953186, 'WEIGHT_3': 0.19194499764057002, 'WEIGHT_4': 0.8329071527411399, 'WEIGHT_5': 0.4589765188717835, 'WEIGHT_6': 0.03197799027355435, 'WEIGHT_7': 0.6238253922933529, 'WEIGHT_8': 0.9858685417565451}
49
              precision    recall  f1-score   support

         LOC       0.78      0.60      0.67      1837
        MISC       0.53      0.45      0.48       922
         ORG       0.49      0.20      0.28      1341
         PER       0.37      0.18      0.25      1842

   micro avg       0.58      0.35      0.44      5942
   macro avg       0.54      0.36      0.42      5942
weighted avg       0.55      0.35      0.42      5942

epoch 49
Transformer

  0%|          | 0/50 [00:00<?, ?it/s]
  2%|▏         | 1/50 [00:06<05:01,  6.16s/it]
  6%|▌         | 3/50 [00:06<01:18,  1.67s/it]
 10%|█         | 5/50 [00:06<00:38,  1.17it/s]
 14%|█▍        | 7/50 [00:06<00:22,  1.87it/s]
 18%|█▊        | 9/50 [00:06<00:15,  2.72it/s]
 22%|██▏       | 11/50 [00:07<00:10,  3.70it/s]
 26%|██▌       | 13/50 [00:07<00:07,  4.77it/s]
 30%|███       | 15/50 [00:07<00:05,  5.85it/s]
 34%|███▍      | 17/50 [00:07<00:04,  6.90it/s]
 38%|███▊      | 19/50 [00:07<00:03,  7.83it/s]
 42%|████▏     | 21/50 [00:07<00:03,  8.64it/s]
 46%|████▌     | 23/50 [00:08<00:02,  9.31it/s]
 50%|█████     | 25/50 [00:08<00:02,  9.81it/s]
 54%|█████▍    | 27/50 [00:08<00:02, 10.21it/s]
 58%|█████▊    | 29/50 [00:08<00:01, 10.51it/s]
 62%|██████▏   | 31/50 [00:08<00:01, 10.70it/s]
 66%|██████▌   | 33/50 [00:09<00:01, 10.85it/s]
 70%|███████   | 35/50 [00:09<00:01, 10.99it/s]
 74%|███████▍  | 37/50 [00:09<00:01, 11.05it/s]
 78%|███████▊  | 39/50 [00:09<00:00, 11.11it/s]
 82%|████████▏ | 41/50 [00:09<00:00, 11.17it/s]
 86%|████████▌ | 43/50 [00:09<00:00, 11.17it/s]
 90%|█████████ | 45/50 [00:10<00:00, 11.19it/s]
 94%|█████████▍| 47/50 [00:10<00:00, 11.05it/s]
 98%|█████████▊| 49/50 [00:10<00:00, 11.09it/s]
100%|██████████| 50/50 [00:16<00:00,  3.05it/s]
[I 2023-12-11 22:20:04,482] Trial 285 finished with value: 0.4285569620253164 and parameters: {'EMBEDDING_DIM': 32, 'HIDDEN_DIM': 668, 'NUM_LAYERS': 1, 'DROPOUT': 0.2779722145502847, 'LR': 0.006689786833045325, 'WEIGHT_0': 0.7467815574755566, 'WEIGHT_1': 0.20979766984149423, 'WEIGHT_2': 0.225213267471006, 'WEIGHT_3': 0.21506625434974694, 'WEIGHT_4': 0.478072489059177, 'WEIGHT_5': 0.4232402081379083, 'WEIGHT_6': 0.0719978587325326, 'WEIGHT_7': 0.5202085382723843, 'WEIGHT_8': 0.9097784102306943}. Best is trial 282 with value: 0.45463128081401455.
{'EMBEDDING_DIM': 32, 'HIDDEN_DIM': 668, 'NUM_LAYERS': 1, 'DROPOUT': 0.2779722145502847, 'LR': 0.006689786833045325, 'WEIGHT_0': 0.7467815574755566, 'WEIGHT_1': 0.20979766984149423, 'WEIGHT_2': 0.225213267471006, 'WEIGHT_3': 0.21506625434974694, 'WEIGHT_4': 0.478072489059177, 'WEIGHT_5': 0.4232402081379083, 'WEIGHT_6': 0.0719978587325326, 'WEIGHT_7': 0.5202085382723843, 'WEIGHT_8': 0.9097784102306943}
0
              precision    recall  f1-score   support

         LOC       0.00      0.00      0.00      1837
        MISC       0.00      0.00      0.00       922
         ORG       0.00      0.00      0.00      1341
         PER       0.00      0.00      0.00      1842

   micro avg       0.00      0.00      0.00      5942
   macro avg       0.00      0.00      0.00      5942
weighted avg       0.00      0.00      0.00      5942

{'EMBEDDING_DIM': 32, 'HIDDEN_DIM': 668, 'NUM_LAYERS': 1, 'DROPOUT': 0.2779722145502847, 'LR': 0.006689786833045325, 'WEIGHT_0': 0.7467815574755566, 'WEIGHT_1': 0.20979766984149423, 'WEIGHT_2': 0.225213267471006, 'WEIGHT_3': 0.21506625434974694, 'WEIGHT_4': 0.478072489059177, 'WEIGHT_5': 0.4232402081379083, 'WEIGHT_6': 0.0719978587325326, 'WEIGHT_7': 0.5202085382723843, 'WEIGHT_8': 0.9097784102306943}
49
              precision    recall  f1-score   support

         LOC       0.73      0.58      0.64      1837
        MISC       0.62      0.46      0.53       922
         ORG       0.36      0.22      0.28      1341
         PER       0.35      0.18      0.24      1842

   micro avg       0.54      0.36      0.43      5942
   macro avg       0.51      0.36      0.42      5942
weighted avg       0.51      0.36      0.42      5942

epoch 49
Transformer

  0%|          | 0/50 [00:00<?, ?it/s]
  2%|▏         | 1/50 [00:05<04:50,  5.93s/it]
  6%|▌         | 3/50 [00:06<01:15,  1.61s/it]
 10%|█         | 5/50 [00:06<00:37,  1.21it/s]
 14%|█▍        | 7/50 [00:06<00:22,  1.94it/s]
 18%|█▊        | 9/50 [00:06<00:14,  2.80it/s]
 22%|██▏       | 11/50 [00:06<00:10,  3.80it/s]
 26%|██▌       | 13/50 [00:07<00:07,  4.87it/s]
 30%|███       | 15/50 [00:07<00:05,  5.97it/s]
 34%|███▍      | 17/50 [00:07<00:04,  7.01it/s]
 38%|███▊      | 19/50 [00:07<00:03,  7.94it/s]
 42%|████▏     | 21/50 [00:07<00:03,  8.74it/s]
 46%|████▌     | 23/50 [00:07<00:02,  9.39it/s]
 50%|█████     | 25/50 [00:08<00:02,  9.88it/s]
 54%|█████▍    | 27/50 [00:08<00:02, 10.27it/s]
 58%|█████▊    | 29/50 [00:08<00:01, 10.54it/s]
 62%|██████▏   | 31/50 [00:08<00:01, 10.75it/s]
 66%|██████▌   | 33/50 [00:08<00:01, 10.90it/s]
 70%|███████   | 35/50 [00:08<00:01, 11.01it/s]
 74%|███████▍  | 37/50 [00:09<00:01, 11.09it/s]
 78%|███████▊  | 39/50 [00:09<00:00, 11.13it/s]
 82%|████████▏ | 41/50 [00:09<00:00, 11.16it/s]
 86%|████████▌ | 43/50 [00:09<00:00, 11.20it/s]
 90%|█████████ | 45/50 [00:09<00:00, 11.24it/s]
 94%|█████████▍| 47/50 [00:10<00:00, 11.24it/s]
 98%|█████████▊| 49/50 [00:10<00:00, 11.25it/s]
100%|██████████| 50/50 [00:16<00:00,  3.10it/s]
[I 2023-12-11 22:20:26,206] Trial 286 finished with value: 0.4217831325301205 and parameters: {'EMBEDDING_DIM': 32, 'HIDDEN_DIM': 592, 'NUM_LAYERS': 1, 'DROPOUT': 0.30117379826488244, 'LR': 0.0058992790521624015, 'WEIGHT_0': 0.7534115747048555, 'WEIGHT_1': 0.16505228392071822, 'WEIGHT_2': 0.25540261083589827, 'WEIGHT_3': 0.19227271077315605, 'WEIGHT_4': 0.8159767325039967, 'WEIGHT_5': 0.4988377535427921, 'WEIGHT_6': 0.8744691423482457, 'WEIGHT_7': 0.5987913878615386, 'WEIGHT_8': 0.8787642410035944}. Best is trial 282 with value: 0.45463128081401455.
{'EMBEDDING_DIM': 32, 'HIDDEN_DIM': 592, 'NUM_LAYERS': 1, 'DROPOUT': 0.30117379826488244, 'LR': 0.0058992790521624015, 'WEIGHT_0': 0.7534115747048555, 'WEIGHT_1': 0.16505228392071822, 'WEIGHT_2': 0.25540261083589827, 'WEIGHT_3': 0.19227271077315605, 'WEIGHT_4': 0.8159767325039967, 'WEIGHT_5': 0.4988377535427921, 'WEIGHT_6': 0.8744691423482457, 'WEIGHT_7': 0.5987913878615386, 'WEIGHT_8': 0.8787642410035944}
0
              precision    recall  f1-score   support

         LOC       0.00      0.00      0.00      1837
        MISC       0.00      0.00      0.00       922
         ORG       0.00      0.00      0.00      1341
         PER       0.00      0.00      0.00      1842

   micro avg       0.00      0.00      0.00      5942
   macro avg       0.00      0.00      0.00      5942
weighted avg       0.00      0.00      0.00      5942

{'EMBEDDING_DIM': 32, 'HIDDEN_DIM': 592, 'NUM_LAYERS': 1, 'DROPOUT': 0.30117379826488244, 'LR': 0.0058992790521624015, 'WEIGHT_0': 0.7534115747048555, 'WEIGHT_1': 0.16505228392071822, 'WEIGHT_2': 0.25540261083589827, 'WEIGHT_3': 0.19227271077315605, 'WEIGHT_4': 0.8159767325039967, 'WEIGHT_5': 0.4988377535427921, 'WEIGHT_6': 0.8744691423482457, 'WEIGHT_7': 0.5987913878615386, 'WEIGHT_8': 0.8787642410035944}
49
              precision    recall  f1-score   support

         LOC       0.62      0.60      0.61      1837
        MISC       0.62      0.47      0.53       922
         ORG       0.32      0.23      0.26      1341
         PER       0.35      0.19      0.25      1842

   micro avg       0.49      0.37      0.42      5942
   macro avg       0.48      0.37      0.41      5942
weighted avg       0.47      0.37      0.41      5942

epoch 49
Transformer

  0%|          | 0/50 [00:00<?, ?it/s]
  2%|▏         | 1/50 [00:09<07:46,  9.53s/it]
  4%|▍         | 2/50 [00:09<03:14,  4.06s/it]
  6%|▌         | 3/50 [00:09<01:47,  2.30s/it]
  8%|▊         | 4/50 [00:10<01:07,  1.47s/it]
 10%|█         | 5/50 [00:10<00:47,  1.05s/it]
 12%|█▏        | 6/50 [00:10<00:36,  1.20it/s]
 14%|█▍        | 7/50 [00:11<00:30,  1.40it/s]
 16%|█▌        | 8/50 [00:11<00:27,  1.54it/s]
 18%|█▊        | 9/50 [00:12<00:24,  1.65it/s]
 20%|██        | 10/50 [00:12<00:23,  1.72it/s]
 22%|██▏       | 11/50 [00:13<00:22,  1.74it/s]
 24%|██▍       | 12/50 [00:14<00:21,  1.73it/s]
 26%|██▌       | 13/50 [00:14<00:21,  1.75it/s]
 28%|██▊       | 14/50 [00:15<00:20,  1.76it/s]
 30%|███       | 15/50 [00:15<00:19,  1.77it/s]
 32%|███▏      | 16/50 [00:16<00:19,  1.77it/s]
 34%|███▍      | 17/50 [00:16<00:18,  1.78it/s]
 36%|███▌      | 18/50 [00:17<00:17,  1.79it/s]
 38%|███▊      | 19/50 [00:17<00:17,  1.79it/s]
 40%|████      | 20/50 [00:18<00:16,  1.79it/s]
 42%|████▏     | 21/50 [00:19<00:16,  1.79it/s]
 44%|████▍     | 22/50 [00:19<00:15,  1.78it/s]
 46%|████▌     | 23/50 [00:20<00:15,  1.78it/s]
 48%|████▊     | 24/50 [00:20<00:14,  1.78it/s]
 50%|█████     | 25/50 [00:21<00:14,  1.78it/s]
 52%|█████▏    | 26/50 [00:21<00:13,  1.79it/s]
 54%|█████▍    | 27/50 [00:22<00:12,  1.79it/s]
 56%|█████▌    | 28/50 [00:22<00:12,  1.80it/s]
 58%|█████▊    | 29/50 [00:23<00:11,  1.80it/s]
 60%|██████    | 30/50 [00:24<00:11,  1.80it/s]
 62%|██████▏   | 31/50 [00:24<00:10,  1.80it/s]
 64%|██████▍   | 32/50 [00:25<00:10,  1.80it/s]
 66%|██████▌   | 33/50 [00:25<00:09,  1.80it/s]
 68%|██████▊   | 34/50 [00:26<00:08,  1.79it/s]
 70%|███████   | 35/50 [00:26<00:08,  1.79it/s]
 72%|███████▏  | 36/50 [00:27<00:07,  1.79it/s]
 74%|███████▍  | 37/50 [00:27<00:07,  1.79it/s]
 76%|███████▌  | 38/50 [00:28<00:06,  1.79it/s]
 78%|███████▊  | 39/50 [00:29<00:06,  1.79it/s]
 80%|████████  | 40/50 [00:29<00:05,  1.79it/s]
 82%|████████▏ | 41/50 [00:30<00:05,  1.79it/s]
 84%|████████▍ | 42/50 [00:30<00:04,  1.79it/s]
 86%|████████▌ | 43/50 [00:31<00:03,  1.79it/s]
 88%|████████▊ | 44/50 [00:31<00:03,  1.79it/s]
 90%|█████████ | 45/50 [00:32<00:02,  1.79it/s]
 92%|█████████▏| 46/50 [00:33<00:02,  1.79it/s]
 94%|█████████▍| 47/50 [00:33<00:01,  1.79it/s]
 96%|█████████▌| 48/50 [00:34<00:01,  1.79it/s]
 98%|█████████▊| 49/50 [00:34<00:00,  1.80it/s]
100%|██████████| 50/50 [00:44<00:00,  3.41s/it]
100%|██████████| 50/50 [00:44<00:00,  1.12it/s]
