[I 2023-12-11 22:15:37,356] Trial 277 finished with value: 0.3888426311407161 and parameters: {'EMBEDDING_DIM': 32, 'HIDDEN_DIM': 1045, 'NUM_LAYERS': 2, 'DROPOUT': 0.21676802375156, 'LR': 0.0065300972651601095, 'WEIGHT_0': 0.5646104783669332, 'WEIGHT_1': 0.09552384618470705, 'WEIGHT_2': 0.22130901105946568, 'WEIGHT_3': 0.22905354277706913, 'WEIGHT_4': 0.5218923175100241, 'WEIGHT_5': 0.43390716708425414, 'WEIGHT_6': 0.05123566638577445, 'WEIGHT_7': 0.6720725720093039, 'WEIGHT_8': 0.961938656452762}. Best is trial 223 with value: 0.4540043855069437.
{'EMBEDDING_DIM': 32, 'HIDDEN_DIM': 1045, 'NUM_LAYERS': 2, 'DROPOUT': 0.21676802375156, 'LR': 0.0065300972651601095, 'WEIGHT_0': 0.5646104783669332, 'WEIGHT_1': 0.09552384618470705, 'WEIGHT_2': 0.22130901105946568, 'WEIGHT_3': 0.22905354277706913, 'WEIGHT_4': 0.5218923175100241, 'WEIGHT_5': 0.43390716708425414, 'WEIGHT_6': 0.05123566638577445, 'WEIGHT_7': 0.6720725720093039, 'WEIGHT_8': 0.961938656452762}
0
              precision    recall  f1-score   support

         LOC       0.00      0.00      0.00      1837
        MISC       0.00      0.00      0.00       922
         ORG       0.00      0.00      0.00      1341
         PER       0.00      0.00      0.00      1842

   micro avg       0.00      0.00      0.00      5942
   macro avg       0.00      0.00      0.00      5942
weighted avg       0.00      0.00      0.00      5942

{'EMBEDDING_DIM': 32, 'HIDDEN_DIM': 1045, 'NUM_LAYERS': 2, 'DROPOUT': 0.21676802375156, 'LR': 0.0065300972651601095, 'WEIGHT_0': 0.5646104783669332, 'WEIGHT_1': 0.09552384618470705, 'WEIGHT_2': 0.22130901105946568, 'WEIGHT_3': 0.22905354277706913, 'WEIGHT_4': 0.5218923175100241, 'WEIGHT_5': 0.43390716708425414, 'WEIGHT_6': 0.05123566638577445, 'WEIGHT_7': 0.6720725720093039, 'WEIGHT_8': 0.961938656452762}
49
              precision    recall  f1-score   support

         LOC       0.74      0.60      0.66      1837
        MISC       0.35      0.48      0.41       922
         ORG       0.00      0.00      0.00      1341
         PER       0.35      0.17      0.23      1842

   micro avg       0.51      0.31      0.39      5942
   macro avg       0.36      0.31      0.33      5942
weighted avg       0.39      0.31      0.34      5942

epoch 49
Transformer

  0%|          | 0/50 [00:00<?, ?it/s]
  2%|▏         | 1/50 [00:06<05:36,  6.88s/it]
  4%|▍         | 2/50 [00:07<02:39,  3.32s/it]
  6%|▌         | 3/50 [00:08<01:42,  2.18s/it]
  8%|▊         | 4/50 [00:09<01:15,  1.65s/it]
 10%|█         | 5/50 [00:10<01:00,  1.35s/it]
 12%|█▏        | 6/50 [00:11<00:51,  1.18s/it]
 14%|█▍        | 7/50 [00:11<00:45,  1.06s/it]
 16%|█▌        | 8/50 [00:12<00:41,  1.01it/s]
 18%|█▊        | 9/50 [00:13<00:38,  1.06it/s]
 20%|██        | 10/50 [00:14<00:36,  1.10it/s]
 22%|██▏       | 11/50 [00:15<00:34,  1.13it/s]
 24%|██▍       | 12/50 [00:16<00:32,  1.15it/s]
 26%|██▌       | 13/50 [00:16<00:31,  1.17it/s]
 28%|██▊       | 14/50 [00:17<00:30,  1.18it/s]
 30%|███       | 15/50 [00:18<00:29,  1.19it/s]
 32%|███▏      | 16/50 [00:19<00:28,  1.19it/s]
 34%|███▍      | 17/50 [00:20<00:27,  1.19it/s]
 36%|███▌      | 18/50 [00:20<00:26,  1.20it/s]
 38%|███▊      | 19/50 [00:21<00:25,  1.20it/s]
 40%|████      | 20/50 [00:22<00:25,  1.20it/s]
 42%|████▏     | 21/50 [00:23<00:24,  1.20it/s]
 44%|████▍     | 22/50 [00:24<00:23,  1.20it/s]
 46%|████▌     | 23/50 [00:25<00:22,  1.20it/s]
 48%|████▊     | 24/50 [00:26<00:21,  1.20it/s]
 50%|█████     | 25/50 [00:26<00:20,  1.20it/s]
 52%|█████▏    | 26/50 [00:27<00:20,  1.20it/s]
 54%|█████▍    | 27/50 [00:28<00:19,  1.20it/s]
 56%|█████▌    | 28/50 [00:29<00:18,  1.20it/s]
 58%|█████▊    | 29/50 [00:30<00:17,  1.20it/s]
 60%|██████    | 30/50 [00:31<00:16,  1.20it/s]
 62%|██████▏   | 31/50 [00:31<00:15,  1.19it/s]
 64%|██████▍   | 32/50 [00:32<00:15,  1.19it/s]
 66%|██████▌   | 33/50 [00:33<00:14,  1.19it/s]
 68%|██████▊   | 34/50 [00:34<00:13,  1.19it/s]
 70%|███████   | 35/50 [00:35<00:12,  1.19it/s]
 72%|███████▏  | 36/50 [00:36<00:11,  1.19it/s]
 74%|███████▍  | 37/50 [00:36<00:10,  1.19it/s]
 76%|███████▌  | 38/50 [00:37<00:10,  1.19it/s]
 78%|███████▊  | 39/50 [00:38<00:09,  1.19it/s]
 80%|████████  | 40/50 [00:39<00:08,  1.19it/s]
 82%|████████▏ | 41/50 [00:40<00:07,  1.19it/s]
 84%|████████▍ | 42/50 [00:41<00:06,  1.19it/s]
 86%|████████▌ | 43/50 [00:41<00:05,  1.19it/s]
 88%|████████▊ | 44/50 [00:42<00:05,  1.19it/s]
 90%|█████████ | 45/50 [00:43<00:04,  1.19it/s]
 92%|█████████▏| 46/50 [00:44<00:03,  1.19it/s]
 94%|█████████▍| 47/50 [00:45<00:02,  1.19it/s]
 96%|█████████▌| 48/50 [00:46<00:01,  1.19it/s]
 98%|█████████▊| 49/50 [00:47<00:00,  1.19it/s]
100%|██████████| 50/50 [00:53<00:00,  2.62s/it]
100%|██████████| 50/50 [00:53<00:00,  1.08s/it]
[I 2023-12-11 22:16:37,340] Trial 278 finished with value: 0.08068865380626426 and parameters: {'EMBEDDING_DIM': 1024, 'HIDDEN_DIM': 622, 'NUM_LAYERS': 1, 'DROPOUT': 0.2693555941472255, 'LR': 0.006017175053663407, 'WEIGHT_0': 0.9129545492994413, 'WEIGHT_1': 0.43987872833328234, 'WEIGHT_2': 0.2702516366654089, 'WEIGHT_3': 0.17454979824880465, 'WEIGHT_4': 0.6473901626361276, 'WEIGHT_5': 0.48994473142030776, 'WEIGHT_6': 0.08218596088125488, 'WEIGHT_7': 0.6904029256314576, 'WEIGHT_8': 0.840437664826131}. Best is trial 223 with value: 0.4540043855069437.
{'EMBEDDING_DIM': 1024, 'HIDDEN_DIM': 622, 'NUM_LAYERS': 1, 'DROPOUT': 0.2693555941472255, 'LR': 0.006017175053663407, 'WEIGHT_0': 0.9129545492994413, 'WEIGHT_1': 0.43987872833328234, 'WEIGHT_2': 0.2702516366654089, 'WEIGHT_3': 0.17454979824880465, 'WEIGHT_4': 0.6473901626361276, 'WEIGHT_5': 0.48994473142030776, 'WEIGHT_6': 0.08218596088125488, 'WEIGHT_7': 0.6904029256314576, 'WEIGHT_8': 0.840437664826131}
0
              precision    recall  f1-score   support

         LOC       0.00      0.00      0.00      1837
        MISC       0.00      0.00      0.00       922
         ORG       0.00      0.00      0.00      1341
         PER       0.00      0.00      0.00      1842

   micro avg       0.00      0.00      0.00      5942
   macro avg       0.00      0.00      0.00      5942
weighted avg       0.00      0.00      0.00      5942

{'EMBEDDING_DIM': 1024, 'HIDDEN_DIM': 622, 'NUM_LAYERS': 1, 'DROPOUT': 0.2693555941472255, 'LR': 0.006017175053663407, 'WEIGHT_0': 0.9129545492994413, 'WEIGHT_1': 0.43987872833328234, 'WEIGHT_2': 0.2702516366654089, 'WEIGHT_3': 0.17454979824880465, 'WEIGHT_4': 0.6473901626361276, 'WEIGHT_5': 0.48994473142030776, 'WEIGHT_6': 0.08218596088125488, 'WEIGHT_7': 0.6904029256314576, 'WEIGHT_8': 0.840437664826131}
49
              precision    recall  f1-score   support

         LOC       0.14      0.04      0.06      1837
        MISC       0.00      0.00      0.00       922
         ORG       0.00      0.00      0.00      1341
         PER       0.10      0.17      0.13      1842

   micro avg       0.11      0.07      0.08      5942
   macro avg       0.06      0.05      0.05      5942
weighted avg       0.08      0.07      0.06      5942

epoch 49
Transformer

  0%|          | 0/50 [00:00<?, ?it/s]
  2%|▏         | 1/50 [00:06<04:55,  6.04s/it]
  6%|▌         | 3/50 [00:06<01:16,  1.64s/it]
 10%|█         | 5/50 [00:06<00:37,  1.18it/s]
 14%|█▍        | 7/50 [00:06<00:22,  1.90it/s]
 18%|█▊        | 9/50 [00:06<00:15,  2.72it/s]
 20%|██        | 10/50 [00:06<00:12,  3.14it/s]
 22%|██▏       | 11/50 [00:07<00:10,  3.68it/s]
 24%|██▍       | 12/50 [00:07<00:08,  4.35it/s]
 26%|██▌       | 13/50 [00:07<00:07,  5.07it/s]
 28%|██▊       | 14/50 [00:07<00:06,  5.76it/s]
 30%|███       | 15/50 [00:07<00:05,  6.36it/s]
 32%|███▏      | 16/50 [00:07<00:04,  6.89it/s]
 34%|███▍      | 17/50 [00:07<00:04,  7.33it/s]
 36%|███▌      | 18/50 [00:07<00:04,  7.69it/s]
 40%|████      | 20/50 [00:08<00:03,  8.83it/s]
 44%|████▍     | 22/50 [00:08<00:02,  9.72it/s]
 48%|████▊     | 24/50 [00:08<00:02, 10.26it/s]
 52%|█████▏    | 26/50 [00:08<00:02, 10.61it/s]
 56%|█████▌    | 28/50 [00:08<00:02, 10.41it/s]
 60%|██████    | 30/50 [00:08<00:02,  9.80it/s]
 62%|██████▏   | 31/50 [00:09<00:01,  9.74it/s]
 64%|██████▍   | 32/50 [00:09<00:01,  9.56it/s]
 66%|██████▌   | 33/50 [00:09<00:01,  9.35it/s]
 68%|██████▊   | 34/50 [00:09<00:01,  9.18it/s]
 70%|███████   | 35/50 [00:09<00:01,  9.05it/s]
 74%|███████▍  | 37/50 [00:09<00:01,  9.89it/s]
 78%|███████▊  | 39/50 [00:09<00:01, 10.44it/s]
 82%|████████▏ | 41/50 [00:10<00:00, 10.76it/s]
 86%|████████▌ | 43/50 [00:10<00:00, 10.95it/s]
 90%|█████████ | 45/50 [00:10<00:00, 11.11it/s]
 94%|█████████▍| 47/50 [00:10<00:00, 11.21it/s]
 98%|█████████▊| 49/50 [00:10<00:00, 11.26it/s]
100%|██████████| 50/50 [00:16<00:00,  3.01it/s]
[I 2023-12-11 22:16:59,479] Trial 279 finished with value: 0.4160214128668387 and parameters: {'EMBEDDING_DIM': 32, 'HIDDEN_DIM': 880, 'NUM_LAYERS': 1, 'DROPOUT': 0.2620459823126216, 'LR': 0.0066844959101711975, 'WEIGHT_0': 0.5348117925599836, 'WEIGHT_1': 0.19875988433106986, 'WEIGHT_2': 0.14577723338691534, 'WEIGHT_3': 0.21153229501912257, 'WEIGHT_4': 0.6268810110558056, 'WEIGHT_5': 0.4045203861913715, 'WEIGHT_6': 0.34337770557773745, 'WEIGHT_7': 0.7242611105370773, 'WEIGHT_8': 0.9007897499299857}. Best is trial 223 with value: 0.4540043855069437.
{'EMBEDDING_DIM': 32, 'HIDDEN_DIM': 880, 'NUM_LAYERS': 1, 'DROPOUT': 0.2620459823126216, 'LR': 0.0066844959101711975, 'WEIGHT_0': 0.5348117925599836, 'WEIGHT_1': 0.19875988433106986, 'WEIGHT_2': 0.14577723338691534, 'WEIGHT_3': 0.21153229501912257, 'WEIGHT_4': 0.6268810110558056, 'WEIGHT_5': 0.4045203861913715, 'WEIGHT_6': 0.34337770557773745, 'WEIGHT_7': 0.7242611105370773, 'WEIGHT_8': 0.9007897499299857}
0
              precision    recall  f1-score   support

         LOC       0.00      0.00      0.00      1837
        MISC       0.00      0.00      0.00       922
         ORG       0.00      0.00      0.00      1341
         PER       0.00      0.00      0.00      1842

   micro avg       0.00      0.00      0.00      5942
   macro avg       0.00      0.00      0.00      5942
weighted avg       0.00      0.00      0.00      5942

{'EMBEDDING_DIM': 32, 'HIDDEN_DIM': 880, 'NUM_LAYERS': 1, 'DROPOUT': 0.2620459823126216, 'LR': 0.0066844959101711975, 'WEIGHT_0': 0.5348117925599836, 'WEIGHT_1': 0.19875988433106986, 'WEIGHT_2': 0.14577723338691534, 'WEIGHT_3': 0.21153229501912257, 'WEIGHT_4': 0.6268810110558056, 'WEIGHT_5': 0.4045203861913715, 'WEIGHT_6': 0.34337770557773745, 'WEIGHT_7': 0.7242611105370773, 'WEIGHT_8': 0.9007897499299857}
49
              precision    recall  f1-score   support

         LOC       0.76      0.59      0.66      1837
        MISC       0.62      0.44      0.52       922
         ORG       0.36      0.22      0.27      1341
         PER       0.24      0.21      0.23      1842

   micro avg       0.48      0.37      0.42      5942
   macro avg       0.50      0.37      0.42      5942
weighted avg       0.49      0.37      0.42      5942

epoch 49
Transformer

  0%|          | 0/50 [00:00<?, ?it/s]
  2%|▏         | 1/50 [00:11<09:07, 11.17s/it]
  4%|▍         | 2/50 [00:11<03:49,  4.77s/it]
  6%|▌         | 3/50 [00:11<02:07,  2.71s/it]
  8%|▊         | 4/50 [00:11<01:20,  1.74s/it]
 10%|█         | 5/50 [00:12<00:54,  1.21s/it]
 12%|█▏        | 6/50 [00:12<00:38,  1.13it/s]
 14%|█▍        | 7/50 [00:12<00:29,  1.47it/s]
 16%|█▌        | 8/50 [00:13<00:22,  1.84it/s]
 18%|█▊        | 9/50 [00:13<00:18,  2.21it/s]
 20%|██        | 10/50 [00:13<00:15,  2.55it/s]
 22%|██▏       | 11/50 [00:13<00:13,  2.85it/s]
 24%|██▍       | 12/50 [00:14<00:12,  3.11it/s]
 26%|██▌       | 13/50 [00:14<00:11,  3.32it/s]
 28%|██▊       | 14/50 [00:14<00:10,  3.48it/s]
 30%|███       | 15/50 [00:14<00:09,  3.60it/s]
 32%|███▏      | 16/50 [00:15<00:09,  3.69it/s]
 34%|███▍      | 17/50 [00:15<00:08,  3.76it/s]
 36%|███▌      | 18/50 [00:15<00:08,  3.80it/s]
 38%|███▊      | 19/50 [00:15<00:08,  3.83it/s]
 40%|████      | 20/50 [00:16<00:08,  3.63it/s]
 42%|████▏     | 21/50 [00:16<00:09,  3.04it/s]
 44%|████▍     | 22/50 [00:17<00:11,  2.43it/s]
 46%|████▌     | 23/50 [00:17<00:12,  2.14it/s]
 48%|████▊     | 24/50 [00:18<00:12,  2.12it/s]
 50%|█████     | 25/50 [00:18<00:11,  2.14it/s]
 52%|█████▏    | 26/50 [00:19<00:11,  2.11it/s]
 54%|█████▍    | 27/50 [00:19<00:11,  2.01it/s]
 56%|█████▌    | 28/50 [00:20<00:11,  1.88it/s]
 58%|█████▊    | 29/50 [00:20<00:11,  1.79it/s]
 60%|██████    | 30/50 [00:21<00:10,  1.85it/s]
 62%|██████▏   | 31/50 [00:21<00:08,  2.16it/s]
 64%|██████▍   | 32/50 [00:22<00:07,  2.45it/s]
 66%|██████▌   | 33/50 [00:22<00:06,  2.73it/s]
 68%|██████▊   | 34/50 [00:22<00:05,  3.00it/s]
 70%|███████   | 35/50 [00:22<00:04,  3.23it/s]
 72%|███████▏  | 36/50 [00:23<00:04,  3.40it/s]
 74%|███████▍  | 37/50 [00:23<00:03,  3.54it/s]
 76%|███████▌  | 38/50 [00:23<00:03,  3.63it/s]
 78%|███████▊  | 39/50 [00:23<00:02,  3.71it/s]
 80%|████████  | 40/50 [00:24<00:02,  3.76it/s]
 82%|████████▏ | 41/50 [00:24<00:02,  3.80it/s]
 84%|████████▍ | 42/50 [00:24<00:02,  3.79it/s]
 86%|████████▌ | 43/50 [00:24<00:01,  3.82it/s]
 88%|████████▊ | 44/50 [00:25<00:01,  3.81it/s]
 90%|█████████ | 45/50 [00:25<00:01,  3.83it/s]
 92%|█████████▏| 46/50 [00:25<00:01,  3.85it/s]
 94%|█████████▍| 47/50 [00:25<00:00,  3.87it/s]
 96%|█████████▌| 48/50 [00:26<00:00,  3.87it/s]
 98%|█████████▊| 49/50 [00:26<00:00,  3.88it/s]
100%|██████████| 50/50 [00:37<00:00,  3.55s/it]
100%|██████████| 50/50 [00:37<00:00,  1.33it/s]
[I 2023-12-11 22:17:48,156] Trial 280 finished with value: 0.0 and parameters: {'EMBEDDING_DIM': 32, 'HIDDEN_DIM': 764, 'NUM_LAYERS': 4, 'DROPOUT': 0.25708080599660105, 'LR': 0.005777310749537887, 'WEIGHT_0': 0.9535590240800365, 'WEIGHT_1': 0.15634900554829512, 'WEIGHT_2': 0.5250215845198822, 'WEIGHT_3': 0.14901264472561507, 'WEIGHT_4': 0.6474764601743084, 'WEIGHT_5': 0.3775590157773595, 'WEIGHT_6': 0.11183653212198663, 'WEIGHT_7': 0.593273653191037, 'WEIGHT_8': 0.8506015639393586}. Best is trial 223 with value: 0.4540043855069437.
{'EMBEDDING_DIM': 32, 'HIDDEN_DIM': 764, 'NUM_LAYERS': 4, 'DROPOUT': 0.25708080599660105, 'LR': 0.005777310749537887, 'WEIGHT_0': 0.9535590240800365, 'WEIGHT_1': 0.15634900554829512, 'WEIGHT_2': 0.5250215845198822, 'WEIGHT_3': 0.14901264472561507, 'WEIGHT_4': 0.6474764601743084, 'WEIGHT_5': 0.3775590157773595, 'WEIGHT_6': 0.11183653212198663, 'WEIGHT_7': 0.593273653191037, 'WEIGHT_8': 0.8506015639393586}
0
              precision    recall  f1-score   support

         LOC       0.00      0.00      0.00      1837
        MISC       0.00      0.00      0.00       922
         ORG       0.00      0.00      0.00      1341
         PER       0.00      0.00      0.00      1842

   micro avg       0.00      0.00      0.00      5942
   macro avg       0.00      0.00      0.00      5942
weighted avg       0.00      0.00      0.00      5942

{'EMBEDDING_DIM': 32, 'HIDDEN_DIM': 764, 'NUM_LAYERS': 4, 'DROPOUT': 0.25708080599660105, 'LR': 0.005777310749537887, 'WEIGHT_0': 0.9535590240800365, 'WEIGHT_1': 0.15634900554829512, 'WEIGHT_2': 0.5250215845198822, 'WEIGHT_3': 0.14901264472561507, 'WEIGHT_4': 0.6474764601743084, 'WEIGHT_5': 0.3775590157773595, 'WEIGHT_6': 0.11183653212198663, 'WEIGHT_7': 0.593273653191037, 'WEIGHT_8': 0.8506015639393586}
49
              precision    recall  f1-score   support

         LOC       0.00      0.00      0.00      1837
        MISC       0.00      0.00      0.00       922
         ORG       0.00      0.00      0.00      1341
         PER       0.00      0.00      0.00      1842

   micro avg       0.00      0.00      0.00      5942
   macro avg       0.00      0.00      0.00      5942
weighted avg       0.00      0.00      0.00      5942

epoch 49
Transformer

  0%|          | 0/50 [00:00<?, ?it/s]
  2%|▏         | 1/50 [00:06<05:13,  6.39s/it]
  4%|▍         | 2/50 [00:06<02:16,  2.85s/it]
  6%|▌         | 3/50 [00:07<01:20,  1.71s/it]
  8%|▊         | 4/50 [00:07<00:53,  1.17s/it]
 10%|█         | 5/50 [00:07<00:39,  1.14it/s]
 12%|█▏        | 6/50 [00:08<00:30,  1.43it/s]
 14%|█▍        | 7/50 [00:08<00:25,  1.71it/s]
 16%|█▌        | 8/50 [00:08<00:21,  1.96it/s]
 18%|█▊        | 9/50 [00:09<00:18,  2.17it/s]
 20%|██        | 10/50 [00:09<00:17,  2.34it/s]
 22%|██▏       | 11/50 [00:09<00:15,  2.48it/s]
 24%|██▍       | 12/50 [00:10<00:14,  2.57it/s]
 26%|██▌       | 13/50 [00:10<00:13,  2.65it/s]
 28%|██▊       | 14/50 [00:10<00:13,  2.70it/s]
 30%|███       | 15/50 [00:11<00:12,  2.74it/s]
 32%|███▏      | 16/50 [00:11<00:12,  2.77it/s]
 34%|███▍      | 17/50 [00:12<00:11,  2.79it/s]
 36%|███▌      | 18/50 [00:12<00:11,  2.81it/s]
 38%|███▊      | 19/50 [00:12<00:11,  2.82it/s]
 40%|████      | 20/50 [00:13<00:10,  2.83it/s]
 42%|████▏     | 21/50 [00:13<00:10,  2.83it/s]
 44%|████▍     | 22/50 [00:13<00:09,  2.83it/s]
 46%|████▌     | 23/50 [00:14<00:09,  2.84it/s]
 48%|████▊     | 24/50 [00:14<00:09,  2.84it/s]
 50%|█████     | 25/50 [00:14<00:08,  2.84it/s]
 52%|█████▏    | 26/50 [00:15<00:08,  2.84it/s]
 54%|█████▍    | 27/50 [00:15<00:08,  2.84it/s]
 56%|█████▌    | 28/50 [00:15<00:07,  2.84it/s]
 58%|█████▊    | 29/50 [00:16<00:07,  2.84it/s]
 60%|██████    | 30/50 [00:16<00:07,  2.84it/s]
 62%|██████▏   | 31/50 [00:16<00:06,  2.83it/s]
 64%|██████▍   | 32/50 [00:17<00:06,  2.83it/s]
 66%|██████▌   | 33/50 [00:17<00:06,  2.83it/s]
 68%|██████▊   | 34/50 [00:18<00:05,  2.83it/s]
 70%|███████   | 35/50 [00:18<00:05,  2.83it/s]
 72%|███████▏  | 36/50 [00:18<00:04,  2.83it/s]
 74%|███████▍  | 37/50 [00:19<00:04,  2.83it/s]
 76%|███████▌  | 38/50 [00:19<00:04,  2.83it/s]
 78%|███████▊  | 39/50 [00:19<00:03,  2.83it/s]
 80%|████████  | 40/50 [00:20<00:03,  2.83it/s]
 82%|████████▏ | 41/50 [00:20<00:03,  2.83it/s]
 84%|████████▍ | 42/50 [00:20<00:02,  2.83it/s]
 86%|████████▌ | 43/50 [00:21<00:02,  2.83it/s]
 88%|████████▊ | 44/50 [00:21<00:02,  2.83it/s]
 90%|█████████ | 45/50 [00:21<00:01,  2.83it/s]
 92%|█████████▏| 46/50 [00:22<00:01,  2.83it/s]
 94%|█████████▍| 47/50 [00:22<00:01,  2.83it/s]
 96%|█████████▌| 48/50 [00:22<00:00,  2.83it/s]
 98%|█████████▊| 49/50 [00:23<00:00,  2.83it/s]
100%|██████████| 50/50 [00:29<00:00,  2.13s/it]
100%|██████████| 50/50 [00:29<00:00,  1.69it/s]
[I 2023-12-11 22:18:23,663] Trial 281 finished with value: 0.16242380781642163 and parameters: {'EMBEDDING_DIM': 512, 'HIDDEN_DIM': 593, 'NUM_LAYERS': 1, 'DROPOUT': 0.2916052175560386, 'LR': 0.006184086054175671, 'WEIGHT_0': 0.980143368082721, 'WEIGHT_1': 0.1795050142709429, 'WEIGHT_2': 0.16783452036721827, 'WEIGHT_3': 0.6583606329055324, 'WEIGHT_4': 0.6009372291584127, 'WEIGHT_5': 0.4438174251687259, 'WEIGHT_6': 0.024533165678330374, 'WEIGHT_7': 0.6459004458451095, 'WEIGHT_8': 0.707578674127434}. Best is trial 223 with value: 0.4540043855069437.
{'EMBEDDING_DIM': 512, 'HIDDEN_DIM': 593, 'NUM_LAYERS': 1, 'DROPOUT': 0.2916052175560386, 'LR': 0.006184086054175671, 'WEIGHT_0': 0.980143368082721, 'WEIGHT_1': 0.1795050142709429, 'WEIGHT_2': 0.16783452036721827, 'WEIGHT_3': 0.6583606329055324, 'WEIGHT_4': 0.6009372291584127, 'WEIGHT_5': 0.4438174251687259, 'WEIGHT_6': 0.024533165678330374, 'WEIGHT_7': 0.6459004458451095, 'WEIGHT_8': 0.707578674127434}
0
              precision    recall  f1-score   support

         LOC       0.00      0.00      0.00      1837
        MISC       0.00      0.00      0.00       922
         ORG       0.00      0.00      0.00      1341
         PER       0.00      0.00      0.00      1842

   micro avg       0.00      0.00      0.00      5942
   macro avg       0.00      0.00      0.00      5942
weighted avg       0.00      0.00      0.00      5942

{'EMBEDDING_DIM': 512, 'HIDDEN_DIM': 593, 'NUM_LAYERS': 1, 'DROPOUT': 0.2916052175560386, 'LR': 0.006184086054175671, 'WEIGHT_0': 0.980143368082721, 'WEIGHT_1': 0.1795050142709429, 'WEIGHT_2': 0.16783452036721827, 'WEIGHT_3': 0.6583606329055324, 'WEIGHT_4': 0.6009372291584127, 'WEIGHT_5': 0.4438174251687259, 'WEIGHT_6': 0.024533165678330374, 'WEIGHT_7': 0.6459004458451095, 'WEIGHT_8': 0.707578674127434}
49
              precision    recall  f1-score   support

         LOC       0.51      0.32      0.40      1837
        MISC       0.00      0.00      0.00       922
         ORG       0.00      0.00      0.00      1341
         PER       0.08      0.17      0.11      1842

   micro avg       0.17      0.15      0.16      5942
   macro avg       0.15      0.12      0.13      5942
weighted avg       0.18      0.15      0.15      5942

epoch 49
Transformer

  0%|          | 0/50 [00:00<?, ?it/s]
  2%|▏         | 1/50 [00:05<04:52,  5.96s/it]
  6%|▌         | 3/50 [00:06<01:15,  1.61s/it]
 10%|█         | 5/50 [00:06<00:37,  1.20it/s]
 14%|█▍        | 7/50 [00:06<00:22,  1.93it/s]
 18%|█▊        | 9/50 [00:06<00:14,  2.79it/s]
 22%|██▏       | 11/50 [00:06<00:10,  3.77it/s]
 26%|██▌       | 13/50 [00:07<00:07,  4.81it/s]
 30%|███       | 15/50 [00:07<00:05,  5.90it/s]
 34%|███▍      | 17/50 [00:07<00:04,  6.96it/s]
 38%|███▊      | 19/50 [00:07<00:03,  7.90it/s]
 42%|████▏     | 21/50 [00:07<00:03,  8.70it/s]
 46%|████▌     | 23/50 [00:07<00:02,  9.37it/s]
 50%|█████     | 25/50 [00:08<00:02,  9.87it/s]
 54%|█████▍    | 27/50 [00:08<00:02, 10.26it/s]
 58%|█████▊    | 29/50 [00:08<00:01, 10.57it/s]
 62%|██████▏   | 31/50 [00:08<00:01, 10.77it/s]
 66%|██████▌   | 33/50 [00:08<00:01, 10.92it/s]
 70%|███████   | 35/50 [00:09<00:01, 11.02it/s]
 74%|███████▍  | 37/50 [00:09<00:01, 11.10it/s]
 78%|███████▊  | 39/50 [00:09<00:00, 11.16it/s]
 82%|████████▏ | 41/50 [00:09<00:00, 11.20it/s]
 86%|████████▌ | 43/50 [00:09<00:00, 11.19it/s]
 90%|█████████ | 45/50 [00:09<00:00, 11.23it/s]
 94%|█████████▍| 47/50 [00:10<00:00, 11.24it/s]
 98%|█████████▊| 49/50 [00:10<00:00, 11.24it/s]
100%|██████████| 50/50 [00:16<00:00,  3.09it/s]
