[I 2023-12-11 21:33:14,626] Trial 199 finished with value: 0.4266172991874936 and parameters: {'EMBEDDING_DIM': 16, 'HIDDEN_DIM': 469, 'NUM_LAYERS': 1, 'DROPOUT': 0.12382447289466847, 'LR': 0.007435534503638587, 'WEIGHT_0': 0.8486807750904108, 'WEIGHT_1': 0.058528650691738196, 'WEIGHT_2': 0.3181671560849167, 'WEIGHT_3': 0.39356776485374984, 'WEIGHT_4': 0.7232425585899569, 'WEIGHT_5': 0.3949648196649024, 'WEIGHT_6': 0.5004874359672499, 'WEIGHT_7': 0.9550488206678264, 'WEIGHT_8': 0.38183358956050467}. Best is trial 42 with value: 0.44962374581939796.
{'EMBEDDING_DIM': 16, 'HIDDEN_DIM': 469, 'NUM_LAYERS': 1, 'DROPOUT': 0.12382447289466847, 'LR': 0.007435534503638587, 'WEIGHT_0': 0.8486807750904108, 'WEIGHT_1': 0.058528650691738196, 'WEIGHT_2': 0.3181671560849167, 'WEIGHT_3': 0.39356776485374984, 'WEIGHT_4': 0.7232425585899569, 'WEIGHT_5': 0.3949648196649024, 'WEIGHT_6': 0.5004874359672499, 'WEIGHT_7': 0.9550488206678264, 'WEIGHT_8': 0.38183358956050467}
0
              precision    recall  f1-score   support

         LOC       0.00      0.00      0.00      1837
        MISC       0.00      0.00      0.00       922
         ORG       0.00      0.00      0.00      1341
         PER       0.00      0.00      0.00      1842

   micro avg       0.00      0.00      0.00      5942
   macro avg       0.00      0.00      0.00      5942
weighted avg       0.00      0.00      0.00      5942

{'EMBEDDING_DIM': 16, 'HIDDEN_DIM': 469, 'NUM_LAYERS': 1, 'DROPOUT': 0.12382447289466847, 'LR': 0.007435534503638587, 'WEIGHT_0': 0.8486807750904108, 'WEIGHT_1': 0.058528650691738196, 'WEIGHT_2': 0.3181671560849167, 'WEIGHT_3': 0.39356776485374984, 'WEIGHT_4': 0.7232425585899569, 'WEIGHT_5': 0.3949648196649024, 'WEIGHT_6': 0.5004874359672499, 'WEIGHT_7': 0.9550488206678264, 'WEIGHT_8': 0.38183358956050467}
49
              precision    recall  f1-score   support

         LOC       0.74      0.57      0.64      1837
        MISC       0.62      0.51      0.56       922
         ORG       0.39      0.17      0.24      1341
         PER       0.32      0.17      0.23      1842

   micro avg       0.55      0.35      0.43      5942
   macro avg       0.52      0.36      0.42      5942
weighted avg       0.51      0.35      0.41      5942

epoch 49
Transformer

  0%|          | 0/50 [00:00<?, ?it/s]
  2%|▏         | 1/50 [00:07<05:57,  7.29s/it]
  4%|▍         | 2/50 [00:07<02:27,  3.07s/it]
  6%|▌         | 3/50 [00:07<01:20,  1.72s/it]
  8%|▊         | 4/50 [00:07<00:49,  1.09s/it]
 10%|█         | 5/50 [00:07<00:33,  1.36it/s]
 12%|█▏        | 6/50 [00:07<00:23,  1.90it/s]
 14%|█▍        | 7/50 [00:07<00:16,  2.55it/s]
 16%|█▌        | 8/50 [00:08<00:12,  3.27it/s]
 18%|█▊        | 9/50 [00:08<00:10,  4.09it/s]
 20%|██        | 10/50 [00:08<00:08,  4.93it/s]
 22%|██▏       | 11/50 [00:08<00:06,  5.73it/s]
 24%|██▍       | 12/50 [00:08<00:05,  6.46it/s]
 26%|██▌       | 13/50 [00:08<00:05,  7.09it/s]
 28%|██▊       | 14/50 [00:08<00:04,  7.59it/s]
 30%|███       | 15/50 [00:08<00:04,  8.01it/s]
 32%|███▏      | 16/50 [00:08<00:04,  8.31it/s]
 34%|███▍      | 17/50 [00:09<00:03,  8.54it/s]
 36%|███▌      | 18/50 [00:09<00:03,  8.68it/s]
 38%|███▊      | 19/50 [00:09<00:03,  8.81it/s]
 40%|████      | 20/50 [00:09<00:03,  8.89it/s]
 42%|████▏     | 21/50 [00:09<00:03,  8.97it/s]
 44%|████▍     | 22/50 [00:09<00:03,  9.01it/s]
 46%|████▌     | 23/50 [00:09<00:02,  9.03it/s]
 48%|████▊     | 24/50 [00:09<00:02,  9.07it/s]
 50%|█████     | 25/50 [00:09<00:02,  9.08it/s]
 52%|█████▏    | 26/50 [00:10<00:02,  9.09it/s]
 54%|█████▍    | 27/50 [00:10<00:02,  9.08it/s]
 56%|█████▌    | 28/50 [00:10<00:02,  9.09it/s]
 58%|█████▊    | 29/50 [00:10<00:02,  9.10it/s]
 60%|██████    | 30/50 [00:10<00:02,  9.09it/s]
 62%|██████▏   | 31/50 [00:10<00:02,  9.09it/s]
 64%|██████▍   | 32/50 [00:10<00:01,  9.07it/s]
 66%|██████▌   | 33/50 [00:10<00:01,  9.11it/s]
 68%|██████▊   | 34/50 [00:10<00:01,  9.08it/s]
 70%|███████   | 35/50 [00:11<00:01,  9.09it/s]
 72%|███████▏  | 36/50 [00:11<00:01,  9.09it/s]
 74%|███████▍  | 37/50 [00:11<00:01,  9.10it/s]
 76%|███████▌  | 38/50 [00:11<00:01,  9.09it/s]
 78%|███████▊  | 39/50 [00:11<00:01,  9.09it/s]
 80%|████████  | 40/50 [00:11<00:01,  9.10it/s]
 82%|████████▏ | 41/50 [00:11<00:00,  9.10it/s]
 84%|████████▍ | 42/50 [00:11<00:00,  9.11it/s]
 86%|████████▌ | 43/50 [00:11<00:00,  9.11it/s]
 88%|████████▊ | 44/50 [00:12<00:00,  9.09it/s]
 90%|█████████ | 45/50 [00:12<00:00,  9.11it/s]
 92%|█████████▏| 46/50 [00:12<00:00,  9.11it/s]
 94%|█████████▍| 47/50 [00:12<00:00,  9.12it/s]
 96%|█████████▌| 48/50 [00:12<00:00,  9.13it/s]
 98%|█████████▊| 49/50 [00:12<00:00,  9.12it/s]
100%|██████████| 50/50 [00:19<00:00,  2.26s/it]
100%|██████████| 50/50 [00:19<00:00,  2.51it/s]
[I 2023-12-11 21:33:41,531] Trial 200 finished with value: 0.4396700946950412 and parameters: {'EMBEDDING_DIM': 32, 'HIDDEN_DIM': 400, 'NUM_LAYERS': 1, 'DROPOUT': 0.14167272006840803, 'LR': 0.00807357878488797, 'WEIGHT_0': 0.9180037615169278, 'WEIGHT_1': 0.09730096424182363, 'WEIGHT_2': 0.39404015263520903, 'WEIGHT_3': 0.38081638811093793, 'WEIGHT_4': 0.6921486761566524, 'WEIGHT_5': 0.24276734245274484, 'WEIGHT_6': 0.5304747701395632, 'WEIGHT_7': 0.8810860711851225, 'WEIGHT_8': 0.37194195320549095}. Best is trial 42 with value: 0.44962374581939796.
{'EMBEDDING_DIM': 32, 'HIDDEN_DIM': 400, 'NUM_LAYERS': 1, 'DROPOUT': 0.14167272006840803, 'LR': 0.00807357878488797, 'WEIGHT_0': 0.9180037615169278, 'WEIGHT_1': 0.09730096424182363, 'WEIGHT_2': 0.39404015263520903, 'WEIGHT_3': 0.38081638811093793, 'WEIGHT_4': 0.6921486761566524, 'WEIGHT_5': 0.24276734245274484, 'WEIGHT_6': 0.5304747701395632, 'WEIGHT_7': 0.8810860711851225, 'WEIGHT_8': 0.37194195320549095}
0
              precision    recall  f1-score   support

         LOC       0.00      0.00      0.00      1837
        MISC       0.00      0.00      0.00       922
         ORG       0.00      0.00      0.00      1341
         PER       0.00      0.00      0.00      1842

   micro avg       0.00      0.00      0.00      5942
   macro avg       0.00      0.00      0.00      5942
weighted avg       0.00      0.00      0.00      5942

{'EMBEDDING_DIM': 32, 'HIDDEN_DIM': 400, 'NUM_LAYERS': 1, 'DROPOUT': 0.14167272006840803, 'LR': 0.00807357878488797, 'WEIGHT_0': 0.9180037615169278, 'WEIGHT_1': 0.09730096424182363, 'WEIGHT_2': 0.39404015263520903, 'WEIGHT_3': 0.38081638811093793, 'WEIGHT_4': 0.6921486761566524, 'WEIGHT_5': 0.24276734245274484, 'WEIGHT_6': 0.5304747701395632, 'WEIGHT_7': 0.8810860711851225, 'WEIGHT_8': 0.37194195320549095}
49
              precision    recall  f1-score   support

         LOC       0.79      0.57      0.66      1837
        MISC       0.60      0.51      0.55       922
         ORG       0.35      0.23      0.28      1341
         PER       0.37      0.18      0.24      1842

   micro avg       0.56      0.36      0.44      5942
   macro avg       0.53      0.37      0.43      5942
weighted avg       0.53      0.36      0.43      5942

epoch 49
Transformer

  0%|          | 0/50 [00:00<?, ?it/s]
  2%|▏         | 1/50 [00:07<06:03,  7.42s/it]
  4%|▍         | 2/50 [00:07<02:29,  3.12s/it]
  6%|▌         | 3/50 [00:07<01:22,  1.75s/it]
  8%|▊         | 4/50 [00:07<00:50,  1.10s/it]
 10%|█         | 5/50 [00:07<00:33,  1.34it/s]
 12%|█▏        | 6/50 [00:07<00:23,  1.88it/s]
 14%|█▍        | 7/50 [00:08<00:17,  2.53it/s]
 16%|█▌        | 8/50 [00:08<00:12,  3.28it/s]
 18%|█▊        | 9/50 [00:08<00:10,  4.09it/s]
 20%|██        | 10/50 [00:08<00:08,  4.93it/s]
 22%|██▏       | 11/50 [00:08<00:06,  5.74it/s]
 24%|██▍       | 12/50 [00:08<00:05,  6.47it/s]
 26%|██▌       | 13/50 [00:08<00:05,  7.07it/s]
 28%|██▊       | 14/50 [00:08<00:04,  7.57it/s]
 30%|███       | 15/50 [00:08<00:04,  7.97it/s]
 32%|███▏      | 16/50 [00:09<00:04,  8.30it/s]
 34%|███▍      | 17/50 [00:09<00:03,  8.53it/s]
 36%|███▌      | 18/50 [00:09<00:03,  8.68it/s]
 38%|███▊      | 19/50 [00:09<00:03,  8.79it/s]
 40%|████      | 20/50 [00:09<00:03,  8.87it/s]
 42%|████▏     | 21/50 [00:09<00:03,  8.93it/s]
 44%|████▍     | 22/50 [00:09<00:03,  8.96it/s]
 46%|████▌     | 23/50 [00:09<00:03,  8.98it/s]
 48%|████▊     | 24/50 [00:09<00:02,  9.02it/s]
 50%|█████     | 25/50 [00:10<00:02,  9.05it/s]
 52%|█████▏    | 26/50 [00:10<00:02,  9.07it/s]
 54%|█████▍    | 27/50 [00:10<00:02,  9.08it/s]
 56%|█████▌    | 28/50 [00:10<00:02,  9.04it/s]
 58%|█████▊    | 29/50 [00:10<00:02,  9.07it/s]
 60%|██████    | 30/50 [00:10<00:02,  9.10it/s]
 62%|██████▏   | 31/50 [00:10<00:02,  9.10it/s]
 64%|██████▍   | 32/50 [00:10<00:01,  9.09it/s]
 66%|██████▌   | 33/50 [00:10<00:01,  9.10it/s]
 68%|██████▊   | 34/50 [00:11<00:01,  9.10it/s]
 70%|███████   | 35/50 [00:11<00:01,  9.12it/s]
 72%|███████▏  | 36/50 [00:11<00:01,  9.09it/s]
 74%|███████▍  | 37/50 [00:11<00:01,  9.06it/s]
 76%|███████▌  | 38/50 [00:11<00:01,  9.07it/s]
 78%|███████▊  | 39/50 [00:11<00:01,  9.10it/s]
 80%|████████  | 40/50 [00:11<00:01,  9.10it/s]
 82%|████████▏ | 41/50 [00:11<00:00,  9.10it/s]
 84%|████████▍ | 42/50 [00:11<00:00,  9.10it/s]
 86%|████████▌ | 43/50 [00:12<00:00,  9.11it/s]
 88%|████████▊ | 44/50 [00:12<00:00,  9.12it/s]
 90%|█████████ | 45/50 [00:12<00:00,  9.09it/s]
 92%|█████████▏| 46/50 [00:12<00:00,  9.09it/s]
 94%|█████████▍| 47/50 [00:12<00:00,  9.08it/s]
 96%|█████████▌| 48/50 [00:12<00:00,  9.10it/s]
 98%|█████████▊| 49/50 [00:12<00:00,  9.11it/s]
100%|██████████| 50/50 [00:20<00:00,  2.26s/it]
100%|██████████| 50/50 [00:20<00:00,  2.50it/s]
[I 2023-12-11 21:34:08,576] Trial 201 finished with value: 0.43891869583161375 and parameters: {'EMBEDDING_DIM': 32, 'HIDDEN_DIM': 359, 'NUM_LAYERS': 1, 'DROPOUT': 0.1126220339596228, 'LR': 0.007663694001975115, 'WEIGHT_0': 0.8640951404302688, 'WEIGHT_1': 0.07443998956794447, 'WEIGHT_2': 0.36239941215467836, 'WEIGHT_3': 0.16558657712913868, 'WEIGHT_4': 0.8287397385928494, 'WEIGHT_5': 0.2851453639715756, 'WEIGHT_6': 0.1843612060703309, 'WEIGHT_7': 0.4426900452085445, 'WEIGHT_8': 0.7817412528504095}. Best is trial 42 with value: 0.44962374581939796.
{'EMBEDDING_DIM': 32, 'HIDDEN_DIM': 359, 'NUM_LAYERS': 1, 'DROPOUT': 0.1126220339596228, 'LR': 0.007663694001975115, 'WEIGHT_0': 0.8640951404302688, 'WEIGHT_1': 0.07443998956794447, 'WEIGHT_2': 0.36239941215467836, 'WEIGHT_3': 0.16558657712913868, 'WEIGHT_4': 0.8287397385928494, 'WEIGHT_5': 0.2851453639715756, 'WEIGHT_6': 0.1843612060703309, 'WEIGHT_7': 0.4426900452085445, 'WEIGHT_8': 0.7817412528504095}
0
              precision    recall  f1-score   support

         LOC       0.00      0.00      0.00      1837
        MISC       0.00      0.00      0.00       922
         ORG       0.00      0.00      0.00      1341
         PER       0.00      0.00      0.00      1842

   micro avg       0.00      0.00      0.00      5942
   macro avg       0.00      0.00      0.00      5942
weighted avg       0.00      0.00      0.00      5942

{'EMBEDDING_DIM': 32, 'HIDDEN_DIM': 359, 'NUM_LAYERS': 1, 'DROPOUT': 0.1126220339596228, 'LR': 0.007663694001975115, 'WEIGHT_0': 0.8640951404302688, 'WEIGHT_1': 0.07443998956794447, 'WEIGHT_2': 0.36239941215467836, 'WEIGHT_3': 0.16558657712913868, 'WEIGHT_4': 0.8287397385928494, 'WEIGHT_5': 0.2851453639715756, 'WEIGHT_6': 0.1843612060703309, 'WEIGHT_7': 0.4426900452085445, 'WEIGHT_8': 0.7817412528504095}
49
              precision    recall  f1-score   support

         LOC       0.76      0.58      0.66      1837
        MISC       0.59      0.49      0.53       922
         ORG       0.43      0.21      0.29      1341
         PER       0.35      0.18      0.24      1842

   micro avg       0.57      0.36      0.44      5942
   macro avg       0.53      0.36      0.43      5942
weighted avg       0.53      0.36      0.42      5942

epoch 49
Transformer

  0%|          | 0/50 [00:00<?, ?it/s]
  2%|▏         | 1/50 [00:07<05:53,  7.21s/it]
  4%|▍         | 2/50 [00:07<02:25,  3.04s/it]
  6%|▌         | 3/50 [00:07<01:19,  1.70s/it]
  8%|▊         | 4/50 [00:07<00:49,  1.08s/it]
 10%|█         | 5/50 [00:07<00:32,  1.37it/s]
 12%|█▏        | 6/50 [00:07<00:22,  1.92it/s]
 14%|█▍        | 7/50 [00:07<00:16,  2.58it/s]
 16%|█▌        | 8/50 [00:08<00:12,  3.33it/s]
 18%|█▊        | 9/50 [00:08<00:10,  4.09it/s]
 20%|██        | 10/50 [00:08<00:08,  4.93it/s]
 22%|██▏       | 11/50 [00:08<00:06,  5.74it/s]
 24%|██▍       | 12/50 [00:08<00:05,  6.47it/s]
 26%|██▌       | 13/50 [00:08<00:05,  7.09it/s]
 28%|██▊       | 14/50 [00:08<00:04,  7.60it/s]
 30%|███       | 15/50 [00:08<00:04,  8.01it/s]
 32%|███▏      | 16/50 [00:08<00:04,  8.32it/s]
 34%|███▍      | 17/50 [00:09<00:03,  8.56it/s]
 36%|███▌      | 18/50 [00:09<00:03,  8.71it/s]
 38%|███▊      | 19/50 [00:09<00:03,  8.83it/s]
 40%|████      | 20/50 [00:09<00:03,  8.92it/s]
 42%|████▏     | 21/50 [00:09<00:03,  8.98it/s]
 44%|████▍     | 22/50 [00:09<00:03,  9.04it/s]
 46%|████▌     | 23/50 [00:09<00:02,  9.05it/s]
 48%|████▊     | 24/50 [00:09<00:02,  9.07it/s]
 50%|█████     | 25/50 [00:09<00:02,  9.10it/s]
 52%|█████▏    | 26/50 [00:09<00:02,  9.10it/s]
 54%|█████▍    | 27/50 [00:10<00:02,  9.09it/s]
 56%|█████▌    | 28/50 [00:10<00:02,  9.08it/s]
 58%|█████▊    | 29/50 [00:10<00:02,  9.10it/s]
 60%|██████    | 30/50 [00:10<00:02,  9.11it/s]
 62%|██████▏   | 31/50 [00:10<00:02,  9.13it/s]
 64%|██████▍   | 32/50 [00:10<00:01,  9.12it/s]
 66%|██████▌   | 33/50 [00:10<00:01,  9.12it/s]
 68%|██████▊   | 34/50 [00:10<00:01,  9.12it/s]
 70%|███████   | 35/50 [00:10<00:01,  9.14it/s]
 72%|███████▏  | 36/50 [00:11<00:01,  9.12it/s]
 74%|███████▍  | 37/50 [00:11<00:01,  9.12it/s]
 76%|███████▌  | 38/50 [00:11<00:01,  9.13it/s]
 78%|███████▊  | 39/50 [00:11<00:01,  9.14it/s]
 80%|████████  | 40/50 [00:11<00:01,  9.14it/s]
 82%|████████▏ | 41/50 [00:11<00:00,  9.13it/s]
 84%|████████▍ | 42/50 [00:11<00:00,  9.13it/s]
 86%|████████▌ | 43/50 [00:11<00:00,  9.14it/s]
 88%|████████▊ | 44/50 [00:11<00:00,  9.15it/s]
 90%|█████████ | 45/50 [00:12<00:00,  9.15it/s]
 92%|█████████▏| 46/50 [00:12<00:00,  9.13it/s]
 94%|█████████▍| 47/50 [00:12<00:00,  9.13it/s]
 96%|█████████▌| 48/50 [00:12<00:00,  9.13it/s]
 98%|█████████▊| 49/50 [00:12<00:00,  9.14it/s]
100%|██████████| 50/50 [00:19<00:00,  2.25s/it]
100%|██████████| 50/50 [00:19<00:00,  2.53it/s]
[I 2023-12-11 21:34:35,203] Trial 202 finished with value: 0.42058346839546196 and parameters: {'EMBEDDING_DIM': 32, 'HIDDEN_DIM': 187, 'NUM_LAYERS': 1, 'DROPOUT': 0.09516483820194296, 'LR': 0.007857052950014055, 'WEIGHT_0': 0.8746452937380885, 'WEIGHT_1': 0.04499924556395258, 'WEIGHT_2': 0.37406442911674653, 'WEIGHT_3': 0.18942299893507833, 'WEIGHT_4': 0.7861731952850343, 'WEIGHT_5': 0.32501490478471384, 'WEIGHT_6': 0.20662241173794976, 'WEIGHT_7': 0.8644944048968668, 'WEIGHT_8': 0.29901040924308353}. Best is trial 42 with value: 0.44962374581939796.
{'EMBEDDING_DIM': 32, 'HIDDEN_DIM': 187, 'NUM_LAYERS': 1, 'DROPOUT': 0.09516483820194296, 'LR': 0.007857052950014055, 'WEIGHT_0': 0.8746452937380885, 'WEIGHT_1': 0.04499924556395258, 'WEIGHT_2': 0.37406442911674653, 'WEIGHT_3': 0.18942299893507833, 'WEIGHT_4': 0.7861731952850343, 'WEIGHT_5': 0.32501490478471384, 'WEIGHT_6': 0.20662241173794976, 'WEIGHT_7': 0.8644944048968668, 'WEIGHT_8': 0.29901040924308353}
0
              precision    recall  f1-score   support

         LOC       0.00      0.00      0.00      1837
        MISC       0.00      0.00      0.00       922
         ORG       0.00      0.00      0.00      1341
         PER       0.00      0.00      0.00      1842

   micro avg       0.00      0.00      0.00      5942
   macro avg       0.00      0.00      0.00      5942
weighted avg       0.00      0.00      0.00      5942

{'EMBEDDING_DIM': 32, 'HIDDEN_DIM': 187, 'NUM_LAYERS': 1, 'DROPOUT': 0.09516483820194296, 'LR': 0.007857052950014055, 'WEIGHT_0': 0.8746452937380885, 'WEIGHT_1': 0.04499924556395258, 'WEIGHT_2': 0.37406442911674653, 'WEIGHT_3': 0.18942299893507833, 'WEIGHT_4': 0.7861731952850343, 'WEIGHT_5': 0.32501490478471384, 'WEIGHT_6': 0.20662241173794976, 'WEIGHT_7': 0.8644944048968668, 'WEIGHT_8': 0.29901040924308353}
49
              precision    recall  f1-score   support

         LOC       0.73      0.57      0.64      1837
        MISC       0.52      0.49      0.50       922
         ORG       0.38      0.20      0.26      1341
         PER       0.34      0.17      0.22      1842

   micro avg       0.53      0.35      0.42      5942
   macro avg       0.49      0.36      0.41      5942
weighted avg       0.50      0.35      0.41      5942

epoch 49
Transformer

  0%|          | 0/50 [00:00<?, ?it/s]
  2%|▏         | 1/50 [00:07<05:56,  7.28s/it]
  4%|▍         | 2/50 [00:07<02:27,  3.06s/it]
  6%|▌         | 3/50 [00:07<01:20,  1.72s/it]
  8%|▊         | 4/50 [00:07<00:49,  1.08s/it]
 10%|█         | 5/50 [00:07<00:33,  1.36it/s]
 12%|█▏        | 6/50 [00:07<00:23,  1.91it/s]
 14%|█▍        | 7/50 [00:07<00:16,  2.55it/s]
 16%|█▌        | 8/50 [00:08<00:12,  3.31it/s]
 18%|█▊        | 9/50 [00:08<00:09,  4.13it/s]
 20%|██        | 10/50 [00:08<00:08,  4.97it/s]
 22%|██▏       | 11/50 [00:08<00:06,  5.78it/s]
 24%|██▍       | 12/50 [00:08<00:05,  6.51it/s]
 26%|██▌       | 13/50 [00:08<00:05,  7.14it/s]
 28%|██▊       | 14/50 [00:08<00:04,  7.64it/s]
 30%|███       | 15/50 [00:08<00:04,  8.03it/s]
 32%|███▏      | 16/50 [00:08<00:04,  8.35it/s]
 34%|███▍      | 17/50 [00:09<00:03,  8.58it/s]
 36%|███▌      | 18/50 [00:09<00:03,  8.74it/s]
 38%|███▊      | 19/50 [00:09<00:03,  8.87it/s]
 40%|████      | 20/50 [00:09<00:03,  8.94it/s]
 42%|████▏     | 21/50 [00:09<00:03,  9.01it/s]
 44%|████▍     | 22/50 [00:09<00:03,  9.05it/s]
 46%|████▌     | 23/50 [00:09<00:02,  9.10it/s]
 48%|████▊     | 24/50 [00:09<00:02,  9.08it/s]
 50%|█████     | 25/50 [00:09<00:02,  9.11it/s]
 52%|█████▏    | 26/50 [00:10<00:02,  9.12it/s]
 54%|█████▍    | 27/50 [00:10<00:02,  9.11it/s]
 56%|█████▌    | 28/50 [00:10<00:02,  9.13it/s]
 58%|█████▊    | 29/50 [00:10<00:02,  9.12it/s]
 60%|██████    | 30/50 [00:10<00:02,  9.14it/s]
 62%|██████▏   | 31/50 [00:10<00:02,  9.14it/s]
 64%|██████▍   | 32/50 [00:10<00:01,  9.15it/s]
 66%|██████▌   | 33/50 [00:10<00:01,  9.14it/s]
 68%|██████▊   | 34/50 [00:10<00:01,  9.13it/s]
 70%|███████   | 35/50 [00:11<00:01,  9.14it/s]
 72%|███████▏  | 36/50 [00:11<00:01,  9.14it/s]
 74%|███████▍  | 37/50 [00:11<00:01,  9.15it/s]
 76%|███████▌  | 38/50 [00:11<00:01,  9.15it/s]
 78%|███████▊  | 39/50 [00:11<00:01,  9.15it/s]
 80%|████████  | 40/50 [00:11<00:01,  9.16it/s]
 82%|████████▏ | 41/50 [00:11<00:00,  9.16it/s]
 84%|████████▍ | 42/50 [00:11<00:00,  9.16it/s]
 86%|████████▌ | 43/50 [00:11<00:00,  9.15it/s]
 88%|████████▊ | 44/50 [00:12<00:00,  9.15it/s]
 90%|█████████ | 45/50 [00:12<00:00,  9.15it/s]
 92%|█████████▏| 46/50 [00:12<00:00,  9.16it/s]
 94%|█████████▍| 47/50 [00:12<00:00,  9.17it/s]
 96%|█████████▌| 48/50 [00:12<00:00,  9.16it/s]
 98%|█████████▊| 49/50 [00:12<00:00,  9.16it/s]
100%|██████████| 50/50 [00:19<00:00,  2.26s/it]
100%|██████████| 50/50 [00:19<00:00,  2.52it/s]
