[I 2023-12-11 23:23:01,416] Trial 405 finished with value: 0.10022438294689602 and parameters: {'EMBEDDING_DIM': 512, 'HIDDEN_DIM': 2459, 'NUM_LAYERS': 1, 'DROPOUT': 0.0477770020675355, 'LR': 0.006291709578931328, 'WEIGHT_0': 0.8334878754566337, 'WEIGHT_1': 0.1095095779826229, 'WEIGHT_2': 0.5778101725764274, 'WEIGHT_3': 0.5892657622065984, 'WEIGHT_4': 0.5156339391905592, 'WEIGHT_5': 0.1038636828845626, 'WEIGHT_6': 0.22385317875226773, 'WEIGHT_7': 0.9615931181620627, 'WEIGHT_8': 0.7733291674199942}. Best is trial 282 with value: 0.45463128081401455.
{'EMBEDDING_DIM': 512, 'HIDDEN_DIM': 2459, 'NUM_LAYERS': 1, 'DROPOUT': 0.0477770020675355, 'LR': 0.006291709578931328, 'WEIGHT_0': 0.8334878754566337, 'WEIGHT_1': 0.1095095779826229, 'WEIGHT_2': 0.5778101725764274, 'WEIGHT_3': 0.5892657622065984, 'WEIGHT_4': 0.5156339391905592, 'WEIGHT_5': 0.1038636828845626, 'WEIGHT_6': 0.22385317875226773, 'WEIGHT_7': 0.9615931181620627, 'WEIGHT_8': 0.7733291674199942}
0
              precision    recall  f1-score   support

         LOC       0.00      0.00      0.00      1837
        MISC       0.00      0.00      0.00       922
         ORG       0.00      0.00      0.00      1341
         PER       0.00      0.00      0.00      1842

   micro avg       0.00      0.00      0.00      5942
   macro avg       0.00      0.00      0.00      5942
weighted avg       0.00      0.00      0.00      5942

{'EMBEDDING_DIM': 512, 'HIDDEN_DIM': 2459, 'NUM_LAYERS': 1, 'DROPOUT': 0.0477770020675355, 'LR': 0.006291709578931328, 'WEIGHT_0': 0.8334878754566337, 'WEIGHT_1': 0.1095095779826229, 'WEIGHT_2': 0.5778101725764274, 'WEIGHT_3': 0.5892657622065984, 'WEIGHT_4': 0.5156339391905592, 'WEIGHT_5': 0.1038636828845626, 'WEIGHT_6': 0.22385317875226773, 'WEIGHT_7': 0.9615931181620627, 'WEIGHT_8': 0.7733291674199942}
49
              precision    recall  f1-score   support

         LOC       0.44      0.04      0.08      1837
        MISC       0.12      0.32      0.17       922
         ORG       0.00      0.00      0.00      1341
         PER       0.08      0.09      0.08      1842

   micro avg       0.11      0.09      0.10      5942
   macro avg       0.16      0.11      0.08      5942
weighted avg       0.18      0.09      0.08      5942

epoch 49
Transformer

  0%|          | 0/50 [00:00<?, ?it/s]
  2%|▏         | 1/50 [00:06<05:00,  6.14s/it]
  4%|▍         | 2/50 [00:06<02:08,  2.67s/it]
  8%|▊         | 4/50 [00:06<00:48,  1.05s/it]
 12%|█▏        | 6/50 [00:06<00:26,  1.67it/s]
 14%|█▍        | 7/50 [00:06<00:20,  2.12it/s]
 18%|█▊        | 9/50 [00:07<00:12,  3.20it/s]
 22%|██▏       | 11/50 [00:07<00:08,  4.36it/s]
 26%|██▌       | 13/50 [00:07<00:06,  5.54it/s]
 30%|███       | 15/50 [00:07<00:05,  6.65it/s]
 34%|███▍      | 17/50 [00:07<00:04,  7.66it/s]
 38%|███▊      | 19/50 [00:07<00:03,  8.50it/s]
 42%|████▏     | 21/50 [00:08<00:03,  9.20it/s]
 46%|████▌     | 23/50 [00:08<00:02,  9.74it/s]
 50%|█████     | 25/50 [00:08<00:02, 10.16it/s]
 54%|█████▍    | 27/50 [00:08<00:02, 10.47it/s]
 58%|█████▊    | 29/50 [00:08<00:01, 10.69it/s]
 62%|██████▏   | 31/50 [00:08<00:01, 10.84it/s]
 66%|██████▌   | 33/50 [00:09<00:01, 10.93it/s]
 70%|███████   | 35/50 [00:09<00:01, 11.00it/s]
 74%|███████▍  | 37/50 [00:09<00:01, 11.06it/s]
 78%|███████▊  | 39/50 [00:09<00:00, 11.09it/s]
 82%|████████▏ | 41/50 [00:09<00:00, 11.13it/s]
 86%|████████▌ | 43/50 [00:10<00:00, 11.16it/s]
 90%|█████████ | 45/50 [00:10<00:00, 11.19it/s]
 94%|█████████▍| 47/50 [00:10<00:00, 11.19it/s]
 98%|█████████▊| 49/50 [00:10<00:00, 11.22it/s]
100%|██████████| 50/50 [00:16<00:00,  3.02it/s]
[I 2023-12-11 23:23:23,669] Trial 406 finished with value: 0.424110240904134 and parameters: {'EMBEDDING_DIM': 32, 'HIDDEN_DIM': 621, 'NUM_LAYERS': 1, 'DROPOUT': 0.3240638114115614, 'LR': 0.004595919958798707, 'WEIGHT_0': 0.9159989081349187, 'WEIGHT_1': 0.7395626690835404, 'WEIGHT_2': 0.26069574576180043, 'WEIGHT_3': 0.034375918004162946, 'WEIGHT_4': 0.6220916546121845, 'WEIGHT_5': 0.4225639688661801, 'WEIGHT_6': 0.12426017176781824, 'WEIGHT_7': 0.6247101665412776, 'WEIGHT_8': 0.9154064709629073}. Best is trial 282 with value: 0.45463128081401455.
{'EMBEDDING_DIM': 32, 'HIDDEN_DIM': 621, 'NUM_LAYERS': 1, 'DROPOUT': 0.3240638114115614, 'LR': 0.004595919958798707, 'WEIGHT_0': 0.9159989081349187, 'WEIGHT_1': 0.7395626690835404, 'WEIGHT_2': 0.26069574576180043, 'WEIGHT_3': 0.034375918004162946, 'WEIGHT_4': 0.6220916546121845, 'WEIGHT_5': 0.4225639688661801, 'WEIGHT_6': 0.12426017176781824, 'WEIGHT_7': 0.6247101665412776, 'WEIGHT_8': 0.9154064709629073}
0
              precision    recall  f1-score   support

         LOC       0.00      0.00      0.00      1837
        MISC       0.00      0.00      0.00       922
         ORG       0.00      0.00      0.00      1341
         PER       0.00      0.00      0.00      1842

   micro avg       0.00      0.00      0.00      5942
   macro avg       0.00      0.00      0.00      5942
weighted avg       0.00      0.00      0.00      5942

{'EMBEDDING_DIM': 32, 'HIDDEN_DIM': 621, 'NUM_LAYERS': 1, 'DROPOUT': 0.3240638114115614, 'LR': 0.004595919958798707, 'WEIGHT_0': 0.9159989081349187, 'WEIGHT_1': 0.7395626690835404, 'WEIGHT_2': 0.26069574576180043, 'WEIGHT_3': 0.034375918004162946, 'WEIGHT_4': 0.6220916546121845, 'WEIGHT_5': 0.4225639688661801, 'WEIGHT_6': 0.12426017176781824, 'WEIGHT_7': 0.6247101665412776, 'WEIGHT_8': 0.9154064709629073}
49
              precision    recall  f1-score   support

         LOC       0.76      0.57      0.65      1837
        MISC       0.50      0.48      0.49       922
         ORG       0.30      0.23      0.26      1341
         PER       0.41      0.19      0.26      1842

   micro avg       0.52      0.36      0.42      5942
   macro avg       0.49      0.37      0.41      5942
weighted avg       0.51      0.36      0.41      5942

epoch 49
Transformer

  0%|          | 0/50 [00:00<?, ?it/s]
  2%|▏         | 1/50 [00:06<04:55,  6.03s/it]
  6%|▌         | 3/50 [00:06<01:16,  1.64s/it]
 10%|█         | 5/50 [00:06<00:37,  1.19it/s]
 14%|█▍        | 7/50 [00:06<00:22,  1.90it/s]
 18%|█▊        | 9/50 [00:06<00:14,  2.76it/s]
 22%|██▏       | 11/50 [00:06<00:10,  3.75it/s]
 26%|██▌       | 13/50 [00:07<00:07,  4.79it/s]
 30%|███       | 15/50 [00:07<00:05,  5.87it/s]
 34%|███▍      | 17/50 [00:07<00:04,  6.91it/s]
 38%|███▊      | 19/50 [00:07<00:03,  7.83it/s]
 42%|████▏     | 21/50 [00:07<00:03,  8.61it/s]
 46%|████▌     | 23/50 [00:08<00:02,  9.25it/s]
 50%|█████     | 25/50 [00:08<00:02,  9.75it/s]
 54%|█████▍    | 27/50 [00:08<00:02, 10.13it/s]
 58%|█████▊    | 29/50 [00:08<00:02, 10.44it/s]
 62%|██████▏   | 31/50 [00:08<00:01, 10.65it/s]
 66%|██████▌   | 33/50 [00:08<00:01, 10.81it/s]
 70%|███████   | 35/50 [00:09<00:01, 10.91it/s]
 74%|███████▍  | 37/50 [00:09<00:01, 10.99it/s]
 78%|███████▊  | 39/50 [00:09<00:00, 11.05it/s]
 82%|████████▏ | 41/50 [00:09<00:00, 11.07it/s]
 86%|████████▌ | 43/50 [00:09<00:00, 11.11it/s]
 90%|█████████ | 45/50 [00:10<00:00, 11.10it/s]
 94%|█████████▍| 47/50 [00:10<00:00, 11.12it/s]
 98%|█████████▊| 49/50 [00:10<00:00, 11.16it/s]
100%|██████████| 50/50 [00:16<00:00,  3.07it/s]
[I 2023-12-11 23:23:45,392] Trial 407 finished with value: 0.43429752066115695 and parameters: {'EMBEDDING_DIM': 32, 'HIDDEN_DIM': 928, 'NUM_LAYERS': 1, 'DROPOUT': 0.2836087844638352, 'LR': 0.006579296099597589, 'WEIGHT_0': 0.9483636514761874, 'WEIGHT_1': 0.6910577947064052, 'WEIGHT_2': 0.4285071708177308, 'WEIGHT_3': 0.20953289124223037, 'WEIGHT_4': 0.8128155270406897, 'WEIGHT_5': 0.4597828557645085, 'WEIGHT_6': 0.046333768129441365, 'WEIGHT_7': 0.5600359356991099, 'WEIGHT_8': 0.8530530164967081}. Best is trial 282 with value: 0.45463128081401455.
{'EMBEDDING_DIM': 32, 'HIDDEN_DIM': 928, 'NUM_LAYERS': 1, 'DROPOUT': 0.2836087844638352, 'LR': 0.006579296099597589, 'WEIGHT_0': 0.9483636514761874, 'WEIGHT_1': 0.6910577947064052, 'WEIGHT_2': 0.4285071708177308, 'WEIGHT_3': 0.20953289124223037, 'WEIGHT_4': 0.8128155270406897, 'WEIGHT_5': 0.4597828557645085, 'WEIGHT_6': 0.046333768129441365, 'WEIGHT_7': 0.5600359356991099, 'WEIGHT_8': 0.8530530164967081}
0
              precision    recall  f1-score   support

         LOC       0.00      0.00      0.00      1837
        MISC       0.00      0.00      0.00       922
         ORG       0.00      0.00      0.00      1341
         PER       0.00      0.00      0.00      1842

   micro avg       0.00      0.00      0.00      5942
   macro avg       0.00      0.00      0.00      5942
weighted avg       0.00      0.00      0.00      5942

{'EMBEDDING_DIM': 32, 'HIDDEN_DIM': 928, 'NUM_LAYERS': 1, 'DROPOUT': 0.2836087844638352, 'LR': 0.006579296099597589, 'WEIGHT_0': 0.9483636514761874, 'WEIGHT_1': 0.6910577947064052, 'WEIGHT_2': 0.4285071708177308, 'WEIGHT_3': 0.20953289124223037, 'WEIGHT_4': 0.8128155270406897, 'WEIGHT_5': 0.4597828557645085, 'WEIGHT_6': 0.046333768129441365, 'WEIGHT_7': 0.5600359356991099, 'WEIGHT_8': 0.8530530164967081}
49
              precision    recall  f1-score   support

         LOC       0.75      0.57      0.65      1837
        MISC       0.63      0.47      0.53       922
         ORG       0.39      0.22      0.28      1341
         PER       0.37      0.18      0.24      1842

   micro avg       0.56      0.35      0.43      5942
   macro avg       0.53      0.36      0.43      5942
weighted avg       0.53      0.35      0.42      5942

epoch 49
Transformer

  0%|          | 0/50 [00:00<?, ?it/s]
  2%|▏         | 1/50 [00:05<04:51,  5.94s/it]
  6%|▌         | 3/50 [00:06<01:15,  1.61s/it]
 10%|█         | 5/50 [00:06<00:37,  1.20it/s]
 14%|█▍        | 7/50 [00:06<00:22,  1.93it/s]
 16%|█▌        | 8/50 [00:06<00:17,  2.35it/s]
 18%|█▊        | 9/50 [00:06<00:14,  2.84it/s]
 20%|██        | 10/50 [00:06<00:11,  3.47it/s]
 22%|██▏       | 11/50 [00:06<00:09,  4.19it/s]
 24%|██▍       | 12/50 [00:07<00:07,  4.96it/s]
 26%|██▌       | 13/50 [00:07<00:06,  5.72it/s]
 28%|██▊       | 14/50 [00:07<00:05,  6.43it/s]
 30%|███       | 15/50 [00:07<00:05,  6.94it/s]
 32%|███▏      | 16/50 [00:07<00:04,  7.48it/s]
 34%|███▍      | 17/50 [00:07<00:04,  7.77it/s]
 38%|███▊      | 19/50 [00:07<00:03,  8.98it/s]
 42%|████▏     | 21/50 [00:08<00:03,  9.06it/s]
 44%|████▍     | 22/50 [00:08<00:03,  9.12it/s]
 46%|████▌     | 23/50 [00:08<00:02,  9.17it/s]
 48%|████▊     | 24/50 [00:08<00:02,  9.20it/s]
 50%|█████     | 25/50 [00:08<00:02,  9.14it/s]
 52%|█████▏    | 26/50 [00:08<00:02,  9.17it/s]
 54%|█████▍    | 27/50 [00:08<00:02,  8.98it/s]
 56%|█████▌    | 28/50 [00:08<00:02,  8.89it/s]
 58%|█████▊    | 29/50 [00:08<00:02,  8.98it/s]
 62%|██████▏   | 31/50 [00:09<00:01,  9.89it/s]
 66%|██████▌   | 33/50 [00:09<00:01, 10.35it/s]
 70%|███████   | 35/50 [00:09<00:01, 10.66it/s]
 74%|███████▍  | 37/50 [00:09<00:01, 10.88it/s]
 78%|███████▊  | 39/50 [00:09<00:00, 11.02it/s]
 82%|████████▏ | 41/50 [00:09<00:00, 11.06it/s]
 86%|████████▌ | 43/50 [00:10<00:00, 11.10it/s]
 90%|█████████ | 45/50 [00:10<00:00, 11.12it/s]
 94%|█████████▍| 47/50 [00:10<00:00, 11.15it/s]
 98%|█████████▊| 49/50 [00:10<00:00, 11.20it/s]
100%|██████████| 50/50 [00:16<00:00,  3.01it/s]
[I 2023-12-11 23:24:07,476] Trial 408 finished with value: 0.35997988939165404 and parameters: {'EMBEDDING_DIM': 32, 'HIDDEN_DIM': 752, 'NUM_LAYERS': 1, 'DROPOUT': 0.31121848348004066, 'LR': 0.006845504541732741, 'WEIGHT_0': 0.8601209172366943, 'WEIGHT_1': 0.2893326784463095, 'WEIGHT_2': 0.015816485841183114, 'WEIGHT_3': 0.3761153938789758, 'WEIGHT_4': 0.7891984093868127, 'WEIGHT_5': 0.48540071135711543, 'WEIGHT_6': 0.0778561839568723, 'WEIGHT_7': 0.5408356786725561, 'WEIGHT_8': 0.9391707501860603}. Best is trial 282 with value: 0.45463128081401455.
{'EMBEDDING_DIM': 32, 'HIDDEN_DIM': 752, 'NUM_LAYERS': 1, 'DROPOUT': 0.31121848348004066, 'LR': 0.006845504541732741, 'WEIGHT_0': 0.8601209172366943, 'WEIGHT_1': 0.2893326784463095, 'WEIGHT_2': 0.015816485841183114, 'WEIGHT_3': 0.3761153938789758, 'WEIGHT_4': 0.7891984093868127, 'WEIGHT_5': 0.48540071135711543, 'WEIGHT_6': 0.0778561839568723, 'WEIGHT_7': 0.5408356786725561, 'WEIGHT_8': 0.9391707501860603}
0
              precision    recall  f1-score   support

         LOC       0.00      0.00      0.00      1837
        MISC       0.00      0.00      0.00       922
         ORG       0.00      0.00      0.00      1341
         PER       0.00      0.00      0.00      1842

   micro avg       0.00      0.00      0.00      5942
   macro avg       0.00      0.00      0.00      5942
weighted avg       0.00      0.00      0.00      5942

{'EMBEDDING_DIM': 32, 'HIDDEN_DIM': 752, 'NUM_LAYERS': 1, 'DROPOUT': 0.31121848348004066, 'LR': 0.006845504541732741, 'WEIGHT_0': 0.8601209172366943, 'WEIGHT_1': 0.2893326784463095, 'WEIGHT_2': 0.015816485841183114, 'WEIGHT_3': 0.3761153938789758, 'WEIGHT_4': 0.7891984093868127, 'WEIGHT_5': 0.48540071135711543, 'WEIGHT_6': 0.0778561839568723, 'WEIGHT_7': 0.5408356786725561, 'WEIGHT_8': 0.9391707501860603}
49
              precision    recall  f1-score   support

         LOC       0.75      0.59      0.66      1837
        MISC       0.29      0.11      0.15       922
         ORG       0.26      0.21      0.23      1341
         PER       0.29      0.18      0.22      1842

   micro avg       0.45      0.30      0.36      5942
   macro avg       0.40      0.27      0.32      5942
weighted avg       0.43      0.30      0.35      5942

epoch 49
Transformer

  0%|          | 0/50 [00:00<?, ?it/s]
  2%|▏         | 1/50 [00:08<06:33,  8.04s/it]
  4%|▍         | 2/50 [00:08<02:43,  3.40s/it]
  6%|▌         | 3/50 [00:08<01:30,  1.92s/it]
  8%|▊         | 4/50 [00:08<00:55,  1.22s/it]
 10%|█         | 5/50 [00:08<00:37,  1.21it/s]
 12%|█▏        | 6/50 [00:08<00:26,  1.67it/s]
 14%|█▍        | 7/50 [00:08<00:19,  2.24it/s]
 16%|█▌        | 8/50 [00:09<00:14,  2.87it/s]
 18%|█▊        | 9/50 [00:09<00:11,  3.55it/s]
 20%|██        | 10/50 [00:09<00:09,  4.22it/s]
 22%|██▏       | 11/50 [00:09<00:08,  4.84it/s]
 24%|██▍       | 12/50 [00:09<00:07,  5.39it/s]
 26%|██▌       | 13/50 [00:09<00:06,  5.86it/s]
 28%|██▊       | 14/50 [00:09<00:05,  6.24it/s]
 30%|███       | 15/50 [00:10<00:05,  6.53it/s]
 32%|███▏      | 16/50 [00:10<00:05,  6.75it/s]
 34%|███▍      | 17/50 [00:10<00:04,  6.91it/s]
 36%|███▌      | 18/50 [00:10<00:04,  7.03it/s]
 38%|███▊      | 19/50 [00:10<00:04,  7.11it/s]
 40%|████      | 20/50 [00:10<00:04,  7.18it/s]
 42%|████▏     | 21/50 [00:10<00:04,  7.23it/s]
 44%|████▍     | 22/50 [00:10<00:03,  7.24it/s]
 46%|████▌     | 23/50 [00:11<00:03,  7.26it/s]
 48%|████▊     | 24/50 [00:11<00:03,  7.28it/s]
 50%|█████     | 25/50 [00:11<00:03,  7.31it/s]
 52%|█████▏    | 26/50 [00:11<00:03,  7.30it/s]
 54%|█████▍    | 27/50 [00:11<00:03,  7.31it/s]
 56%|█████▌    | 28/50 [00:11<00:03,  7.31it/s]
 58%|█████▊    | 29/50 [00:11<00:02,  7.31it/s]
 60%|██████    | 30/50 [00:12<00:02,  7.30it/s]
 62%|██████▏   | 31/50 [00:12<00:02,  7.29it/s]
 64%|██████▍   | 32/50 [00:12<00:02,  7.29it/s]
 66%|██████▌   | 33/50 [00:12<00:02,  7.30it/s]
 68%|██████▊   | 34/50 [00:12<00:02,  7.29it/s]
 70%|███████   | 35/50 [00:12<00:02,  7.30it/s]
 72%|███████▏  | 36/50 [00:12<00:01,  7.31it/s]
 74%|███████▍  | 37/50 [00:13<00:01,  7.30it/s]
 76%|███████▌  | 38/50 [00:13<00:01,  7.32it/s]
 78%|███████▊  | 39/50 [00:13<00:01,  7.30it/s]
 80%|████████  | 40/50 [00:13<00:01,  7.31it/s]
 82%|████████▏ | 41/50 [00:13<00:01,  7.30it/s]
 84%|████████▍ | 42/50 [00:13<00:01,  7.29it/s]
 86%|████████▌ | 43/50 [00:13<00:00,  7.30it/s]
 88%|████████▊ | 44/50 [00:13<00:00,  7.29it/s]
 90%|█████████ | 45/50 [00:14<00:00,  7.29it/s]
 92%|█████████▏| 46/50 [00:14<00:00,  7.30it/s]
 94%|█████████▍| 47/50 [00:14<00:00,  7.31it/s]
 96%|█████████▌| 48/50 [00:14<00:00,  7.30it/s]
 98%|█████████▊| 49/50 [00:14<00:00,  7.30it/s]
100%|██████████| 50/50 [00:22<00:00,  2.40s/it]
100%|██████████| 50/50 [00:22<00:00,  2.24it/s]
[I 2023-12-11 23:24:37,292] Trial 409 finished with value: 0.20932412852637858 and parameters: {'EMBEDDING_DIM': 32, 'HIDDEN_DIM': 550, 'NUM_LAYERS': 2, 'DROPOUT': 0.41345765983927824, 'LR': 0.0002190194315488331, 'WEIGHT_0': 0.40734170473280024, 'WEIGHT_1': 0.19022283583121555, 'WEIGHT_2': 0.28513856420117206, 'WEIGHT_3': 0.10477195184429962, 'WEIGHT_4': 0.8401530324587838, 'WEIGHT_5': 0.43783268167054845, 'WEIGHT_6': 0.02188906836146292, 'WEIGHT_7': 0.7269572302480252, 'WEIGHT_8': 0.9766376516888526}. Best is trial 282 with value: 0.45463128081401455.
{'EMBEDDING_DIM': 32, 'HIDDEN_DIM': 550, 'NUM_LAYERS': 2, 'DROPOUT': 0.41345765983927824, 'LR': 0.0002190194315488331, 'WEIGHT_0': 0.40734170473280024, 'WEIGHT_1': 0.19022283583121555, 'WEIGHT_2': 0.28513856420117206, 'WEIGHT_3': 0.10477195184429962, 'WEIGHT_4': 0.8401530324587838, 'WEIGHT_5': 0.43783268167054845, 'WEIGHT_6': 0.02188906836146292, 'WEIGHT_7': 0.7269572302480252, 'WEIGHT_8': 0.9766376516888526}
0
              precision    recall  f1-score   support

         LOC       0.00      0.00      0.00      1837
        MISC       0.00      0.00      0.00       922
         ORG       0.00      0.00      0.00      1341
         PER       0.00      0.00      0.00      1842

   micro avg       0.00      0.00      0.00      5942
   macro avg       0.00      0.00      0.00      5942
weighted avg       0.00      0.00      0.00      5942

{'EMBEDDING_DIM': 32, 'HIDDEN_DIM': 550, 'NUM_LAYERS': 2, 'DROPOUT': 0.41345765983927824, 'LR': 0.0002190194315488331, 'WEIGHT_0': 0.40734170473280024, 'WEIGHT_1': 0.19022283583121555, 'WEIGHT_2': 0.28513856420117206, 'WEIGHT_3': 0.10477195184429962, 'WEIGHT_4': 0.8401530324587838, 'WEIGHT_5': 0.43783268167054845, 'WEIGHT_6': 0.02188906836146292, 'WEIGHT_7': 0.7269572302480252, 'WEIGHT_8': 0.9766376516888526}
49
              precision    recall  f1-score   support

         LOC       0.34      0.54      0.42      1837
        MISC       0.00      0.00      0.00       922
         ORG       0.00      0.00      0.00      1341
         PER       0.08      0.13      0.10      1842

   micro avg       0.21      0.21      0.21      5942
   macro avg       0.11      0.17      0.13      5942
weighted avg       0.13      0.21      0.16      5942

epoch 49
Transformer

  0%|          | 0/50 [00:00<?, ?it/s]
  2%|▏         | 1/50 [00:11<09:29, 11.61s/it]
  4%|▍         | 2/50 [00:11<03:57,  4.94s/it]
  6%|▌         | 3/50 [00:12<02:11,  2.80s/it]
  8%|▊         | 4/50 [00:12<01:22,  1.79s/it]
 10%|█         | 5/50 [00:12<00:55,  1.23s/it]
 12%|█▏        | 6/50 [00:12<00:39,  1.11it/s]
 14%|█▍        | 7/50 [00:13<00:29,  1.46it/s]
 16%|█▌        | 8/50 [00:13<00:22,  1.83it/s]
 18%|█▊        | 9/50 [00:13<00:18,  2.22it/s]
 20%|██        | 10/50 [00:13<00:15,  2.58it/s]
 22%|██▏       | 11/50 [00:14<00:13,  2.90it/s]
 24%|██▍       | 12/50 [00:14<00:11,  3.18it/s]
 26%|██▌       | 13/50 [00:14<00:10,  3.41it/s]
 28%|██▊       | 14/50 [00:14<00:10,  3.59it/s]
 30%|███       | 15/50 [00:15<00:09,  3.72it/s]
 32%|███▏      | 16/50 [00:15<00:08,  3.82it/s]
 34%|███▍      | 17/50 [00:15<00:08,  3.89it/s]
 36%|███▌      | 18/50 [00:15<00:08,  3.94it/s]
 38%|███▊      | 19/50 [00:16<00:07,  3.98it/s]
 40%|████      | 20/50 [00:16<00:07,  4.01it/s]
 42%|████▏     | 21/50 [00:16<00:07,  4.03it/s]
 44%|████▍     | 22/50 [00:16<00:06,  4.04it/s]
 46%|████▌     | 23/50 [00:17<00:06,  4.05it/s]
 48%|████▊     | 24/50 [00:17<00:06,  4.06it/s]
 50%|█████     | 25/50 [00:17<00:06,  4.06it/s]
 52%|█████▏    | 26/50 [00:17<00:05,  4.07it/s]
 54%|█████▍    | 27/50 [00:18<00:05,  4.07it/s]
 56%|█████▌    | 28/50 [00:18<00:05,  4.07it/s]
 58%|█████▊    | 29/50 [00:18<00:05,  4.07it/s]
 60%|██████    | 30/50 [00:18<00:05,  3.98it/s]
 62%|██████▏   | 31/50 [00:19<00:05,  3.36it/s]
 64%|██████▍   | 32/50 [00:19<00:06,  2.69it/s]
 66%|██████▌   | 33/50 [00:20<00:07,  2.21it/s]
 68%|██████▊   | 34/50 [00:20<00:07,  2.00it/s]
 70%|███████   | 35/50 [00:21<00:07,  1.96it/s]
 72%|███████▏  | 36/50 [00:22<00:07,  1.84it/s]
 74%|███████▍  | 37/50 [00:22<00:07,  1.70it/s]
 76%|███████▌  | 38/50 [00:23<00:07,  1.61it/s]
 78%|███████▊  | 39/50 [00:24<00:07,  1.54it/s]
 80%|████████  | 40/50 [00:24<00:06,  1.51it/s]
 82%|████████▏ | 41/50 [00:25<00:06,  1.48it/s]
 84%|████████▍ | 42/50 [00:26<00:05,  1.47it/s]
 86%|████████▌ | 43/50 [00:27<00:04,  1.45it/s]
 88%|████████▊ | 44/50 [00:27<00:04,  1.46it/s]
 90%|█████████ | 45/50 [00:28<00:03,  1.48it/s]
 92%|█████████▏| 46/50 [00:29<00:02,  1.48it/s]
 94%|█████████▍| 47/50 [00:29<00:02,  1.45it/s]
 96%|█████████▌| 48/50 [00:30<00:01,  1.43it/s]
 98%|█████████▊| 49/50 [00:31<00:00,  1.42it/s]
100%|██████████| 50/50 [00:42<00:00,  4.01s/it]
100%|██████████| 50/50 [00:42<00:00,  1.16it/s]
