[I 2023-12-11 21:26:48,139] Trial 185 finished with value: 0.432716049382716 and parameters: {'EMBEDDING_DIM': 32, 'HIDDEN_DIM': 19, 'NUM_LAYERS': 1, 'DROPOUT': 0.17592950962392354, 'LR': 0.00717200903928453, 'WEIGHT_0': 0.9094543750877182, 'WEIGHT_1': 0.04839681497688483, 'WEIGHT_2': 0.3259291088516761, 'WEIGHT_3': 0.3640821901901929, 'WEIGHT_4': 0.7600925477854853, 'WEIGHT_5': 0.3100840564216327, 'WEIGHT_6': 0.16724950685104042, 'WEIGHT_7': 0.9408752451512984, 'WEIGHT_8': 0.7628810911687123}. Best is trial 42 with value: 0.44962374581939796.
{'EMBEDDING_DIM': 32, 'HIDDEN_DIM': 19, 'NUM_LAYERS': 1, 'DROPOUT': 0.17592950962392354, 'LR': 0.00717200903928453, 'WEIGHT_0': 0.9094543750877182, 'WEIGHT_1': 0.04839681497688483, 'WEIGHT_2': 0.3259291088516761, 'WEIGHT_3': 0.3640821901901929, 'WEIGHT_4': 0.7600925477854853, 'WEIGHT_5': 0.3100840564216327, 'WEIGHT_6': 0.16724950685104042, 'WEIGHT_7': 0.9408752451512984, 'WEIGHT_8': 0.7628810911687123}
0
              precision    recall  f1-score   support

         LOC       0.00      0.00      0.00      1837
        MISC       0.00      0.00      0.00       922
         ORG       0.00      0.00      0.00      1341
         PER       0.00      0.00      0.00      1842

   micro avg       0.00      0.00      0.00      5942
   macro avg       0.00      0.00      0.00      5942
weighted avg       0.00      0.00      0.00      5942

{'EMBEDDING_DIM': 32, 'HIDDEN_DIM': 19, 'NUM_LAYERS': 1, 'DROPOUT': 0.17592950962392354, 'LR': 0.00717200903928453, 'WEIGHT_0': 0.9094543750877182, 'WEIGHT_1': 0.04839681497688483, 'WEIGHT_2': 0.3259291088516761, 'WEIGHT_3': 0.3640821901901929, 'WEIGHT_4': 0.7600925477854853, 'WEIGHT_5': 0.3100840564216327, 'WEIGHT_6': 0.16724950685104042, 'WEIGHT_7': 0.9408752451512984, 'WEIGHT_8': 0.7628810911687123}
49
              precision    recall  f1-score   support

         LOC       0.75      0.58      0.65      1837
        MISC       0.59      0.48      0.53       922
         ORG       0.43      0.20      0.27      1341
         PER       0.34      0.18      0.23      1842

   micro avg       0.56      0.35      0.43      5942
   macro avg       0.53      0.36      0.42      5942
weighted avg       0.52      0.35      0.42      5942

epoch 49
Transformer

  0%|          | 0/50 [00:00<?, ?it/s]
  2%|▏         | 1/50 [00:07<06:03,  7.42s/it]
  4%|▍         | 2/50 [00:07<02:30,  3.13s/it]
  6%|▌         | 3/50 [00:07<01:22,  1.76s/it]
  8%|▊         | 4/50 [00:07<00:51,  1.11s/it]
 10%|█         | 5/50 [00:07<00:33,  1.33it/s]
 12%|█▏        | 6/50 [00:08<00:23,  1.86it/s]
 14%|█▍        | 7/50 [00:08<00:17,  2.48it/s]
 16%|█▌        | 8/50 [00:08<00:13,  3.19it/s]
 18%|█▊        | 9/50 [00:08<00:10,  3.95it/s]
 20%|██        | 10/50 [00:08<00:08,  4.73it/s]
 22%|██▏       | 11/50 [00:08<00:07,  5.53it/s]
 24%|██▍       | 12/50 [00:08<00:06,  6.26it/s]
 26%|██▌       | 13/50 [00:08<00:05,  6.89it/s]
 28%|██▊       | 14/50 [00:08<00:04,  7.41it/s]
 30%|███       | 15/50 [00:09<00:04,  7.82it/s]
 32%|███▏      | 16/50 [00:09<00:04,  8.13it/s]
 34%|███▍      | 17/50 [00:09<00:03,  8.35it/s]
 36%|███▌      | 18/50 [00:09<00:03,  8.53it/s]
 38%|███▊      | 19/50 [00:09<00:03,  8.66it/s]
 40%|████      | 20/50 [00:09<00:03,  8.73it/s]
 42%|████▏     | 21/50 [00:09<00:03,  8.80it/s]
 44%|████▍     | 22/50 [00:09<00:03,  8.85it/s]
 46%|████▌     | 23/50 [00:09<00:03,  8.89it/s]
 48%|████▊     | 24/50 [00:10<00:02,  8.92it/s]
 50%|█████     | 25/50 [00:10<00:02,  8.92it/s]
 52%|█████▏    | 26/50 [00:10<00:02,  8.94it/s]
 54%|█████▍    | 27/50 [00:10<00:02,  8.95it/s]
 56%|█████▌    | 28/50 [00:10<00:02,  8.91it/s]
 58%|█████▊    | 29/50 [00:10<00:02,  8.92it/s]
 60%|██████    | 30/50 [00:10<00:02,  8.93it/s]
 62%|██████▏   | 31/50 [00:10<00:02,  8.95it/s]
 64%|██████▍   | 32/50 [00:10<00:02,  8.98it/s]
 66%|██████▌   | 33/50 [00:11<00:01,  8.98it/s]
 68%|██████▊   | 34/50 [00:11<00:01,  8.99it/s]
 70%|███████   | 35/50 [00:11<00:01,  8.97it/s]
 72%|███████▏  | 36/50 [00:11<00:01,  8.99it/s]
 74%|███████▍  | 37/50 [00:11<00:01,  8.98it/s]
 76%|███████▌  | 38/50 [00:11<00:01,  8.98it/s]
 78%|███████▊  | 39/50 [00:11<00:01,  8.97it/s]
 80%|████████  | 40/50 [00:11<00:01,  8.98it/s]
 82%|████████▏ | 41/50 [00:11<00:01,  8.99it/s]
 84%|████████▍ | 42/50 [00:12<00:00,  9.00it/s]
 86%|████████▌ | 43/50 [00:12<00:00,  8.97it/s]
 88%|████████▊ | 44/50 [00:12<00:00,  8.93it/s]
 90%|█████████ | 45/50 [00:12<00:00,  8.77it/s]
 92%|█████████▏| 46/50 [00:12<00:00,  8.89it/s]
 94%|█████████▍| 47/50 [00:12<00:00,  9.05it/s]
 96%|█████████▌| 48/50 [00:12<00:00,  9.19it/s]
 98%|█████████▊| 49/50 [00:12<00:00,  8.85it/s]
100%|██████████| 50/50 [00:19<00:00,  1.96s/it]
100%|██████████| 50/50 [00:19<00:00,  2.61it/s]
[I 2023-12-11 21:27:13,041] Trial 186 finished with value: 0.43680755026672136 and parameters: {'EMBEDDING_DIM': 32, 'HIDDEN_DIM': 159, 'NUM_LAYERS': 1, 'DROPOUT': 0.1443385667337488, 'LR': 0.006818153774196226, 'WEIGHT_0': 0.837106273372125, 'WEIGHT_1': 0.10838562458987003, 'WEIGHT_2': 0.29409223935826206, 'WEIGHT_3': 0.4066660134162392, 'WEIGHT_4': 0.7181056088240759, 'WEIGHT_5': 0.38754273739254963, 'WEIGHT_6': 0.1076849000340607, 'WEIGHT_7': 0.895792596717329, 'WEIGHT_8': 0.7085727905064687}. Best is trial 42 with value: 0.44962374581939796.
{'EMBEDDING_DIM': 32, 'HIDDEN_DIM': 159, 'NUM_LAYERS': 1, 'DROPOUT': 0.1443385667337488, 'LR': 0.006818153774196226, 'WEIGHT_0': 0.837106273372125, 'WEIGHT_1': 0.10838562458987003, 'WEIGHT_2': 0.29409223935826206, 'WEIGHT_3': 0.4066660134162392, 'WEIGHT_4': 0.7181056088240759, 'WEIGHT_5': 0.38754273739254963, 'WEIGHT_6': 0.1076849000340607, 'WEIGHT_7': 0.895792596717329, 'WEIGHT_8': 0.7085727905064687}
0
              precision    recall  f1-score   support

         LOC       0.00      0.00      0.00      1837
        MISC       0.00      0.00      0.00       922
         ORG       0.00      0.00      0.00      1341
         PER       0.00      0.00      0.00      1842

   micro avg       0.00      0.00      0.00      5942
   macro avg       0.00      0.00      0.00      5942
weighted avg       0.00      0.00      0.00      5942

{'EMBEDDING_DIM': 32, 'HIDDEN_DIM': 159, 'NUM_LAYERS': 1, 'DROPOUT': 0.1443385667337488, 'LR': 0.006818153774196226, 'WEIGHT_0': 0.837106273372125, 'WEIGHT_1': 0.10838562458987003, 'WEIGHT_2': 0.29409223935826206, 'WEIGHT_3': 0.4066660134162392, 'WEIGHT_4': 0.7181056088240759, 'WEIGHT_5': 0.38754273739254963, 'WEIGHT_6': 0.1076849000340607, 'WEIGHT_7': 0.895792596717329, 'WEIGHT_8': 0.7085727905064687}
49
              precision    recall  f1-score   support

         LOC       0.80      0.58      0.67      1837
        MISC       0.61      0.50      0.55       922
         ORG       0.41      0.23      0.29      1341
         PER       0.31      0.17      0.22      1842

   micro avg       0.56      0.36      0.44      5942
   macro avg       0.53      0.37      0.43      5942
weighted avg       0.53      0.36      0.43      5942

epoch 49
Transformer

  0%|          | 0/50 [00:00<?, ?it/s]
  2%|▏         | 1/50 [00:06<04:58,  6.08s/it]
  6%|▌         | 3/50 [00:06<01:17,  1.65s/it]
 10%|█         | 5/50 [00:06<00:38,  1.18it/s]
 14%|█▍        | 7/50 [00:06<00:22,  1.89it/s]
 18%|█▊        | 9/50 [00:06<00:15,  2.73it/s]
 20%|██        | 10/50 [00:06<00:12,  3.22it/s]
 22%|██▏       | 11/50 [00:07<00:10,  3.79it/s]
 24%|██▍       | 12/50 [00:07<00:08,  4.39it/s]
 26%|██▌       | 13/50 [00:07<00:07,  5.13it/s]
 28%|██▊       | 14/50 [00:07<00:06,  5.87it/s]
 30%|███       | 15/50 [00:07<00:05,  6.48it/s]
 32%|███▏      | 16/50 [00:07<00:04,  7.02it/s]
 34%|███▍      | 17/50 [00:07<00:04,  7.54it/s]
 38%|███▊      | 19/50 [00:07<00:03,  8.99it/s]
 42%|████▏     | 21/50 [00:08<00:03,  9.65it/s]
 46%|████▌     | 23/50 [00:08<00:02, 10.30it/s]
 50%|█████     | 25/50 [00:08<00:02, 10.73it/s]
 54%|█████▍    | 27/50 [00:08<00:02, 11.00it/s]
 58%|█████▊    | 29/50 [00:08<00:01, 11.21it/s]
 62%|██████▏   | 31/50 [00:08<00:01, 11.35it/s]
 66%|██████▌   | 33/50 [00:09<00:01, 11.47it/s]
 70%|███████   | 35/50 [00:09<00:01, 11.54it/s]
 74%|███████▍  | 37/50 [00:09<00:01, 11.57it/s]
 78%|███████▊  | 39/50 [00:09<00:00, 11.59it/s]
 82%|████████▏ | 41/50 [00:09<00:00, 11.60it/s]
 86%|████████▌ | 43/50 [00:09<00:00, 11.63it/s]
 90%|█████████ | 45/50 [00:10<00:00, 11.65it/s]
 94%|█████████▍| 47/50 [00:10<00:00, 11.66it/s]
 98%|█████████▊| 49/50 [00:10<00:00, 11.68it/s]
100%|██████████| 50/50 [00:16<00:00,  3.07it/s]
[I 2023-12-11 21:27:34,992] Trial 187 finished with value: 0.4232414685105959 and parameters: {'EMBEDDING_DIM': 16, 'HIDDEN_DIM': 254, 'NUM_LAYERS': 1, 'DROPOUT': 0.2314982780726759, 'LR': 0.00816177758661258, 'WEIGHT_0': 0.9335116214134818, 'WEIGHT_1': 0.4936020648297853, 'WEIGHT_2': 0.3854743521048682, 'WEIGHT_3': 0.3300160320284978, 'WEIGHT_4': 0.7838350535225014, 'WEIGHT_5': 0.3238829726607828, 'WEIGHT_6': 0.440300806349477, 'WEIGHT_7': 0.8856093103401755, 'WEIGHT_8': 0.807864418835111}. Best is trial 42 with value: 0.44962374581939796.
{'EMBEDDING_DIM': 16, 'HIDDEN_DIM': 254, 'NUM_LAYERS': 1, 'DROPOUT': 0.2314982780726759, 'LR': 0.00816177758661258, 'WEIGHT_0': 0.9335116214134818, 'WEIGHT_1': 0.4936020648297853, 'WEIGHT_2': 0.3854743521048682, 'WEIGHT_3': 0.3300160320284978, 'WEIGHT_4': 0.7838350535225014, 'WEIGHT_5': 0.3238829726607828, 'WEIGHT_6': 0.440300806349477, 'WEIGHT_7': 0.8856093103401755, 'WEIGHT_8': 0.807864418835111}
0
              precision    recall  f1-score   support

         LOC       0.00      0.00      0.00      1837
        MISC       0.00      0.00      0.00       922
         ORG       0.00      0.00      0.00      1341
         PER       0.00      0.00      0.00      1842

   micro avg       0.00      0.00      0.00      5942
   macro avg       0.00      0.00      0.00      5942
weighted avg       0.00      0.00      0.00      5942

{'EMBEDDING_DIM': 16, 'HIDDEN_DIM': 254, 'NUM_LAYERS': 1, 'DROPOUT': 0.2314982780726759, 'LR': 0.00816177758661258, 'WEIGHT_0': 0.9335116214134818, 'WEIGHT_1': 0.4936020648297853, 'WEIGHT_2': 0.3854743521048682, 'WEIGHT_3': 0.3300160320284978, 'WEIGHT_4': 0.7838350535225014, 'WEIGHT_5': 0.3238829726607828, 'WEIGHT_6': 0.440300806349477, 'WEIGHT_7': 0.8856093103401755, 'WEIGHT_8': 0.807864418835111}
49
              precision    recall  f1-score   support

         LOC       0.65      0.58      0.61      1837
        MISC       0.65      0.48      0.55       922
         ORG       0.35      0.24      0.29      1341
         PER       0.34      0.16      0.22      1842

   micro avg       0.52      0.36      0.42      5942
   macro avg       0.50      0.36      0.42      5942
weighted avg       0.49      0.36      0.41      5942

epoch 49
Transformer

  0%|          | 0/50 [00:00<?, ?it/s]
  2%|▏         | 1/50 [00:05<04:48,  5.89s/it]
  6%|▌         | 3/50 [00:06<01:15,  1.60s/it]
 10%|█         | 5/50 [00:06<00:37,  1.21it/s]
 14%|█▍        | 7/50 [00:06<00:22,  1.94it/s]
 18%|█▊        | 9/50 [00:06<00:14,  2.81it/s]
 22%|██▏       | 11/50 [00:06<00:10,  3.78it/s]
 26%|██▌       | 13/50 [00:07<00:07,  4.86it/s]
 30%|███       | 15/50 [00:07<00:06,  5.78it/s]
 34%|███▍      | 17/50 [00:07<00:05,  6.48it/s]
 36%|███▌      | 18/50 [00:07<00:04,  6.87it/s]
 38%|███▊      | 19/50 [00:07<00:04,  7.27it/s]
 40%|████      | 20/50 [00:07<00:03,  7.53it/s]
 42%|████▏     | 21/50 [00:07<00:03,  7.54it/s]
 44%|████▍     | 22/50 [00:08<00:04,  6.90it/s]
 46%|████▌     | 23/50 [00:08<00:04,  6.31it/s]
 48%|████▊     | 24/50 [00:08<00:04,  6.46it/s]
 50%|█████     | 25/50 [00:08<00:03,  6.59it/s]
 52%|█████▏    | 26/50 [00:08<00:03,  6.68it/s]
 54%|█████▍    | 27/50 [00:08<00:03,  6.74it/s]
 56%|█████▌    | 28/50 [00:09<00:03,  6.79it/s]
 58%|█████▊    | 29/50 [00:09<00:03,  6.95it/s]
 60%|██████    | 30/50 [00:09<00:02,  7.45it/s]
 62%|██████▏   | 31/50 [00:09<00:02,  7.85it/s]
 64%|██████▍   | 32/50 [00:09<00:02,  8.18it/s]
 66%|██████▌   | 33/50 [00:09<00:02,  8.42it/s]
 68%|██████▊   | 34/50 [00:09<00:01,  8.61it/s]
 70%|███████   | 35/50 [00:09<00:01,  8.73it/s]
 72%|███████▏  | 36/50 [00:09<00:01,  8.81it/s]
 74%|███████▍  | 37/50 [00:10<00:01,  8.89it/s]
 76%|███████▌  | 38/50 [00:10<00:01,  8.94it/s]
 78%|███████▊  | 39/50 [00:10<00:01,  8.98it/s]
 80%|████████  | 40/50 [00:10<00:01,  8.99it/s]
 82%|████████▏ | 41/50 [00:10<00:01,  8.99it/s]
 84%|████████▍ | 42/50 [00:10<00:00,  9.00it/s]
 86%|████████▌ | 43/50 [00:10<00:00,  9.02it/s]
 88%|████████▊ | 44/50 [00:10<00:00,  9.02it/s]
 90%|█████████ | 45/50 [00:10<00:00,  9.01it/s]
 92%|█████████▏| 46/50 [00:11<00:00,  9.03it/s]
 94%|█████████▍| 47/50 [00:11<00:00,  9.04it/s]
 96%|█████████▌| 48/50 [00:11<00:00,  9.04it/s]
 98%|█████████▊| 49/50 [00:11<00:00,  9.05it/s]
100%|██████████| 50/50 [00:18<00:00,  2.26s/it]
100%|██████████| 50/50 [00:18<00:00,  2.68it/s]
[I 2023-12-11 21:28:00,610] Trial 188 finished with value: 0.43413539967373577 and parameters: {'EMBEDDING_DIM': 32, 'HIDDEN_DIM': 97, 'NUM_LAYERS': 1, 'DROPOUT': 0.18999604679816715, 'LR': 0.006855142800576536, 'WEIGHT_0': 0.8813982533475103, 'WEIGHT_1': 0.45308557855095777, 'WEIGHT_2': 0.3214629913381816, 'WEIGHT_3': 0.4558504236024339, 'WEIGHT_4': 0.7042610138631713, 'WEIGHT_5': 0.357803228038955, 'WEIGHT_6': 0.2295674061980613, 'WEIGHT_7': 0.5844333440509062, 'WEIGHT_8': 0.8246352785367075}. Best is trial 42 with value: 0.44962374581939796.
{'EMBEDDING_DIM': 32, 'HIDDEN_DIM': 97, 'NUM_LAYERS': 1, 'DROPOUT': 0.18999604679816715, 'LR': 0.006855142800576536, 'WEIGHT_0': 0.8813982533475103, 'WEIGHT_1': 0.45308557855095777, 'WEIGHT_2': 0.3214629913381816, 'WEIGHT_3': 0.4558504236024339, 'WEIGHT_4': 0.7042610138631713, 'WEIGHT_5': 0.357803228038955, 'WEIGHT_6': 0.2295674061980613, 'WEIGHT_7': 0.5844333440509062, 'WEIGHT_8': 0.8246352785367075}
0
              precision    recall  f1-score   support

         LOC       0.00      0.00      0.00      1837
        MISC       0.00      0.00      0.00       922
         ORG       0.00      0.00      0.00      1341
         PER       0.00      0.00      0.00      1842

   micro avg       0.00      0.00      0.00      5942
   macro avg       0.00      0.00      0.00      5942
weighted avg       0.00      0.00      0.00      5942

{'EMBEDDING_DIM': 32, 'HIDDEN_DIM': 97, 'NUM_LAYERS': 1, 'DROPOUT': 0.18999604679816715, 'LR': 0.006855142800576536, 'WEIGHT_0': 0.8813982533475103, 'WEIGHT_1': 0.45308557855095777, 'WEIGHT_2': 0.3214629913381816, 'WEIGHT_3': 0.4558504236024339, 'WEIGHT_4': 0.7042610138631713, 'WEIGHT_5': 0.357803228038955, 'WEIGHT_6': 0.2295674061980613, 'WEIGHT_7': 0.5844333440509062, 'WEIGHT_8': 0.8246352785367075}
49
              precision    recall  f1-score   support

         LOC       0.75      0.58      0.65      1837
        MISC       0.65      0.48      0.55       922
         ORG       0.38      0.21      0.27      1341
         PER       0.33      0.18      0.24      1842

   micro avg       0.55      0.36      0.43      5942
   macro avg       0.53      0.36      0.43      5942
weighted avg       0.52      0.36      0.42      5942

epoch 49
Transformer

  0%|          | 0/50 [00:00<?, ?it/s]
  2%|▏         | 1/50 [00:06<05:40,  6.96s/it]
  4%|▍         | 2/50 [00:07<02:40,  3.34s/it]
  6%|▌         | 3/50 [00:08<01:42,  2.18s/it]
  8%|▊         | 4/50 [00:09<01:15,  1.64s/it]
 10%|█         | 5/50 [00:10<01:00,  1.34s/it]
 12%|█▏        | 6/50 [00:10<00:50,  1.16s/it]
 14%|█▍        | 7/50 [00:11<00:44,  1.04s/it]
 16%|█▌        | 8/50 [00:12<00:40,  1.03it/s]
 18%|█▊        | 9/50 [00:13<00:37,  1.09it/s]
 20%|██        | 10/50 [00:14<00:35,  1.13it/s]
 22%|██▏       | 11/50 [00:15<00:33,  1.16it/s]
 24%|██▍       | 12/50 [00:15<00:32,  1.19it/s]
 26%|██▌       | 13/50 [00:16<00:30,  1.20it/s]
 28%|██▊       | 14/50 [00:17<00:29,  1.21it/s]
 30%|███       | 15/50 [00:18<00:28,  1.22it/s]
 32%|███▏      | 16/50 [00:19<00:27,  1.23it/s]
 34%|███▍      | 17/50 [00:19<00:26,  1.23it/s]
 36%|███▌      | 18/50 [00:20<00:26,  1.23it/s]
 38%|███▊      | 19/50 [00:21<00:25,  1.23it/s]
 40%|████      | 20/50 [00:22<00:24,  1.23it/s]
 42%|████▏     | 21/50 [00:23<00:23,  1.23it/s]
 44%|████▍     | 22/50 [00:23<00:22,  1.23it/s]
 46%|████▌     | 23/50 [00:24<00:21,  1.23it/s]
 48%|████▊     | 24/50 [00:25<00:21,  1.23it/s]
 50%|█████     | 25/50 [00:26<00:20,  1.23it/s]
 52%|█████▏    | 26/50 [00:27<00:19,  1.23it/s]
 54%|█████▍    | 27/50 [00:27<00:18,  1.23it/s]
 56%|█████▌    | 28/50 [00:28<00:17,  1.23it/s]
 58%|█████▊    | 29/50 [00:29<00:17,  1.23it/s]
 60%|██████    | 30/50 [00:30<00:16,  1.23it/s]
 62%|██████▏   | 31/50 [00:31<00:15,  1.23it/s]
 64%|██████▍   | 32/50 [00:32<00:14,  1.23it/s]
 66%|██████▌   | 33/50 [00:32<00:13,  1.23it/s]
 68%|██████▊   | 34/50 [00:33<00:13,  1.23it/s]
 70%|███████   | 35/50 [00:34<00:12,  1.23it/s]
 72%|███████▏  | 36/50 [00:35<00:11,  1.23it/s]
 74%|███████▍  | 37/50 [00:36<00:10,  1.23it/s]
 76%|███████▌  | 38/50 [00:36<00:09,  1.23it/s]
 78%|███████▊  | 39/50 [00:37<00:08,  1.23it/s]
 80%|████████  | 40/50 [00:38<00:08,  1.22it/s]
 82%|████████▏ | 41/50 [00:39<00:07,  1.22it/s]
 84%|████████▍ | 42/50 [00:40<00:06,  1.22it/s]
 86%|████████▌ | 43/50 [00:41<00:05,  1.22it/s]
 88%|████████▊ | 44/50 [00:41<00:04,  1.22it/s]
 90%|█████████ | 45/50 [00:42<00:04,  1.22it/s]
 92%|█████████▏| 46/50 [00:43<00:03,  1.22it/s]
 94%|█████████▍| 47/50 [00:44<00:02,  1.22it/s]
 96%|█████████▌| 48/50 [00:45<00:01,  1.22it/s]
 98%|█████████▊| 49/50 [00:45<00:00,  1.22it/s]
100%|██████████| 50/50 [00:52<00:00,  2.63s/it]
100%|██████████| 50/50 [00:52<00:00,  1.06s/it]
[I 2023-12-11 21:28:59,639] Trial 189 finished with value: 0.07293556085918854 and parameters: {'EMBEDDING_DIM': 1024, 'HIDDEN_DIM': 478, 'NUM_LAYERS': 1, 'DROPOUT': 0.15849395705767907, 'LR': 0.00793890395370873, 'WEIGHT_0': 0.3661488805900861, 'WEIGHT_1': 0.08593396806584847, 'WEIGHT_2': 0.3464731157786341, 'WEIGHT_3': 0.31511978594001205, 'WEIGHT_4': 0.6297487931559433, 'WEIGHT_5': 0.2599383900376477, 'WEIGHT_6': 0.13307637695627964, 'WEIGHT_7': 0.9130519483010381, 'WEIGHT_8': 0.8714704192266246}. Best is trial 42 with value: 0.44962374581939796.
{'EMBEDDING_DIM': 1024, 'HIDDEN_DIM': 478, 'NUM_LAYERS': 1, 'DROPOUT': 0.15849395705767907, 'LR': 0.00793890395370873, 'WEIGHT_0': 0.3661488805900861, 'WEIGHT_1': 0.08593396806584847, 'WEIGHT_2': 0.3464731157786341, 'WEIGHT_3': 0.31511978594001205, 'WEIGHT_4': 0.6297487931559433, 'WEIGHT_5': 0.2599383900376477, 'WEIGHT_6': 0.13307637695627964, 'WEIGHT_7': 0.9130519483010381, 'WEIGHT_8': 0.8714704192266246}
0
              precision    recall  f1-score   support

         LOC       0.01      0.00      0.00      1837
        MISC       0.00      0.00      0.00       922
         ORG       0.00      0.00      0.00      1341
         PER       0.00      0.00      0.00      1842

   micro avg       0.01      0.00      0.00      5942
   macro avg       0.00      0.00      0.00      5942
weighted avg       0.00      0.00      0.00      5942

{'EMBEDDING_DIM': 1024, 'HIDDEN_DIM': 478, 'NUM_LAYERS': 1, 'DROPOUT': 0.15849395705767907, 'LR': 0.00793890395370873, 'WEIGHT_0': 0.3661488805900861, 'WEIGHT_1': 0.08593396806584847, 'WEIGHT_2': 0.3464731157786341, 'WEIGHT_3': 0.31511978594001205, 'WEIGHT_4': 0.6297487931559433, 'WEIGHT_5': 0.2599383900376477, 'WEIGHT_6': 0.13307637695627964, 'WEIGHT_7': 0.9130519483010381, 'WEIGHT_8': 0.8714704192266246}
49
              precision    recall  f1-score   support

         LOC       0.12      0.00      0.00      1837
        MISC       0.03      0.00      0.00       922
         ORG       0.00      0.00      0.00      1341
         PER       0.08      0.21      0.12      1842

   micro avg       0.08      0.06      0.07      5942
   macro avg       0.06      0.05      0.03      5942
weighted avg       0.07      0.06      0.04      5942

epoch 49
Transformer

  0%|          | 0/50 [00:00<?, ?it/s]
  2%|▏         | 1/50 [00:06<04:56,  6.05s/it]
  6%|▌         | 3/50 [00:06<01:17,  1.64s/it]
 10%|█         | 5/50 [00:06<00:38,  1.18it/s]
 14%|█▍        | 7/50 [00:06<00:22,  1.88it/s]
 18%|█▊        | 9/50 [00:06<00:15,  2.72it/s]
 22%|██▏       | 11/50 [00:07<00:10,  3.65it/s]
 26%|██▌       | 13/50 [00:07<00:07,  4.70it/s]
 30%|███       | 15/50 [00:07<00:06,  5.76it/s]
 34%|███▍      | 17/50 [00:07<00:04,  6.76it/s]
 38%|███▊      | 19/50 [00:07<00:04,  7.67it/s]
 42%|████▏     | 21/50 [00:07<00:03,  8.45it/s]
 46%|████▌     | 23/50 [00:08<00:02,  9.07it/s]
 50%|█████     | 25/50 [00:08<00:02,  9.56it/s]
 54%|█████▍    | 27/50 [00:08<00:02,  9.94it/s]
 58%|█████▊    | 29/50 [00:08<00:02, 10.23it/s]
 62%|██████▏   | 31/50 [00:08<00:01, 10.43it/s]
 66%|██████▌   | 33/50 [00:09<00:01, 10.57it/s]
 70%|███████   | 35/50 [00:09<00:01, 10.68it/s]
 74%|███████▍  | 37/50 [00:09<00:01, 10.76it/s]
 78%|███████▊  | 39/50 [00:09<00:01, 10.81it/s]
 82%|████████▏ | 41/50 [00:09<00:00, 10.84it/s]
 86%|████████▌ | 43/50 [00:09<00:00, 10.88it/s]
 90%|█████████ | 45/50 [00:10<00:00, 10.88it/s]
 94%|█████████▍| 47/50 [00:10<00:00, 10.89it/s]
 98%|█████████▊| 49/50 [00:10<00:00, 10.90it/s]
100%|██████████| 50/50 [00:16<00:00,  3.02it/s]
