[I 2023-12-11 22:21:20,040] Trial 287 finished with value: 0.2497537916092181 and parameters: {'EMBEDDING_DIM': 32, 'HIDDEN_DIM': 748, 'NUM_LAYERS': 3, 'DROPOUT': 0.2867344400021453, 'LR': 0.006343585934396178, 'WEIGHT_0': 0.7104490769529244, 'WEIGHT_1': 0.13512722033689112, 'WEIGHT_2': 0.280921723618636, 'WEIGHT_3': 0.24134902143065864, 'WEIGHT_4': 0.8447588159039524, 'WEIGHT_5': 0.4034447835770907, 'WEIGHT_6': 0.04452677171607171, 'WEIGHT_7': 0.6776007563479268, 'WEIGHT_8': 0.9519800272307838}. Best is trial 282 with value: 0.45463128081401455.
{'EMBEDDING_DIM': 32, 'HIDDEN_DIM': 748, 'NUM_LAYERS': 3, 'DROPOUT': 0.2867344400021453, 'LR': 0.006343585934396178, 'WEIGHT_0': 0.7104490769529244, 'WEIGHT_1': 0.13512722033689112, 'WEIGHT_2': 0.280921723618636, 'WEIGHT_3': 0.24134902143065864, 'WEIGHT_4': 0.8447588159039524, 'WEIGHT_5': 0.4034447835770907, 'WEIGHT_6': 0.04452677171607171, 'WEIGHT_7': 0.6776007563479268, 'WEIGHT_8': 0.9519800272307838}
0
              precision    recall  f1-score   support

         LOC       0.00      0.00      0.00      1837
        MISC       0.00      0.00      0.00       922
         ORG       0.00      0.00      0.00      1341
         PER       0.00      0.00      0.00      1842

   micro avg       0.00      0.00      0.00      5942
   macro avg       0.00      0.00      0.00      5942
weighted avg       0.00      0.00      0.00      5942

{'EMBEDDING_DIM': 32, 'HIDDEN_DIM': 748, 'NUM_LAYERS': 3, 'DROPOUT': 0.2867344400021453, 'LR': 0.006343585934396178, 'WEIGHT_0': 0.7104490769529244, 'WEIGHT_1': 0.13512722033689112, 'WEIGHT_2': 0.280921723618636, 'WEIGHT_3': 0.24134902143065864, 'WEIGHT_4': 0.8447588159039524, 'WEIGHT_5': 0.4034447835770907, 'WEIGHT_6': 0.04452677171607171, 'WEIGHT_7': 0.6776007563479268, 'WEIGHT_8': 0.9519800272307838}
49
              precision    recall  f1-score   support

         LOC       0.35      0.58      0.44      1837
        MISC       0.00      0.00      0.00       922
         ORG       0.00      0.00      0.00      1341
         PER       0.17      0.11      0.13      1842

   micro avg       0.30      0.21      0.25      5942
   macro avg       0.13      0.17      0.14      5942
weighted avg       0.16      0.21      0.18      5942

epoch 49
Transformer

  0%|          | 0/50 [00:00<?, ?it/s]
  2%|▏         | 1/50 [00:06<04:55,  6.03s/it]
  4%|▍         | 2/50 [00:06<02:04,  2.60s/it]
  6%|▌         | 3/50 [00:06<01:10,  1.50s/it]
  8%|▊         | 4/50 [00:06<00:45,  1.02it/s]
 10%|█         | 5/50 [00:06<00:31,  1.43it/s]
 12%|█▏        | 6/50 [00:06<00:23,  1.91it/s]
 14%|█▍        | 7/50 [00:07<00:17,  2.40it/s]
 16%|█▌        | 8/50 [00:07<00:14,  2.92it/s]
 18%|█▊        | 9/50 [00:07<00:12,  3.41it/s]
 20%|██        | 10/50 [00:07<00:10,  3.86it/s]
 22%|██▏       | 11/50 [00:07<00:09,  4.23it/s]
 24%|██▍       | 12/50 [00:08<00:08,  4.53it/s]
 26%|██▌       | 13/50 [00:08<00:07,  4.78it/s]
 28%|██▊       | 14/50 [00:08<00:07,  4.96it/s]
 30%|███       | 15/50 [00:08<00:06,  5.10it/s]
 32%|███▏      | 16/50 [00:08<00:06,  5.19it/s]
 34%|███▍      | 17/50 [00:09<00:06,  5.26it/s]
 36%|███▌      | 18/50 [00:09<00:06,  5.31it/s]
 38%|███▊      | 19/50 [00:09<00:05,  5.35it/s]
 40%|████      | 20/50 [00:09<00:05,  5.38it/s]
 42%|████▏     | 21/50 [00:09<00:05,  5.39it/s]
 44%|████▍     | 22/50 [00:09<00:05,  5.41it/s]
 46%|████▌     | 23/50 [00:10<00:04,  5.42it/s]
 48%|████▊     | 24/50 [00:10<00:04,  5.42it/s]
 50%|█████     | 25/50 [00:10<00:04,  5.43it/s]
 52%|█████▏    | 26/50 [00:10<00:04,  5.42it/s]
 54%|█████▍    | 27/50 [00:10<00:04,  5.43it/s]
 56%|█████▌    | 28/50 [00:11<00:04,  5.43it/s]
 58%|█████▊    | 29/50 [00:11<00:03,  5.43it/s]
 60%|██████    | 30/50 [00:11<00:03,  5.43it/s]
 62%|██████▏   | 31/50 [00:11<00:03,  5.44it/s]
 64%|██████▍   | 32/50 [00:11<00:03,  5.43it/s]
 66%|██████▌   | 33/50 [00:11<00:03,  5.43it/s]
 68%|██████▊   | 34/50 [00:12<00:02,  5.44it/s]
 70%|███████   | 35/50 [00:12<00:02,  5.43it/s]
 72%|███████▏  | 36/50 [00:12<00:02,  5.43it/s]
 74%|███████▍  | 37/50 [00:12<00:02,  5.44it/s]
 76%|███████▌  | 38/50 [00:12<00:02,  5.44it/s]
 78%|███████▊  | 39/50 [00:13<00:02,  5.43it/s]
 80%|████████  | 40/50 [00:13<00:01,  5.43it/s]
 82%|████████▏ | 41/50 [00:13<00:01,  5.43it/s]
 84%|████████▍ | 42/50 [00:13<00:01,  5.44it/s]
 86%|████████▌ | 43/50 [00:13<00:01,  5.44it/s]
 88%|████████▊ | 44/50 [00:13<00:01,  5.43it/s]
 90%|█████████ | 45/50 [00:14<00:00,  5.44it/s]
 92%|█████████▏| 46/50 [00:14<00:00,  5.43it/s]
 94%|█████████▍| 47/50 [00:14<00:00,  5.44it/s]
 96%|█████████▌| 48/50 [00:14<00:00,  5.44it/s]
 98%|█████████▊| 49/50 [00:14<00:00,  5.43it/s]
100%|██████████| 50/50 [00:20<00:00,  1.91s/it]
100%|██████████| 50/50 [00:20<00:00,  2.40it/s]
[I 2023-12-11 22:21:46,553] Trial 288 finished with value: 0.3670678336980307 and parameters: {'EMBEDDING_DIM': 256, 'HIDDEN_DIM': 678, 'NUM_LAYERS': 1, 'DROPOUT': 0.3309670163914874, 'LR': 0.004837769559263628, 'WEIGHT_0': 0.9991140994850456, 'WEIGHT_1': 0.11799020923547016, 'WEIGHT_2': 0.20713704543278208, 'WEIGHT_3': 0.1728387845004172, 'WEIGHT_4': 0.8655151826629064, 'WEIGHT_5': 0.44645803755053715, 'WEIGHT_6': 0.09226990195187132, 'WEIGHT_7': 0.5785181844221242, 'WEIGHT_8': 0.9351562683012962}. Best is trial 282 with value: 0.45463128081401455.
{'EMBEDDING_DIM': 256, 'HIDDEN_DIM': 678, 'NUM_LAYERS': 1, 'DROPOUT': 0.3309670163914874, 'LR': 0.004837769559263628, 'WEIGHT_0': 0.9991140994850456, 'WEIGHT_1': 0.11799020923547016, 'WEIGHT_2': 0.20713704543278208, 'WEIGHT_3': 0.1728387845004172, 'WEIGHT_4': 0.8655151826629064, 'WEIGHT_5': 0.44645803755053715, 'WEIGHT_6': 0.09226990195187132, 'WEIGHT_7': 0.5785181844221242, 'WEIGHT_8': 0.9351562683012962}
0
              precision    recall  f1-score   support

         LOC       0.00      0.00      0.00      1837
        MISC       0.00      0.00      0.00       922
         ORG       0.00      0.00      0.00      1341
         PER       0.00      0.00      0.00      1842

   micro avg       0.00      0.00      0.00      5942
   macro avg       0.00      0.00      0.00      5942
weighted avg       0.00      0.00      0.00      5942

{'EMBEDDING_DIM': 256, 'HIDDEN_DIM': 678, 'NUM_LAYERS': 1, 'DROPOUT': 0.3309670163914874, 'LR': 0.004837769559263628, 'WEIGHT_0': 0.9991140994850456, 'WEIGHT_1': 0.11799020923547016, 'WEIGHT_2': 0.20713704543278208, 'WEIGHT_3': 0.1728387845004172, 'WEIGHT_4': 0.8655151826629064, 'WEIGHT_5': 0.44645803755053715, 'WEIGHT_6': 0.09226990195187132, 'WEIGHT_7': 0.5785181844221242, 'WEIGHT_8': 0.9351562683012962}
49
              precision    recall  f1-score   support

         LOC       0.67      0.59      0.63      1837
        MISC       0.38      0.42      0.40       922
         ORG       0.25      0.06      0.10      1341
         PER       0.22      0.25      0.24      1842

   micro avg       0.40      0.34      0.37      5942
   macro avg       0.38      0.33      0.34      5942
weighted avg       0.39      0.34      0.35      5942

epoch 49
Transformer

  0%|          | 0/50 [00:00<?, ?it/s]
  2%|▏         | 1/50 [00:05<04:53,  5.99s/it]
  4%|▍         | 2/50 [00:06<02:01,  2.53s/it]
  8%|▊         | 4/50 [00:06<00:45,  1.00it/s]
 12%|█▏        | 6/50 [00:06<00:24,  1.76it/s]
 16%|█▌        | 8/50 [00:06<00:15,  2.67it/s]
 20%|██        | 10/50 [00:06<00:10,  3.69it/s]
 24%|██▍       | 12/50 [00:06<00:07,  4.82it/s]
 28%|██▊       | 14/50 [00:07<00:06,  5.95it/s]
 32%|███▏      | 16/50 [00:07<00:04,  7.03it/s]
 36%|███▌      | 18/50 [00:07<00:04,  8.00it/s]
 40%|████      | 20/50 [00:07<00:03,  8.82it/s]
 44%|████▍     | 22/50 [00:07<00:02,  9.47it/s]
 48%|████▊     | 24/50 [00:08<00:02,  9.99it/s]
 52%|█████▏    | 26/50 [00:08<00:02, 10.39it/s]
 56%|█████▌    | 28/50 [00:08<00:02, 10.69it/s]
 60%|██████    | 30/50 [00:08<00:01, 10.90it/s]
 64%|██████▍   | 32/50 [00:08<00:01, 11.06it/s]
 68%|██████▊   | 34/50 [00:08<00:01, 11.18it/s]
 72%|███████▏  | 36/50 [00:09<00:01, 11.25it/s]
 76%|███████▌  | 38/50 [00:09<00:01, 11.27it/s]
 80%|████████  | 40/50 [00:09<00:00, 11.32it/s]
 84%|████████▍ | 42/50 [00:09<00:00, 11.35it/s]
 88%|████████▊ | 44/50 [00:09<00:00, 11.36it/s]
 92%|█████████▏| 46/50 [00:09<00:00, 11.33it/s]
 96%|█████████▌| 48/50 [00:10<00:00, 11.34it/s]
100%|██████████| 50/50 [00:16<00:00,  1.06it/s]
100%|██████████| 50/50 [00:16<00:00,  3.12it/s]
[I 2023-12-11 22:22:08,096] Trial 289 finished with value: 0.4194373401534527 and parameters: {'EMBEDDING_DIM': 32, 'HIDDEN_DIM': 534, 'NUM_LAYERS': 1, 'DROPOUT': 0.3113697711211922, 'LR': 0.006576039716616781, 'WEIGHT_0': 0.7745919081806258, 'WEIGHT_1': 0.14827810370419542, 'WEIGHT_2': 0.25818810954503024, 'WEIGHT_3': 0.22560734284462214, 'WEIGHT_4': 0.8158378320424405, 'WEIGHT_5': 0.47723733303792104, 'WEIGHT_6': 0.29734491597986934, 'WEIGHT_7': 0.6464808481896746, 'WEIGHT_8': 0.8653051214643157}. Best is trial 282 with value: 0.45463128081401455.
{'EMBEDDING_DIM': 32, 'HIDDEN_DIM': 534, 'NUM_LAYERS': 1, 'DROPOUT': 0.3113697711211922, 'LR': 0.006576039716616781, 'WEIGHT_0': 0.7745919081806258, 'WEIGHT_1': 0.14827810370419542, 'WEIGHT_2': 0.25818810954503024, 'WEIGHT_3': 0.22560734284462214, 'WEIGHT_4': 0.8158378320424405, 'WEIGHT_5': 0.47723733303792104, 'WEIGHT_6': 0.29734491597986934, 'WEIGHT_7': 0.6464808481896746, 'WEIGHT_8': 0.8653051214643157}
0
              precision    recall  f1-score   support

         LOC       0.00      0.00      0.00      1837
        MISC       0.00      0.00      0.00       922
         ORG       0.00      0.00      0.00      1341
         PER       0.00      0.00      0.00      1842

   micro avg       0.00      0.00      0.00      5942
   macro avg       0.00      0.00      0.00      5942
weighted avg       0.00      0.00      0.00      5942

{'EMBEDDING_DIM': 32, 'HIDDEN_DIM': 534, 'NUM_LAYERS': 1, 'DROPOUT': 0.3113697711211922, 'LR': 0.006576039716616781, 'WEIGHT_0': 0.7745919081806258, 'WEIGHT_1': 0.14827810370419542, 'WEIGHT_2': 0.25818810954503024, 'WEIGHT_3': 0.22560734284462214, 'WEIGHT_4': 0.8158378320424405, 'WEIGHT_5': 0.47723733303792104, 'WEIGHT_6': 0.29734491597986934, 'WEIGHT_7': 0.6464808481896746, 'WEIGHT_8': 0.8653051214643157}
49
              precision    recall  f1-score   support

         LOC       0.71      0.60      0.65      1837
        MISC       0.46      0.47      0.46       922
         ORG       0.40      0.23      0.29      1341
         PER       0.28      0.20      0.24      1842

   micro avg       0.48      0.37      0.42      5942
   macro avg       0.46      0.38      0.41      5942
weighted avg       0.47      0.37      0.41      5942

epoch 49
Transformer

  0%|          | 0/50 [00:00<?, ?it/s]
  2%|▏         | 1/50 [00:05<04:47,  5.86s/it]
  6%|▌         | 3/50 [00:06<01:14,  1.59s/it]
 10%|█         | 5/50 [00:06<00:36,  1.22it/s]
 12%|█▏        | 6/50 [00:06<00:27,  1.59it/s]
 14%|█▍        | 7/50 [00:06<00:20,  2.07it/s]
 16%|█▌        | 8/50 [00:06<00:15,  2.65it/s]
 18%|█▊        | 9/50 [00:06<00:12,  3.26it/s]
 22%|██▏       | 11/50 [00:06<00:08,  4.81it/s]
 26%|██▌       | 13/50 [00:07<00:05,  6.23it/s]
 30%|███       | 15/50 [00:07<00:04,  7.45it/s]
 34%|███▍      | 17/50 [00:07<00:03,  8.44it/s]
 38%|███▊      | 19/50 [00:07<00:03,  9.24it/s]
 42%|████▏     | 21/50 [00:07<00:02,  9.86it/s]
 46%|████▌     | 23/50 [00:07<00:02, 10.31it/s]
 50%|█████     | 25/50 [00:08<00:02, 10.62it/s]
 54%|█████▍    | 27/50 [00:08<00:02, 10.87it/s]
 58%|█████▊    | 29/50 [00:08<00:01, 11.02it/s]
 62%|██████▏   | 31/50 [00:08<00:01, 11.15it/s]
 66%|██████▌   | 33/50 [00:08<00:01, 11.24it/s]
 70%|███████   | 35/50 [00:08<00:01, 11.30it/s]
 74%|███████▍  | 37/50 [00:09<00:01, 11.34it/s]
 78%|███████▊  | 39/50 [00:09<00:00, 11.38it/s]
 82%|████████▏ | 41/50 [00:09<00:00, 11.40it/s]
 86%|████████▌ | 43/50 [00:09<00:00, 11.43it/s]
 90%|█████████ | 45/50 [00:09<00:00, 11.44it/s]
 94%|█████████▍| 47/50 [00:10<00:00, 11.45it/s]
 98%|█████████▊| 49/50 [00:10<00:00, 11.47it/s]
100%|██████████| 50/50 [00:15<00:00,  3.13it/s]
[I 2023-12-11 22:22:29,372] Trial 290 finished with value: 0.4441439567297691 and parameters: {'EMBEDDING_DIM': 32, 'HIDDEN_DIM': 447, 'NUM_LAYERS': 1, 'DROPOUT': 0.27040933592491945, 'LR': 0.0055428539496486925, 'WEIGHT_0': 0.7351481650387524, 'WEIGHT_1': 0.18465264345281412, 'WEIGHT_2': 0.8561357680760576, 'WEIGHT_3': 0.20233672565541533, 'WEIGHT_4': 0.5331098202101708, 'WEIGHT_5': 0.42604731870209006, 'WEIGHT_6': 0.4775960117341451, 'WEIGHT_7': 0.6097901734576281, 'WEIGHT_8': 0.9758678374794497}. Best is trial 282 with value: 0.45463128081401455.
{'EMBEDDING_DIM': 32, 'HIDDEN_DIM': 447, 'NUM_LAYERS': 1, 'DROPOUT': 0.27040933592491945, 'LR': 0.0055428539496486925, 'WEIGHT_0': 0.7351481650387524, 'WEIGHT_1': 0.18465264345281412, 'WEIGHT_2': 0.8561357680760576, 'WEIGHT_3': 0.20233672565541533, 'WEIGHT_4': 0.5331098202101708, 'WEIGHT_5': 0.42604731870209006, 'WEIGHT_6': 0.4775960117341451, 'WEIGHT_7': 0.6097901734576281, 'WEIGHT_8': 0.9758678374794497}
0
              precision    recall  f1-score   support

         LOC       0.00      0.00      0.00      1837
        MISC       0.00      0.00      0.00       922
         ORG       0.00      0.00      0.00      1341
         PER       0.00      0.00      0.00      1842

   micro avg       0.00      0.00      0.00      5942
   macro avg       0.00      0.00      0.00      5942
weighted avg       0.00      0.00      0.00      5942

{'EMBEDDING_DIM': 32, 'HIDDEN_DIM': 447, 'NUM_LAYERS': 1, 'DROPOUT': 0.27040933592491945, 'LR': 0.0055428539496486925, 'WEIGHT_0': 0.7351481650387524, 'WEIGHT_1': 0.18465264345281412, 'WEIGHT_2': 0.8561357680760576, 'WEIGHT_3': 0.20233672565541533, 'WEIGHT_4': 0.5331098202101708, 'WEIGHT_5': 0.42604731870209006, 'WEIGHT_6': 0.4775960117341451, 'WEIGHT_7': 0.6097901734576281, 'WEIGHT_8': 0.9758678374794497}
49
              precision    recall  f1-score   support

         LOC       0.78      0.57      0.66      1837
        MISC       0.64      0.51      0.57       922
         ORG       0.43      0.22      0.29      1341
         PER       0.36      0.18      0.24      1842

   micro avg       0.58      0.36      0.44      5942
   macro avg       0.55      0.37      0.44      5942
weighted avg       0.55      0.36      0.43      5942

epoch 49
Transformer

  0%|          | 0/50 [00:00<?, ?it/s]
  2%|▏         | 1/50 [00:08<06:47,  8.32s/it]
  4%|▍         | 2/50 [00:10<03:50,  4.79s/it]
  6%|▌         | 3/50 [00:13<02:54,  3.71s/it]
  8%|▊         | 4/50 [00:15<02:27,  3.20s/it]
 10%|█         | 5/50 [00:17<02:11,  2.92s/it]
 12%|█▏        | 6/50 [00:20<02:01,  2.75s/it]
 14%|█▍        | 7/50 [00:22<01:53,  2.65s/it]
 16%|█▌        | 8/50 [00:25<01:48,  2.58s/it]
 18%|█▊        | 9/50 [00:27<01:44,  2.54s/it]
 20%|██        | 10/50 [00:30<01:40,  2.51s/it]
 22%|██▏       | 11/50 [00:32<01:37,  2.49s/it]
 24%|██▍       | 12/50 [00:34<01:34,  2.48s/it]
 26%|██▌       | 13/50 [00:37<01:31,  2.47s/it]
 28%|██▊       | 14/50 [00:39<01:28,  2.47s/it]
 30%|███       | 15/50 [00:42<01:26,  2.46s/it]
 32%|███▏      | 16/50 [00:44<01:23,  2.46s/it]
 34%|███▍      | 17/50 [00:47<01:21,  2.46s/it]
 36%|███▌      | 18/50 [00:49<01:18,  2.46s/it]
 38%|███▊      | 19/50 [00:52<01:16,  2.46s/it]
 40%|████      | 20/50 [00:54<01:13,  2.47s/it]
 42%|████▏     | 21/50 [00:57<01:11,  2.47s/it]
 44%|████▍     | 22/50 [00:59<01:09,  2.47s/it]
 46%|████▌     | 23/50 [01:02<01:06,  2.48s/it]
 48%|████▊     | 24/50 [01:04<01:04,  2.48s/it]
 50%|█████     | 25/50 [01:07<01:02,  2.49s/it]
 52%|█████▏    | 26/50 [01:09<00:59,  2.49s/it]
 54%|█████▍    | 27/50 [01:12<00:57,  2.50s/it]
 56%|█████▌    | 28/50 [01:14<00:55,  2.51s/it]
 58%|█████▊    | 29/50 [01:17<00:52,  2.51s/it]
 60%|██████    | 30/50 [01:19<00:50,  2.52s/it]
 62%|██████▏   | 31/50 [01:22<00:47,  2.52s/it]
 64%|██████▍   | 32/50 [01:24<00:45,  2.52s/it]
 66%|██████▌   | 33/50 [01:27<00:42,  2.53s/it]
 68%|██████▊   | 34/50 [01:29<00:40,  2.53s/it]
 70%|███████   | 35/50 [01:32<00:37,  2.53s/it]
 72%|███████▏  | 36/50 [01:34<00:35,  2.53s/it]
 74%|███████▍  | 37/50 [01:37<00:32,  2.53s/it]
 76%|███████▌  | 38/50 [01:39<00:30,  2.53s/it]
 78%|███████▊  | 39/50 [01:42<00:27,  2.53s/it]
 80%|████████  | 40/50 [01:45<00:25,  2.53s/it]
 82%|████████▏ | 41/50 [01:47<00:22,  2.53s/it]
 84%|████████▍ | 42/50 [01:50<00:20,  2.52s/it]
 86%|████████▌ | 43/50 [01:52<00:17,  2.52s/it]
 88%|████████▊ | 44/50 [01:55<00:15,  2.52s/it]
 90%|█████████ | 45/50 [01:57<00:12,  2.52s/it]
 92%|█████████▏| 46/50 [02:00<00:10,  2.52s/it]
 94%|█████████▍| 47/50 [02:02<00:07,  2.52s/it]
 96%|█████████▌| 48/50 [02:05<00:05,  2.52s/it]
 98%|█████████▊| 49/50 [02:07<00:02,  2.52s/it]
100%|██████████| 50/50 [02:16<00:00,  4.31s/it]
100%|██████████| 50/50 [02:16<00:00,  2.72s/it]
[I 2023-12-11 22:24:52,400] Trial 291 finished with value: 0.007675087943716022 and parameters: {'EMBEDDING_DIM': 2048, 'HIDDEN_DIM': 826, 'NUM_LAYERS': 1, 'DROPOUT': 0.29631858591380844, 'LR': 0.007146584182713825, 'WEIGHT_0': 0.9820540865518427, 'WEIGHT_1': 0.35474333092799004, 'WEIGHT_2': 0.2300601928793034, 'WEIGHT_3': 0.2459253942026795, 'WEIGHT_4': 0.5656246382677984, 'WEIGHT_5': 0.4584114510130611, 'WEIGHT_6': 0.0663147644622897, 'WEIGHT_7': 0.6641329796686913, 'WEIGHT_8': 0.9200436747434187}. Best is trial 282 with value: 0.45463128081401455.
{'EMBEDDING_DIM': 2048, 'HIDDEN_DIM': 826, 'NUM_LAYERS': 1, 'DROPOUT': 0.29631858591380844, 'LR': 0.007146584182713825, 'WEIGHT_0': 0.9820540865518427, 'WEIGHT_1': 0.35474333092799004, 'WEIGHT_2': 0.2300601928793034, 'WEIGHT_3': 0.2459253942026795, 'WEIGHT_4': 0.5656246382677984, 'WEIGHT_5': 0.4584114510130611, 'WEIGHT_6': 0.0663147644622897, 'WEIGHT_7': 0.6641329796686913, 'WEIGHT_8': 0.9200436747434187}
0
              precision    recall  f1-score   support

         LOC       0.00      0.00      0.00      1837
        MISC       0.00      0.00      0.00       922
         ORG       0.00      0.00      0.00      1341
         PER       0.00      0.00      0.00      1842

   micro avg       0.00      0.00      0.00      5942
   macro avg       0.00      0.00      0.00      5942
weighted avg       0.00      0.00      0.00      5942

{'EMBEDDING_DIM': 2048, 'HIDDEN_DIM': 826, 'NUM_LAYERS': 1, 'DROPOUT': 0.29631858591380844, 'LR': 0.007146584182713825, 'WEIGHT_0': 0.9820540865518427, 'WEIGHT_1': 0.35474333092799004, 'WEIGHT_2': 0.2300601928793034, 'WEIGHT_3': 0.2459253942026795, 'WEIGHT_4': 0.5656246382677984, 'WEIGHT_5': 0.4584114510130611, 'WEIGHT_6': 0.0663147644622897, 'WEIGHT_7': 0.6641329796686913, 'WEIGHT_8': 0.9200436747434187}
49
              precision    recall  f1-score   support

         LOC       0.08      0.01      0.02      1837
        MISC       0.00      0.00      0.00       922
         ORG       0.00      0.00      0.00      1341
         PER       0.06      0.00      0.01      1842

   micro avg       0.08      0.00      0.01      5942
   macro avg       0.04      0.00      0.01      5942
weighted avg       0.04      0.00      0.01      5942

epoch 49
Transformer

  0%|          | 0/50 [00:00<?, ?it/s]
  2%|▏         | 1/50 [00:05<04:48,  5.89s/it]
  6%|▌         | 3/50 [00:06<01:14,  1.60s/it]
 10%|█         | 5/50 [00:06<00:36,  1.22it/s]
 14%|█▍        | 7/50 [00:06<00:22,  1.95it/s]
 18%|█▊        | 9/50 [00:06<00:14,  2.81it/s]
 22%|██▏       | 11/50 [00:06<00:10,  3.81it/s]
 26%|██▌       | 13/50 [00:06<00:07,  4.85it/s]
 30%|███       | 15/50 [00:07<00:05,  5.91it/s]
 34%|███▍      | 17/50 [00:07<00:04,  6.94it/s]
 38%|███▊      | 19/50 [00:07<00:03,  7.84it/s]
 42%|████▏     | 21/50 [00:07<00:03,  8.60it/s]
 46%|████▌     | 23/50 [00:07<00:02,  9.23it/s]
 50%|█████     | 25/50 [00:08<00:02,  9.70it/s]
 54%|█████▍    | 27/50 [00:08<00:02, 10.07it/s]
 58%|█████▊    | 29/50 [00:08<00:02, 10.30it/s]
 62%|██████▏   | 31/50 [00:08<00:01, 10.53it/s]
 66%|██████▌   | 33/50 [00:08<00:01, 10.66it/s]
 70%|███████   | 35/50 [00:08<00:01, 10.74it/s]
 74%|███████▍  | 37/50 [00:09<00:01, 10.80it/s]
 78%|███████▊  | 39/50 [00:09<00:01, 10.84it/s]
 82%|████████▏ | 41/50 [00:09<00:00, 10.89it/s]
 86%|████████▌ | 43/50 [00:09<00:00, 10.94it/s]
 90%|█████████ | 45/50 [00:09<00:00, 10.97it/s]
 94%|█████████▍| 47/50 [00:10<00:00, 11.01it/s]
 98%|█████████▊| 49/50 [00:10<00:00, 11.00it/s]
100%|██████████| 50/50 [00:16<00:00,  3.09it/s]
