[I 2023-12-11 19:53:37,878] Trial 28 finished with value: 0.4261126387615846 and parameters: {'EMBEDDING_DIM': 32, 'HIDDEN_DIM': 507, 'NUM_LAYERS': 1, 'DROPOUT': 0.11059418520104158, 'LR': 0.007005060603026154, 'WEIGHT_0': 0.9386751552319119, 'WEIGHT_1': 0.2521825631943359, 'WEIGHT_2': 0.27711433352562453, 'WEIGHT_3': 0.21376134063682423, 'WEIGHT_4': 0.8785843484149447, 'WEIGHT_5': 0.1932467620834365, 'WEIGHT_6': 0.0939211358404343, 'WEIGHT_7': 0.8408238346510423, 'WEIGHT_8': 0.4721136674301725}. Best is trial 12 with value: 0.4422704575563029.
{'EMBEDDING_DIM': 32, 'HIDDEN_DIM': 507, 'NUM_LAYERS': 1, 'DROPOUT': 0.11059418520104158, 'LR': 0.007005060603026154, 'WEIGHT_0': 0.9386751552319119, 'WEIGHT_1': 0.2521825631943359, 'WEIGHT_2': 0.27711433352562453, 'WEIGHT_3': 0.21376134063682423, 'WEIGHT_4': 0.8785843484149447, 'WEIGHT_5': 0.1932467620834365, 'WEIGHT_6': 0.0939211358404343, 'WEIGHT_7': 0.8408238346510423, 'WEIGHT_8': 0.4721136674301725}
0
              precision    recall  f1-score   support

         LOC       0.00      0.00      0.00      1837
        MISC       0.00      0.00      0.00       922
         ORG       0.00      0.00      0.00      1341
         PER       0.00      0.00      0.00      1842

   micro avg       0.00      0.00      0.00      5942
   macro avg       0.00      0.00      0.00      5942
weighted avg       0.00      0.00      0.00      5942

{'EMBEDDING_DIM': 32, 'HIDDEN_DIM': 507, 'NUM_LAYERS': 1, 'DROPOUT': 0.11059418520104158, 'LR': 0.007005060603026154, 'WEIGHT_0': 0.9386751552319119, 'WEIGHT_1': 0.2521825631943359, 'WEIGHT_2': 0.27711433352562453, 'WEIGHT_3': 0.21376134063682423, 'WEIGHT_4': 0.8785843484149447, 'WEIGHT_5': 0.1932467620834365, 'WEIGHT_6': 0.0939211358404343, 'WEIGHT_7': 0.8408238346510423, 'WEIGHT_8': 0.4721136674301725}
49
              precision    recall  f1-score   support

         LOC       0.76      0.57      0.65      1837
        MISC       0.55      0.47      0.50       922
         ORG       0.39      0.23      0.29      1341
         PER       0.34      0.17      0.23      1842

   micro avg       0.54      0.35      0.43      5942
   macro avg       0.51      0.36      0.42      5942
weighted avg       0.51      0.35      0.41      5942

epoch 49
Transformer

  0%|          | 0/50 [00:00<?, ?it/s]
  2%|▏         | 1/50 [00:06<05:36,  6.87s/it]
  4%|▍         | 2/50 [00:07<02:25,  3.04s/it]
  6%|▌         | 3/50 [00:07<01:24,  1.81s/it]
  8%|▊         | 4/50 [00:07<00:56,  1.23s/it]
 10%|█         | 5/50 [00:08<00:40,  1.10it/s]
 12%|█▏        | 6/50 [00:08<00:31,  1.40it/s]
 14%|█▍        | 7/50 [00:08<00:25,  1.69it/s]
 16%|█▌        | 8/50 [00:09<00:21,  1.95it/s]
 18%|█▊        | 9/50 [00:09<00:18,  2.18it/s]
 20%|██        | 10/50 [00:09<00:16,  2.37it/s]
 22%|██▏       | 11/50 [00:10<00:15,  2.52it/s]
 24%|██▍       | 12/50 [00:10<00:14,  2.63it/s]
 26%|██▌       | 13/50 [00:10<00:13,  2.72it/s]
 28%|██▊       | 14/50 [00:11<00:12,  2.77it/s]
 30%|███       | 15/50 [00:11<00:12,  2.82it/s]
 32%|███▏      | 16/50 [00:12<00:11,  2.85it/s]
 34%|███▍      | 17/50 [00:12<00:11,  2.87it/s]
 36%|███▌      | 18/50 [00:12<00:11,  2.89it/s]
 38%|███▊      | 19/50 [00:13<00:10,  2.90it/s]
 40%|████      | 20/50 [00:13<00:10,  2.91it/s]
 42%|████▏     | 21/50 [00:13<00:09,  2.92it/s]
 44%|████▍     | 22/50 [00:14<00:09,  2.92it/s]
 46%|████▌     | 23/50 [00:14<00:09,  2.92it/s]
 48%|████▊     | 24/50 [00:14<00:08,  2.93it/s]
 50%|█████     | 25/50 [00:15<00:08,  2.93it/s]
 52%|█████▏    | 26/50 [00:15<00:08,  2.93it/s]
 54%|█████▍    | 27/50 [00:15<00:07,  2.93it/s]
 56%|█████▌    | 28/50 [00:16<00:07,  2.93it/s]
 58%|█████▊    | 29/50 [00:16<00:07,  2.92it/s]
 60%|██████    | 30/50 [00:16<00:06,  2.92it/s]
 62%|██████▏   | 31/50 [00:17<00:06,  2.92it/s]
 64%|██████▍   | 32/50 [00:17<00:06,  2.92it/s]
 66%|██████▌   | 33/50 [00:17<00:05,  2.92it/s]
 68%|██████▊   | 34/50 [00:18<00:05,  2.92it/s]
 70%|███████   | 35/50 [00:18<00:05,  2.92it/s]
 72%|███████▏  | 36/50 [00:18<00:04,  2.92it/s]
 74%|███████▍  | 37/50 [00:19<00:04,  2.92it/s]
 76%|███████▌  | 38/50 [00:19<00:04,  2.92it/s]
 78%|███████▊  | 39/50 [00:19<00:03,  2.92it/s]
 80%|████████  | 40/50 [00:20<00:03,  2.92it/s]
 82%|████████▏ | 41/50 [00:20<00:03,  2.92it/s]
 84%|████████▍ | 42/50 [00:20<00:02,  2.92it/s]
 86%|████████▌ | 43/50 [00:21<00:02,  2.92it/s]
 88%|████████▊ | 44/50 [00:21<00:02,  2.92it/s]
 90%|█████████ | 45/50 [00:21<00:01,  2.92it/s]
 92%|█████████▏| 46/50 [00:22<00:01,  2.92it/s]
 94%|█████████▍| 47/50 [00:22<00:01,  2.92it/s]
 96%|█████████▌| 48/50 [00:22<00:00,  2.92it/s]
 98%|█████████▊| 49/50 [00:23<00:00,  2.92it/s]
100%|██████████| 50/50 [00:30<00:00,  2.30s/it]
100%|██████████| 50/50 [00:30<00:00,  1.66it/s]
[I 2023-12-11 19:54:14,423] Trial 29 finished with value: 0.043545625050966326 and parameters: {'EMBEDDING_DIM': 512, 'HIDDEN_DIM': 460, 'NUM_LAYERS': 1, 'DROPOUT': 0.037944570975770434, 'LR': 0.008746810543362082, 'WEIGHT_0': 0.4169447261915222, 'WEIGHT_1': 0.49212606116529495, 'WEIGHT_2': 0.11115456292165377, 'WEIGHT_3': 0.44977274484444013, 'WEIGHT_4': 0.46861263427368144, 'WEIGHT_5': 0.1542236419460548, 'WEIGHT_6': 0.1527615252648885, 'WEIGHT_7': 0.7733658323378038, 'WEIGHT_8': 0.7865817151057888}. Best is trial 12 with value: 0.4422704575563029.
{'EMBEDDING_DIM': 512, 'HIDDEN_DIM': 460, 'NUM_LAYERS': 1, 'DROPOUT': 0.037944570975770434, 'LR': 0.008746810543362082, 'WEIGHT_0': 0.4169447261915222, 'WEIGHT_1': 0.49212606116529495, 'WEIGHT_2': 0.11115456292165377, 'WEIGHT_3': 0.44977274484444013, 'WEIGHT_4': 0.46861263427368144, 'WEIGHT_5': 0.1542236419460548, 'WEIGHT_6': 0.1527615252648885, 'WEIGHT_7': 0.7733658323378038, 'WEIGHT_8': 0.7865817151057888}
0
              precision    recall  f1-score   support

         LOC       0.00      0.00      0.00      1837
        MISC       0.00      0.00      0.00       922
         ORG       0.00      0.00      0.00      1341
         PER       0.00      0.00      0.00      1842

   micro avg       0.00      0.00      0.00      5942
   macro avg       0.00      0.00      0.00      5942
weighted avg       0.00      0.00      0.00      5942

{'EMBEDDING_DIM': 512, 'HIDDEN_DIM': 460, 'NUM_LAYERS': 1, 'DROPOUT': 0.037944570975770434, 'LR': 0.008746810543362082, 'WEIGHT_0': 0.4169447261915222, 'WEIGHT_1': 0.49212606116529495, 'WEIGHT_2': 0.11115456292165377, 'WEIGHT_3': 0.44977274484444013, 'WEIGHT_4': 0.46861263427368144, 'WEIGHT_5': 0.1542236419460548, 'WEIGHT_6': 0.1527615252648885, 'WEIGHT_7': 0.7733658323378038, 'WEIGHT_8': 0.7865817151057888}
49
              precision    recall  f1-score   support

         LOC       0.00      0.00      0.00      1837
        MISC       0.00      0.00      0.00       922
         ORG       0.04      0.07      0.05      1341
         PER       0.05      0.09      0.06      1842

   micro avg       0.04      0.04      0.04      5942
   macro avg       0.02      0.04      0.03      5942
weighted avg       0.02      0.04      0.03      5942

epoch 49
Transformer

  0%|          | 0/50 [00:00<?, ?it/s]
  2%|▏         | 1/50 [00:06<05:20,  6.54s/it]
  4%|▍         | 2/50 [00:06<02:13,  2.79s/it]
  6%|▌         | 3/50 [00:06<01:14,  1.58s/it]
  8%|▊         | 4/50 [00:06<00:46,  1.01s/it]
 10%|█         | 5/50 [00:07<00:31,  1.43it/s]
 12%|█▏        | 6/50 [00:07<00:22,  1.97it/s]
 14%|█▍        | 7/50 [00:07<00:16,  2.59it/s]
 16%|█▌        | 8/50 [00:07<00:12,  3.26it/s]
 18%|█▊        | 9/50 [00:07<00:10,  3.95it/s]
 20%|██        | 10/50 [00:07<00:08,  4.61it/s]
 22%|██▏       | 11/50 [00:07<00:07,  5.20it/s]
 24%|██▍       | 12/50 [00:08<00:06,  5.71it/s]
 26%|██▌       | 13/50 [00:08<00:06,  6.13it/s]
 28%|██▊       | 14/50 [00:08<00:05,  6.45it/s]
 30%|███       | 15/50 [00:08<00:05,  6.69it/s]
 32%|███▏      | 16/50 [00:08<00:04,  6.88it/s]
 34%|███▍      | 17/50 [00:08<00:04,  7.02it/s]
 36%|███▌      | 18/50 [00:08<00:04,  7.12it/s]
 38%|███▊      | 19/50 [00:09<00:04,  7.18it/s]
 40%|████      | 20/50 [00:09<00:04,  7.22it/s]
 42%|████▏     | 21/50 [00:09<00:04,  7.20it/s]
 44%|████▍     | 22/50 [00:09<00:03,  7.19it/s]
 46%|████▌     | 23/50 [00:09<00:03,  7.19it/s]
 48%|████▊     | 24/50 [00:09<00:03,  7.14it/s]
 50%|█████     | 25/50 [00:09<00:03,  7.18it/s]
 52%|█████▏    | 26/50 [00:10<00:03,  7.18it/s]
 54%|█████▍    | 27/50 [00:10<00:03,  7.23it/s]
 56%|█████▌    | 28/50 [00:10<00:03,  7.25it/s]
 58%|█████▊    | 29/50 [00:10<00:02,  7.20it/s]
 60%|██████    | 30/50 [00:10<00:02,  7.21it/s]
 62%|██████▏   | 31/50 [00:10<00:02,  7.21it/s]
 64%|██████▍   | 32/50 [00:10<00:02,  7.16it/s]
 66%|██████▌   | 33/50 [00:10<00:02,  7.10it/s]
 68%|██████▊   | 34/50 [00:11<00:02,  7.15it/s]
 70%|███████   | 35/50 [00:11<00:02,  7.21it/s]
 72%|███████▏  | 36/50 [00:11<00:01,  7.25it/s]
 74%|███████▍  | 37/50 [00:11<00:01,  7.27it/s]
 76%|███████▌  | 38/50 [00:11<00:01,  7.29it/s]
 78%|███████▊  | 39/50 [00:11<00:01,  7.31it/s]
 80%|████████  | 40/50 [00:11<00:01,  7.31it/s]
 82%|████████▏ | 41/50 [00:12<00:01,  7.33it/s]
 84%|████████▍ | 42/50 [00:12<00:01,  7.33it/s]
 86%|████████▌ | 43/50 [00:12<00:00,  7.34it/s]
 88%|████████▊ | 44/50 [00:12<00:00,  7.34it/s]
 90%|█████████ | 45/50 [00:12<00:00,  7.35it/s]
 92%|█████████▏| 46/50 [00:12<00:00,  7.34it/s]
 94%|█████████▍| 47/50 [00:12<00:00,  7.34it/s]
 96%|█████████▌| 48/50 [00:13<00:00,  7.35it/s]
 98%|█████████▊| 49/50 [00:13<00:00,  7.35it/s]
100%|██████████| 50/50 [00:19<00:00,  2.02s/it]
100%|██████████| 50/50 [00:19<00:00,  2.55it/s]
[I 2023-12-11 19:54:40,066] Trial 30 finished with value: 0.23990772779700117 and parameters: {'EMBEDDING_DIM': 128, 'HIDDEN_DIM': 1220, 'NUM_LAYERS': 1, 'DROPOUT': 0.0852632732362725, 'LR': 0.009313171014907516, 'WEIGHT_0': 0.5783705229553864, 'WEIGHT_1': 0.38919823764057737, 'WEIGHT_2': 0.37229415696161733, 'WEIGHT_3': 0.621980398588825, 'WEIGHT_4': 0.6308571878627267, 'WEIGHT_5': 0.07666572192118593, 'WEIGHT_6': 0.23815826398793755, 'WEIGHT_7': 0.8428146666999972, 'WEIGHT_8': 0.5842306546123239}. Best is trial 12 with value: 0.4422704575563029.
{'EMBEDDING_DIM': 128, 'HIDDEN_DIM': 1220, 'NUM_LAYERS': 1, 'DROPOUT': 0.0852632732362725, 'LR': 0.009313171014907516, 'WEIGHT_0': 0.5783705229553864, 'WEIGHT_1': 0.38919823764057737, 'WEIGHT_2': 0.37229415696161733, 'WEIGHT_3': 0.621980398588825, 'WEIGHT_4': 0.6308571878627267, 'WEIGHT_5': 0.07666572192118593, 'WEIGHT_6': 0.23815826398793755, 'WEIGHT_7': 0.8428146666999972, 'WEIGHT_8': 0.5842306546123239}
0
              precision    recall  f1-score   support

         LOC       0.00      0.00      0.00      1837
        MISC       0.00      0.00      0.00       922
         ORG       0.00      0.00      0.00      1341
         PER       0.00      0.00      0.00      1842

   micro avg       0.00      0.00      0.00      5942
   macro avg       0.00      0.00      0.00      5942
weighted avg       0.00      0.00      0.00      5942

{'EMBEDDING_DIM': 128, 'HIDDEN_DIM': 1220, 'NUM_LAYERS': 1, 'DROPOUT': 0.0852632732362725, 'LR': 0.009313171014907516, 'WEIGHT_0': 0.5783705229553864, 'WEIGHT_1': 0.38919823764057737, 'WEIGHT_2': 0.37229415696161733, 'WEIGHT_3': 0.621980398588825, 'WEIGHT_4': 0.6308571878627267, 'WEIGHT_5': 0.07666572192118593, 'WEIGHT_6': 0.23815826398793755, 'WEIGHT_7': 0.8428146666999972, 'WEIGHT_8': 0.5842306546123239}
49
              precision    recall  f1-score   support

         LOC       0.50      0.34      0.40      1837
        MISC       0.30      0.49      0.37       922
         ORG       0.12      0.29      0.17      1341
         PER       0.12      0.28      0.16      1842

   micro avg       0.19      0.33      0.24      5942
   macro avg       0.26      0.35      0.28      5942
weighted avg       0.26      0.33      0.27      5942

epoch 49
Transformer

  0%|          | 0/50 [00:00<?, ?it/s]
  2%|▏         | 1/50 [00:06<05:09,  6.32s/it]
  4%|▍         | 2/50 [00:06<02:07,  2.67s/it]
  8%|▊         | 4/50 [00:06<00:48,  1.05s/it]
 12%|█▏        | 6/50 [00:06<00:26,  1.66it/s]
 16%|█▌        | 8/50 [00:07<00:16,  2.51it/s]
 20%|██        | 10/50 [00:07<00:11,  3.48it/s]
 24%|██▍       | 12/50 [00:07<00:08,  4.51it/s]
 28%|██▊       | 14/50 [00:07<00:06,  5.57it/s]
 32%|███▏      | 16/50 [00:07<00:05,  6.57it/s]
 36%|███▌      | 18/50 [00:07<00:04,  7.48it/s]
 40%|████      | 20/50 [00:08<00:03,  8.22it/s]
 44%|████▍     | 22/50 [00:08<00:03,  8.80it/s]
 48%|████▊     | 24/50 [00:08<00:02,  9.28it/s]
 52%|█████▏    | 26/50 [00:08<00:02,  9.62it/s]
 56%|█████▌    | 28/50 [00:08<00:02,  9.84it/s]
 60%|██████    | 30/50 [00:09<00:02, 10.00it/s]
 64%|██████▍   | 32/50 [00:09<00:01, 10.09it/s]
 68%|██████▊   | 34/50 [00:09<00:01, 10.09it/s]
 72%|███████▏  | 36/50 [00:09<00:01, 10.16it/s]
 76%|███████▌  | 38/50 [00:09<00:01, 10.17it/s]
 80%|████████  | 40/50 [00:10<00:00, 10.09it/s]
 84%|████████▍ | 42/50 [00:10<00:00, 10.13it/s]
 88%|████████▊ | 44/50 [00:10<00:00, 10.06it/s]
 92%|█████████▏| 46/50 [00:10<00:00, 10.09it/s]
 96%|█████████▌| 48/50 [00:10<00:00, 10.07it/s]
100%|██████████| 50/50 [00:17<00:00,  1.05s/it]
100%|██████████| 50/50 [00:17<00:00,  2.87it/s]
[I 2023-12-11 19:55:03,159] Trial 31 finished with value: 0.43865788390284066 and parameters: {'EMBEDDING_DIM': 32, 'HIDDEN_DIM': 454, 'NUM_LAYERS': 1, 'DROPOUT': 0.12134210740958917, 'LR': 0.007434129237997007, 'WEIGHT_0': 0.9019941936824163, 'WEIGHT_1': 0.2685298836485583, 'WEIGHT_2': 0.26971451918163364, 'WEIGHT_3': 0.2136329658505004, 'WEIGHT_4': 0.8957817135962682, 'WEIGHT_5': 0.1503458595572684, 'WEIGHT_6': 0.07899457136047405, 'WEIGHT_7': 0.8264482490319083, 'WEIGHT_8': 0.4779389756385928}. Best is trial 12 with value: 0.4422704575563029.
{'EMBEDDING_DIM': 32, 'HIDDEN_DIM': 454, 'NUM_LAYERS': 1, 'DROPOUT': 0.12134210740958917, 'LR': 0.007434129237997007, 'WEIGHT_0': 0.9019941936824163, 'WEIGHT_1': 0.2685298836485583, 'WEIGHT_2': 0.26971451918163364, 'WEIGHT_3': 0.2136329658505004, 'WEIGHT_4': 0.8957817135962682, 'WEIGHT_5': 0.1503458595572684, 'WEIGHT_6': 0.07899457136047405, 'WEIGHT_7': 0.8264482490319083, 'WEIGHT_8': 0.4779389756385928}
0
              precision    recall  f1-score   support

         LOC       0.00      0.00      0.00      1837
        MISC       0.00      0.00      0.00       922
         ORG       0.00      0.00      0.00      1341
         PER       0.00      0.00      0.00      1842

   micro avg       0.00      0.00      0.00      5942
   macro avg       0.00      0.00      0.00      5942
weighted avg       0.00      0.00      0.00      5942

{'EMBEDDING_DIM': 32, 'HIDDEN_DIM': 454, 'NUM_LAYERS': 1, 'DROPOUT': 0.12134210740958917, 'LR': 0.007434129237997007, 'WEIGHT_0': 0.9019941936824163, 'WEIGHT_1': 0.2685298836485583, 'WEIGHT_2': 0.26971451918163364, 'WEIGHT_3': 0.2136329658505004, 'WEIGHT_4': 0.8957817135962682, 'WEIGHT_5': 0.1503458595572684, 'WEIGHT_6': 0.07899457136047405, 'WEIGHT_7': 0.8264482490319083, 'WEIGHT_8': 0.4779389756385928}
49
              precision    recall  f1-score   support

         LOC       0.75      0.58      0.65      1837
        MISC       0.63      0.47      0.54       922
         ORG       0.40      0.22      0.29      1341
         PER       0.37      0.18      0.24      1842

   micro avg       0.56      0.36      0.44      5942
   macro avg       0.54      0.36      0.43      5942
weighted avg       0.53      0.36      0.43      5942

epoch 49
Transformer

  0%|          | 0/50 [00:00<?, ?it/s]
  2%|▏         | 1/50 [00:06<05:30,  6.75s/it]
  4%|▍         | 2/50 [00:06<02:16,  2.85s/it]
  6%|▌         | 3/50 [00:06<01:15,  1.60s/it]
  8%|▊         | 4/50 [00:07<00:46,  1.02s/it]
 10%|█         | 5/50 [00:07<00:31,  1.44it/s]
 12%|█▏        | 6/50 [00:07<00:21,  2.01it/s]
 14%|█▍        | 7/50 [00:07<00:16,  2.67it/s]
 16%|█▌        | 8/50 [00:07<00:12,  3.37it/s]
 18%|█▊        | 9/50 [00:07<00:09,  4.15it/s]
 20%|██        | 10/50 [00:07<00:08,  4.59it/s]
 22%|██▏       | 11/50 [00:08<00:07,  5.19it/s]
 24%|██▍       | 12/50 [00:08<00:06,  6.01it/s]
 26%|██▌       | 13/50 [00:08<00:05,  6.76it/s]
 28%|██▊       | 14/50 [00:08<00:04,  7.41it/s]
 30%|███       | 15/50 [00:08<00:04,  7.91it/s]
 32%|███▏      | 16/50 [00:08<00:04,  8.30it/s]
 34%|███▍      | 17/50 [00:08<00:03,  8.60it/s]
 36%|███▌      | 18/50 [00:08<00:03,  8.83it/s]
 38%|███▊      | 19/50 [00:08<00:03,  8.99it/s]
 42%|████▏     | 21/50 [00:09<00:03,  9.61it/s]
 46%|████▌     | 23/50 [00:09<00:02,  9.96it/s]
 50%|█████     | 25/50 [00:09<00:02, 10.16it/s]
 54%|█████▍    | 27/50 [00:09<00:02, 10.29it/s]
 58%|█████▊    | 29/50 [00:09<00:02,  9.99it/s]
 60%|██████    | 30/50 [00:09<00:02,  9.88it/s]
 62%|██████▏   | 31/50 [00:10<00:01,  9.77it/s]
 64%|██████▍   | 32/50 [00:10<00:01,  9.67it/s]
 66%|██████▌   | 33/50 [00:10<00:01,  9.73it/s]
 70%|███████   | 35/50 [00:10<00:01, 10.12it/s]
 74%|███████▍  | 37/50 [00:10<00:01, 10.37it/s]
 78%|███████▊  | 39/50 [00:10<00:01, 10.56it/s]
 82%|████████▏ | 41/50 [00:10<00:00, 10.66it/s]
 86%|████████▌ | 43/50 [00:11<00:00, 10.75it/s]
 90%|█████████ | 45/50 [00:11<00:00, 10.88it/s]
 94%|█████████▍| 47/50 [00:11<00:00, 10.95it/s]
 98%|█████████▊| 49/50 [00:11<00:00, 11.01it/s]
100%|██████████| 50/50 [00:17<00:00,  2.83it/s]
[I 2023-12-11 19:55:26,393] Trial 32 finished with value: 0.4171144278606965 and parameters: {'EMBEDDING_DIM': 32, 'HIDDEN_DIM': 816, 'NUM_LAYERS': 1, 'DROPOUT': 0.10962077323113552, 'LR': 0.009997507144592327, 'WEIGHT_0': 0.9886793510011952, 'WEIGHT_1': 0.3125681003253086, 'WEIGHT_2': 0.38520349158163814, 'WEIGHT_3': 0.31931650220135777, 'WEIGHT_4': 0.7876700912340565, 'WEIGHT_5': 0.1450110301526258, 'WEIGHT_6': 0.053076153242363575, 'WEIGHT_7': 0.922197508075038, 'WEIGHT_8': 0.5345421497189579}. Best is trial 12 with value: 0.4422704575563029.
{'EMBEDDING_DIM': 32, 'HIDDEN_DIM': 816, 'NUM_LAYERS': 1, 'DROPOUT': 0.10962077323113552, 'LR': 0.009997507144592327, 'WEIGHT_0': 0.9886793510011952, 'WEIGHT_1': 0.3125681003253086, 'WEIGHT_2': 0.38520349158163814, 'WEIGHT_3': 0.31931650220135777, 'WEIGHT_4': 0.7876700912340565, 'WEIGHT_5': 0.1450110301526258, 'WEIGHT_6': 0.053076153242363575, 'WEIGHT_7': 0.922197508075038, 'WEIGHT_8': 0.5345421497189579}
0
              precision    recall  f1-score   support

         LOC       0.00      0.00      0.00      1837
        MISC       0.00      0.00      0.00       922
         ORG       0.00      0.00      0.00      1341
         PER       0.00      0.00      0.00      1842

   micro avg       0.00      0.00      0.00      5942
   macro avg       0.00      0.00      0.00      5942
weighted avg       0.00      0.00      0.00      5942

{'EMBEDDING_DIM': 32, 'HIDDEN_DIM': 816, 'NUM_LAYERS': 1, 'DROPOUT': 0.10962077323113552, 'LR': 0.009997507144592327, 'WEIGHT_0': 0.9886793510011952, 'WEIGHT_1': 0.3125681003253086, 'WEIGHT_2': 0.38520349158163814, 'WEIGHT_3': 0.31931650220135777, 'WEIGHT_4': 0.7876700912340565, 'WEIGHT_5': 0.1450110301526258, 'WEIGHT_6': 0.053076153242363575, 'WEIGHT_7': 0.922197508075038, 'WEIGHT_8': 0.5345421497189579}
49
              precision    recall  f1-score   support

         LOC       0.79      0.54      0.64      1837
        MISC       0.54      0.47      0.50       922
         ORG       0.33      0.24      0.28      1341
         PER       0.32      0.19      0.24      1842

   micro avg       0.51      0.35      0.42      5942
   macro avg       0.50      0.36      0.42      5942
weighted avg       0.50      0.35      0.41      5942

epoch 49
Transformer

  0%|          | 0/50 [00:00<?, ?it/s]
  2%|▏         | 1/50 [00:17<14:00, 17.15s/it]
  4%|▍         | 2/50 [00:24<09:02, 11.30s/it]
  6%|▌         | 3/50 [00:31<07:30,  9.58s/it]
  8%|▊         | 4/50 [00:39<06:44,  8.78s/it]
 10%|█         | 5/50 [00:47<06:15,  8.35s/it]
 12%|█▏        | 6/50 [00:54<05:56,  8.11s/it]
 14%|█▍        | 7/50 [01:02<05:42,  7.97s/it]
 16%|█▌        | 8/50 [01:10<05:32,  7.91s/it]
 18%|█▊        | 9/50 [01:17<05:23,  7.89s/it]
 20%|██        | 10/50 [01:25<05:13,  7.83s/it]
 22%|██▏       | 11/50 [01:33<05:03,  7.79s/it]
 24%|██▍       | 12/50 [01:41<04:54,  7.76s/it]
 26%|██▌       | 13/50 [01:48<04:46,  7.74s/it]
 28%|██▊       | 14/50 [01:56<04:38,  7.73s/it]
 30%|███       | 15/50 [02:04<04:30,  7.73s/it]
 32%|███▏      | 16/50 [02:11<04:23,  7.74s/it]
 34%|███▍      | 17/50 [02:19<04:15,  7.75s/it]
 36%|███▌      | 18/50 [02:27<04:08,  7.75s/it]
 38%|███▊      | 19/50 [02:35<04:00,  7.77s/it]
 40%|████      | 20/50 [02:43<03:53,  7.78s/it]
 42%|████▏     | 21/50 [02:50<03:44,  7.76s/it]
 44%|████▍     | 22/50 [02:58<03:36,  7.74s/it]
 46%|████▌     | 23/50 [03:06<03:28,  7.73s/it]
 48%|████▊     | 24/50 [03:13<03:20,  7.72s/it]
 50%|█████     | 25/50 [03:21<03:13,  7.73s/it]
 52%|█████▏    | 26/50 [03:29<03:05,  7.74s/it]
 54%|█████▍    | 27/50 [03:37<02:58,  7.75s/it]
 56%|█████▌    | 28/50 [03:45<02:50,  7.77s/it]
 58%|█████▊    | 29/50 [03:52<02:42,  7.76s/it]
 60%|██████    | 30/50 [04:00<02:34,  7.74s/it]
 62%|██████▏   | 31/50 [04:08<02:26,  7.72s/it]
 64%|██████▍   | 32/50 [04:15<02:18,  7.72s/it]
 66%|██████▌   | 33/50 [04:23<02:11,  7.74s/it]
 68%|██████▊   | 34/50 [04:31<02:03,  7.74s/it]
 70%|███████   | 35/50 [04:39<01:56,  7.76s/it]
 72%|███████▏  | 36/50 [04:46<01:48,  7.77s/it]
 74%|███████▍  | 37/50 [04:54<01:40,  7.77s/it]
 76%|███████▌  | 38/50 [05:02<01:32,  7.74s/it]
 78%|███████▊  | 39/50 [05:10<01:25,  7.73s/it]
 80%|████████  | 40/50 [05:17<01:17,  7.72s/it]
 82%|████████▏ | 41/50 [05:25<01:09,  7.72s/it]
 84%|████████▍ | 42/50 [05:33<01:01,  7.73s/it]
 86%|████████▌ | 43/50 [05:41<00:54,  7.75s/it]
 88%|████████▊ | 44/50 [05:48<00:46,  7.75s/it]
 90%|█████████ | 45/50 [05:56<00:38,  7.77s/it]
 92%|█████████▏| 46/50 [06:04<00:31,  7.76s/it]
 94%|█████████▍| 47/50 [06:12<00:23,  7.74s/it]
 96%|█████████▌| 48/50 [06:19<00:15,  7.73s/it]
 98%|█████████▊| 49/50 [06:27<00:07,  7.72s/it]
100%|██████████| 50/50 [06:45<00:00, 10.82s/it]
100%|██████████| 50/50 [06:45<00:00,  8.11s/it]
