[I 2023-12-11 20:24:27,297] Trial 61 finished with value: 0.40383299110198495 and parameters: {'EMBEDDING_DIM': 32, 'HIDDEN_DIM': 140, 'NUM_LAYERS': 1, 'DROPOUT': 0.04507475201280224, 'LR': 0.008945768089042327, 'WEIGHT_0': 0.8247381443703785, 'WEIGHT_1': 0.21080776252962416, 'WEIGHT_2': 0.3322863120599716, 'WEIGHT_3': 0.1128827989214822, 'WEIGHT_4': 0.9612262825657144, 'WEIGHT_5': 0.335351857483142, 'WEIGHT_6': 0.25562948080194176, 'WEIGHT_7': 0.8033117636537984, 'WEIGHT_8': 0.6511414053100848}. Best is trial 42 with value: 0.44962374581939796.
{'EMBEDDING_DIM': 32, 'HIDDEN_DIM': 140, 'NUM_LAYERS': 1, 'DROPOUT': 0.04507475201280224, 'LR': 0.008945768089042327, 'WEIGHT_0': 0.8247381443703785, 'WEIGHT_1': 0.21080776252962416, 'WEIGHT_2': 0.3322863120599716, 'WEIGHT_3': 0.1128827989214822, 'WEIGHT_4': 0.9612262825657144, 'WEIGHT_5': 0.335351857483142, 'WEIGHT_6': 0.25562948080194176, 'WEIGHT_7': 0.8033117636537984, 'WEIGHT_8': 0.6511414053100848}
0
              precision    recall  f1-score   support

         LOC       0.00      0.00      0.00      1837
        MISC       0.00      0.00      0.00       922
         ORG       0.00      0.00      0.00      1341
         PER       0.00      0.00      0.00      1842

   micro avg       0.00      0.00      0.00      5942
   macro avg       0.00      0.00      0.00      5942
weighted avg       0.00      0.00      0.00      5942

{'EMBEDDING_DIM': 32, 'HIDDEN_DIM': 140, 'NUM_LAYERS': 1, 'DROPOUT': 0.04507475201280224, 'LR': 0.008945768089042327, 'WEIGHT_0': 0.8247381443703785, 'WEIGHT_1': 0.21080776252962416, 'WEIGHT_2': 0.3322863120599716, 'WEIGHT_3': 0.1128827989214822, 'WEIGHT_4': 0.9612262825657144, 'WEIGHT_5': 0.335351857483142, 'WEIGHT_6': 0.25562948080194176, 'WEIGHT_7': 0.8033117636537984, 'WEIGHT_8': 0.6511414053100848}
49
              precision    recall  f1-score   support

         LOC       0.66      0.55      0.60      1837
        MISC       0.50      0.47      0.48       922
         ORG       0.30      0.20      0.24      1341
         PER       0.35      0.19      0.25      1842

   micro avg       0.48      0.35      0.40      5942
   macro avg       0.45      0.35      0.39      5942
weighted avg       0.46      0.35      0.39      5942

epoch 49
Transformer

  0%|          | 0/50 [00:00<?, ?it/s]
  2%|▏         | 1/50 [00:06<05:01,  6.15s/it]
  4%|▍         | 2/50 [00:06<02:04,  2.59s/it]
  6%|▌         | 3/50 [00:06<01:08,  1.45s/it]
 10%|█         | 5/50 [00:06<00:30,  1.47it/s]
 14%|█▍        | 7/50 [00:06<00:17,  2.40it/s]
 18%|█▊        | 9/50 [00:06<00:11,  3.43it/s]
 22%|██▏       | 11/50 [00:07<00:08,  4.55it/s]
 26%|██▌       | 13/50 [00:07<00:06,  5.58it/s]
 30%|███       | 15/50 [00:07<00:05,  6.60it/s]
 34%|███▍      | 17/50 [00:07<00:04,  7.58it/s]
 38%|███▊      | 19/50 [00:07<00:03,  8.42it/s]
 42%|████▏     | 21/50 [00:08<00:03,  9.07it/s]
 46%|████▌     | 23/50 [00:08<00:02,  9.61it/s]
 50%|█████     | 25/50 [00:08<00:02, 10.02it/s]
 54%|█████▍    | 27/50 [00:08<00:02, 10.32it/s]
 58%|█████▊    | 29/50 [00:08<00:01, 10.54it/s]
 62%|██████▏   | 31/50 [00:08<00:01, 10.70it/s]
 66%|██████▌   | 33/50 [00:09<00:01, 10.75it/s]
 70%|███████   | 35/50 [00:09<00:01, 10.79it/s]
 74%|███████▍  | 37/50 [00:09<00:01, 10.85it/s]
 78%|███████▊  | 39/50 [00:09<00:01, 10.90it/s]
 82%|████████▏ | 41/50 [00:09<00:00, 10.95it/s]
 86%|████████▌ | 43/50 [00:10<00:00, 10.94it/s]
 90%|█████████ | 45/50 [00:10<00:00, 10.89it/s]
 94%|█████████▍| 47/50 [00:10<00:00, 10.90it/s]
 98%|█████████▊| 49/50 [00:10<00:00, 10.93it/s]
100%|██████████| 50/50 [00:16<00:00,  3.02it/s]
[I 2023-12-11 20:24:49,830] Trial 62 finished with value: 0.44054418942777024 and parameters: {'EMBEDDING_DIM': 32, 'HIDDEN_DIM': 374, 'NUM_LAYERS': 1, 'DROPOUT': 0.025106556021233253, 'LR': 0.007674986409396477, 'WEIGHT_0': 0.8130153340662376, 'WEIGHT_1': 0.15027025632485858, 'WEIGHT_2': 0.24537395300963316, 'WEIGHT_3': 0.03302806192642402, 'WEIGHT_4': 0.8841454597407129, 'WEIGHT_5': 0.3053391427984391, 'WEIGHT_6': 0.2075417286417488, 'WEIGHT_7': 0.8684487357042875, 'WEIGHT_8': 0.6782341613513956}. Best is trial 42 with value: 0.44962374581939796.
{'EMBEDDING_DIM': 32, 'HIDDEN_DIM': 374, 'NUM_LAYERS': 1, 'DROPOUT': 0.025106556021233253, 'LR': 0.007674986409396477, 'WEIGHT_0': 0.8130153340662376, 'WEIGHT_1': 0.15027025632485858, 'WEIGHT_2': 0.24537395300963316, 'WEIGHT_3': 0.03302806192642402, 'WEIGHT_4': 0.8841454597407129, 'WEIGHT_5': 0.3053391427984391, 'WEIGHT_6': 0.2075417286417488, 'WEIGHT_7': 0.8684487357042875, 'WEIGHT_8': 0.6782341613513956}
0
              precision    recall  f1-score   support

         LOC       0.00      0.00      0.00      1837
        MISC       0.00      0.00      0.00       922
         ORG       0.00      0.00      0.00      1341
         PER       0.00      0.00      0.00      1842

   micro avg       0.00      0.00      0.00      5942
   macro avg       0.00      0.00      0.00      5942
weighted avg       0.00      0.00      0.00      5942

{'EMBEDDING_DIM': 32, 'HIDDEN_DIM': 374, 'NUM_LAYERS': 1, 'DROPOUT': 0.025106556021233253, 'LR': 0.007674986409396477, 'WEIGHT_0': 0.8130153340662376, 'WEIGHT_1': 0.15027025632485858, 'WEIGHT_2': 0.24537395300963316, 'WEIGHT_3': 0.03302806192642402, 'WEIGHT_4': 0.8841454597407129, 'WEIGHT_5': 0.3053391427984391, 'WEIGHT_6': 0.2075417286417488, 'WEIGHT_7': 0.8684487357042875, 'WEIGHT_8': 0.6782341613513956}
49
              precision    recall  f1-score   support

         LOC       0.77      0.58      0.66      1837
        MISC       0.63      0.48      0.55       922
         ORG       0.36      0.21      0.27      1341
         PER       0.41      0.18      0.25      1842

   micro avg       0.58      0.36      0.44      5942
   macro avg       0.54      0.36      0.43      5942
weighted avg       0.54      0.36      0.43      5942

epoch 49
Transformer

  0%|          | 0/50 [00:00<?, ?it/s]
  2%|▏         | 1/50 [00:06<04:56,  6.06s/it]
  4%|▍         | 2/50 [00:06<02:02,  2.55s/it]
  6%|▌         | 3/50 [00:06<01:07,  1.43s/it]
  8%|▊         | 4/50 [00:06<00:41,  1.10it/s]
 10%|█         | 5/50 [00:06<00:27,  1.62it/s]
 14%|█▍        | 7/50 [00:06<00:15,  2.85it/s]
 18%|█▊        | 9/50 [00:06<00:09,  4.11it/s]
 22%|██▏       | 11/50 [00:07<00:07,  5.35it/s]
 26%|██▌       | 13/50 [00:07<00:05,  6.51it/s]
 30%|███       | 15/50 [00:07<00:04,  7.54it/s]
 34%|███▍      | 17/50 [00:07<00:03,  8.39it/s]
 38%|███▊      | 19/50 [00:07<00:03,  9.07it/s]
 42%|████▏     | 21/50 [00:07<00:03,  9.60it/s]
 46%|████▌     | 23/50 [00:08<00:02,  9.99it/s]
 50%|█████     | 25/50 [00:08<00:02, 10.23it/s]
 54%|█████▍    | 27/50 [00:08<00:02, 10.44it/s]
 58%|█████▊    | 29/50 [00:08<00:01, 10.59it/s]
 62%|██████▏   | 31/50 [00:08<00:01, 10.72it/s]
 66%|██████▌   | 33/50 [00:09<00:01, 10.74it/s]
 70%|███████   | 35/50 [00:09<00:01, 10.82it/s]
 74%|███████▍  | 37/50 [00:09<00:01, 10.89it/s]
 78%|███████▊  | 39/50 [00:09<00:01, 10.96it/s]
 82%|████████▏ | 41/50 [00:09<00:00, 10.79it/s]
 86%|████████▌ | 43/50 [00:09<00:00, 10.88it/s]
 90%|█████████ | 45/50 [00:10<00:00, 10.94it/s]
 94%|█████████▍| 47/50 [00:10<00:00, 10.95it/s]
 98%|█████████▊| 49/50 [00:10<00:00, 10.97it/s]
100%|██████████| 50/50 [00:16<00:00,  3.03it/s]
[I 2023-12-11 20:25:12,062] Trial 63 finished with value: 0.4236514522821577 and parameters: {'EMBEDDING_DIM': 32, 'HIDDEN_DIM': 442, 'NUM_LAYERS': 1, 'DROPOUT': 0.06859269412564278, 'LR': 0.007692167479684837, 'WEIGHT_0': 0.8846022703130526, 'WEIGHT_1': 0.15214770908729872, 'WEIGHT_2': 0.2297475709940639, 'WEIGHT_3': 0.002839340963332701, 'WEIGHT_4': 0.8800640669764696, 'WEIGHT_5': 0.2922858405155552, 'WEIGHT_6': 0.21465354666074088, 'WEIGHT_7': 0.9119159906215364, 'WEIGHT_8': 0.5463311595086218}. Best is trial 42 with value: 0.44962374581939796.
{'EMBEDDING_DIM': 32, 'HIDDEN_DIM': 442, 'NUM_LAYERS': 1, 'DROPOUT': 0.06859269412564278, 'LR': 0.007692167479684837, 'WEIGHT_0': 0.8846022703130526, 'WEIGHT_1': 0.15214770908729872, 'WEIGHT_2': 0.2297475709940639, 'WEIGHT_3': 0.002839340963332701, 'WEIGHT_4': 0.8800640669764696, 'WEIGHT_5': 0.2922858405155552, 'WEIGHT_6': 0.21465354666074088, 'WEIGHT_7': 0.9119159906215364, 'WEIGHT_8': 0.5463311595086218}
0
              precision    recall  f1-score   support

         LOC       0.00      0.00      0.00      1837
        MISC       0.00      0.00      0.00       922
         ORG       0.00      0.00      0.00      1341
         PER       0.00      0.00      0.00      1842

   micro avg       0.00      0.00      0.00      5942
   macro avg       0.00      0.00      0.00      5942
weighted avg       0.00      0.00      0.00      5942

{'EMBEDDING_DIM': 32, 'HIDDEN_DIM': 442, 'NUM_LAYERS': 1, 'DROPOUT': 0.06859269412564278, 'LR': 0.007692167479684837, 'WEIGHT_0': 0.8846022703130526, 'WEIGHT_1': 0.15214770908729872, 'WEIGHT_2': 0.2297475709940639, 'WEIGHT_3': 0.002839340963332701, 'WEIGHT_4': 0.8800640669764696, 'WEIGHT_5': 0.2922858405155552, 'WEIGHT_6': 0.21465354666074088, 'WEIGHT_7': 0.9119159906215364, 'WEIGHT_8': 0.5463311595086218}
49
              precision    recall  f1-score   support

         LOC       0.74      0.55      0.63      1837
        MISC       0.52      0.48      0.50       922
         ORG       0.38      0.22      0.28      1341
         PER       0.41      0.16      0.23      1842

   micro avg       0.55      0.34      0.42      5942
   macro avg       0.51      0.35      0.41      5942
weighted avg       0.52      0.34      0.41      5942

epoch 49
Transformer

  0%|          | 0/50 [00:00<?, ?it/s]
  2%|▏         | 1/50 [00:06<05:09,  6.31s/it]
  4%|▍         | 2/50 [00:06<02:08,  2.67s/it]
  6%|▌         | 3/50 [00:06<01:10,  1.50s/it]
  8%|▊         | 4/50 [00:06<00:43,  1.05it/s]
 10%|█         | 5/50 [00:06<00:29,  1.54it/s]
 12%|█▏        | 6/50 [00:06<00:20,  2.15it/s]
 14%|█▍        | 7/50 [00:06<00:15,  2.87it/s]
 16%|█▌        | 8/50 [00:07<00:11,  3.67it/s]
 18%|█▊        | 9/50 [00:07<00:09,  4.53it/s]
 20%|██        | 10/50 [00:07<00:07,  5.38it/s]
 22%|██▏       | 11/50 [00:07<00:06,  6.17it/s]
 24%|██▍       | 12/50 [00:07<00:05,  6.87it/s]
 26%|██▌       | 13/50 [00:07<00:04,  7.42it/s]
 28%|██▊       | 14/50 [00:07<00:04,  7.90it/s]
 30%|███       | 15/50 [00:07<00:04,  8.27it/s]
 32%|███▏      | 16/50 [00:07<00:03,  8.55it/s]
 34%|███▍      | 17/50 [00:08<00:03,  8.75it/s]
 36%|███▌      | 18/50 [00:08<00:03,  8.90it/s]
 38%|███▊      | 19/50 [00:08<00:03,  9.01it/s]
 40%|████      | 20/50 [00:08<00:03,  9.09it/s]
 42%|████▏     | 21/50 [00:08<00:03,  9.15it/s]
 44%|████▍     | 22/50 [00:08<00:03,  9.17it/s]
 46%|████▌     | 23/50 [00:08<00:02,  9.20it/s]
 48%|████▊     | 24/50 [00:08<00:02,  9.23it/s]
 50%|█████     | 25/50 [00:08<00:02,  9.23it/s]
 52%|█████▏    | 26/50 [00:09<00:02,  9.24it/s]
 54%|█████▍    | 27/50 [00:09<00:02,  9.23it/s]
 56%|█████▌    | 28/50 [00:09<00:02,  9.22it/s]
 58%|█████▊    | 29/50 [00:09<00:02,  9.22it/s]
 60%|██████    | 30/50 [00:09<00:02,  9.20it/s]
 62%|██████▏   | 31/50 [00:09<00:02,  9.21it/s]
 64%|██████▍   | 32/50 [00:09<00:01,  9.19it/s]
 66%|██████▌   | 33/50 [00:09<00:01,  9.19it/s]
 68%|██████▊   | 34/50 [00:09<00:01,  9.19it/s]
 70%|███████   | 35/50 [00:10<00:01,  9.20it/s]
 72%|███████▏  | 36/50 [00:10<00:01,  9.17it/s]
 74%|███████▍  | 37/50 [00:10<00:01,  9.18it/s]
 76%|███████▌  | 38/50 [00:10<00:01,  9.19it/s]
 78%|███████▊  | 39/50 [00:10<00:01,  9.20it/s]
 80%|████████  | 40/50 [00:10<00:01,  9.19it/s]
 82%|████████▏ | 41/50 [00:10<00:00,  9.20it/s]
 84%|████████▍ | 42/50 [00:10<00:00,  9.21it/s]
 86%|████████▌ | 43/50 [00:10<00:00,  9.21it/s]
 88%|████████▊ | 44/50 [00:10<00:00,  9.18it/s]
 90%|█████████ | 45/50 [00:11<00:00,  9.18it/s]
 92%|█████████▏| 46/50 [00:11<00:00,  9.19it/s]
 94%|█████████▍| 47/50 [00:11<00:00,  9.22it/s]
 96%|█████████▌| 48/50 [00:11<00:00,  9.23it/s]
 98%|█████████▊| 49/50 [00:11<00:00,  9.24it/s]
100%|██████████| 50/50 [00:17<00:00,  1.88s/it]
100%|██████████| 50/50 [00:17<00:00,  2.85it/s]
[I 2023-12-11 20:25:35,253] Trial 64 finished with value: 0.40936018957345977 and parameters: {'EMBEDDING_DIM': 32, 'HIDDEN_DIM': 1820, 'NUM_LAYERS': 1, 'DROPOUT': 0.04485777333754308, 'LR': 0.007203511678419408, 'WEIGHT_0': 0.663559647376278, 'WEIGHT_1': 0.28235881673621155, 'WEIGHT_2': 0.1785529035241168, 'WEIGHT_3': 0.08762131326126812, 'WEIGHT_4': 0.7433777487593257, 'WEIGHT_5': 0.2154910450743226, 'WEIGHT_6': 0.125844040668731, 'WEIGHT_7': 0.8674999888697555, 'WEIGHT_8': 0.48896461659340057}. Best is trial 42 with value: 0.44962374581939796.
{'EMBEDDING_DIM': 32, 'HIDDEN_DIM': 1820, 'NUM_LAYERS': 1, 'DROPOUT': 0.04485777333754308, 'LR': 0.007203511678419408, 'WEIGHT_0': 0.663559647376278, 'WEIGHT_1': 0.28235881673621155, 'WEIGHT_2': 0.1785529035241168, 'WEIGHT_3': 0.08762131326126812, 'WEIGHT_4': 0.7433777487593257, 'WEIGHT_5': 0.2154910450743226, 'WEIGHT_6': 0.125844040668731, 'WEIGHT_7': 0.8674999888697555, 'WEIGHT_8': 0.48896461659340057}
0
              precision    recall  f1-score   support

         LOC       0.00      0.00      0.00      1837
        MISC       0.00      0.00      0.00       922
         ORG       0.00      0.00      0.00      1341
         PER       0.00      0.00      0.00      1842

   micro avg       0.00      0.00      0.00      5942
   macro avg       0.00      0.00      0.00      5942
weighted avg       0.00      0.00      0.00      5942

{'EMBEDDING_DIM': 32, 'HIDDEN_DIM': 1820, 'NUM_LAYERS': 1, 'DROPOUT': 0.04485777333754308, 'LR': 0.007203511678419408, 'WEIGHT_0': 0.663559647376278, 'WEIGHT_1': 0.28235881673621155, 'WEIGHT_2': 0.1785529035241168, 'WEIGHT_3': 0.08762131326126812, 'WEIGHT_4': 0.7433777487593257, 'WEIGHT_5': 0.2154910450743226, 'WEIGHT_6': 0.125844040668731, 'WEIGHT_7': 0.8674999888697555, 'WEIGHT_8': 0.48896461659340057}
49
              precision    recall  f1-score   support

         LOC       0.76      0.54      0.63      1837
        MISC       0.56      0.48      0.51       922
         ORG       0.35      0.21      0.26      1341
         PER       0.28      0.20      0.23      1842

   micro avg       0.50      0.35      0.41      5942
   macro avg       0.49      0.36      0.41      5942
weighted avg       0.49      0.35      0.41      5942

epoch 49
Transformer

  0%|          | 0/50 [00:00<?, ?it/s]
  2%|▏         | 1/50 [00:06<05:31,  6.77s/it]
  4%|▍         | 2/50 [00:07<02:23,  2.98s/it]
  6%|▌         | 3/50 [00:07<01:23,  1.78s/it]
  8%|▊         | 4/50 [00:07<00:55,  1.20s/it]
 10%|█         | 5/50 [00:08<00:39,  1.13it/s]
 12%|█▏        | 6/50 [00:08<00:30,  1.43it/s]
 14%|█▍        | 7/50 [00:08<00:24,  1.73it/s]
 16%|█▌        | 8/50 [00:09<00:20,  2.01it/s]
 18%|█▊        | 9/50 [00:09<00:18,  2.25it/s]
 20%|██        | 10/50 [00:09<00:16,  2.45it/s]
 22%|██▏       | 11/50 [00:10<00:14,  2.61it/s]
 24%|██▍       | 12/50 [00:10<00:13,  2.73it/s]
 26%|██▌       | 13/50 [00:10<00:13,  2.83it/s]
 28%|██▊       | 14/50 [00:11<00:12,  2.89it/s]
 30%|███       | 15/50 [00:11<00:11,  2.94it/s]
 32%|███▏      | 16/50 [00:11<00:11,  2.98it/s]
 34%|███▍      | 17/50 [00:12<00:10,  3.00it/s]
 36%|███▌      | 18/50 [00:12<00:10,  3.02it/s]
 38%|███▊      | 19/50 [00:12<00:10,  3.03it/s]
 40%|████      | 20/50 [00:13<00:09,  3.04it/s]
 42%|████▏     | 21/50 [00:13<00:09,  3.05it/s]
 44%|████▍     | 22/50 [00:13<00:09,  3.05it/s]
 46%|████▌     | 23/50 [00:13<00:08,  3.05it/s]
 48%|████▊     | 24/50 [00:14<00:08,  3.06it/s]
 50%|█████     | 25/50 [00:14<00:08,  3.06it/s]
 52%|█████▏    | 26/50 [00:14<00:07,  3.05it/s]
 54%|█████▍    | 27/50 [00:15<00:07,  3.05it/s]
 56%|█████▌    | 28/50 [00:15<00:07,  3.01it/s]
 58%|█████▊    | 29/50 [00:15<00:06,  3.02it/s]
 60%|██████    | 30/50 [00:16<00:06,  3.03it/s]
 62%|██████▏   | 31/50 [00:16<00:06,  3.03it/s]
 64%|██████▍   | 32/50 [00:16<00:05,  3.03it/s]
 66%|██████▌   | 33/50 [00:17<00:05,  3.04it/s]
 68%|██████▊   | 34/50 [00:17<00:05,  3.05it/s]
 70%|███████   | 35/50 [00:17<00:04,  3.05it/s]
 72%|███████▏  | 36/50 [00:18<00:04,  3.01it/s]
 74%|███████▍  | 37/50 [00:18<00:04,  3.02it/s]
 76%|███████▌  | 38/50 [00:18<00:03,  3.03it/s]
 78%|███████▊  | 39/50 [00:19<00:03,  3.03it/s]
 80%|████████  | 40/50 [00:19<00:03,  3.03it/s]
 82%|████████▏ | 41/50 [00:19<00:02,  3.04it/s]
 84%|████████▍ | 42/50 [00:20<00:02,  3.04it/s]
 86%|████████▌ | 43/50 [00:20<00:02,  3.04it/s]
 88%|████████▊ | 44/50 [00:20<00:01,  3.05it/s]
 90%|█████████ | 45/50 [00:21<00:01,  3.05it/s]
 92%|█████████▏| 46/50 [00:21<00:01,  3.05it/s]
 94%|█████████▍| 47/50 [00:21<00:00,  3.04it/s]
 96%|█████████▌| 48/50 [00:22<00:00,  3.05it/s]
 98%|█████████▊| 49/50 [00:22<00:00,  3.05it/s]
100%|██████████| 50/50 [00:28<00:00,  2.14s/it]
100%|██████████| 50/50 [00:28<00:00,  1.73it/s]
[I 2023-12-11 20:26:10,593] Trial 65 finished with value: 0.09363051384873636 and parameters: {'EMBEDDING_DIM': 512, 'HIDDEN_DIM': 347, 'NUM_LAYERS': 1, 'DROPOUT': 0.03051827605946522, 'LR': 0.008133200080075788, 'WEIGHT_0': 0.9078143007304292, 'WEIGHT_1': 0.21758138943574845, 'WEIGHT_2': 0.20744795440230732, 'WEIGHT_3': 0.24304398342028666, 'WEIGHT_4': 0.6912751317292452, 'WEIGHT_5': 0.12180690942469546, 'WEIGHT_6': 0.17556828626919527, 'WEIGHT_7': 0.8197727896090289, 'WEIGHT_8': 0.619197667447088}. Best is trial 42 with value: 0.44962374581939796.
{'EMBEDDING_DIM': 512, 'HIDDEN_DIM': 347, 'NUM_LAYERS': 1, 'DROPOUT': 0.03051827605946522, 'LR': 0.008133200080075788, 'WEIGHT_0': 0.9078143007304292, 'WEIGHT_1': 0.21758138943574845, 'WEIGHT_2': 0.20744795440230732, 'WEIGHT_3': 0.24304398342028666, 'WEIGHT_4': 0.6912751317292452, 'WEIGHT_5': 0.12180690942469546, 'WEIGHT_6': 0.17556828626919527, 'WEIGHT_7': 0.8197727896090289, 'WEIGHT_8': 0.619197667447088}
0
              precision    recall  f1-score   support

         LOC       0.00      0.00      0.00      1837
        MISC       0.00      0.00      0.00       922
         ORG       0.00      0.00      0.00      1341
         PER       0.00      0.00      0.00      1842

   micro avg       0.00      0.00      0.00      5942
   macro avg       0.00      0.00      0.00      5942
weighted avg       0.00      0.00      0.00      5942

{'EMBEDDING_DIM': 512, 'HIDDEN_DIM': 347, 'NUM_LAYERS': 1, 'DROPOUT': 0.03051827605946522, 'LR': 0.008133200080075788, 'WEIGHT_0': 0.9078143007304292, 'WEIGHT_1': 0.21758138943574845, 'WEIGHT_2': 0.20744795440230732, 'WEIGHT_3': 0.24304398342028666, 'WEIGHT_4': 0.6912751317292452, 'WEIGHT_5': 0.12180690942469546, 'WEIGHT_6': 0.17556828626919527, 'WEIGHT_7': 0.8197727896090289, 'WEIGHT_8': 0.619197667447088}
49
              precision    recall  f1-score   support

         LOC       0.10      0.03      0.05      1837
        MISC       0.08      0.11      0.09       922
         ORG       0.00      0.00      0.00      1341
         PER       0.12      0.18      0.14      1842

   micro avg       0.10      0.08      0.09      5942
   macro avg       0.07      0.08      0.07      5942
weighted avg       0.08      0.08      0.07      5942

epoch 49
Transformer

  0%|          | 0/50 [00:00<?, ?it/s]
  2%|▏         | 1/50 [00:06<04:58,  6.10s/it]
  4%|▍         | 2/50 [00:06<02:03,  2.57s/it]
  6%|▌         | 3/50 [00:06<01:07,  1.44s/it]
  8%|▊         | 4/50 [00:06<00:42,  1.09it/s]
 10%|█         | 5/50 [00:06<00:27,  1.61it/s]
 12%|█▏        | 6/50 [00:06<00:19,  2.25it/s]
 14%|█▍        | 7/50 [00:06<00:14,  3.00it/s]
 16%|█▌        | 8/50 [00:06<00:10,  3.85it/s]
 18%|█▊        | 9/50 [00:06<00:08,  4.74it/s]
 22%|██▏       | 11/50 [00:07<00:06,  6.48it/s]
 26%|██▌       | 13/50 [00:07<00:04,  7.70it/s]
 30%|███       | 15/50 [00:07<00:04,  8.66it/s]
 34%|███▍      | 17/50 [00:07<00:03,  9.35it/s]
 38%|███▊      | 19/50 [00:07<00:03,  9.84it/s]
 42%|████▏     | 21/50 [00:08<00:02, 10.16it/s]
 46%|████▌     | 23/50 [00:08<00:02, 10.42it/s]
 50%|█████     | 25/50 [00:08<00:02, 10.61it/s]
 54%|█████▍    | 27/50 [00:08<00:02, 10.76it/s]
 58%|█████▊    | 29/50 [00:08<00:01, 10.84it/s]
 62%|██████▏   | 31/50 [00:08<00:01, 10.72it/s]
 66%|██████▌   | 33/50 [00:09<00:01, 10.83it/s]
 70%|███████   | 35/50 [00:09<00:01, 10.86it/s]
 74%|███████▍  | 37/50 [00:09<00:01, 10.92it/s]
 78%|███████▊  | 39/50 [00:09<00:01, 10.95it/s]
 82%|████████▏ | 41/50 [00:09<00:00, 10.97it/s]
 86%|████████▌ | 43/50 [00:10<00:00, 10.99it/s]
 90%|█████████ | 45/50 [00:10<00:00, 10.99it/s]
 94%|█████████▍| 47/50 [00:10<00:00, 11.01it/s]
 98%|█████████▊| 49/50 [00:10<00:00, 10.99it/s]
100%|██████████| 50/50 [00:16<00:00,  3.00it/s]
