[I 2023-12-11 22:08:26,890] Trial 265 finished with value: 0.4438396315293625 and parameters: {'EMBEDDING_DIM': 32, 'HIDDEN_DIM': 540, 'NUM_LAYERS': 2, 'DROPOUT': 0.2728035875817682, 'LR': 0.005997911280130876, 'WEIGHT_0': 0.923779596440564, 'WEIGHT_1': 0.14351499244839191, 'WEIGHT_2': 0.21784515515641553, 'WEIGHT_3': 0.1995478133594351, 'WEIGHT_4': 0.8640116830814832, 'WEIGHT_5': 0.4091725823641358, 'WEIGHT_6': 0.10172040118864616, 'WEIGHT_7': 0.6249706913343531, 'WEIGHT_8': 0.8752379831855188}. Best is trial 223 with value: 0.4540043855069437.
{'EMBEDDING_DIM': 32, 'HIDDEN_DIM': 540, 'NUM_LAYERS': 2, 'DROPOUT': 0.2728035875817682, 'LR': 0.005997911280130876, 'WEIGHT_0': 0.923779596440564, 'WEIGHT_1': 0.14351499244839191, 'WEIGHT_2': 0.21784515515641553, 'WEIGHT_3': 0.1995478133594351, 'WEIGHT_4': 0.8640116830814832, 'WEIGHT_5': 0.4091725823641358, 'WEIGHT_6': 0.10172040118864616, 'WEIGHT_7': 0.6249706913343531, 'WEIGHT_8': 0.8752379831855188}
0
              precision    recall  f1-score   support

         LOC       0.00      0.00      0.00      1837
        MISC       0.00      0.00      0.00       922
         ORG       0.00      0.00      0.00      1341
         PER       0.00      0.00      0.00      1842

   micro avg       0.00      0.00      0.00      5942
   macro avg       0.00      0.00      0.00      5942
weighted avg       0.00      0.00      0.00      5942

{'EMBEDDING_DIM': 32, 'HIDDEN_DIM': 540, 'NUM_LAYERS': 2, 'DROPOUT': 0.2728035875817682, 'LR': 0.005997911280130876, 'WEIGHT_0': 0.923779596440564, 'WEIGHT_1': 0.14351499244839191, 'WEIGHT_2': 0.21784515515641553, 'WEIGHT_3': 0.1995478133594351, 'WEIGHT_4': 0.8640116830814832, 'WEIGHT_5': 0.4091725823641358, 'WEIGHT_6': 0.10172040118864616, 'WEIGHT_7': 0.6249706913343531, 'WEIGHT_8': 0.8752379831855188}
49
              precision    recall  f1-score   support

         LOC       0.78      0.59      0.67      1837
        MISC       0.66      0.46      0.54       922
         ORG       0.41      0.21      0.28      1341
         PER       0.37      0.18      0.24      1842

   micro avg       0.59      0.36      0.44      5942
   macro avg       0.56      0.36      0.43      5942
weighted avg       0.55      0.36      0.43      5942

epoch 49
Transformer

  0%|          | 0/50 [00:00<?, ?it/s]
  2%|▏         | 1/50 [00:07<06:22,  7.82s/it]
  4%|▍         | 2/50 [00:07<02:39,  3.31s/it]
  6%|▌         | 3/50 [00:08<01:27,  1.87s/it]
  8%|▊         | 4/50 [00:08<00:54,  1.19s/it]
 10%|█         | 5/50 [00:08<00:37,  1.21it/s]
 12%|█▏        | 6/50 [00:08<00:27,  1.61it/s]
 14%|█▍        | 7/50 [00:08<00:21,  1.98it/s]
 16%|█▌        | 8/50 [00:09<00:18,  2.27it/s]
 18%|█▊        | 9/50 [00:09<00:16,  2.47it/s]
 20%|██        | 10/50 [00:09<00:15,  2.60it/s]
 22%|██▏       | 11/50 [00:10<00:14,  2.71it/s]
 24%|██▍       | 12/50 [00:10<00:13,  2.78it/s]
 26%|██▌       | 13/50 [00:10<00:13,  2.83it/s]
 28%|██▊       | 14/50 [00:11<00:12,  2.94it/s]
 30%|███       | 15/50 [00:11<00:11,  2.97it/s]
 32%|███▏      | 16/50 [00:11<00:11,  2.97it/s]
 34%|███▍      | 17/50 [00:12<00:11,  2.96it/s]
 36%|███▌      | 18/50 [00:12<00:10,  2.96it/s]
 38%|███▊      | 19/50 [00:12<00:10,  2.99it/s]
 40%|████      | 20/50 [00:13<00:08,  3.47it/s]
 42%|████▏     | 21/50 [00:13<00:07,  3.91it/s]
 44%|████▍     | 22/50 [00:13<00:06,  4.29it/s]
 46%|████▌     | 23/50 [00:13<00:05,  4.60it/s]
 48%|████▊     | 24/50 [00:13<00:05,  4.88it/s]
 50%|█████     | 25/50 [00:13<00:04,  5.40it/s]
 52%|█████▏    | 26/50 [00:14<00:04,  5.87it/s]
 54%|█████▍    | 27/50 [00:14<00:03,  6.23it/s]
 56%|█████▌    | 28/50 [00:14<00:03,  6.51it/s]
 58%|█████▊    | 29/50 [00:14<00:03,  6.73it/s]
 60%|██████    | 30/50 [00:14<00:02,  6.89it/s]
 62%|██████▏   | 31/50 [00:14<00:02,  7.00it/s]
 64%|██████▍   | 32/50 [00:14<00:02,  7.08it/s]
 66%|██████▌   | 33/50 [00:15<00:02,  7.15it/s]
 68%|██████▊   | 34/50 [00:15<00:02,  7.20it/s]
 70%|███████   | 35/50 [00:15<00:02,  7.21it/s]
 72%|███████▏  | 36/50 [00:15<00:01,  7.24it/s]
 74%|███████▍  | 37/50 [00:15<00:01,  7.26it/s]
 76%|███████▌  | 38/50 [00:15<00:01,  7.28it/s]
 78%|███████▊  | 39/50 [00:15<00:01,  7.28it/s]
 80%|████████  | 40/50 [00:16<00:01,  7.28it/s]
 82%|████████▏ | 41/50 [00:16<00:01,  7.29it/s]
 84%|████████▍ | 42/50 [00:16<00:01,  7.31it/s]
 86%|████████▌ | 43/50 [00:16<00:00,  7.30it/s]
 88%|████████▊ | 44/50 [00:16<00:00,  7.30it/s]
 90%|█████████ | 45/50 [00:16<00:00,  7.30it/s]
 92%|█████████▏| 46/50 [00:16<00:00,  7.31it/s]
 94%|█████████▍| 47/50 [00:16<00:00,  7.29it/s]
 96%|█████████▌| 48/50 [00:17<00:00,  7.29it/s]
 98%|█████████▊| 49/50 [00:17<00:00,  7.29it/s]
100%|██████████| 50/50 [00:24<00:00,  2.41s/it]
100%|██████████| 50/50 [00:24<00:00,  2.00it/s]
[I 2023-12-11 22:08:59,382] Trial 266 finished with value: 0.4060701203558347 and parameters: {'EMBEDDING_DIM': 32, 'HIDDEN_DIM': 699, 'NUM_LAYERS': 2, 'DROPOUT': 0.28837149874497126, 'LR': 0.006430790499961348, 'WEIGHT_0': 0.9681310098177386, 'WEIGHT_1': 0.11637150889060126, 'WEIGHT_2': 0.28246825265511316, 'WEIGHT_3': 0.16746949130220645, 'WEIGHT_4': 0.8050302229554851, 'WEIGHT_5': 0.4308818471805699, 'WEIGHT_6': 0.018836449186649673, 'WEIGHT_7': 0.6981217085426572, 'WEIGHT_8': 0.8557191623132125}. Best is trial 223 with value: 0.4540043855069437.
{'EMBEDDING_DIM': 32, 'HIDDEN_DIM': 699, 'NUM_LAYERS': 2, 'DROPOUT': 0.28837149874497126, 'LR': 0.006430790499961348, 'WEIGHT_0': 0.9681310098177386, 'WEIGHT_1': 0.11637150889060126, 'WEIGHT_2': 0.28246825265511316, 'WEIGHT_3': 0.16746949130220645, 'WEIGHT_4': 0.8050302229554851, 'WEIGHT_5': 0.4308818471805699, 'WEIGHT_6': 0.018836449186649673, 'WEIGHT_7': 0.6981217085426572, 'WEIGHT_8': 0.8557191623132125}
0
              precision    recall  f1-score   support

         LOC       0.00      0.00      0.00      1837
        MISC       0.00      0.00      0.00       922
         ORG       0.00      0.00      0.00      1341
         PER       0.00      0.00      0.00      1842

   micro avg       0.00      0.00      0.00      5942
   macro avg       0.00      0.00      0.00      5942
weighted avg       0.00      0.00      0.00      5942

{'EMBEDDING_DIM': 32, 'HIDDEN_DIM': 699, 'NUM_LAYERS': 2, 'DROPOUT': 0.28837149874497126, 'LR': 0.006430790499961348, 'WEIGHT_0': 0.9681310098177386, 'WEIGHT_1': 0.11637150889060126, 'WEIGHT_2': 0.28246825265511316, 'WEIGHT_3': 0.16746949130220645, 'WEIGHT_4': 0.8050302229554851, 'WEIGHT_5': 0.4308818471805699, 'WEIGHT_6': 0.018836449186649673, 'WEIGHT_7': 0.6981217085426572, 'WEIGHT_8': 0.8557191623132125}
49
              precision    recall  f1-score   support

         LOC       0.60      0.65      0.62      1837
        MISC       0.56      0.41      0.48       922
         ORG       0.00      0.00      0.00      1341
         PER       0.38      0.20      0.27      1842

   micro avg       0.54      0.33      0.41      5942
   macro avg       0.39      0.32      0.34      5942
weighted avg       0.39      0.33      0.35      5942

epoch 49
Transformer

  0%|          | 0/50 [00:00<?, ?it/s]
  2%|▏         | 1/50 [00:09<07:47,  9.53s/it]
  4%|▍         | 2/50 [00:09<03:14,  4.05s/it]
  6%|▌         | 3/50 [00:09<01:47,  2.29s/it]
  8%|▊         | 4/50 [00:10<01:07,  1.46s/it]
 10%|█         | 5/50 [00:10<00:45,  1.00s/it]
 12%|█▏        | 6/50 [00:10<00:31,  1.38it/s]
 14%|█▍        | 7/50 [00:10<00:24,  1.75it/s]
 16%|█▌        | 8/50 [00:11<00:21,  1.94it/s]
 18%|█▊        | 9/50 [00:11<00:20,  2.02it/s]
 20%|██        | 10/50 [00:12<00:19,  2.04it/s]
 22%|██▏       | 11/50 [00:12<00:19,  1.97it/s]
 24%|██▍       | 12/50 [00:13<00:19,  1.91it/s]
 26%|██▌       | 13/50 [00:13<00:19,  1.92it/s]
 28%|██▊       | 14/50 [00:14<00:18,  1.93it/s]
 30%|███       | 15/50 [00:14<00:18,  1.94it/s]
 32%|███▏      | 16/50 [00:15<00:17,  1.90it/s]
 34%|███▍      | 17/50 [00:15<00:17,  1.92it/s]
 36%|███▌      | 18/50 [00:16<00:16,  1.92it/s]
 38%|███▊      | 19/50 [00:16<00:16,  1.89it/s]
 40%|████      | 20/50 [00:17<00:15,  1.88it/s]
 42%|████▏     | 21/50 [00:17<00:15,  1.87it/s]
 44%|████▍     | 22/50 [00:18<00:15,  1.85it/s]
 46%|████▌     | 23/50 [00:19<00:14,  1.83it/s]
 48%|████▊     | 24/50 [00:19<00:14,  1.81it/s]
 50%|█████     | 25/50 [00:20<00:13,  1.80it/s]
 52%|█████▏    | 26/50 [00:20<00:13,  1.79it/s]
 54%|█████▍    | 27/50 [00:21<00:12,  1.79it/s]
 56%|█████▌    | 28/50 [00:21<00:12,  1.79it/s]
 58%|█████▊    | 29/50 [00:22<00:11,  1.78it/s]
 60%|██████    | 30/50 [00:22<00:11,  1.78it/s]
 62%|██████▏   | 31/50 [00:23<00:10,  1.78it/s]
 64%|██████▍   | 32/50 [00:24<00:10,  1.78it/s]
 66%|██████▌   | 33/50 [00:24<00:09,  1.79it/s]
 68%|██████▊   | 34/50 [00:25<00:08,  1.78it/s]
 70%|███████   | 35/50 [00:25<00:08,  1.78it/s]
 72%|███████▏  | 36/50 [00:26<00:07,  1.78it/s]
 74%|███████▍  | 37/50 [00:26<00:07,  1.78it/s]
 76%|███████▌  | 38/50 [00:27<00:06,  1.78it/s]
 78%|███████▊  | 39/50 [00:28<00:06,  1.78it/s]
 80%|████████  | 40/50 [00:28<00:05,  1.78it/s]
 82%|████████▏ | 41/50 [00:29<00:05,  1.79it/s]
 84%|████████▍ | 42/50 [00:29<00:04,  1.79it/s]
 86%|████████▌ | 43/50 [00:30<00:03,  1.79it/s]
 88%|████████▊ | 44/50 [00:30<00:03,  1.79it/s]
 90%|█████████ | 45/50 [00:31<00:02,  1.78it/s]
 92%|█████████▏| 46/50 [00:31<00:02,  1.78it/s]
 94%|█████████▍| 47/50 [00:32<00:01,  1.79it/s]
 96%|█████████▌| 48/50 [00:33<00:01,  1.78it/s]
 98%|█████████▊| 49/50 [00:33<00:00,  1.79it/s]
100%|██████████| 50/50 [00:43<00:00,  3.43s/it]
100%|██████████| 50/50 [00:43<00:00,  1.14it/s]
[I 2023-12-11 22:09:52,527] Trial 267 finished with value: 0.2794866571603178 and parameters: {'EMBEDDING_DIM': 32, 'HIDDEN_DIM': 514, 'NUM_LAYERS': 3, 'DROPOUT': 0.3190655388791613, 'LR': 0.006578403726588054, 'WEIGHT_0': 0.9432008262645403, 'WEIGHT_1': 0.19513156666103343, 'WEIGHT_2': 0.24900719030810722, 'WEIGHT_3': 0.1827790232376806, 'WEIGHT_4': 0.18320809578880481, 'WEIGHT_5': 0.3841062826419888, 'WEIGHT_6': 0.08499039505321723, 'WEIGHT_7': 0.631369192389906, 'WEIGHT_8': 0.9028216264292271}. Best is trial 223 with value: 0.4540043855069437.
{'EMBEDDING_DIM': 32, 'HIDDEN_DIM': 514, 'NUM_LAYERS': 3, 'DROPOUT': 0.3190655388791613, 'LR': 0.006578403726588054, 'WEIGHT_0': 0.9432008262645403, 'WEIGHT_1': 0.19513156666103343, 'WEIGHT_2': 0.24900719030810722, 'WEIGHT_3': 0.1827790232376806, 'WEIGHT_4': 0.18320809578880481, 'WEIGHT_5': 0.3841062826419888, 'WEIGHT_6': 0.08499039505321723, 'WEIGHT_7': 0.631369192389906, 'WEIGHT_8': 0.9028216264292271}
0
              precision    recall  f1-score   support

         LOC       0.00      0.00      0.00      1837
        MISC       0.00      0.00      0.00       922
         ORG       0.00      0.00      0.00      1341
         PER       0.00      0.00      0.00      1842

   micro avg       0.00      0.00      0.00      5942
   macro avg       0.00      0.00      0.00      5942
weighted avg       0.00      0.00      0.00      5942

{'EMBEDDING_DIM': 32, 'HIDDEN_DIM': 514, 'NUM_LAYERS': 3, 'DROPOUT': 0.3190655388791613, 'LR': 0.006578403726588054, 'WEIGHT_0': 0.9432008262645403, 'WEIGHT_1': 0.19513156666103343, 'WEIGHT_2': 0.24900719030810722, 'WEIGHT_3': 0.1827790232376806, 'WEIGHT_4': 0.18320809578880481, 'WEIGHT_5': 0.3841062826419888, 'WEIGHT_6': 0.08499039505321723, 'WEIGHT_7': 0.631369192389906, 'WEIGHT_8': 0.9028216264292271}
49
              precision    recall  f1-score   support

         LOC       0.61      0.55      0.58      1837
        MISC       0.42      0.15      0.22       922
         ORG       0.49      0.05      0.09      1341
         PER       0.09      0.08      0.09      1842

   micro avg       0.35      0.23      0.28      5942
   macro avg       0.40      0.21      0.24      5942
weighted avg       0.39      0.23      0.26      5942

epoch 49
Transformer

  0%|          | 0/50 [00:00<?, ?it/s]
  2%|▏         | 1/50 [00:07<06:22,  7.81s/it]
  4%|▍         | 2/50 [00:07<02:39,  3.32s/it]
  6%|▌         | 3/50 [00:08<01:28,  1.89s/it]
  8%|▊         | 4/50 [00:08<00:55,  1.20s/it]
 10%|█         | 5/50 [00:08<00:37,  1.20it/s]
 12%|█▏        | 6/50 [00:08<00:26,  1.65it/s]
 14%|█▍        | 7/50 [00:08<00:19,  2.16it/s]
 16%|█▌        | 8/50 [00:08<00:15,  2.73it/s]
 18%|█▊        | 9/50 [00:09<00:12,  3.30it/s]
 20%|██        | 10/50 [00:09<00:11,  3.52it/s]
 22%|██▏       | 11/50 [00:09<00:11,  3.47it/s]
 24%|██▍       | 12/50 [00:10<00:11,  3.18it/s]
 26%|██▌       | 13/50 [00:10<00:12,  3.02it/s]
 28%|██▊       | 14/50 [00:10<00:12,  2.91it/s]
 30%|███       | 15/50 [00:11<00:12,  2.85it/s]
 32%|███▏      | 16/50 [00:11<00:12,  2.79it/s]
 34%|███▍      | 17/50 [00:11<00:11,  2.77it/s]
 36%|███▌      | 18/50 [00:12<00:11,  2.76it/s]
 38%|███▊      | 19/50 [00:12<00:11,  2.76it/s]
 40%|████      | 20/50 [00:13<00:10,  2.75it/s]
 42%|████▏     | 21/50 [00:13<00:10,  2.75it/s]
 44%|████▍     | 22/50 [00:13<00:10,  2.74it/s]
 46%|████▌     | 23/50 [00:14<00:09,  2.74it/s]
 48%|████▊     | 24/50 [00:14<00:09,  2.74it/s]
 50%|█████     | 25/50 [00:14<00:09,  2.73it/s]
 52%|█████▏    | 26/50 [00:15<00:08,  2.73it/s]
 54%|█████▍    | 27/50 [00:15<00:08,  2.73it/s]
 56%|█████▌    | 28/50 [00:15<00:08,  2.73it/s]
 58%|█████▊    | 29/50 [00:16<00:07,  2.74it/s]
 60%|██████    | 30/50 [00:16<00:07,  2.73it/s]
 62%|██████▏   | 31/50 [00:17<00:06,  2.73it/s]
 64%|██████▍   | 32/50 [00:17<00:06,  2.73it/s]
 66%|██████▌   | 33/50 [00:17<00:06,  2.73it/s]
 68%|██████▊   | 34/50 [00:18<00:05,  2.73it/s]
 70%|███████   | 35/50 [00:18<00:05,  2.75it/s]
 72%|███████▏  | 36/50 [00:18<00:05,  2.74it/s]
 74%|███████▍  | 37/50 [00:19<00:04,  2.73it/s]
 76%|███████▌  | 38/50 [00:19<00:04,  2.73it/s]
 78%|███████▊  | 39/50 [00:19<00:04,  2.73it/s]
 80%|████████  | 40/50 [00:20<00:03,  2.73it/s]
 82%|████████▏ | 41/50 [00:20<00:03,  2.72it/s]
 84%|████████▍ | 42/50 [00:21<00:02,  2.73it/s]
 86%|████████▌ | 43/50 [00:21<00:02,  2.73it/s]
 88%|████████▊ | 44/50 [00:21<00:02,  2.73it/s]
 90%|█████████ | 45/50 [00:22<00:01,  2.73it/s]
 92%|█████████▏| 46/50 [00:22<00:01,  2.73it/s]
 94%|█████████▍| 47/50 [00:22<00:01,  2.73it/s]
 96%|█████████▌| 48/50 [00:23<00:00,  2.73it/s]
 98%|█████████▊| 49/50 [00:23<00:00,  2.62it/s]
100%|██████████| 50/50 [00:31<00:00,  2.72s/it]
100%|██████████| 50/50 [00:31<00:00,  1.57it/s]
[I 2023-12-11 22:10:31,906] Trial 268 finished with value: 0.2911550468262227 and parameters: {'EMBEDDING_DIM': 64, 'HIDDEN_DIM': 799, 'NUM_LAYERS': 2, 'DROPOUT': 0.28262538411864707, 'LR': 0.006356866348531977, 'WEIGHT_0': 0.926576587478292, 'WEIGHT_1': 0.13310562628710443, 'WEIGHT_2': 0.2296547980517598, 'WEIGHT_3': 0.22912673357632077, 'WEIGHT_4': 0.543360983510801, 'WEIGHT_5': 0.41290869092100385, 'WEIGHT_6': 0.056855537883917145, 'WEIGHT_7': 0.6055120054588206, 'WEIGHT_8': 0.8838984860980893}. Best is trial 223 with value: 0.4540043855069437.
{'EMBEDDING_DIM': 64, 'HIDDEN_DIM': 799, 'NUM_LAYERS': 2, 'DROPOUT': 0.28262538411864707, 'LR': 0.006356866348531977, 'WEIGHT_0': 0.926576587478292, 'WEIGHT_1': 0.13310562628710443, 'WEIGHT_2': 0.2296547980517598, 'WEIGHT_3': 0.22912673357632077, 'WEIGHT_4': 0.543360983510801, 'WEIGHT_5': 0.41290869092100385, 'WEIGHT_6': 0.056855537883917145, 'WEIGHT_7': 0.6055120054588206, 'WEIGHT_8': 0.8838984860980893}
0
              precision    recall  f1-score   support

         LOC       0.00      0.00      0.00      1837
        MISC       0.00      0.00      0.00       922
         ORG       0.00      0.00      0.00      1341
         PER       0.00      0.00      0.00      1842

   micro avg       0.00      0.00      0.00      5942
   macro avg       0.00      0.00      0.00      5942
weighted avg       0.00      0.00      0.00      5942

{'EMBEDDING_DIM': 64, 'HIDDEN_DIM': 799, 'NUM_LAYERS': 2, 'DROPOUT': 0.28262538411864707, 'LR': 0.006356866348531977, 'WEIGHT_0': 0.926576587478292, 'WEIGHT_1': 0.13310562628710443, 'WEIGHT_2': 0.2296547980517598, 'WEIGHT_3': 0.22912673357632077, 'WEIGHT_4': 0.543360983510801, 'WEIGHT_5': 0.41290869092100385, 'WEIGHT_6': 0.056855537883917145, 'WEIGHT_7': 0.6055120054588206, 'WEIGHT_8': 0.8838984860980893}
49
              precision    recall  f1-score   support

         LOC       0.60      0.59      0.59      1837
        MISC       0.02      0.00      0.01       922
         ORG       0.00      0.00      0.00      1341
         PER       0.19      0.17      0.18      1842

   micro avg       0.38      0.24      0.29      5942
   macro avg       0.20      0.19      0.20      5942
weighted avg       0.25      0.24      0.24      5942

epoch 49
Transformer

  0%|          | 0/50 [00:00<?, ?it/s]
  2%|▏         | 1/50 [00:07<06:27,  7.92s/it]
  4%|▍         | 2/50 [00:08<02:40,  3.35s/it]
  6%|▌         | 3/50 [00:08<01:28,  1.89s/it]
  8%|▊         | 4/50 [00:08<00:55,  1.20s/it]
 10%|█         | 5/50 [00:08<00:36,  1.22it/s]
 12%|█▏        | 6/50 [00:08<00:26,  1.69it/s]
 14%|█▍        | 7/50 [00:08<00:19,  2.25it/s]
 16%|█▌        | 8/50 [00:08<00:14,  2.89it/s]
 18%|█▊        | 9/50 [00:09<00:11,  3.57it/s]
 20%|██        | 10/50 [00:09<00:09,  4.24it/s]
 22%|██▏       | 11/50 [00:09<00:08,  4.87it/s]
 24%|██▍       | 12/50 [00:09<00:06,  5.43it/s]
 26%|██▌       | 13/50 [00:09<00:06,  5.90it/s]
 28%|██▊       | 14/50 [00:09<00:05,  6.27it/s]
 30%|███       | 15/50 [00:09<00:05,  6.56it/s]
 32%|███▏      | 16/50 [00:10<00:05,  6.79it/s]
 34%|███▍      | 17/50 [00:10<00:04,  6.97it/s]
 36%|███▌      | 18/50 [00:10<00:04,  7.09it/s]
 38%|███▊      | 19/50 [00:10<00:04,  7.17it/s]
 40%|████      | 20/50 [00:10<00:04,  7.22it/s]
 42%|████▏     | 21/50 [00:10<00:03,  7.28it/s]
 44%|████▍     | 22/50 [00:10<00:03,  7.30it/s]
 46%|████▌     | 23/50 [00:10<00:03,  7.32it/s]
 48%|████▊     | 24/50 [00:11<00:03,  7.33it/s]
 50%|█████     | 25/50 [00:11<00:03,  7.34it/s]
 52%|█████▏    | 26/50 [00:11<00:03,  7.36it/s]
 54%|█████▍    | 27/50 [00:11<00:03,  7.37it/s]
 56%|█████▌    | 28/50 [00:11<00:02,  7.38it/s]
 58%|█████▊    | 29/50 [00:11<00:02,  7.38it/s]
 60%|██████    | 30/50 [00:11<00:02,  7.38it/s]
 62%|██████▏   | 31/50 [00:12<00:02,  7.39it/s]
 64%|██████▍   | 32/50 [00:12<00:02,  7.39it/s]
 66%|██████▌   | 33/50 [00:12<00:02,  7.38it/s]
 68%|██████▊   | 34/50 [00:12<00:02,  7.39it/s]
 70%|███████   | 35/50 [00:12<00:02,  7.39it/s]
 72%|███████▏  | 36/50 [00:12<00:01,  7.38it/s]
 74%|███████▍  | 37/50 [00:12<00:01,  7.37it/s]
 76%|███████▌  | 38/50 [00:13<00:01,  7.37it/s]
 78%|███████▊  | 39/50 [00:13<00:01,  7.39it/s]
 80%|████████  | 40/50 [00:13<00:01,  7.39it/s]
 82%|████████▏ | 41/50 [00:13<00:01,  7.26it/s]
 84%|████████▍ | 42/50 [00:13<00:01,  6.73it/s]
 86%|████████▌ | 43/50 [00:13<00:01,  6.06it/s]
 88%|████████▊ | 44/50 [00:14<00:01,  5.20it/s]
 90%|█████████ | 45/50 [00:14<00:01,  4.51it/s]
 92%|█████████▏| 46/50 [00:14<00:00,  4.01it/s]
 94%|█████████▍| 47/50 [00:14<00:00,  3.64it/s]
 96%|█████████▌| 48/50 [00:15<00:00,  3.42it/s]
 98%|█████████▊| 49/50 [00:15<00:00,  3.27it/s]
100%|██████████| 50/50 [00:23<00:00,  2.64s/it]
100%|██████████| 50/50 [00:23<00:00,  2.10it/s]
