[I 2023-12-11 21:59:28,055] Trial 257 finished with value: 0.39408557046979864 and parameters: {'EMBEDDING_DIM': 32, 'HIDDEN_DIM': 732, 'NUM_LAYERS': 2, 'DROPOUT': 0.3072971722835738, 'LR': 0.0058277230324208255, 'WEIGHT_0': 0.932632837065001, 'WEIGHT_1': 0.1093007912003563, 'WEIGHT_2': 0.23769382946486153, 'WEIGHT_3': 0.18320951841701538, 'WEIGHT_4': 0.843425321780573, 'WEIGHT_5': 0.4020681533039509, 'WEIGHT_6': 0.07079707679794528, 'WEIGHT_7': 0.6834064364567525, 'WEIGHT_8': 0.8948250592040792}. Best is trial 223 with value: 0.4540043855069437.
{'EMBEDDING_DIM': 32, 'HIDDEN_DIM': 732, 'NUM_LAYERS': 2, 'DROPOUT': 0.3072971722835738, 'LR': 0.0058277230324208255, 'WEIGHT_0': 0.932632837065001, 'WEIGHT_1': 0.1093007912003563, 'WEIGHT_2': 0.23769382946486153, 'WEIGHT_3': 0.18320951841701538, 'WEIGHT_4': 0.843425321780573, 'WEIGHT_5': 0.4020681533039509, 'WEIGHT_6': 0.07079707679794528, 'WEIGHT_7': 0.6834064364567525, 'WEIGHT_8': 0.8948250592040792}
0
              precision    recall  f1-score   support

         LOC       0.00      0.00      0.00      1837
        MISC       0.00      0.00      0.00       922
         ORG       0.00      0.00      0.00      1341
         PER       0.00      0.00      0.00      1842

   micro avg       0.00      0.00      0.00      5942
   macro avg       0.00      0.00      0.00      5942
weighted avg       0.00      0.00      0.00      5942

{'EMBEDDING_DIM': 32, 'HIDDEN_DIM': 732, 'NUM_LAYERS': 2, 'DROPOUT': 0.3072971722835738, 'LR': 0.0058277230324208255, 'WEIGHT_0': 0.932632837065001, 'WEIGHT_1': 0.1093007912003563, 'WEIGHT_2': 0.23769382946486153, 'WEIGHT_3': 0.18320951841701538, 'WEIGHT_4': 0.843425321780573, 'WEIGHT_5': 0.4020681533039509, 'WEIGHT_6': 0.07079707679794528, 'WEIGHT_7': 0.6834064364567525, 'WEIGHT_8': 0.8948250592040792}
49
              precision    recall  f1-score   support

         LOC       0.68      0.60      0.64      1837
        MISC       0.39      0.47      0.43       922
         ORG       0.00      0.00      0.00      1341
         PER       0.40      0.19      0.26      1842

   micro avg       0.52      0.32      0.39      5942
   macro avg       0.37      0.31      0.33      5942
weighted avg       0.39      0.32      0.34      5942

epoch 49
Transformer

  0%|          | 0/50 [00:00<?, ?it/s]
  2%|▏         | 1/50 [00:09<08:07,  9.96s/it]
  4%|▍         | 2/50 [00:10<03:29,  4.37s/it]
  6%|▌         | 3/50 [00:10<02:01,  2.59s/it]
  8%|▊         | 4/50 [00:11<01:21,  1.76s/it]
 10%|█         | 5/50 [00:11<00:58,  1.31s/it]
 12%|█▏        | 6/50 [00:12<00:45,  1.04s/it]
 14%|█▍        | 7/50 [00:12<00:37,  1.13it/s]
 16%|█▌        | 8/50 [00:13<00:32,  1.28it/s]
 18%|█▊        | 9/50 [00:14<00:29,  1.41it/s]
 20%|██        | 10/50 [00:14<00:26,  1.51it/s]
 22%|██▏       | 11/50 [00:15<00:24,  1.62it/s]
 24%|██▍       | 12/50 [00:15<00:22,  1.70it/s]
 26%|██▌       | 13/50 [00:16<00:21,  1.75it/s]
 28%|██▊       | 14/50 [00:16<00:20,  1.79it/s]
 30%|███       | 15/50 [00:17<00:19,  1.79it/s]
 32%|███▏      | 16/50 [00:17<00:19,  1.78it/s]
 34%|███▍      | 17/50 [00:18<00:18,  1.79it/s]
 36%|███▌      | 18/50 [00:18<00:17,  1.79it/s]
 38%|███▊      | 19/50 [00:19<00:17,  1.79it/s]
 40%|████      | 20/50 [00:20<00:16,  1.82it/s]
 42%|████▏     | 21/50 [00:20<00:15,  1.85it/s]
 44%|████▍     | 22/50 [00:21<00:15,  1.86it/s]
 46%|████▌     | 23/50 [00:21<00:14,  1.85it/s]
 48%|████▊     | 24/50 [00:22<00:14,  1.84it/s]
 50%|█████     | 25/50 [00:22<00:13,  1.82it/s]
 52%|█████▏    | 26/50 [00:23<00:13,  1.83it/s]
 54%|█████▍    | 27/50 [00:23<00:12,  1.82it/s]
 56%|█████▌    | 28/50 [00:24<00:12,  1.81it/s]
 58%|█████▊    | 29/50 [00:24<00:11,  1.81it/s]
 60%|██████    | 30/50 [00:25<00:11,  1.80it/s]
 62%|██████▏   | 31/50 [00:26<00:10,  1.80it/s]
 64%|██████▍   | 32/50 [00:26<00:10,  1.80it/s]
 66%|██████▌   | 33/50 [00:27<00:09,  1.80it/s]
 68%|██████▊   | 34/50 [00:27<00:08,  1.80it/s]
 70%|███████   | 35/50 [00:28<00:08,  1.80it/s]
 72%|███████▏  | 36/50 [00:28<00:07,  1.80it/s]
 74%|███████▍  | 37/50 [00:29<00:07,  1.80it/s]
 76%|███████▌  | 38/50 [00:29<00:06,  1.80it/s]
 78%|███████▊  | 39/50 [00:30<00:06,  1.79it/s]
 80%|████████  | 40/50 [00:31<00:05,  1.80it/s]
 82%|████████▏ | 41/50 [00:31<00:05,  1.80it/s]
 84%|████████▍ | 42/50 [00:32<00:04,  1.80it/s]
 86%|████████▌ | 43/50 [00:32<00:03,  1.80it/s]
 88%|████████▊ | 44/50 [00:33<00:03,  1.79it/s]
 90%|█████████ | 45/50 [00:33<00:02,  1.79it/s]
 92%|█████████▏| 46/50 [00:34<00:02,  1.79it/s]
 94%|█████████▍| 47/50 [00:35<00:01,  1.79it/s]
 96%|█████████▌| 48/50 [00:35<00:01,  1.79it/s]
 98%|█████████▊| 49/50 [00:36<00:00,  1.79it/s]
100%|██████████| 50/50 [00:46<00:00,  3.43s/it]
100%|██████████| 50/50 [00:46<00:00,  1.08it/s]
[I 2023-12-11 22:00:23,308] Trial 258 finished with value: 0.0 and parameters: {'EMBEDDING_DIM': 256, 'HIDDEN_DIM': 601, 'NUM_LAYERS': 3, 'DROPOUT': 0.2869025376634677, 'LR': 0.006567579134977861, 'WEIGHT_0': 0.9523965138849937, 'WEIGHT_1': 0.13380105646062257, 'WEIGHT_2': 0.262252713030192, 'WEIGHT_3': 0.21310249714946541, 'WEIGHT_4': 0.8167143236096384, 'WEIGHT_5': 0.40651555936944217, 'WEIGHT_6': 0.09359481437236397, 'WEIGHT_7': 0.6387736254945404, 'WEIGHT_8': 0.9129578043032941}. Best is trial 223 with value: 0.4540043855069437.
{'EMBEDDING_DIM': 256, 'HIDDEN_DIM': 601, 'NUM_LAYERS': 3, 'DROPOUT': 0.2869025376634677, 'LR': 0.006567579134977861, 'WEIGHT_0': 0.9523965138849937, 'WEIGHT_1': 0.13380105646062257, 'WEIGHT_2': 0.262252713030192, 'WEIGHT_3': 0.21310249714946541, 'WEIGHT_4': 0.8167143236096384, 'WEIGHT_5': 0.40651555936944217, 'WEIGHT_6': 0.09359481437236397, 'WEIGHT_7': 0.6387736254945404, 'WEIGHT_8': 0.9129578043032941}
0
              precision    recall  f1-score   support

         LOC       0.00      0.00      0.00      1837
        MISC       0.00      0.00      0.00       922
         ORG       0.00      0.00      0.00      1341
         PER       0.00      0.00      0.00      1842

   micro avg       0.00      0.00      0.00      5942
   macro avg       0.00      0.00      0.00      5942
weighted avg       0.00      0.00      0.00      5942

{'EMBEDDING_DIM': 256, 'HIDDEN_DIM': 601, 'NUM_LAYERS': 3, 'DROPOUT': 0.2869025376634677, 'LR': 0.006567579134977861, 'WEIGHT_0': 0.9523965138849937, 'WEIGHT_1': 0.13380105646062257, 'WEIGHT_2': 0.262252713030192, 'WEIGHT_3': 0.21310249714946541, 'WEIGHT_4': 0.8167143236096384, 'WEIGHT_5': 0.40651555936944217, 'WEIGHT_6': 0.09359481437236397, 'WEIGHT_7': 0.6387736254945404, 'WEIGHT_8': 0.9129578043032941}
49
              precision    recall  f1-score   support

         LOC       0.00      0.00      0.00      1837
        MISC       0.00      0.00      0.00       922
         ORG       0.00      0.00      0.00      1341
         PER       0.00      0.00      0.00      1842

   micro avg       0.00      0.00      0.00      5942
   macro avg       0.00      0.00      0.00      5942
weighted avg       0.00      0.00      0.00      5942

epoch 49
Transformer

  0%|          | 0/50 [00:00<?, ?it/s]
  2%|▏         | 1/50 [00:07<06:15,  7.65s/it]
  4%|▍         | 2/50 [00:07<02:35,  3.25s/it]
  6%|▌         | 3/50 [00:07<01:26,  1.83s/it]
  8%|▊         | 4/50 [00:08<00:53,  1.17s/it]
 10%|█         | 5/50 [00:08<00:35,  1.25it/s]
 12%|█▏        | 6/50 [00:08<00:25,  1.70it/s]
 14%|█▍        | 7/50 [00:08<00:20,  2.10it/s]
 16%|█▌        | 8/50 [00:08<00:17,  2.40it/s]
 18%|█▊        | 9/50 [00:09<00:15,  2.60it/s]
 20%|██        | 10/50 [00:09<00:14,  2.71it/s]
 22%|██▏       | 11/50 [00:09<00:14,  2.73it/s]
 24%|██▍       | 12/50 [00:10<00:13,  2.74it/s]
 26%|██▌       | 13/50 [00:10<00:13,  2.75it/s]
 28%|██▊       | 14/50 [00:11<00:13,  2.75it/s]
 30%|███       | 15/50 [00:11<00:12,  2.73it/s]
 32%|███▏      | 16/50 [00:11<00:12,  2.71it/s]
 34%|███▍      | 17/50 [00:12<00:12,  2.73it/s]
 36%|███▌      | 18/50 [00:12<00:11,  2.74it/s]
 38%|███▊      | 19/50 [00:12<00:11,  2.74it/s]
 40%|████      | 20/50 [00:13<00:10,  2.74it/s]
 42%|████▏     | 21/50 [00:13<00:10,  2.75it/s]
 44%|████▍     | 22/50 [00:13<00:10,  2.74it/s]
 46%|████▌     | 23/50 [00:14<00:09,  2.75it/s]
 48%|████▊     | 24/50 [00:14<00:09,  2.75it/s]
 50%|█████     | 25/50 [00:15<00:09,  2.75it/s]
 52%|█████▏    | 26/50 [00:15<00:08,  2.76it/s]
 54%|█████▍    | 27/50 [00:15<00:08,  2.76it/s]
 56%|█████▌    | 28/50 [00:16<00:07,  2.76it/s]
 58%|█████▊    | 29/50 [00:16<00:07,  2.76it/s]
 60%|██████    | 30/50 [00:16<00:07,  2.76it/s]
 62%|██████▏   | 31/50 [00:17<00:07,  2.64it/s]
 64%|██████▍   | 32/50 [00:17<00:07,  2.53it/s]
 66%|██████▌   | 33/50 [00:18<00:06,  2.46it/s]
 68%|██████▊   | 34/50 [00:18<00:06,  2.42it/s]
 70%|███████   | 35/50 [00:19<00:06,  2.44it/s]
 72%|███████▏  | 36/50 [00:19<00:05,  2.49it/s]
 74%|███████▍  | 37/50 [00:19<00:05,  2.56it/s]
 76%|███████▌  | 38/50 [00:20<00:04,  2.62it/s]
 78%|███████▊  | 39/50 [00:20<00:04,  2.65it/s]
 80%|████████  | 40/50 [00:20<00:03,  2.68it/s]
 82%|████████▏ | 41/50 [00:21<00:03,  2.71it/s]
 84%|████████▍ | 42/50 [00:21<00:02,  2.72it/s]
 86%|████████▌ | 43/50 [00:21<00:02,  2.71it/s]
 88%|████████▊ | 44/50 [00:22<00:02,  2.58it/s]
 90%|█████████ | 45/50 [00:22<00:02,  2.49it/s]
 92%|█████████▏| 46/50 [00:23<00:01,  2.42it/s]
 94%|█████████▍| 47/50 [00:23<00:01,  2.39it/s]
 96%|█████████▌| 48/50 [00:24<00:00,  2.36it/s]
 98%|█████████▊| 49/50 [00:24<00:00,  2.34it/s]
100%|██████████| 50/50 [00:32<00:00,  2.75s/it]
100%|██████████| 50/50 [00:32<00:00,  1.53it/s]
[I 2023-12-11 22:01:03,122] Trial 259 finished with value: 0.35721724640699853 and parameters: {'EMBEDDING_DIM': 32, 'HIDDEN_DIM': 731, 'NUM_LAYERS': 2, 'DROPOUT': 0.29680173795354803, 'LR': 0.006378517002514682, 'WEIGHT_0': 0.9281204952579034, 'WEIGHT_1': 0.10110408241430459, 'WEIGHT_2': 0.24516037634382637, 'WEIGHT_3': 0.18952518539877405, 'WEIGHT_4': 0.8326665916920147, 'WEIGHT_5': 0.38484483333105335, 'WEIGHT_6': 0.06325548415261249, 'WEIGHT_7': 0.6574242860128949, 'WEIGHT_8': 0.8554236879571455}. Best is trial 223 with value: 0.4540043855069437.
{'EMBEDDING_DIM': 32, 'HIDDEN_DIM': 731, 'NUM_LAYERS': 2, 'DROPOUT': 0.29680173795354803, 'LR': 0.006378517002514682, 'WEIGHT_0': 0.9281204952579034, 'WEIGHT_1': 0.10110408241430459, 'WEIGHT_2': 0.24516037634382637, 'WEIGHT_3': 0.18952518539877405, 'WEIGHT_4': 0.8326665916920147, 'WEIGHT_5': 0.38484483333105335, 'WEIGHT_6': 0.06325548415261249, 'WEIGHT_7': 0.6574242860128949, 'WEIGHT_8': 0.8554236879571455}
0
              precision    recall  f1-score   support

         LOC       0.00      0.00      0.00      1837
        MISC       0.00      0.00      0.00       922
         ORG       0.00      0.00      0.00      1341
         PER       0.00      0.00      0.00      1842

   micro avg       0.00      0.00      0.00      5942
   macro avg       0.00      0.00      0.00      5942
weighted avg       0.00      0.00      0.00      5942

{'EMBEDDING_DIM': 32, 'HIDDEN_DIM': 731, 'NUM_LAYERS': 2, 'DROPOUT': 0.29680173795354803, 'LR': 0.006378517002514682, 'WEIGHT_0': 0.9281204952579034, 'WEIGHT_1': 0.10110408241430459, 'WEIGHT_2': 0.24516037634382637, 'WEIGHT_3': 0.18952518539877405, 'WEIGHT_4': 0.8326665916920147, 'WEIGHT_5': 0.38484483333105335, 'WEIGHT_6': 0.06325548415261249, 'WEIGHT_7': 0.6574242860128949, 'WEIGHT_8': 0.8554236879571455}
49
              precision    recall  f1-score   support

         LOC       0.58      0.59      0.59      1837
        MISC       0.31      0.31      0.31       922
         ORG       0.00      0.00      0.00      1341
         PER       0.39      0.18      0.25      1842

   micro avg       0.47      0.29      0.36      5942
   macro avg       0.32      0.27      0.29      5942
weighted avg       0.35      0.29      0.31      5942

epoch 49
Transformer

  0%|          | 0/50 [00:00<?, ?it/s]
  2%|▏         | 1/50 [00:07<06:20,  7.76s/it]
  4%|▍         | 2/50 [00:07<02:37,  3.29s/it]
  6%|▌         | 3/50 [00:08<01:27,  1.85s/it]
  8%|▊         | 4/50 [00:08<00:54,  1.18s/it]
 10%|█         | 5/50 [00:08<00:36,  1.23it/s]
 12%|█▏        | 6/50 [00:08<00:25,  1.70it/s]
 14%|█▍        | 7/50 [00:08<00:18,  2.27it/s]
 16%|█▌        | 8/50 [00:08<00:14,  2.92it/s]
 18%|█▊        | 9/50 [00:08<00:11,  3.60it/s]
 20%|██        | 10/50 [00:09<00:09,  4.29it/s]
 22%|██▏       | 11/50 [00:09<00:07,  4.93it/s]
 24%|██▍       | 12/50 [00:09<00:06,  5.49it/s]
 26%|██▌       | 13/50 [00:09<00:06,  5.89it/s]
 28%|██▊       | 14/50 [00:09<00:06,  5.85it/s]
 30%|███       | 15/50 [00:09<00:06,  5.50it/s]
 32%|███▏      | 16/50 [00:10<00:06,  4.90it/s]
 34%|███▍      | 17/50 [00:10<00:07,  4.36it/s]
 36%|███▌      | 18/50 [00:10<00:08,  3.89it/s]
 38%|███▊      | 19/50 [00:11<00:08,  3.57it/s]
 40%|████      | 20/50 [00:11<00:08,  3.37it/s]
 42%|████▏     | 21/50 [00:11<00:08,  3.24it/s]
 44%|████▍     | 22/50 [00:12<00:08,  3.16it/s]
 46%|████▌     | 23/50 [00:12<00:08,  3.10it/s]
 48%|████▊     | 24/50 [00:12<00:08,  3.06it/s]
 50%|█████     | 25/50 [00:13<00:08,  3.03it/s]
 52%|█████▏    | 26/50 [00:13<00:07,  3.02it/s]
 54%|█████▍    | 27/50 [00:13<00:07,  3.00it/s]
 56%|█████▌    | 28/50 [00:14<00:07,  3.00it/s]
 58%|█████▊    | 29/50 [00:14<00:07,  2.99it/s]
 60%|██████    | 30/50 [00:14<00:06,  2.91it/s]
 62%|██████▏   | 31/50 [00:15<00:06,  2.85it/s]
 64%|██████▍   | 32/50 [00:15<00:06,  2.83it/s]
 66%|██████▌   | 33/50 [00:15<00:06,  2.77it/s]
 68%|██████▊   | 34/50 [00:16<00:05,  2.76it/s]
 70%|███████   | 35/50 [00:16<00:05,  2.74it/s]
 72%|███████▏  | 36/50 [00:16<00:05,  2.74it/s]
 74%|███████▍  | 37/50 [00:17<00:04,  2.73it/s]
 76%|███████▌  | 38/50 [00:17<00:04,  2.73it/s]
 78%|███████▊  | 39/50 [00:18<00:04,  2.72it/s]
 80%|████████  | 40/50 [00:18<00:03,  2.71it/s]
 82%|████████▏ | 41/50 [00:18<00:03,  2.72it/s]
 84%|████████▍ | 42/50 [00:19<00:02,  2.72it/s]
 86%|████████▌ | 43/50 [00:19<00:02,  2.72it/s]
 88%|████████▊ | 44/50 [00:19<00:02,  2.71it/s]
 90%|█████████ | 45/50 [00:20<00:01,  2.71it/s]
 92%|█████████▏| 46/50 [00:20<00:01,  2.72it/s]
 94%|█████████▍| 47/50 [00:21<00:01,  2.72it/s]
 96%|█████████▌| 48/50 [00:21<00:00,  2.72it/s]
 98%|█████████▊| 49/50 [00:21<00:00,  2.72it/s]
100%|██████████| 50/50 [00:29<00:00,  2.72s/it]
100%|██████████| 50/50 [00:29<00:00,  1.67it/s]
[I 2023-12-11 22:01:40,337] Trial 260 finished with value: 0.44745339027184666 and parameters: {'EMBEDDING_DIM': 32, 'HIDDEN_DIM': 617, 'NUM_LAYERS': 2, 'DROPOUT': 0.2789667476676706, 'LR': 0.006174515166991756, 'WEIGHT_0': 0.9594968762429774, 'WEIGHT_1': 0.13297550378350265, 'WEIGHT_2': 0.22544921961191053, 'WEIGHT_3': 0.21880557716045007, 'WEIGHT_4': 0.5233801376728774, 'WEIGHT_5': 0.4191511829134891, 'WEIGHT_6': 0.09733789031291773, 'WEIGHT_7': 0.6714615101904805, 'WEIGHT_8': 0.9155620155198962}. Best is trial 223 with value: 0.4540043855069437.
{'EMBEDDING_DIM': 32, 'HIDDEN_DIM': 617, 'NUM_LAYERS': 2, 'DROPOUT': 0.2789667476676706, 'LR': 0.006174515166991756, 'WEIGHT_0': 0.9594968762429774, 'WEIGHT_1': 0.13297550378350265, 'WEIGHT_2': 0.22544921961191053, 'WEIGHT_3': 0.21880557716045007, 'WEIGHT_4': 0.5233801376728774, 'WEIGHT_5': 0.4191511829134891, 'WEIGHT_6': 0.09733789031291773, 'WEIGHT_7': 0.6714615101904805, 'WEIGHT_8': 0.9155620155198962}
0
              precision    recall  f1-score   support

         LOC       0.00      0.00      0.00      1837
        MISC       0.00      0.00      0.00       922
         ORG       0.00      0.00      0.00      1341
         PER       0.00      0.00      0.00      1842

   micro avg       0.00      0.00      0.00      5942
   macro avg       0.00      0.00      0.00      5942
weighted avg       0.00      0.00      0.00      5942

{'EMBEDDING_DIM': 32, 'HIDDEN_DIM': 617, 'NUM_LAYERS': 2, 'DROPOUT': 0.2789667476676706, 'LR': 0.006174515166991756, 'WEIGHT_0': 0.9594968762429774, 'WEIGHT_1': 0.13297550378350265, 'WEIGHT_2': 0.22544921961191053, 'WEIGHT_3': 0.21880557716045007, 'WEIGHT_4': 0.5233801376728774, 'WEIGHT_5': 0.4191511829134891, 'WEIGHT_6': 0.09733789031291773, 'WEIGHT_7': 0.6714615101904805, 'WEIGHT_8': 0.9155620155198962}
49
              precision    recall  f1-score   support

         LOC       0.79      0.60      0.68      1837
        MISC       0.65      0.50      0.57       922
         ORG       0.39      0.20      0.26      1341
         PER       0.37      0.18      0.24      1842

   micro avg       0.59      0.36      0.45      5942
   macro avg       0.55      0.37      0.44      5942
weighted avg       0.55      0.36      0.43      5942

epoch 49
Transformer

  0%|          | 0/50 [00:00<?, ?it/s]
  2%|▏         | 1/50 [00:12<10:08, 12.42s/it]
  4%|▍         | 2/50 [00:16<06:08,  7.68s/it]
  6%|▌         | 3/50 [00:21<04:52,  6.23s/it]
  8%|▊         | 4/50 [00:25<04:15,  5.55s/it]
 10%|█         | 5/50 [00:30<03:53,  5.19s/it]
 12%|█▏        | 6/50 [00:34<03:38,  4.97s/it]
 14%|█▍        | 7/50 [00:39<03:27,  4.83s/it]
 16%|█▌        | 8/50 [00:44<03:19,  4.75s/it]
 18%|█▊        | 9/50 [00:48<03:12,  4.70s/it]
 20%|██        | 10/50 [00:53<03:06,  4.66s/it]
 22%|██▏       | 11/50 [00:57<03:01,  4.64s/it]
 24%|██▍       | 12/50 [01:02<02:56,  4.64s/it]
 26%|██▌       | 13/50 [01:07<02:51,  4.64s/it]
 28%|██▊       | 14/50 [01:11<02:47,  4.65s/it]
 30%|███       | 15/50 [01:16<02:43,  4.67s/it]
 32%|███▏      | 16/50 [01:21<02:39,  4.68s/it]
 34%|███▍      | 17/50 [01:25<02:34,  4.69s/it]
 36%|███▌      | 18/50 [01:30<02:30,  4.70s/it]
 38%|███▊      | 19/50 [01:35<02:25,  4.70s/it]
 40%|████      | 20/50 [01:40<02:21,  4.71s/it]
 42%|████▏     | 21/50 [01:44<02:16,  4.70s/it]
 44%|████▍     | 22/50 [01:49<02:11,  4.70s/it]
 46%|████▌     | 23/50 [01:54<02:07,  4.70s/it]
 48%|████▊     | 24/50 [01:58<02:02,  4.70s/it]
 50%|█████     | 25/50 [02:03<01:57,  4.69s/it]
 52%|█████▏    | 26/50 [02:08<01:52,  4.69s/it]
 54%|█████▍    | 27/50 [02:12<01:48,  4.70s/it]
 56%|█████▌    | 28/50 [02:17<01:43,  4.69s/it]
 58%|█████▊    | 29/50 [02:22<01:38,  4.69s/it]
 60%|██████    | 30/50 [02:26<01:33,  4.68s/it]
 62%|██████▏   | 31/50 [02:31<01:29,  4.69s/it]
 64%|██████▍   | 32/50 [02:36<01:24,  4.69s/it]
 66%|██████▌   | 33/50 [02:41<01:19,  4.69s/it]
 68%|██████▊   | 34/50 [02:45<01:15,  4.70s/it]
 70%|███████   | 35/50 [02:50<01:10,  4.69s/it]
 72%|███████▏  | 36/50 [02:55<01:05,  4.69s/it]
 74%|███████▍  | 37/50 [02:59<01:01,  4.69s/it]
 76%|███████▌  | 38/50 [03:04<00:56,  4.69s/it]
 78%|███████▊  | 39/50 [03:09<00:51,  4.69s/it]
 80%|████████  | 40/50 [03:13<00:46,  4.69s/it]
 82%|████████▏ | 41/50 [03:18<00:42,  4.68s/it]
 84%|████████▍ | 42/50 [03:23<00:37,  4.69s/it]
 86%|████████▌ | 43/50 [03:27<00:32,  4.69s/it]
 88%|████████▊ | 44/50 [03:32<00:28,  4.70s/it]
 90%|█████████ | 45/50 [03:37<00:23,  4.70s/it]
 92%|█████████▏| 46/50 [03:41<00:18,  4.69s/it]
 94%|█████████▍| 47/50 [03:46<00:14,  4.69s/it]
 96%|█████████▌| 48/50 [03:51<00:09,  4.70s/it]
 98%|█████████▊| 49/50 [03:56<00:04,  4.69s/it]
100%|██████████| 50/50 [04:08<00:00,  7.10s/it]
100%|██████████| 50/50 [04:08<00:00,  4.98s/it]
