[I 2023-12-11 19:19:03,171] A new study created in memory with name: no-name-085b63b5-189c-4e51-a402-5eee19550913
/userhome/cs2/dingruiw/conda/envs/py310/lib/python3.10/site-packages/torch/nn/modules/transformer.py:282: UserWarning: enable_nested_tensor is True, but self.use_nested_tensor is False because encoder_layer.self_attn.batch_first was not True(use batch_first for better inference performance)
  warnings.warn(f"enable_nested_tensor is True, but self.use_nested_tensor is False because {why_not_sparsity_fast_path}")
Transformer

  0%|          | 0/50 [00:00<?, ?it/s]/userhome/cs2/dingruiw/conda/envs/py310/lib/python3.10/site-packages/seqeval/metrics/v1.py:57: UndefinedMetricWarning: Precision and F-score are ill-defined and being set to 0.0 in labels with no predicted samples. Use `zero_division` parameter to control this behavior.
  _warn_prf(average, modifier, msg_start, len(result))
/userhome/cs2/dingruiw/conda/envs/py310/lib/python3.10/site-packages/seqeval/metrics/v1.py:57: UndefinedMetricWarning: Precision and F-score are ill-defined and being set to 0.0 due to no predicted samples. Use `zero_division` parameter to control this behavior.
  _warn_prf(average, modifier, msg_start, len(result))

  2%|▏         | 1/50 [00:08<06:35,  8.08s/it]
  4%|▍         | 2/50 [00:08<02:50,  3.55s/it]
  6%|▌         | 3/50 [00:08<01:38,  2.10s/it]
  8%|▊         | 4/50 [00:09<01:05,  1.41s/it]
 10%|█         | 5/50 [00:09<00:46,  1.03s/it]
 12%|█▏        | 6/50 [00:09<00:35,  1.25it/s]
 14%|█▍        | 7/50 [00:10<00:28,  1.53it/s]
 16%|█▌        | 8/50 [00:10<00:23,  1.80it/s]
 18%|█▊        | 9/50 [00:10<00:20,  2.04it/s]
 20%|██        | 10/50 [00:11<00:17,  2.24it/s]
 22%|██▏       | 11/50 [00:11<00:16,  2.40it/s]
 24%|██▍       | 12/50 [00:11<00:15,  2.52it/s]
 26%|██▌       | 13/50 [00:12<00:14,  2.62it/s]
 28%|██▊       | 14/50 [00:12<00:13,  2.69it/s]
 30%|███       | 15/50 [00:13<00:12,  2.74it/s]
 32%|███▏      | 16/50 [00:13<00:12,  2.77it/s]
 34%|███▍      | 17/50 [00:13<00:11,  2.80it/s]
 36%|███▌      | 18/50 [00:14<00:11,  2.82it/s]
 38%|███▊      | 19/50 [00:14<00:10,  2.84it/s]
 40%|████      | 20/50 [00:14<00:10,  2.85it/s]
 42%|████▏     | 21/50 [00:15<00:10,  2.85it/s]
 44%|████▍     | 22/50 [00:15<00:09,  2.86it/s]
 46%|████▌     | 23/50 [00:15<00:09,  2.86it/s]
 48%|████▊     | 24/50 [00:16<00:09,  2.86it/s]
 50%|█████     | 25/50 [00:16<00:08,  2.86it/s]
 52%|█████▏    | 26/50 [00:16<00:08,  2.87it/s]
 54%|█████▍    | 27/50 [00:17<00:08,  2.87it/s]
 56%|█████▌    | 28/50 [00:17<00:07,  2.87it/s]
 58%|█████▊    | 29/50 [00:17<00:07,  2.87it/s]
 60%|██████    | 30/50 [00:18<00:06,  2.87it/s]
 62%|██████▏   | 31/50 [00:18<00:06,  2.86it/s]
 64%|██████▍   | 32/50 [00:18<00:06,  2.87it/s]
 66%|██████▌   | 33/50 [00:19<00:05,  2.87it/s]
 68%|██████▊   | 34/50 [00:19<00:05,  2.86it/s]
 70%|███████   | 35/50 [00:20<00:05,  2.86it/s]
 72%|███████▏  | 36/50 [00:20<00:04,  2.86it/s]
 74%|███████▍  | 37/50 [00:20<00:04,  2.86it/s]
 76%|███████▌  | 38/50 [00:21<00:04,  2.86it/s]
 78%|███████▊  | 39/50 [00:21<00:03,  2.86it/s]
 80%|████████  | 40/50 [00:21<00:03,  2.84it/s]
 82%|████████▏ | 41/50 [00:22<00:03,  2.84it/s]
 84%|████████▍ | 42/50 [00:22<00:02,  2.84it/s]
 86%|████████▌ | 43/50 [00:22<00:02,  2.85it/s]
 88%|████████▊ | 44/50 [00:23<00:02,  2.86it/s]
 90%|█████████ | 45/50 [00:23<00:01,  2.86it/s]
 92%|█████████▏| 46/50 [00:23<00:01,  2.86it/s]
 94%|█████████▍| 47/50 [00:24<00:01,  2.86it/s]
 96%|█████████▌| 48/50 [00:24<00:00,  2.86it/s]
 98%|█████████▊| 49/50 [00:24<00:00,  2.86it/s]
100%|██████████| 50/50 [00:31<00:00,  2.16s/it]
100%|██████████| 50/50 [00:31<00:00,  1.60it/s]
[I 2023-12-11 19:19:45,037] Trial 0 finished with value: 0.09900301414328774 and parameters: {'EMBEDDING_DIM': 512, 'HIDDEN_DIM': 528, 'NUM_LAYERS': 1, 'DROPOUT': 0.08699169060175904, 'LR': 0.0020451171272775535, 'WEIGHT_0': 0.4856943979002969, 'WEIGHT_1': 0.6924309768693454, 'WEIGHT_2': 0.07167058315675412, 'WEIGHT_3': 0.5558684950571325, 'WEIGHT_4': 0.4252837832444617, 'WEIGHT_5': 0.12559592762997362, 'WEIGHT_6': 0.1257638901470739, 'WEIGHT_7': 0.8069047639568957, 'WEIGHT_8': 0.8532077994978238}. Best is trial 0 with value: 0.09900301414328774.
/userhome/cs2/dingruiw/conda/envs/py310/lib/python3.10/site-packages/torch/nn/modules/transformer.py:282: UserWarning: enable_nested_tensor is True, but self.use_nested_tensor is False because encoder_layer.self_attn.batch_first was not True(use batch_first for better inference performance)
  warnings.warn(f"enable_nested_tensor is True, but self.use_nested_tensor is False because {why_not_sparsity_fast_path}")
{'EMBEDDING_DIM': 512, 'HIDDEN_DIM': 528, 'NUM_LAYERS': 1, 'DROPOUT': 0.08699169060175904, 'LR': 0.0020451171272775535, 'WEIGHT_0': 0.4856943979002969, 'WEIGHT_1': 0.6924309768693454, 'WEIGHT_2': 0.07167058315675412, 'WEIGHT_3': 0.5558684950571325, 'WEIGHT_4': 0.4252837832444617, 'WEIGHT_5': 0.12559592762997362, 'WEIGHT_6': 0.1257638901470739, 'WEIGHT_7': 0.8069047639568957, 'WEIGHT_8': 0.8532077994978238}
0
              precision    recall  f1-score   support

         LOC       0.00      0.00      0.00      1837
        MISC       0.00      0.00      0.00       922
         ORG       0.00      0.00      0.00      1341
         PER       0.00      0.00      0.00      1842

   micro avg       0.00      0.00      0.00      5942
   macro avg       0.00      0.00      0.00      5942
weighted avg       0.00      0.00      0.00      5942

{'EMBEDDING_DIM': 512, 'HIDDEN_DIM': 528, 'NUM_LAYERS': 1, 'DROPOUT': 0.08699169060175904, 'LR': 0.0020451171272775535, 'WEIGHT_0': 0.4856943979002969, 'WEIGHT_1': 0.6924309768693454, 'WEIGHT_2': 0.07167058315675412, 'WEIGHT_3': 0.5558684950571325, 'WEIGHT_4': 0.4252837832444617, 'WEIGHT_5': 0.12559592762997362, 'WEIGHT_6': 0.1257638901470739, 'WEIGHT_7': 0.8069047639568957, 'WEIGHT_8': 0.8532077994978238}
49
              precision    recall  f1-score   support

         LOC       0.17      0.10      0.13      1837
        MISC       0.10      0.04      0.05       922
         ORG       0.06      0.40      0.10      1341
         PER       0.11      0.05      0.07      1842

   micro avg       0.08      0.14      0.10      5942
   macro avg       0.11      0.15      0.09      5942
weighted avg       0.12      0.14      0.09      5942

epoch 49
Transformer

  0%|          | 0/50 [00:00<?, ?it/s]
  2%|▏         | 1/50 [00:12<10:12, 12.49s/it]
  4%|▍         | 2/50 [00:15<05:19,  6.65s/it]
  6%|▌         | 3/50 [00:17<03:46,  4.82s/it]
  8%|▊         | 4/50 [00:20<03:02,  3.97s/it]
 10%|█         | 5/50 [00:23<02:37,  3.49s/it]
 12%|█▏        | 6/50 [00:25<02:21,  3.21s/it]
 14%|█▍        | 7/50 [00:28<02:10,  3.03s/it]
 16%|█▌        | 8/50 [00:30<02:02,  2.91s/it]
 18%|█▊        | 9/50 [00:33<01:56,  2.84s/it]
 20%|██        | 10/50 [00:36<01:51,  2.79s/it]
 22%|██▏       | 11/50 [00:39<01:47,  2.75s/it]
 24%|██▍       | 12/50 [00:41<01:43,  2.73s/it]
 26%|██▌       | 13/50 [00:44<01:40,  2.71s/it]
 28%|██▊       | 14/50 [00:47<01:37,  2.70s/it]
 30%|███       | 15/50 [00:49<01:34,  2.70s/it]
 32%|███▏      | 16/50 [00:52<01:31,  2.70s/it]
 34%|███▍      | 17/50 [00:55<01:28,  2.69s/it]
 36%|███▌      | 18/50 [00:57<01:26,  2.69s/it]
 38%|███▊      | 19/50 [01:00<01:23,  2.70s/it]
 40%|████      | 20/50 [01:03<01:20,  2.70s/it]
 42%|████▏     | 21/50 [01:05<01:18,  2.70s/it]
 44%|████▍     | 22/50 [01:08<01:15,  2.70s/it]
 46%|████▌     | 23/50 [01:11<01:12,  2.70s/it]
 48%|████▊     | 24/50 [01:14<01:10,  2.71s/it]
 50%|█████     | 25/50 [01:16<01:07,  2.71s/it]
 52%|█████▏    | 26/50 [01:19<01:05,  2.72s/it]
 54%|█████▍    | 27/50 [01:22<01:02,  2.72s/it]
 56%|█████▌    | 28/50 [01:24<01:00,  2.73s/it]
 58%|█████▊    | 29/50 [01:27<00:57,  2.74s/it]
 60%|██████    | 30/50 [01:30<00:55,  2.75s/it]
 62%|██████▏   | 31/50 [01:33<00:52,  2.76s/it]
 64%|██████▍   | 32/50 [01:36<00:49,  2.77s/it]
 66%|██████▌   | 33/50 [01:38<00:47,  2.77s/it]
 68%|██████▊   | 34/50 [01:41<00:44,  2.78s/it]
 70%|███████   | 35/50 [01:44<00:41,  2.78s/it]
 72%|███████▏  | 36/50 [01:47<00:38,  2.78s/it]
 74%|███████▍  | 37/50 [01:50<00:36,  2.78s/it]
 76%|███████▌  | 38/50 [01:52<00:33,  2.78s/it]
 78%|███████▊  | 39/50 [01:55<00:30,  2.78s/it]
 80%|████████  | 40/50 [01:58<00:27,  2.77s/it]
 82%|████████▏ | 41/50 [02:01<00:24,  2.76s/it]
 84%|████████▍ | 42/50 [02:03<00:22,  2.75s/it]
 86%|████████▌ | 43/50 [02:06<00:19,  2.75s/it]
 88%|████████▊ | 44/50 [02:09<00:16,  2.75s/it]
 90%|█████████ | 45/50 [02:11<00:13,  2.75s/it]
 92%|█████████▏| 46/50 [02:14<00:10,  2.75s/it]
 94%|█████████▍| 47/50 [02:17<00:08,  2.75s/it]
 96%|█████████▌| 48/50 [02:20<00:05,  2.75s/it]
 98%|█████████▊| 49/50 [02:23<00:02,  2.75s/it]
100%|██████████| 50/50 [02:35<00:00,  5.72s/it]
100%|██████████| 50/50 [02:35<00:00,  3.11s/it]
[I 2023-12-11 19:22:30,730] Trial 1 finished with value: 0.0 and parameters: {'EMBEDDING_DIM': 1024, 'HIDDEN_DIM': 1281, 'NUM_LAYERS': 3, 'DROPOUT': 0.25053515487521383, 'LR': 0.003468096366111959, 'WEIGHT_0': 0.1767301238247675, 'WEIGHT_1': 0.35233144459790133, 'WEIGHT_2': 0.7910872738298756, 'WEIGHT_3': 0.3374404061040185, 'WEIGHT_4': 0.24660705371874236, 'WEIGHT_5': 0.09688555147166278, 'WEIGHT_6': 0.46113266558589805, 'WEIGHT_7': 0.3697527538665204, 'WEIGHT_8': 0.1376234316101741}. Best is trial 0 with value: 0.09900301414328774.
{'EMBEDDING_DIM': 1024, 'HIDDEN_DIM': 1281, 'NUM_LAYERS': 3, 'DROPOUT': 0.25053515487521383, 'LR': 0.003468096366111959, 'WEIGHT_0': 0.1767301238247675, 'WEIGHT_1': 0.35233144459790133, 'WEIGHT_2': 0.7910872738298756, 'WEIGHT_3': 0.3374404061040185, 'WEIGHT_4': 0.24660705371874236, 'WEIGHT_5': 0.09688555147166278, 'WEIGHT_6': 0.46113266558589805, 'WEIGHT_7': 0.3697527538665204, 'WEIGHT_8': 0.1376234316101741}
0
              precision    recall  f1-score   support

         LOC       0.00      0.00      0.00      1837
        MISC       0.00      0.00      0.00       922
         ORG       0.00      0.00      0.00      1341
         PER       0.00      0.00      0.00      1842

   micro avg       0.00      0.00      0.00      5942
   macro avg       0.00      0.00      0.00      5942
weighted avg       0.00      0.00      0.00      5942

{'EMBEDDING_DIM': 1024, 'HIDDEN_DIM': 1281, 'NUM_LAYERS': 3, 'DROPOUT': 0.25053515487521383, 'LR': 0.003468096366111959, 'WEIGHT_0': 0.1767301238247675, 'WEIGHT_1': 0.35233144459790133, 'WEIGHT_2': 0.7910872738298756, 'WEIGHT_3': 0.3374404061040185, 'WEIGHT_4': 0.24660705371874236, 'WEIGHT_5': 0.09688555147166278, 'WEIGHT_6': 0.46113266558589805, 'WEIGHT_7': 0.3697527538665204, 'WEIGHT_8': 0.1376234316101741}
49
              precision    recall  f1-score   support

         LOC       0.00      0.00      0.00      1837
        MISC       0.00      0.00      0.00       922
         ORG       0.00      0.00      0.00      1341
         PER       0.00      0.00      0.00      1842

   micro avg       0.00      0.00      0.00      5942
   macro avg       0.00      0.00      0.00      5942
weighted avg       0.00      0.00      0.00      5942

epoch 49
Transformer

  0%|          | 0/50 [00:00<?, ?it/s]
  2%|▏         | 1/50 [00:20<16:33, 20.27s/it]
  4%|▍         | 2/50 [00:28<10:40, 13.33s/it]
  6%|▌         | 3/50 [00:37<08:51, 11.30s/it]
  8%|▊         | 4/50 [00:46<07:57, 10.39s/it]
 10%|█         | 5/50 [00:55<07:28,  9.96s/it]
 12%|█▏        | 6/50 [01:04<07:06,  9.68s/it]
 14%|█▍        | 7/50 [01:14<06:48,  9.49s/it]
 16%|█▌        | 8/50 [01:23<06:33,  9.37s/it]
 18%|█▊        | 9/50 [01:32<06:21,  9.30s/it]
 20%|██        | 10/50 [01:41<06:10,  9.25s/it]
 22%|██▏       | 11/50 [01:50<05:58,  9.20s/it]
 24%|██▍       | 12/50 [01:59<05:48,  9.17s/it]
 26%|██▌       | 13/50 [02:08<05:39,  9.16s/it]
 28%|██▊       | 14/50 [02:17<05:29,  9.16s/it]
 30%|███       | 15/50 [02:27<05:20,  9.15s/it]
 32%|███▏      | 16/50 [02:36<05:10,  9.13s/it]
 34%|███▍      | 17/50 [02:45<05:01,  9.13s/it]
 36%|███▌      | 18/50 [02:54<04:52,  9.13s/it]
 38%|███▊      | 19/50 [03:03<04:43,  9.14s/it]
 40%|████      | 20/50 [03:12<04:33,  9.12s/it]
 42%|████▏     | 21/50 [03:21<04:24,  9.12s/it]
 44%|████▍     | 22/50 [03:30<04:15,  9.13s/it]
 46%|████▌     | 23/50 [03:40<04:06,  9.14s/it]
 48%|████▊     | 24/50 [03:49<03:57,  9.12s/it]
 50%|█████     | 25/50 [03:58<03:47,  9.11s/it]
 52%|█████▏    | 26/50 [04:07<03:38,  9.12s/it]
 54%|█████▍    | 27/50 [04:16<03:30,  9.13s/it]
 56%|█████▌    | 28/50 [04:25<03:20,  9.11s/it]
 58%|█████▊    | 29/50 [04:34<03:11,  9.11s/it]
 60%|██████    | 30/50 [04:43<03:02,  9.11s/it]
 62%|██████▏   | 31/50 [04:52<02:53,  9.12s/it]
 64%|██████▍   | 32/50 [05:02<02:44,  9.12s/it]
 66%|██████▌   | 33/50 [05:11<02:34,  9.11s/it]
 68%|██████▊   | 34/50 [05:20<02:25,  9.11s/it]
 70%|███████   | 35/50 [05:29<02:16,  9.12s/it]
 72%|███████▏  | 36/50 [05:38<02:07,  9.13s/it]
 74%|███████▍  | 37/50 [05:47<01:58,  9.11s/it]
 76%|███████▌  | 38/50 [05:56<01:49,  9.11s/it]
 78%|███████▊  | 39/50 [06:05<01:40,  9.11s/it]
 80%|████████  | 40/50 [06:15<01:31,  9.12s/it]
 82%|████████▏ | 41/50 [06:24<01:22,  9.13s/it]
 84%|████████▍ | 42/50 [06:33<01:12,  9.11s/it]
 86%|████████▌ | 43/50 [06:42<01:03,  9.11s/it]
 88%|████████▊ | 44/50 [06:51<00:54,  9.11s/it]
 90%|█████████ | 45/50 [07:00<00:45,  9.13s/it]
 92%|█████████▏| 46/50 [07:09<00:36,  9.12s/it]
 94%|█████████▍| 47/50 [07:18<00:27,  9.11s/it]
 96%|█████████▌| 48/50 [07:27<00:18,  9.11s/it]
 98%|█████████▊| 49/50 [07:37<00:09,  9.12s/it]
100%|██████████| 50/50 [07:57<00:00, 12.67s/it]
100%|██████████| 50/50 [07:57<00:00,  9.56s/it]
[I 2023-12-11 19:30:42,110] Trial 2 finished with value: 0.0 and parameters: {'EMBEDDING_DIM': 2048, 'HIDDEN_DIM': 673, 'NUM_LAYERS': 4, 'DROPOUT': 0.022900231483844402, 'LR': 0.009161059714268198, 'WEIGHT_0': 0.5296042565557678, 'WEIGHT_1': 0.5995819602307696, 'WEIGHT_2': 0.7754592507895587, 'WEIGHT_3': 0.5216108847538826, 'WEIGHT_4': 0.38248064971165996, 'WEIGHT_5': 0.09652812052023418, 'WEIGHT_6': 0.39940611146747695, 'WEIGHT_7': 0.4919790013908458, 'WEIGHT_8': 0.6865629733106924}. Best is trial 0 with value: 0.09900301414328774.
{'EMBEDDING_DIM': 2048, 'HIDDEN_DIM': 673, 'NUM_LAYERS': 4, 'DROPOUT': 0.022900231483844402, 'LR': 0.009161059714268198, 'WEIGHT_0': 0.5296042565557678, 'WEIGHT_1': 0.5995819602307696, 'WEIGHT_2': 0.7754592507895587, 'WEIGHT_3': 0.5216108847538826, 'WEIGHT_4': 0.38248064971165996, 'WEIGHT_5': 0.09652812052023418, 'WEIGHT_6': 0.39940611146747695, 'WEIGHT_7': 0.4919790013908458, 'WEIGHT_8': 0.6865629733106924}
0
              precision    recall  f1-score   support

         LOC       0.00      0.00      0.00      1837
        MISC       0.00      0.00      0.00       922
         ORG       0.00      0.00      0.00      1341
         PER       0.00      0.00      0.00      1842

   micro avg       0.00      0.00      0.00      5942
   macro avg       0.00      0.00      0.00      5942
weighted avg       0.00      0.00      0.00      5942

{'EMBEDDING_DIM': 2048, 'HIDDEN_DIM': 673, 'NUM_LAYERS': 4, 'DROPOUT': 0.022900231483844402, 'LR': 0.009161059714268198, 'WEIGHT_0': 0.5296042565557678, 'WEIGHT_1': 0.5995819602307696, 'WEIGHT_2': 0.7754592507895587, 'WEIGHT_3': 0.5216108847538826, 'WEIGHT_4': 0.38248064971165996, 'WEIGHT_5': 0.09652812052023418, 'WEIGHT_6': 0.39940611146747695, 'WEIGHT_7': 0.4919790013908458, 'WEIGHT_8': 0.6865629733106924}
49
              precision    recall  f1-score   support

         LOC       0.00      0.00      0.00      1837
        MISC       0.00      0.00      0.00       922
         ORG       0.00      0.00      0.00      1341
         PER       0.00      0.00      0.00      1842

   micro avg       0.00      0.00      0.00      5942
   macro avg       0.00      0.00      0.00      5942
weighted avg       0.00      0.00      0.00      5942

epoch 49
Transformer

  0%|          | 0/50 [00:00<?, ?it/s]
  2%|▏         | 1/50 [00:10<08:16, 10.14s/it]
  4%|▍         | 2/50 [00:12<04:18,  5.38s/it]
  6%|▌         | 3/50 [00:14<03:02,  3.88s/it]
  8%|▊         | 4/50 [00:16<02:26,  3.18s/it]
 10%|█         | 5/50 [00:18<02:05,  2.79s/it]
 12%|█▏        | 6/50 [00:20<01:52,  2.56s/it]
 14%|█▍        | 7/50 [00:22<01:43,  2.42s/it]
 16%|█▌        | 8/50 [00:24<01:37,  2.32s/it]
 18%|█▊        | 9/50 [00:26<01:32,  2.26s/it]
 20%|██        | 10/50 [00:29<01:28,  2.22s/it]
 22%|██▏       | 11/50 [00:31<01:25,  2.19s/it]
 24%|██▍       | 12/50 [00:33<01:22,  2.17s/it]
 26%|██▌       | 13/50 [00:35<01:20,  2.16s/it]
 28%|██▊       | 14/50 [00:37<01:17,  2.16s/it]
 30%|███       | 15/50 [00:39<01:15,  2.15s/it]
 32%|███▏      | 16/50 [00:41<01:13,  2.15s/it]
 34%|███▍      | 17/50 [00:44<01:11,  2.16s/it]
 36%|███▌      | 18/50 [00:46<01:09,  2.16s/it]
 38%|███▊      | 19/50 [00:48<01:07,  2.17s/it]
 40%|████      | 20/50 [00:50<01:05,  2.18s/it]
 42%|████▏     | 21/50 [00:52<01:03,  2.18s/it]
 44%|████▍     | 22/50 [00:55<01:01,  2.19s/it]
 46%|████▌     | 23/50 [00:57<00:59,  2.20s/it]
 48%|████▊     | 24/50 [00:59<00:57,  2.20s/it]
 50%|█████     | 25/50 [01:01<00:55,  2.20s/it]
 52%|█████▏    | 26/50 [01:03<00:52,  2.20s/it]
 54%|█████▍    | 27/50 [01:06<00:50,  2.19s/it]
 56%|█████▌    | 28/50 [01:08<00:48,  2.19s/it]
 58%|█████▊    | 29/50 [01:10<00:45,  2.18s/it]
 60%|██████    | 30/50 [01:12<00:43,  2.18s/it]
 62%|██████▏   | 31/50 [01:14<00:41,  2.18s/it]
 64%|██████▍   | 32/50 [01:16<00:39,  2.18s/it]
 66%|██████▌   | 33/50 [01:19<00:37,  2.18s/it]
 68%|██████▊   | 34/50 [01:21<00:34,  2.18s/it]
 70%|███████   | 35/50 [01:23<00:32,  2.18s/it]
 72%|███████▏  | 36/50 [01:25<00:30,  2.18s/it]
 74%|███████▍  | 37/50 [01:27<00:28,  2.19s/it]
 76%|███████▌  | 38/50 [01:30<00:26,  2.19s/it]
 78%|███████▊  | 39/50 [01:32<00:24,  2.19s/it]
 80%|████████  | 40/50 [01:34<00:21,  2.19s/it]
 82%|████████▏ | 41/50 [01:36<00:19,  2.19s/it]
 84%|████████▍ | 42/50 [01:38<00:17,  2.19s/it]
 86%|████████▌ | 43/50 [01:41<00:15,  2.19s/it]
 88%|████████▊ | 44/50 [01:43<00:13,  2.19s/it]
 90%|█████████ | 45/50 [01:45<00:10,  2.19s/it]
 92%|█████████▏| 46/50 [01:47<00:08,  2.19s/it]
 94%|█████████▍| 47/50 [01:49<00:06,  2.19s/it]
 96%|█████████▌| 48/50 [01:52<00:04,  2.20s/it]
 98%|█████████▊| 49/50 [01:54<00:02,  2.20s/it]
100%|██████████| 50/50 [02:04<00:00,  4.57s/it]
100%|██████████| 50/50 [02:04<00:00,  2.49s/it]
