[I 2023-12-11 23:38:23,088] Trial 434 finished with value: 0.41805501743510265 and parameters: {'EMBEDDING_DIM': 32, 'HIDDEN_DIM': 1796, 'NUM_LAYERS': 1, 'DROPOUT': 0.2271753153955004, 'LR': 0.006474304374336937, 'WEIGHT_0': 0.9328857915049154, 'WEIGHT_1': 0.09081729864632734, 'WEIGHT_2': 0.9426624721920924, 'WEIGHT_3': 0.9648477761207439, 'WEIGHT_4': 0.8115713640507759, 'WEIGHT_5': 0.38821820746968844, 'WEIGHT_6': 0.4759826184738952, 'WEIGHT_7': 0.6169367524889298, 'WEIGHT_8': 0.5575344649888008}. Best is trial 282 with value: 0.45463128081401455.
{'EMBEDDING_DIM': 32, 'HIDDEN_DIM': 1796, 'NUM_LAYERS': 1, 'DROPOUT': 0.2271753153955004, 'LR': 0.006474304374336937, 'WEIGHT_0': 0.9328857915049154, 'WEIGHT_1': 0.09081729864632734, 'WEIGHT_2': 0.9426624721920924, 'WEIGHT_3': 0.9648477761207439, 'WEIGHT_4': 0.8115713640507759, 'WEIGHT_5': 0.38821820746968844, 'WEIGHT_6': 0.4759826184738952, 'WEIGHT_7': 0.6169367524889298, 'WEIGHT_8': 0.5575344649888008}
0
              precision    recall  f1-score   support

         LOC       0.00      0.00      0.00      1837
        MISC       0.00      0.00      0.00       922
         ORG       0.00      0.00      0.00      1341
         PER       0.00      0.00      0.00      1842

   micro avg       0.00      0.00      0.00      5942
   macro avg       0.00      0.00      0.00      5942
weighted avg       0.00      0.00      0.00      5942

{'EMBEDDING_DIM': 32, 'HIDDEN_DIM': 1796, 'NUM_LAYERS': 1, 'DROPOUT': 0.2271753153955004, 'LR': 0.006474304374336937, 'WEIGHT_0': 0.9328857915049154, 'WEIGHT_1': 0.09081729864632734, 'WEIGHT_2': 0.9426624721920924, 'WEIGHT_3': 0.9648477761207439, 'WEIGHT_4': 0.8115713640507759, 'WEIGHT_5': 0.38821820746968844, 'WEIGHT_6': 0.4759826184738952, 'WEIGHT_7': 0.6169367524889298, 'WEIGHT_8': 0.5575344649888008}
49
              precision    recall  f1-score   support

         LOC       0.73      0.58      0.65      1837
        MISC       0.61      0.50      0.55       922
         ORG       0.43      0.21      0.28      1341
         PER       0.24      0.19      0.21      1842

   micro avg       0.49      0.36      0.42      5942
   macro avg       0.50      0.37      0.42      5942
weighted avg       0.49      0.36      0.41      5942

epoch 49
Transformer

  0%|          | 0/50 [00:00<?, ?it/s]
  2%|▏         | 1/50 [00:07<05:58,  7.31s/it]
  4%|▍         | 2/50 [00:07<02:27,  3.08s/it]
  6%|▌         | 3/50 [00:07<01:21,  1.73s/it]
  8%|▊         | 4/50 [00:07<00:50,  1.09s/it]
 10%|█         | 5/50 [00:07<00:33,  1.35it/s]
 12%|█▏        | 6/50 [00:07<00:23,  1.90it/s]
 14%|█▍        | 7/50 [00:08<00:16,  2.54it/s]
 16%|█▌        | 8/50 [00:08<00:12,  3.24it/s]
 18%|█▊        | 9/50 [00:08<00:10,  4.03it/s]
 20%|██        | 10/50 [00:08<00:08,  4.72it/s]
 22%|██▏       | 11/50 [00:08<00:07,  5.33it/s]
 24%|██▍       | 12/50 [00:08<00:06,  6.09it/s]
 26%|██▌       | 13/50 [00:08<00:05,  6.76it/s]
 28%|██▊       | 14/50 [00:08<00:04,  7.33it/s]
 30%|███       | 15/50 [00:08<00:04,  7.78it/s]
 32%|███▏      | 16/50 [00:09<00:04,  8.14it/s]
 34%|███▍      | 17/50 [00:09<00:03,  8.38it/s]
 36%|███▌      | 18/50 [00:09<00:03,  8.59it/s]
 38%|███▊      | 19/50 [00:09<00:03,  8.74it/s]
 40%|████      | 20/50 [00:09<00:03,  8.85it/s]
 42%|████▏     | 21/50 [00:09<00:03,  8.92it/s]
 44%|████▍     | 22/50 [00:09<00:03,  8.96it/s]
 46%|████▌     | 23/50 [00:09<00:02,  9.01it/s]
 48%|████▊     | 24/50 [00:09<00:02,  9.02it/s]
 50%|█████     | 25/50 [00:10<00:02,  9.05it/s]
 52%|█████▏    | 26/50 [00:10<00:02,  9.04it/s]
 54%|█████▍    | 27/50 [00:10<00:02,  9.06it/s]
 56%|█████▌    | 28/50 [00:10<00:02,  9.07it/s]
 58%|█████▊    | 29/50 [00:10<00:02,  9.08it/s]
 60%|██████    | 30/50 [00:10<00:02,  9.07it/s]
 62%|██████▏   | 31/50 [00:10<00:02,  9.06it/s]
 64%|██████▍   | 32/50 [00:10<00:01,  9.05it/s]
 66%|██████▌   | 33/50 [00:10<00:01,  9.05it/s]
 68%|██████▊   | 34/50 [00:11<00:01,  9.05it/s]
 70%|███████   | 35/50 [00:11<00:01,  9.05it/s]
 72%|███████▏  | 36/50 [00:11<00:01,  9.05it/s]
 74%|███████▍  | 37/50 [00:11<00:01,  9.06it/s]
 76%|███████▌  | 38/50 [00:11<00:01,  9.08it/s]
 78%|███████▊  | 39/50 [00:11<00:01,  9.09it/s]
 80%|████████  | 40/50 [00:11<00:01,  9.05it/s]
 82%|████████▏ | 41/50 [00:11<00:00,  9.08it/s]
 84%|████████▍ | 42/50 [00:11<00:00,  9.08it/s]
 86%|████████▌ | 43/50 [00:12<00:00,  9.08it/s]
 88%|████████▊ | 44/50 [00:12<00:00,  9.08it/s]
 90%|█████████ | 45/50 [00:12<00:00,  9.07it/s]
 92%|█████████▏| 46/50 [00:12<00:00,  9.07it/s]
 94%|█████████▍| 47/50 [00:12<00:00,  9.08it/s]
 96%|█████████▌| 48/50 [00:12<00:00,  9.09it/s]
 98%|█████████▊| 49/50 [00:12<00:00,  9.07it/s]
100%|██████████| 50/50 [00:19<00:00,  2.26s/it]
100%|██████████| 50/50 [00:19<00:00,  2.50it/s]
[I 2023-12-11 23:38:50,184] Trial 435 finished with value: 0.4362577795623369 and parameters: {'EMBEDDING_DIM': 32, 'HIDDEN_DIM': 998, 'NUM_LAYERS': 1, 'DROPOUT': 0.32360117641153874, 'LR': 0.006816909371897632, 'WEIGHT_0': 0.5493972987587551, 'WEIGHT_1': 0.68356620819029, 'WEIGHT_2': 0.5872952749417683, 'WEIGHT_3': 0.1317276756917995, 'WEIGHT_4': 0.8261084909682489, 'WEIGHT_5': 0.4589654260775, 'WEIGHT_6': 0.6547041662686838, 'WEIGHT_7': 0.8798572156118171, 'WEIGHT_8': 0.5401974773706362}. Best is trial 282 with value: 0.45463128081401455.
{'EMBEDDING_DIM': 32, 'HIDDEN_DIM': 998, 'NUM_LAYERS': 1, 'DROPOUT': 0.32360117641153874, 'LR': 0.006816909371897632, 'WEIGHT_0': 0.5493972987587551, 'WEIGHT_1': 0.68356620819029, 'WEIGHT_2': 0.5872952749417683, 'WEIGHT_3': 0.1317276756917995, 'WEIGHT_4': 0.8261084909682489, 'WEIGHT_5': 0.4589654260775, 'WEIGHT_6': 0.6547041662686838, 'WEIGHT_7': 0.8798572156118171, 'WEIGHT_8': 0.5401974773706362}
0
              precision    recall  f1-score   support

         LOC       0.00      0.00      0.00      1837
        MISC       0.00      0.00      0.00       922
         ORG       0.00      0.00      0.00      1341
         PER       0.00      0.00      0.00      1842

   micro avg       0.00      0.00      0.00      5942
   macro avg       0.00      0.00      0.00      5942
weighted avg       0.00      0.00      0.00      5942

{'EMBEDDING_DIM': 32, 'HIDDEN_DIM': 998, 'NUM_LAYERS': 1, 'DROPOUT': 0.32360117641153874, 'LR': 0.006816909371897632, 'WEIGHT_0': 0.5493972987587551, 'WEIGHT_1': 0.68356620819029, 'WEIGHT_2': 0.5872952749417683, 'WEIGHT_3': 0.1317276756917995, 'WEIGHT_4': 0.8261084909682489, 'WEIGHT_5': 0.4589654260775, 'WEIGHT_6': 0.6547041662686838, 'WEIGHT_7': 0.8798572156118171, 'WEIGHT_8': 0.5401974773706362}
49
              precision    recall  f1-score   support

         LOC       0.80      0.57      0.66      1837
        MISC       0.62      0.49      0.55       922
         ORG       0.31      0.24      0.27      1341
         PER       0.37      0.19      0.26      1842

   micro avg       0.54      0.37      0.44      5942
   macro avg       0.52      0.37      0.43      5942
weighted avg       0.53      0.37      0.43      5942

epoch 49
Transformer

  0%|          | 0/50 [00:00<?, ?it/s]
  2%|▏         | 1/50 [00:07<06:04,  7.43s/it]
  4%|▍         | 2/50 [00:07<02:30,  3.13s/it]
  6%|▌         | 3/50 [00:07<01:22,  1.75s/it]
  8%|▊         | 4/50 [00:07<00:50,  1.11s/it]
 10%|█         | 5/50 [00:07<00:33,  1.33it/s]
 12%|█▏        | 6/50 [00:08<00:23,  1.87it/s]
 14%|█▍        | 7/50 [00:08<00:17,  2.49it/s]
 16%|█▌        | 8/50 [00:08<00:12,  3.24it/s]
 18%|█▊        | 9/50 [00:08<00:10,  4.05it/s]
 20%|██        | 10/50 [00:08<00:08,  4.89it/s]
 22%|██▏       | 11/50 [00:08<00:06,  5.70it/s]
 24%|██▍       | 12/50 [00:08<00:05,  6.43it/s]
 26%|██▌       | 13/50 [00:08<00:05,  7.05it/s]
 28%|██▊       | 14/50 [00:08<00:04,  7.57it/s]
 30%|███       | 15/50 [00:09<00:04,  7.97it/s]
 32%|███▏      | 16/50 [00:09<00:04,  8.27it/s]
 34%|███▍      | 17/50 [00:09<00:03,  8.50it/s]
 36%|███▌      | 18/50 [00:09<00:03,  8.65it/s]
 38%|███▊      | 19/50 [00:09<00:03,  8.76it/s]
 40%|████      | 20/50 [00:09<00:03,  8.86it/s]
 42%|████▏     | 21/50 [00:09<00:03,  8.94it/s]
 44%|████▍     | 22/50 [00:09<00:03,  8.99it/s]
 46%|████▌     | 23/50 [00:09<00:02,  9.00it/s]
 48%|████▊     | 24/50 [00:10<00:02,  9.03it/s]
 50%|█████     | 25/50 [00:10<00:02,  9.05it/s]
 52%|█████▏    | 26/50 [00:10<00:02,  9.06it/s]
 54%|█████▍    | 27/50 [00:10<00:02,  9.06it/s]
 56%|█████▌    | 28/50 [00:10<00:02,  9.07it/s]
 58%|█████▊    | 29/50 [00:10<00:02,  9.08it/s]
 60%|██████    | 30/50 [00:10<00:02,  9.07it/s]
 62%|██████▏   | 31/50 [00:10<00:02,  9.06it/s]
 64%|██████▍   | 32/50 [00:10<00:01,  9.05it/s]
 66%|██████▌   | 33/50 [00:11<00:01,  9.07it/s]
 68%|██████▊   | 34/50 [00:11<00:01,  9.08it/s]
 70%|███████   | 35/50 [00:11<00:01,  9.07it/s]
 72%|███████▏  | 36/50 [00:11<00:01,  9.08it/s]
 74%|███████▍  | 37/50 [00:11<00:01,  9.07it/s]
 76%|███████▌  | 38/50 [00:11<00:01,  9.08it/s]
 78%|███████▊  | 39/50 [00:11<00:01,  9.09it/s]
 80%|████████  | 40/50 [00:11<00:01,  9.10it/s]
 82%|████████▏ | 41/50 [00:11<00:00,  9.09it/s]
 84%|████████▍ | 42/50 [00:11<00:00,  9.08it/s]
 86%|████████▌ | 43/50 [00:12<00:00,  9.08it/s]
 88%|████████▊ | 44/50 [00:12<00:00,  9.06it/s]
 90%|█████████ | 45/50 [00:12<00:00,  9.01it/s]
 92%|█████████▏| 46/50 [00:12<00:00,  8.76it/s]
 94%|█████████▍| 47/50 [00:12<00:00,  8.40it/s]
 96%|█████████▌| 48/50 [00:12<00:00,  8.60it/s]
 98%|█████████▊| 49/50 [00:12<00:00,  8.74it/s]
100%|██████████| 50/50 [00:20<00:00,  2.26s/it]
100%|██████████| 50/50 [00:20<00:00,  2.49it/s]
[I 2023-12-11 23:39:17,402] Trial 436 finished with value: 0.43909991742361687 and parameters: {'EMBEDDING_DIM': 32, 'HIDDEN_DIM': 647, 'NUM_LAYERS': 1, 'DROPOUT': 0.24209583193436582, 'LR': 0.009255831321282078, 'WEIGHT_0': 0.6286741834252328, 'WEIGHT_1': 0.11856278129375966, 'WEIGHT_2': 0.20282914652110406, 'WEIGHT_3': 0.17454825114194883, 'WEIGHT_4': 0.20867640879220006, 'WEIGHT_5': 0.3433283642666506, 'WEIGHT_6': 0.43780733763985114, 'WEIGHT_7': 0.9682624702108754, 'WEIGHT_8': 0.761673146692372}. Best is trial 282 with value: 0.45463128081401455.
{'EMBEDDING_DIM': 32, 'HIDDEN_DIM': 647, 'NUM_LAYERS': 1, 'DROPOUT': 0.24209583193436582, 'LR': 0.009255831321282078, 'WEIGHT_0': 0.6286741834252328, 'WEIGHT_1': 0.11856278129375966, 'WEIGHT_2': 0.20282914652110406, 'WEIGHT_3': 0.17454825114194883, 'WEIGHT_4': 0.20867640879220006, 'WEIGHT_5': 0.3433283642666506, 'WEIGHT_6': 0.43780733763985114, 'WEIGHT_7': 0.9682624702108754, 'WEIGHT_8': 0.761673146692372}
0
              precision    recall  f1-score   support

         LOC       0.00      0.00      0.00      1837
        MISC       0.00      0.00      0.00       922
         ORG       0.00      0.00      0.00      1341
         PER       0.00      0.00      0.00      1842

   micro avg       0.00      0.00      0.00      5942
   macro avg       0.00      0.00      0.00      5942
weighted avg       0.00      0.00      0.00      5942

{'EMBEDDING_DIM': 32, 'HIDDEN_DIM': 647, 'NUM_LAYERS': 1, 'DROPOUT': 0.24209583193436582, 'LR': 0.009255831321282078, 'WEIGHT_0': 0.6286741834252328, 'WEIGHT_1': 0.11856278129375966, 'WEIGHT_2': 0.20282914652110406, 'WEIGHT_3': 0.17454825114194883, 'WEIGHT_4': 0.20867640879220006, 'WEIGHT_5': 0.3433283642666506, 'WEIGHT_6': 0.43780733763985114, 'WEIGHT_7': 0.9682624702108754, 'WEIGHT_8': 0.761673146692372}
49
              precision    recall  f1-score   support

         LOC       0.76      0.58      0.66      1837
        MISC       0.58      0.49      0.53       922
         ORG       0.39      0.21      0.27      1341
         PER       0.38      0.17      0.24      1842

   micro avg       0.57      0.36      0.44      5942
   macro avg       0.53      0.36      0.43      5942
weighted avg       0.53      0.36      0.42      5942

epoch 49
Transformer

  0%|          | 0/50 [00:00<?, ?it/s]
  2%|▏         | 1/50 [00:07<06:26,  7.89s/it]
  4%|▍         | 2/50 [00:08<02:52,  3.59s/it]
  6%|▌         | 3/50 [00:09<01:43,  2.21s/it]
  8%|▊         | 4/50 [00:09<01:11,  1.56s/it]
 10%|█         | 5/50 [00:10<00:54,  1.20s/it]
 12%|█▏        | 6/50 [00:10<00:43,  1.01it/s]
 14%|█▍        | 7/50 [00:11<00:36,  1.18it/s]
 16%|█▌        | 8/50 [00:11<00:31,  1.32it/s]
 18%|█▊        | 9/50 [00:12<00:28,  1.43it/s]
 20%|██        | 10/50 [00:12<00:26,  1.52it/s]
 22%|██▏       | 11/50 [00:13<00:24,  1.59it/s]
 24%|██▍       | 12/50 [00:14<00:23,  1.64it/s]
 26%|██▌       | 13/50 [00:14<00:22,  1.67it/s]
 28%|██▊       | 14/50 [00:15<00:21,  1.70it/s]
 30%|███       | 15/50 [00:15<00:20,  1.72it/s]
 32%|███▏      | 16/50 [00:16<00:19,  1.73it/s]
 34%|███▍      | 17/50 [00:16<00:18,  1.74it/s]
 36%|███▌      | 18/50 [00:17<00:18,  1.74it/s]
 38%|███▊      | 19/50 [00:18<00:17,  1.75it/s]
 40%|████      | 20/50 [00:18<00:17,  1.75it/s]
 42%|████▏     | 21/50 [00:19<00:16,  1.75it/s]
 44%|████▍     | 22/50 [00:19<00:15,  1.75it/s]
 46%|████▌     | 23/50 [00:20<00:15,  1.75it/s]
 48%|████▊     | 24/50 [00:20<00:14,  1.76it/s]
 50%|█████     | 25/50 [00:21<00:14,  1.75it/s]
 52%|█████▏    | 26/50 [00:22<00:13,  1.76it/s]
 54%|█████▍    | 27/50 [00:22<00:13,  1.75it/s]
 56%|█████▌    | 28/50 [00:23<00:12,  1.75it/s]
 58%|█████▊    | 29/50 [00:23<00:11,  1.75it/s]
 60%|██████    | 30/50 [00:24<00:11,  1.75it/s]
 62%|██████▏   | 31/50 [00:24<00:10,  1.75it/s]
 64%|██████▍   | 32/50 [00:25<00:10,  1.75it/s]
 66%|██████▌   | 33/50 [00:26<00:09,  1.75it/s]
 68%|██████▊   | 34/50 [00:26<00:09,  1.75it/s]
 70%|███████   | 35/50 [00:27<00:08,  1.75it/s]
 72%|███████▏  | 36/50 [00:27<00:08,  1.75it/s]
 74%|███████▍  | 37/50 [00:28<00:07,  1.75it/s]
 76%|███████▌  | 38/50 [00:28<00:06,  1.75it/s]
 78%|███████▊  | 39/50 [00:29<00:06,  1.75it/s]
 80%|████████  | 40/50 [00:30<00:05,  1.75it/s]
 82%|████████▏ | 41/50 [00:30<00:05,  1.73it/s]
 84%|████████▍ | 42/50 [00:31<00:04,  1.74it/s]
 86%|████████▌ | 43/50 [00:31<00:04,  1.74it/s]
 88%|████████▊ | 44/50 [00:32<00:03,  1.74it/s]
 90%|█████████ | 45/50 [00:32<00:02,  1.74it/s]
 92%|█████████▏| 46/50 [00:33<00:02,  1.74it/s]
 94%|█████████▍| 47/50 [00:34<00:01,  1.74it/s]
 96%|█████████▌| 48/50 [00:34<00:01,  1.74it/s]
 98%|█████████▊| 49/50 [00:35<00:00,  1.74it/s]
100%|██████████| 50/50 [00:43<00:00,  2.79s/it]
100%|██████████| 50/50 [00:43<00:00,  1.16it/s]
[I 2023-12-11 23:40:08,096] Trial 437 finished with value: 0.12366488651535382 and parameters: {'EMBEDDING_DIM': 512, 'HIDDEN_DIM': 2595, 'NUM_LAYERS': 1, 'DROPOUT': 0.2671614943103038, 'LR': 0.007641249210072981, 'WEIGHT_0': 0.33876274452396754, 'WEIGHT_1': 0.6709805365919465, 'WEIGHT_2': 0.5628083134040988, 'WEIGHT_3': 0.21751199486261039, 'WEIGHT_4': 0.6724726169253946, 'WEIGHT_5': 0.49833160618676553, 'WEIGHT_6': 0.15449964593801602, 'WEIGHT_7': 0.5669721151355319, 'WEIGHT_8': 0.8453114624097965}. Best is trial 282 with value: 0.45463128081401455.
{'EMBEDDING_DIM': 512, 'HIDDEN_DIM': 2595, 'NUM_LAYERS': 1, 'DROPOUT': 0.2671614943103038, 'LR': 0.007641249210072981, 'WEIGHT_0': 0.33876274452396754, 'WEIGHT_1': 0.6709805365919465, 'WEIGHT_2': 0.5628083134040988, 'WEIGHT_3': 0.21751199486261039, 'WEIGHT_4': 0.6724726169253946, 'WEIGHT_5': 0.49833160618676553, 'WEIGHT_6': 0.15449964593801602, 'WEIGHT_7': 0.5669721151355319, 'WEIGHT_8': 0.8453114624097965}
0
              precision    recall  f1-score   support

         LOC       0.00      0.00      0.00      1837
        MISC       0.00      0.00      0.00       922
         ORG       0.00      0.00      0.00      1341
         PER       0.00      0.00      0.00      1842

   micro avg       0.00      0.00      0.00      5942
   macro avg       0.00      0.00      0.00      5942
weighted avg       0.00      0.00      0.00      5942

{'EMBEDDING_DIM': 512, 'HIDDEN_DIM': 2595, 'NUM_LAYERS': 1, 'DROPOUT': 0.2671614943103038, 'LR': 0.007641249210072981, 'WEIGHT_0': 0.33876274452396754, 'WEIGHT_1': 0.6709805365919465, 'WEIGHT_2': 0.5628083134040988, 'WEIGHT_3': 0.21751199486261039, 'WEIGHT_4': 0.6724726169253946, 'WEIGHT_5': 0.49833160618676553, 'WEIGHT_6': 0.15449964593801602, 'WEIGHT_7': 0.5669721151355319, 'WEIGHT_8': 0.8453114624097965}
49
              precision    recall  f1-score   support

         LOC       0.21      0.17      0.19      1837
        MISC       0.00      0.00      0.00       922
         ORG       0.07      0.06      0.06      1341
         PER       0.10      0.19      0.13      1842

   micro avg       0.12      0.12      0.12      5942
   macro avg       0.10      0.10      0.10      5942
weighted avg       0.11      0.12      0.11      5942

epoch 49
Transformer

  0%|          | 0/50 [00:00<?, ?it/s]
  2%|▏         | 1/50 [00:07<06:01,  7.38s/it]
  4%|▍         | 2/50 [00:07<02:29,  3.11s/it]
  6%|▌         | 3/50 [00:07<01:21,  1.74s/it]
  8%|▊         | 4/50 [00:07<00:50,  1.10s/it]
 10%|█         | 5/50 [00:07<00:33,  1.34it/s]
 12%|█▏        | 6/50 [00:07<00:23,  1.89it/s]
 14%|█▍        | 7/50 [00:08<00:16,  2.54it/s]
 16%|█▌        | 8/50 [00:08<00:12,  3.28it/s]
 18%|█▊        | 9/50 [00:08<00:10,  4.08it/s]
 20%|██        | 10/50 [00:08<00:08,  4.75it/s]
 22%|██▏       | 11/50 [00:08<00:07,  5.51it/s]
 24%|██▍       | 12/50 [00:08<00:06,  6.23it/s]
 26%|██▌       | 13/50 [00:08<00:05,  6.80it/s]
 28%|██▊       | 14/50 [00:08<00:04,  7.31it/s]
 30%|███       | 15/50 [00:09<00:04,  7.66it/s]
 32%|███▏      | 16/50 [00:09<00:04,  7.97it/s]
 34%|███▍      | 17/50 [00:09<00:04,  8.12it/s]
 36%|███▌      | 18/50 [00:09<00:03,  8.28it/s]
 38%|███▊      | 19/50 [00:09<00:03,  8.40it/s]
 40%|████      | 20/50 [00:09<00:03,  8.46it/s]
 42%|████▏     | 21/50 [00:09<00:03,  8.53it/s]
 44%|████▍     | 22/50 [00:09<00:03,  8.60it/s]
 46%|████▌     | 23/50 [00:09<00:03,  8.66it/s]
 48%|████▊     | 24/50 [00:10<00:02,  8.70it/s]
 50%|█████     | 25/50 [00:10<00:02,  8.72it/s]
 52%|█████▏    | 26/50 [00:10<00:02,  8.74it/s]
 54%|█████▍    | 27/50 [00:10<00:02,  8.76it/s]
 56%|█████▌    | 28/50 [00:10<00:02,  8.81it/s]
 58%|█████▊    | 29/50 [00:10<00:02,  8.90it/s]
 60%|██████    | 30/50 [00:10<00:02,  8.98it/s]
 62%|██████▏   | 31/50 [00:10<00:02,  9.01it/s]
 64%|██████▍   | 32/50 [00:10<00:01,  9.05it/s]
 66%|██████▌   | 33/50 [00:11<00:01,  9.06it/s]
 68%|██████▊   | 34/50 [00:11<00:01,  9.07it/s]
 70%|███████   | 35/50 [00:11<00:01,  9.08it/s]
 72%|███████▏  | 36/50 [00:11<00:01,  9.10it/s]
 74%|███████▍  | 37/50 [00:11<00:01,  9.10it/s]
 76%|███████▌  | 38/50 [00:11<00:01,  9.07it/s]
 78%|███████▊  | 39/50 [00:11<00:01,  9.10it/s]
 80%|████████  | 40/50 [00:11<00:01,  9.09it/s]
 82%|████████▏ | 41/50 [00:11<00:00,  9.11it/s]
 84%|████████▍ | 42/50 [00:12<00:00,  9.12it/s]
 86%|████████▌ | 43/50 [00:12<00:00,  9.09it/s]
 88%|████████▊ | 44/50 [00:12<00:00,  9.10it/s]
 90%|█████████ | 45/50 [00:12<00:00,  9.12it/s]
 92%|█████████▏| 46/50 [00:12<00:00,  9.13it/s]
 94%|█████████▍| 47/50 [00:12<00:00,  9.11it/s]
 96%|█████████▌| 48/50 [00:12<00:00,  9.12it/s]
 98%|█████████▊| 49/50 [00:12<00:00,  9.13it/s]
100%|██████████| 50/50 [00:20<00:00,  2.26s/it]
100%|██████████| 50/50 [00:20<00:00,  2.49it/s]
