[I 2023-12-11 21:23:16,982] Trial 177 finished with value: 0.4427401803295678 and parameters: {'EMBEDDING_DIM': 32, 'HIDDEN_DIM': 482, 'NUM_LAYERS': 1, 'DROPOUT': 0.1571739345857551, 'LR': 0.007491789181280048, 'WEIGHT_0': 0.9087286870524199, 'WEIGHT_1': 0.07043249564702657, 'WEIGHT_2': 0.36692300787909327, 'WEIGHT_3': 0.37227866946586347, 'WEIGHT_4': 0.734474408162276, 'WEIGHT_5': 0.3515771883132735, 'WEIGHT_6': 0.11321533377305251, 'WEIGHT_7': 0.9369679864850717, 'WEIGHT_8': 0.7711877618459786}. Best is trial 42 with value: 0.44962374581939796.
{'EMBEDDING_DIM': 32, 'HIDDEN_DIM': 482, 'NUM_LAYERS': 1, 'DROPOUT': 0.1571739345857551, 'LR': 0.007491789181280048, 'WEIGHT_0': 0.9087286870524199, 'WEIGHT_1': 0.07043249564702657, 'WEIGHT_2': 0.36692300787909327, 'WEIGHT_3': 0.37227866946586347, 'WEIGHT_4': 0.734474408162276, 'WEIGHT_5': 0.3515771883132735, 'WEIGHT_6': 0.11321533377305251, 'WEIGHT_7': 0.9369679864850717, 'WEIGHT_8': 0.7711877618459786}
0
              precision    recall  f1-score   support

         LOC       0.00      0.00      0.00      1837
        MISC       0.00      0.00      0.00       922
         ORG       0.00      0.00      0.00      1341
         PER       0.00      0.00      0.00      1842

   micro avg       0.00      0.00      0.00      5942
   macro avg       0.00      0.00      0.00      5942
weighted avg       0.00      0.00      0.00      5942

{'EMBEDDING_DIM': 32, 'HIDDEN_DIM': 482, 'NUM_LAYERS': 1, 'DROPOUT': 0.1571739345857551, 'LR': 0.007491789181280048, 'WEIGHT_0': 0.9087286870524199, 'WEIGHT_1': 0.07043249564702657, 'WEIGHT_2': 0.36692300787909327, 'WEIGHT_3': 0.37227866946586347, 'WEIGHT_4': 0.734474408162276, 'WEIGHT_5': 0.3515771883132735, 'WEIGHT_6': 0.11321533377305251, 'WEIGHT_7': 0.9369679864850717, 'WEIGHT_8': 0.7711877618459786}
49
              precision    recall  f1-score   support

         LOC       0.78      0.58      0.67      1837
        MISC       0.60      0.48      0.53       922
         ORG       0.44      0.22      0.30      1341
         PER       0.35      0.18      0.24      1842

   micro avg       0.58      0.36      0.44      5942
   macro avg       0.55      0.37      0.43      5942
weighted avg       0.54      0.36      0.43      5942

epoch 49
Transformer

  0%|          | 0/50 [00:00<?, ?it/s]
  2%|▏         | 1/50 [00:07<06:04,  7.44s/it]
  4%|▍         | 2/50 [00:07<02:30,  3.14s/it]
  6%|▌         | 3/50 [00:07<01:22,  1.76s/it]
  8%|▊         | 4/50 [00:07<00:51,  1.11s/it]
 10%|█         | 5/50 [00:07<00:34,  1.32it/s]
 12%|█▏        | 6/50 [00:08<00:23,  1.85it/s]
 14%|█▍        | 7/50 [00:08<00:17,  2.48it/s]
 16%|█▌        | 8/50 [00:08<00:13,  3.20it/s]
 18%|█▊        | 9/50 [00:08<00:10,  4.00it/s]
 20%|██        | 10/50 [00:08<00:08,  4.83it/s]
 22%|██▏       | 11/50 [00:08<00:06,  5.62it/s]
 24%|██▍       | 12/50 [00:08<00:06,  6.33it/s]
 26%|██▌       | 13/50 [00:08<00:05,  6.82it/s]
 28%|██▊       | 14/50 [00:08<00:04,  7.34it/s]
 30%|███       | 15/50 [00:09<00:04,  7.76it/s]
 32%|███▏      | 16/50 [00:09<00:04,  8.06it/s]
 34%|███▍      | 17/50 [00:09<00:03,  8.30it/s]
 36%|███▌      | 18/50 [00:09<00:03,  8.50it/s]
 38%|███▊      | 19/50 [00:09<00:03,  8.63it/s]
 40%|████      | 20/50 [00:09<00:03,  8.73it/s]
 42%|████▏     | 21/50 [00:09<00:03,  8.75it/s]
 44%|████▍     | 22/50 [00:09<00:03,  8.81it/s]
 46%|████▌     | 23/50 [00:09<00:03,  8.85it/s]
 48%|████▊     | 24/50 [00:10<00:02,  8.87it/s]
 50%|█████     | 25/50 [00:10<00:02,  8.88it/s]
 52%|█████▏    | 26/50 [00:10<00:02,  8.90it/s]
 54%|█████▍    | 27/50 [00:10<00:02,  8.92it/s]
 56%|█████▌    | 28/50 [00:10<00:02,  8.93it/s]
 58%|█████▊    | 29/50 [00:10<00:02,  8.95it/s]
 60%|██████    | 30/50 [00:10<00:02,  8.93it/s]
 62%|██████▏   | 31/50 [00:10<00:02,  8.95it/s]
 64%|██████▍   | 32/50 [00:10<00:02,  8.94it/s]
 66%|██████▌   | 33/50 [00:11<00:01,  8.95it/s]
 68%|██████▊   | 34/50 [00:11<00:01,  8.94it/s]
 70%|███████   | 35/50 [00:11<00:01,  8.93it/s]
 72%|███████▏  | 36/50 [00:11<00:01,  8.94it/s]
 74%|███████▍  | 37/50 [00:11<00:01,  8.95it/s]
 76%|███████▌  | 38/50 [00:11<00:01,  8.96it/s]
 78%|███████▊  | 39/50 [00:11<00:01,  8.93it/s]
 80%|████████  | 40/50 [00:11<00:01,  8.92it/s]
 82%|████████▏ | 41/50 [00:11<00:01,  8.92it/s]
 84%|████████▍ | 42/50 [00:12<00:00,  8.92it/s]
 86%|████████▌ | 43/50 [00:12<00:00,  8.93it/s]
 88%|████████▊ | 44/50 [00:12<00:00,  8.85it/s]
 90%|█████████ | 45/50 [00:12<00:00,  8.86it/s]
 92%|█████████▏| 46/50 [00:12<00:00,  8.45it/s]
 94%|█████████▍| 47/50 [00:12<00:00,  8.56it/s]
 96%|█████████▌| 48/50 [00:12<00:00,  8.66it/s]
 98%|█████████▊| 49/50 [00:12<00:00,  8.73it/s]
100%|██████████| 50/50 [00:20<00:00,  2.31s/it]
100%|██████████| 50/50 [00:20<00:00,  2.46it/s]
[I 2023-12-11 21:23:44,846] Trial 178 finished with value: 0.4349361304392979 and parameters: {'EMBEDDING_DIM': 32, 'HIDDEN_DIM': 409, 'NUM_LAYERS': 1, 'DROPOUT': 0.16547358044167723, 'LR': 0.007459899915509808, 'WEIGHT_0': 0.820091528924762, 'WEIGHT_1': 0.12682570921200717, 'WEIGHT_2': 0.36873763859624054, 'WEIGHT_3': 0.36125863703691735, 'WEIGHT_4': 0.6671424571717042, 'WEIGHT_5': 0.34390055962807675, 'WEIGHT_6': 0.11665833778767117, 'WEIGHT_7': 0.931927290198066, 'WEIGHT_8': 0.9216290679324466}. Best is trial 42 with value: 0.44962374581939796.
{'EMBEDDING_DIM': 32, 'HIDDEN_DIM': 409, 'NUM_LAYERS': 1, 'DROPOUT': 0.16547358044167723, 'LR': 0.007459899915509808, 'WEIGHT_0': 0.820091528924762, 'WEIGHT_1': 0.12682570921200717, 'WEIGHT_2': 0.36873763859624054, 'WEIGHT_3': 0.36125863703691735, 'WEIGHT_4': 0.6671424571717042, 'WEIGHT_5': 0.34390055962807675, 'WEIGHT_6': 0.11665833778767117, 'WEIGHT_7': 0.931927290198066, 'WEIGHT_8': 0.9216290679324466}
0
              precision    recall  f1-score   support

         LOC       0.00      0.00      0.00      1837
        MISC       0.00      0.00      0.00       922
         ORG       0.00      0.00      0.00      1341
         PER       0.00      0.00      0.00      1842

   micro avg       0.00      0.00      0.00      5942
   macro avg       0.00      0.00      0.00      5942
weighted avg       0.00      0.00      0.00      5942

{'EMBEDDING_DIM': 32, 'HIDDEN_DIM': 409, 'NUM_LAYERS': 1, 'DROPOUT': 0.16547358044167723, 'LR': 0.007459899915509808, 'WEIGHT_0': 0.820091528924762, 'WEIGHT_1': 0.12682570921200717, 'WEIGHT_2': 0.36873763859624054, 'WEIGHT_3': 0.36125863703691735, 'WEIGHT_4': 0.6671424571717042, 'WEIGHT_5': 0.34390055962807675, 'WEIGHT_6': 0.11665833778767117, 'WEIGHT_7': 0.931927290198066, 'WEIGHT_8': 0.9216290679324466}
49
              precision    recall  f1-score   support

         LOC       0.77      0.58      0.66      1837
        MISC       0.60      0.47      0.53       922
         ORG       0.43      0.20      0.28      1341
         PER       0.34      0.17      0.23      1842

   micro avg       0.57      0.35      0.43      5942
   macro avg       0.53      0.36      0.42      5942
weighted avg       0.53      0.35      0.42      5942

epoch 49
Transformer

  0%|          | 0/50 [00:00<?, ?it/s]
  2%|▏         | 1/50 [00:07<06:03,  7.43s/it]
  4%|▍         | 2/50 [00:07<02:30,  3.13s/it]
  6%|▌         | 3/50 [00:07<01:22,  1.76s/it]
  8%|▊         | 4/50 [00:07<00:51,  1.11s/it]
 10%|█         | 5/50 [00:07<00:33,  1.32it/s]
 12%|█▏        | 6/50 [00:08<00:23,  1.85it/s]
 14%|█▍        | 7/50 [00:08<00:17,  2.48it/s]
 16%|█▌        | 8/50 [00:08<00:13,  3.18it/s]
 18%|█▊        | 9/50 [00:08<00:10,  3.98it/s]
 20%|██        | 10/50 [00:08<00:08,  4.81it/s]
 22%|██▏       | 11/50 [00:08<00:06,  5.60it/s]
 24%|██▍       | 12/50 [00:08<00:06,  6.31it/s]
 26%|██▌       | 13/50 [00:08<00:05,  6.93it/s]
 28%|██▊       | 14/50 [00:08<00:04,  7.44it/s]
 30%|███       | 15/50 [00:09<00:04,  7.84it/s]
 32%|███▏      | 16/50 [00:09<00:04,  8.14it/s]
 34%|███▍      | 17/50 [00:09<00:03,  8.34it/s]
 36%|███▌      | 18/50 [00:09<00:03,  8.49it/s]
 38%|███▊      | 19/50 [00:09<00:03,  8.62it/s]
 40%|████      | 20/50 [00:09<00:03,  8.72it/s]
 42%|████▏     | 21/50 [00:09<00:03,  8.79it/s]
 44%|████▍     | 22/50 [00:09<00:03,  8.82it/s]
 46%|████▌     | 23/50 [00:09<00:03,  8.85it/s]
 48%|████▊     | 24/50 [00:10<00:02,  8.87it/s]
 50%|█████     | 25/50 [00:10<00:02,  8.90it/s]
 52%|█████▏    | 26/50 [00:10<00:02,  8.90it/s]
 54%|█████▍    | 27/50 [00:10<00:02,  8.92it/s]
 56%|█████▌    | 28/50 [00:10<00:02,  8.92it/s]
 58%|█████▊    | 29/50 [00:10<00:02,  8.93it/s]
 60%|██████    | 30/50 [00:10<00:02,  8.78it/s]
 62%|██████▏   | 31/50 [00:10<00:02,  8.81it/s]
 64%|██████▍   | 32/50 [00:10<00:02,  8.86it/s]
 66%|██████▌   | 33/50 [00:11<00:01,  8.89it/s]
 68%|██████▊   | 34/50 [00:11<00:01,  8.91it/s]
 70%|███████   | 35/50 [00:11<00:01,  8.90it/s]
 72%|███████▏  | 36/50 [00:11<00:01,  8.90it/s]
 74%|███████▍  | 37/50 [00:11<00:01,  8.91it/s]
 76%|███████▌  | 38/50 [00:11<00:01,  8.92it/s]
 78%|███████▊  | 39/50 [00:11<00:01,  8.93it/s]
 80%|████████  | 40/50 [00:11<00:01,  8.92it/s]
 82%|████████▏ | 41/50 [00:11<00:01,  8.93it/s]
 84%|████████▍ | 42/50 [00:12<00:00,  8.93it/s]
 86%|████████▌ | 43/50 [00:12<00:00,  8.94it/s]
 88%|████████▊ | 44/50 [00:12<00:00,  8.94it/s]
 90%|█████████ | 45/50 [00:12<00:00,  8.93it/s]
 92%|█████████▏| 46/50 [00:12<00:00,  8.93it/s]
 94%|█████████▍| 47/50 [00:12<00:00,  8.94it/s]
 96%|█████████▌| 48/50 [00:12<00:00,  8.94it/s]
 98%|█████████▊| 49/50 [00:12<00:00,  8.91it/s]
100%|██████████| 50/50 [00:20<00:00,  2.31s/it]
100%|██████████| 50/50 [00:20<00:00,  2.46it/s]
[I 2023-12-11 21:24:12,185] Trial 179 finished with value: 0.4428097803564028 and parameters: {'EMBEDDING_DIM': 32, 'HIDDEN_DIM': 218, 'NUM_LAYERS': 1, 'DROPOUT': 0.12399915294849148, 'LR': 0.0071934386014741005, 'WEIGHT_0': 0.9012351393574162, 'WEIGHT_1': 0.029650678804954658, 'WEIGHT_2': 0.39343425684365074, 'WEIGHT_3': 0.40187407410207204, 'WEIGHT_4': 0.7239550160098365, 'WEIGHT_5': 0.3270341491729888, 'WEIGHT_6': 0.19987062985571458, 'WEIGHT_7': 0.9051345575653306, 'WEIGHT_8': 0.8233537676769519}. Best is trial 42 with value: 0.44962374581939796.
{'EMBEDDING_DIM': 32, 'HIDDEN_DIM': 218, 'NUM_LAYERS': 1, 'DROPOUT': 0.12399915294849148, 'LR': 0.0071934386014741005, 'WEIGHT_0': 0.9012351393574162, 'WEIGHT_1': 0.029650678804954658, 'WEIGHT_2': 0.39343425684365074, 'WEIGHT_3': 0.40187407410207204, 'WEIGHT_4': 0.7239550160098365, 'WEIGHT_5': 0.3270341491729888, 'WEIGHT_6': 0.19987062985571458, 'WEIGHT_7': 0.9051345575653306, 'WEIGHT_8': 0.8233537676769519}
0
              precision    recall  f1-score   support

         LOC       0.00      0.00      0.00      1837
        MISC       0.00      0.00      0.00       922
         ORG       0.00      0.00      0.00      1341
         PER       0.00      0.00      0.00      1842

   micro avg       0.00      0.00      0.00      5942
   macro avg       0.00      0.00      0.00      5942
weighted avg       0.00      0.00      0.00      5942

{'EMBEDDING_DIM': 32, 'HIDDEN_DIM': 218, 'NUM_LAYERS': 1, 'DROPOUT': 0.12399915294849148, 'LR': 0.0071934386014741005, 'WEIGHT_0': 0.9012351393574162, 'WEIGHT_1': 0.029650678804954658, 'WEIGHT_2': 0.39343425684365074, 'WEIGHT_3': 0.40187407410207204, 'WEIGHT_4': 0.7239550160098365, 'WEIGHT_5': 0.3270341491729888, 'WEIGHT_6': 0.19987062985571458, 'WEIGHT_7': 0.9051345575653306, 'WEIGHT_8': 0.8233537676769519}
49
              precision    recall  f1-score   support

         LOC       0.77      0.58      0.66      1837
        MISC       0.62      0.49      0.55       922
         ORG       0.44      0.21      0.28      1341
         PER       0.36      0.19      0.25      1842

   micro avg       0.58      0.36      0.44      5942
   macro avg       0.55      0.37      0.43      5942
weighted avg       0.54      0.36      0.43      5942

epoch 49
Transformer

  0%|          | 0/50 [00:00<?, ?it/s]
  2%|▏         | 1/50 [00:07<06:04,  7.44s/it]
  4%|▍         | 2/50 [00:07<02:30,  3.14s/it]
  6%|▌         | 3/50 [00:07<01:22,  1.76s/it]
  8%|▊         | 4/50 [00:07<00:51,  1.11s/it]
 10%|█         | 5/50 [00:07<00:34,  1.32it/s]
 12%|█▏        | 6/50 [00:08<00:23,  1.85it/s]
 14%|█▍        | 7/50 [00:08<00:17,  2.47it/s]
 16%|█▌        | 8/50 [00:08<00:13,  3.18it/s]
 18%|█▊        | 9/50 [00:08<00:10,  3.94it/s]
 20%|██        | 10/50 [00:08<00:08,  4.69it/s]
 22%|██▏       | 11/50 [00:08<00:07,  5.40it/s]
 24%|██▍       | 12/50 [00:08<00:06,  6.12it/s]
 26%|██▌       | 13/50 [00:08<00:05,  6.76it/s]
 28%|██▊       | 14/50 [00:09<00:04,  7.29it/s]
 30%|███       | 15/50 [00:09<00:04,  7.72it/s]
 32%|███▏      | 16/50 [00:09<00:04,  8.05it/s]
 34%|███▍      | 17/50 [00:09<00:03,  8.29it/s]
 36%|███▌      | 18/50 [00:09<00:03,  8.48it/s]
 38%|███▊      | 19/50 [00:09<00:03,  8.61it/s]
 40%|████      | 20/50 [00:09<00:03,  8.71it/s]
 42%|████▏     | 21/50 [00:09<00:03,  8.76it/s]
 44%|████▍     | 22/50 [00:09<00:03,  8.80it/s]
 46%|████▌     | 23/50 [00:10<00:03,  8.85it/s]
 48%|████▊     | 24/50 [00:10<00:02,  8.87it/s]
 50%|█████     | 25/50 [00:10<00:02,  8.88it/s]
 52%|█████▏    | 26/50 [00:10<00:02,  8.88it/s]
 54%|█████▍    | 27/50 [00:10<00:02,  8.90it/s]
 56%|█████▌    | 28/50 [00:10<00:02,  8.91it/s]
 58%|█████▊    | 29/50 [00:10<00:02,  8.92it/s]
 60%|██████    | 30/50 [00:10<00:02,  8.93it/s]
 62%|██████▏   | 31/50 [00:10<00:02,  8.92it/s]
 64%|██████▍   | 32/50 [00:11<00:02,  8.92it/s]
 66%|██████▌   | 33/50 [00:11<00:01,  8.92it/s]
 68%|██████▊   | 34/50 [00:11<00:01,  8.93it/s]
 70%|███████   | 35/50 [00:11<00:01,  8.92it/s]
 72%|███████▏  | 36/50 [00:11<00:01,  8.92it/s]
 74%|███████▍  | 37/50 [00:11<00:01,  8.92it/s]
 76%|███████▌  | 38/50 [00:11<00:01,  8.92it/s]
 78%|███████▊  | 39/50 [00:11<00:01,  8.93it/s]
 80%|████████  | 40/50 [00:11<00:01,  8.89it/s]
 82%|████████▏ | 41/50 [00:12<00:01,  8.89it/s]
 84%|████████▍ | 42/50 [00:12<00:00,  8.90it/s]
 86%|████████▌ | 43/50 [00:12<00:00,  8.91it/s]
 88%|████████▊ | 44/50 [00:12<00:00,  8.92it/s]
 90%|█████████ | 45/50 [00:12<00:00,  8.75it/s]
 92%|█████████▏| 46/50 [00:12<00:00,  8.81it/s]
 94%|█████████▍| 47/50 [00:12<00:00,  8.86it/s]
 96%|█████████▌| 48/50 [00:12<00:00,  8.88it/s]
 98%|█████████▊| 49/50 [00:12<00:00,  8.87it/s]
100%|██████████| 50/50 [00:20<00:00,  2.31s/it]
100%|██████████| 50/50 [00:20<00:00,  2.45it/s]
[I 2023-12-11 21:24:40,075] Trial 180 finished with value: 0.40734941016807596 and parameters: {'EMBEDDING_DIM': 32, 'HIDDEN_DIM': 74, 'NUM_LAYERS': 1, 'DROPOUT': 0.1246548935764173, 'LR': 0.007028527259573387, 'WEIGHT_0': 0.9241838292236974, 'WEIGHT_1': 0.005794612207022286, 'WEIGHT_2': 0.39765153812842224, 'WEIGHT_3': 0.42459695353490384, 'WEIGHT_4': 0.7277013412604527, 'WEIGHT_5': 0.3310263833483685, 'WEIGHT_6': 0.32754803040323394, 'WEIGHT_7': 0.9038637285120892, 'WEIGHT_8': 0.8463995051465321}. Best is trial 42 with value: 0.44962374581939796.
{'EMBEDDING_DIM': 32, 'HIDDEN_DIM': 74, 'NUM_LAYERS': 1, 'DROPOUT': 0.1246548935764173, 'LR': 0.007028527259573387, 'WEIGHT_0': 0.9241838292236974, 'WEIGHT_1': 0.005794612207022286, 'WEIGHT_2': 0.39765153812842224, 'WEIGHT_3': 0.42459695353490384, 'WEIGHT_4': 0.7277013412604527, 'WEIGHT_5': 0.3310263833483685, 'WEIGHT_6': 0.32754803040323394, 'WEIGHT_7': 0.9038637285120892, 'WEIGHT_8': 0.8463995051465321}
0
              precision    recall  f1-score   support

         LOC       0.00      0.00      0.00      1837
        MISC       0.00      0.00      0.00       922
         ORG       0.00      0.00      0.00      1341
         PER       0.00      0.00      0.00      1842

   micro avg       0.00      0.00      0.00      5942
   macro avg       0.00      0.00      0.00      5942
weighted avg       0.00      0.00      0.00      5942

{'EMBEDDING_DIM': 32, 'HIDDEN_DIM': 74, 'NUM_LAYERS': 1, 'DROPOUT': 0.1246548935764173, 'LR': 0.007028527259573387, 'WEIGHT_0': 0.9241838292236974, 'WEIGHT_1': 0.005794612207022286, 'WEIGHT_2': 0.39765153812842224, 'WEIGHT_3': 0.42459695353490384, 'WEIGHT_4': 0.7277013412604527, 'WEIGHT_5': 0.3310263833483685, 'WEIGHT_6': 0.32754803040323394, 'WEIGHT_7': 0.9038637285120892, 'WEIGHT_8': 0.8463995051465321}
49
              precision    recall  f1-score   support

         LOC       0.72      0.58      0.65      1837
        MISC       0.62      0.49      0.55       922
         ORG       0.24      0.07      0.11      1341
         PER       0.32      0.18      0.23      1842

   micro avg       0.54      0.33      0.41      5942
   macro avg       0.48      0.33      0.38      5942
weighted avg       0.47      0.33      0.38      5942

epoch 49
Transformer

  0%|          | 0/50 [00:00<?, ?it/s]
  2%|▏         | 1/50 [00:07<06:04,  7.43s/it]
  4%|▍         | 2/50 [00:07<02:30,  3.13s/it]
  6%|▌         | 3/50 [00:07<01:22,  1.76s/it]
  8%|▊         | 4/50 [00:07<00:51,  1.11s/it]
 10%|█         | 5/50 [00:07<00:33,  1.32it/s]
 12%|█▏        | 6/50 [00:08<00:23,  1.85it/s]
 14%|█▍        | 7/50 [00:08<00:17,  2.48it/s]
 16%|█▌        | 8/50 [00:08<00:13,  3.17it/s]
 18%|█▊        | 9/50 [00:08<00:10,  3.97it/s]
 20%|██        | 10/50 [00:08<00:08,  4.80it/s]
 22%|██▏       | 11/50 [00:08<00:06,  5.59it/s]
 24%|██▍       | 12/50 [00:08<00:06,  6.31it/s]
 26%|██▌       | 13/50 [00:08<00:05,  6.92it/s]
 28%|██▊       | 14/50 [00:08<00:04,  7.43it/s]
 30%|███       | 15/50 [00:09<00:04,  7.83it/s]
 32%|███▏      | 16/50 [00:09<00:04,  8.13it/s]
 34%|███▍      | 17/50 [00:09<00:04,  7.90it/s]
 36%|███▌      | 18/50 [00:09<00:03,  8.28it/s]
 38%|███▊      | 19/50 [00:09<00:03,  8.62it/s]
 40%|████      | 20/50 [00:09<00:03,  8.87it/s]
 42%|████▏     | 21/50 [00:09<00:03,  9.03it/s]
 44%|████▍     | 22/50 [00:09<00:03,  8.94it/s]
 46%|████▌     | 23/50 [00:09<00:03,  8.85it/s]
 48%|████▊     | 24/50 [00:10<00:02,  8.79it/s]
 50%|█████     | 25/50 [00:10<00:02,  8.75it/s]
 52%|█████▏    | 26/50 [00:10<00:02,  8.91it/s]
 56%|█████▌    | 28/50 [00:10<00:02,  9.87it/s]
 60%|██████    | 30/50 [00:10<00:01, 10.39it/s]
 64%|██████▍   | 32/50 [00:10<00:01, 10.70it/s]
 68%|██████▊   | 34/50 [00:11<00:01, 10.90it/s]
 72%|███████▏  | 36/50 [00:11<00:01, 11.03it/s]
 76%|███████▌  | 38/50 [00:11<00:01, 11.08it/s]
 80%|████████  | 40/50 [00:11<00:00, 11.15it/s]
 84%|████████▍ | 42/50 [00:11<00:00, 11.17it/s]
 88%|████████▊ | 44/50 [00:11<00:00, 11.19it/s]
 92%|█████████▏| 46/50 [00:12<00:00, 11.21it/s]
 96%|█████████▌| 48/50 [00:12<00:00, 11.22it/s]
100%|██████████| 50/50 [00:18<00:00,  1.03it/s]
100%|██████████| 50/50 [00:18<00:00,  2.74it/s]
