[I 2023-12-11 20:40:07,725] Trial 89 finished with value: 0.34582729343549395 and parameters: {'EMBEDDING_DIM': 32, 'HIDDEN_DIM': 589, 'NUM_LAYERS': 2, 'DROPOUT': 0.12608492210814526, 'LR': 0.008021735226963434, 'WEIGHT_0': 0.837285378990014, 'WEIGHT_1': 0.1720111344656095, 'WEIGHT_2': 0.1601689969293883, 'WEIGHT_3': 0.09854890754804704, 'WEIGHT_4': 0.6169996195469184, 'WEIGHT_5': 0.3109888603648708, 'WEIGHT_6': 0.10858542142178243, 'WEIGHT_7': 0.8382952473735317, 'WEIGHT_8': 0.47959862287285454}. Best is trial 42 with value: 0.44962374581939796.
{'EMBEDDING_DIM': 32, 'HIDDEN_DIM': 589, 'NUM_LAYERS': 2, 'DROPOUT': 0.12608492210814526, 'LR': 0.008021735226963434, 'WEIGHT_0': 0.837285378990014, 'WEIGHT_1': 0.1720111344656095, 'WEIGHT_2': 0.1601689969293883, 'WEIGHT_3': 0.09854890754804704, 'WEIGHT_4': 0.6169996195469184, 'WEIGHT_5': 0.3109888603648708, 'WEIGHT_6': 0.10858542142178243, 'WEIGHT_7': 0.8382952473735317, 'WEIGHT_8': 0.47959862287285454}
0
              precision    recall  f1-score   support

         LOC       0.00      0.00      0.00      1837
        MISC       0.00      0.00      0.00       922
         ORG       0.00      0.00      0.00      1341
         PER       0.00      0.00      0.00      1842

   micro avg       0.00      0.00      0.00      5942
   macro avg       0.00      0.00      0.00      5942
weighted avg       0.00      0.00      0.00      5942

{'EMBEDDING_DIM': 32, 'HIDDEN_DIM': 589, 'NUM_LAYERS': 2, 'DROPOUT': 0.12608492210814526, 'LR': 0.008021735226963434, 'WEIGHT_0': 0.837285378990014, 'WEIGHT_1': 0.1720111344656095, 'WEIGHT_2': 0.1601689969293883, 'WEIGHT_3': 0.09854890754804704, 'WEIGHT_4': 0.6169996195469184, 'WEIGHT_5': 0.3109888603648708, 'WEIGHT_6': 0.10858542142178243, 'WEIGHT_7': 0.8382952473735317, 'WEIGHT_8': 0.47959862287285454}
49
              precision    recall  f1-score   support

         LOC       0.67      0.58      0.62      1837
        MISC       0.15      0.06      0.09       922
         ORG       0.23      0.15      0.18      1341
         PER       0.40      0.19      0.25      1842

   micro avg       0.45      0.28      0.35      5942
   macro avg       0.36      0.25      0.29      5942
weighted avg       0.41      0.28      0.33      5942

epoch 49
Transformer

  0%|          | 0/50 [00:00<?, ?it/s]
  2%|▏         | 1/50 [00:06<05:17,  6.47s/it]
  4%|▍         | 2/50 [00:06<02:16,  2.84s/it]
  6%|▌         | 3/50 [00:07<01:18,  1.68s/it]
  8%|▊         | 4/50 [00:07<00:51,  1.12s/it]
 10%|█         | 5/50 [00:07<00:36,  1.22it/s]
 12%|█▏        | 6/50 [00:07<00:28,  1.57it/s]
 14%|█▍        | 7/50 [00:08<00:22,  1.92it/s]
 16%|█▌        | 8/50 [00:08<00:18,  2.24it/s]
 18%|█▊        | 9/50 [00:08<00:16,  2.53it/s]
 20%|██        | 10/50 [00:09<00:14,  2.77it/s]
 22%|██▏       | 11/50 [00:09<00:13,  2.97it/s]
 24%|██▍       | 12/50 [00:09<00:12,  3.12it/s]
 26%|██▌       | 13/50 [00:09<00:11,  3.24it/s]
 28%|██▊       | 14/50 [00:10<00:10,  3.32it/s]
 30%|███       | 15/50 [00:10<00:10,  3.39it/s]
 32%|███▏      | 16/50 [00:10<00:09,  3.44it/s]
 34%|███▍      | 17/50 [00:11<00:09,  3.47it/s]
 36%|███▌      | 18/50 [00:11<00:09,  3.50it/s]
 38%|███▊      | 19/50 [00:11<00:08,  3.51it/s]
 40%|████      | 20/50 [00:11<00:08,  3.52it/s]
 42%|████▏     | 21/50 [00:12<00:08,  3.53it/s]
 44%|████▍     | 22/50 [00:12<00:07,  3.54it/s]
 46%|████▌     | 23/50 [00:12<00:07,  3.54it/s]
 48%|████▊     | 24/50 [00:12<00:07,  3.55it/s]
 50%|█████     | 25/50 [00:13<00:07,  3.55it/s]
 52%|█████▏    | 26/50 [00:13<00:06,  3.55it/s]
 54%|█████▍    | 27/50 [00:13<00:06,  3.55it/s]
 56%|█████▌    | 28/50 [00:14<00:06,  3.55it/s]
 58%|█████▊    | 29/50 [00:14<00:05,  3.55it/s]
 60%|██████    | 30/50 [00:14<00:05,  3.55it/s]
 62%|██████▏   | 31/50 [00:14<00:05,  3.55it/s]
 64%|██████▍   | 32/50 [00:15<00:05,  3.55it/s]
 66%|██████▌   | 33/50 [00:15<00:04,  3.55it/s]
 68%|██████▊   | 34/50 [00:15<00:04,  3.55it/s]
 70%|███████   | 35/50 [00:16<00:04,  3.55it/s]
 72%|███████▏  | 36/50 [00:16<00:03,  3.54it/s]
 74%|███████▍  | 37/50 [00:16<00:03,  3.54it/s]
 76%|███████▌  | 38/50 [00:16<00:03,  3.54it/s]
 78%|███████▊  | 39/50 [00:17<00:03,  3.54it/s]
 80%|████████  | 40/50 [00:17<00:02,  3.53it/s]
 82%|████████▏ | 41/50 [00:17<00:02,  3.52it/s]
 84%|████████▍ | 42/50 [00:18<00:02,  3.52it/s]
 86%|████████▌ | 43/50 [00:18<00:01,  3.52it/s]
 88%|████████▊ | 44/50 [00:18<00:01,  3.51it/s]
 90%|█████████ | 45/50 [00:18<00:01,  3.51it/s]
 92%|█████████▏| 46/50 [00:19<00:01,  3.51it/s]
 94%|█████████▍| 47/50 [00:19<00:00,  3.52it/s]
 96%|█████████▌| 48/50 [00:19<00:00,  3.51it/s]
 98%|█████████▊| 49/50 [00:20<00:00,  3.52it/s]
100%|██████████| 50/50 [00:26<00:00,  2.06s/it]
100%|██████████| 50/50 [00:26<00:00,  1.90it/s]
[I 2023-12-11 20:40:40,218] Trial 90 finished with value: 0.1889479680972275 and parameters: {'EMBEDDING_DIM': 256, 'HIDDEN_DIM': 2273, 'NUM_LAYERS': 1, 'DROPOUT': 0.06999925775534653, 'LR': 0.009165751161612938, 'WEIGHT_0': 0.8843229640899057, 'WEIGHT_1': 0.2682534460347459, 'WEIGHT_2': 0.29519934751301175, 'WEIGHT_3': 0.13242221847080943, 'WEIGHT_4': 0.9168903969649541, 'WEIGHT_5': 0.38398021514589187, 'WEIGHT_6': 0.03632674480673964, 'WEIGHT_7': 0.8925394878418995, 'WEIGHT_8': 0.523019727155339}. Best is trial 42 with value: 0.44962374581939796.
{'EMBEDDING_DIM': 256, 'HIDDEN_DIM': 2273, 'NUM_LAYERS': 1, 'DROPOUT': 0.06999925775534653, 'LR': 0.009165751161612938, 'WEIGHT_0': 0.8843229640899057, 'WEIGHT_1': 0.2682534460347459, 'WEIGHT_2': 0.29519934751301175, 'WEIGHT_3': 0.13242221847080943, 'WEIGHT_4': 0.9168903969649541, 'WEIGHT_5': 0.38398021514589187, 'WEIGHT_6': 0.03632674480673964, 'WEIGHT_7': 0.8925394878418995, 'WEIGHT_8': 0.523019727155339}
0
              precision    recall  f1-score   support

         LOC       0.00      0.00      0.00      1837
        MISC       0.00      0.00      0.00       922
         ORG       0.00      0.00      0.00      1341
         PER       0.00      0.00      0.00      1842

   micro avg       0.00      0.00      0.00      5942
   macro avg       0.00      0.00      0.00      5942
weighted avg       0.00      0.00      0.00      5942

{'EMBEDDING_DIM': 256, 'HIDDEN_DIM': 2273, 'NUM_LAYERS': 1, 'DROPOUT': 0.06999925775534653, 'LR': 0.009165751161612938, 'WEIGHT_0': 0.8843229640899057, 'WEIGHT_1': 0.2682534460347459, 'WEIGHT_2': 0.29519934751301175, 'WEIGHT_3': 0.13242221847080943, 'WEIGHT_4': 0.9168903969649541, 'WEIGHT_5': 0.38398021514589187, 'WEIGHT_6': 0.03632674480673964, 'WEIGHT_7': 0.8925394878418995, 'WEIGHT_8': 0.523019727155339}
49
              precision    recall  f1-score   support

         LOC       0.30      0.39      0.34      1837
        MISC       0.10      0.05      0.06       922
         ORG       0.09      0.02      0.04      1341
         PER       0.15      0.11      0.13      1842

   micro avg       0.22      0.17      0.19      5942
   macro avg       0.16      0.14      0.14      5942
weighted avg       0.17      0.17      0.16      5942

epoch 49
Transformer

  0%|          | 0/50 [00:00<?, ?it/s]
  2%|▏         | 1/50 [00:06<04:56,  6.06s/it]
  4%|▍         | 2/50 [00:06<02:04,  2.58s/it]
  6%|▌         | 3/50 [00:06<01:08,  1.45s/it]
  8%|▊         | 4/50 [00:06<00:42,  1.08it/s]
 10%|█         | 5/50 [00:06<00:28,  1.59it/s]
 12%|█▏        | 6/50 [00:06<00:19,  2.21it/s]
 14%|█▍        | 7/50 [00:06<00:14,  2.87it/s]
 16%|█▌        | 8/50 [00:06<00:11,  3.54it/s]
 18%|█▊        | 9/50 [00:07<00:09,  4.41it/s]
 20%|██        | 10/50 [00:07<00:07,  5.29it/s]
 22%|██▏       | 11/50 [00:07<00:06,  6.13it/s]
 24%|██▍       | 12/50 [00:07<00:05,  6.89it/s]
 26%|██▌       | 13/50 [00:07<00:04,  7.53it/s]
 28%|██▊       | 14/50 [00:07<00:04,  8.04it/s]
 30%|███       | 15/50 [00:07<00:04,  8.45it/s]
 32%|███▏      | 16/50 [00:07<00:03,  8.76it/s]
 34%|███▍      | 17/50 [00:07<00:03,  9.00it/s]
 36%|███▌      | 18/50 [00:07<00:03,  9.16it/s]
 38%|███▊      | 19/50 [00:08<00:03,  9.28it/s]
 40%|████      | 20/50 [00:08<00:03,  9.37it/s]
 42%|████▏     | 21/50 [00:08<00:03,  9.43it/s]
 44%|████▍     | 22/50 [00:08<00:02,  9.47it/s]
 46%|████▌     | 23/50 [00:08<00:02,  9.48it/s]
 48%|████▊     | 24/50 [00:08<00:02,  9.51it/s]
 50%|█████     | 25/50 [00:08<00:02,  9.54it/s]
 52%|█████▏    | 26/50 [00:08<00:02,  9.55it/s]
 54%|█████▍    | 27/50 [00:08<00:02,  9.55it/s]
 56%|█████▌    | 28/50 [00:09<00:02,  9.55it/s]
 58%|█████▊    | 29/50 [00:09<00:02,  9.54it/s]
 60%|██████    | 30/50 [00:09<00:02,  9.56it/s]
 62%|██████▏   | 31/50 [00:09<00:01,  9.56it/s]
 64%|██████▍   | 32/50 [00:09<00:01,  9.57it/s]
 66%|██████▌   | 33/50 [00:09<00:01,  9.55it/s]
 68%|██████▊   | 34/50 [00:09<00:01,  9.56it/s]
 70%|███████   | 35/50 [00:09<00:01,  9.57it/s]
 72%|███████▏  | 36/50 [00:09<00:01,  9.57it/s]
 74%|███████▍  | 37/50 [00:09<00:01,  9.57it/s]
 76%|███████▌  | 38/50 [00:10<00:01,  9.58it/s]
 78%|███████▊  | 39/50 [00:10<00:01,  9.58it/s]
 80%|████████  | 40/50 [00:10<00:01,  9.58it/s]
 82%|████████▏ | 41/50 [00:10<00:00,  9.58it/s]
 84%|████████▍ | 42/50 [00:10<00:00,  9.58it/s]
 86%|████████▌ | 43/50 [00:10<00:00,  9.57it/s]
 88%|████████▊ | 44/50 [00:10<00:00,  9.57it/s]
 90%|█████████ | 45/50 [00:10<00:00,  9.57it/s]
 92%|█████████▏| 46/50 [00:10<00:00,  9.57it/s]
 94%|█████████▍| 47/50 [00:10<00:00,  9.56it/s]
 96%|█████████▌| 48/50 [00:11<00:00,  9.56it/s]
 98%|█████████▊| 49/50 [00:11<00:00,  9.56it/s]
100%|██████████| 50/50 [00:17<00:00,  1.88s/it]
100%|██████████| 50/50 [00:17<00:00,  2.90it/s]
[I 2023-12-11 20:41:02,941] Trial 91 finished with value: 0.4237388724035608 and parameters: {'EMBEDDING_DIM': 16, 'HIDDEN_DIM': 1675, 'NUM_LAYERS': 1, 'DROPOUT': 0.1188406012893933, 'LR': 0.008349950506950015, 'WEIGHT_0': 0.6701172717442362, 'WEIGHT_1': 0.1316707706868034, 'WEIGHT_2': 0.293601594391222, 'WEIGHT_3': 0.12261851528885549, 'WEIGHT_4': 0.7327894988468785, 'WEIGHT_5': 0.2892121534982493, 'WEIGHT_6': 0.12408628906474045, 'WEIGHT_7': 0.9198762142295487, 'WEIGHT_8': 0.4821287539254759}. Best is trial 42 with value: 0.44962374581939796.
{'EMBEDDING_DIM': 16, 'HIDDEN_DIM': 1675, 'NUM_LAYERS': 1, 'DROPOUT': 0.1188406012893933, 'LR': 0.008349950506950015, 'WEIGHT_0': 0.6701172717442362, 'WEIGHT_1': 0.1316707706868034, 'WEIGHT_2': 0.293601594391222, 'WEIGHT_3': 0.12261851528885549, 'WEIGHT_4': 0.7327894988468785, 'WEIGHT_5': 0.2892121534982493, 'WEIGHT_6': 0.12408628906474045, 'WEIGHT_7': 0.9198762142295487, 'WEIGHT_8': 0.4821287539254759}
0
              precision    recall  f1-score   support

         LOC       0.00      0.00      0.00      1837
        MISC       0.00      0.00      0.00       922
         ORG       0.00      0.00      0.00      1341
         PER       0.00      0.00      0.00      1842

   micro avg       0.00      0.00      0.00      5942
   macro avg       0.00      0.00      0.00      5942
weighted avg       0.00      0.00      0.00      5942

{'EMBEDDING_DIM': 16, 'HIDDEN_DIM': 1675, 'NUM_LAYERS': 1, 'DROPOUT': 0.1188406012893933, 'LR': 0.008349950506950015, 'WEIGHT_0': 0.6701172717442362, 'WEIGHT_1': 0.1316707706868034, 'WEIGHT_2': 0.293601594391222, 'WEIGHT_3': 0.12261851528885549, 'WEIGHT_4': 0.7327894988468785, 'WEIGHT_5': 0.2892121534982493, 'WEIGHT_6': 0.12408628906474045, 'WEIGHT_7': 0.9198762142295487, 'WEIGHT_8': 0.4821287539254759}
49
              precision    recall  f1-score   support

         LOC       0.77      0.57      0.66      1837
        MISC       0.59      0.49      0.54       922
         ORG       0.38      0.21      0.27      1341
         PER       0.27      0.19      0.23      1842

   micro avg       0.51      0.36      0.42      5942
   macro avg       0.50      0.37      0.42      5942
weighted avg       0.50      0.36      0.42      5942

epoch 49
Transformer

  0%|          | 0/50 [00:00<?, ?it/s]
  2%|▏         | 1/50 [00:06<04:56,  6.05s/it]
  4%|▍         | 2/50 [00:06<02:02,  2.56s/it]
  6%|▌         | 3/50 [00:06<01:07,  1.44s/it]
  8%|▊         | 4/50 [00:06<00:41,  1.10it/s]
 10%|█         | 5/50 [00:06<00:27,  1.62it/s]
 12%|█▏        | 6/50 [00:06<00:19,  2.26it/s]
 14%|█▍        | 7/50 [00:06<00:14,  3.00it/s]
 18%|█▊        | 9/50 [00:06<00:09,  4.55it/s]
 22%|██▏       | 11/50 [00:07<00:06,  5.78it/s]
 26%|██▌       | 13/50 [00:07<00:05,  6.89it/s]
 30%|███       | 15/50 [00:07<00:04,  7.76it/s]
 34%|███▍      | 17/50 [00:07<00:03,  8.43it/s]
 38%|███▊      | 19/50 [00:07<00:03,  8.93it/s]
 42%|████▏     | 21/50 [00:08<00:03,  9.30it/s]
 46%|████▌     | 23/50 [00:08<00:02,  9.57it/s]
 50%|█████     | 25/50 [00:08<00:02,  9.76it/s]
 54%|█████▍    | 27/50 [00:08<00:02,  9.89it/s]
 58%|█████▊    | 29/50 [00:08<00:02,  9.99it/s]
 62%|██████▏   | 31/50 [00:09<00:01, 10.04it/s]
 66%|██████▌   | 33/50 [00:09<00:01, 10.10it/s]
 70%|███████   | 35/50 [00:09<00:01, 10.14it/s]
 74%|███████▍  | 37/50 [00:09<00:01, 10.15it/s]
 78%|███████▊  | 39/50 [00:09<00:01, 10.17it/s]
 82%|████████▏ | 41/50 [00:10<00:00, 10.18it/s]
 86%|████████▌ | 43/50 [00:10<00:00, 10.15it/s]
 90%|█████████ | 45/50 [00:10<00:00, 10.18it/s]
 94%|█████████▍| 47/50 [00:10<00:00, 10.19it/s]
 98%|█████████▊| 49/50 [00:10<00:00, 10.20it/s]
100%|██████████| 50/50 [00:16<00:00,  2.98it/s]
[I 2023-12-11 20:41:25,327] Trial 92 finished with value: 0.4438208086477497 and parameters: {'EMBEDDING_DIM': 16, 'HIDDEN_DIM': 1430, 'NUM_LAYERS': 1, 'DROPOUT': 0.11320575922997601, 'LR': 0.008223747684152094, 'WEIGHT_0': 0.6466774844408817, 'WEIGHT_1': 0.10804526542005394, 'WEIGHT_2': 0.3153970817169226, 'WEIGHT_3': 0.050544285940535616, 'WEIGHT_4': 0.7689599818472952, 'WEIGHT_5': 0.2431900922225934, 'WEIGHT_6': 0.159932130354155, 'WEIGHT_7': 0.9272931404403804, 'WEIGHT_8': 0.41188061503069245}. Best is trial 42 with value: 0.44962374581939796.
{'EMBEDDING_DIM': 16, 'HIDDEN_DIM': 1430, 'NUM_LAYERS': 1, 'DROPOUT': 0.11320575922997601, 'LR': 0.008223747684152094, 'WEIGHT_0': 0.6466774844408817, 'WEIGHT_1': 0.10804526542005394, 'WEIGHT_2': 0.3153970817169226, 'WEIGHT_3': 0.050544285940535616, 'WEIGHT_4': 0.7689599818472952, 'WEIGHT_5': 0.2431900922225934, 'WEIGHT_6': 0.159932130354155, 'WEIGHT_7': 0.9272931404403804, 'WEIGHT_8': 0.41188061503069245}
0
              precision    recall  f1-score   support

         LOC       0.00      0.00      0.00      1837
        MISC       0.00      0.00      0.00       922
         ORG       0.00      0.00      0.00      1341
         PER       0.00      0.00      0.00      1842

   micro avg       0.00      0.00      0.00      5942
   macro avg       0.00      0.00      0.00      5942
weighted avg       0.00      0.00      0.00      5942

{'EMBEDDING_DIM': 16, 'HIDDEN_DIM': 1430, 'NUM_LAYERS': 1, 'DROPOUT': 0.11320575922997601, 'LR': 0.008223747684152094, 'WEIGHT_0': 0.6466774844408817, 'WEIGHT_1': 0.10804526542005394, 'WEIGHT_2': 0.3153970817169226, 'WEIGHT_3': 0.050544285940535616, 'WEIGHT_4': 0.7689599818472952, 'WEIGHT_5': 0.2431900922225934, 'WEIGHT_6': 0.159932130354155, 'WEIGHT_7': 0.9272931404403804, 'WEIGHT_8': 0.41188061503069245}
49
              precision    recall  f1-score   support

         LOC       0.78      0.57      0.66      1837
        MISC       0.60      0.49      0.54       922
         ORG       0.40      0.21      0.28      1341
         PER       0.39      0.19      0.25      1842

   micro avg       0.58      0.36      0.44      5942
   macro avg       0.55      0.37      0.43      5942
weighted avg       0.55      0.36      0.43      5942

epoch 49
Transformer

  0%|          | 0/50 [00:00<?, ?it/s]
  2%|▏         | 1/50 [00:06<04:54,  6.01s/it]
  4%|▍         | 2/50 [00:06<02:02,  2.54s/it]
  6%|▌         | 3/50 [00:06<01:07,  1.43s/it]
  8%|▊         | 4/50 [00:06<00:41,  1.10it/s]
 10%|█         | 5/50 [00:06<00:27,  1.62it/s]
 12%|█▏        | 6/50 [00:06<00:19,  2.25it/s]
 14%|█▍        | 7/50 [00:06<00:14,  3.01it/s]
 16%|█▌        | 8/50 [00:06<00:10,  3.85it/s]
 18%|█▊        | 9/50 [00:06<00:08,  4.76it/s]
 20%|██        | 10/50 [00:06<00:07,  5.51it/s]
 24%|██▍       | 12/50 [00:07<00:05,  7.02it/s]
 28%|██▊       | 14/50 [00:07<00:04,  7.98it/s]
 32%|███▏      | 16/50 [00:07<00:03,  8.67it/s]
 36%|███▌      | 18/50 [00:07<00:03,  9.13it/s]
 40%|████      | 20/50 [00:07<00:03,  9.46it/s]
 44%|████▍     | 22/50 [00:08<00:02,  9.69it/s]
 48%|████▊     | 24/50 [00:08<00:02,  9.84it/s]
 52%|█████▏    | 26/50 [00:08<00:02,  9.94it/s]
 56%|█████▌    | 28/50 [00:08<00:02, 10.02it/s]
 60%|██████    | 30/50 [00:08<00:01, 10.07it/s]
 64%|██████▍   | 32/50 [00:09<00:01, 10.11it/s]
 68%|██████▊   | 34/50 [00:09<00:01, 10.12it/s]
 72%|███████▏  | 36/50 [00:09<00:01, 10.11it/s]
 76%|███████▌  | 38/50 [00:09<00:01, 10.13it/s]
 80%|████████  | 40/50 [00:09<00:00, 10.13it/s]
 84%|████████▍ | 42/50 [00:10<00:00, 10.13it/s]
 88%|████████▊ | 44/50 [00:10<00:00, 10.13it/s]
 92%|█████████▏| 46/50 [00:10<00:00, 10.13it/s]
 96%|█████████▌| 48/50 [00:10<00:00, 10.02it/s]
100%|██████████| 50/50 [00:16<00:00,  1.01it/s]
100%|██████████| 50/50 [00:16<00:00,  2.97it/s]
[I 2023-12-11 20:41:48,282] Trial 93 finished with value: 0.40556736903150975 and parameters: {'EMBEDDING_DIM': 16, 'HIDDEN_DIM': 1450, 'NUM_LAYERS': 1, 'DROPOUT': 0.09590749663250558, 'LR': 0.007270148232009755, 'WEIGHT_0': 0.549598278643733, 'WEIGHT_1': 0.09033669392354415, 'WEIGHT_2': 0.3444980814716401, 'WEIGHT_3': 0.06268034943803091, 'WEIGHT_4': 0.8486663033268854, 'WEIGHT_5': 0.24901586796869968, 'WEIGHT_6': 0.1612509824370941, 'WEIGHT_7': 0.9981297833679003, 'WEIGHT_8': 0.41643426479751}. Best is trial 42 with value: 0.44962374581939796.
{'EMBEDDING_DIM': 16, 'HIDDEN_DIM': 1450, 'NUM_LAYERS': 1, 'DROPOUT': 0.09590749663250558, 'LR': 0.007270148232009755, 'WEIGHT_0': 0.549598278643733, 'WEIGHT_1': 0.09033669392354415, 'WEIGHT_2': 0.3444980814716401, 'WEIGHT_3': 0.06268034943803091, 'WEIGHT_4': 0.8486663033268854, 'WEIGHT_5': 0.24901586796869968, 'WEIGHT_6': 0.1612509824370941, 'WEIGHT_7': 0.9981297833679003, 'WEIGHT_8': 0.41643426479751}
0
              precision    recall  f1-score   support

         LOC       0.00      0.00      0.00      1837
        MISC       0.00      0.00      0.00       922
         ORG       0.00      0.00      0.00      1341
         PER       0.00      0.00      0.00      1842

   micro avg       0.00      0.00      0.00      5942
   macro avg       0.00      0.00      0.00      5942
weighted avg       0.00      0.00      0.00      5942

{'EMBEDDING_DIM': 16, 'HIDDEN_DIM': 1450, 'NUM_LAYERS': 1, 'DROPOUT': 0.09590749663250558, 'LR': 0.007270148232009755, 'WEIGHT_0': 0.549598278643733, 'WEIGHT_1': 0.09033669392354415, 'WEIGHT_2': 0.3444980814716401, 'WEIGHT_3': 0.06268034943803091, 'WEIGHT_4': 0.8486663033268854, 'WEIGHT_5': 0.24901586796869968, 'WEIGHT_6': 0.1612509824370941, 'WEIGHT_7': 0.9981297833679003, 'WEIGHT_8': 0.41643426479751}
49
              precision    recall  f1-score   support

         LOC       0.63      0.56      0.59      1837
        MISC       0.39      0.49      0.44       922
         ORG       0.40      0.20      0.27      1341
         PER       0.37      0.19      0.25      1842

   micro avg       0.48      0.35      0.41      5942
   macro avg       0.45      0.36      0.39      5942
weighted avg       0.46      0.35      0.39      5942

epoch 49
Transformer

  0%|          | 0/50 [00:00<?, ?it/s]
  2%|▏         | 1/50 [00:06<04:57,  6.08s/it]
  4%|▍         | 2/50 [00:06<02:03,  2.57s/it]
  6%|▌         | 3/50 [00:06<01:07,  1.44s/it]
  8%|▊         | 4/50 [00:06<00:42,  1.09it/s]
 10%|█         | 5/50 [00:06<00:27,  1.61it/s]
 12%|█▏        | 6/50 [00:06<00:19,  2.24it/s]
 14%|█▍        | 7/50 [00:06<00:14,  2.96it/s]
 16%|█▌        | 8/50 [00:06<00:11,  3.76it/s]
 18%|█▊        | 9/50 [00:06<00:09,  4.45it/s]
 20%|██        | 10/50 [00:07<00:07,  5.21it/s]
 24%|██▍       | 12/50 [00:07<00:05,  6.69it/s]
 26%|██▌       | 13/50 [00:07<00:05,  7.24it/s]
 30%|███       | 15/50 [00:07<00:04,  8.36it/s]
 34%|███▍      | 17/50 [00:07<00:03,  9.08it/s]
 38%|███▊      | 19/50 [00:07<00:03,  9.59it/s]
 42%|████▏     | 21/50 [00:08<00:02,  9.95it/s]
 46%|████▌     | 23/50 [00:08<00:02, 10.18it/s]
 50%|█████     | 25/50 [00:08<00:02, 10.27it/s]
 54%|█████▍    | 27/50 [00:08<00:02, 10.37it/s]
 58%|█████▊    | 29/50 [00:08<00:01, 10.51it/s]
 62%|██████▏   | 31/50 [00:09<00:01, 10.60it/s]
 66%|██████▌   | 33/50 [00:09<00:01, 10.69it/s]
 70%|███████   | 35/50 [00:09<00:01, 10.73it/s]
 74%|███████▍  | 37/50 [00:09<00:01, 10.78it/s]
 78%|███████▊  | 39/50 [00:09<00:01, 10.81it/s]
 82%|████████▏ | 41/50 [00:09<00:00, 10.83it/s]
 86%|████████▌ | 43/50 [00:10<00:00, 10.84it/s]
 90%|█████████ | 45/50 [00:10<00:00, 10.84it/s]
 94%|█████████▍| 47/50 [00:10<00:00, 10.86it/s]
 98%|█████████▊| 49/50 [00:10<00:00, 10.87it/s]
100%|██████████| 50/50 [00:16<00:00,  3.00it/s]
