[I 2023-12-11 23:19:55,297] Trial 400 finished with value: 0.41075246919865593 and parameters: {'EMBEDDING_DIM': 32, 'HIDDEN_DIM': 599, 'NUM_LAYERS': 1, 'DROPOUT': 0.22283195957367727, 'LR': 0.005543757555922449, 'WEIGHT_0': 0.9382793608934773, 'WEIGHT_1': 0.04841619407876827, 'WEIGHT_2': 0.4518537042839482, 'WEIGHT_3': 0.2218934950098048, 'WEIGHT_4': 0.4892734996474347, 'WEIGHT_5': 0.023078459534625617, 'WEIGHT_6': 0.07716167779057129, 'WEIGHT_7': 0.635703150565533, 'WEIGHT_8': 0.5891832613486766}. Best is trial 282 with value: 0.45463128081401455.
{'EMBEDDING_DIM': 32, 'HIDDEN_DIM': 599, 'NUM_LAYERS': 1, 'DROPOUT': 0.22283195957367727, 'LR': 0.005543757555922449, 'WEIGHT_0': 0.9382793608934773, 'WEIGHT_1': 0.04841619407876827, 'WEIGHT_2': 0.4518537042839482, 'WEIGHT_3': 0.2218934950098048, 'WEIGHT_4': 0.4892734996474347, 'WEIGHT_5': 0.023078459534625617, 'WEIGHT_6': 0.07716167779057129, 'WEIGHT_7': 0.635703150565533, 'WEIGHT_8': 0.5891832613486766}
0
              precision    recall  f1-score   support

         LOC       0.00      0.00      0.00      1837
        MISC       0.00      0.00      0.00       922
         ORG       0.00      0.00      0.00      1341
         PER       0.00      0.00      0.00      1842

   micro avg       0.00      0.00      0.00      5942
   macro avg       0.00      0.00      0.00      5942
weighted avg       0.00      0.00      0.00      5942

{'EMBEDDING_DIM': 32, 'HIDDEN_DIM': 599, 'NUM_LAYERS': 1, 'DROPOUT': 0.22283195957367727, 'LR': 0.005543757555922449, 'WEIGHT_0': 0.9382793608934773, 'WEIGHT_1': 0.04841619407876827, 'WEIGHT_2': 0.4518537042839482, 'WEIGHT_3': 0.2218934950098048, 'WEIGHT_4': 0.4892734996474347, 'WEIGHT_5': 0.023078459534625617, 'WEIGHT_6': 0.07716167779057129, 'WEIGHT_7': 0.635703150565533, 'WEIGHT_8': 0.5891832613486766}
49
              precision    recall  f1-score   support

         LOC       0.78      0.47      0.59      1837
        MISC       0.55      0.52      0.54       922
         ORG       0.40      0.25      0.31      1341
         PER       0.32      0.18      0.23      1842

   micro avg       0.52      0.34      0.41      5942
   macro avg       0.51      0.36      0.42      5942
weighted avg       0.51      0.34      0.41      5942

epoch 49
Transformer

  0%|          | 0/50 [00:00<?, ?it/s]
  2%|▏         | 1/50 [00:05<04:47,  5.87s/it]
  6%|▌         | 3/50 [00:06<01:14,  1.59s/it]
 10%|█         | 5/50 [00:06<00:36,  1.22it/s]
 14%|█▍        | 7/50 [00:06<00:22,  1.95it/s]
 18%|█▊        | 9/50 [00:06<00:14,  2.83it/s]
 22%|██▏       | 11/50 [00:06<00:10,  3.81it/s]
 26%|██▌       | 13/50 [00:06<00:07,  4.90it/s]
 30%|███       | 15/50 [00:07<00:05,  6.01it/s]
 34%|███▍      | 17/50 [00:07<00:04,  7.07it/s]
 38%|███▊      | 19/50 [00:07<00:03,  8.01it/s]
 42%|████▏     | 21/50 [00:07<00:03,  8.82it/s]
 46%|████▌     | 23/50 [00:07<00:02,  9.47it/s]
 50%|█████     | 25/50 [00:08<00:02,  9.99it/s]
 54%|█████▍    | 27/50 [00:08<00:02, 10.36it/s]
 58%|█████▊    | 29/50 [00:08<00:01, 10.63it/s]
 62%|██████▏   | 31/50 [00:08<00:01, 10.86it/s]
 66%|██████▌   | 33/50 [00:08<00:01, 11.03it/s]
 70%|███████   | 35/50 [00:08<00:01, 11.14it/s]
 74%|███████▍  | 37/50 [00:09<00:01, 11.22it/s]
 78%|███████▊  | 39/50 [00:09<00:00, 11.28it/s]
 82%|████████▏ | 41/50 [00:09<00:00, 11.32it/s]
 86%|████████▌ | 43/50 [00:09<00:00, 11.35it/s]
 90%|█████████ | 45/50 [00:09<00:00, 11.36it/s]
 94%|█████████▍| 47/50 [00:09<00:00, 11.36it/s]
 98%|█████████▊| 49/50 [00:10<00:00, 11.38it/s]
100%|██████████| 50/50 [00:16<00:00,  3.11it/s]
[I 2023-12-11 23:20:16,797] Trial 401 finished with value: 0.4071616831773153 and parameters: {'EMBEDDING_DIM': 32, 'HIDDEN_DIM': 806, 'NUM_LAYERS': 1, 'DROPOUT': 0.21307652850967523, 'LR': 0.007513903617419925, 'WEIGHT_0': 0.43697372158397796, 'WEIGHT_1': 0.1252832883699459, 'WEIGHT_2': 0.31750852293202636, 'WEIGHT_3': 0.07398079355471689, 'WEIGHT_4': 0.86315730449707, 'WEIGHT_5': 0.4032347203094089, 'WEIGHT_6': 0.059954440335522254, 'WEIGHT_7': 0.6736544451498729, 'WEIGHT_8': 0.8700317824771306}. Best is trial 282 with value: 0.45463128081401455.
{'EMBEDDING_DIM': 32, 'HIDDEN_DIM': 806, 'NUM_LAYERS': 1, 'DROPOUT': 0.21307652850967523, 'LR': 0.007513903617419925, 'WEIGHT_0': 0.43697372158397796, 'WEIGHT_1': 0.1252832883699459, 'WEIGHT_2': 0.31750852293202636, 'WEIGHT_3': 0.07398079355471689, 'WEIGHT_4': 0.86315730449707, 'WEIGHT_5': 0.4032347203094089, 'WEIGHT_6': 0.059954440335522254, 'WEIGHT_7': 0.6736544451498729, 'WEIGHT_8': 0.8700317824771306}
0
              precision    recall  f1-score   support

         LOC       0.00      0.00      0.00      1837
        MISC       0.00      0.00      0.00       922
         ORG       0.00      0.00      0.00      1341
         PER       0.00      0.00      0.00      1842

   micro avg       0.00      0.00      0.00      5942
   macro avg       0.00      0.00      0.00      5942
weighted avg       0.00      0.00      0.00      5942

{'EMBEDDING_DIM': 32, 'HIDDEN_DIM': 806, 'NUM_LAYERS': 1, 'DROPOUT': 0.21307652850967523, 'LR': 0.007513903617419925, 'WEIGHT_0': 0.43697372158397796, 'WEIGHT_1': 0.1252832883699459, 'WEIGHT_2': 0.31750852293202636, 'WEIGHT_3': 0.07398079355471689, 'WEIGHT_4': 0.86315730449707, 'WEIGHT_5': 0.4032347203094089, 'WEIGHT_6': 0.059954440335522254, 'WEIGHT_7': 0.6736544451498729, 'WEIGHT_8': 0.8700317824771306}
49
              precision    recall  f1-score   support

         LOC       0.67      0.55      0.61      1837
        MISC       0.53      0.50      0.51       922
         ORG       0.39      0.22      0.28      1341
         PER       0.24      0.25      0.25      1842

   micro avg       0.44      0.38      0.41      5942
   macro avg       0.46      0.38      0.41      5942
weighted avg       0.45      0.38      0.41      5942

epoch 49
Transformer

  0%|          | 0/50 [00:00<?, ?it/s]
  2%|▏         | 1/50 [00:06<05:25,  6.65s/it]
  4%|▍         | 2/50 [00:07<02:33,  3.21s/it]
  6%|▌         | 3/50 [00:08<01:38,  2.11s/it]
  8%|▊         | 4/50 [00:09<01:13,  1.59s/it]
 10%|█         | 5/50 [00:09<00:58,  1.30s/it]
 12%|█▏        | 6/50 [00:10<00:49,  1.13s/it]
 14%|█▍        | 7/50 [00:11<00:43,  1.02s/it]
 16%|█▌        | 8/50 [00:12<00:39,  1.05it/s]
 18%|█▊        | 9/50 [00:13<00:36,  1.11it/s]
 20%|██        | 10/50 [00:13<00:34,  1.15it/s]
 22%|██▏       | 11/50 [00:14<00:32,  1.18it/s]
 24%|██▍       | 12/50 [00:15<00:31,  1.20it/s]
 26%|██▌       | 13/50 [00:16<00:30,  1.22it/s]
 28%|██▊       | 14/50 [00:16<00:29,  1.23it/s]
 30%|███       | 15/50 [00:17<00:28,  1.23it/s]
 32%|███▏      | 16/50 [00:18<00:27,  1.24it/s]
 34%|███▍      | 17/50 [00:19<00:26,  1.24it/s]
 36%|███▌      | 18/50 [00:20<00:25,  1.25it/s]
 38%|███▊      | 19/50 [00:20<00:24,  1.25it/s]
 40%|████      | 20/50 [00:21<00:24,  1.25it/s]
 42%|████▏     | 21/50 [00:22<00:23,  1.25it/s]
 44%|████▍     | 22/50 [00:23<00:22,  1.25it/s]
 46%|████▌     | 23/50 [00:24<00:21,  1.25it/s]
 48%|████▊     | 24/50 [00:24<00:20,  1.25it/s]
 50%|█████     | 25/50 [00:25<00:20,  1.25it/s]
 52%|█████▏    | 26/50 [00:26<00:19,  1.25it/s]
 54%|█████▍    | 27/50 [00:27<00:18,  1.25it/s]
 56%|█████▌    | 28/50 [00:28<00:17,  1.25it/s]
 58%|█████▊    | 29/50 [00:29<00:16,  1.25it/s]
 60%|██████    | 30/50 [00:29<00:16,  1.25it/s]
 62%|██████▏   | 31/50 [00:30<00:15,  1.25it/s]
 64%|██████▍   | 32/50 [00:31<00:14,  1.24it/s]
 66%|██████▌   | 33/50 [00:32<00:13,  1.24it/s]
 68%|██████▊   | 34/50 [00:33<00:12,  1.24it/s]
 70%|███████   | 35/50 [00:33<00:12,  1.24it/s]
 72%|███████▏  | 36/50 [00:34<00:11,  1.24it/s]
 74%|███████▍  | 37/50 [00:35<00:10,  1.24it/s]
 76%|███████▌  | 38/50 [00:36<00:09,  1.24it/s]
 78%|███████▊  | 39/50 [00:37<00:08,  1.24it/s]
 80%|████████  | 40/50 [00:37<00:08,  1.24it/s]
 82%|████████▏ | 41/50 [00:38<00:07,  1.24it/s]
 84%|████████▍ | 42/50 [00:39<00:06,  1.24it/s]
 86%|████████▌ | 43/50 [00:40<00:05,  1.24it/s]
 88%|████████▊ | 44/50 [00:41<00:04,  1.24it/s]
 90%|█████████ | 45/50 [00:41<00:04,  1.24it/s]
 92%|█████████▏| 46/50 [00:42<00:03,  1.24it/s]
 94%|█████████▍| 47/50 [00:43<00:02,  1.24it/s]
 96%|█████████▌| 48/50 [00:44<00:01,  1.24it/s]
 98%|█████████▊| 49/50 [00:45<00:00,  1.24it/s]
100%|██████████| 50/50 [00:53<00:00,  2.98s/it]
100%|██████████| 50/50 [00:53<00:00,  1.06s/it]
[I 2023-12-11 23:21:17,406] Trial 402 finished with value: 0.06072971675468076 and parameters: {'EMBEDDING_DIM': 1024, 'HIDDEN_DIM': 407, 'NUM_LAYERS': 1, 'DROPOUT': 0.08680277270244915, 'LR': 0.00918159497836735, 'WEIGHT_0': 0.983296822356321, 'WEIGHT_1': 0.07817603777653519, 'WEIGHT_2': 0.13508098463578272, 'WEIGHT_3': 0.17766494210556047, 'WEIGHT_4': 0.5780421693054321, 'WEIGHT_5': 0.44193010143944444, 'WEIGHT_6': 0.36129328193821736, 'WEIGHT_7': 0.6058119797914491, 'WEIGHT_8': 0.6226859758130343}. Best is trial 282 with value: 0.45463128081401455.
{'EMBEDDING_DIM': 1024, 'HIDDEN_DIM': 407, 'NUM_LAYERS': 1, 'DROPOUT': 0.08680277270244915, 'LR': 0.00918159497836735, 'WEIGHT_0': 0.983296822356321, 'WEIGHT_1': 0.07817603777653519, 'WEIGHT_2': 0.13508098463578272, 'WEIGHT_3': 0.17766494210556047, 'WEIGHT_4': 0.5780421693054321, 'WEIGHT_5': 0.44193010143944444, 'WEIGHT_6': 0.36129328193821736, 'WEIGHT_7': 0.6058119797914491, 'WEIGHT_8': 0.6226859758130343}
0
              precision    recall  f1-score   support

         LOC       0.00      0.00      0.00      1837
        MISC       0.00      0.00      0.00       922
         ORG       0.00      0.00      0.00      1341
         PER       0.00      0.00      0.00      1842

   micro avg       0.00      0.00      0.00      5942
   macro avg       0.00      0.00      0.00      5942
weighted avg       0.00      0.00      0.00      5942

{'EMBEDDING_DIM': 1024, 'HIDDEN_DIM': 407, 'NUM_LAYERS': 1, 'DROPOUT': 0.08680277270244915, 'LR': 0.00918159497836735, 'WEIGHT_0': 0.983296822356321, 'WEIGHT_1': 0.07817603777653519, 'WEIGHT_2': 0.13508098463578272, 'WEIGHT_3': 0.17766494210556047, 'WEIGHT_4': 0.5780421693054321, 'WEIGHT_5': 0.44193010143944444, 'WEIGHT_6': 0.36129328193821736, 'WEIGHT_7': 0.6058119797914491, 'WEIGHT_8': 0.6226859758130343}
49
              precision    recall  f1-score   support

         LOC       0.13      0.03      0.04      1837
        MISC       0.00      0.00      0.00       922
         ORG       0.00      0.00      0.00      1341
         PER       0.10      0.11      0.11      1842

   micro avg       0.11      0.04      0.06      5942
   macro avg       0.06      0.03      0.04      5942
weighted avg       0.07      0.04      0.05      5942

epoch 49
Transformer

  0%|          | 0/50 [00:00<?, ?it/s]
  2%|▏         | 1/50 [00:06<05:03,  6.18s/it]
  6%|▌         | 3/50 [00:06<01:18,  1.67s/it]
 10%|█         | 5/50 [00:06<00:38,  1.16it/s]
 14%|█▍        | 7/50 [00:06<00:22,  1.87it/s]
 18%|█▊        | 9/50 [00:06<00:15,  2.72it/s]
 22%|██▏       | 11/50 [00:07<00:10,  3.71it/s]
 26%|██▌       | 13/50 [00:07<00:07,  4.78it/s]
 30%|███       | 15/50 [00:07<00:05,  5.88it/s]
 34%|███▍      | 17/50 [00:07<00:04,  6.90it/s]
 38%|███▊      | 19/50 [00:07<00:03,  7.87it/s]
 42%|████▏     | 21/50 [00:07<00:03,  8.69it/s]
 46%|████▌     | 23/50 [00:08<00:02,  9.36it/s]
 50%|█████     | 25/50 [00:08<00:02,  9.89it/s]
 54%|█████▍    | 27/50 [00:08<00:02, 10.30it/s]
 58%|█████▊    | 29/50 [00:08<00:01, 10.60it/s]
 62%|██████▏   | 31/50 [00:08<00:01, 10.82it/s]
 66%|██████▌   | 33/50 [00:09<00:01, 10.98it/s]
 70%|███████   | 35/50 [00:09<00:01, 11.10it/s]
 74%|███████▍  | 37/50 [00:09<00:01, 11.17it/s]
 78%|███████▊  | 39/50 [00:09<00:00, 11.23it/s]
 82%|████████▏ | 41/50 [00:09<00:00, 11.28it/s]
 86%|████████▌ | 43/50 [00:09<00:00, 11.32it/s]
 90%|█████████ | 45/50 [00:10<00:00, 11.33it/s]
 94%|█████████▍| 47/50 [00:10<00:00, 11.34it/s]
 98%|█████████▊| 49/50 [00:10<00:00, 11.34it/s]
100%|██████████| 50/50 [00:16<00:00,  3.07it/s]
[I 2023-12-11 23:21:39,143] Trial 403 finished with value: 0.4359718193120597 and parameters: {'EMBEDDING_DIM': 32, 'HIDDEN_DIM': 709, 'NUM_LAYERS': 1, 'DROPOUT': 0.3008980475087464, 'LR': 0.0069239368231673775, 'WEIGHT_0': 0.8921615143200367, 'WEIGHT_1': 0.23645425581778265, 'WEIGHT_2': 0.18829394524402995, 'WEIGHT_3': 0.14856134576914154, 'WEIGHT_4': 0.9612311125633755, 'WEIGHT_5': 0.509947047176582, 'WEIGHT_6': 0.6154442498553411, 'WEIGHT_7': 0.04593894236038554, 'WEIGHT_8': 0.8362544477246933}. Best is trial 282 with value: 0.45463128081401455.
{'EMBEDDING_DIM': 32, 'HIDDEN_DIM': 709, 'NUM_LAYERS': 1, 'DROPOUT': 0.3008980475087464, 'LR': 0.0069239368231673775, 'WEIGHT_0': 0.8921615143200367, 'WEIGHT_1': 0.23645425581778265, 'WEIGHT_2': 0.18829394524402995, 'WEIGHT_3': 0.14856134576914154, 'WEIGHT_4': 0.9612311125633755, 'WEIGHT_5': 0.509947047176582, 'WEIGHT_6': 0.6154442498553411, 'WEIGHT_7': 0.04593894236038554, 'WEIGHT_8': 0.8362544477246933}
0
              precision    recall  f1-score   support

         LOC       0.00      0.00      0.00      1837
        MISC       0.00      0.00      0.00       922
         ORG       0.00      0.00      0.00      1341
         PER       0.00      0.00      0.00      1842

   micro avg       0.00      0.00      0.00      5942
   macro avg       0.00      0.00      0.00      5942
weighted avg       0.00      0.00      0.00      5942

{'EMBEDDING_DIM': 32, 'HIDDEN_DIM': 709, 'NUM_LAYERS': 1, 'DROPOUT': 0.3008980475087464, 'LR': 0.0069239368231673775, 'WEIGHT_0': 0.8921615143200367, 'WEIGHT_1': 0.23645425581778265, 'WEIGHT_2': 0.18829394524402995, 'WEIGHT_3': 0.14856134576914154, 'WEIGHT_4': 0.9612311125633755, 'WEIGHT_5': 0.509947047176582, 'WEIGHT_6': 0.6154442498553411, 'WEIGHT_7': 0.04593894236038554, 'WEIGHT_8': 0.8362544477246933}
49
              precision    recall  f1-score   support

         LOC       0.77      0.59      0.66      1837
        MISC       0.60      0.42      0.49       922
         ORG       0.37      0.21      0.27      1341
         PER       0.40      0.19      0.26      1842

   micro avg       0.57      0.35      0.44      5942
   macro avg       0.53      0.35      0.42      5942
weighted avg       0.54      0.35      0.42      5942

epoch 49
Transformer

  0%|          | 0/50 [00:00<?, ?it/s]
  2%|▏         | 1/50 [00:07<06:13,  7.62s/it]
  4%|▍         | 2/50 [00:07<02:34,  3.23s/it]
  6%|▌         | 3/50 [00:07<01:25,  1.82s/it]
  8%|▊         | 4/50 [00:08<00:53,  1.16s/it]
 10%|█         | 5/50 [00:08<00:35,  1.26it/s]
 12%|█▏        | 6/50 [00:08<00:24,  1.76it/s]
 14%|█▍        | 7/50 [00:08<00:18,  2.35it/s]
 16%|█▌        | 8/50 [00:08<00:14,  3.00it/s]
 18%|█▊        | 9/50 [00:08<00:11,  3.64it/s]
 20%|██        | 10/50 [00:08<00:10,  3.98it/s]
 22%|██▏       | 11/50 [00:09<00:09,  4.07it/s]
 24%|██▍       | 12/50 [00:09<00:09,  3.99it/s]
 26%|██▌       | 13/50 [00:09<00:09,  3.83it/s]
 28%|██▊       | 14/50 [00:10<00:09,  3.63it/s]
 30%|███       | 15/50 [00:10<00:10,  3.44it/s]
 32%|███▏      | 16/50 [00:10<00:10,  3.24it/s]
 34%|███▍      | 17/50 [00:11<00:10,  3.11it/s]
 36%|███▌      | 18/50 [00:11<00:10,  3.03it/s]
 38%|███▊      | 19/50 [00:11<00:10,  3.01it/s]
 40%|████      | 20/50 [00:12<00:09,  3.04it/s]
 42%|████▏     | 21/50 [00:12<00:09,  3.06it/s]
 44%|████▍     | 22/50 [00:12<00:09,  3.01it/s]
 46%|████▌     | 23/50 [00:13<00:09,  2.92it/s]
 48%|████▊     | 24/50 [00:13<00:08,  2.89it/s]
 50%|█████     | 25/50 [00:13<00:08,  2.88it/s]
 52%|█████▏    | 26/50 [00:14<00:08,  2.87it/s]
 54%|█████▍    | 27/50 [00:14<00:08,  2.87it/s]
 56%|█████▌    | 28/50 [00:14<00:07,  2.86it/s]
 58%|█████▊    | 29/50 [00:15<00:07,  2.85it/s]
 60%|██████    | 30/50 [00:15<00:07,  2.85it/s]
 62%|██████▏   | 31/50 [00:15<00:05,  3.28it/s]
 64%|██████▍   | 32/50 [00:15<00:04,  3.81it/s]
 66%|██████▌   | 33/50 [00:16<00:03,  4.29it/s]
 68%|██████▊   | 34/50 [00:16<00:03,  4.33it/s]
 70%|███████   | 35/50 [00:16<00:03,  4.12it/s]
 72%|███████▏  | 36/50 [00:16<00:03,  3.89it/s]
 74%|███████▍  | 37/50 [00:17<00:03,  3.64it/s]
 76%|███████▌  | 38/50 [00:17<00:03,  3.47it/s]
 78%|███████▊  | 39/50 [00:17<00:03,  3.37it/s]
 80%|████████  | 40/50 [00:18<00:03,  3.29it/s]
 82%|████████▏ | 41/50 [00:18<00:02,  3.23it/s]
 84%|████████▍ | 42/50 [00:18<00:02,  3.19it/s]
 86%|████████▌ | 43/50 [00:19<00:02,  3.08it/s]
 88%|████████▊ | 44/50 [00:19<00:01,  3.01it/s]
 90%|█████████ | 45/50 [00:19<00:01,  2.96it/s]
 92%|█████████▏| 46/50 [00:20<00:01,  2.90it/s]
 94%|█████████▍| 47/50 [00:20<00:00,  3.38it/s]
 96%|█████████▌| 48/50 [00:20<00:00,  3.66it/s]
 98%|█████████▊| 49/50 [00:20<00:00,  3.86it/s]
100%|██████████| 50/50 [00:28<00:00,  2.58s/it]
100%|██████████| 50/50 [00:28<00:00,  1.73it/s]
[I 2023-12-11 23:22:15,413] Trial 404 finished with value: 0.43685365089313694 and parameters: {'EMBEDDING_DIM': 32, 'HIDDEN_DIM': 484, 'NUM_LAYERS': 2, 'DROPOUT': 0.2749699255813894, 'LR': 0.007159185289044587, 'WEIGHT_0': 0.7836410398238544, 'WEIGHT_1': 0.4187069825955101, 'WEIGHT_2': 0.22779473187812616, 'WEIGHT_3': 0.25459826921341155, 'WEIGHT_4': 0.7673254937343083, 'WEIGHT_5': 0.3807587792491969, 'WEIGHT_6': 0.09836977392467193, 'WEIGHT_7': 0.5874402098546025, 'WEIGHT_8': 0.4793029622310441}. Best is trial 282 with value: 0.45463128081401455.
{'EMBEDDING_DIM': 32, 'HIDDEN_DIM': 484, 'NUM_LAYERS': 2, 'DROPOUT': 0.2749699255813894, 'LR': 0.007159185289044587, 'WEIGHT_0': 0.7836410398238544, 'WEIGHT_1': 0.4187069825955101, 'WEIGHT_2': 0.22779473187812616, 'WEIGHT_3': 0.25459826921341155, 'WEIGHT_4': 0.7673254937343083, 'WEIGHT_5': 0.3807587792491969, 'WEIGHT_6': 0.09836977392467193, 'WEIGHT_7': 0.5874402098546025, 'WEIGHT_8': 0.4793029622310441}
0
              precision    recall  f1-score   support

         LOC       0.00      0.00      0.00      1837
        MISC       0.00      0.00      0.00       922
         ORG       0.00      0.00      0.00      1341
         PER       0.00      0.00      0.00      1842

   micro avg       0.00      0.00      0.00      5942
   macro avg       0.00      0.00      0.00      5942
weighted avg       0.00      0.00      0.00      5942

{'EMBEDDING_DIM': 32, 'HIDDEN_DIM': 484, 'NUM_LAYERS': 2, 'DROPOUT': 0.2749699255813894, 'LR': 0.007159185289044587, 'WEIGHT_0': 0.7836410398238544, 'WEIGHT_1': 0.4187069825955101, 'WEIGHT_2': 0.22779473187812616, 'WEIGHT_3': 0.25459826921341155, 'WEIGHT_4': 0.7673254937343083, 'WEIGHT_5': 0.3807587792491969, 'WEIGHT_6': 0.09836977392467193, 'WEIGHT_7': 0.5874402098546025, 'WEIGHT_8': 0.4793029622310441}
49
              precision    recall  f1-score   support

         LOC       0.76      0.58      0.66      1837
        MISC       0.62      0.46      0.53       922
         ORG       0.41      0.21      0.28      1341
         PER       0.37      0.17      0.24      1842

   micro avg       0.58      0.35      0.44      5942
   macro avg       0.54      0.36      0.43      5942
weighted avg       0.54      0.35      0.42      5942

epoch 49
Transformer

  0%|          | 0/50 [00:00<?, ?it/s]
  2%|▏         | 1/50 [00:06<05:23,  6.60s/it]
  4%|▍         | 2/50 [00:07<02:26,  3.05s/it]
  6%|▌         | 3/50 [00:07<01:29,  1.91s/it]
  8%|▊         | 4/50 [00:08<01:03,  1.38s/it]
 10%|█         | 5/50 [00:08<00:48,  1.08s/it]
 12%|█▏        | 6/50 [00:09<00:39,  1.11it/s]
 14%|█▍        | 7/50 [00:09<00:33,  1.27it/s]
 16%|█▌        | 8/50 [00:10<00:29,  1.40it/s]
 18%|█▊        | 9/50 [00:11<00:27,  1.51it/s]
 20%|██        | 10/50 [00:11<00:25,  1.59it/s]
 22%|██▏       | 11/50 [00:12<00:23,  1.65it/s]
 24%|██▍       | 12/50 [00:12<00:22,  1.70it/s]
 26%|██▌       | 13/50 [00:13<00:21,  1.73it/s]
 28%|██▊       | 14/50 [00:13<00:20,  1.75it/s]
 30%|███       | 15/50 [00:14<00:19,  1.77it/s]
 32%|███▏      | 16/50 [00:14<00:19,  1.78it/s]
 34%|███▍      | 17/50 [00:15<00:18,  1.79it/s]
 36%|███▌      | 18/50 [00:16<00:17,  1.79it/s]
 38%|███▊      | 19/50 [00:16<00:17,  1.80it/s]
 40%|████      | 20/50 [00:17<00:16,  1.80it/s]
 42%|████▏     | 21/50 [00:17<00:16,  1.80it/s]
 44%|████▍     | 22/50 [00:18<00:15,  1.80it/s]
 46%|████▌     | 23/50 [00:18<00:15,  1.80it/s]
 48%|████▊     | 24/50 [00:19<00:14,  1.80it/s]
 50%|█████     | 25/50 [00:19<00:13,  1.80it/s]
 52%|█████▏    | 26/50 [00:20<00:13,  1.80it/s]
 54%|█████▍    | 27/50 [00:21<00:12,  1.80it/s]
 56%|█████▌    | 28/50 [00:21<00:12,  1.80it/s]
 58%|█████▊    | 29/50 [00:22<00:11,  1.80it/s]
 60%|██████    | 30/50 [00:22<00:11,  1.80it/s]
 62%|██████▏   | 31/50 [00:23<00:10,  1.79it/s]
 64%|██████▍   | 32/50 [00:23<00:10,  1.79it/s]
 66%|██████▌   | 33/50 [00:24<00:09,  1.79it/s]
 68%|██████▊   | 34/50 [00:24<00:08,  1.79it/s]
 70%|███████   | 35/50 [00:25<00:08,  1.79it/s]
 72%|███████▏  | 36/50 [00:26<00:07,  1.79it/s]
 74%|███████▍  | 37/50 [00:26<00:07,  1.79it/s]
 76%|███████▌  | 38/50 [00:27<00:06,  1.79it/s]
 78%|███████▊  | 39/50 [00:27<00:06,  1.79it/s]
 80%|████████  | 40/50 [00:28<00:05,  1.79it/s]
 82%|████████▏ | 41/50 [00:28<00:05,  1.79it/s]
 84%|████████▍ | 42/50 [00:29<00:04,  1.79it/s]
 86%|████████▌ | 43/50 [00:29<00:03,  1.78it/s]
 88%|████████▊ | 44/50 [00:30<00:03,  1.78it/s]
 90%|█████████ | 45/50 [00:31<00:02,  1.78it/s]
 92%|█████████▏| 46/50 [00:31<00:02,  1.78it/s]
 94%|█████████▍| 47/50 [00:32<00:01,  1.78it/s]
 96%|█████████▌| 48/50 [00:32<00:01,  1.78it/s]
 98%|█████████▊| 49/50 [00:33<00:00,  1.78it/s]
100%|██████████| 50/50 [00:39<00:00,  2.35s/it]
100%|██████████| 50/50 [00:39<00:00,  1.25it/s]
