[I 2023-12-11 21:25:04,235] Trial 181 finished with value: 0.4377975574415235 and parameters: {'EMBEDDING_DIM': 32, 'HIDDEN_DIM': 234, 'NUM_LAYERS': 1, 'DROPOUT': 0.11880972310209076, 'LR': 0.007267614620277297, 'WEIGHT_0': 0.8961090083330455, 'WEIGHT_1': 0.028301931332361585, 'WEIGHT_2': 0.3626132759336429, 'WEIGHT_3': 0.41048718631283243, 'WEIGHT_4': 0.687819611951634, 'WEIGHT_5': 0.27263056293020793, 'WEIGHT_6': 0.1994668109458886, 'WEIGHT_7': 0.9341595423566753, 'WEIGHT_8': 0.3433115641359727}. Best is trial 42 with value: 0.44962374581939796.
{'EMBEDDING_DIM': 32, 'HIDDEN_DIM': 234, 'NUM_LAYERS': 1, 'DROPOUT': 0.11880972310209076, 'LR': 0.007267614620277297, 'WEIGHT_0': 0.8961090083330455, 'WEIGHT_1': 0.028301931332361585, 'WEIGHT_2': 0.3626132759336429, 'WEIGHT_3': 0.41048718631283243, 'WEIGHT_4': 0.687819611951634, 'WEIGHT_5': 0.27263056293020793, 'WEIGHT_6': 0.1994668109458886, 'WEIGHT_7': 0.9341595423566753, 'WEIGHT_8': 0.3433115641359727}
0
              precision    recall  f1-score   support

         LOC       0.00      0.00      0.00      1837
        MISC       0.00      0.00      0.00       922
         ORG       0.00      0.00      0.00      1341
         PER       0.00      0.00      0.00      1842

   micro avg       0.00      0.00      0.00      5942
   macro avg       0.00      0.00      0.00      5942
weighted avg       0.00      0.00      0.00      5942

{'EMBEDDING_DIM': 32, 'HIDDEN_DIM': 234, 'NUM_LAYERS': 1, 'DROPOUT': 0.11880972310209076, 'LR': 0.007267614620277297, 'WEIGHT_0': 0.8961090083330455, 'WEIGHT_1': 0.028301931332361585, 'WEIGHT_2': 0.3626132759336429, 'WEIGHT_3': 0.41048718631283243, 'WEIGHT_4': 0.687819611951634, 'WEIGHT_5': 0.27263056293020793, 'WEIGHT_6': 0.1994668109458886, 'WEIGHT_7': 0.9341595423566753, 'WEIGHT_8': 0.3433115641359727}
49
              precision    recall  f1-score   support

         LOC       0.77      0.59      0.67      1837
        MISC       0.62      0.49      0.55       922
         ORG       0.42      0.21      0.28      1341
         PER       0.33      0.17      0.23      1842

   micro avg       0.57      0.36      0.44      5942
   macro avg       0.54      0.36      0.43      5942
weighted avg       0.53      0.36      0.42      5942

epoch 49
Transformer

  0%|          | 0/50 [00:00<?, ?it/s]
  2%|▏         | 1/50 [00:05<04:51,  5.95s/it]
  6%|▌         | 3/50 [00:06<01:15,  1.62s/it]
 10%|█         | 5/50 [00:06<00:37,  1.20it/s]
 14%|█▍        | 7/50 [00:06<00:22,  1.90it/s]
 16%|█▌        | 8/50 [00:06<00:18,  2.32it/s]
 18%|█▊        | 9/50 [00:06<00:14,  2.80it/s]
 20%|██        | 10/50 [00:06<00:11,  3.36it/s]
 22%|██▏       | 11/50 [00:07<00:09,  3.96it/s]
 24%|██▍       | 12/50 [00:07<00:08,  4.53it/s]
 26%|██▌       | 13/50 [00:07<00:07,  5.04it/s]
 28%|██▊       | 14/50 [00:07<00:06,  5.59it/s]
 30%|███       | 15/50 [00:07<00:05,  6.28it/s]
 32%|███▏      | 16/50 [00:07<00:04,  6.88it/s]
 34%|███▍      | 17/50 [00:07<00:04,  7.26it/s]
 36%|███▌      | 18/50 [00:07<00:04,  7.69it/s]
 38%|███▊      | 19/50 [00:08<00:03,  8.04it/s]
 40%|████      | 20/50 [00:08<00:03,  8.30it/s]
 42%|████▏     | 21/50 [00:08<00:03,  8.49it/s]
 44%|████▍     | 22/50 [00:08<00:03,  8.64it/s]
 46%|████▌     | 23/50 [00:08<00:03,  8.74it/s]
 48%|████▊     | 24/50 [00:08<00:02,  8.82it/s]
 50%|█████     | 25/50 [00:08<00:02,  8.85it/s]
 52%|█████▏    | 26/50 [00:08<00:02,  8.89it/s]
 54%|█████▍    | 27/50 [00:08<00:02,  8.92it/s]
 56%|█████▌    | 28/50 [00:09<00:02,  8.94it/s]
 58%|█████▊    | 29/50 [00:09<00:02,  8.97it/s]
 60%|██████    | 30/50 [00:09<00:02,  8.96it/s]
 62%|██████▏   | 31/50 [00:09<00:02,  8.98it/s]
 64%|██████▍   | 32/50 [00:09<00:02,  8.98it/s]
 66%|██████▌   | 33/50 [00:09<00:01,  8.98it/s]
 68%|██████▊   | 34/50 [00:09<00:01,  8.98it/s]
 70%|███████   | 35/50 [00:09<00:01,  8.98it/s]
 72%|███████▏  | 36/50 [00:09<00:01,  8.97it/s]
 74%|███████▍  | 37/50 [00:10<00:01,  8.97it/s]
 76%|███████▌  | 38/50 [00:10<00:01,  8.97it/s]
 78%|███████▊  | 39/50 [00:10<00:01,  8.97it/s]
 80%|████████  | 40/50 [00:10<00:01,  8.98it/s]
 82%|████████▏ | 41/50 [00:10<00:01,  9.00it/s]
 84%|████████▍ | 42/50 [00:10<00:00,  8.98it/s]
 86%|████████▌ | 43/50 [00:10<00:00,  9.00it/s]
 88%|████████▊ | 44/50 [00:10<00:00,  8.98it/s]
 90%|█████████ | 45/50 [00:10<00:00,  8.99it/s]
 92%|█████████▏| 46/50 [00:11<00:00,  8.99it/s]
 94%|█████████▍| 47/50 [00:11<00:00,  8.99it/s]
 96%|█████████▌| 48/50 [00:11<00:00,  8.97it/s]
 98%|█████████▊| 49/50 [00:11<00:00,  8.99it/s]
100%|██████████| 50/50 [00:18<00:00,  2.34s/it]
100%|██████████| 50/50 [00:18<00:00,  2.64it/s]
[I 2023-12-11 21:25:30,677] Trial 182 finished with value: 0.43176229508196723 and parameters: {'EMBEDDING_DIM': 32, 'HIDDEN_DIM': 297, 'NUM_LAYERS': 1, 'DROPOUT': 0.13341935764361285, 'LR': 0.007482835123469352, 'WEIGHT_0': 0.907192706089621, 'WEIGHT_1': 0.06276015129681639, 'WEIGHT_2': 0.4146429974744105, 'WEIGHT_3': 0.20091395962688144, 'WEIGHT_4': 0.7403365233063238, 'WEIGHT_5': 0.3495279861521766, 'WEIGHT_6': 0.15673406372598772, 'WEIGHT_7': 0.8664444841173584, 'WEIGHT_8': 0.8054269012311347}. Best is trial 42 with value: 0.44962374581939796.
{'EMBEDDING_DIM': 32, 'HIDDEN_DIM': 297, 'NUM_LAYERS': 1, 'DROPOUT': 0.13341935764361285, 'LR': 0.007482835123469352, 'WEIGHT_0': 0.907192706089621, 'WEIGHT_1': 0.06276015129681639, 'WEIGHT_2': 0.4146429974744105, 'WEIGHT_3': 0.20091395962688144, 'WEIGHT_4': 0.7403365233063238, 'WEIGHT_5': 0.3495279861521766, 'WEIGHT_6': 0.15673406372598772, 'WEIGHT_7': 0.8664444841173584, 'WEIGHT_8': 0.8054269012311347}
0
              precision    recall  f1-score   support

         LOC       0.00      0.00      0.00      1837
        MISC       0.00      0.00      0.00       922
         ORG       0.00      0.00      0.00      1341
         PER       0.00      0.00      0.00      1842

   micro avg       0.00      0.00      0.00      5942
   macro avg       0.00      0.00      0.00      5942
weighted avg       0.00      0.00      0.00      5942

{'EMBEDDING_DIM': 32, 'HIDDEN_DIM': 297, 'NUM_LAYERS': 1, 'DROPOUT': 0.13341935764361285, 'LR': 0.007482835123469352, 'WEIGHT_0': 0.907192706089621, 'WEIGHT_1': 0.06276015129681639, 'WEIGHT_2': 0.4146429974744105, 'WEIGHT_3': 0.20091395962688144, 'WEIGHT_4': 0.7403365233063238, 'WEIGHT_5': 0.3495279861521766, 'WEIGHT_6': 0.15673406372598772, 'WEIGHT_7': 0.8664444841173584, 'WEIGHT_8': 0.8054269012311347}
49
              precision    recall  f1-score   support

         LOC       0.74      0.58      0.65      1837
        MISC       0.56      0.46      0.51       922
         ORG       0.41      0.21      0.28      1341
         PER       0.36      0.18      0.24      1842

   micro avg       0.55      0.35      0.43      5942
   macro avg       0.52      0.36      0.42      5942
weighted avg       0.52      0.35      0.42      5942

epoch 49
Transformer

  0%|          | 0/50 [00:00<?, ?it/s]
  2%|▏         | 1/50 [00:07<06:04,  7.44s/it]
  4%|▍         | 2/50 [00:07<02:30,  3.14s/it]
  6%|▌         | 3/50 [00:07<01:22,  1.76s/it]
  8%|▊         | 4/50 [00:07<00:51,  1.11s/it]
 10%|█         | 5/50 [00:07<00:34,  1.32it/s]
 12%|█▏        | 6/50 [00:08<00:23,  1.86it/s]
 14%|█▍        | 7/50 [00:08<00:17,  2.49it/s]
 16%|█▌        | 8/50 [00:08<00:12,  3.26it/s]
 18%|█▊        | 9/50 [00:08<00:09,  4.10it/s]
 20%|██        | 10/50 [00:08<00:08,  4.90it/s]
 22%|██▏       | 11/50 [00:08<00:06,  5.73it/s]
 24%|██▍       | 12/50 [00:08<00:05,  6.42it/s]
 26%|██▌       | 13/50 [00:08<00:05,  7.00it/s]
 30%|███       | 15/50 [00:09<00:04,  8.25it/s]
 32%|███▏      | 16/50 [00:09<00:04,  7.92it/s]
 34%|███▍      | 17/50 [00:09<00:04,  7.66it/s]
 36%|███▌      | 18/50 [00:09<00:03,  8.02it/s]
 40%|████      | 20/50 [00:09<00:03,  9.16it/s]
 44%|████▍     | 22/50 [00:09<00:02,  9.87it/s]
 48%|████▊     | 24/50 [00:09<00:02, 10.32it/s]
 52%|█████▏    | 26/50 [00:10<00:02, 10.61it/s]
 56%|█████▌    | 28/50 [00:10<00:02, 10.82it/s]
 60%|██████    | 30/50 [00:10<00:01, 10.95it/s]
 64%|██████▍   | 32/50 [00:10<00:01, 11.04it/s]
 68%|██████▊   | 34/50 [00:10<00:01, 11.10it/s]
 72%|███████▏  | 36/50 [00:11<00:01, 11.16it/s]
 76%|███████▌  | 38/50 [00:11<00:01, 11.17it/s]
 80%|████████  | 40/50 [00:11<00:00, 11.22it/s]
 84%|████████▍ | 42/50 [00:11<00:00, 11.23it/s]
 88%|████████▊ | 44/50 [00:11<00:00, 11.23it/s]
 92%|█████████▏| 46/50 [00:11<00:00, 11.23it/s]
 96%|█████████▌| 48/50 [00:12<00:00, 11.25it/s]
100%|██████████| 50/50 [00:18<00:00,  1.03it/s]
100%|██████████| 50/50 [00:18<00:00,  2.76it/s]
[I 2023-12-11 21:25:54,683] Trial 183 finished with value: 0.4424154388877361 and parameters: {'EMBEDDING_DIM': 32, 'HIDDEN_DIM': 167, 'NUM_LAYERS': 1, 'DROPOUT': 0.2045727847093718, 'LR': 0.006765582461702424, 'WEIGHT_0': 0.8730586659471576, 'WEIGHT_1': 0.04566861959575666, 'WEIGHT_2': 0.32353860006454027, 'WEIGHT_3': 0.3732445784751379, 'WEIGHT_4': 0.7968378922891467, 'WEIGHT_5': 0.31474268427476926, 'WEIGHT_6': 0.16603821992530024, 'WEIGHT_7': 0.9070635325123503, 'WEIGHT_8': 0.8074030958343833}. Best is trial 42 with value: 0.44962374581939796.
{'EMBEDDING_DIM': 32, 'HIDDEN_DIM': 167, 'NUM_LAYERS': 1, 'DROPOUT': 0.2045727847093718, 'LR': 0.006765582461702424, 'WEIGHT_0': 0.8730586659471576, 'WEIGHT_1': 0.04566861959575666, 'WEIGHT_2': 0.32353860006454027, 'WEIGHT_3': 0.3732445784751379, 'WEIGHT_4': 0.7968378922891467, 'WEIGHT_5': 0.31474268427476926, 'WEIGHT_6': 0.16603821992530024, 'WEIGHT_7': 0.9070635325123503, 'WEIGHT_8': 0.8074030958343833}
0
              precision    recall  f1-score   support

         LOC       0.00      0.00      0.00      1837
        MISC       0.00      0.00      0.00       922
         ORG       0.00      0.00      0.00      1341
         PER       0.00      0.00      0.00      1842

   micro avg       0.00      0.00      0.00      5942
   macro avg       0.00      0.00      0.00      5942
weighted avg       0.00      0.00      0.00      5942

{'EMBEDDING_DIM': 32, 'HIDDEN_DIM': 167, 'NUM_LAYERS': 1, 'DROPOUT': 0.2045727847093718, 'LR': 0.006765582461702424, 'WEIGHT_0': 0.8730586659471576, 'WEIGHT_1': 0.04566861959575666, 'WEIGHT_2': 0.32353860006454027, 'WEIGHT_3': 0.3732445784751379, 'WEIGHT_4': 0.7968378922891467, 'WEIGHT_5': 0.31474268427476926, 'WEIGHT_6': 0.16603821992530024, 'WEIGHT_7': 0.9070635325123503, 'WEIGHT_8': 0.8074030958343833}
49
              precision    recall  f1-score   support

         LOC       0.78      0.58      0.67      1837
        MISC       0.63      0.50      0.56       922
         ORG       0.43      0.21      0.29      1341
         PER       0.34      0.17      0.23      1842

   micro avg       0.58      0.36      0.44      5942
   macro avg       0.55      0.37      0.43      5942
weighted avg       0.54      0.36      0.43      5942

epoch 49
Transformer

  0%|          | 0/50 [00:00<?, ?it/s]
  2%|▏         | 1/50 [00:05<04:48,  5.90s/it]
  6%|▌         | 3/50 [00:06<01:15,  1.60s/it]
 10%|█         | 5/50 [00:06<00:37,  1.21it/s]
 14%|█▍        | 7/50 [00:06<00:22,  1.93it/s]
 18%|█▊        | 9/50 [00:06<00:14,  2.78it/s]
 20%|██        | 10/50 [00:06<00:12,  3.27it/s]
 22%|██▏       | 11/50 [00:06<00:10,  3.84it/s]
 24%|██▍       | 12/50 [00:07<00:08,  4.45it/s]
 26%|██▌       | 13/50 [00:07<00:07,  4.97it/s]
 28%|██▊       | 14/50 [00:07<00:06,  5.51it/s]
 30%|███       | 15/50 [00:07<00:05,  6.12it/s]
 32%|███▏      | 16/50 [00:07<00:05,  6.68it/s]
 34%|███▍      | 17/50 [00:07<00:04,  7.16it/s]
 36%|███▌      | 18/50 [00:07<00:04,  7.54it/s]
 38%|███▊      | 19/50 [00:07<00:03,  7.83it/s]
 42%|████▏     | 21/50 [00:08<00:03,  8.97it/s]
 44%|████▍     | 22/50 [00:08<00:03,  8.60it/s]
 46%|████▌     | 23/50 [00:08<00:03,  8.30it/s]
 48%|████▊     | 24/50 [00:08<00:03,  8.08it/s]
 50%|█████     | 25/50 [00:08<00:03,  7.90it/s]
 52%|█████▏    | 26/50 [00:08<00:03,  7.61it/s]
 54%|█████▍    | 27/50 [00:08<00:03,  7.40it/s]
 56%|█████▌    | 28/50 [00:08<00:03,  7.25it/s]
 58%|█████▊    | 29/50 [00:09<00:02,  7.28it/s]
 60%|██████    | 30/50 [00:09<00:02,  7.70it/s]
 62%|██████▏   | 31/50 [00:09<00:02,  8.04it/s]
 64%|██████▍   | 32/50 [00:09<00:02,  8.29it/s]
 66%|██████▌   | 33/50 [00:09<00:02,  8.47it/s]
 68%|██████▊   | 34/50 [00:09<00:01,  8.62it/s]
 70%|███████   | 35/50 [00:09<00:01,  8.72it/s]
 72%|███████▏  | 36/50 [00:09<00:01,  8.80it/s]
 74%|███████▍  | 37/50 [00:10<00:01,  8.85it/s]
 76%|███████▌  | 38/50 [00:10<00:01,  8.89it/s]
 78%|███████▊  | 39/50 [00:10<00:01,  8.92it/s]
 80%|████████  | 40/50 [00:10<00:01,  8.95it/s]
 82%|████████▏ | 41/50 [00:10<00:01,  8.94it/s]
 84%|████████▍ | 42/50 [00:10<00:00,  8.94it/s]
 86%|████████▌ | 43/50 [00:10<00:00,  8.96it/s]
 88%|████████▊ | 44/50 [00:10<00:00,  8.96it/s]
 90%|█████████ | 45/50 [00:10<00:00,  8.98it/s]
 92%|█████████▏| 46/50 [00:11<00:00,  8.96it/s]
 94%|█████████▍| 47/50 [00:11<00:00,  8.97it/s]
 96%|█████████▌| 48/50 [00:11<00:00,  8.98it/s]
 98%|█████████▊| 49/50 [00:11<00:00,  8.99it/s]
100%|██████████| 50/50 [00:18<00:00,  2.30s/it]
100%|██████████| 50/50 [00:18<00:00,  2.66it/s]
[I 2023-12-11 21:26:20,816] Trial 184 finished with value: 0.4400693665204529 and parameters: {'EMBEDDING_DIM': 32, 'HIDDEN_DIM': 180, 'NUM_LAYERS': 1, 'DROPOUT': 0.19838049848654216, 'LR': 0.006640150985672965, 'WEIGHT_0': 0.8847183086534818, 'WEIGHT_1': 0.02865299667078422, 'WEIGHT_2': 0.30522026866475294, 'WEIGHT_3': 0.3497270735145658, 'WEIGHT_4': 0.7959603000657588, 'WEIGHT_5': 0.36748827581008936, 'WEIGHT_6': 0.1340854290030007, 'WEIGHT_7': 0.9165836751164568, 'WEIGHT_8': 0.7787388100560032}. Best is trial 42 with value: 0.44962374581939796.
{'EMBEDDING_DIM': 32, 'HIDDEN_DIM': 180, 'NUM_LAYERS': 1, 'DROPOUT': 0.19838049848654216, 'LR': 0.006640150985672965, 'WEIGHT_0': 0.8847183086534818, 'WEIGHT_1': 0.02865299667078422, 'WEIGHT_2': 0.30522026866475294, 'WEIGHT_3': 0.3497270735145658, 'WEIGHT_4': 0.7959603000657588, 'WEIGHT_5': 0.36748827581008936, 'WEIGHT_6': 0.1340854290030007, 'WEIGHT_7': 0.9165836751164568, 'WEIGHT_8': 0.7787388100560032}
0
              precision    recall  f1-score   support

         LOC       0.00      0.00      0.00      1837
        MISC       0.00      0.00      0.00       922
         ORG       0.00      0.00      0.00      1341
         PER       0.00      0.00      0.00      1842

   micro avg       0.00      0.00      0.00      5942
   macro avg       0.00      0.00      0.00      5942
weighted avg       0.00      0.00      0.00      5942

{'EMBEDDING_DIM': 32, 'HIDDEN_DIM': 180, 'NUM_LAYERS': 1, 'DROPOUT': 0.19838049848654216, 'LR': 0.006640150985672965, 'WEIGHT_0': 0.8847183086534818, 'WEIGHT_1': 0.02865299667078422, 'WEIGHT_2': 0.30522026866475294, 'WEIGHT_3': 0.3497270735145658, 'WEIGHT_4': 0.7959603000657588, 'WEIGHT_5': 0.36748827581008936, 'WEIGHT_6': 0.1340854290030007, 'WEIGHT_7': 0.9165836751164568, 'WEIGHT_8': 0.7787388100560032}
49
              precision    recall  f1-score   support

         LOC       0.76      0.59      0.67      1837
        MISC       0.63      0.49      0.55       922
         ORG       0.44      0.19      0.27      1341
         PER       0.32      0.19      0.24      1842

   micro avg       0.56      0.36      0.44      5942
   macro avg       0.54      0.37      0.43      5942
weighted avg       0.53      0.36      0.43      5942

epoch 49
Transformer

  0%|          | 0/50 [00:00<?, ?it/s]
  2%|▏         | 1/50 [00:07<06:03,  7.42s/it]
  4%|▍         | 2/50 [00:07<02:30,  3.13s/it]
  6%|▌         | 3/50 [00:07<01:22,  1.76s/it]
  8%|▊         | 4/50 [00:07<00:51,  1.11s/it]
 10%|█         | 5/50 [00:07<00:33,  1.33it/s]
 12%|█▏        | 6/50 [00:08<00:23,  1.86it/s]
 14%|█▍        | 7/50 [00:08<00:17,  2.49it/s]
 16%|█▌        | 8/50 [00:08<00:13,  3.20it/s]
 18%|█▊        | 9/50 [00:08<00:10,  3.95it/s]
 20%|██        | 10/50 [00:08<00:08,  4.71it/s]
 22%|██▏       | 11/50 [00:08<00:07,  5.43it/s]
 24%|██▍       | 12/50 [00:08<00:06,  6.06it/s]
 26%|██▌       | 13/50 [00:08<00:05,  6.59it/s]
 28%|██▊       | 14/50 [00:08<00:05,  7.01it/s]
 30%|███       | 15/50 [00:09<00:04,  7.34it/s]
 32%|███▏      | 16/50 [00:09<00:04,  7.60it/s]
 34%|███▍      | 17/50 [00:09<00:04,  7.81it/s]
 36%|███▌      | 18/50 [00:09<00:04,  7.95it/s]
 38%|███▊      | 19/50 [00:09<00:03,  8.04it/s]
 40%|████      | 20/50 [00:09<00:03,  8.09it/s]
 42%|████▏     | 21/50 [00:09<00:03,  8.14it/s]
 44%|████▍     | 22/50 [00:09<00:03,  8.19it/s]
 46%|████▌     | 23/50 [00:10<00:03,  8.23it/s]
 48%|████▊     | 24/50 [00:10<00:03,  8.25it/s]
 50%|█████     | 25/50 [00:10<00:03,  8.28it/s]
 52%|█████▏    | 26/50 [00:10<00:02,  8.29it/s]
 54%|█████▍    | 27/50 [00:10<00:02,  8.29it/s]
 56%|█████▌    | 28/50 [00:10<00:02,  8.25it/s]
 58%|█████▊    | 29/50 [00:10<00:02,  8.22it/s]
 60%|██████    | 30/50 [00:10<00:02,  8.23it/s]
 62%|██████▏   | 31/50 [00:11<00:02,  8.25it/s]
 64%|██████▍   | 32/50 [00:11<00:02,  8.24it/s]
 66%|██████▌   | 33/50 [00:11<00:02,  8.41it/s]
 68%|██████▊   | 34/50 [00:11<00:01,  8.57it/s]
 70%|███████   | 35/50 [00:11<00:01,  8.69it/s]
 72%|███████▏  | 36/50 [00:11<00:01,  8.77it/s]
 74%|███████▍  | 37/50 [00:11<00:01,  8.82it/s]
 76%|███████▌  | 38/50 [00:11<00:01,  8.75it/s]
 78%|███████▊  | 39/50 [00:11<00:01,  8.82it/s]
 80%|████████  | 40/50 [00:12<00:01,  8.88it/s]
 82%|████████▏ | 41/50 [00:12<00:01,  8.89it/s]
 84%|████████▍ | 42/50 [00:12<00:00,  8.91it/s]
 86%|████████▌ | 43/50 [00:12<00:00,  8.93it/s]
 88%|████████▊ | 44/50 [00:12<00:00,  8.94it/s]
 90%|█████████ | 45/50 [00:12<00:00,  8.96it/s]
 92%|█████████▏| 46/50 [00:12<00:00,  8.96it/s]
 94%|█████████▍| 47/50 [00:12<00:00,  8.97it/s]
 96%|█████████▌| 48/50 [00:12<00:00,  8.97it/s]
 98%|█████████▊| 49/50 [00:13<00:00,  8.98it/s]
100%|██████████| 50/50 [00:20<00:00,  2.30s/it]
100%|██████████| 50/50 [00:20<00:00,  2.44it/s]
