[I 2023-12-11 23:27:33,211] Trial 415 finished with value: 0.3314022988505747 and parameters: {'EMBEDDING_DIM': 32, 'HIDDEN_DIM': 852, 'NUM_LAYERS': 2, 'DROPOUT': 0.25814587858023835, 'LR': 0.0070412856753247835, 'WEIGHT_0': 0.4584854308077697, 'WEIGHT_1': 0.4571074042350585, 'WEIGHT_2': 0.15768651725706442, 'WEIGHT_3': 0.005670723840133195, 'WEIGHT_4': 0.8213244078269382, 'WEIGHT_5': 0.500806167641891, 'WEIGHT_6': 0.05058694265079965, 'WEIGHT_7': 0.6136682300740606, 'WEIGHT_8': 0.7895843776394498}. Best is trial 282 with value: 0.45463128081401455.
{'EMBEDDING_DIM': 32, 'HIDDEN_DIM': 852, 'NUM_LAYERS': 2, 'DROPOUT': 0.25814587858023835, 'LR': 0.0070412856753247835, 'WEIGHT_0': 0.4584854308077697, 'WEIGHT_1': 0.4571074042350585, 'WEIGHT_2': 0.15768651725706442, 'WEIGHT_3': 0.005670723840133195, 'WEIGHT_4': 0.8213244078269382, 'WEIGHT_5': 0.500806167641891, 'WEIGHT_6': 0.05058694265079965, 'WEIGHT_7': 0.6136682300740606, 'WEIGHT_8': 0.7895843776394498}
0
              precision    recall  f1-score   support

         LOC       0.00      0.00      0.00      1837
        MISC       0.00      0.00      0.00       922
         ORG       0.00      0.00      0.00      1341
         PER       0.00      0.00      0.00      1842

   micro avg       0.00      0.00      0.00      5942
   macro avg       0.00      0.00      0.00      5942
weighted avg       0.00      0.00      0.00      5942

{'EMBEDDING_DIM': 32, 'HIDDEN_DIM': 852, 'NUM_LAYERS': 2, 'DROPOUT': 0.25814587858023835, 'LR': 0.0070412856753247835, 'WEIGHT_0': 0.4584854308077697, 'WEIGHT_1': 0.4571074042350585, 'WEIGHT_2': 0.15768651725706442, 'WEIGHT_3': 0.005670723840133195, 'WEIGHT_4': 0.8213244078269382, 'WEIGHT_5': 0.500806167641891, 'WEIGHT_6': 0.05058694265079965, 'WEIGHT_7': 0.6136682300740606, 'WEIGHT_8': 0.7895843776394498}
49
              precision    recall  f1-score   support

         LOC       0.56      0.60      0.58      1837
        MISC       0.37      0.19      0.25       922
         ORG       0.25      0.19      0.22      1341
         PER       0.18      0.14      0.16      1842

   micro avg       0.37      0.30      0.33      5942
   macro avg       0.34      0.28      0.30      5942
weighted avg       0.34      0.30      0.32      5942

epoch 49
Transformer

  0%|          | 0/50 [00:00<?, ?it/s]
  2%|▏         | 1/50 [00:05<04:44,  5.81s/it]
  6%|▌         | 3/50 [00:05<01:14,  1.57s/it]
 10%|█         | 5/50 [00:06<00:36,  1.23it/s]
 14%|█▍        | 7/50 [00:06<00:21,  1.97it/s]
 16%|█▌        | 8/50 [00:06<00:17,  2.40it/s]
 18%|█▊        | 9/50 [00:06<00:13,  2.95it/s]
 20%|██        | 10/50 [00:06<00:11,  3.60it/s]
 22%|██▏       | 11/50 [00:06<00:09,  4.33it/s]
 24%|██▍       | 12/50 [00:06<00:07,  5.04it/s]
 26%|██▌       | 13/50 [00:07<00:06,  5.71it/s]
 28%|██▊       | 14/50 [00:07<00:05,  6.32it/s]
 30%|███       | 15/50 [00:07<00:05,  6.91it/s]
 34%|███▍      | 17/50 [00:07<00:03,  8.41it/s]
 38%|███▊      | 19/50 [00:07<00:03,  9.40it/s]
 42%|████▏     | 21/50 [00:07<00:02, 10.03it/s]
 46%|████▌     | 23/50 [00:07<00:02, 10.49it/s]
 50%|█████     | 25/50 [00:08<00:02, 10.77it/s]
 54%|█████▍    | 27/50 [00:08<00:02, 10.94it/s]
 58%|█████▊    | 29/50 [00:08<00:01, 11.07it/s]
 62%|██████▏   | 31/50 [00:08<00:01, 11.16it/s]
 66%|██████▌   | 33/50 [00:08<00:01, 11.17it/s]
 70%|███████   | 35/50 [00:09<00:01, 11.27it/s]
 74%|███████▍  | 37/50 [00:09<00:01, 11.31it/s]
 78%|███████▊  | 39/50 [00:09<00:00, 11.33it/s]
 82%|████████▏ | 41/50 [00:09<00:00, 11.35it/s]
 86%|████████▌ | 43/50 [00:09<00:00, 11.34it/s]
 90%|█████████ | 45/50 [00:09<00:00, 11.35it/s]
 94%|█████████▍| 47/50 [00:10<00:00, 11.38it/s]
 98%|█████████▊| 49/50 [00:10<00:00, 11.41it/s]
100%|██████████| 50/50 [00:16<00:00,  3.11it/s]
[I 2023-12-11 23:27:54,873] Trial 416 finished with value: 0.4449000512557662 and parameters: {'EMBEDDING_DIM': 32, 'HIDDEN_DIM': 516, 'NUM_LAYERS': 1, 'DROPOUT': 0.31362409259392976, 'LR': 0.003651655069571039, 'WEIGHT_0': 0.9980141689986755, 'WEIGHT_1': 0.22051452342670605, 'WEIGHT_2': 0.27024608124759525, 'WEIGHT_3': 0.32230805988175826, 'WEIGHT_4': 0.7619577480727296, 'WEIGHT_5': 0.39888992024108266, 'WEIGHT_6': 0.11975646222762096, 'WEIGHT_7': 0.5780174010398619, 'WEIGHT_8': 0.707866218086017}. Best is trial 282 with value: 0.45463128081401455.
{'EMBEDDING_DIM': 32, 'HIDDEN_DIM': 516, 'NUM_LAYERS': 1, 'DROPOUT': 0.31362409259392976, 'LR': 0.003651655069571039, 'WEIGHT_0': 0.9980141689986755, 'WEIGHT_1': 0.22051452342670605, 'WEIGHT_2': 0.27024608124759525, 'WEIGHT_3': 0.32230805988175826, 'WEIGHT_4': 0.7619577480727296, 'WEIGHT_5': 0.39888992024108266, 'WEIGHT_6': 0.11975646222762096, 'WEIGHT_7': 0.5780174010398619, 'WEIGHT_8': 0.707866218086017}
0
              precision    recall  f1-score   support

         LOC       0.00      0.00      0.00      1837
        MISC       0.00      0.00      0.00       922
         ORG       0.00      0.00      0.00      1341
         PER       0.00      0.00      0.00      1842

   micro avg       0.00      0.00      0.00      5942
   macro avg       0.00      0.00      0.00      5942
weighted avg       0.00      0.00      0.00      5942

{'EMBEDDING_DIM': 32, 'HIDDEN_DIM': 516, 'NUM_LAYERS': 1, 'DROPOUT': 0.31362409259392976, 'LR': 0.003651655069571039, 'WEIGHT_0': 0.9980141689986755, 'WEIGHT_1': 0.22051452342670605, 'WEIGHT_2': 0.27024608124759525, 'WEIGHT_3': 0.32230805988175826, 'WEIGHT_4': 0.7619577480727296, 'WEIGHT_5': 0.39888992024108266, 'WEIGHT_6': 0.11975646222762096, 'WEIGHT_7': 0.5780174010398619, 'WEIGHT_8': 0.707866218086017}
49
              precision    recall  f1-score   support

         LOC       0.77      0.59      0.67      1837
        MISC       0.60      0.47      0.53       922
         ORG       0.46      0.23      0.31      1341
         PER       0.34      0.19      0.24      1842

   micro avg       0.57      0.37      0.44      5942
   macro avg       0.54      0.37      0.44      5942
weighted avg       0.54      0.37      0.43      5942

epoch 49
Transformer

  0%|          | 0/50 [00:00<?, ?it/s]
  2%|▏         | 1/50 [00:08<07:02,  8.62s/it]
  4%|▍         | 2/50 [00:11<04:05,  5.12s/it]
  6%|▌         | 3/50 [00:14<03:09,  4.04s/it]
  8%|▊         | 4/50 [00:16<02:42,  3.53s/it]
 10%|█         | 5/50 [00:19<02:26,  3.26s/it]
 12%|█▏        | 6/50 [00:22<02:16,  3.09s/it]
 14%|█▍        | 7/50 [00:25<02:08,  2.99s/it]
 16%|█▌        | 8/50 [00:27<02:02,  2.93s/it]
 18%|█▊        | 9/50 [00:30<01:58,  2.88s/it]
 20%|██        | 10/50 [00:33<01:54,  2.86s/it]
 22%|██▏       | 11/50 [00:36<01:50,  2.84s/it]
 24%|██▍       | 12/50 [00:39<01:47,  2.83s/it]
 26%|██▌       | 13/50 [00:41<01:44,  2.82s/it]
 28%|██▊       | 14/50 [00:44<01:41,  2.82s/it]
 30%|███       | 15/50 [00:47<01:38,  2.81s/it]
 32%|███▏      | 16/50 [00:50<01:35,  2.81s/it]
 34%|███▍      | 17/50 [00:53<01:33,  2.82s/it]
 36%|███▌      | 18/50 [00:56<01:30,  2.82s/it]
 38%|███▊      | 19/50 [00:58<01:27,  2.83s/it]
 40%|████      | 20/50 [01:01<01:25,  2.84s/it]
 42%|████▏     | 21/50 [01:04<01:22,  2.85s/it]
 44%|████▍     | 22/50 [01:07<01:20,  2.87s/it]
 46%|████▌     | 23/50 [01:10<01:17,  2.88s/it]
 48%|████▊     | 24/50 [01:13<01:15,  2.89s/it]
 50%|█████     | 25/50 [01:16<01:12,  2.89s/it]
 52%|█████▏    | 26/50 [01:19<01:09,  2.90s/it]
 54%|█████▍    | 27/50 [01:21<01:06,  2.89s/it]
 56%|█████▌    | 28/50 [01:24<01:03,  2.88s/it]
 58%|█████▊    | 29/50 [01:27<01:00,  2.87s/it]
 60%|██████    | 30/50 [01:30<00:57,  2.86s/it]
 62%|██████▏   | 31/50 [01:33<00:54,  2.86s/it]
 64%|██████▍   | 32/50 [01:36<00:51,  2.86s/it]
 66%|██████▌   | 33/50 [01:39<00:48,  2.86s/it]
 68%|██████▊   | 34/50 [01:41<00:45,  2.86s/it]
 70%|███████   | 35/50 [01:44<00:43,  2.87s/it]
 72%|███████▏  | 36/50 [01:47<00:40,  2.87s/it]
 74%|███████▍  | 37/50 [01:50<00:37,  2.87s/it]
 76%|███████▌  | 38/50 [01:53<00:34,  2.87s/it]
 78%|███████▊  | 39/50 [01:56<00:31,  2.88s/it]
 80%|████████  | 40/50 [01:59<00:28,  2.88s/it]
 82%|████████▏ | 41/50 [02:02<00:25,  2.88s/it]
 84%|████████▍ | 42/50 [02:05<00:23,  2.89s/it]
 86%|████████▌ | 43/50 [02:07<00:20,  2.89s/it]
 88%|████████▊ | 44/50 [02:10<00:17,  2.89s/it]
 90%|█████████ | 45/50 [02:13<00:14,  2.88s/it]
 92%|█████████▏| 46/50 [02:16<00:11,  2.87s/it]
 94%|█████████▍| 47/50 [02:19<00:08,  2.87s/it]
 96%|█████████▌| 48/50 [02:22<00:05,  2.87s/it]
 98%|█████████▊| 49/50 [02:25<00:02,  2.87s/it]
100%|██████████| 50/50 [02:34<00:00,  4.67s/it]
100%|██████████| 50/50 [02:34<00:00,  3.08s/it]
[I 2023-12-11 23:30:35,654] Trial 417 finished with value: 0.07283611873285109 and parameters: {'EMBEDDING_DIM': 2048, 'HIDDEN_DIM': 1707, 'NUM_LAYERS': 1, 'DROPOUT': 0.28831247377014635, 'LR': 0.008573408463383909, 'WEIGHT_0': 0.9994861376127797, 'WEIGHT_1': 0.14481127305812042, 'WEIGHT_2': 0.058841921962922594, 'WEIGHT_3': 0.22787737103621938, 'WEIGHT_4': 0.6861292739170118, 'WEIGHT_5': 0.7964866082147422, 'WEIGHT_6': 0.43513472887191623, 'WEIGHT_7': 0.70912914981022, 'WEIGHT_8': 0.8749203416703206}. Best is trial 282 with value: 0.45463128081401455.
{'EMBEDDING_DIM': 2048, 'HIDDEN_DIM': 1707, 'NUM_LAYERS': 1, 'DROPOUT': 0.28831247377014635, 'LR': 0.008573408463383909, 'WEIGHT_0': 0.9994861376127797, 'WEIGHT_1': 0.14481127305812042, 'WEIGHT_2': 0.058841921962922594, 'WEIGHT_3': 0.22787737103621938, 'WEIGHT_4': 0.6861292739170118, 'WEIGHT_5': 0.7964866082147422, 'WEIGHT_6': 0.43513472887191623, 'WEIGHT_7': 0.70912914981022, 'WEIGHT_8': 0.8749203416703206}
0
              precision    recall  f1-score   support

         LOC       0.00      0.00      0.00      1837
        MISC       0.00      0.00      0.00       922
         ORG       0.00      0.00      0.00      1341
         PER       0.00      0.00      0.00      1842

   micro avg       0.00      0.00      0.00      5942
   macro avg       0.00      0.00      0.00      5942
weighted avg       0.00      0.00      0.00      5942

{'EMBEDDING_DIM': 2048, 'HIDDEN_DIM': 1707, 'NUM_LAYERS': 1, 'DROPOUT': 0.28831247377014635, 'LR': 0.008573408463383909, 'WEIGHT_0': 0.9994861376127797, 'WEIGHT_1': 0.14481127305812042, 'WEIGHT_2': 0.058841921962922594, 'WEIGHT_3': 0.22787737103621938, 'WEIGHT_4': 0.6861292739170118, 'WEIGHT_5': 0.7964866082147422, 'WEIGHT_6': 0.43513472887191623, 'WEIGHT_7': 0.70912914981022, 'WEIGHT_8': 0.8749203416703206}
49
              precision    recall  f1-score   support

         LOC       0.19      0.13      0.16      1837
        MISC       0.00      0.00      0.00       922
         ORG       0.00      0.00      0.00      1341
         PER       0.06      0.03      0.04      1842

   micro avg       0.14      0.05      0.07      5942
   macro avg       0.06      0.04      0.05      5942
weighted avg       0.08      0.05      0.06      5942

epoch 49
Transformer

  0%|          | 0/50 [00:00<?, ?it/s]
  2%|▏         | 1/50 [00:06<05:04,  6.21s/it]
  6%|▌         | 3/50 [00:06<01:19,  1.68s/it]
 10%|█         | 5/50 [00:06<00:38,  1.16it/s]
 14%|█▍        | 7/50 [00:06<00:23,  1.85it/s]
 18%|█▊        | 9/50 [00:06<00:15,  2.70it/s]
 22%|██▏       | 11/50 [00:07<00:10,  3.68it/s]
 26%|██▌       | 13/50 [00:07<00:07,  4.75it/s]
 30%|███       | 15/50 [00:07<00:05,  5.85it/s]
 34%|███▍      | 17/50 [00:07<00:04,  6.91it/s]
 38%|███▊      | 19/50 [00:07<00:03,  7.87it/s]
 42%|████▏     | 21/50 [00:08<00:03,  8.67it/s]
 46%|████▌     | 23/50 [00:08<00:02,  9.33it/s]
 50%|█████     | 25/50 [00:08<00:02,  9.87it/s]
 54%|█████▍    | 27/50 [00:08<00:02, 10.28it/s]
 58%|█████▊    | 29/50 [00:08<00:01, 10.59it/s]
 62%|██████▏   | 31/50 [00:08<00:01, 10.77it/s]
 66%|██████▌   | 33/50 [00:09<00:01, 10.93it/s]
 70%|███████   | 35/50 [00:09<00:01, 11.01it/s]
 74%|███████▍  | 37/50 [00:09<00:01, 11.11it/s]
 78%|███████▊  | 39/50 [00:09<00:00, 11.15it/s]
 82%|████████▏ | 41/50 [00:09<00:00, 11.22it/s]
 86%|████████▌ | 43/50 [00:09<00:00, 11.26it/s]
 90%|█████████ | 45/50 [00:10<00:00, 11.24it/s]
 94%|█████████▍| 47/50 [00:10<00:00, 11.29it/s]
 98%|█████████▊| 49/50 [00:10<00:00, 10.18it/s]
100%|██████████| 50/50 [00:16<00:00,  3.02it/s]
[I 2023-12-11 23:30:57,651] Trial 418 finished with value: 0.44015764364239784 and parameters: {'EMBEDDING_DIM': 32, 'HIDDEN_DIM': 665, 'NUM_LAYERS': 1, 'DROPOUT': 0.23270274221021306, 'LR': 0.0045022380862692404, 'WEIGHT_0': 0.9244600876650848, 'WEIGHT_1': 0.35383478151058767, 'WEIGHT_2': 0.22503714302884714, 'WEIGHT_3': 0.38377500749884186, 'WEIGHT_4': 0.79828991174403, 'WEIGHT_5': 0.37233297201472604, 'WEIGHT_6': 0.07791096802699665, 'WEIGHT_7': 0.5190630107324592, 'WEIGHT_8': 0.8480803815116637}. Best is trial 282 with value: 0.45463128081401455.
{'EMBEDDING_DIM': 32, 'HIDDEN_DIM': 665, 'NUM_LAYERS': 1, 'DROPOUT': 0.23270274221021306, 'LR': 0.0045022380862692404, 'WEIGHT_0': 0.9244600876650848, 'WEIGHT_1': 0.35383478151058767, 'WEIGHT_2': 0.22503714302884714, 'WEIGHT_3': 0.38377500749884186, 'WEIGHT_4': 0.79828991174403, 'WEIGHT_5': 0.37233297201472604, 'WEIGHT_6': 0.07791096802699665, 'WEIGHT_7': 0.5190630107324592, 'WEIGHT_8': 0.8480803815116637}
0
              precision    recall  f1-score   support

         LOC       0.00      0.00      0.00      1837
        MISC       0.00      0.00      0.00       922
         ORG       0.00      0.00      0.00      1341
         PER       0.00      0.00      0.00      1842

   micro avg       0.00      0.00      0.00      5942
   macro avg       0.00      0.00      0.00      5942
weighted avg       0.00      0.00      0.00      5942

{'EMBEDDING_DIM': 32, 'HIDDEN_DIM': 665, 'NUM_LAYERS': 1, 'DROPOUT': 0.23270274221021306, 'LR': 0.0045022380862692404, 'WEIGHT_0': 0.9244600876650848, 'WEIGHT_1': 0.35383478151058767, 'WEIGHT_2': 0.22503714302884714, 'WEIGHT_3': 0.38377500749884186, 'WEIGHT_4': 0.79828991174403, 'WEIGHT_5': 0.37233297201472604, 'WEIGHT_6': 0.07791096802699665, 'WEIGHT_7': 0.5190630107324592, 'WEIGHT_8': 0.8480803815116637}
49
              precision    recall  f1-score   support

         LOC       0.80      0.57      0.67      1837
        MISC       0.62      0.47      0.54       922
         ORG       0.42      0.23      0.29      1341
         PER       0.35      0.18      0.24      1842

   micro avg       0.57      0.36      0.44      5942
   macro avg       0.55      0.36      0.43      5942
weighted avg       0.54      0.36      0.43      5942

epoch 49
Transformer

  0%|          | 0/50 [00:00<?, ?it/s]
  2%|▏         | 1/50 [00:05<04:48,  5.88s/it]
  6%|▌         | 3/50 [00:06<01:14,  1.59s/it]
 10%|█         | 5/50 [00:06<00:36,  1.22it/s]
 14%|█▍        | 7/50 [00:06<00:22,  1.95it/s]
 16%|█▌        | 8/50 [00:06<00:17,  2.38it/s]
 18%|█▊        | 9/50 [00:06<00:14,  2.92it/s]
 20%|██        | 10/50 [00:06<00:11,  3.53it/s]
 22%|██▏       | 11/50 [00:06<00:09,  4.16it/s]
 26%|██▌       | 13/50 [00:07<00:06,  5.76it/s]
 30%|███       | 15/50 [00:07<00:05,  6.95it/s]
 34%|███▍      | 17/50 [00:07<00:04,  7.70it/s]
 36%|███▌      | 18/50 [00:07<00:04,  7.82it/s]
 38%|███▊      | 19/50 [00:07<00:03,  7.98it/s]
 42%|████▏     | 21/50 [00:07<00:03,  9.06it/s]
 46%|████▌     | 23/50 [00:08<00:02,  9.77it/s]
 50%|█████     | 25/50 [00:08<00:02, 10.25it/s]
 54%|█████▍    | 27/50 [00:08<00:02, 10.60it/s]
 58%|█████▊    | 29/50 [00:08<00:01, 10.83it/s]
 62%|██████▏   | 31/50 [00:08<00:01, 10.98it/s]
 66%|██████▌   | 33/50 [00:08<00:01, 11.10it/s]
 70%|███████   | 35/50 [00:09<00:01, 11.18it/s]
 74%|███████▍  | 37/50 [00:09<00:01, 11.23it/s]
 78%|███████▊  | 39/50 [00:09<00:00, 11.28it/s]
 82%|████████▏ | 41/50 [00:09<00:00, 11.29it/s]
 86%|████████▌ | 43/50 [00:09<00:00, 11.30it/s]
 90%|█████████ | 45/50 [00:10<00:00, 11.28it/s]
 94%|█████████▍| 47/50 [00:10<00:00, 11.31it/s]
 98%|█████████▊| 49/50 [00:10<00:00, 11.36it/s]
100%|██████████| 50/50 [00:16<00:00,  3.08it/s]
[I 2023-12-11 23:31:19,437] Trial 419 finished with value: 0.43611339359079704 and parameters: {'EMBEDDING_DIM': 32, 'HIDDEN_DIM': 439, 'NUM_LAYERS': 1, 'DROPOUT': 0.19526447660659302, 'LR': 0.006097744451485261, 'WEIGHT_0': 0.9656229376666606, 'WEIGHT_1': 0.03662220457779741, 'WEIGHT_2': 0.2008797164186226, 'WEIGHT_3': 0.06866578178746846, 'WEIGHT_4': 0.6531601640487017, 'WEIGHT_5': 0.5773556891290227, 'WEIGHT_6': 0.534761526195048, 'WEIGHT_7': 0.6383854610778233, 'WEIGHT_8': 0.45102666222456367}. Best is trial 282 with value: 0.45463128081401455.
{'EMBEDDING_DIM': 32, 'HIDDEN_DIM': 439, 'NUM_LAYERS': 1, 'DROPOUT': 0.19526447660659302, 'LR': 0.006097744451485261, 'WEIGHT_0': 0.9656229376666606, 'WEIGHT_1': 0.03662220457779741, 'WEIGHT_2': 0.2008797164186226, 'WEIGHT_3': 0.06866578178746846, 'WEIGHT_4': 0.6531601640487017, 'WEIGHT_5': 0.5773556891290227, 'WEIGHT_6': 0.534761526195048, 'WEIGHT_7': 0.6383854610778233, 'WEIGHT_8': 0.45102666222456367}
0
              precision    recall  f1-score   support

         LOC       0.00      0.00      0.00      1837
        MISC       0.00      0.00      0.00       922
         ORG       0.00      0.00      0.00      1341
         PER       0.00      0.00      0.00      1842

   micro avg       0.00      0.00      0.00      5942
   macro avg       0.00      0.00      0.00      5942
weighted avg       0.00      0.00      0.00      5942

{'EMBEDDING_DIM': 32, 'HIDDEN_DIM': 439, 'NUM_LAYERS': 1, 'DROPOUT': 0.19526447660659302, 'LR': 0.006097744451485261, 'WEIGHT_0': 0.9656229376666606, 'WEIGHT_1': 0.03662220457779741, 'WEIGHT_2': 0.2008797164186226, 'WEIGHT_3': 0.06866578178746846, 'WEIGHT_4': 0.6531601640487017, 'WEIGHT_5': 0.5773556891290227, 'WEIGHT_6': 0.534761526195048, 'WEIGHT_7': 0.6383854610778233, 'WEIGHT_8': 0.45102666222456367}
49
              precision    recall  f1-score   support

         LOC       0.75      0.58      0.66      1837
        MISC       0.56      0.49      0.52       922
         ORG       0.43      0.20      0.27      1341
         PER       0.36      0.19      0.25      1842

   micro avg       0.56      0.36      0.44      5942
   macro avg       0.52      0.36      0.42      5942
weighted avg       0.53      0.36      0.42      5942

epoch 49
Transformer

  0%|          | 0/50 [00:00<?, ?it/s]
  2%|▏         | 1/50 [00:05<04:51,  5.95s/it]
  4%|▍         | 2/50 [00:06<02:01,  2.53s/it]
  6%|▌         | 3/50 [00:06<01:07,  1.44s/it]
  8%|▊         | 4/50 [00:06<00:42,  1.09it/s]
 10%|█         | 5/50 [00:06<00:28,  1.59it/s]
 12%|█▏        | 6/50 [00:06<00:20,  2.18it/s]
 14%|█▍        | 7/50 [00:06<00:14,  2.88it/s]
 16%|█▌        | 8/50 [00:06<00:11,  3.65it/s]
 18%|█▊        | 9/50 [00:06<00:09,  4.45it/s]
 20%|██        | 10/50 [00:07<00:07,  5.22it/s]
 22%|██▏       | 11/50 [00:07<00:06,  5.93it/s]
 24%|██▍       | 12/50 [00:07<00:05,  6.54it/s]
 26%|██▌       | 13/50 [00:07<00:05,  7.03it/s]
 28%|██▊       | 14/50 [00:07<00:04,  7.43it/s]
 30%|███       | 15/50 [00:07<00:04,  7.74it/s]
 32%|███▏      | 16/50 [00:07<00:04,  7.97it/s]
 34%|███▍      | 17/50 [00:07<00:04,  8.13it/s]
 36%|███▌      | 18/50 [00:07<00:03,  8.25it/s]
 38%|███▊      | 19/50 [00:08<00:03,  8.35it/s]
 40%|████      | 20/50 [00:08<00:03,  8.42it/s]
 42%|████▏     | 21/50 [00:08<00:03,  8.48it/s]
 44%|████▍     | 22/50 [00:08<00:03,  8.52it/s]
 46%|████▌     | 23/50 [00:08<00:03,  8.54it/s]
 48%|████▊     | 24/50 [00:08<00:03,  8.55it/s]
 50%|█████     | 25/50 [00:08<00:02,  8.57it/s]
 52%|█████▏    | 26/50 [00:08<00:02,  8.58it/s]
 54%|█████▍    | 27/50 [00:09<00:02,  8.59it/s]
 56%|█████▌    | 28/50 [00:09<00:02,  8.60it/s]
 58%|█████▊    | 29/50 [00:09<00:02,  8.61it/s]
 60%|██████    | 30/50 [00:09<00:02,  8.61it/s]
 62%|██████▏   | 31/50 [00:09<00:02,  8.61it/s]
 64%|██████▍   | 32/50 [00:09<00:02,  8.60it/s]
 66%|██████▌   | 33/50 [00:09<00:01,  8.60it/s]
 68%|██████▊   | 34/50 [00:09<00:01,  8.60it/s]
 70%|███████   | 35/50 [00:09<00:01,  8.61it/s]
 72%|███████▏  | 36/50 [00:10<00:01,  8.61it/s]
 74%|███████▍  | 37/50 [00:10<00:01,  8.61it/s]
 76%|███████▌  | 38/50 [00:10<00:01,  8.61it/s]
 78%|███████▊  | 39/50 [00:10<00:01,  8.61it/s]
 80%|████████  | 40/50 [00:10<00:01,  8.59it/s]
 82%|████████▏ | 41/50 [00:10<00:01,  8.59it/s]
 84%|████████▍ | 42/50 [00:10<00:00,  8.60it/s]
 86%|████████▌ | 43/50 [00:10<00:00,  8.60it/s]
 88%|████████▊ | 44/50 [00:11<00:00,  8.59it/s]
 90%|█████████ | 45/50 [00:11<00:00,  8.60it/s]
 92%|█████████▏| 46/50 [00:11<00:00,  8.60it/s]
 94%|█████████▍| 47/50 [00:11<00:00,  8.61it/s]
 96%|█████████▌| 48/50 [00:11<00:00,  8.61it/s]
 98%|█████████▊| 49/50 [00:11<00:00,  8.58it/s]
100%|██████████| 50/50 [00:17<00:00,  1.85s/it]
100%|██████████| 50/50 [00:17<00:00,  2.86it/s]
