[I 2023-12-11 23:07:10,892] Trial 375 finished with value: 0.3795034690295076 and parameters: {'EMBEDDING_DIM': 32, 'HIDDEN_DIM': 754, 'NUM_LAYERS': 1, 'DROPOUT': 0.2859148585080017, 'LR': 0.0055335000401571695, 'WEIGHT_0': 0.3700972242677825, 'WEIGHT_1': 0.36707060112448103, 'WEIGHT_2': 0.16598154322509534, 'WEIGHT_3': 0.09894767841639232, 'WEIGHT_4': 0.7977773439883543, 'WEIGHT_5': 0.4669411129809538, 'WEIGHT_6': 0.543837969664207, 'WEIGHT_7': 0.6207216232003365, 'WEIGHT_8': 0.44283977930486895}. Best is trial 282 with value: 0.45463128081401455.
{'EMBEDDING_DIM': 32, 'HIDDEN_DIM': 754, 'NUM_LAYERS': 1, 'DROPOUT': 0.2859148585080017, 'LR': 0.0055335000401571695, 'WEIGHT_0': 0.3700972242677825, 'WEIGHT_1': 0.36707060112448103, 'WEIGHT_2': 0.16598154322509534, 'WEIGHT_3': 0.09894767841639232, 'WEIGHT_4': 0.7977773439883543, 'WEIGHT_5': 0.4669411129809538, 'WEIGHT_6': 0.543837969664207, 'WEIGHT_7': 0.6207216232003365, 'WEIGHT_8': 0.44283977930486895}
0
              precision    recall  f1-score   support

         LOC       0.00      0.00      0.00      1837
        MISC       0.00      0.00      0.00       922
         ORG       0.00      0.00      0.00      1341
         PER       0.00      0.00      0.00      1842

   micro avg       0.00      0.00      0.00      5942
   macro avg       0.00      0.00      0.00      5942
weighted avg       0.00      0.00      0.00      5942

{'EMBEDDING_DIM': 32, 'HIDDEN_DIM': 754, 'NUM_LAYERS': 1, 'DROPOUT': 0.2859148585080017, 'LR': 0.0055335000401571695, 'WEIGHT_0': 0.3700972242677825, 'WEIGHT_1': 0.36707060112448103, 'WEIGHT_2': 0.16598154322509534, 'WEIGHT_3': 0.09894767841639232, 'WEIGHT_4': 0.7977773439883543, 'WEIGHT_5': 0.4669411129809538, 'WEIGHT_6': 0.543837969664207, 'WEIGHT_7': 0.6207216232003365, 'WEIGHT_8': 0.44283977930486895}
49
              precision    recall  f1-score   support

         LOC       0.44      0.60      0.51      1837
        MISC       0.46      0.47      0.47       922
         ORG       0.30      0.24      0.26      1341
         PER       0.27      0.22      0.25      1842

   micro avg       0.38      0.38      0.38      5942
   macro avg       0.37      0.38      0.37      5942
weighted avg       0.36      0.38      0.37      5942

epoch 49
Transformer

  0%|          | 0/50 [00:00<?, ?it/s]
  2%|▏         | 1/50 [00:07<06:19,  7.74s/it]
  4%|▍         | 2/50 [00:07<02:37,  3.28s/it]
  6%|▌         | 3/50 [00:08<01:26,  1.84s/it]
  8%|▊         | 4/50 [00:08<00:54,  1.18s/it]
 10%|█         | 5/50 [00:08<00:36,  1.24it/s]
 12%|█▏        | 6/50 [00:08<00:25,  1.73it/s]
 14%|█▍        | 7/50 [00:08<00:18,  2.29it/s]
 16%|█▌        | 8/50 [00:08<00:14,  2.85it/s]
 18%|█▊        | 9/50 [00:08<00:12,  3.31it/s]
 20%|██        | 10/50 [00:09<00:11,  3.54it/s]
 22%|██▏       | 11/50 [00:09<00:10,  3.58it/s]
 24%|██▍       | 12/50 [00:09<00:10,  3.50it/s]
 26%|██▌       | 13/50 [00:10<00:10,  3.38it/s]
 28%|██▊       | 14/50 [00:10<00:10,  3.30it/s]
 30%|███       | 15/50 [00:10<00:10,  3.20it/s]
 32%|███▏      | 16/50 [00:11<00:10,  3.09it/s]
 34%|███▍      | 17/50 [00:11<00:10,  3.02it/s]
 36%|███▌      | 18/50 [00:11<00:10,  2.97it/s]
 38%|███▊      | 19/50 [00:12<00:11,  2.81it/s]
 40%|████      | 20/50 [00:12<00:10,  2.73it/s]
 42%|████▏     | 21/50 [00:12<00:10,  2.73it/s]
 44%|████▍     | 22/50 [00:13<00:10,  2.76it/s]
 46%|████▌     | 23/50 [00:13<00:09,  2.91it/s]
 48%|████▊     | 24/50 [00:13<00:07,  3.45it/s]
 50%|█████     | 25/50 [00:13<00:06,  3.97it/s]
 52%|█████▏    | 26/50 [00:14<00:05,  4.43it/s]
 54%|█████▍    | 27/50 [00:14<00:04,  4.77it/s]
 56%|█████▌    | 28/50 [00:14<00:04,  5.10it/s]
 58%|█████▊    | 29/50 [00:14<00:03,  5.53it/s]
 60%|██████    | 30/50 [00:14<00:03,  5.99it/s]
 62%|██████▏   | 31/50 [00:14<00:03,  6.26it/s]
 64%|██████▍   | 32/50 [00:15<00:02,  6.57it/s]
 66%|██████▌   | 33/50 [00:15<00:02,  6.80it/s]
 68%|██████▊   | 34/50 [00:15<00:02,  6.71it/s]
 70%|███████   | 35/50 [00:15<00:02,  6.32it/s]
 72%|███████▏  | 36/50 [00:15<00:02,  5.65it/s]
 74%|███████▍  | 37/50 [00:15<00:02,  4.87it/s]
 76%|███████▌  | 38/50 [00:16<00:02,  4.27it/s]
 78%|███████▊  | 39/50 [00:16<00:02,  3.91it/s]
 80%|████████  | 40/50 [00:16<00:02,  3.68it/s]
 82%|████████▏ | 41/50 [00:17<00:02,  3.48it/s]
 84%|████████▍ | 42/50 [00:17<00:02,  3.32it/s]
 86%|████████▌ | 43/50 [00:17<00:02,  3.21it/s]
 88%|████████▊ | 44/50 [00:18<00:01,  3.14it/s]
 90%|█████████ | 45/50 [00:18<00:01,  3.10it/s]
 92%|█████████▏| 46/50 [00:18<00:01,  3.06it/s]
 94%|█████████▍| 47/50 [00:19<00:00,  3.03it/s]
 96%|█████████▌| 48/50 [00:19<00:00,  2.94it/s]
 98%|█████████▊| 49/50 [00:19<00:00,  2.81it/s]
100%|██████████| 50/50 [00:27<00:00,  2.65s/it]
100%|██████████| 50/50 [00:27<00:00,  1.79it/s]
[I 2023-12-11 23:07:46,043] Trial 376 finished with value: 0.4128431275393915 and parameters: {'EMBEDDING_DIM': 32, 'HIDDEN_DIM': 654, 'NUM_LAYERS': 2, 'DROPOUT': 0.02479120182448534, 'LR': 0.006698509769687223, 'WEIGHT_0': 0.4972190934449189, 'WEIGHT_1': 0.18772205278947224, 'WEIGHT_2': 0.19724010722925142, 'WEIGHT_3': 0.1776233752414791, 'WEIGHT_4': 0.7479566490522482, 'WEIGHT_5': 0.5193037778591939, 'WEIGHT_6': 0.3169634401031855, 'WEIGHT_7': 0.5860736086028278, 'WEIGHT_8': 0.8211780592726929}. Best is trial 282 with value: 0.45463128081401455.
{'EMBEDDING_DIM': 32, 'HIDDEN_DIM': 654, 'NUM_LAYERS': 2, 'DROPOUT': 0.02479120182448534, 'LR': 0.006698509769687223, 'WEIGHT_0': 0.4972190934449189, 'WEIGHT_1': 0.18772205278947224, 'WEIGHT_2': 0.19724010722925142, 'WEIGHT_3': 0.1776233752414791, 'WEIGHT_4': 0.7479566490522482, 'WEIGHT_5': 0.5193037778591939, 'WEIGHT_6': 0.3169634401031855, 'WEIGHT_7': 0.5860736086028278, 'WEIGHT_8': 0.8211780592726929}
0
              precision    recall  f1-score   support

         LOC       0.00      0.00      0.00      1837
        MISC       0.00      0.00      0.00       922
         ORG       0.00      0.00      0.00      1341
         PER       0.00      0.00      0.00      1842

   micro avg       0.00      0.00      0.00      5942
   macro avg       0.00      0.00      0.00      5942
weighted avg       0.00      0.00      0.00      5942

{'EMBEDDING_DIM': 32, 'HIDDEN_DIM': 654, 'NUM_LAYERS': 2, 'DROPOUT': 0.02479120182448534, 'LR': 0.006698509769687223, 'WEIGHT_0': 0.4972190934449189, 'WEIGHT_1': 0.18772205278947224, 'WEIGHT_2': 0.19724010722925142, 'WEIGHT_3': 0.1776233752414791, 'WEIGHT_4': 0.7479566490522482, 'WEIGHT_5': 0.5193037778591939, 'WEIGHT_6': 0.3169634401031855, 'WEIGHT_7': 0.5860736086028278, 'WEIGHT_8': 0.8211780592726929}
49
              precision    recall  f1-score   support

         LOC       0.74      0.57      0.65      1837
        MISC       0.55      0.42      0.47       922
         ORG       0.38      0.21      0.27      1341
         PER       0.28      0.20      0.23      1842

   micro avg       0.50      0.35      0.41      5942
   macro avg       0.49      0.35      0.41      5942
weighted avg       0.49      0.35      0.41      5942

epoch 49
Transformer

  0%|          | 0/50 [00:00<?, ?it/s]
  2%|▏         | 1/50 [00:06<04:57,  6.07s/it]
  6%|▌         | 3/50 [00:06<01:17,  1.64s/it]
 10%|█         | 5/50 [00:06<00:37,  1.19it/s]
 12%|█▏        | 6/50 [00:06<00:28,  1.55it/s]
 16%|█▌        | 8/50 [00:06<00:17,  2.45it/s]
 18%|█▊        | 9/50 [00:06<00:14,  2.92it/s]
 20%|██        | 10/50 [00:07<00:11,  3.39it/s]
 22%|██▏       | 11/50 [00:07<00:09,  4.07it/s]
 24%|██▍       | 12/50 [00:07<00:07,  4.83it/s]
 26%|██▌       | 13/50 [00:07<00:06,  5.59it/s]
 28%|██▊       | 14/50 [00:07<00:05,  6.23it/s]
 30%|███       | 15/50 [00:07<00:05,  6.78it/s]
 32%|███▏      | 16/50 [00:07<00:04,  7.25it/s]
 34%|███▍      | 17/50 [00:07<00:04,  7.62it/s]
 36%|███▌      | 18/50 [00:07<00:04,  7.91it/s]
 40%|████      | 20/50 [00:08<00:03,  9.18it/s]
 44%|████▍     | 22/50 [00:08<00:02,  9.98it/s]
 48%|████▊     | 24/50 [00:08<00:02, 10.48it/s]
 52%|█████▏    | 26/50 [00:08<00:02, 10.79it/s]
 56%|█████▌    | 28/50 [00:08<00:01, 11.01it/s]
 60%|██████    | 30/50 [00:08<00:01, 11.16it/s]
 64%|██████▍   | 32/50 [00:09<00:01, 11.23it/s]
 68%|██████▊   | 34/50 [00:09<00:01, 11.30it/s]
 72%|███████▏  | 36/50 [00:09<00:01, 11.35it/s]
 76%|███████▌  | 38/50 [00:09<00:01, 11.37it/s]
 80%|████████  | 40/50 [00:09<00:00, 11.39it/s]
 84%|████████▍ | 42/50 [00:10<00:00, 11.42it/s]
 88%|████████▊ | 44/50 [00:10<00:00, 11.43it/s]
 92%|█████████▏| 46/50 [00:10<00:00, 11.45it/s]
 96%|█████████▌| 48/50 [00:10<00:00, 11.46it/s]
100%|██████████| 50/50 [00:16<00:00,  1.05it/s]
100%|██████████| 50/50 [00:16<00:00,  3.03it/s]
[I 2023-12-11 23:08:08,065] Trial 377 finished with value: 0.4322749196141479 and parameters: {'EMBEDDING_DIM': 32, 'HIDDEN_DIM': 463, 'NUM_LAYERS': 1, 'DROPOUT': 0.26277988061930424, 'LR': 0.008688871289598426, 'WEIGHT_0': 0.9534419998673483, 'WEIGHT_1': 0.2233228890051329, 'WEIGHT_2': 0.3163362007255238, 'WEIGHT_3': 0.20664184662341664, 'WEIGHT_4': 0.6748978769882307, 'WEIGHT_5': 0.4268175699186447, 'WEIGHT_6': 0.46153666553493733, 'WEIGHT_7': 0.6365084139864292, 'WEIGHT_8': 0.6521057749775215}. Best is trial 282 with value: 0.45463128081401455.
{'EMBEDDING_DIM': 32, 'HIDDEN_DIM': 463, 'NUM_LAYERS': 1, 'DROPOUT': 0.26277988061930424, 'LR': 0.008688871289598426, 'WEIGHT_0': 0.9534419998673483, 'WEIGHT_1': 0.2233228890051329, 'WEIGHT_2': 0.3163362007255238, 'WEIGHT_3': 0.20664184662341664, 'WEIGHT_4': 0.6748978769882307, 'WEIGHT_5': 0.4268175699186447, 'WEIGHT_6': 0.46153666553493733, 'WEIGHT_7': 0.6365084139864292, 'WEIGHT_8': 0.6521057749775215}
0
              precision    recall  f1-score   support

         LOC       0.00      0.00      0.00      1837
        MISC       0.00      0.00      0.00       922
         ORG       0.00      0.00      0.00      1341
         PER       0.00      0.00      0.00      1842

   micro avg       0.00      0.00      0.00      5942
   macro avg       0.00      0.00      0.00      5942
weighted avg       0.00      0.00      0.00      5942

{'EMBEDDING_DIM': 32, 'HIDDEN_DIM': 463, 'NUM_LAYERS': 1, 'DROPOUT': 0.26277988061930424, 'LR': 0.008688871289598426, 'WEIGHT_0': 0.9534419998673483, 'WEIGHT_1': 0.2233228890051329, 'WEIGHT_2': 0.3163362007255238, 'WEIGHT_3': 0.20664184662341664, 'WEIGHT_4': 0.6748978769882307, 'WEIGHT_5': 0.4268175699186447, 'WEIGHT_6': 0.46153666553493733, 'WEIGHT_7': 0.6365084139864292, 'WEIGHT_8': 0.6521057749775215}
49
              precision    recall  f1-score   support

         LOC       0.71      0.59      0.64      1837
        MISC       0.66      0.48      0.56       922
         ORG       0.42      0.21      0.28      1341
         PER       0.30      0.19      0.23      1842

   micro avg       0.54      0.36      0.43      5942
   macro avg       0.52      0.37      0.43      5942
weighted avg       0.51      0.36      0.42      5942

epoch 49
Transformer

  0%|          | 0/50 [00:00<?, ?it/s]
  2%|▏         | 1/50 [00:05<04:50,  5.93s/it]
  4%|▍         | 2/50 [00:06<02:01,  2.53s/it]
  6%|▌         | 3/50 [00:06<01:07,  1.44s/it]
  8%|▊         | 4/50 [00:06<00:42,  1.08it/s]
 10%|█         | 5/50 [00:06<00:28,  1.56it/s]
 12%|█▏        | 6/50 [00:06<00:20,  2.14it/s]
 14%|█▍        | 7/50 [00:06<00:15,  2.80it/s]
 16%|█▌        | 8/50 [00:06<00:11,  3.51it/s]
 18%|█▊        | 9/50 [00:07<00:09,  4.19it/s]
 20%|██        | 10/50 [00:07<00:08,  4.78it/s]
 22%|██▏       | 11/50 [00:07<00:07,  5.16it/s]
 24%|██▍       | 12/50 [00:07<00:06,  5.70it/s]
 26%|██▌       | 13/50 [00:07<00:06,  6.13it/s]
 28%|██▊       | 14/50 [00:07<00:05,  6.46it/s]
 30%|███       | 15/50 [00:07<00:05,  6.71it/s]
 32%|███▏      | 16/50 [00:07<00:04,  6.89it/s]
 34%|███▍      | 17/50 [00:08<00:04,  7.03it/s]
 36%|███▌      | 18/50 [00:08<00:04,  7.17it/s]
 38%|███▊      | 19/50 [00:08<00:04,  7.30it/s]
 40%|████      | 20/50 [00:08<00:04,  7.39it/s]
 42%|████▏     | 21/50 [00:08<00:03,  7.46it/s]
 44%|████▍     | 22/50 [00:08<00:03,  7.51it/s]
 46%|████▌     | 23/50 [00:08<00:03,  7.54it/s]
 48%|████▊     | 24/50 [00:09<00:03,  7.56it/s]
 50%|█████     | 25/50 [00:09<00:03,  7.58it/s]
 52%|█████▏    | 26/50 [00:09<00:03,  7.59it/s]
 54%|█████▍    | 27/50 [00:09<00:03,  7.60it/s]
 56%|█████▌    | 28/50 [00:09<00:02,  7.60it/s]
 58%|█████▊    | 29/50 [00:09<00:02,  7.61it/s]
 60%|██████    | 30/50 [00:09<00:02,  7.61it/s]
 62%|██████▏   | 31/50 [00:09<00:02,  7.61it/s]
 64%|██████▍   | 32/50 [00:10<00:02,  7.61it/s]
 66%|██████▌   | 33/50 [00:10<00:02,  7.62it/s]
 68%|██████▊   | 34/50 [00:10<00:02,  7.62it/s]
 70%|███████   | 35/50 [00:10<00:01,  7.62it/s]
 72%|███████▏  | 36/50 [00:10<00:01,  7.61it/s]
 74%|███████▍  | 37/50 [00:10<00:01,  7.61it/s]
 76%|███████▌  | 38/50 [00:10<00:01,  7.61it/s]
 78%|███████▊  | 39/50 [00:11<00:01,  7.62it/s]
 80%|████████  | 40/50 [00:11<00:01,  7.62it/s]
 82%|████████▏ | 41/50 [00:11<00:01,  7.62it/s]
 84%|████████▍ | 42/50 [00:11<00:01,  7.62it/s]
 86%|████████▌ | 43/50 [00:11<00:00,  7.60it/s]
 88%|████████▊ | 44/50 [00:11<00:00,  7.59it/s]
 90%|█████████ | 45/50 [00:11<00:00,  7.56it/s]
 92%|█████████▏| 46/50 [00:11<00:00,  7.42it/s]
 94%|█████████▍| 47/50 [00:12<00:00,  7.39it/s]
 96%|█████████▌| 48/50 [00:12<00:00,  6.95it/s]
 98%|█████████▊| 49/50 [00:12<00:00,  7.07it/s]
100%|██████████| 50/50 [00:18<00:00,  1.91s/it]
100%|██████████| 50/50 [00:18<00:00,  2.71it/s]
[I 2023-12-11 23:08:32,043] Trial 378 finished with value: 0.4031680181029606 and parameters: {'EMBEDDING_DIM': 32, 'HIDDEN_DIM': 2813, 'NUM_LAYERS': 1, 'DROPOUT': 0.18925358206613074, 'LR': 0.009424908074749553, 'WEIGHT_0': 0.741986489289901, 'WEIGHT_1': 0.8159747915559118, 'WEIGHT_2': 0.265251761497036, 'WEIGHT_3': 0.2585229109750141, 'WEIGHT_4': 0.6507870811875666, 'WEIGHT_5': 0.4476563838257012, 'WEIGHT_6': 0.5470429216469603, 'WEIGHT_7': 0.7759776018841642, 'WEIGHT_8': 0.845241899769556}. Best is trial 282 with value: 0.45463128081401455.
{'EMBEDDING_DIM': 32, 'HIDDEN_DIM': 2813, 'NUM_LAYERS': 1, 'DROPOUT': 0.18925358206613074, 'LR': 0.009424908074749553, 'WEIGHT_0': 0.741986489289901, 'WEIGHT_1': 0.8159747915559118, 'WEIGHT_2': 0.265251761497036, 'WEIGHT_3': 0.2585229109750141, 'WEIGHT_4': 0.6507870811875666, 'WEIGHT_5': 0.4476563838257012, 'WEIGHT_6': 0.5470429216469603, 'WEIGHT_7': 0.7759776018841642, 'WEIGHT_8': 0.845241899769556}
0
              precision    recall  f1-score   support

         LOC       0.00      0.00      0.00      1837
        MISC       0.00      0.00      0.00       922
         ORG       0.00      0.00      0.00      1341
         PER       0.00      0.00      0.00      1842

   micro avg       0.00      0.00      0.00      5942
   macro avg       0.00      0.00      0.00      5942
weighted avg       0.00      0.00      0.00      5942

{'EMBEDDING_DIM': 32, 'HIDDEN_DIM': 2813, 'NUM_LAYERS': 1, 'DROPOUT': 0.18925358206613074, 'LR': 0.009424908074749553, 'WEIGHT_0': 0.741986489289901, 'WEIGHT_1': 0.8159747915559118, 'WEIGHT_2': 0.265251761497036, 'WEIGHT_3': 0.2585229109750141, 'WEIGHT_4': 0.6507870811875666, 'WEIGHT_5': 0.4476563838257012, 'WEIGHT_6': 0.5470429216469603, 'WEIGHT_7': 0.7759776018841642, 'WEIGHT_8': 0.845241899769556}
49
              precision    recall  f1-score   support

         LOC       0.77      0.57      0.66      1837
        MISC       0.61      0.44      0.51       922
         ORG       0.20      0.24      0.22      1341
         PER       0.36      0.19      0.25      1842

   micro avg       0.46      0.36      0.40      5942
   macro avg       0.48      0.36      0.41      5942
weighted avg       0.49      0.36      0.41      5942

epoch 49
Transformer

  0%|          | 0/50 [00:00<?, ?it/s]
  2%|▏         | 1/50 [00:05<04:45,  5.83s/it]
  6%|▌         | 3/50 [00:06<01:14,  1.58s/it]
 10%|█         | 5/50 [00:06<00:36,  1.23it/s]
 12%|█▏        | 6/50 [00:06<00:27,  1.61it/s]
 14%|█▍        | 7/50 [00:06<00:20,  2.08it/s]
 16%|█▌        | 8/50 [00:06<00:15,  2.67it/s]
 18%|█▊        | 9/50 [00:06<00:12,  3.37it/s]
 20%|██        | 10/50 [00:06<00:09,  4.15it/s]
 22%|██▏       | 11/50 [00:06<00:07,  4.94it/s]
 24%|██▍       | 12/50 [00:06<00:06,  5.65it/s]
 26%|██▌       | 13/50 [00:07<00:05,  6.31it/s]
 28%|██▊       | 14/50 [00:07<00:05,  6.88it/s]
 32%|███▏      | 16/50 [00:07<00:04,  8.30it/s]
 36%|███▌      | 18/50 [00:07<00:03,  9.09it/s]
 40%|████      | 20/50 [00:07<00:03,  9.85it/s]
 44%|████▍     | 22/50 [00:07<00:02, 10.35it/s]
 48%|████▊     | 24/50 [00:08<00:02, 10.67it/s]
 52%|█████▏    | 26/50 [00:08<00:02, 10.92it/s]
 56%|█████▌    | 28/50 [00:08<00:01, 11.09it/s]
 60%|██████    | 30/50 [00:08<00:01, 11.19it/s]
 64%|██████▍   | 32/50 [00:08<00:01, 11.28it/s]
 68%|██████▊   | 34/50 [00:08<00:01, 11.34it/s]
 72%|███████▏  | 36/50 [00:09<00:01, 11.23it/s]
 76%|███████▌  | 38/50 [00:09<00:01, 10.55it/s]
 80%|████████  | 40/50 [00:09<00:00, 10.06it/s]
 84%|████████▍ | 42/50 [00:09<00:00, 10.48it/s]
 88%|████████▊ | 44/50 [00:09<00:00, 10.74it/s]
 92%|█████████▏| 46/50 [00:10<00:00, 10.96it/s]
 96%|█████████▌| 48/50 [00:10<00:00, 11.10it/s]
100%|██████████| 50/50 [00:16<00:00,  1.06it/s]
100%|██████████| 50/50 [00:16<00:00,  3.10it/s]
[I 2023-12-11 23:08:53,702] Trial 379 finished with value: 0.4089205397301349 and parameters: {'EMBEDDING_DIM': 32, 'HIDDEN_DIM': 594, 'NUM_LAYERS': 1, 'DROPOUT': 0.24066562551556175, 'LR': 0.006227771738852448, 'WEIGHT_0': 0.482696195863495, 'WEIGHT_1': 0.6389485545720042, 'WEIGHT_2': 0.23684090841849384, 'WEIGHT_3': 0.3474132634093346, 'WEIGHT_4': 0.8739401600526028, 'WEIGHT_5': 0.4922453190731711, 'WEIGHT_6': 0.06391807638371128, 'WEIGHT_7': 0.5155795989453285, 'WEIGHT_8': 0.7892384504502548}. Best is trial 282 with value: 0.45463128081401455.
{'EMBEDDING_DIM': 32, 'HIDDEN_DIM': 594, 'NUM_LAYERS': 1, 'DROPOUT': 0.24066562551556175, 'LR': 0.006227771738852448, 'WEIGHT_0': 0.482696195863495, 'WEIGHT_1': 0.6389485545720042, 'WEIGHT_2': 0.23684090841849384, 'WEIGHT_3': 0.3474132634093346, 'WEIGHT_4': 0.8739401600526028, 'WEIGHT_5': 0.4922453190731711, 'WEIGHT_6': 0.06391807638371128, 'WEIGHT_7': 0.5155795989453285, 'WEIGHT_8': 0.7892384504502548}
0
              precision    recall  f1-score   support

         LOC       0.00      0.00      0.00      1837
        MISC       0.00      0.00      0.00       922
         ORG       0.00      0.00      0.00      1341
         PER       0.00      0.00      0.00      1842

   micro avg       0.00      0.00      0.00      5942
   macro avg       0.00      0.00      0.00      5942
weighted avg       0.00      0.00      0.00      5942

{'EMBEDDING_DIM': 32, 'HIDDEN_DIM': 594, 'NUM_LAYERS': 1, 'DROPOUT': 0.24066562551556175, 'LR': 0.006227771738852448, 'WEIGHT_0': 0.482696195863495, 'WEIGHT_1': 0.6389485545720042, 'WEIGHT_2': 0.23684090841849384, 'WEIGHT_3': 0.3474132634093346, 'WEIGHT_4': 0.8739401600526028, 'WEIGHT_5': 0.4922453190731711, 'WEIGHT_6': 0.06391807638371128, 'WEIGHT_7': 0.5155795989453285, 'WEIGHT_8': 0.7892384504502548}
49
              precision    recall  f1-score   support

         LOC       0.74      0.57      0.65      1837
        MISC       0.64      0.45      0.53       922
         ORG       0.35      0.24      0.29      1341
         PER       0.22      0.21      0.22      1842

   micro avg       0.46      0.37      0.41      5942
   macro avg       0.49      0.37      0.42      5942
weighted avg       0.48      0.37      0.41      5942

epoch 49
Transformer

  0%|          | 0/50 [00:00<?, ?it/s]
  2%|▏         | 1/50 [00:07<06:12,  7.59s/it]
  4%|▍         | 2/50 [00:07<02:35,  3.23s/it]
  6%|▌         | 3/50 [00:07<01:26,  1.83s/it]
  8%|▊         | 4/50 [00:08<00:53,  1.17s/it]
 10%|█         | 5/50 [00:08<00:36,  1.22it/s]
 12%|█▏        | 6/50 [00:08<00:27,  1.57it/s]
 14%|█▍        | 7/50 [00:08<00:22,  1.94it/s]
 16%|█▌        | 8/50 [00:09<00:18,  2.29it/s]
 18%|█▊        | 9/50 [00:09<00:15,  2.58it/s]
 20%|██        | 10/50 [00:09<00:14,  2.80it/s]
 22%|██▏       | 11/50 [00:09<00:13,  2.92it/s]
 24%|██▍       | 12/50 [00:10<00:12,  3.00it/s]
 26%|██▌       | 13/50 [00:10<00:12,  3.05it/s]
 28%|██▊       | 14/50 [00:10<00:11,  3.10it/s]
 30%|███       | 15/50 [00:11<00:10,  3.38it/s]
 32%|███▏      | 16/50 [00:11<00:08,  3.92it/s]
 34%|███▍      | 17/50 [00:11<00:07,  4.36it/s]
 36%|███▌      | 18/50 [00:11<00:06,  4.61it/s]
 38%|███▊      | 19/50 [00:11<00:06,  4.62it/s]
 40%|████      | 20/50 [00:12<00:06,  4.46it/s]
 42%|████▏     | 21/50 [00:12<00:06,  4.24it/s]
 44%|████▍     | 22/50 [00:12<00:06,  4.02it/s]
 46%|████▌     | 23/50 [00:12<00:07,  3.85it/s]
 48%|████▊     | 24/50 [00:13<00:06,  3.72it/s]
 50%|█████     | 25/50 [00:13<00:06,  3.59it/s]
 52%|█████▏    | 26/50 [00:13<00:06,  3.44it/s]
 54%|█████▍    | 27/50 [00:14<00:06,  3.36it/s]
 56%|█████▌    | 28/50 [00:14<00:06,  3.30it/s]
 58%|█████▊    | 29/50 [00:14<00:06,  3.27it/s]
 60%|██████    | 30/50 [00:15<00:06,  3.25it/s]
 62%|██████▏   | 31/50 [00:15<00:05,  3.24it/s]
 64%|██████▍   | 32/50 [00:15<00:05,  3.22it/s]
 66%|██████▌   | 33/50 [00:16<00:05,  3.21it/s]
 68%|██████▊   | 34/50 [00:16<00:04,  3.21it/s]
 70%|███████   | 35/50 [00:16<00:04,  3.20it/s]
 72%|███████▏  | 36/50 [00:16<00:04,  3.20it/s]
 74%|███████▍  | 37/50 [00:17<00:04,  3.20it/s]
 76%|███████▌  | 38/50 [00:17<00:03,  3.20it/s]
 78%|███████▊  | 39/50 [00:17<00:03,  3.20it/s]
 80%|████████  | 40/50 [00:18<00:03,  3.20it/s]
 82%|████████▏ | 41/50 [00:18<00:02,  3.20it/s]
 84%|████████▍ | 42/50 [00:18<00:02,  3.20it/s]
 86%|████████▌ | 43/50 [00:19<00:02,  3.20it/s]
 88%|████████▊ | 44/50 [00:19<00:01,  3.20it/s]
 90%|█████████ | 45/50 [00:19<00:01,  3.20it/s]
 92%|█████████▏| 46/50 [00:20<00:01,  3.20it/s]
 94%|█████████▍| 47/50 [00:20<00:00,  3.20it/s]
 96%|█████████▌| 48/50 [00:20<00:00,  3.20it/s]
 98%|█████████▊| 49/50 [00:21<00:00,  3.20it/s]
100%|██████████| 50/50 [00:28<00:00,  2.59s/it]
100%|██████████| 50/50 [00:28<00:00,  1.73it/s]
