[I 2023-12-11 22:25:14,093] Trial 292 finished with value: 0.44796849087893864 and parameters: {'EMBEDDING_DIM': 32, 'HIDDEN_DIM': 603, 'NUM_LAYERS': 1, 'DROPOUT': 0.2536387791089785, 'LR': 0.004601273442862479, 'WEIGHT_0': 0.9646865055984886, 'WEIGHT_1': 0.09013037657775816, 'WEIGHT_2': 0.2860075814849961, 'WEIGHT_3': 0.05752117662331938, 'WEIGHT_4': 0.7934567152075297, 'WEIGHT_5': 0.3889405216325478, 'WEIGHT_6': 0.10298388641946633, 'WEIGHT_7': 0.6254057747524563, 'WEIGHT_8': 0.9725854479867098}. Best is trial 282 with value: 0.45463128081401455.
{'EMBEDDING_DIM': 32, 'HIDDEN_DIM': 603, 'NUM_LAYERS': 1, 'DROPOUT': 0.2536387791089785, 'LR': 0.004601273442862479, 'WEIGHT_0': 0.9646865055984886, 'WEIGHT_1': 0.09013037657775816, 'WEIGHT_2': 0.2860075814849961, 'WEIGHT_3': 0.05752117662331938, 'WEIGHT_4': 0.7934567152075297, 'WEIGHT_5': 0.3889405216325478, 'WEIGHT_6': 0.10298388641946633, 'WEIGHT_7': 0.6254057747524563, 'WEIGHT_8': 0.9725854479867098}
0
              precision    recall  f1-score   support

         LOC       0.00      0.00      0.00      1837
        MISC       0.00      0.00      0.00       922
         ORG       0.00      0.00      0.00      1341
         PER       0.00      0.00      0.00      1842

   micro avg       0.00      0.00      0.00      5942
   macro avg       0.00      0.00      0.00      5942
weighted avg       0.00      0.00      0.00      5942

{'EMBEDDING_DIM': 32, 'HIDDEN_DIM': 603, 'NUM_LAYERS': 1, 'DROPOUT': 0.2536387791089785, 'LR': 0.004601273442862479, 'WEIGHT_0': 0.9646865055984886, 'WEIGHT_1': 0.09013037657775816, 'WEIGHT_2': 0.2860075814849961, 'WEIGHT_3': 0.05752117662331938, 'WEIGHT_4': 0.7934567152075297, 'WEIGHT_5': 0.3889405216325478, 'WEIGHT_6': 0.10298388641946633, 'WEIGHT_7': 0.6254057747524563, 'WEIGHT_8': 0.9725854479867098}
49
              precision    recall  f1-score   support

         LOC       0.77      0.58      0.66      1837
        MISC       0.61      0.48      0.54       922
         ORG       0.44      0.22      0.29      1341
         PER       0.38      0.19      0.25      1842

   micro avg       0.58      0.36      0.45      5942
   macro avg       0.55      0.37      0.44      5942
weighted avg       0.55      0.36      0.43      5942

epoch 49
Transformer

  0%|          | 0/50 [00:00<?, ?it/s]
  2%|▏         | 1/50 [00:06<04:54,  6.01s/it]
  6%|▌         | 3/50 [00:06<01:16,  1.63s/it]
 10%|█         | 5/50 [00:06<00:37,  1.19it/s]
 14%|█▍        | 7/50 [00:06<00:22,  1.92it/s]
 18%|█▊        | 9/50 [00:06<00:14,  2.78it/s]
 20%|██        | 10/50 [00:06<00:12,  3.25it/s]
 22%|██▏       | 11/50 [00:06<00:10,  3.84it/s]
 24%|██▍       | 12/50 [00:07<00:08,  4.44it/s]
 26%|██▌       | 13/50 [00:07<00:07,  4.89it/s]
 28%|██▊       | 14/50 [00:07<00:06,  5.42it/s]
 30%|███       | 15/50 [00:07<00:05,  6.03it/s]
 32%|███▏      | 16/50 [00:07<00:05,  6.58it/s]
 34%|███▍      | 17/50 [00:07<00:04,  7.05it/s]
 36%|███▌      | 18/50 [00:07<00:04,  7.42it/s]
 38%|███▊      | 19/50 [00:07<00:03,  7.75it/s]
 42%|████▏     | 21/50 [00:08<00:03,  9.06it/s]
 46%|████▌     | 23/50 [00:08<00:02,  9.85it/s]
 50%|█████     | 25/50 [00:08<00:02, 10.34it/s]
 54%|█████▍    | 27/50 [00:08<00:02, 10.68it/s]
 58%|█████▊    | 29/50 [00:08<00:01, 10.91it/s]
 62%|██████▏   | 31/50 [00:09<00:01, 11.03it/s]
 66%|██████▌   | 33/50 [00:09<00:01, 11.11it/s]
 70%|███████   | 35/50 [00:09<00:01, 11.15it/s]
 74%|███████▍  | 37/50 [00:09<00:01, 11.18it/s]
 78%|███████▊  | 39/50 [00:09<00:00, 11.22it/s]
 82%|████████▏ | 41/50 [00:09<00:00, 11.28it/s]
 86%|████████▌ | 43/50 [00:10<00:00, 11.32it/s]
 90%|█████████ | 45/50 [00:10<00:00, 11.34it/s]
 94%|█████████▍| 47/50 [00:10<00:00, 11.36it/s]
 98%|█████████▊| 49/50 [00:10<00:00, 11.36it/s]
100%|██████████| 50/50 [00:16<00:00,  3.01it/s]
[I 2023-12-11 22:25:36,218] Trial 293 finished with value: 0.4473082519226772 and parameters: {'EMBEDDING_DIM': 32, 'HIDDEN_DIM': 716, 'NUM_LAYERS': 1, 'DROPOUT': 0.24937936474390257, 'LR': 0.004738668578707002, 'WEIGHT_0': 0.9713372161228074, 'WEIGHT_1': 0.08472575930019247, 'WEIGHT_2': 0.2912792079064483, 'WEIGHT_3': 0.13095456033017872, 'WEIGHT_4': 0.6076292189257612, 'WEIGHT_5': 0.5329182820746396, 'WEIGHT_6': 0.10811545316550342, 'WEIGHT_7': 0.6010883313682371, 'WEIGHT_8': 0.95926872665635}. Best is trial 282 with value: 0.45463128081401455.
{'EMBEDDING_DIM': 32, 'HIDDEN_DIM': 716, 'NUM_LAYERS': 1, 'DROPOUT': 0.24937936474390257, 'LR': 0.004738668578707002, 'WEIGHT_0': 0.9713372161228074, 'WEIGHT_1': 0.08472575930019247, 'WEIGHT_2': 0.2912792079064483, 'WEIGHT_3': 0.13095456033017872, 'WEIGHT_4': 0.6076292189257612, 'WEIGHT_5': 0.5329182820746396, 'WEIGHT_6': 0.10811545316550342, 'WEIGHT_7': 0.6010883313682371, 'WEIGHT_8': 0.95926872665635}
0
              precision    recall  f1-score   support

         LOC       0.00      0.00      0.00      1837
        MISC       0.00      0.00      0.00       922
         ORG       0.00      0.00      0.00      1341
         PER       0.00      0.00      0.00      1842

   micro avg       0.00      0.00      0.00      5942
   macro avg       0.00      0.00      0.00      5942
weighted avg       0.00      0.00      0.00      5942

{'EMBEDDING_DIM': 32, 'HIDDEN_DIM': 716, 'NUM_LAYERS': 1, 'DROPOUT': 0.24937936474390257, 'LR': 0.004738668578707002, 'WEIGHT_0': 0.9713372161228074, 'WEIGHT_1': 0.08472575930019247, 'WEIGHT_2': 0.2912792079064483, 'WEIGHT_3': 0.13095456033017872, 'WEIGHT_4': 0.6076292189257612, 'WEIGHT_5': 0.5329182820746396, 'WEIGHT_6': 0.10811545316550342, 'WEIGHT_7': 0.6010883313682371, 'WEIGHT_8': 0.95926872665635}
49
              precision    recall  f1-score   support

         LOC       0.75      0.59      0.66      1837
        MISC       0.60      0.50      0.54       922
         ORG       0.46      0.21      0.28      1341
         PER       0.39      0.19      0.25      1842

   micro avg       0.58      0.36      0.45      5942
   macro avg       0.55      0.37      0.43      5942
weighted avg       0.55      0.36      0.43      5942

epoch 49
Transformer

  0%|          | 0/50 [00:00<?, ?it/s]
  2%|▏         | 1/50 [00:07<06:19,  7.74s/it]
  4%|▍         | 2/50 [00:07<02:37,  3.28s/it]
  6%|▌         | 3/50 [00:08<01:26,  1.85s/it]
  8%|▊         | 4/50 [00:08<00:54,  1.18s/it]
 10%|█         | 5/50 [00:08<00:36,  1.24it/s]
 12%|█▏        | 6/50 [00:08<00:25,  1.73it/s]
 14%|█▍        | 7/50 [00:08<00:19,  2.24it/s]
 16%|█▌        | 8/50 [00:08<00:15,  2.65it/s]
 18%|█▊        | 9/50 [00:09<00:14,  2.89it/s]
 20%|██        | 10/50 [00:09<00:13,  3.01it/s]
 22%|██▏       | 11/50 [00:09<00:12,  3.02it/s]
 24%|██▍       | 12/50 [00:10<00:12,  3.00it/s]
 26%|██▌       | 13/50 [00:10<00:12,  3.00it/s]
 28%|██▊       | 14/50 [00:10<00:12,  2.94it/s]
 30%|███       | 15/50 [00:11<00:12,  2.84it/s]
 32%|███▏      | 16/50 [00:11<00:12,  2.80it/s]
 34%|███▍      | 17/50 [00:11<00:12,  2.72it/s]
 36%|███▌      | 18/50 [00:12<00:12,  2.64it/s]
 38%|███▊      | 19/50 [00:12<00:11,  2.59it/s]
 40%|████      | 20/50 [00:13<00:11,  2.55it/s]
 42%|████▏     | 21/50 [00:13<00:11,  2.56it/s]
 44%|████▍     | 22/50 [00:13<00:10,  2.62it/s]
 46%|████▌     | 23/50 [00:14<00:10,  2.66it/s]
 48%|████▊     | 24/50 [00:14<00:09,  2.66it/s]
 50%|█████     | 25/50 [00:15<00:09,  2.68it/s]
 52%|█████▏    | 26/50 [00:15<00:08,  2.69it/s]
 54%|█████▍    | 27/50 [00:15<00:08,  2.70it/s]
 56%|█████▌    | 28/50 [00:16<00:08,  2.71it/s]
 58%|█████▊    | 29/50 [00:16<00:07,  2.72it/s]
 60%|██████    | 30/50 [00:16<00:07,  2.71it/s]
 62%|██████▏   | 31/50 [00:17<00:07,  2.68it/s]
 64%|██████▍   | 32/50 [00:17<00:06,  2.70it/s]
 66%|██████▌   | 33/50 [00:17<00:06,  2.71it/s]
 68%|██████▊   | 34/50 [00:18<00:05,  2.71it/s]
 70%|███████   | 35/50 [00:18<00:05,  2.72it/s]
 72%|███████▏  | 36/50 [00:19<00:05,  2.72it/s]
 74%|███████▍  | 37/50 [00:19<00:04,  2.72it/s]
 76%|███████▌  | 38/50 [00:19<00:04,  2.73it/s]
 78%|███████▊  | 39/50 [00:20<00:04,  2.73it/s]
 80%|████████  | 40/50 [00:20<00:03,  2.70it/s]
 82%|████████▏ | 41/50 [00:20<00:03,  2.71it/s]
 84%|████████▍ | 42/50 [00:21<00:02,  2.71it/s]
 86%|████████▌ | 43/50 [00:21<00:02,  2.71it/s]
 88%|████████▊ | 44/50 [00:22<00:02,  2.72it/s]
 90%|█████████ | 45/50 [00:22<00:01,  2.73it/s]
 92%|█████████▏| 46/50 [00:22<00:01,  2.73it/s]
 94%|█████████▍| 47/50 [00:23<00:01,  2.73it/s]
 96%|█████████▌| 48/50 [00:23<00:00,  2.74it/s]
 98%|█████████▊| 49/50 [00:23<00:00,  2.72it/s]
100%|██████████| 50/50 [00:31<00:00,  2.68s/it]
100%|██████████| 50/50 [00:31<00:00,  1.57it/s]
[I 2023-12-11 22:26:15,386] Trial 294 finished with value: 0.45230125523012554 and parameters: {'EMBEDDING_DIM': 32, 'HIDDEN_DIM': 726, 'NUM_LAYERS': 2, 'DROPOUT': 0.25072443633885433, 'LR': 0.004826584909923241, 'WEIGHT_0': 0.5793985824671777, 'WEIGHT_1': 0.0903377144143469, 'WEIGHT_2': 0.2885145630859854, 'WEIGHT_3': 0.11255692016645162, 'WEIGHT_4': 0.555011196277936, 'WEIGHT_5': 0.5396549149236445, 'WEIGHT_6': 0.1161713113857414, 'WEIGHT_7': 0.5887066965711079, 'WEIGHT_8': 0.9753965728583777}. Best is trial 282 with value: 0.45463128081401455.
{'EMBEDDING_DIM': 32, 'HIDDEN_DIM': 726, 'NUM_LAYERS': 2, 'DROPOUT': 0.25072443633885433, 'LR': 0.004826584909923241, 'WEIGHT_0': 0.5793985824671777, 'WEIGHT_1': 0.0903377144143469, 'WEIGHT_2': 0.2885145630859854, 'WEIGHT_3': 0.11255692016645162, 'WEIGHT_4': 0.555011196277936, 'WEIGHT_5': 0.5396549149236445, 'WEIGHT_6': 0.1161713113857414, 'WEIGHT_7': 0.5887066965711079, 'WEIGHT_8': 0.9753965728583777}
0
              precision    recall  f1-score   support

         LOC       0.00      0.00      0.00      1837
        MISC       0.00      0.00      0.00       922
         ORG       0.00      0.00      0.00      1341
         PER       0.00      0.00      0.00      1842

   micro avg       0.00      0.00      0.00      5942
   macro avg       0.00      0.00      0.00      5942
weighted avg       0.00      0.00      0.00      5942

{'EMBEDDING_DIM': 32, 'HIDDEN_DIM': 726, 'NUM_LAYERS': 2, 'DROPOUT': 0.25072443633885433, 'LR': 0.004826584909923241, 'WEIGHT_0': 0.5793985824671777, 'WEIGHT_1': 0.0903377144143469, 'WEIGHT_2': 0.2885145630859854, 'WEIGHT_3': 0.11255692016645162, 'WEIGHT_4': 0.555011196277936, 'WEIGHT_5': 0.5396549149236445, 'WEIGHT_6': 0.1161713113857414, 'WEIGHT_7': 0.5887066965711079, 'WEIGHT_8': 0.9753965728583777}
49
              precision    recall  f1-score   support

         LOC       0.77      0.59      0.67      1837
        MISC       0.62      0.50      0.56       922
         ORG       0.46      0.21      0.29      1341
         PER       0.39      0.18      0.24      1842

   micro avg       0.60      0.36      0.45      5942
   macro avg       0.56      0.37      0.44      5942
weighted avg       0.56      0.36      0.43      5942

epoch 49
Transformer

  0%|          | 0/50 [00:00<?, ?it/s]
  2%|▏         | 1/50 [00:07<06:18,  7.73s/it]
  4%|▍         | 2/50 [00:07<02:39,  3.33s/it]
  6%|▌         | 3/50 [00:08<01:29,  1.91s/it]
  8%|▊         | 4/50 [00:08<00:56,  1.24s/it]
 10%|█         | 5/50 [00:08<00:39,  1.15it/s]
 12%|█▏        | 6/50 [00:08<00:28,  1.55it/s]
 14%|█▍        | 7/50 [00:09<00:21,  1.98it/s]
 16%|█▌        | 8/50 [00:09<00:17,  2.43it/s]
 18%|█▊        | 9/50 [00:09<00:14,  2.86it/s]
 20%|██        | 10/50 [00:09<00:12,  3.25it/s]
 22%|██▏       | 11/50 [00:09<00:10,  3.59it/s]
 24%|██▍       | 12/50 [00:10<00:09,  3.86it/s]
 26%|██▌       | 13/50 [00:10<00:09,  4.08it/s]
 28%|██▊       | 14/50 [00:10<00:08,  4.25it/s]
 30%|███       | 15/50 [00:10<00:07,  4.38it/s]
 32%|███▏      | 16/50 [00:10<00:07,  4.47it/s]
 34%|███▍      | 17/50 [00:11<00:07,  4.53it/s]
 36%|███▌      | 18/50 [00:11<00:06,  4.58it/s]
 38%|███▊      | 19/50 [00:11<00:06,  4.61it/s]
 40%|████      | 20/50 [00:11<00:06,  4.63it/s]
 42%|████▏     | 21/50 [00:12<00:06,  4.65it/s]
 44%|████▍     | 22/50 [00:12<00:06,  4.66it/s]
 46%|████▌     | 23/50 [00:12<00:05,  4.67it/s]
 48%|████▊     | 24/50 [00:12<00:05,  4.68it/s]
 50%|█████     | 25/50 [00:12<00:05,  4.68it/s]
 52%|█████▏    | 26/50 [00:13<00:05,  4.69it/s]
 54%|█████▍    | 27/50 [00:13<00:04,  4.69it/s]
 56%|█████▌    | 28/50 [00:13<00:04,  4.69it/s]
 58%|█████▊    | 29/50 [00:13<00:04,  4.69it/s]
 60%|██████    | 30/50 [00:13<00:04,  4.69it/s]
 62%|██████▏   | 31/50 [00:14<00:04,  4.69it/s]
 64%|██████▍   | 32/50 [00:14<00:03,  4.69it/s]
 66%|██████▌   | 33/50 [00:14<00:03,  4.69it/s]
 68%|██████▊   | 34/50 [00:14<00:03,  4.68it/s]
 70%|███████   | 35/50 [00:15<00:03,  4.69it/s]
 72%|███████▏  | 36/50 [00:15<00:02,  4.69it/s]
 74%|███████▍  | 37/50 [00:15<00:02,  4.69it/s]
 76%|███████▌  | 38/50 [00:15<00:02,  4.69it/s]
 78%|███████▊  | 39/50 [00:15<00:02,  4.69it/s]
 80%|████████  | 40/50 [00:16<00:02,  4.69it/s]
 82%|████████▏ | 41/50 [00:16<00:01,  4.69it/s]
 84%|████████▍ | 42/50 [00:16<00:01,  4.69it/s]
 86%|████████▌ | 43/50 [00:16<00:01,  4.60it/s]
 88%|████████▊ | 44/50 [00:16<00:01,  4.62it/s]
 90%|█████████ | 45/50 [00:17<00:01,  4.64it/s]
 92%|█████████▏| 46/50 [00:17<00:00,  4.65it/s]
 94%|█████████▍| 47/50 [00:17<00:00,  4.66it/s]
 96%|█████████▌| 48/50 [00:17<00:00,  4.66it/s]
 98%|█████████▊| 49/50 [00:18<00:00,  4.67it/s]
100%|██████████| 50/50 [00:25<00:00,  2.46s/it]
100%|██████████| 50/50 [00:25<00:00,  1.94it/s]
[I 2023-12-11 22:26:48,510] Trial 295 finished with value: 0.30176692475679967 and parameters: {'EMBEDDING_DIM': 128, 'HIDDEN_DIM': 870, 'NUM_LAYERS': 2, 'DROPOUT': 0.2494278046035982, 'LR': 0.005149655503255922, 'WEIGHT_0': 0.6010216477606405, 'WEIGHT_1': 0.09528032867254585, 'WEIGHT_2': 0.28738131696889724, 'WEIGHT_3': 0.1015221822341189, 'WEIGHT_4': 0.5867771585778178, 'WEIGHT_5': 0.514800375596313, 'WEIGHT_6': 0.12017820997290823, 'WEIGHT_7': 0.5892309398109395, 'WEIGHT_8': 0.9755547597947332}. Best is trial 282 with value: 0.45463128081401455.
{'EMBEDDING_DIM': 128, 'HIDDEN_DIM': 870, 'NUM_LAYERS': 2, 'DROPOUT': 0.2494278046035982, 'LR': 0.005149655503255922, 'WEIGHT_0': 0.6010216477606405, 'WEIGHT_1': 0.09528032867254585, 'WEIGHT_2': 0.28738131696889724, 'WEIGHT_3': 0.1015221822341189, 'WEIGHT_4': 0.5867771585778178, 'WEIGHT_5': 0.514800375596313, 'WEIGHT_6': 0.12017820997290823, 'WEIGHT_7': 0.5892309398109395, 'WEIGHT_8': 0.9755547597947332}
0
              precision    recall  f1-score   support

         LOC       0.00      0.00      0.00      1837
        MISC       0.00      0.00      0.00       922
         ORG       0.00      0.00      0.00      1341
         PER       0.00      0.00      0.00      1842

   micro avg       0.00      0.00      0.00      5942
   macro avg       0.00      0.00      0.00      5942
weighted avg       0.00      0.00      0.00      5942

{'EMBEDDING_DIM': 128, 'HIDDEN_DIM': 870, 'NUM_LAYERS': 2, 'DROPOUT': 0.2494278046035982, 'LR': 0.005149655503255922, 'WEIGHT_0': 0.6010216477606405, 'WEIGHT_1': 0.09528032867254585, 'WEIGHT_2': 0.28738131696889724, 'WEIGHT_3': 0.1015221822341189, 'WEIGHT_4': 0.5867771585778178, 'WEIGHT_5': 0.514800375596313, 'WEIGHT_6': 0.12017820997290823, 'WEIGHT_7': 0.5892309398109395, 'WEIGHT_8': 0.9755547597947332}
49
              precision    recall  f1-score   support

         LOC       0.48      0.62      0.54      1837
        MISC       0.07      0.04      0.05       922
         ORG       0.00      0.00      0.00      1341
         PER       0.27      0.19      0.22      1842

   micro avg       0.37      0.26      0.30      5942
   macro avg       0.21      0.21      0.20      5942
weighted avg       0.24      0.26      0.24      5942

epoch 49
Transformer

  0%|          | 0/50 [00:00<?, ?it/s]
  2%|▏         | 1/50 [00:07<06:13,  7.62s/it]
  4%|▍         | 2/50 [00:07<02:35,  3.24s/it]
  6%|▌         | 3/50 [00:07<01:25,  1.83s/it]
  8%|▊         | 4/50 [00:08<00:53,  1.16s/it]
 10%|█         | 5/50 [00:08<00:36,  1.24it/s]
 12%|█▏        | 6/50 [00:08<00:26,  1.63it/s]
 14%|█▍        | 7/50 [00:08<00:21,  2.00it/s]
 16%|█▌        | 8/50 [00:09<00:18,  2.29it/s]
 18%|█▊        | 9/50 [00:09<00:16,  2.48it/s]
 20%|██        | 10/50 [00:09<00:13,  2.98it/s]
 22%|██▏       | 11/50 [00:09<00:11,  3.48it/s]
 24%|██▍       | 12/50 [00:09<00:09,  3.92it/s]
 26%|██▌       | 13/50 [00:10<00:08,  4.30it/s]
 28%|██▊       | 14/50 [00:10<00:07,  4.63it/s]
 30%|███       | 15/50 [00:10<00:06,  5.17it/s]
 32%|███▏      | 16/50 [00:10<00:06,  5.66it/s]
 34%|███▍      | 17/50 [00:10<00:05,  6.05it/s]
 36%|███▌      | 18/50 [00:10<00:05,  6.36it/s]
 38%|███▊      | 19/50 [00:10<00:04,  6.60it/s]
 40%|████      | 20/50 [00:11<00:04,  6.78it/s]
 42%|████▏     | 21/50 [00:11<00:04,  6.90it/s]
 44%|████▍     | 22/50 [00:11<00:04,  7.00it/s]
 46%|████▌     | 23/50 [00:11<00:03,  7.07it/s]
 48%|████▊     | 24/50 [00:11<00:03,  7.11it/s]
 50%|█████     | 25/50 [00:11<00:03,  7.14it/s]
 52%|█████▏    | 26/50 [00:11<00:03,  7.17it/s]
 54%|█████▍    | 27/50 [00:12<00:03,  7.19it/s]
 56%|█████▌    | 28/50 [00:12<00:03,  7.19it/s]
 58%|█████▊    | 29/50 [00:12<00:02,  7.20it/s]
 60%|██████    | 30/50 [00:12<00:02,  7.21it/s]
 62%|██████▏   | 31/50 [00:12<00:02,  7.23it/s]
 64%|██████▍   | 32/50 [00:12<00:02,  7.22it/s]
 66%|██████▌   | 33/50 [00:12<00:02,  7.22it/s]
 68%|██████▊   | 34/50 [00:13<00:02,  7.23it/s]
 70%|███████   | 35/50 [00:13<00:02,  7.14it/s]
 72%|███████▏  | 36/50 [00:13<00:02,  6.63it/s]
 74%|███████▍  | 37/50 [00:13<00:02,  6.27it/s]
 76%|███████▌  | 38/50 [00:13<00:02,  5.49it/s]
 78%|███████▊  | 39/50 [00:14<00:02,  5.14it/s]
 80%|████████  | 40/50 [00:14<00:02,  4.94it/s]
 82%|████████▏ | 41/50 [00:14<00:01,  4.73it/s]
 84%|████████▍ | 42/50 [00:14<00:01,  4.81it/s]
 86%|████████▌ | 43/50 [00:14<00:01,  4.53it/s]
 88%|████████▊ | 44/50 [00:15<00:01,  4.06it/s]
 90%|█████████ | 45/50 [00:15<00:01,  3.58it/s]
 92%|█████████▏| 46/50 [00:16<00:01,  3.13it/s]
 94%|█████████▍| 47/50 [00:16<00:01,  2.83it/s]
 96%|█████████▌| 48/50 [00:16<00:00,  2.65it/s]
 98%|█████████▊| 49/50 [00:17<00:00,  2.55it/s]
100%|██████████| 50/50 [00:25<00:00,  2.71s/it]
100%|██████████| 50/50 [00:25<00:00,  1.97it/s]
