[I 2023-12-11 22:32:05,033] Trial 305 finished with value: 0.43632997325653156 and parameters: {'EMBEDDING_DIM': 32, 'HIDDEN_DIM': 769, 'NUM_LAYERS': 1, 'DROPOUT': 0.22859462140964557, 'LR': 0.005418564153516751, 'WEIGHT_0': 0.5729738854229046, 'WEIGHT_1': 0.30223248390454527, 'WEIGHT_2': 0.5313299364832645, 'WEIGHT_3': 0.10972589729100786, 'WEIGHT_4': 0.5328680951507088, 'WEIGHT_5': 0.47865862782520585, 'WEIGHT_6': 0.016745948679577342, 'WEIGHT_7': 0.6243794615832405, 'WEIGHT_8': 0.984572937492467}. Best is trial 282 with value: 0.45463128081401455.
{'EMBEDDING_DIM': 32, 'HIDDEN_DIM': 769, 'NUM_LAYERS': 1, 'DROPOUT': 0.22859462140964557, 'LR': 0.005418564153516751, 'WEIGHT_0': 0.5729738854229046, 'WEIGHT_1': 0.30223248390454527, 'WEIGHT_2': 0.5313299364832645, 'WEIGHT_3': 0.10972589729100786, 'WEIGHT_4': 0.5328680951507088, 'WEIGHT_5': 0.47865862782520585, 'WEIGHT_6': 0.016745948679577342, 'WEIGHT_7': 0.6243794615832405, 'WEIGHT_8': 0.984572937492467}
0
              precision    recall  f1-score   support

         LOC       0.00      0.00      0.00      1837
        MISC       0.00      0.00      0.00       922
         ORG       0.00      0.00      0.00      1341
         PER       0.00      0.00      0.00      1842

   micro avg       0.00      0.00      0.00      5942
   macro avg       0.00      0.00      0.00      5942
weighted avg       0.00      0.00      0.00      5942

{'EMBEDDING_DIM': 32, 'HIDDEN_DIM': 769, 'NUM_LAYERS': 1, 'DROPOUT': 0.22859462140964557, 'LR': 0.005418564153516751, 'WEIGHT_0': 0.5729738854229046, 'WEIGHT_1': 0.30223248390454527, 'WEIGHT_2': 0.5313299364832645, 'WEIGHT_3': 0.10972589729100786, 'WEIGHT_4': 0.5328680951507088, 'WEIGHT_5': 0.47865862782520585, 'WEIGHT_6': 0.016745948679577342, 'WEIGHT_7': 0.6243794615832405, 'WEIGHT_8': 0.984572937492467}
49
              precision    recall  f1-score   support

         LOC       0.78      0.58      0.66      1837
        MISC       0.56      0.49      0.52       922
         ORG       0.39      0.21      0.27      1341
         PER       0.37      0.18      0.24      1842

   micro avg       0.56      0.36      0.44      5942
   macro avg       0.52      0.36      0.42      5942
weighted avg       0.53      0.36      0.42      5942

epoch 49
Transformer

  0%|          | 0/50 [00:00<?, ?it/s]
  2%|▏         | 1/50 [00:05<04:47,  5.87s/it]
  6%|▌         | 3/50 [00:06<01:14,  1.59s/it]
 10%|█         | 5/50 [00:06<00:36,  1.22it/s]
 14%|█▍        | 7/50 [00:06<00:22,  1.95it/s]
 18%|█▊        | 9/50 [00:06<00:14,  2.84it/s]
 22%|██▏       | 11/50 [00:06<00:10,  3.85it/s]
 26%|██▌       | 13/50 [00:06<00:07,  4.91it/s]
 30%|███       | 15/50 [00:07<00:05,  6.02it/s]
 34%|███▍      | 17/50 [00:07<00:04,  7.07it/s]
 38%|███▊      | 19/50 [00:07<00:03,  8.01it/s]
 42%|████▏     | 21/50 [00:07<00:03,  8.82it/s]
 46%|████▌     | 23/50 [00:07<00:02,  9.38it/s]
 50%|█████     | 25/50 [00:08<00:02,  9.31it/s]
 54%|█████▍    | 27/50 [00:08<00:02,  9.32it/s]
 58%|█████▊    | 29/50 [00:08<00:02,  9.87it/s]
 62%|██████▏   | 31/50 [00:08<00:01, 10.31it/s]
 66%|██████▌   | 33/50 [00:08<00:01, 10.62it/s]
 70%|███████   | 35/50 [00:08<00:01, 10.85it/s]
 74%|███████▍  | 37/50 [00:09<00:01, 11.03it/s]
 78%|███████▊  | 39/50 [00:09<00:00, 11.15it/s]
 82%|████████▏ | 41/50 [00:09<00:00, 11.22it/s]
 86%|████████▌ | 43/50 [00:09<00:00, 11.28it/s]
 90%|█████████ | 45/50 [00:09<00:00, 11.32it/s]
 94%|█████████▍| 47/50 [00:10<00:00, 11.36it/s]
 98%|█████████▊| 49/50 [00:10<00:00, 11.38it/s]
100%|██████████| 50/50 [00:16<00:00,  3.12it/s]
[I 2023-12-11 22:32:26,595] Trial 306 finished with value: 0.4494802494802495 and parameters: {'EMBEDDING_DIM': 32, 'HIDDEN_DIM': 888, 'NUM_LAYERS': 1, 'DROPOUT': 0.21984470578451934, 'LR': 0.005257328398546566, 'WEIGHT_0': 0.9739565733669663, 'WEIGHT_1': 0.2400850641625882, 'WEIGHT_2': 0.3010538551000402, 'WEIGHT_3': 0.0859687380411897, 'WEIGHT_4': 0.7854025073543202, 'WEIGHT_5': 0.49879960212461727, 'WEIGHT_6': 0.09311806370060366, 'WEIGHT_7': 0.6493467868916604, 'WEIGHT_8': 0.9678748679099395}. Best is trial 282 with value: 0.45463128081401455.
{'EMBEDDING_DIM': 32, 'HIDDEN_DIM': 888, 'NUM_LAYERS': 1, 'DROPOUT': 0.21984470578451934, 'LR': 0.005257328398546566, 'WEIGHT_0': 0.9739565733669663, 'WEIGHT_1': 0.2400850641625882, 'WEIGHT_2': 0.3010538551000402, 'WEIGHT_3': 0.0859687380411897, 'WEIGHT_4': 0.7854025073543202, 'WEIGHT_5': 0.49879960212461727, 'WEIGHT_6': 0.09311806370060366, 'WEIGHT_7': 0.6493467868916604, 'WEIGHT_8': 0.9678748679099395}
0
              precision    recall  f1-score   support

         LOC       0.00      0.00      0.00      1837
        MISC       0.00      0.00      0.00       922
         ORG       0.00      0.00      0.00      1341
         PER       0.00      0.00      0.00      1842

   micro avg       0.00      0.00      0.00      5942
   macro avg       0.00      0.00      0.00      5942
weighted avg       0.00      0.00      0.00      5942

{'EMBEDDING_DIM': 32, 'HIDDEN_DIM': 888, 'NUM_LAYERS': 1, 'DROPOUT': 0.21984470578451934, 'LR': 0.005257328398546566, 'WEIGHT_0': 0.9739565733669663, 'WEIGHT_1': 0.2400850641625882, 'WEIGHT_2': 0.3010538551000402, 'WEIGHT_3': 0.0859687380411897, 'WEIGHT_4': 0.7854025073543202, 'WEIGHT_5': 0.49879960212461727, 'WEIGHT_6': 0.09311806370060366, 'WEIGHT_7': 0.6493467868916604, 'WEIGHT_8': 0.9678748679099395}
49
              precision    recall  f1-score   support

         LOC       0.78      0.58      0.67      1837
        MISC       0.63      0.51      0.56       922
         ORG       0.43      0.21      0.28      1341
         PER       0.38      0.19      0.25      1842

   micro avg       0.59      0.36      0.45      5942
   macro avg       0.55      0.37      0.44      5942
weighted avg       0.55      0.36      0.43      5942

epoch 49
Transformer

  0%|          | 0/50 [00:00<?, ?it/s]
  2%|▏         | 1/50 [00:05<04:49,  5.90s/it]
  6%|▌         | 3/50 [00:06<01:15,  1.60s/it]
 10%|█         | 5/50 [00:06<00:37,  1.21it/s]
 14%|█▍        | 7/50 [00:06<00:22,  1.94it/s]
 18%|█▊        | 9/50 [00:06<00:14,  2.82it/s]
 22%|██▏       | 11/50 [00:06<00:10,  3.83it/s]
 26%|██▌       | 13/50 [00:07<00:07,  4.86it/s]
 30%|███       | 15/50 [00:07<00:05,  5.98it/s]
 34%|███▍      | 17/50 [00:07<00:04,  7.04it/s]
 38%|███▊      | 19/50 [00:07<00:03,  7.99it/s]
 42%|████▏     | 21/50 [00:07<00:03,  8.80it/s]
 46%|████▌     | 23/50 [00:07<00:02,  9.45it/s]
 50%|█████     | 25/50 [00:08<00:02,  9.96it/s]
 54%|█████▍    | 27/50 [00:08<00:02, 10.34it/s]
 58%|█████▊    | 29/50 [00:08<00:01, 10.66it/s]
 62%|██████▏   | 31/50 [00:08<00:01, 10.87it/s]
 66%|██████▌   | 33/50 [00:08<00:01, 11.03it/s]
 70%|███████   | 35/50 [00:08<00:01, 11.13it/s]
 74%|███████▍  | 37/50 [00:09<00:01, 11.21it/s]
 78%|███████▊  | 39/50 [00:09<00:00, 11.27it/s]
 82%|████████▏ | 41/50 [00:09<00:00, 11.32it/s]
 86%|████████▌ | 43/50 [00:09<00:00, 11.35it/s]
 90%|█████████ | 45/50 [00:09<00:00, 11.38it/s]
 94%|█████████▍| 47/50 [00:09<00:00, 11.39it/s]
 98%|█████████▊| 49/50 [00:10<00:00, 11.39it/s]
100%|██████████| 50/50 [00:16<00:00,  3.12it/s]
[I 2023-12-11 22:32:47,964] Trial 307 finished with value: 0.44124352331606226 and parameters: {'EMBEDDING_DIM': 32, 'HIDDEN_DIM': 898, 'NUM_LAYERS': 1, 'DROPOUT': 0.2195566220520533, 'LR': 0.005228239518245337, 'WEIGHT_0': 0.9759824878807428, 'WEIGHT_1': 0.22694742011623253, 'WEIGHT_2': 0.304854117315448, 'WEIGHT_3': 0.14036074821729194, 'WEIGHT_4': 0.7860367262268948, 'WEIGHT_5': 0.49554159563136474, 'WEIGHT_6': 0.09098838183949919, 'WEIGHT_7': 0.6686188195599488, 'WEIGHT_8': 0.9607416320620982}. Best is trial 282 with value: 0.45463128081401455.
{'EMBEDDING_DIM': 32, 'HIDDEN_DIM': 898, 'NUM_LAYERS': 1, 'DROPOUT': 0.2195566220520533, 'LR': 0.005228239518245337, 'WEIGHT_0': 0.9759824878807428, 'WEIGHT_1': 0.22694742011623253, 'WEIGHT_2': 0.304854117315448, 'WEIGHT_3': 0.14036074821729194, 'WEIGHT_4': 0.7860367262268948, 'WEIGHT_5': 0.49554159563136474, 'WEIGHT_6': 0.09098838183949919, 'WEIGHT_7': 0.6686188195599488, 'WEIGHT_8': 0.9607416320620982}
0
              precision    recall  f1-score   support

         LOC       0.00      0.00      0.00      1837
        MISC       0.00      0.00      0.00       922
         ORG       0.00      0.00      0.00      1341
         PER       0.00      0.00      0.00      1842

   micro avg       0.00      0.00      0.00      5942
   macro avg       0.00      0.00      0.00      5942
weighted avg       0.00      0.00      0.00      5942

{'EMBEDDING_DIM': 32, 'HIDDEN_DIM': 898, 'NUM_LAYERS': 1, 'DROPOUT': 0.2195566220520533, 'LR': 0.005228239518245337, 'WEIGHT_0': 0.9759824878807428, 'WEIGHT_1': 0.22694742011623253, 'WEIGHT_2': 0.304854117315448, 'WEIGHT_3': 0.14036074821729194, 'WEIGHT_4': 0.7860367262268948, 'WEIGHT_5': 0.49554159563136474, 'WEIGHT_6': 0.09098838183949919, 'WEIGHT_7': 0.6686188195599488, 'WEIGHT_8': 0.9607416320620982}
49
              precision    recall  f1-score   support

         LOC       0.76      0.58      0.66      1837
        MISC       0.65      0.48      0.55       922
         ORG       0.42      0.22      0.29      1341
         PER       0.36      0.18      0.24      1842

   micro avg       0.57      0.36      0.44      5942
   macro avg       0.55      0.36      0.43      5942
weighted avg       0.54      0.36      0.43      5942

epoch 49
Transformer

  0%|          | 0/50 [00:00<?, ?it/s]
  2%|▏         | 1/50 [00:05<04:46,  5.84s/it]
  6%|▌         | 3/50 [00:06<01:14,  1.58s/it]
 10%|█         | 5/50 [00:06<00:36,  1.22it/s]
 12%|█▏        | 6/50 [00:06<00:27,  1.60it/s]
 16%|█▌        | 8/50 [00:06<00:16,  2.54it/s]
 20%|██        | 10/50 [00:06<00:11,  3.60it/s]
 24%|██▍       | 12/50 [00:06<00:08,  4.72it/s]
 28%|██▊       | 14/50 [00:07<00:06,  5.83it/s]
 32%|███▏      | 16/50 [00:07<00:04,  6.86it/s]
 36%|███▌      | 18/50 [00:07<00:04,  7.76it/s]
 40%|████      | 20/50 [00:07<00:03,  8.53it/s]
 44%|████▍     | 22/50 [00:07<00:03,  9.16it/s]
 48%|████▊     | 24/50 [00:07<00:02,  9.65it/s]
 52%|█████▏    | 26/50 [00:08<00:02, 10.02it/s]
 56%|█████▌    | 28/50 [00:08<00:02, 10.00it/s]
 60%|██████    | 30/50 [00:08<00:02,  9.78it/s]
 64%|██████▍   | 32/50 [00:08<00:01,  9.08it/s]
 66%|██████▌   | 33/50 [00:08<00:01,  9.03it/s]
 68%|██████▊   | 34/50 [00:09<00:01,  8.93it/s]
 70%|███████   | 35/50 [00:09<00:01,  8.84it/s]
 72%|███████▏  | 36/50 [00:09<00:01,  8.76it/s]
 74%|███████▍  | 37/50 [00:09<00:01,  8.72it/s]
 78%|███████▊  | 39/50 [00:09<00:01,  9.64it/s]
 82%|████████▏ | 41/50 [00:09<00:00, 10.25it/s]
 86%|████████▌ | 43/50 [00:09<00:00, 10.62it/s]
 90%|█████████ | 45/50 [00:10<00:00, 10.90it/s]
 94%|█████████▍| 47/50 [00:10<00:00, 11.07it/s]
 98%|█████████▊| 49/50 [00:10<00:00, 11.13it/s]
100%|██████████| 50/50 [00:16<00:00,  3.06it/s]
[I 2023-12-11 22:33:09,834] Trial 308 finished with value: 0.44666043419549184 and parameters: {'EMBEDDING_DIM': 32, 'HIDDEN_DIM': 841, 'NUM_LAYERS': 1, 'DROPOUT': 0.2427965584922942, 'LR': 0.0057077222785635595, 'WEIGHT_0': 0.6132810196495487, 'WEIGHT_1': 0.26610935847574796, 'WEIGHT_2': 0.2778525294952124, 'WEIGHT_3': 0.04307425532798928, 'WEIGHT_4': 0.6089681396019658, 'WEIGHT_5': 0.5173451988622729, 'WEIGHT_6': 0.0352470051936105, 'WEIGHT_7': 0.6505293828348844, 'WEIGHT_8': 0.9910451569504224}. Best is trial 282 with value: 0.45463128081401455.
{'EMBEDDING_DIM': 32, 'HIDDEN_DIM': 841, 'NUM_LAYERS': 1, 'DROPOUT': 0.2427965584922942, 'LR': 0.0057077222785635595, 'WEIGHT_0': 0.6132810196495487, 'WEIGHT_1': 0.26610935847574796, 'WEIGHT_2': 0.2778525294952124, 'WEIGHT_3': 0.04307425532798928, 'WEIGHT_4': 0.6089681396019658, 'WEIGHT_5': 0.5173451988622729, 'WEIGHT_6': 0.0352470051936105, 'WEIGHT_7': 0.6505293828348844, 'WEIGHT_8': 0.9910451569504224}
0
              precision    recall  f1-score   support

         LOC       0.00      0.00      0.00      1837
        MISC       0.00      0.00      0.00       922
         ORG       0.00      0.00      0.00      1341
         PER       0.00      0.00      0.00      1842

   micro avg       0.00      0.00      0.00      5942
   macro avg       0.00      0.00      0.00      5942
weighted avg       0.00      0.00      0.00      5942

{'EMBEDDING_DIM': 32, 'HIDDEN_DIM': 841, 'NUM_LAYERS': 1, 'DROPOUT': 0.2427965584922942, 'LR': 0.0057077222785635595, 'WEIGHT_0': 0.6132810196495487, 'WEIGHT_1': 0.26610935847574796, 'WEIGHT_2': 0.2778525294952124, 'WEIGHT_3': 0.04307425532798928, 'WEIGHT_4': 0.6089681396019658, 'WEIGHT_5': 0.5173451988622729, 'WEIGHT_6': 0.0352470051936105, 'WEIGHT_7': 0.6505293828348844, 'WEIGHT_8': 0.9910451569504224}
49
              precision    recall  f1-score   support

         LOC       0.77      0.58      0.66      1837
        MISC       0.64      0.49      0.55       922
         ORG       0.41      0.21      0.28      1341
         PER       0.39      0.19      0.25      1842

   micro avg       0.58      0.36      0.45      5942
   macro avg       0.55      0.37      0.44      5942
weighted avg       0.55      0.36      0.43      5942

epoch 49
Transformer

  0%|          | 0/50 [00:00<?, ?it/s]
  2%|▏         | 1/50 [00:07<06:16,  7.68s/it]
  4%|▍         | 2/50 [00:07<02:36,  3.27s/it]
  6%|▌         | 3/50 [00:08<01:26,  1.85s/it]
  8%|▊         | 4/50 [00:08<00:54,  1.18s/it]
 10%|█         | 5/50 [00:08<00:36,  1.22it/s]
 12%|█▏        | 6/50 [00:08<00:26,  1.63it/s]
 14%|█▍        | 7/50 [00:08<00:21,  2.01it/s]
 16%|█▌        | 8/50 [00:09<00:17,  2.34it/s]
 18%|█▊        | 9/50 [00:09<00:15,  2.58it/s]
 20%|██        | 10/50 [00:09<00:14,  2.72it/s]
 22%|██▏       | 11/50 [00:10<00:13,  2.80it/s]
 24%|██▍       | 12/50 [00:10<00:13,  2.73it/s]
 26%|██▌       | 13/50 [00:10<00:13,  2.77it/s]
 28%|██▊       | 14/50 [00:11<00:12,  2.83it/s]
 30%|███       | 15/50 [00:11<00:12,  2.87it/s]
 32%|███▏      | 16/50 [00:11<00:11,  2.90it/s]
 34%|███▍      | 17/50 [00:12<00:11,  2.93it/s]
 36%|███▌      | 18/50 [00:12<00:11,  2.90it/s]
 38%|███▊      | 19/50 [00:12<00:10,  2.84it/s]
 40%|████      | 20/50 [00:13<00:10,  2.81it/s]
 42%|████▏     | 21/50 [00:13<00:10,  2.79it/s]
 44%|████▍     | 22/50 [00:13<00:10,  2.77it/s]
 46%|████▌     | 23/50 [00:14<00:10,  2.68it/s]
 48%|████▊     | 24/50 [00:14<00:10,  2.55it/s]
 50%|█████     | 25/50 [00:15<00:10,  2.46it/s]
 52%|█████▏    | 26/50 [00:15<00:09,  2.41it/s]
 54%|█████▍    | 27/50 [00:16<00:09,  2.37it/s]
 56%|█████▌    | 28/50 [00:16<00:09,  2.33it/s]
 58%|█████▊    | 29/50 [00:16<00:09,  2.32it/s]
 60%|██████    | 30/50 [00:17<00:08,  2.31it/s]
 62%|██████▏   | 31/50 [00:17<00:08,  2.30it/s]
 64%|██████▍   | 32/50 [00:18<00:07,  2.30it/s]
 66%|██████▌   | 33/50 [00:18<00:07,  2.29it/s]
 68%|██████▊   | 34/50 [00:19<00:06,  2.29it/s]
 70%|███████   | 35/50 [00:19<00:06,  2.29it/s]
 72%|███████▏  | 36/50 [00:20<00:06,  2.29it/s]
 74%|███████▍  | 37/50 [00:20<00:05,  2.29it/s]
 76%|███████▌  | 38/50 [00:20<00:05,  2.29it/s]
 78%|███████▊  | 39/50 [00:21<00:04,  2.29it/s]
 80%|████████  | 40/50 [00:21<00:04,  2.29it/s]
 82%|████████▏ | 41/50 [00:22<00:03,  2.29it/s]
 84%|████████▍ | 42/50 [00:22<00:03,  2.29it/s]
 86%|████████▌ | 43/50 [00:23<00:03,  2.29it/s]
 88%|████████▊ | 44/50 [00:23<00:02,  2.29it/s]
 90%|█████████ | 45/50 [00:23<00:02,  2.29it/s]
 92%|█████████▏| 46/50 [00:24<00:01,  2.29it/s]
 94%|█████████▍| 47/50 [00:24<00:01,  2.28it/s]
 96%|█████████▌| 48/50 [00:25<00:00,  2.29it/s]
 98%|█████████▊| 49/50 [00:25<00:00,  2.28it/s]
100%|██████████| 50/50 [00:33<00:00,  2.76s/it]
100%|██████████| 50/50 [00:33<00:00,  1.47it/s]
[I 2023-12-11 22:33:50,854] Trial 309 finished with value: 0.43576441867561794 and parameters: {'EMBEDDING_DIM': 32, 'HIDDEN_DIM': 1042, 'NUM_LAYERS': 2, 'DROPOUT': 0.21019367868251165, 'LR': 0.005231636982613253, 'WEIGHT_0': 0.6382539246519777, 'WEIGHT_1': 0.24712298006445085, 'WEIGHT_2': 0.5199243899111015, 'WEIGHT_3': 0.1508256543229506, 'WEIGHT_4': 0.7960501526101744, 'WEIGHT_5': 0.49290080965839644, 'WEIGHT_6': 0.39196193546631075, 'WEIGHT_7': 0.6067311596253702, 'WEIGHT_8': 0.9583868560420902}. Best is trial 282 with value: 0.45463128081401455.
{'EMBEDDING_DIM': 32, 'HIDDEN_DIM': 1042, 'NUM_LAYERS': 2, 'DROPOUT': 0.21019367868251165, 'LR': 0.005231636982613253, 'WEIGHT_0': 0.6382539246519777, 'WEIGHT_1': 0.24712298006445085, 'WEIGHT_2': 0.5199243899111015, 'WEIGHT_3': 0.1508256543229506, 'WEIGHT_4': 0.7960501526101744, 'WEIGHT_5': 0.49290080965839644, 'WEIGHT_6': 0.39196193546631075, 'WEIGHT_7': 0.6067311596253702, 'WEIGHT_8': 0.9583868560420902}
0
              precision    recall  f1-score   support

         LOC       0.00      0.00      0.00      1837
        MISC       0.00      0.00      0.00       922
         ORG       0.00      0.00      0.00      1341
         PER       0.00      0.00      0.00      1842

   micro avg       0.00      0.00      0.00      5942
   macro avg       0.00      0.00      0.00      5942
weighted avg       0.00      0.00      0.00      5942

{'EMBEDDING_DIM': 32, 'HIDDEN_DIM': 1042, 'NUM_LAYERS': 2, 'DROPOUT': 0.21019367868251165, 'LR': 0.005231636982613253, 'WEIGHT_0': 0.6382539246519777, 'WEIGHT_1': 0.24712298006445085, 'WEIGHT_2': 0.5199243899111015, 'WEIGHT_3': 0.1508256543229506, 'WEIGHT_4': 0.7960501526101744, 'WEIGHT_5': 0.49290080965839644, 'WEIGHT_6': 0.39196193546631075, 'WEIGHT_7': 0.6067311596253702, 'WEIGHT_8': 0.9583868560420902}
49
              precision    recall  f1-score   support

         LOC       0.76      0.59      0.66      1837
        MISC       0.65      0.45      0.53       922
         ORG       0.36      0.20      0.26      1341
         PER       0.35      0.20      0.26      1842

   micro avg       0.55      0.36      0.44      5942
   macro avg       0.53      0.36      0.43      5942
weighted avg       0.53      0.36      0.43      5942

epoch 49
Transformer

  0%|          | 0/50 [00:00<?, ?it/s]
  2%|▏         | 1/50 [00:06<05:37,  6.89s/it]
  4%|▍         | 2/50 [00:07<02:40,  3.34s/it]
  6%|▌         | 3/50 [00:08<01:43,  2.20s/it]
  8%|▊         | 4/50 [00:09<01:16,  1.67s/it]
 10%|█         | 5/50 [00:10<01:01,  1.38s/it]
 12%|█▏        | 6/50 [00:11<00:52,  1.20s/it]
 14%|█▍        | 7/50 [00:12<00:46,  1.09s/it]
 16%|█▌        | 8/50 [00:12<00:42,  1.01s/it]
 18%|█▊        | 9/50 [00:13<00:39,  1.04it/s]
 20%|██        | 10/50 [00:14<00:37,  1.08it/s]
 22%|██▏       | 11/50 [00:15<00:35,  1.10it/s]
 24%|██▍       | 12/50 [00:16<00:33,  1.12it/s]
 26%|██▌       | 13/50 [00:17<00:32,  1.13it/s]
 28%|██▊       | 14/50 [00:18<00:31,  1.14it/s]
 30%|███       | 15/50 [00:18<00:30,  1.15it/s]
 32%|███▏      | 16/50 [00:19<00:29,  1.16it/s]
 34%|███▍      | 17/50 [00:20<00:28,  1.16it/s]
 36%|███▌      | 18/50 [00:21<00:27,  1.16it/s]
 38%|███▊      | 19/50 [00:22<00:26,  1.16it/s]
 40%|████      | 20/50 [00:23<00:25,  1.16it/s]
 42%|████▏     | 21/50 [00:24<00:24,  1.16it/s]
 44%|████▍     | 22/50 [00:24<00:24,  1.16it/s]
 46%|████▌     | 23/50 [00:25<00:23,  1.16it/s]
 48%|████▊     | 24/50 [00:26<00:22,  1.16it/s]
 50%|█████     | 25/50 [00:27<00:21,  1.16it/s]
 52%|█████▏    | 26/50 [00:28<00:20,  1.16it/s]
 54%|█████▍    | 27/50 [00:29<00:19,  1.16it/s]
 56%|█████▌    | 28/50 [00:30<00:18,  1.16it/s]
 58%|█████▊    | 29/50 [00:30<00:18,  1.16it/s]
 60%|██████    | 30/50 [00:31<00:17,  1.16it/s]
 62%|██████▏   | 31/50 [00:32<00:16,  1.16it/s]
 64%|██████▍   | 32/50 [00:33<00:15,  1.16it/s]
 66%|██████▌   | 33/50 [00:34<00:14,  1.16it/s]
 68%|██████▊   | 34/50 [00:35<00:13,  1.16it/s]
 70%|███████   | 35/50 [00:36<00:12,  1.16it/s]
 72%|███████▏  | 36/50 [00:36<00:12,  1.16it/s]
 74%|███████▍  | 37/50 [00:37<00:11,  1.16it/s]
 76%|███████▌  | 38/50 [00:38<00:10,  1.16it/s]
 78%|███████▊  | 39/50 [00:39<00:09,  1.16it/s]
 80%|████████  | 40/50 [00:40<00:08,  1.16it/s]
 82%|████████▏ | 41/50 [00:41<00:07,  1.15it/s]
 84%|████████▍ | 42/50 [00:42<00:06,  1.15it/s]
 86%|████████▌ | 43/50 [00:43<00:06,  1.15it/s]
 88%|████████▊ | 44/50 [00:43<00:05,  1.15it/s]
 90%|█████████ | 45/50 [00:44<00:04,  1.15it/s]
 92%|█████████▏| 46/50 [00:45<00:03,  1.15it/s]
 94%|█████████▍| 47/50 [00:46<00:02,  1.15it/s]
 96%|█████████▌| 48/50 [00:47<00:01,  1.15it/s]
 98%|█████████▊| 49/50 [00:48<00:00,  1.15it/s]
100%|██████████| 50/50 [00:55<00:00,  2.65s/it]
100%|██████████| 50/50 [00:55<00:00,  1.10s/it]
