[I 2023-12-11 23:40:35,193] Trial 438 finished with value: 0.43817427385892116 and parameters: {'EMBEDDING_DIM': 32, 'HIDDEN_DIM': 795, 'NUM_LAYERS': 1, 'DROPOUT': 0.30418016750488425, 'LR': 0.005185786652040274, 'WEIGHT_0': 0.8232584133614916, 'WEIGHT_1': 0.15013736471962422, 'WEIGHT_2': 0.7417979199535618, 'WEIGHT_3': 0.25618554597424087, 'WEIGHT_4': 0.7870469555294947, 'WEIGHT_5': 0.25771313271812657, 'WEIGHT_6': 0.5115099282283041, 'WEIGHT_7': 0.8333049003801504, 'WEIGHT_8': 0.8649507601419919}. Best is trial 282 with value: 0.45463128081401455.
{'EMBEDDING_DIM': 32, 'HIDDEN_DIM': 795, 'NUM_LAYERS': 1, 'DROPOUT': 0.30418016750488425, 'LR': 0.005185786652040274, 'WEIGHT_0': 0.8232584133614916, 'WEIGHT_1': 0.15013736471962422, 'WEIGHT_2': 0.7417979199535618, 'WEIGHT_3': 0.25618554597424087, 'WEIGHT_4': 0.7870469555294947, 'WEIGHT_5': 0.25771313271812657, 'WEIGHT_6': 0.5115099282283041, 'WEIGHT_7': 0.8333049003801504, 'WEIGHT_8': 0.8649507601419919}
0
              precision    recall  f1-score   support

         LOC       0.00      0.00      0.00      1837
        MISC       0.00      0.00      0.00       922
         ORG       0.00      0.00      0.00      1341
         PER       0.00      0.00      0.00      1842

   micro avg       0.00      0.00      0.00      5942
   macro avg       0.00      0.00      0.00      5942
weighted avg       0.00      0.00      0.00      5942

{'EMBEDDING_DIM': 32, 'HIDDEN_DIM': 795, 'NUM_LAYERS': 1, 'DROPOUT': 0.30418016750488425, 'LR': 0.005185786652040274, 'WEIGHT_0': 0.8232584133614916, 'WEIGHT_1': 0.15013736471962422, 'WEIGHT_2': 0.7417979199535618, 'WEIGHT_3': 0.25618554597424087, 'WEIGHT_4': 0.7870469555294947, 'WEIGHT_5': 0.25771313271812657, 'WEIGHT_6': 0.5115099282283041, 'WEIGHT_7': 0.8333049003801504, 'WEIGHT_8': 0.8649507601419919}
49
              precision    recall  f1-score   support

         LOC       0.78      0.55      0.64      1837
        MISC       0.62      0.51      0.56       922
         ORG       0.42      0.23      0.30      1341
         PER       0.36      0.18      0.24      1842

   micro avg       0.57      0.36      0.44      5942
   macro avg       0.55      0.37      0.43      5942
weighted avg       0.54      0.36      0.43      5942

epoch 49
Transformer

  0%|          | 0/50 [00:00<?, ?it/s]
  2%|▏         | 1/50 [00:07<05:58,  7.31s/it]
  4%|▍         | 2/50 [00:07<02:27,  3.08s/it]
  6%|▌         | 3/50 [00:07<01:21,  1.72s/it]
  8%|▊         | 4/50 [00:07<00:50,  1.09s/it]
 10%|█         | 5/50 [00:07<00:33,  1.34it/s]
 12%|█▏        | 6/50 [00:07<00:23,  1.88it/s]
 14%|█▍        | 7/50 [00:08<00:16,  2.54it/s]
 16%|█▌        | 8/50 [00:08<00:12,  3.31it/s]
 18%|█▊        | 9/50 [00:08<00:09,  4.16it/s]
 20%|██        | 10/50 [00:08<00:08,  4.85it/s]
 22%|██▏       | 11/50 [00:08<00:07,  5.34it/s]
 24%|██▍       | 12/50 [00:08<00:06,  6.04it/s]
 26%|██▌       | 13/50 [00:08<00:05,  6.73it/s]
 28%|██▊       | 14/50 [00:08<00:04,  7.28it/s]
 30%|███       | 15/50 [00:08<00:04,  7.90it/s]
 34%|███▍      | 17/50 [00:09<00:03,  9.05it/s]
 38%|███▊      | 19/50 [00:09<00:03,  9.70it/s]
 42%|████▏     | 21/50 [00:09<00:02, 10.08it/s]
 46%|████▌     | 23/50 [00:09<00:02, 10.34it/s]
 50%|█████     | 25/50 [00:09<00:02, 10.52it/s]
 54%|█████▍    | 27/50 [00:10<00:02, 10.62it/s]
 58%|█████▊    | 29/50 [00:10<00:01, 10.70it/s]
 62%|██████▏   | 31/50 [00:10<00:01, 10.76it/s]
 66%|██████▌   | 33/50 [00:10<00:01, 10.79it/s]
 70%|███████   | 35/50 [00:10<00:01, 10.82it/s]
 74%|███████▍  | 37/50 [00:10<00:01, 10.83it/s]
 78%|███████▊  | 39/50 [00:11<00:01, 10.84it/s]
 82%|████████▏ | 41/50 [00:11<00:00, 10.85it/s]
 86%|████████▌ | 43/50 [00:11<00:00, 10.84it/s]
 90%|█████████ | 45/50 [00:11<00:00, 10.86it/s]
 94%|█████████▍| 47/50 [00:11<00:00, 10.87it/s]
 98%|█████████▊| 49/50 [00:12<00:00, 10.86it/s]
100%|██████████| 50/50 [00:17<00:00,  2.79it/s]
[I 2023-12-11 23:40:58,632] Trial 439 finished with value: 0.4217792902284881 and parameters: {'EMBEDDING_DIM': 32, 'HIDDEN_DIM': 1332, 'NUM_LAYERS': 1, 'DROPOUT': 0.15023601677847714, 'LR': 0.008988237310136737, 'WEIGHT_0': 0.8009073768030875, 'WEIGHT_1': 0.5660611175945328, 'WEIGHT_2': 0.27242436946456405, 'WEIGHT_3': 0.4582878361662356, 'WEIGHT_4': 0.7096054620550796, 'WEIGHT_5': 0.410267524037258, 'WEIGHT_6': 0.11833658329964764, 'WEIGHT_7': 0.6381029792370638, 'WEIGHT_8': 0.8074161919446032}. Best is trial 282 with value: 0.45463128081401455.
{'EMBEDDING_DIM': 32, 'HIDDEN_DIM': 1332, 'NUM_LAYERS': 1, 'DROPOUT': 0.15023601677847714, 'LR': 0.008988237310136737, 'WEIGHT_0': 0.8009073768030875, 'WEIGHT_1': 0.5660611175945328, 'WEIGHT_2': 0.27242436946456405, 'WEIGHT_3': 0.4582878361662356, 'WEIGHT_4': 0.7096054620550796, 'WEIGHT_5': 0.410267524037258, 'WEIGHT_6': 0.11833658329964764, 'WEIGHT_7': 0.6381029792370638, 'WEIGHT_8': 0.8074161919446032}
0
              precision    recall  f1-score   support

         LOC       0.00      0.00      0.00      1837
        MISC       0.00      0.00      0.00       922
         ORG       0.00      0.00      0.00      1341
         PER       0.00      0.00      0.00      1842

   micro avg       0.00      0.00      0.00      5942
   macro avg       0.00      0.00      0.00      5942
weighted avg       0.00      0.00      0.00      5942

{'EMBEDDING_DIM': 32, 'HIDDEN_DIM': 1332, 'NUM_LAYERS': 1, 'DROPOUT': 0.15023601677847714, 'LR': 0.008988237310136737, 'WEIGHT_0': 0.8009073768030875, 'WEIGHT_1': 0.5660611175945328, 'WEIGHT_2': 0.27242436946456405, 'WEIGHT_3': 0.4582878361662356, 'WEIGHT_4': 0.7096054620550796, 'WEIGHT_5': 0.410267524037258, 'WEIGHT_6': 0.11833658329964764, 'WEIGHT_7': 0.6381029792370638, 'WEIGHT_8': 0.8074161919446032}
49
              precision    recall  f1-score   support

         LOC       0.76      0.59      0.66      1837
        MISC       0.62      0.44      0.52       922
         ORG       0.42      0.21      0.28      1341
         PER       0.25      0.21      0.23      1842

   micro avg       0.50      0.37      0.42      5942
   macro avg       0.51      0.36      0.42      5942
weighted avg       0.50      0.37      0.42      5942

epoch 49
Transformer

  0%|          | 0/50 [00:00<?, ?it/s]
  2%|▏         | 1/50 [00:05<04:45,  5.83s/it]
  6%|▌         | 3/50 [00:06<01:14,  1.58s/it]
 10%|█         | 5/50 [00:06<00:36,  1.23it/s]
 14%|█▍        | 7/50 [00:06<00:21,  1.96it/s]
 18%|█▊        | 9/50 [00:06<00:14,  2.85it/s]
 22%|██▏       | 11/50 [00:06<00:10,  3.87it/s]
 26%|██▌       | 13/50 [00:06<00:07,  4.96it/s]
 30%|███       | 15/50 [00:07<00:05,  5.95it/s]
 34%|███▍      | 17/50 [00:07<00:04,  7.01it/s]
 38%|███▊      | 19/50 [00:07<00:03,  7.97it/s]
 42%|████▏     | 21/50 [00:07<00:03,  8.76it/s]
 46%|████▌     | 23/50 [00:07<00:02,  9.41it/s]
 50%|█████     | 25/50 [00:07<00:02,  9.96it/s]
 54%|█████▍    | 27/50 [00:08<00:02, 10.37it/s]
 58%|█████▊    | 29/50 [00:08<00:01, 10.66it/s]
 62%|██████▏   | 31/50 [00:08<00:01, 10.89it/s]
 66%|██████▌   | 33/50 [00:08<00:01, 11.05it/s]
 70%|███████   | 35/50 [00:08<00:01, 11.15it/s]
 74%|███████▍  | 37/50 [00:09<00:01, 11.22it/s]
 78%|███████▊  | 39/50 [00:09<00:00, 11.29it/s]
 82%|████████▏ | 41/50 [00:09<00:00, 11.30it/s]
 86%|████████▌ | 43/50 [00:09<00:00, 11.32it/s]
 90%|█████████ | 45/50 [00:09<00:00, 11.34it/s]
 94%|█████████▍| 47/50 [00:09<00:00, 11.25it/s]
 98%|█████████▊| 49/50 [00:10<00:00, 11.19it/s]
100%|██████████| 50/50 [00:15<00:00,  3.13it/s]
[I 2023-12-11 23:41:20,169] Trial 440 finished with value: 0.41118229470005824 and parameters: {'EMBEDDING_DIM': 32, 'HIDDEN_DIM': 572, 'NUM_LAYERS': 1, 'DROPOUT': 0.09188374889073761, 'LR': 0.003312601249056033, 'WEIGHT_0': 0.9170078750315465, 'WEIGHT_1': 0.1818404309738027, 'WEIGHT_2': 0.09978597674462367, 'WEIGHT_3': 0.1929563162176316, 'WEIGHT_4': 0.8471645458526552, 'WEIGHT_5': 0.143318336013913, 'WEIGHT_6': 0.8913778053223204, 'WEIGHT_7': 0.5980605230226215, 'WEIGHT_8': 0.9999476030105}. Best is trial 282 with value: 0.45463128081401455.
{'EMBEDDING_DIM': 32, 'HIDDEN_DIM': 572, 'NUM_LAYERS': 1, 'DROPOUT': 0.09188374889073761, 'LR': 0.003312601249056033, 'WEIGHT_0': 0.9170078750315465, 'WEIGHT_1': 0.1818404309738027, 'WEIGHT_2': 0.09978597674462367, 'WEIGHT_3': 0.1929563162176316, 'WEIGHT_4': 0.8471645458526552, 'WEIGHT_5': 0.143318336013913, 'WEIGHT_6': 0.8913778053223204, 'WEIGHT_7': 0.5980605230226215, 'WEIGHT_8': 0.9999476030105}
0
              precision    recall  f1-score   support

         LOC       0.00      0.00      0.00      1837
        MISC       0.00      0.00      0.00       922
         ORG       0.00      0.00      0.00      1341
         PER       0.00      0.00      0.00      1842

   micro avg       0.00      0.00      0.00      5942
   macro avg       0.00      0.00      0.00      5942
weighted avg       0.00      0.00      0.00      5942

{'EMBEDDING_DIM': 32, 'HIDDEN_DIM': 572, 'NUM_LAYERS': 1, 'DROPOUT': 0.09188374889073761, 'LR': 0.003312601249056033, 'WEIGHT_0': 0.9170078750315465, 'WEIGHT_1': 0.1818404309738027, 'WEIGHT_2': 0.09978597674462367, 'WEIGHT_3': 0.1929563162176316, 'WEIGHT_4': 0.8471645458526552, 'WEIGHT_5': 0.143318336013913, 'WEIGHT_6': 0.8913778053223204, 'WEIGHT_7': 0.5980605230226215, 'WEIGHT_8': 0.9999476030105}
49
              precision    recall  f1-score   support

         LOC       0.72      0.57      0.64      1837
        MISC       0.59      0.46      0.52       922
         ORG       0.32      0.22      0.26      1341
         PER       0.28      0.18      0.22      1842

   micro avg       0.49      0.36      0.41      5942
   macro avg       0.48      0.36      0.41      5942
weighted avg       0.47      0.36      0.41      5942

epoch 49
Transformer

  0%|          | 0/50 [00:00<?, ?it/s]
  2%|▏         | 1/50 [00:05<04:46,  5.84s/it]
  6%|▌         | 3/50 [00:06<01:14,  1.58s/it]
 10%|█         | 5/50 [00:06<00:36,  1.23it/s]
 14%|█▍        | 7/50 [00:06<00:21,  1.97it/s]
 18%|█▊        | 9/50 [00:06<00:14,  2.84it/s]
 22%|██▏       | 11/50 [00:06<00:10,  3.86it/s]
 26%|██▌       | 13/50 [00:06<00:07,  4.95it/s]
 30%|███       | 15/50 [00:07<00:05,  6.01it/s]
 34%|███▍      | 17/50 [00:07<00:04,  7.07it/s]
 38%|███▊      | 19/50 [00:07<00:03,  8.01it/s]
 42%|████▏     | 21/50 [00:07<00:03,  8.83it/s]
 46%|████▌     | 23/50 [00:07<00:02,  9.48it/s]
 50%|█████     | 25/50 [00:07<00:02,  9.99it/s]
 54%|█████▍    | 27/50 [00:08<00:02, 10.38it/s]
 58%|█████▊    | 29/50 [00:08<00:01, 10.67it/s]
 62%|██████▏   | 31/50 [00:08<00:01, 10.87it/s]
 66%|██████▌   | 33/50 [00:08<00:01, 11.04it/s]
 70%|███████   | 35/50 [00:08<00:01, 11.15it/s]
 74%|███████▍  | 37/50 [00:09<00:01, 11.21it/s]
 78%|███████▊  | 39/50 [00:09<00:00, 11.26it/s]
 82%|████████▏ | 41/50 [00:09<00:00, 11.31it/s]
 86%|████████▌ | 43/50 [00:09<00:00, 11.36it/s]
 90%|█████████ | 45/50 [00:09<00:00, 11.37it/s]
 94%|█████████▍| 47/50 [00:09<00:00, 11.38it/s]
 98%|█████████▊| 49/50 [00:10<00:00, 11.39it/s]
100%|██████████| 50/50 [00:15<00:00,  3.15it/s]
[I 2023-12-11 23:41:41,602] Trial 441 finished with value: 0.4264033264033264 and parameters: {'EMBEDDING_DIM': 32, 'HIDDEN_DIM': 372, 'NUM_LAYERS': 1, 'DROPOUT': 0.03170545741382946, 'LR': 0.0073658078324675075, 'WEIGHT_0': 0.6457442353018215, 'WEIGHT_1': 0.05465713305533048, 'WEIGHT_2': 0.3070597688574199, 'WEIGHT_3': 0.29415253511702705, 'WEIGHT_4': 0.7629269242248198, 'WEIGHT_5': 0.05589501710556244, 'WEIGHT_6': 0.5160786728938798, 'WEIGHT_7': 0.8043117953761383, 'WEIGHT_8': 0.49627810354784696}. Best is trial 282 with value: 0.45463128081401455.
{'EMBEDDING_DIM': 32, 'HIDDEN_DIM': 372, 'NUM_LAYERS': 1, 'DROPOUT': 0.03170545741382946, 'LR': 0.0073658078324675075, 'WEIGHT_0': 0.6457442353018215, 'WEIGHT_1': 0.05465713305533048, 'WEIGHT_2': 0.3070597688574199, 'WEIGHT_3': 0.29415253511702705, 'WEIGHT_4': 0.7629269242248198, 'WEIGHT_5': 0.05589501710556244, 'WEIGHT_6': 0.5160786728938798, 'WEIGHT_7': 0.8043117953761383, 'WEIGHT_8': 0.49627810354784696}
0
              precision    recall  f1-score   support

         LOC       0.00      0.00      0.00      1837
        MISC       0.00      0.00      0.00       922
         ORG       0.00      0.00      0.00      1341
         PER       0.00      0.00      0.00      1842

   micro avg       0.00      0.00      0.00      5942
   macro avg       0.00      0.00      0.00      5942
weighted avg       0.00      0.00      0.00      5942

{'EMBEDDING_DIM': 32, 'HIDDEN_DIM': 372, 'NUM_LAYERS': 1, 'DROPOUT': 0.03170545741382946, 'LR': 0.0073658078324675075, 'WEIGHT_0': 0.6457442353018215, 'WEIGHT_1': 0.05465713305533048, 'WEIGHT_2': 0.3070597688574199, 'WEIGHT_3': 0.29415253511702705, 'WEIGHT_4': 0.7629269242248198, 'WEIGHT_5': 0.05589501710556244, 'WEIGHT_6': 0.5160786728938798, 'WEIGHT_7': 0.8043117953761383, 'WEIGHT_8': 0.49627810354784696}
49
              precision    recall  f1-score   support

         LOC       0.76      0.54      0.63      1837
        MISC       0.61      0.49      0.54       922
         ORG       0.38      0.21      0.27      1341
         PER       0.36      0.18      0.24      1842

   micro avg       0.56      0.35      0.43      5942
   macro avg       0.53      0.35      0.42      5942
weighted avg       0.53      0.35      0.41      5942

epoch 49
Transformer

  0%|          | 0/50 [00:00<?, ?it/s]
  2%|▏         | 1/50 [00:05<04:46,  5.85s/it]
  6%|▌         | 3/50 [00:06<01:14,  1.59s/it]
 10%|█         | 5/50 [00:06<00:36,  1.22it/s]
 12%|█▏        | 6/50 [00:06<00:27,  1.60it/s]
 14%|█▍        | 7/50 [00:06<00:20,  2.08it/s]
 18%|█▊        | 9/50 [00:06<00:12,  3.26it/s]
 22%|██▏       | 11/50 [00:06<00:08,  4.47it/s]
 26%|██▌       | 13/50 [00:06<00:06,  5.71it/s]
 30%|███       | 15/50 [00:07<00:05,  6.87it/s]
 34%|███▍      | 17/50 [00:07<00:04,  7.88it/s]
 38%|███▊      | 19/50 [00:07<00:03,  8.73it/s]
 42%|████▏     | 21/50 [00:07<00:03,  9.42it/s]
 46%|████▌     | 23/50 [00:07<00:02,  9.95it/s]
 50%|█████     | 25/50 [00:08<00:02, 10.37it/s]
 54%|█████▍    | 27/50 [00:08<00:02, 10.65it/s]
 58%|█████▊    | 29/50 [00:08<00:01, 10.87it/s]
 62%|██████▏   | 31/50 [00:08<00:01, 11.04it/s]
 66%|██████▌   | 33/50 [00:08<00:01, 11.13it/s]
 70%|███████   | 35/50 [00:08<00:01, 11.12it/s]
 74%|███████▍  | 37/50 [00:09<00:01, 10.57it/s]
 78%|███████▊  | 39/50 [00:09<00:01,  9.75it/s]
 82%|████████▏ | 41/50 [00:09<00:00, 10.22it/s]
 86%|████████▌ | 43/50 [00:09<00:00, 10.56it/s]
 90%|█████████ | 45/50 [00:09<00:00, 10.80it/s]
 94%|█████████▍| 47/50 [00:10<00:00, 10.98it/s]
 98%|█████████▊| 49/50 [00:10<00:00, 11.11it/s]
100%|██████████| 50/50 [00:16<00:00,  3.12it/s]
[I 2023-12-11 23:42:03,151] Trial 442 finished with value: 0.4386465552384835 and parameters: {'EMBEDDING_DIM': 32, 'HIDDEN_DIM': 724, 'NUM_LAYERS': 1, 'DROPOUT': 0.13940048670182542, 'LR': 0.0070567255763793685, 'WEIGHT_0': 0.9990389144083961, 'WEIGHT_1': 0.3849443198512251, 'WEIGHT_2': 0.5113016399595225, 'WEIGHT_3': 0.07269985606101388, 'WEIGHT_4': 0.5599459733074833, 'WEIGHT_5': 0.48416208101591773, 'WEIGHT_6': 0.6304597283549735, 'WEIGHT_7': 0.46868673390663, 'WEIGHT_8': 0.8370933745556918}. Best is trial 282 with value: 0.45463128081401455.
{'EMBEDDING_DIM': 32, 'HIDDEN_DIM': 724, 'NUM_LAYERS': 1, 'DROPOUT': 0.13940048670182542, 'LR': 0.0070567255763793685, 'WEIGHT_0': 0.9990389144083961, 'WEIGHT_1': 0.3849443198512251, 'WEIGHT_2': 0.5113016399595225, 'WEIGHT_3': 0.07269985606101388, 'WEIGHT_4': 0.5599459733074833, 'WEIGHT_5': 0.48416208101591773, 'WEIGHT_6': 0.6304597283549735, 'WEIGHT_7': 0.46868673390663, 'WEIGHT_8': 0.8370933745556918}
0
              precision    recall  f1-score   support

         LOC       0.00      0.00      0.00      1837
        MISC       0.00      0.00      0.00       922
         ORG       0.00      0.00      0.00      1341
         PER       0.00      0.00      0.00      1842

   micro avg       0.00      0.00      0.00      5942
   macro avg       0.00      0.00      0.00      5942
weighted avg       0.00      0.00      0.00      5942

{'EMBEDDING_DIM': 32, 'HIDDEN_DIM': 724, 'NUM_LAYERS': 1, 'DROPOUT': 0.13940048670182542, 'LR': 0.0070567255763793685, 'WEIGHT_0': 0.9990389144083961, 'WEIGHT_1': 0.3849443198512251, 'WEIGHT_2': 0.5113016399595225, 'WEIGHT_3': 0.07269985606101388, 'WEIGHT_4': 0.5599459733074833, 'WEIGHT_5': 0.48416208101591773, 'WEIGHT_6': 0.6304597283549735, 'WEIGHT_7': 0.46868673390663, 'WEIGHT_8': 0.8370933745556918}
49
              precision    recall  f1-score   support

         LOC       0.75      0.58      0.66      1837
        MISC       0.66      0.48      0.56       922
         ORG       0.36      0.23      0.28      1341
         PER       0.37      0.18      0.24      1842

   micro avg       0.56      0.36      0.44      5942
   macro avg       0.53      0.37      0.43      5942
weighted avg       0.53      0.36      0.43      5942

epoch 49
Transformer

  0%|          | 0/50 [00:00<?, ?it/s]
  2%|▏         | 1/50 [00:06<04:58,  6.10s/it]
  4%|▍         | 2/50 [00:06<02:06,  2.64s/it]
  6%|▌         | 3/50 [00:06<01:11,  1.52s/it]
  8%|▊         | 4/50 [00:06<00:45,  1.01it/s]
 10%|█         | 5/50 [00:06<00:31,  1.42it/s]
 12%|█▏        | 6/50 [00:07<00:23,  1.89it/s]
 14%|█▍        | 7/50 [00:07<00:18,  2.38it/s]
 16%|█▌        | 8/50 [00:07<00:14,  2.89it/s]
 18%|█▊        | 9/50 [00:07<00:12,  3.36it/s]
 20%|██        | 10/50 [00:07<00:10,  3.77it/s]
 22%|██▏       | 11/50 [00:08<00:09,  4.13it/s]
 24%|██▍       | 12/50 [00:08<00:08,  4.41it/s]
 26%|██▌       | 13/50 [00:08<00:07,  4.63it/s]
 28%|██▊       | 14/50 [00:08<00:07,  4.80it/s]
 30%|███       | 15/50 [00:08<00:07,  4.92it/s]
 32%|███▏      | 16/50 [00:08<00:06,  5.01it/s]
 34%|███▍      | 17/50 [00:09<00:06,  5.08it/s]
 36%|███▌      | 18/50 [00:09<00:06,  5.11it/s]
 38%|███▊      | 19/50 [00:09<00:06,  5.14it/s]
 40%|████      | 20/50 [00:09<00:05,  5.17it/s]
 42%|████▏     | 21/50 [00:09<00:05,  5.18it/s]
 44%|████▍     | 22/50 [00:10<00:05,  5.19it/s]
 46%|████▌     | 23/50 [00:10<00:05,  5.20it/s]
 48%|████▊     | 24/50 [00:10<00:04,  5.20it/s]
 50%|█████     | 25/50 [00:10<00:04,  5.20it/s]
 52%|█████▏    | 26/50 [00:10<00:04,  5.20it/s]
 54%|█████▍    | 27/50 [00:11<00:04,  5.20it/s]
 56%|█████▌    | 28/50 [00:11<00:04,  5.21it/s]
 58%|█████▊    | 29/50 [00:11<00:04,  5.21it/s]
 60%|██████    | 30/50 [00:11<00:03,  5.21it/s]
 62%|██████▏   | 31/50 [00:11<00:03,  5.21it/s]
 64%|██████▍   | 32/50 [00:12<00:03,  5.21it/s]
 66%|██████▌   | 33/50 [00:12<00:03,  5.21it/s]
 68%|██████▊   | 34/50 [00:12<00:03,  5.21it/s]
 70%|███████   | 35/50 [00:12<00:02,  5.21it/s]
 72%|███████▏  | 36/50 [00:12<00:02,  5.21it/s]
 74%|███████▍  | 37/50 [00:13<00:02,  5.21it/s]
 76%|███████▌  | 38/50 [00:13<00:02,  5.21it/s]
 78%|███████▊  | 39/50 [00:13<00:02,  5.21it/s]
 80%|████████  | 40/50 [00:13<00:01,  5.21it/s]
 82%|████████▏ | 41/50 [00:13<00:01,  5.21it/s]
 84%|████████▍ | 42/50 [00:13<00:01,  5.20it/s]
 86%|████████▌ | 43/50 [00:14<00:01,  5.23it/s]
 88%|████████▊ | 44/50 [00:14<00:01,  5.23it/s]
 90%|█████████ | 45/50 [00:14<00:00,  5.23it/s]
 92%|█████████▏| 46/50 [00:14<00:00,  5.23it/s]
 94%|█████████▍| 47/50 [00:14<00:00,  5.23it/s]
 96%|█████████▌| 48/50 [00:15<00:00,  5.23it/s]
 98%|█████████▊| 49/50 [00:15<00:00,  5.22it/s]
100%|██████████| 50/50 [00:21<00:00,  1.93s/it]
100%|██████████| 50/50 [00:21<00:00,  2.35it/s]
