[I 2023-12-11 22:27:21,220] Trial 296 finished with value: 0.4422997946611909 and parameters: {'EMBEDDING_DIM': 32, 'HIDDEN_DIM': 753, 'NUM_LAYERS': 2, 'DROPOUT': 0.35415055347203833, 'LR': 0.004994997474915373, 'WEIGHT_0': 0.6675486241212972, 'WEIGHT_1': 0.08694385075361935, 'WEIGHT_2': 0.2921159864101831, 'WEIGHT_3': 0.05645125280067126, 'WEIGHT_4': 0.5507562862700214, 'WEIGHT_5': 0.559540685015456, 'WEIGHT_6': 0.04276270088729944, 'WEIGHT_7': 0.569089667430143, 'WEIGHT_8': 0.9595663742375142}. Best is trial 282 with value: 0.45463128081401455.
{'EMBEDDING_DIM': 32, 'HIDDEN_DIM': 753, 'NUM_LAYERS': 2, 'DROPOUT': 0.35415055347203833, 'LR': 0.004994997474915373, 'WEIGHT_0': 0.6675486241212972, 'WEIGHT_1': 0.08694385075361935, 'WEIGHT_2': 0.2921159864101831, 'WEIGHT_3': 0.05645125280067126, 'WEIGHT_4': 0.5507562862700214, 'WEIGHT_5': 0.559540685015456, 'WEIGHT_6': 0.04276270088729944, 'WEIGHT_7': 0.569089667430143, 'WEIGHT_8': 0.9595663742375142}
0
              precision    recall  f1-score   support

         LOC       0.00      0.00      0.00      1837
        MISC       0.00      0.00      0.00       922
         ORG       0.00      0.00      0.00      1341
         PER       0.00      0.00      0.00      1842

   micro avg       0.00      0.00      0.00      5942
   macro avg       0.00      0.00      0.00      5942
weighted avg       0.00      0.00      0.00      5942

{'EMBEDDING_DIM': 32, 'HIDDEN_DIM': 753, 'NUM_LAYERS': 2, 'DROPOUT': 0.35415055347203833, 'LR': 0.004994997474915373, 'WEIGHT_0': 0.6675486241212972, 'WEIGHT_1': 0.08694385075361935, 'WEIGHT_2': 0.2921159864101831, 'WEIGHT_3': 0.05645125280067126, 'WEIGHT_4': 0.5507562862700214, 'WEIGHT_5': 0.559540685015456, 'WEIGHT_6': 0.04276270088729944, 'WEIGHT_7': 0.569089667430143, 'WEIGHT_8': 0.9595663742375142}
49
              precision    recall  f1-score   support

         LOC       0.79      0.60      0.68      1837
        MISC       0.58      0.49      0.53       922
         ORG       0.37      0.20      0.26      1341
         PER       0.37      0.18      0.24      1842

   micro avg       0.57      0.36      0.44      5942
   macro avg       0.53      0.37      0.43      5942
weighted avg       0.53      0.36      0.43      5942

epoch 49
Transformer

  0%|          | 0/50 [00:00<?, ?it/s]
  2%|▏         | 1/50 [00:07<06:10,  7.56s/it]
  4%|▍         | 2/50 [00:07<02:34,  3.21s/it]
  6%|▌         | 3/50 [00:07<01:25,  1.82s/it]
  8%|▊         | 4/50 [00:08<00:53,  1.16s/it]
 10%|█         | 5/50 [00:08<00:35,  1.27it/s]
 12%|█▏        | 6/50 [00:08<00:24,  1.76it/s]
 14%|█▍        | 7/50 [00:08<00:18,  2.32it/s]
 16%|█▌        | 8/50 [00:08<00:14,  2.97it/s]
 18%|█▊        | 9/50 [00:08<00:11,  3.64it/s]
 20%|██        | 10/50 [00:08<00:09,  4.30it/s]
 22%|██▏       | 11/50 [00:09<00:07,  4.92it/s]
 24%|██▍       | 12/50 [00:09<00:06,  5.47it/s]
 26%|██▌       | 13/50 [00:09<00:06,  5.91it/s]
 28%|██▊       | 14/50 [00:09<00:05,  6.27it/s]
 30%|███       | 15/50 [00:09<00:05,  6.54it/s]
 32%|███▏      | 16/50 [00:09<00:05,  6.75it/s]
 34%|███▍      | 17/50 [00:09<00:04,  6.91it/s]
 36%|███▌      | 18/50 [00:09<00:04,  7.01it/s]
 38%|███▊      | 19/50 [00:10<00:04,  7.09it/s]
 40%|████      | 20/50 [00:10<00:04,  7.15it/s]
 42%|████▏     | 21/50 [00:10<00:04,  7.19it/s]
 44%|████▍     | 22/50 [00:10<00:03,  7.22it/s]
 46%|████▌     | 23/50 [00:10<00:03,  7.24it/s]
 48%|████▊     | 24/50 [00:10<00:03,  7.26it/s]
 50%|█████     | 25/50 [00:10<00:03,  7.27it/s]
 52%|█████▏    | 26/50 [00:11<00:03,  7.26it/s]
 54%|█████▍    | 27/50 [00:11<00:03,  7.27it/s]
 56%|█████▌    | 28/50 [00:11<00:03,  7.28it/s]
 58%|█████▊    | 29/50 [00:11<00:02,  7.27it/s]
 60%|██████    | 30/50 [00:11<00:02,  7.28it/s]
 62%|██████▏   | 31/50 [00:11<00:02,  7.29it/s]
 64%|██████▍   | 32/50 [00:11<00:02,  7.29it/s]
 66%|██████▌   | 33/50 [00:12<00:02,  7.28it/s]
 68%|██████▊   | 34/50 [00:12<00:02,  7.29it/s]
 70%|███████   | 35/50 [00:12<00:02,  7.29it/s]
 72%|███████▏  | 36/50 [00:12<00:01,  7.30it/s]
 74%|███████▍  | 37/50 [00:12<00:01,  7.29it/s]
 76%|███████▌  | 38/50 [00:12<00:01,  7.29it/s]
 78%|███████▊  | 39/50 [00:12<00:01,  7.29it/s]
 80%|████████  | 40/50 [00:12<00:01,  7.30it/s]
 82%|████████▏ | 41/50 [00:13<00:01,  7.28it/s]
 84%|████████▍ | 42/50 [00:13<00:01,  7.29it/s]
 86%|████████▌ | 43/50 [00:13<00:00,  7.29it/s]
 88%|████████▊ | 44/50 [00:13<00:00,  7.05it/s]
 90%|█████████ | 45/50 [00:13<00:00,  6.51it/s]
 92%|█████████▏| 46/50 [00:13<00:00,  5.85it/s]
 94%|█████████▍| 47/50 [00:14<00:00,  5.07it/s]
 96%|█████████▌| 48/50 [00:14<00:00,  4.47it/s]
 98%|█████████▊| 49/50 [00:14<00:00,  3.94it/s]
100%|██████████| 50/50 [00:22<00:00,  2.59s/it]
100%|██████████| 50/50 [00:22<00:00,  2.19it/s]
[I 2023-12-11 22:27:51,100] Trial 297 finished with value: 0.4344507478081485 and parameters: {'EMBEDDING_DIM': 32, 'HIDDEN_DIM': 731, 'NUM_LAYERS': 2, 'DROPOUT': 0.23573511399411257, 'LR': 0.004454501181028178, 'WEIGHT_0': 0.46165180263120525, 'WEIGHT_1': 0.2989853085399385, 'WEIGHT_2': 0.3036607877015076, 'WEIGHT_3': 0.13308143760088154, 'WEIGHT_4': 0.5709263467876429, 'WEIGHT_5': 0.5334128821333561, 'WEIGHT_6': 0.6276851843283335, 'WEIGHT_7': 0.5933740159924804, 'WEIGHT_8': 0.9447801125896239}. Best is trial 282 with value: 0.45463128081401455.
{'EMBEDDING_DIM': 32, 'HIDDEN_DIM': 731, 'NUM_LAYERS': 2, 'DROPOUT': 0.23573511399411257, 'LR': 0.004454501181028178, 'WEIGHT_0': 0.46165180263120525, 'WEIGHT_1': 0.2989853085399385, 'WEIGHT_2': 0.3036607877015076, 'WEIGHT_3': 0.13308143760088154, 'WEIGHT_4': 0.5709263467876429, 'WEIGHT_5': 0.5334128821333561, 'WEIGHT_6': 0.6276851843283335, 'WEIGHT_7': 0.5933740159924804, 'WEIGHT_8': 0.9447801125896239}
0
              precision    recall  f1-score   support

         LOC       0.00      0.00      0.00      1837
        MISC       0.00      0.00      0.00       922
         ORG       0.00      0.00      0.00      1341
         PER       0.00      0.00      0.00      1842

   micro avg       0.00      0.00      0.00      5942
   macro avg       0.00      0.00      0.00      5942
weighted avg       0.00      0.00      0.00      5942

{'EMBEDDING_DIM': 32, 'HIDDEN_DIM': 731, 'NUM_LAYERS': 2, 'DROPOUT': 0.23573511399411257, 'LR': 0.004454501181028178, 'WEIGHT_0': 0.46165180263120525, 'WEIGHT_1': 0.2989853085399385, 'WEIGHT_2': 0.3036607877015076, 'WEIGHT_3': 0.13308143760088154, 'WEIGHT_4': 0.5709263467876429, 'WEIGHT_5': 0.5334128821333561, 'WEIGHT_6': 0.6276851843283335, 'WEIGHT_7': 0.5933740159924804, 'WEIGHT_8': 0.9447801125896239}
49
              precision    recall  f1-score   support

         LOC       0.79      0.57      0.66      1837
        MISC       0.60      0.48      0.53       922
         ORG       0.36      0.22      0.27      1341
         PER       0.38      0.18      0.24      1842

   micro avg       0.56      0.35      0.43      5942
   macro avg       0.53      0.36      0.43      5942
weighted avg       0.53      0.35      0.42      5942

epoch 49
Transformer

  0%|          | 0/50 [00:00<?, ?it/s]
  2%|▏         | 1/50 [00:07<06:26,  7.90s/it]
  4%|▍         | 2/50 [00:08<02:45,  3.44s/it]
  6%|▌         | 3/50 [00:08<01:35,  2.02s/it]
  8%|▊         | 4/50 [00:08<01:02,  1.37s/it]
 10%|█         | 5/50 [00:09<00:45,  1.01s/it]
 12%|█▏        | 6/50 [00:09<00:34,  1.27it/s]
 14%|█▍        | 7/50 [00:10<00:28,  1.53it/s]
 16%|█▌        | 8/50 [00:10<00:23,  1.78it/s]
 18%|█▊        | 9/50 [00:10<00:20,  1.99it/s]
 20%|██        | 10/50 [00:11<00:18,  2.17it/s]
 22%|██▏       | 11/50 [00:11<00:16,  2.31it/s]
 24%|██▍       | 12/50 [00:11<00:15,  2.42it/s]
 26%|██▌       | 13/50 [00:12<00:14,  2.49it/s]
 28%|██▊       | 14/50 [00:12<00:14,  2.55it/s]
 30%|███       | 15/50 [00:12<00:13,  2.60it/s]
 32%|███▏      | 16/50 [00:13<00:12,  2.63it/s]
 34%|███▍      | 17/50 [00:13<00:12,  2.66it/s]
 36%|███▌      | 18/50 [00:14<00:11,  2.68it/s]
 38%|███▊      | 19/50 [00:14<00:11,  2.69it/s]
 40%|████      | 20/50 [00:14<00:11,  2.70it/s]
 42%|████▏     | 21/50 [00:15<00:10,  2.70it/s]
 44%|████▍     | 22/50 [00:15<00:10,  2.71it/s]
 46%|████▌     | 23/50 [00:15<00:09,  2.71it/s]
 48%|████▊     | 24/50 [00:16<00:09,  2.71it/s]
 50%|█████     | 25/50 [00:16<00:09,  2.71it/s]
 52%|█████▏    | 26/50 [00:17<00:08,  2.71it/s]
 54%|█████▍    | 27/50 [00:17<00:08,  2.68it/s]
 56%|█████▌    | 28/50 [00:17<00:08,  2.68it/s]
 58%|█████▊    | 29/50 [00:18<00:07,  2.80it/s]
 60%|██████    | 30/50 [00:18<00:07,  2.80it/s]
 62%|██████▏   | 31/50 [00:18<00:06,  2.86it/s]
 64%|██████▍   | 32/50 [00:19<00:06,  2.88it/s]
 66%|██████▌   | 33/50 [00:19<00:05,  2.84it/s]
 68%|██████▊   | 34/50 [00:19<00:05,  2.80it/s]
 70%|███████   | 35/50 [00:20<00:05,  2.78it/s]
 72%|███████▏  | 36/50 [00:20<00:05,  2.76it/s]
 74%|███████▍  | 37/50 [00:20<00:04,  2.75it/s]
 76%|███████▌  | 38/50 [00:21<00:04,  2.74it/s]
 78%|███████▊  | 39/50 [00:21<00:04,  2.73it/s]
 80%|████████  | 40/50 [00:22<00:03,  2.73it/s]
 82%|████████▏ | 41/50 [00:22<00:03,  2.71it/s]
 84%|████████▍ | 42/50 [00:22<00:02,  2.72it/s]
 86%|████████▌ | 43/50 [00:23<00:02,  2.72it/s]
 88%|████████▊ | 44/50 [00:23<00:02,  2.72it/s]
 90%|█████████ | 45/50 [00:23<00:01,  2.72it/s]
 92%|█████████▏| 46/50 [00:24<00:01,  2.72it/s]
 94%|█████████▍| 47/50 [00:24<00:01,  2.72it/s]
 96%|█████████▌| 48/50 [00:25<00:00,  2.72it/s]
 98%|█████████▊| 49/50 [00:25<00:00,  2.72it/s]
100%|██████████| 50/50 [00:35<00:00,  3.28s/it]
100%|██████████| 50/50 [00:35<00:00,  1.41it/s]
[I 2023-12-11 22:28:35,981] Trial 298 finished with value: 0.34462897187290004 and parameters: {'EMBEDDING_DIM': 64, 'HIDDEN_DIM': 3057, 'NUM_LAYERS': 2, 'DROPOUT': 0.25911072465896784, 'LR': 0.004440391757348401, 'WEIGHT_0': 0.595398185286737, 'WEIGHT_1': 0.09204951027037157, 'WEIGHT_2': 0.5505804123714365, 'WEIGHT_3': 0.11517733032595352, 'WEIGHT_4': 0.6259773027908516, 'WEIGHT_5': 0.5792594369248375, 'WEIGHT_6': 0.08637835021241998, 'WEIGHT_7': 0.7367241744223291, 'WEIGHT_8': 0.9946461441737969}. Best is trial 282 with value: 0.45463128081401455.
{'EMBEDDING_DIM': 64, 'HIDDEN_DIM': 3057, 'NUM_LAYERS': 2, 'DROPOUT': 0.25911072465896784, 'LR': 0.004440391757348401, 'WEIGHT_0': 0.595398185286737, 'WEIGHT_1': 0.09204951027037157, 'WEIGHT_2': 0.5505804123714365, 'WEIGHT_3': 0.11517733032595352, 'WEIGHT_4': 0.6259773027908516, 'WEIGHT_5': 0.5792594369248375, 'WEIGHT_6': 0.08637835021241998, 'WEIGHT_7': 0.7367241744223291, 'WEIGHT_8': 0.9946461441737969}
0
              precision    recall  f1-score   support

         LOC       0.00      0.00      0.00      1837
        MISC       0.00      0.00      0.00       922
         ORG       0.00      0.00      0.00      1341
         PER       0.00      0.00      0.00      1842

   micro avg       0.00      0.00      0.00      5942
   macro avg       0.00      0.00      0.00      5942
weighted avg       0.00      0.00      0.00      5942

{'EMBEDDING_DIM': 64, 'HIDDEN_DIM': 3057, 'NUM_LAYERS': 2, 'DROPOUT': 0.25911072465896784, 'LR': 0.004440391757348401, 'WEIGHT_0': 0.595398185286737, 'WEIGHT_1': 0.09204951027037157, 'WEIGHT_2': 0.5505804123714365, 'WEIGHT_3': 0.11517733032595352, 'WEIGHT_4': 0.6259773027908516, 'WEIGHT_5': 0.5792594369248375, 'WEIGHT_6': 0.08637835021241998, 'WEIGHT_7': 0.7367241744223291, 'WEIGHT_8': 0.9946461441737969}
49
              precision    recall  f1-score   support

         LOC       0.65      0.58      0.61      1837
        MISC       0.21      0.42      0.28       922
         ORG       0.00      0.00      0.00      1341
         PER       0.34      0.18      0.24      1842

   micro avg       0.40      0.30      0.34      5942
   macro avg       0.30      0.30      0.28      5942
weighted avg       0.34      0.30      0.31      5942

epoch 49
Transformer

  0%|          | 0/50 [00:00<?, ?it/s]
  2%|▏         | 1/50 [00:09<07:50,  9.61s/it]
  4%|▍         | 2/50 [00:09<03:15,  4.07s/it]
  6%|▌         | 3/50 [00:09<01:47,  2.29s/it]
  8%|▊         | 4/50 [00:10<01:07,  1.46s/it]
 10%|█         | 5/50 [00:10<00:44,  1.01it/s]
 12%|█▏        | 6/50 [00:10<00:31,  1.39it/s]
 14%|█▍        | 7/50 [00:10<00:23,  1.85it/s]
 16%|█▌        | 8/50 [00:10<00:17,  2.37it/s]
 18%|█▊        | 9/50 [00:11<00:14,  2.92it/s]
 20%|██        | 10/50 [00:11<00:11,  3.45it/s]
 22%|██▏       | 11/50 [00:11<00:09,  3.95it/s]
 24%|██▍       | 12/50 [00:11<00:08,  4.40it/s]
 26%|██▌       | 13/50 [00:11<00:07,  4.76it/s]
 28%|██▊       | 14/50 [00:11<00:07,  5.05it/s]
 30%|███       | 15/50 [00:12<00:06,  5.28it/s]
 32%|███▏      | 16/50 [00:12<00:06,  5.45it/s]
 34%|███▍      | 17/50 [00:12<00:05,  5.57it/s]
 36%|███▌      | 18/50 [00:12<00:05,  5.68it/s]
 38%|███▊      | 19/50 [00:12<00:05,  5.73it/s]
 40%|████      | 20/50 [00:12<00:05,  5.77it/s]
 42%|████▏     | 21/50 [00:13<00:04,  5.81it/s]
 44%|████▍     | 22/50 [00:13<00:04,  5.84it/s]
 46%|████▌     | 23/50 [00:13<00:04,  5.85it/s]
 48%|████▊     | 24/50 [00:13<00:04,  5.87it/s]
 50%|█████     | 25/50 [00:13<00:04,  5.88it/s]
 52%|█████▏    | 26/50 [00:13<00:04,  5.89it/s]
 54%|█████▍    | 27/50 [00:14<00:03,  5.88it/s]
 56%|█████▌    | 28/50 [00:14<00:03,  5.89it/s]
 58%|█████▊    | 29/50 [00:14<00:03,  5.89it/s]
 60%|██████    | 30/50 [00:14<00:03,  5.88it/s]
 62%|██████▏   | 31/50 [00:14<00:03,  5.88it/s]
 64%|██████▍   | 32/50 [00:14<00:03,  5.89it/s]
 66%|██████▌   | 33/50 [00:15<00:02,  5.87it/s]
 68%|██████▊   | 34/50 [00:15<00:02,  5.88it/s]
 70%|███████   | 35/50 [00:15<00:02,  5.88it/s]
 72%|███████▏  | 36/50 [00:15<00:02,  5.89it/s]
 74%|███████▍  | 37/50 [00:15<00:02,  5.89it/s]
 76%|███████▌  | 38/50 [00:15<00:02,  5.89it/s]
 78%|███████▊  | 39/50 [00:16<00:01,  5.88it/s]
 80%|████████  | 40/50 [00:16<00:01,  5.89it/s]
 82%|████████▏ | 41/50 [00:16<00:01,  5.89it/s]
 84%|████████▍ | 42/50 [00:16<00:01,  5.90it/s]
 86%|████████▌ | 43/50 [00:16<00:01,  5.90it/s]
 88%|████████▊ | 44/50 [00:16<00:01,  5.91it/s]
 90%|█████████ | 45/50 [00:17<00:00,  5.89it/s]
 92%|█████████▏| 46/50 [00:17<00:00,  5.89it/s]
 94%|█████████▍| 47/50 [00:17<00:00,  5.90it/s]
 96%|█████████▌| 48/50 [00:17<00:00,  5.90it/s]
 98%|█████████▊| 49/50 [00:17<00:00,  5.90it/s]
100%|██████████| 50/50 [00:27<00:00,  3.01s/it]
100%|██████████| 50/50 [00:27<00:00,  1.82it/s]
[I 2023-12-11 22:29:12,446] Trial 299 finished with value: 0.23368119500716186 and parameters: {'EMBEDDING_DIM': 32, 'HIDDEN_DIM': 678, 'NUM_LAYERS': 2, 'DROPOUT': 0.24065245514338449, 'LR': 0.004634919611987327, 'WEIGHT_0': 0.5558272140923183, 'WEIGHT_1': 0.8593343736410906, 'WEIGHT_2': 0.276990311263871, 'WEIGHT_3': 0.09468981246601474, 'WEIGHT_4': 0.5996758133445077, 'WEIGHT_5': 0.01465819807461144, 'WEIGHT_6': 0.11346110012932056, 'WEIGHT_7': 0.503087300035403, 'WEIGHT_8': 0.9901576029378355}. Best is trial 282 with value: 0.45463128081401455.
{'EMBEDDING_DIM': 32, 'HIDDEN_DIM': 678, 'NUM_LAYERS': 2, 'DROPOUT': 0.24065245514338449, 'LR': 0.004634919611987327, 'WEIGHT_0': 0.5558272140923183, 'WEIGHT_1': 0.8593343736410906, 'WEIGHT_2': 0.276990311263871, 'WEIGHT_3': 0.09468981246601474, 'WEIGHT_4': 0.5996758133445077, 'WEIGHT_5': 0.01465819807461144, 'WEIGHT_6': 0.11346110012932056, 'WEIGHT_7': 0.503087300035403, 'WEIGHT_8': 0.9901576029378355}
0
              precision    recall  f1-score   support

         LOC       0.00      0.00      0.00      1837
        MISC       0.00      0.00      0.00       922
         ORG       0.00      0.00      0.00      1341
         PER       0.00      0.00      0.00      1842

   micro avg       0.00      0.00      0.00      5942
   macro avg       0.00      0.00      0.00      5942
weighted avg       0.00      0.00      0.00      5942

{'EMBEDDING_DIM': 32, 'HIDDEN_DIM': 678, 'NUM_LAYERS': 2, 'DROPOUT': 0.24065245514338449, 'LR': 0.004634919611987327, 'WEIGHT_0': 0.5558272140923183, 'WEIGHT_1': 0.8593343736410906, 'WEIGHT_2': 0.276990311263871, 'WEIGHT_3': 0.09468981246601474, 'WEIGHT_4': 0.5996758133445077, 'WEIGHT_5': 0.01465819807461144, 'WEIGHT_6': 0.11346110012932056, 'WEIGHT_7': 0.503087300035403, 'WEIGHT_8': 0.9901576029378355}
49
              precision    recall  f1-score   support

         LOC       0.08      0.01      0.02      1837
        MISC       0.53      0.49      0.51       922
         ORG       0.20      0.27      0.23      1341
         PER       0.34      0.17      0.23      1842

   micro avg       0.30      0.19      0.23      5942
   macro avg       0.29      0.23      0.24      5942
weighted avg       0.25      0.19      0.21      5942

epoch 49
Transformer

  0%|          | 0/50 [00:00<?, ?it/s]
  2%|▏         | 1/50 [00:09<07:48,  9.56s/it]
  4%|▍         | 2/50 [00:09<03:14,  4.04s/it]
  6%|▌         | 3/50 [00:09<01:47,  2.28s/it]
  8%|▊         | 4/50 [00:10<01:06,  1.45s/it]
 10%|█         | 5/50 [00:10<00:44,  1.01it/s]
 12%|█▏        | 6/50 [00:10<00:31,  1.40it/s]
 14%|█▍        | 7/50 [00:10<00:23,  1.81it/s]
 16%|█▌        | 8/50 [00:10<00:19,  2.13it/s]
 18%|█▊        | 9/50 [00:11<00:18,  2.23it/s]
 20%|██        | 10/50 [00:11<00:17,  2.31it/s]
 22%|██▏       | 11/50 [00:12<00:16,  2.36it/s]
 24%|██▍       | 12/50 [00:12<00:15,  2.40it/s]
 26%|██▌       | 13/50 [00:12<00:15,  2.42it/s]
 28%|██▊       | 14/50 [00:13<00:13,  2.58it/s]
 30%|███       | 15/50 [00:13<00:11,  3.09it/s]
 32%|███▏      | 16/50 [00:13<00:09,  3.57it/s]
 34%|███▍      | 17/50 [00:13<00:08,  4.02it/s]
 36%|███▌      | 18/50 [00:14<00:07,  4.20it/s]
 38%|███▊      | 19/50 [00:14<00:07,  4.05it/s]
 40%|████      | 20/50 [00:14<00:07,  3.85it/s]
 42%|████▏     | 21/50 [00:14<00:07,  3.63it/s]
 44%|████▍     | 22/50 [00:15<00:08,  3.43it/s]
 46%|████▌     | 23/50 [00:15<00:08,  3.29it/s]
 48%|████▊     | 24/50 [00:15<00:08,  3.19it/s]
 50%|█████     | 25/50 [00:16<00:07,  3.14it/s]
 52%|█████▏    | 26/50 [00:16<00:07,  3.10it/s]
 54%|█████▍    | 27/50 [00:16<00:07,  3.06it/s]
 56%|█████▌    | 28/50 [00:17<00:07,  3.04it/s]
 58%|█████▊    | 29/50 [00:17<00:06,  3.03it/s]
 60%|██████    | 30/50 [00:17<00:06,  3.02it/s]
 62%|██████▏   | 31/50 [00:18<00:06,  3.02it/s]
 64%|██████▍   | 32/50 [00:18<00:05,  3.00it/s]
 66%|██████▌   | 33/50 [00:18<00:05,  3.00it/s]
 68%|██████▊   | 34/50 [00:19<00:05,  3.00it/s]
 70%|███████   | 35/50 [00:19<00:05,  3.00it/s]
 72%|███████▏  | 36/50 [00:19<00:04,  3.00it/s]
 74%|███████▍  | 37/50 [00:20<00:04,  2.99it/s]
 76%|███████▌  | 38/50 [00:20<00:04,  3.00it/s]
 78%|███████▊  | 39/50 [00:20<00:03,  3.00it/s]
 80%|████████  | 40/50 [00:21<00:03,  3.00it/s]
 82%|████████▏ | 41/50 [00:21<00:02,  3.00it/s]
 84%|████████▍ | 42/50 [00:21<00:02,  3.00it/s]
 86%|████████▌ | 43/50 [00:22<00:02,  2.95it/s]
 88%|████████▊ | 44/50 [00:22<00:02,  2.86it/s]
 90%|█████████ | 45/50 [00:23<00:01,  2.83it/s]
 92%|█████████▏| 46/50 [00:23<00:01,  2.80it/s]
 94%|█████████▍| 47/50 [00:23<00:01,  2.79it/s]
 96%|█████████▌| 48/50 [00:24<00:00,  2.77it/s]
 98%|█████████▊| 49/50 [00:24<00:00,  2.77it/s]
100%|██████████| 50/50 [00:32<00:00,  2.67s/it]
100%|██████████| 50/50 [00:32<00:00,  1.54it/s]
