[I 2023-12-11 21:56:06,267] Trial 253 finished with value: 0.44732441471571904 and parameters: {'EMBEDDING_DIM': 32, 'HIDDEN_DIM': 542, 'NUM_LAYERS': 1, 'DROPOUT': 0.30257827941404364, 'LR': 0.006452009933263524, 'WEIGHT_0': 0.9321721855355896, 'WEIGHT_1': 0.10290473921896806, 'WEIGHT_2': 0.27472307698610005, 'WEIGHT_3': 0.2158725634314222, 'WEIGHT_4': 0.8159842673235579, 'WEIGHT_5': 0.40467927621430283, 'WEIGHT_6': 0.08457664727301896, 'WEIGHT_7': 0.6462164868139143, 'WEIGHT_8': 0.8639979606704923}. Best is trial 223 with value: 0.4540043855069437.
{'EMBEDDING_DIM': 32, 'HIDDEN_DIM': 542, 'NUM_LAYERS': 1, 'DROPOUT': 0.30257827941404364, 'LR': 0.006452009933263524, 'WEIGHT_0': 0.9321721855355896, 'WEIGHT_1': 0.10290473921896806, 'WEIGHT_2': 0.27472307698610005, 'WEIGHT_3': 0.2158725634314222, 'WEIGHT_4': 0.8159842673235579, 'WEIGHT_5': 0.40467927621430283, 'WEIGHT_6': 0.08457664727301896, 'WEIGHT_7': 0.6462164868139143, 'WEIGHT_8': 0.8639979606704923}
0
              precision    recall  f1-score   support

         LOC       0.00      0.00      0.00      1837
        MISC       0.00      0.00      0.00       922
         ORG       0.00      0.00      0.00      1341
         PER       0.00      0.00      0.00      1842

   micro avg       0.00      0.00      0.00      5942
   macro avg       0.00      0.00      0.00      5942
weighted avg       0.00      0.00      0.00      5942

{'EMBEDDING_DIM': 32, 'HIDDEN_DIM': 542, 'NUM_LAYERS': 1, 'DROPOUT': 0.30257827941404364, 'LR': 0.006452009933263524, 'WEIGHT_0': 0.9321721855355896, 'WEIGHT_1': 0.10290473921896806, 'WEIGHT_2': 0.27472307698610005, 'WEIGHT_3': 0.2158725634314222, 'WEIGHT_4': 0.8159842673235579, 'WEIGHT_5': 0.40467927621430283, 'WEIGHT_6': 0.08457664727301896, 'WEIGHT_7': 0.6462164868139143, 'WEIGHT_8': 0.8639979606704923}
49
              precision    recall  f1-score   support

         LOC       0.77      0.59      0.67      1837
        MISC       0.64      0.50      0.56       922
         ORG       0.45      0.20      0.28      1341
         PER       0.36      0.18      0.24      1842

   micro avg       0.59      0.36      0.45      5942
   macro avg       0.56      0.37      0.44      5942
weighted avg       0.55      0.36      0.43      5942

epoch 49
Transformer

  0%|          | 0/50 [00:00<?, ?it/s]
  2%|▏         | 1/50 [00:08<06:37,  8.10s/it]
  4%|▍         | 2/50 [00:08<02:44,  3.43s/it]
  6%|▌         | 3/50 [00:08<01:31,  1.94s/it]
  8%|▊         | 4/50 [00:08<00:56,  1.23s/it]
 10%|█         | 5/50 [00:08<00:38,  1.18it/s]
 12%|█▏        | 6/50 [00:08<00:28,  1.56it/s]
 14%|█▍        | 7/50 [00:09<00:22,  1.92it/s]
 16%|█▌        | 8/50 [00:09<00:19,  2.20it/s]
 18%|█▊        | 9/50 [00:09<00:17,  2.40it/s]
 20%|██        | 10/50 [00:10<00:15,  2.51it/s]
 22%|██▏       | 11/50 [00:10<00:15,  2.58it/s]
 24%|██▍       | 12/50 [00:10<00:14,  2.63it/s]
 26%|██▌       | 13/50 [00:11<00:13,  2.66it/s]
 28%|██▊       | 14/50 [00:11<00:13,  2.68it/s]
 30%|███       | 15/50 [00:12<00:13,  2.66it/s]
 32%|███▏      | 16/50 [00:12<00:11,  2.88it/s]
 34%|███▍      | 17/50 [00:12<00:09,  3.38it/s]
 36%|███▌      | 18/50 [00:12<00:08,  3.84it/s]
 38%|███▊      | 19/50 [00:12<00:07,  4.19it/s]
 40%|████      | 20/50 [00:13<00:06,  4.55it/s]
 42%|████▏     | 21/50 [00:13<00:05,  4.93it/s]
 44%|████▍     | 22/50 [00:13<00:05,  5.46it/s]
 46%|████▌     | 23/50 [00:13<00:04,  5.92it/s]
 48%|████▊     | 24/50 [00:13<00:04,  6.28it/s]
 50%|█████     | 25/50 [00:13<00:03,  6.56it/s]
 52%|█████▏    | 26/50 [00:13<00:03,  6.79it/s]
 54%|█████▍    | 27/50 [00:14<00:03,  6.95it/s]
 56%|█████▌    | 28/50 [00:14<00:03,  7.07it/s]
 58%|█████▊    | 29/50 [00:14<00:02,  7.16it/s]
 60%|██████    | 30/50 [00:14<00:02,  7.21it/s]
 62%|██████▏   | 31/50 [00:14<00:02,  7.26it/s]
 64%|██████▍   | 32/50 [00:14<00:02,  7.29it/s]
 66%|██████▌   | 33/50 [00:14<00:02,  7.30it/s]
 68%|██████▊   | 34/50 [00:15<00:02,  7.32it/s]
 70%|███████   | 35/50 [00:15<00:02,  7.34it/s]
 72%|███████▏  | 36/50 [00:15<00:01,  7.35it/s]
 74%|███████▍  | 37/50 [00:15<00:01,  7.34it/s]
 76%|███████▌  | 38/50 [00:15<00:01,  7.35it/s]
 78%|███████▊  | 39/50 [00:15<00:01,  7.36it/s]
 80%|████████  | 40/50 [00:15<00:01,  7.36it/s]
 82%|████████▏ | 41/50 [00:15<00:01,  7.35it/s]
 84%|████████▍ | 42/50 [00:16<00:01,  7.25it/s]
 86%|████████▌ | 43/50 [00:16<00:01,  6.75it/s]
 88%|████████▊ | 44/50 [00:16<00:00,  6.05it/s]
 90%|█████████ | 45/50 [00:16<00:00,  5.18it/s]
 92%|█████████▏| 46/50 [00:17<00:00,  4.53it/s]
 94%|█████████▍| 47/50 [00:17<00:00,  4.03it/s]
 96%|█████████▌| 48/50 [00:17<00:00,  3.65it/s]
 98%|█████████▊| 49/50 [00:18<00:00,  3.42it/s]
100%|██████████| 50/50 [00:26<00:00,  2.63s/it]
100%|██████████| 50/50 [00:26<00:00,  1.91it/s]
[I 2023-12-11 21:56:39,858] Trial 254 finished with value: 0.44785788923719955 and parameters: {'EMBEDDING_DIM': 32, 'HIDDEN_DIM': 715, 'NUM_LAYERS': 2, 'DROPOUT': 0.30414240405656934, 'LR': 0.006354487270698229, 'WEIGHT_0': 0.9427924626192866, 'WEIGHT_1': 0.09834886227412944, 'WEIGHT_2': 0.27245022746283654, 'WEIGHT_3': 0.21138905350471274, 'WEIGHT_4': 0.8354686123295795, 'WEIGHT_5': 0.41359837742117345, 'WEIGHT_6': 0.09196992532117156, 'WEIGHT_7': 0.6718161088257344, 'WEIGHT_8': 0.8560322067788175}. Best is trial 223 with value: 0.4540043855069437.
{'EMBEDDING_DIM': 32, 'HIDDEN_DIM': 715, 'NUM_LAYERS': 2, 'DROPOUT': 0.30414240405656934, 'LR': 0.006354487270698229, 'WEIGHT_0': 0.9427924626192866, 'WEIGHT_1': 0.09834886227412944, 'WEIGHT_2': 0.27245022746283654, 'WEIGHT_3': 0.21138905350471274, 'WEIGHT_4': 0.8354686123295795, 'WEIGHT_5': 0.41359837742117345, 'WEIGHT_6': 0.09196992532117156, 'WEIGHT_7': 0.6718161088257344, 'WEIGHT_8': 0.8560322067788175}
0
              precision    recall  f1-score   support

         LOC       0.00      0.00      0.00      1837
        MISC       0.00      0.00      0.00       922
         ORG       0.00      0.00      0.00      1341
         PER       0.00      0.00      0.00      1842

   micro avg       0.00      0.00      0.00      5942
   macro avg       0.00      0.00      0.00      5942
weighted avg       0.00      0.00      0.00      5942

{'EMBEDDING_DIM': 32, 'HIDDEN_DIM': 715, 'NUM_LAYERS': 2, 'DROPOUT': 0.30414240405656934, 'LR': 0.006354487270698229, 'WEIGHT_0': 0.9427924626192866, 'WEIGHT_1': 0.09834886227412944, 'WEIGHT_2': 0.27245022746283654, 'WEIGHT_3': 0.21138905350471274, 'WEIGHT_4': 0.8354686123295795, 'WEIGHT_5': 0.41359837742117345, 'WEIGHT_6': 0.09196992532117156, 'WEIGHT_7': 0.6718161088257344, 'WEIGHT_8': 0.8560322067788175}
49
              precision    recall  f1-score   support

         LOC       0.79      0.59      0.67      1837
        MISC       0.63      0.49      0.55       922
         ORG       0.43      0.21      0.28      1341
         PER       0.37      0.18      0.24      1842

   micro avg       0.59      0.36      0.45      5942
   macro avg       0.56      0.37      0.44      5942
weighted avg       0.55      0.36      0.43      5942

epoch 49
Transformer

  0%|          | 0/50 [00:00<?, ?it/s]
  2%|▏         | 1/50 [00:09<07:34,  9.27s/it]
  4%|▍         | 2/50 [00:10<03:44,  4.68s/it]
  6%|▌         | 3/50 [00:12<02:31,  3.23s/it]
  8%|▊         | 4/50 [00:13<01:57,  2.55s/it]
 10%|█         | 5/50 [00:15<01:37,  2.17s/it]
 12%|█▏        | 6/50 [00:16<01:25,  1.95s/it]
 14%|█▍        | 7/50 [00:18<01:17,  1.81s/it]
 16%|█▌        | 8/50 [00:19<01:11,  1.71s/it]
 18%|█▊        | 9/50 [00:21<01:07,  1.65s/it]
 20%|██        | 10/50 [00:22<01:04,  1.61s/it]
 22%|██▏       | 11/50 [00:24<01:01,  1.58s/it]
 24%|██▍       | 12/50 [00:25<00:59,  1.56s/it]
 26%|██▌       | 13/50 [00:27<00:57,  1.55s/it]
 28%|██▊       | 14/50 [00:28<00:55,  1.54s/it]
 30%|███       | 15/50 [00:30<00:53,  1.53s/it]
 32%|███▏      | 16/50 [00:31<00:51,  1.53s/it]
 34%|███▍      | 17/50 [00:33<00:50,  1.53s/it]
 36%|███▌      | 18/50 [00:34<00:48,  1.53s/it]
 38%|███▊      | 19/50 [00:36<00:47,  1.53s/it]
 40%|████      | 20/50 [00:38<00:45,  1.53s/it]
 42%|████▏     | 21/50 [00:39<00:44,  1.53s/it]
 44%|████▍     | 22/50 [00:41<00:42,  1.53s/it]
 46%|████▌     | 23/50 [00:42<00:41,  1.53s/it]
 48%|████▊     | 24/50 [00:44<00:39,  1.53s/it]
 50%|█████     | 25/50 [00:45<00:38,  1.53s/it]
 52%|█████▏    | 26/50 [00:47<00:36,  1.53s/it]
 54%|█████▍    | 27/50 [00:48<00:35,  1.53s/it]
 56%|█████▌    | 28/50 [00:50<00:33,  1.53s/it]
 58%|█████▊    | 29/50 [00:51<00:32,  1.54s/it]
 60%|██████    | 30/50 [00:53<00:30,  1.54s/it]
 62%|██████▏   | 31/50 [00:54<00:29,  1.54s/it]
 64%|██████▍   | 32/50 [00:56<00:27,  1.54s/it]
 66%|██████▌   | 33/50 [00:57<00:26,  1.54s/it]
 68%|██████▊   | 34/50 [00:59<00:24,  1.54s/it]
 70%|███████   | 35/50 [01:01<00:23,  1.54s/it]
 72%|███████▏  | 36/50 [01:02<00:21,  1.54s/it]
 74%|███████▍  | 37/50 [01:04<00:20,  1.55s/it]
 76%|███████▌  | 38/50 [01:05<00:18,  1.55s/it]
 78%|███████▊  | 39/50 [01:07<00:17,  1.56s/it]
 80%|████████  | 40/50 [01:08<00:15,  1.56s/it]
 82%|████████▏ | 41/50 [01:10<00:14,  1.56s/it]
 84%|████████▍ | 42/50 [01:12<00:12,  1.56s/it]
 86%|████████▌ | 43/50 [01:13<00:10,  1.57s/it]
 88%|████████▊ | 44/50 [01:15<00:09,  1.57s/it]
 90%|█████████ | 45/50 [01:16<00:07,  1.57s/it]
 92%|█████████▏| 46/50 [01:18<00:06,  1.57s/it]
 94%|█████████▍| 47/50 [01:19<00:04,  1.57s/it]
 96%|█████████▌| 48/50 [01:21<00:03,  1.57s/it]
 98%|█████████▊| 49/50 [01:23<00:01,  1.57s/it]
100%|██████████| 50/50 [01:32<00:00,  3.88s/it]
100%|██████████| 50/50 [01:32<00:00,  1.85s/it]
[I 2023-12-11 21:58:20,240] Trial 255 finished with value: 0.0 and parameters: {'EMBEDDING_DIM': 1024, 'HIDDEN_DIM': 551, 'NUM_LAYERS': 2, 'DROPOUT': 0.30832838256024264, 'LR': 0.0062376673932644025, 'WEIGHT_0': 0.9392681118733678, 'WEIGHT_1': 0.6000470557178228, 'WEIGHT_2': 0.2718301741003847, 'WEIGHT_3': 0.21607232861797399, 'WEIGHT_4': 0.8406881728251755, 'WEIGHT_5': 0.41707652874981505, 'WEIGHT_6': 0.085338834106093, 'WEIGHT_7': 0.6600155767200002, 'WEIGHT_8': 0.8613126708425508}. Best is trial 223 with value: 0.4540043855069437.
{'EMBEDDING_DIM': 1024, 'HIDDEN_DIM': 551, 'NUM_LAYERS': 2, 'DROPOUT': 0.30832838256024264, 'LR': 0.0062376673932644025, 'WEIGHT_0': 0.9392681118733678, 'WEIGHT_1': 0.6000470557178228, 'WEIGHT_2': 0.2718301741003847, 'WEIGHT_3': 0.21607232861797399, 'WEIGHT_4': 0.8406881728251755, 'WEIGHT_5': 0.41707652874981505, 'WEIGHT_6': 0.085338834106093, 'WEIGHT_7': 0.6600155767200002, 'WEIGHT_8': 0.8613126708425508}
0
              precision    recall  f1-score   support

         LOC       0.00      0.00      0.00      1837
        MISC       0.00      0.00      0.00       922
         ORG       0.00      0.00      0.00      1341
         PER       0.00      0.00      0.00      1842

   micro avg       0.00      0.00      0.00      5942
   macro avg       0.00      0.00      0.00      5942
weighted avg       0.00      0.00      0.00      5942

{'EMBEDDING_DIM': 1024, 'HIDDEN_DIM': 551, 'NUM_LAYERS': 2, 'DROPOUT': 0.30832838256024264, 'LR': 0.0062376673932644025, 'WEIGHT_0': 0.9392681118733678, 'WEIGHT_1': 0.6000470557178228, 'WEIGHT_2': 0.2718301741003847, 'WEIGHT_3': 0.21607232861797399, 'WEIGHT_4': 0.8406881728251755, 'WEIGHT_5': 0.41707652874981505, 'WEIGHT_6': 0.085338834106093, 'WEIGHT_7': 0.6600155767200002, 'WEIGHT_8': 0.8613126708425508}
49
              precision    recall  f1-score   support

         LOC       0.00      0.00      0.00      1837
        MISC       0.00      0.00      0.00       922
         ORG       0.00      0.00      0.00      1341
         PER       0.00      0.00      0.00      1842

   micro avg       0.00      0.00      0.00      5942
   macro avg       0.00      0.00      0.00      5942
weighted avg       0.00      0.00      0.00      5942

epoch 49
Transformer

  0%|          | 0/50 [00:00<?, ?it/s]
  2%|▏         | 1/50 [00:07<06:18,  7.72s/it]
  4%|▍         | 2/50 [00:07<02:37,  3.27s/it]
  6%|▌         | 3/50 [00:08<01:26,  1.85s/it]
  8%|▊         | 4/50 [00:08<00:54,  1.17s/it]
 10%|█         | 5/50 [00:08<00:36,  1.24it/s]
 12%|█▏        | 6/50 [00:08<00:25,  1.73it/s]
 14%|█▍        | 7/50 [00:08<00:18,  2.30it/s]
 16%|█▌        | 8/50 [00:08<00:14,  2.94it/s]
 18%|█▊        | 9/50 [00:08<00:11,  3.62it/s]
 20%|██        | 10/50 [00:09<00:09,  4.29it/s]
 22%|██▏       | 11/50 [00:09<00:07,  4.91it/s]
 24%|██▍       | 12/50 [00:09<00:06,  5.46it/s]
 26%|██▌       | 13/50 [00:09<00:06,  5.91it/s]
 28%|██▊       | 14/50 [00:09<00:05,  6.28it/s]
 30%|███       | 15/50 [00:09<00:05,  6.57it/s]
 32%|███▏      | 16/50 [00:09<00:05,  6.77it/s]
 34%|███▍      | 17/50 [00:09<00:04,  6.93it/s]
 36%|███▌      | 18/50 [00:10<00:04,  7.05it/s]
 38%|███▊      | 19/50 [00:10<00:04,  7.14it/s]
 40%|████      | 20/50 [00:10<00:04,  7.18it/s]
 42%|████▏     | 21/50 [00:10<00:04,  7.22it/s]
 44%|████▍     | 22/50 [00:10<00:03,  7.26it/s]
 46%|████▌     | 23/50 [00:10<00:03,  7.28it/s]
 48%|████▊     | 24/50 [00:10<00:03,  7.29it/s]
 50%|█████     | 25/50 [00:11<00:03,  7.31it/s]
 52%|█████▏    | 26/50 [00:11<00:03,  7.31it/s]
 54%|█████▍    | 27/50 [00:11<00:03,  7.32it/s]
 56%|█████▌    | 28/50 [00:11<00:03,  7.32it/s]
 58%|█████▊    | 29/50 [00:11<00:02,  7.33it/s]
 60%|██████    | 30/50 [00:11<00:02,  7.34it/s]
 62%|██████▏   | 31/50 [00:11<00:02,  7.32it/s]
 64%|██████▍   | 32/50 [00:12<00:02,  7.32it/s]
 66%|██████▌   | 33/50 [00:12<00:02,  7.33it/s]
 68%|██████▊   | 34/50 [00:12<00:02,  7.33it/s]
 70%|███████   | 35/50 [00:12<00:02,  7.32it/s]
 72%|███████▏  | 36/50 [00:12<00:01,  7.33it/s]
 74%|███████▍  | 37/50 [00:12<00:01,  7.33it/s]
 76%|███████▌  | 38/50 [00:12<00:01,  7.33it/s]
 78%|███████▊  | 39/50 [00:12<00:01,  7.32it/s]
 80%|████████  | 40/50 [00:13<00:01,  7.33it/s]
 82%|████████▏ | 41/50 [00:13<00:01,  7.33it/s]
 84%|████████▍ | 42/50 [00:13<00:01,  7.32it/s]
 86%|████████▌ | 43/50 [00:13<00:00,  7.33it/s]
 88%|████████▊ | 44/50 [00:13<00:00,  7.34it/s]
 90%|█████████ | 45/50 [00:13<00:00,  7.34it/s]
 92%|█████████▏| 46/50 [00:13<00:00,  7.32it/s]
 94%|█████████▍| 47/50 [00:14<00:00,  7.32it/s]
 96%|█████████▌| 48/50 [00:14<00:00,  7.33it/s]
 98%|█████████▊| 49/50 [00:14<00:00,  7.33it/s]
100%|██████████| 50/50 [00:21<00:00,  2.38s/it]
100%|██████████| 50/50 [00:21<00:00,  2.28it/s]
[I 2023-12-11 21:58:49,643] Trial 256 finished with value: 0.4472424557752342 and parameters: {'EMBEDDING_DIM': 32, 'HIDDEN_DIM': 720, 'NUM_LAYERS': 2, 'DROPOUT': 0.2918884493087704, 'LR': 0.005919673839919709, 'WEIGHT_0': 0.9323285650770632, 'WEIGHT_1': 0.10213291992697501, 'WEIGHT_2': 0.252360569262158, 'WEIGHT_3': 0.18680538616131892, 'WEIGHT_4': 0.8340904510097205, 'WEIGHT_5': 0.40646558271336386, 'WEIGHT_6': 0.06619003171743058, 'WEIGHT_7': 0.6696170402691121, 'WEIGHT_8': 0.9075927526765608}. Best is trial 223 with value: 0.4540043855069437.
{'EMBEDDING_DIM': 32, 'HIDDEN_DIM': 720, 'NUM_LAYERS': 2, 'DROPOUT': 0.2918884493087704, 'LR': 0.005919673839919709, 'WEIGHT_0': 0.9323285650770632, 'WEIGHT_1': 0.10213291992697501, 'WEIGHT_2': 0.252360569262158, 'WEIGHT_3': 0.18680538616131892, 'WEIGHT_4': 0.8340904510097205, 'WEIGHT_5': 0.40646558271336386, 'WEIGHT_6': 0.06619003171743058, 'WEIGHT_7': 0.6696170402691121, 'WEIGHT_8': 0.9075927526765608}
0
              precision    recall  f1-score   support

         LOC       0.00      0.00      0.00      1837
        MISC       0.00      0.00      0.00       922
         ORG       0.00      0.00      0.00      1341
         PER       0.00      0.00      0.00      1842

   micro avg       0.00      0.00      0.00      5942
   macro avg       0.00      0.00      0.00      5942
weighted avg       0.00      0.00      0.00      5942

{'EMBEDDING_DIM': 32, 'HIDDEN_DIM': 720, 'NUM_LAYERS': 2, 'DROPOUT': 0.2918884493087704, 'LR': 0.005919673839919709, 'WEIGHT_0': 0.9323285650770632, 'WEIGHT_1': 0.10213291992697501, 'WEIGHT_2': 0.252360569262158, 'WEIGHT_3': 0.18680538616131892, 'WEIGHT_4': 0.8340904510097205, 'WEIGHT_5': 0.40646558271336386, 'WEIGHT_6': 0.06619003171743058, 'WEIGHT_7': 0.6696170402691121, 'WEIGHT_8': 0.9075927526765608}
49
              precision    recall  f1-score   support

         LOC       0.76      0.60      0.67      1837
        MISC       0.62      0.48      0.54       922
         ORG       0.43      0.19      0.26      1341
         PER       0.39      0.19      0.26      1842

   micro avg       0.59      0.36      0.45      5942
   macro avg       0.55      0.36      0.43      5942
weighted avg       0.55      0.36      0.43      5942

epoch 49
Transformer

  0%|          | 0/50 [00:00<?, ?it/s]
  2%|▏         | 1/50 [00:07<06:20,  7.76s/it]
  4%|▍         | 2/50 [00:07<02:37,  3.29s/it]
  6%|▌         | 3/50 [00:08<01:27,  1.85s/it]
  8%|▊         | 4/50 [00:08<00:54,  1.18s/it]
 10%|█         | 5/50 [00:08<00:36,  1.24it/s]
 12%|█▏        | 6/50 [00:08<00:25,  1.73it/s]
 14%|█▍        | 7/50 [00:08<00:18,  2.29it/s]
 16%|█▌        | 8/50 [00:08<00:14,  2.92it/s]
 18%|█▊        | 9/50 [00:08<00:11,  3.52it/s]
 20%|██        | 10/50 [00:09<00:10,  3.88it/s]
 22%|██▏       | 11/50 [00:09<00:09,  3.94it/s]
 24%|██▍       | 12/50 [00:09<00:09,  3.83it/s]
 26%|██▌       | 13/50 [00:09<00:10,  3.65it/s]
 28%|██▊       | 14/50 [00:10<00:10,  3.49it/s]
 30%|███       | 15/50 [00:10<00:10,  3.32it/s]
 32%|███▏      | 16/50 [00:10<00:10,  3.19it/s]
 34%|███▍      | 17/50 [00:11<00:10,  3.04it/s]
 36%|███▌      | 18/50 [00:11<00:10,  2.94it/s]
 38%|███▊      | 19/50 [00:12<00:10,  2.87it/s]
 40%|████      | 20/50 [00:12<00:10,  2.81it/s]
 42%|████▏     | 21/50 [00:12<00:10,  2.78it/s]
 44%|████▍     | 22/50 [00:13<00:10,  2.79it/s]
 46%|████▌     | 23/50 [00:13<00:09,  2.85it/s]
 48%|████▊     | 24/50 [00:13<00:09,  2.87it/s]
 50%|█████     | 25/50 [00:14<00:08,  2.83it/s]
 52%|█████▏    | 26/50 [00:14<00:08,  2.80it/s]
 54%|█████▍    | 27/50 [00:14<00:08,  2.78it/s]
 56%|█████▌    | 28/50 [00:15<00:07,  2.77it/s]
 58%|█████▊    | 29/50 [00:15<00:07,  2.76it/s]
 60%|██████    | 30/50 [00:16<00:07,  2.75it/s]
 62%|██████▏   | 31/50 [00:16<00:06,  2.75it/s]
 64%|██████▍   | 32/50 [00:16<00:06,  2.74it/s]
 66%|██████▌   | 33/50 [00:17<00:06,  2.74it/s]
 68%|██████▊   | 34/50 [00:17<00:05,  2.73it/s]
 70%|███████   | 35/50 [00:17<00:05,  2.72it/s]
 72%|███████▏  | 36/50 [00:18<00:05,  2.73it/s]
 74%|███████▍  | 37/50 [00:18<00:04,  2.73it/s]
 76%|███████▌  | 38/50 [00:18<00:04,  2.72it/s]
 78%|███████▊  | 39/50 [00:19<00:04,  2.72it/s]
 80%|████████  | 40/50 [00:19<00:03,  2.73it/s]
 82%|████████▏ | 41/50 [00:20<00:03,  2.73it/s]
 84%|████████▍ | 42/50 [00:20<00:02,  2.72it/s]
 86%|████████▌ | 43/50 [00:20<00:02,  2.73it/s]
 88%|████████▊ | 44/50 [00:21<00:02,  2.73it/s]
 90%|█████████ | 45/50 [00:21<00:01,  2.73it/s]
 92%|█████████▏| 46/50 [00:21<00:01,  2.74it/s]
 94%|█████████▍| 47/50 [00:22<00:01,  2.74it/s]
 96%|█████████▌| 48/50 [00:22<00:00,  2.73it/s]
 98%|█████████▊| 49/50 [00:22<00:00,  2.73it/s]
100%|██████████| 50/50 [00:31<00:00,  2.68s/it]
100%|██████████| 50/50 [00:31<00:00,  1.61it/s]
