[I 2023-12-11 21:31:31,573] Trial 195 finished with value: 0.11977715877437325 and parameters: {'EMBEDDING_DIM': 512, 'HIDDEN_DIM': 316, 'NUM_LAYERS': 1, 'DROPOUT': 0.13017895945531632, 'LR': 0.007095128590261351, 'WEIGHT_0': 0.9201270072382267, 'WEIGHT_1': 0.08058827381279861, 'WEIGHT_2': 0.34631754562320016, 'WEIGHT_3': 0.2201585575692497, 'WEIGHT_4': 0.7858719109332911, 'WEIGHT_5': 0.27823715608785643, 'WEIGHT_6': 0.24653346709328794, 'WEIGHT_7': 0.8549872464131503, 'WEIGHT_8': 0.4485457285322128}. Best is trial 42 with value: 0.44962374581939796.
{'EMBEDDING_DIM': 512, 'HIDDEN_DIM': 316, 'NUM_LAYERS': 1, 'DROPOUT': 0.13017895945531632, 'LR': 0.007095128590261351, 'WEIGHT_0': 0.9201270072382267, 'WEIGHT_1': 0.08058827381279861, 'WEIGHT_2': 0.34631754562320016, 'WEIGHT_3': 0.2201585575692497, 'WEIGHT_4': 0.7858719109332911, 'WEIGHT_5': 0.27823715608785643, 'WEIGHT_6': 0.24653346709328794, 'WEIGHT_7': 0.8549872464131503, 'WEIGHT_8': 0.4485457285322128}
0
              precision    recall  f1-score   support

         LOC       0.00      0.00      0.00      1837
        MISC       0.00      0.00      0.00       922
         ORG       0.00      0.00      0.00      1341
         PER       0.00      0.00      0.00      1842

   micro avg       0.00      0.00      0.00      5942
   macro avg       0.00      0.00      0.00      5942
weighted avg       0.00      0.00      0.00      5942

{'EMBEDDING_DIM': 512, 'HIDDEN_DIM': 316, 'NUM_LAYERS': 1, 'DROPOUT': 0.13017895945531632, 'LR': 0.007095128590261351, 'WEIGHT_0': 0.9201270072382267, 'WEIGHT_1': 0.08058827381279861, 'WEIGHT_2': 0.34631754562320016, 'WEIGHT_3': 0.2201585575692497, 'WEIGHT_4': 0.7858719109332911, 'WEIGHT_5': 0.27823715608785643, 'WEIGHT_6': 0.24653346709328794, 'WEIGHT_7': 0.8549872464131503, 'WEIGHT_8': 0.4485457285322128}
49
              precision    recall  f1-score   support

         LOC       0.23      0.19      0.21      1837
        MISC       0.00      0.00      0.00       922
         ORG       0.00      0.00      0.00      1341
         PER       0.11      0.12      0.11      1842

   micro avg       0.16      0.09      0.12      5942
   macro avg       0.09      0.08      0.08      5942
weighted avg       0.11      0.09      0.10      5942

epoch 49
Transformer

  0%|          | 0/50 [00:00<?, ?it/s]
  2%|▏         | 1/50 [00:06<04:59,  6.12s/it]
  6%|▌         | 3/50 [00:06<01:17,  1.66s/it]
 10%|█         | 5/50 [00:06<00:38,  1.17it/s]
 14%|█▍        | 7/50 [00:06<00:22,  1.88it/s]
 18%|█▊        | 9/50 [00:06<00:14,  2.74it/s]
 22%|██▏       | 11/50 [00:07<00:10,  3.69it/s]
 26%|██▌       | 13/50 [00:07<00:07,  4.69it/s]
 30%|███       | 15/50 [00:07<00:06,  5.78it/s]
 34%|███▍      | 17/50 [00:07<00:04,  6.82it/s]
 38%|███▊      | 19/50 [00:07<00:03,  7.78it/s]
 42%|████▏     | 21/50 [00:07<00:03,  8.60it/s]
 46%|████▌     | 23/50 [00:08<00:02,  9.26it/s]
 50%|█████     | 25/50 [00:08<00:02,  9.78it/s]
 54%|█████▍    | 27/50 [00:08<00:02, 10.19it/s]
 58%|█████▊    | 29/50 [00:08<00:02, 10.47it/s]
 62%|██████▏   | 31/50 [00:08<00:01, 10.70it/s]
 66%|██████▌   | 33/50 [00:09<00:01, 10.88it/s]
 70%|███████   | 35/50 [00:09<00:01, 10.98it/s]
 74%|███████▍  | 37/50 [00:09<00:01, 11.05it/s]
 78%|███████▊  | 39/50 [00:09<00:00, 11.11it/s]
 82%|████████▏ | 41/50 [00:09<00:00, 11.13it/s]
 86%|████████▌ | 43/50 [00:09<00:00, 11.17it/s]
 90%|█████████ | 45/50 [00:10<00:00, 11.20it/s]
 94%|█████████▍| 47/50 [00:10<00:00, 11.18it/s]
 98%|█████████▊| 49/50 [00:10<00:00, 11.20it/s]
100%|██████████| 50/50 [00:16<00:00,  3.05it/s]
[I 2023-12-11 21:31:53,875] Trial 196 finished with value: 0.44139935637911343 and parameters: {'EMBEDDING_DIM': 32, 'HIDDEN_DIM': 112, 'NUM_LAYERS': 1, 'DROPOUT': 0.1639959329013717, 'LR': 0.007682381053502403, 'WEIGHT_0': 0.8075300443246558, 'WEIGHT_1': 0.12279560141028625, 'WEIGHT_2': 0.3034934788396303, 'WEIGHT_3': 0.3716026487511877, 'WEIGHT_4': 0.7585921396632873, 'WEIGHT_5': 0.2218644979184508, 'WEIGHT_6': 0.11228408399497641, 'WEIGHT_7': 0.8853668835449975, 'WEIGHT_8': 0.8619268389475175}. Best is trial 42 with value: 0.44962374581939796.
{'EMBEDDING_DIM': 32, 'HIDDEN_DIM': 112, 'NUM_LAYERS': 1, 'DROPOUT': 0.1639959329013717, 'LR': 0.007682381053502403, 'WEIGHT_0': 0.8075300443246558, 'WEIGHT_1': 0.12279560141028625, 'WEIGHT_2': 0.3034934788396303, 'WEIGHT_3': 0.3716026487511877, 'WEIGHT_4': 0.7585921396632873, 'WEIGHT_5': 0.2218644979184508, 'WEIGHT_6': 0.11228408399497641, 'WEIGHT_7': 0.8853668835449975, 'WEIGHT_8': 0.8619268389475175}
0
              precision    recall  f1-score   support

         LOC       0.00      0.00      0.00      1837
        MISC       0.00      0.00      0.00       922
         ORG       0.00      0.00      0.00      1341
         PER       0.00      0.00      0.00      1842

   micro avg       0.00      0.00      0.00      5942
   macro avg       0.00      0.00      0.00      5942
weighted avg       0.00      0.00      0.00      5942

{'EMBEDDING_DIM': 32, 'HIDDEN_DIM': 112, 'NUM_LAYERS': 1, 'DROPOUT': 0.1639959329013717, 'LR': 0.007682381053502403, 'WEIGHT_0': 0.8075300443246558, 'WEIGHT_1': 0.12279560141028625, 'WEIGHT_2': 0.3034934788396303, 'WEIGHT_3': 0.3716026487511877, 'WEIGHT_4': 0.7585921396632873, 'WEIGHT_5': 0.2218644979184508, 'WEIGHT_6': 0.11228408399497641, 'WEIGHT_7': 0.8853668835449975, 'WEIGHT_8': 0.8619268389475175}
49
              precision    recall  f1-score   support

         LOC       0.79      0.56      0.66      1837
        MISC       0.64      0.51      0.57       922
         ORG       0.41      0.23      0.29      1341
         PER       0.36      0.18      0.23      1842

   micro avg       0.58      0.36      0.44      5942
   macro avg       0.55      0.37      0.44      5942
weighted avg       0.55      0.36      0.43      5942

epoch 49
Transformer

  0%|          | 0/50 [00:00<?, ?it/s]
  2%|▏         | 1/50 [00:05<04:52,  5.97s/it]
  6%|▌         | 3/50 [00:06<01:16,  1.62s/it]
 10%|█         | 5/50 [00:06<00:37,  1.19it/s]
 12%|█▏        | 6/50 [00:06<00:28,  1.56it/s]
 16%|█▌        | 8/50 [00:06<00:17,  2.46it/s]
 20%|██        | 10/50 [00:06<00:11,  3.47it/s]
 24%|██▍       | 12/50 [00:07<00:08,  4.52it/s]
 28%|██▊       | 14/50 [00:07<00:06,  5.56it/s]
 32%|███▏      | 16/50 [00:07<00:05,  6.33it/s]
 34%|███▍      | 17/50 [00:07<00:05,  6.57it/s]
 36%|███▌      | 18/50 [00:07<00:04,  6.73it/s]
 38%|███▊      | 19/50 [00:07<00:04,  6.88it/s]
 40%|████      | 20/50 [00:08<00:04,  7.02it/s]
 42%|████▏     | 21/50 [00:08<00:04,  7.11it/s]
 44%|████▍     | 22/50 [00:08<00:03,  7.20it/s]
 46%|████▌     | 23/50 [00:08<00:03,  7.40it/s]
 48%|████▊     | 24/50 [00:08<00:03,  7.77it/s]
 50%|█████     | 25/50 [00:08<00:03,  8.08it/s]
 52%|█████▏    | 26/50 [00:08<00:02,  8.30it/s]
 54%|█████▍    | 27/50 [00:08<00:02,  8.46it/s]
 56%|█████▌    | 28/50 [00:08<00:02,  8.54it/s]
 58%|█████▊    | 29/50 [00:09<00:02,  8.63it/s]
 60%|██████    | 30/50 [00:09<00:02,  8.67it/s]
 62%|██████▏   | 31/50 [00:09<00:02,  8.73it/s]
 64%|██████▍   | 32/50 [00:09<00:02,  8.74it/s]
 66%|██████▌   | 33/50 [00:09<00:01,  8.77it/s]
 68%|██████▊   | 34/50 [00:09<00:01,  8.80it/s]
 70%|███████   | 35/50 [00:09<00:01,  8.82it/s]
 72%|███████▏  | 36/50 [00:09<00:01,  8.82it/s]
 74%|███████▍  | 37/50 [00:09<00:01,  8.82it/s]
 76%|███████▌  | 38/50 [00:10<00:01,  8.67it/s]
 78%|███████▊  | 39/50 [00:10<00:01,  8.64it/s]
 80%|████████  | 40/50 [00:10<00:01,  8.70it/s]
 82%|████████▏ | 41/50 [00:10<00:01,  8.73it/s]
 84%|████████▍ | 42/50 [00:10<00:00,  8.46it/s]
 86%|████████▌ | 43/50 [00:10<00:00,  8.60it/s]
 88%|████████▊ | 44/50 [00:10<00:00,  8.70it/s]
 90%|█████████ | 45/50 [00:10<00:00,  8.75it/s]
 92%|█████████▏| 46/50 [00:11<00:00,  8.79it/s]
 94%|█████████▍| 47/50 [00:11<00:00,  8.83it/s]
 96%|█████████▌| 48/50 [00:11<00:00,  8.87it/s]
 98%|█████████▊| 49/50 [00:11<00:00,  8.89it/s]
100%|██████████| 50/50 [00:18<00:00,  2.30s/it]
100%|██████████| 50/50 [00:18<00:00,  2.66it/s]
[I 2023-12-11 21:32:20,022] Trial 197 finished with value: 0.41164639402356096 and parameters: {'EMBEDDING_DIM': 32, 'HIDDEN_DIM': 573, 'NUM_LAYERS': 1, 'DROPOUT': 0.15372896477724216, 'LR': 0.008214248132195135, 'WEIGHT_0': 0.4534449554981532, 'WEIGHT_1': 0.40932024804239936, 'WEIGHT_2': 0.37719792089685583, 'WEIGHT_3': 0.3460657743981878, 'WEIGHT_4': 0.8144909212172234, 'WEIGHT_5': 0.2967211601716083, 'WEIGHT_6': 0.19149891468133806, 'WEIGHT_7': 0.6945100609553416, 'WEIGHT_8': 0.7531160666047526}. Best is trial 42 with value: 0.44962374581939796.
{'EMBEDDING_DIM': 32, 'HIDDEN_DIM': 573, 'NUM_LAYERS': 1, 'DROPOUT': 0.15372896477724216, 'LR': 0.008214248132195135, 'WEIGHT_0': 0.4534449554981532, 'WEIGHT_1': 0.40932024804239936, 'WEIGHT_2': 0.37719792089685583, 'WEIGHT_3': 0.3460657743981878, 'WEIGHT_4': 0.8144909212172234, 'WEIGHT_5': 0.2967211601716083, 'WEIGHT_6': 0.19149891468133806, 'WEIGHT_7': 0.6945100609553416, 'WEIGHT_8': 0.7531160666047526}
0
              precision    recall  f1-score   support

         LOC       0.00      0.00      0.00      1837
        MISC       0.00      0.00      0.00       922
         ORG       0.00      0.00      0.00      1341
         PER       0.00      0.00      0.00      1842

   micro avg       0.00      0.00      0.00      5942
   macro avg       0.00      0.00      0.00      5942
weighted avg       0.00      0.00      0.00      5942

{'EMBEDDING_DIM': 32, 'HIDDEN_DIM': 573, 'NUM_LAYERS': 1, 'DROPOUT': 0.15372896477724216, 'LR': 0.008214248132195135, 'WEIGHT_0': 0.4534449554981532, 'WEIGHT_1': 0.40932024804239936, 'WEIGHT_2': 0.37719792089685583, 'WEIGHT_3': 0.3460657743981878, 'WEIGHT_4': 0.8144909212172234, 'WEIGHT_5': 0.2967211601716083, 'WEIGHT_6': 0.19149891468133806, 'WEIGHT_7': 0.6945100609553416, 'WEIGHT_8': 0.7531160666047526}
49
              precision    recall  f1-score   support

         LOC       0.74      0.58      0.65      1837
        MISC       0.49      0.50      0.50       922
         ORG       0.38      0.21      0.27      1341
         PER       0.25      0.19      0.22      1842

   micro avg       0.48      0.36      0.41      5942
   macro avg       0.46      0.37      0.41      5942
weighted avg       0.47      0.36      0.40      5942

epoch 49
Transformer

  0%|          | 0/50 [00:00<?, ?it/s]
  2%|▏         | 1/50 [00:07<06:05,  7.45s/it]
  4%|▍         | 2/50 [00:07<02:30,  3.14s/it]
  6%|▌         | 3/50 [00:07<01:22,  1.76s/it]
  8%|▊         | 4/50 [00:07<00:51,  1.12s/it]
 10%|█         | 5/50 [00:07<00:34,  1.32it/s]
 12%|█▏        | 6/50 [00:08<00:23,  1.85it/s]
 14%|█▍        | 7/50 [00:08<00:17,  2.47it/s]
 16%|█▌        | 8/50 [00:08<00:13,  3.18it/s]
 18%|█▊        | 9/50 [00:08<00:10,  3.95it/s]
 20%|██        | 10/50 [00:08<00:08,  4.69it/s]
 22%|██▏       | 11/50 [00:08<00:07,  5.49it/s]
 24%|██▍       | 12/50 [00:08<00:06,  6.22it/s]
 26%|██▌       | 13/50 [00:08<00:05,  6.86it/s]
 28%|██▊       | 14/50 [00:08<00:04,  7.38it/s]
 30%|███       | 15/50 [00:09<00:04,  7.78it/s]
 32%|███▏      | 16/50 [00:09<00:04,  8.09it/s]
 34%|███▍      | 17/50 [00:09<00:03,  8.33it/s]
 36%|███▌      | 18/50 [00:09<00:03,  8.52it/s]
 38%|███▊      | 19/50 [00:09<00:03,  8.61it/s]
 40%|████      | 20/50 [00:09<00:03,  8.71it/s]
 42%|████▏     | 21/50 [00:09<00:03,  8.78it/s]
 44%|████▍     | 22/50 [00:09<00:03,  8.83it/s]
 46%|████▌     | 23/50 [00:10<00:03,  8.86it/s]
 48%|████▊     | 24/50 [00:10<00:02,  8.88it/s]
 50%|█████     | 25/50 [00:10<00:02,  8.90it/s]
 52%|█████▏    | 26/50 [00:10<00:02,  8.91it/s]
 54%|█████▍    | 27/50 [00:10<00:02,  8.93it/s]
 56%|█████▌    | 28/50 [00:10<00:02,  8.94it/s]
 58%|█████▊    | 29/50 [00:10<00:02,  8.92it/s]
 60%|██████    | 30/50 [00:10<00:02,  8.91it/s]
 62%|██████▏   | 31/50 [00:10<00:02,  8.92it/s]
 64%|██████▍   | 32/50 [00:11<00:02,  8.90it/s]
 66%|██████▌   | 33/50 [00:11<00:01,  8.81it/s]
 68%|██████▊   | 34/50 [00:11<00:01,  8.02it/s]
 70%|███████   | 35/50 [00:11<00:01,  8.28it/s]
 72%|███████▏  | 36/50 [00:11<00:01,  8.48it/s]
 74%|███████▍  | 37/50 [00:11<00:01,  8.62it/s]
 76%|███████▌  | 38/50 [00:11<00:01,  8.73it/s]
 78%|███████▊  | 39/50 [00:11<00:01,  8.79it/s]
 80%|████████  | 40/50 [00:11<00:01,  8.79it/s]
 82%|████████▏ | 41/50 [00:12<00:01,  8.78it/s]
 84%|████████▍ | 42/50 [00:12<00:00,  8.39it/s]
 86%|████████▌ | 43/50 [00:12<00:00,  8.54it/s]
 88%|████████▊ | 44/50 [00:12<00:00,  8.66it/s]
 90%|█████████ | 45/50 [00:12<00:00,  8.75it/s]
 92%|█████████▏| 46/50 [00:12<00:00,  8.82it/s]
 94%|█████████▍| 47/50 [00:12<00:00,  8.87it/s]
 96%|█████████▌| 48/50 [00:12<00:00,  8.87it/s]
 98%|█████████▊| 49/50 [00:12<00:00,  8.91it/s]
100%|██████████| 50/50 [00:20<00:00,  2.30s/it]
100%|██████████| 50/50 [00:20<00:00,  2.45it/s]
[I 2023-12-11 21:32:47,483] Trial 198 finished with value: 0.43731297079764725 and parameters: {'EMBEDDING_DIM': 32, 'HIDDEN_DIM': 263, 'NUM_LAYERS': 1, 'DROPOUT': 0.1053264353620706, 'LR': 0.009928183786464363, 'WEIGHT_0': 0.8888950867211187, 'WEIGHT_1': 0.5298846670044415, 'WEIGHT_2': 0.41671714432115936, 'WEIGHT_3': 0.26909915343723423, 'WEIGHT_4': 0.576228818523869, 'WEIGHT_5': 0.26601622481146425, 'WEIGHT_6': 0.14475335277355367, 'WEIGHT_7': 0.823323345998434, 'WEIGHT_8': 0.33503729180094094}. Best is trial 42 with value: 0.44962374581939796.
{'EMBEDDING_DIM': 32, 'HIDDEN_DIM': 263, 'NUM_LAYERS': 1, 'DROPOUT': 0.1053264353620706, 'LR': 0.009928183786464363, 'WEIGHT_0': 0.8888950867211187, 'WEIGHT_1': 0.5298846670044415, 'WEIGHT_2': 0.41671714432115936, 'WEIGHT_3': 0.26909915343723423, 'WEIGHT_4': 0.576228818523869, 'WEIGHT_5': 0.26601622481146425, 'WEIGHT_6': 0.14475335277355367, 'WEIGHT_7': 0.823323345998434, 'WEIGHT_8': 0.33503729180094094}
0
              precision    recall  f1-score   support

         LOC       0.00      0.00      0.00      1837
        MISC       0.00      0.00      0.00       922
         ORG       0.00      0.00      0.00      1341
         PER       0.00      0.00      0.00      1842

   micro avg       0.00      0.00      0.00      5942
   macro avg       0.00      0.00      0.00      5942
weighted avg       0.00      0.00      0.00      5942

{'EMBEDDING_DIM': 32, 'HIDDEN_DIM': 263, 'NUM_LAYERS': 1, 'DROPOUT': 0.1053264353620706, 'LR': 0.009928183786464363, 'WEIGHT_0': 0.8888950867211187, 'WEIGHT_1': 0.5298846670044415, 'WEIGHT_2': 0.41671714432115936, 'WEIGHT_3': 0.26909915343723423, 'WEIGHT_4': 0.576228818523869, 'WEIGHT_5': 0.26601622481146425, 'WEIGHT_6': 0.14475335277355367, 'WEIGHT_7': 0.823323345998434, 'WEIGHT_8': 0.33503729180094094}
49
              precision    recall  f1-score   support

         LOC       0.77      0.57      0.65      1837
        MISC       0.63      0.48      0.55       922
         ORG       0.41      0.22      0.29      1341
         PER       0.34      0.17      0.23      1842

   micro avg       0.57      0.36      0.44      5942
   macro avg       0.54      0.36      0.43      5942
weighted avg       0.53      0.36      0.42      5942

epoch 49
Transformer

  0%|          | 0/50 [00:00<?, ?it/s]
  2%|▏         | 1/50 [00:07<06:04,  7.43s/it]
  4%|▍         | 2/50 [00:07<02:30,  3.14s/it]
  6%|▌         | 3/50 [00:07<01:22,  1.76s/it]
  8%|▊         | 4/50 [00:07<00:51,  1.12s/it]
 10%|█         | 5/50 [00:07<00:33,  1.33it/s]
 12%|█▏        | 6/50 [00:08<00:23,  1.87it/s]
 14%|█▍        | 7/50 [00:08<00:17,  2.51it/s]
 16%|█▌        | 8/50 [00:08<00:12,  3.27it/s]
 18%|█▊        | 9/50 [00:08<00:10,  4.08it/s]
 20%|██        | 10/50 [00:08<00:08,  4.92it/s]
 22%|██▏       | 11/50 [00:08<00:06,  5.72it/s]
 24%|██▍       | 12/50 [00:08<00:05,  6.44it/s]
 26%|██▌       | 13/50 [00:08<00:05,  7.07it/s]
 28%|██▊       | 14/50 [00:08<00:04,  7.58it/s]
 30%|███       | 15/50 [00:09<00:04,  7.99it/s]
 32%|███▏      | 16/50 [00:09<00:04,  8.31it/s]
 34%|███▍      | 17/50 [00:09<00:03,  8.52it/s]
 36%|███▌      | 18/50 [00:09<00:03,  8.68it/s]
 38%|███▊      | 19/50 [00:09<00:03,  8.81it/s]
 40%|████      | 20/50 [00:09<00:03,  8.91it/s]
 42%|████▏     | 21/50 [00:09<00:03,  8.97it/s]
 44%|████▍     | 22/50 [00:09<00:03,  8.99it/s]
 46%|████▌     | 23/50 [00:09<00:02,  9.03it/s]
 48%|████▊     | 24/50 [00:10<00:02,  9.06it/s]
 50%|█████     | 25/50 [00:10<00:02,  9.08it/s]
 52%|█████▏    | 26/50 [00:10<00:02,  9.09it/s]
 54%|█████▍    | 27/50 [00:10<00:02,  9.06it/s]
 56%|█████▌    | 28/50 [00:10<00:02,  9.08it/s]
 58%|█████▊    | 29/50 [00:10<00:02,  9.09it/s]
 60%|██████    | 30/50 [00:10<00:02,  9.10it/s]
 62%|██████▏   | 31/50 [00:10<00:02,  9.08it/s]
 64%|██████▍   | 32/50 [00:10<00:01,  9.09it/s]
 66%|██████▌   | 33/50 [00:11<00:01,  9.10it/s]
 68%|██████▊   | 34/50 [00:11<00:01,  9.11it/s]
 70%|███████   | 35/50 [00:11<00:01,  9.11it/s]
 72%|███████▏  | 36/50 [00:11<00:01,  9.10it/s]
 74%|███████▍  | 37/50 [00:11<00:01,  9.11it/s]
 76%|███████▌  | 38/50 [00:11<00:01,  9.12it/s]
 78%|███████▊  | 39/50 [00:11<00:01,  9.12it/s]
 80%|████████  | 40/50 [00:11<00:01,  9.10it/s]
 82%|████████▏ | 41/50 [00:11<00:00,  9.09it/s]
 84%|████████▍ | 42/50 [00:11<00:00,  9.11it/s]
 86%|████████▌ | 43/50 [00:12<00:00,  9.12it/s]
 88%|████████▊ | 44/50 [00:12<00:00,  9.12it/s]
 90%|█████████ | 45/50 [00:12<00:00,  9.09it/s]
 92%|█████████▏| 46/50 [00:12<00:00,  9.10it/s]
 94%|█████████▍| 47/50 [00:12<00:00,  9.11it/s]
 96%|█████████▌| 48/50 [00:12<00:00,  9.12it/s]
 98%|█████████▊| 49/50 [00:12<00:00,  9.11it/s]
100%|██████████| 50/50 [00:20<00:00,  2.27s/it]
100%|██████████| 50/50 [00:20<00:00,  2.49it/s]
