[I 2023-12-11 19:42:04,247] Trial 11 finished with value: 0.32834359261331836 and parameters: {'EMBEDDING_DIM': 32, 'HIDDEN_DIM': 3447, 'NUM_LAYERS': 1, 'DROPOUT': 0.130218171318346, 'LR': 0.004863920836113034, 'WEIGHT_0': 0.31651856585282157, 'WEIGHT_1': 0.3244831771518557, 'WEIGHT_2': 0.9652776072305815, 'WEIGHT_3': 0.33495644483158127, 'WEIGHT_4': 0.9921869714325809, 'WEIGHT_5': 0.3057880424924984, 'WEIGHT_6': 0.25717867786770576, 'WEIGHT_7': 0.8039440995844468, 'WEIGHT_8': 0.9847254227014757}. Best is trial 6 with value: 0.41112214498510424.
{'EMBEDDING_DIM': 32, 'HIDDEN_DIM': 3447, 'NUM_LAYERS': 1, 'DROPOUT': 0.130218171318346, 'LR': 0.004863920836113034, 'WEIGHT_0': 0.31651856585282157, 'WEIGHT_1': 0.3244831771518557, 'WEIGHT_2': 0.9652776072305815, 'WEIGHT_3': 0.33495644483158127, 'WEIGHT_4': 0.9921869714325809, 'WEIGHT_5': 0.3057880424924984, 'WEIGHT_6': 0.25717867786770576, 'WEIGHT_7': 0.8039440995844468, 'WEIGHT_8': 0.9847254227014757}
0
              precision    recall  f1-score   support

         LOC       0.00      0.00      0.00      1837
        MISC       0.00      0.00      0.00       922
         ORG       0.00      0.00      0.00      1341
         PER       0.00      0.00      0.00      1842

   micro avg       0.00      0.00      0.00      5942
   macro avg       0.00      0.00      0.00      5942
weighted avg       0.00      0.00      0.00      5942

{'EMBEDDING_DIM': 32, 'HIDDEN_DIM': 3447, 'NUM_LAYERS': 1, 'DROPOUT': 0.130218171318346, 'LR': 0.004863920836113034, 'WEIGHT_0': 0.31651856585282157, 'WEIGHT_1': 0.3244831771518557, 'WEIGHT_2': 0.9652776072305815, 'WEIGHT_3': 0.33495644483158127, 'WEIGHT_4': 0.9921869714325809, 'WEIGHT_5': 0.3057880424924984, 'WEIGHT_6': 0.25717867786770576, 'WEIGHT_7': 0.8039440995844468, 'WEIGHT_8': 0.9847254227014757}
49
              precision    recall  f1-score   support

         LOC       0.65      0.57      0.61      1837
        MISC       0.58      0.45      0.50       922
         ORG       0.16      0.32      0.21      1341
         PER       0.14      0.25      0.18      1842

   micro avg       0.28      0.39      0.33      5942
   macro avg       0.38      0.40      0.38      5942
weighted avg       0.37      0.39      0.37      5942

epoch 49
Transformer

  0%|          | 0/50 [00:00<?, ?it/s]
  2%|▏         | 1/50 [00:05<04:53,  5.98s/it]
  4%|▍         | 2/50 [00:06<02:01,  2.53s/it]
  6%|▌         | 3/50 [00:06<01:06,  1.42s/it]
  8%|▊         | 4/50 [00:06<00:41,  1.11it/s]
 12%|█▏        | 6/50 [00:06<00:20,  2.10it/s]
 14%|█▍        | 7/50 [00:06<00:16,  2.64it/s]
 16%|█▌        | 8/50 [00:06<00:12,  3.27it/s]
 18%|█▊        | 9/50 [00:06<00:10,  4.02it/s]
 20%|██        | 10/50 [00:06<00:08,  4.83it/s]
 22%|██▏       | 11/50 [00:07<00:06,  5.65it/s]
 24%|██▍       | 12/50 [00:07<00:06,  6.18it/s]
 26%|██▌       | 13/50 [00:07<00:05,  6.81it/s]
 28%|██▊       | 14/50 [00:07<00:05,  7.10it/s]
 30%|███       | 15/50 [00:07<00:04,  7.66it/s]
 32%|███▏      | 16/50 [00:07<00:04,  7.99it/s]
 34%|███▍      | 17/50 [00:07<00:04,  8.17it/s]
 36%|███▌      | 18/50 [00:07<00:03,  8.30it/s]
 38%|███▊      | 19/50 [00:07<00:03,  8.39it/s]
 40%|████      | 20/50 [00:08<00:03,  8.45it/s]
 42%|████▏     | 21/50 [00:08<00:03,  8.72it/s]
 46%|████▌     | 23/50 [00:08<00:02,  9.41it/s]
 50%|█████     | 25/50 [00:08<00:02,  9.78it/s]
 54%|█████▍    | 27/50 [00:08<00:02,  9.98it/s]
 58%|█████▊    | 29/50 [00:08<00:02, 10.11it/s]
 62%|██████▏   | 31/50 [00:09<00:01, 10.20it/s]
 66%|██████▌   | 33/50 [00:09<00:01, 10.25it/s]
 70%|███████   | 35/50 [00:09<00:01, 10.29it/s]
 74%|███████▍  | 37/50 [00:09<00:01, 10.31it/s]
 78%|███████▊  | 39/50 [00:09<00:01, 10.33it/s]
 82%|████████▏ | 41/50 [00:10<00:00, 10.34it/s]
 86%|████████▌ | 43/50 [00:10<00:00, 10.34it/s]
 90%|█████████ | 45/50 [00:10<00:00, 10.35it/s]
 94%|█████████▍| 47/50 [00:10<00:00, 10.36it/s]
 98%|█████████▊| 49/50 [00:10<00:00, 10.36it/s]
100%|██████████| 50/50 [00:16<00:00,  2.96it/s]
[I 2023-12-11 19:42:27,042] Trial 12 finished with value: 0.4422704575563029 and parameters: {'EMBEDDING_DIM': 32, 'HIDDEN_DIM': 1451, 'NUM_LAYERS': 1, 'DROPOUT': 0.1631292332430413, 'LR': 0.009946306173763774, 'WEIGHT_0': 0.32960204946261473, 'WEIGHT_1': 0.40328210099882766, 'WEIGHT_2': 0.3672382580959488, 'WEIGHT_3': 0.29594720907815464, 'WEIGHT_4': 0.6977734660684884, 'WEIGHT_5': 0.2833121283102691, 'WEIGHT_6': 0.2459808306314829, 'WEIGHT_7': 0.7967902287831601, 'WEIGHT_8': 0.5458019332619185}. Best is trial 12 with value: 0.4422704575563029.
{'EMBEDDING_DIM': 32, 'HIDDEN_DIM': 1451, 'NUM_LAYERS': 1, 'DROPOUT': 0.1631292332430413, 'LR': 0.009946306173763774, 'WEIGHT_0': 0.32960204946261473, 'WEIGHT_1': 0.40328210099882766, 'WEIGHT_2': 0.3672382580959488, 'WEIGHT_3': 0.29594720907815464, 'WEIGHT_4': 0.6977734660684884, 'WEIGHT_5': 0.2833121283102691, 'WEIGHT_6': 0.2459808306314829, 'WEIGHT_7': 0.7967902287831601, 'WEIGHT_8': 0.5458019332619185}
0
              precision    recall  f1-score   support

         LOC       0.00      0.00      0.00      1837
        MISC       0.00      0.00      0.00       922
         ORG       0.00      0.00      0.00      1341
         PER       0.00      0.00      0.00      1842

   micro avg       0.00      0.00      0.00      5942
   macro avg       0.00      0.00      0.00      5942
weighted avg       0.00      0.00      0.00      5942

{'EMBEDDING_DIM': 32, 'HIDDEN_DIM': 1451, 'NUM_LAYERS': 1, 'DROPOUT': 0.1631292332430413, 'LR': 0.009946306173763774, 'WEIGHT_0': 0.32960204946261473, 'WEIGHT_1': 0.40328210099882766, 'WEIGHT_2': 0.3672382580959488, 'WEIGHT_3': 0.29594720907815464, 'WEIGHT_4': 0.6977734660684884, 'WEIGHT_5': 0.2833121283102691, 'WEIGHT_6': 0.2459808306314829, 'WEIGHT_7': 0.7967902287831601, 'WEIGHT_8': 0.5458019332619185}
49
              precision    recall  f1-score   support

         LOC       0.80      0.56      0.66      1837
        MISC       0.60      0.50      0.54       922
         ORG       0.41      0.25      0.31      1341
         PER       0.34      0.19      0.24      1842

   micro avg       0.56      0.37      0.44      5942
   macro avg       0.54      0.37      0.44      5942
weighted avg       0.54      0.37      0.43      5942

epoch 49
Transformer

  0%|          | 0/50 [00:00<?, ?it/s]
  2%|▏         | 1/50 [00:06<04:54,  6.02s/it]
  4%|▍         | 2/50 [00:06<02:02,  2.55s/it]
  6%|▌         | 3/50 [00:06<01:07,  1.43s/it]
  8%|▊         | 4/50 [00:06<00:41,  1.10it/s]
 10%|█         | 5/50 [00:06<00:27,  1.62it/s]
 12%|█▏        | 6/50 [00:06<00:19,  2.20it/s]
 14%|█▍        | 7/50 [00:06<00:15,  2.86it/s]
 16%|█▌        | 8/50 [00:06<00:11,  3.68it/s]
 18%|█▊        | 9/50 [00:06<00:09,  4.55it/s]
 20%|██        | 10/50 [00:07<00:07,  5.37it/s]
 22%|██▏       | 11/50 [00:07<00:06,  6.07it/s]
 24%|██▍       | 12/50 [00:07<00:05,  6.68it/s]
 26%|██▌       | 13/50 [00:07<00:05,  7.17it/s]
 28%|██▊       | 14/50 [00:07<00:04,  7.57it/s]
 30%|███       | 15/50 [00:07<00:04,  8.14it/s]
 34%|███▍      | 17/50 [00:07<00:03,  9.02it/s]
 38%|███▊      | 19/50 [00:07<00:03,  9.49it/s]
 42%|████▏     | 21/50 [00:08<00:02,  9.76it/s]
 46%|████▌     | 23/50 [00:08<00:02,  9.94it/s]
 50%|█████     | 25/50 [00:08<00:02, 10.06it/s]
 54%|█████▍    | 27/50 [00:08<00:02, 10.13it/s]
 58%|█████▊    | 29/50 [00:08<00:02, 10.18it/s]
 62%|██████▏   | 31/50 [00:09<00:01, 10.22it/s]
 66%|██████▌   | 33/50 [00:09<00:01, 10.24it/s]
 70%|███████   | 35/50 [00:09<00:01, 10.26it/s]
 74%|███████▍  | 37/50 [00:09<00:01, 10.27it/s]
 78%|███████▊  | 39/50 [00:09<00:01, 10.28it/s]
 82%|████████▏ | 41/50 [00:10<00:00, 10.29it/s]
 86%|████████▌ | 43/50 [00:10<00:00, 10.29it/s]
 90%|█████████ | 45/50 [00:10<00:00, 10.29it/s]
 94%|█████████▍| 47/50 [00:10<00:00, 10.29it/s]
 98%|█████████▊| 49/50 [00:10<00:00, 10.29it/s]
100%|██████████| 50/50 [00:16<00:00,  2.97it/s]
[I 2023-12-11 19:42:49,304] Trial 13 finished with value: 0.43794593508190127 and parameters: {'EMBEDDING_DIM': 32, 'HIDDEN_DIM': 1439, 'NUM_LAYERS': 1, 'DROPOUT': 0.09516021840784969, 'LR': 0.009898749667511158, 'WEIGHT_0': 0.6843573114829824, 'WEIGHT_1': 0.28730254714708614, 'WEIGHT_2': 0.3800010670439371, 'WEIGHT_3': 0.23680887549061616, 'WEIGHT_4': 0.7082486333806001, 'WEIGHT_5': 0.309178897157292, 'WEIGHT_6': 0.2515504729019698, 'WEIGHT_7': 0.9692722973180257, 'WEIGHT_8': 0.5272559194198356}. Best is trial 12 with value: 0.4422704575563029.
{'EMBEDDING_DIM': 32, 'HIDDEN_DIM': 1439, 'NUM_LAYERS': 1, 'DROPOUT': 0.09516021840784969, 'LR': 0.009898749667511158, 'WEIGHT_0': 0.6843573114829824, 'WEIGHT_1': 0.28730254714708614, 'WEIGHT_2': 0.3800010670439371, 'WEIGHT_3': 0.23680887549061616, 'WEIGHT_4': 0.7082486333806001, 'WEIGHT_5': 0.309178897157292, 'WEIGHT_6': 0.2515504729019698, 'WEIGHT_7': 0.9692722973180257, 'WEIGHT_8': 0.5272559194198356}
0
              precision    recall  f1-score   support

         LOC       0.00      0.00      0.00      1837
        MISC       0.00      0.00      0.00       922
         ORG       0.00      0.00      0.00      1341
         PER       0.00      0.00      0.00      1842

   micro avg       0.00      0.00      0.00      5942
   macro avg       0.00      0.00      0.00      5942
weighted avg       0.00      0.00      0.00      5942

{'EMBEDDING_DIM': 32, 'HIDDEN_DIM': 1439, 'NUM_LAYERS': 1, 'DROPOUT': 0.09516021840784969, 'LR': 0.009898749667511158, 'WEIGHT_0': 0.6843573114829824, 'WEIGHT_1': 0.28730254714708614, 'WEIGHT_2': 0.3800010670439371, 'WEIGHT_3': 0.23680887549061616, 'WEIGHT_4': 0.7082486333806001, 'WEIGHT_5': 0.309178897157292, 'WEIGHT_6': 0.2515504729019698, 'WEIGHT_7': 0.9692722973180257, 'WEIGHT_8': 0.5272559194198356}
49
              precision    recall  f1-score   support

         LOC       0.77      0.58      0.66      1837
        MISC       0.54      0.44      0.49       922
         ORG       0.40      0.21      0.27      1341
         PER       0.37      0.23      0.28      1842

   micro avg       0.54      0.37      0.44      5942
   macro avg       0.52      0.37      0.43      5942
weighted avg       0.52      0.37      0.43      5942

epoch 49
Transformer

  0%|          | 0/50 [00:00<?, ?it/s]
  2%|▏         | 1/50 [00:05<04:51,  5.96s/it]
  4%|▍         | 2/50 [00:06<02:01,  2.52s/it]
  6%|▌         | 3/50 [00:06<01:06,  1.43s/it]
  8%|▊         | 4/50 [00:06<00:41,  1.11it/s]
 10%|█         | 5/50 [00:06<00:27,  1.62it/s]
 12%|█▏        | 6/50 [00:06<00:19,  2.23it/s]
 14%|█▍        | 7/50 [00:06<00:14,  2.97it/s]
 16%|█▌        | 8/50 [00:06<00:11,  3.74it/s]
 18%|█▊        | 9/50 [00:06<00:09,  4.48it/s]
 20%|██        | 10/50 [00:06<00:07,  5.36it/s]
 22%|██▏       | 11/50 [00:07<00:06,  6.20it/s]
 24%|██▍       | 12/50 [00:07<00:05,  6.94it/s]
 26%|██▌       | 13/50 [00:07<00:04,  7.58it/s]
 28%|██▊       | 14/50 [00:07<00:04,  8.09it/s]
 30%|███       | 15/50 [00:07<00:04,  8.49it/s]
 32%|███▏      | 16/50 [00:07<00:03,  8.79it/s]
 34%|███▍      | 17/50 [00:07<00:03,  8.98it/s]
 36%|███▌      | 18/50 [00:07<00:03,  9.16it/s]
 38%|███▊      | 19/50 [00:07<00:03,  9.28it/s]
 40%|████      | 20/50 [00:08<00:03,  9.37it/s]
 42%|████▏     | 21/50 [00:08<00:03,  9.43it/s]
 44%|████▍     | 22/50 [00:08<00:02,  9.47it/s]
 46%|████▌     | 23/50 [00:08<00:02,  9.51it/s]
 48%|████▊     | 24/50 [00:08<00:02,  9.53it/s]
 50%|█████     | 25/50 [00:08<00:02,  9.54it/s]
 52%|█████▏    | 26/50 [00:08<00:02,  9.55it/s]
 54%|█████▍    | 27/50 [00:08<00:02,  9.56it/s]
 56%|█████▌    | 28/50 [00:08<00:02,  9.56it/s]
 58%|█████▊    | 29/50 [00:08<00:02,  9.56it/s]
 60%|██████    | 30/50 [00:09<00:02,  9.57it/s]
 62%|██████▏   | 31/50 [00:09<00:01,  9.57it/s]
 64%|██████▍   | 32/50 [00:09<00:01,  9.57it/s]
 66%|██████▌   | 33/50 [00:09<00:01,  9.56it/s]
 68%|██████▊   | 34/50 [00:09<00:01,  9.56it/s]
 70%|███████   | 35/50 [00:09<00:01,  9.56it/s]
 72%|███████▏  | 36/50 [00:09<00:01,  9.57it/s]
 74%|███████▍  | 37/50 [00:09<00:01,  9.56it/s]
 76%|███████▌  | 38/50 [00:09<00:01,  9.56it/s]
 78%|███████▊  | 39/50 [00:10<00:01,  9.57it/s]
 80%|████████  | 40/50 [00:10<00:01,  9.57it/s]
 82%|████████▏ | 41/50 [00:10<00:00,  9.57it/s]
 84%|████████▍ | 42/50 [00:10<00:00,  9.57it/s]
 86%|████████▌ | 43/50 [00:10<00:00,  9.57it/s]
 88%|████████▊ | 44/50 [00:10<00:00,  9.57it/s]
 90%|█████████ | 45/50 [00:10<00:00,  9.57it/s]
 92%|█████████▏| 46/50 [00:10<00:00,  9.58it/s]
 94%|█████████▍| 47/50 [00:10<00:00,  9.56it/s]
 96%|█████████▌| 48/50 [00:10<00:00,  9.56it/s]
 98%|█████████▊| 49/50 [00:11<00:00,  9.56it/s]
100%|██████████| 50/50 [00:16<00:00,  1.85s/it]
100%|██████████| 50/50 [00:16<00:00,  2.95it/s]
[I 2023-12-11 19:43:12,087] Trial 14 finished with value: 0.412677513401674 and parameters: {'EMBEDDING_DIM': 32, 'HIDDEN_DIM': 1738, 'NUM_LAYERS': 1, 'DROPOUT': 0.14549319808095035, 'LR': 0.009988331580232086, 'WEIGHT_0': 0.7314062078161091, 'WEIGHT_1': 0.2912390467892648, 'WEIGHT_2': 0.3009999064186558, 'WEIGHT_3': 0.17338241420832756, 'WEIGHT_4': 0.7117621723961399, 'WEIGHT_5': 0.29120331571808805, 'WEIGHT_6': 0.2239905391355662, 'WEIGHT_7': 0.9625932537705548, 'WEIGHT_8': 0.553431555664166}. Best is trial 12 with value: 0.4422704575563029.
{'EMBEDDING_DIM': 32, 'HIDDEN_DIM': 1738, 'NUM_LAYERS': 1, 'DROPOUT': 0.14549319808095035, 'LR': 0.009988331580232086, 'WEIGHT_0': 0.7314062078161091, 'WEIGHT_1': 0.2912390467892648, 'WEIGHT_2': 0.3009999064186558, 'WEIGHT_3': 0.17338241420832756, 'WEIGHT_4': 0.7117621723961399, 'WEIGHT_5': 0.29120331571808805, 'WEIGHT_6': 0.2239905391355662, 'WEIGHT_7': 0.9625932537705548, 'WEIGHT_8': 0.553431555664166}
0
              precision    recall  f1-score   support

         LOC       0.00      0.00      0.00      1837
        MISC       0.00      0.00      0.00       922
         ORG       0.00      0.00      0.00      1341
         PER       0.00      0.00      0.00      1842

   micro avg       0.00      0.00      0.00      5942
   macro avg       0.00      0.00      0.00      5942
weighted avg       0.00      0.00      0.00      5942

{'EMBEDDING_DIM': 32, 'HIDDEN_DIM': 1738, 'NUM_LAYERS': 1, 'DROPOUT': 0.14549319808095035, 'LR': 0.009988331580232086, 'WEIGHT_0': 0.7314062078161091, 'WEIGHT_1': 0.2912390467892648, 'WEIGHT_2': 0.3009999064186558, 'WEIGHT_3': 0.17338241420832756, 'WEIGHT_4': 0.7117621723961399, 'WEIGHT_5': 0.29120331571808805, 'WEIGHT_6': 0.2239905391355662, 'WEIGHT_7': 0.9625932537705548, 'WEIGHT_8': 0.553431555664166}
49
              precision    recall  f1-score   support

         LOC       0.76      0.54      0.64      1837
        MISC       0.55      0.46      0.50       922
         ORG       0.37      0.22      0.28      1341
         PER       0.26      0.26      0.26      1842

   micro avg       0.47      0.37      0.41      5942
   macro avg       0.48      0.37      0.42      5942
weighted avg       0.49      0.37      0.42      5942

epoch 49
Transformer

  0%|          | 0/50 [00:00<?, ?it/s]
  2%|▏         | 1/50 [00:05<04:51,  5.95s/it]
  4%|▍         | 2/50 [00:06<02:01,  2.53s/it]
  6%|▌         | 3/50 [00:06<01:06,  1.42s/it]
  8%|▊         | 4/50 [00:06<00:41,  1.10it/s]
 10%|█         | 5/50 [00:06<00:28,  1.61it/s]
 12%|█▏        | 6/50 [00:06<00:19,  2.23it/s]
 14%|█▍        | 7/50 [00:06<00:14,  2.92it/s]
 16%|█▌        | 8/50 [00:06<00:11,  3.72it/s]
 18%|█▊        | 9/50 [00:06<00:09,  4.55it/s]
 20%|██        | 10/50 [00:06<00:07,  5.37it/s]
 22%|██▏       | 11/50 [00:07<00:06,  6.11it/s]
 24%|██▍       | 12/50 [00:07<00:05,  6.77it/s]
 26%|██▌       | 13/50 [00:07<00:05,  7.31it/s]
 28%|██▊       | 14/50 [00:07<00:04,  7.74it/s]
 30%|███       | 15/50 [00:07<00:04,  8.08it/s]
 32%|███▏      | 16/50 [00:07<00:04,  8.32it/s]
 34%|███▍      | 17/50 [00:07<00:03,  8.49it/s]
 36%|███▌      | 18/50 [00:07<00:03,  8.63it/s]
 38%|███▊      | 19/50 [00:07<00:03,  8.73it/s]
 40%|████      | 20/50 [00:08<00:03,  8.80it/s]
 42%|████▏     | 21/50 [00:08<00:03,  8.85it/s]
 44%|████▍     | 22/50 [00:08<00:03,  8.88it/s]
 46%|████▌     | 23/50 [00:08<00:03,  8.91it/s]
 48%|████▊     | 24/50 [00:08<00:02,  8.94it/s]
 50%|█████     | 25/50 [00:08<00:02,  8.93it/s]
 52%|█████▏    | 26/50 [00:08<00:02,  8.95it/s]
 54%|█████▍    | 27/50 [00:08<00:02,  8.95it/s]
 56%|█████▌    | 28/50 [00:09<00:02,  8.95it/s]
 58%|█████▊    | 29/50 [00:09<00:02,  8.96it/s]
 60%|██████    | 30/50 [00:09<00:02,  8.94it/s]
 62%|██████▏   | 31/50 [00:09<00:02,  8.95it/s]
 64%|██████▍   | 32/50 [00:09<00:02,  8.96it/s]
 66%|██████▌   | 33/50 [00:09<00:01,  8.96it/s]
 68%|██████▊   | 34/50 [00:09<00:01,  8.97it/s]
 70%|███████   | 35/50 [00:09<00:01,  8.96it/s]
 72%|███████▏  | 36/50 [00:09<00:01,  8.95it/s]
 74%|███████▍  | 37/50 [00:10<00:01,  8.96it/s]
 76%|███████▌  | 38/50 [00:10<00:01,  8.96it/s]
 78%|███████▊  | 39/50 [00:10<00:01,  8.96it/s]
 80%|████████  | 40/50 [00:10<00:01,  8.97it/s]
 82%|████████▏ | 41/50 [00:10<00:01,  8.96it/s]
 84%|████████▍ | 42/50 [00:10<00:00,  8.96it/s]
 86%|████████▌ | 43/50 [00:10<00:00,  8.94it/s]
 88%|████████▊ | 44/50 [00:10<00:00,  8.95it/s]
 90%|█████████ | 45/50 [00:10<00:00,  8.96it/s]
 92%|█████████▏| 46/50 [00:11<00:00,  8.96it/s]
 94%|█████████▍| 47/50 [00:11<00:00,  8.97it/s]
 96%|█████████▌| 48/50 [00:11<00:00,  8.96it/s]
 98%|█████████▊| 49/50 [00:11<00:00,  8.89it/s]
100%|██████████| 50/50 [00:17<00:00,  1.88s/it]
100%|██████████| 50/50 [00:17<00:00,  2.88it/s]
[I 2023-12-11 19:43:35,334] Trial 15 finished with value: 0.41280931586608444 and parameters: {'EMBEDDING_DIM': 32, 'HIDDEN_DIM': 1918, 'NUM_LAYERS': 1, 'DROPOUT': 0.08614341560126779, 'LR': 0.009753994501176548, 'WEIGHT_0': 0.6798888244199359, 'WEIGHT_1': 0.22280181304445779, 'WEIGHT_2': 0.3875296562795487, 'WEIGHT_3': 0.02133170935075246, 'WEIGHT_4': 0.7438553253597469, 'WEIGHT_5': 0.2929576617355406, 'WEIGHT_6': 0.019491597178711406, 'WEIGHT_7': 0.9021938498265912, 'WEIGHT_8': 0.5177791968475117}. Best is trial 12 with value: 0.4422704575563029.
{'EMBEDDING_DIM': 32, 'HIDDEN_DIM': 1918, 'NUM_LAYERS': 1, 'DROPOUT': 0.08614341560126779, 'LR': 0.009753994501176548, 'WEIGHT_0': 0.6798888244199359, 'WEIGHT_1': 0.22280181304445779, 'WEIGHT_2': 0.3875296562795487, 'WEIGHT_3': 0.02133170935075246, 'WEIGHT_4': 0.7438553253597469, 'WEIGHT_5': 0.2929576617355406, 'WEIGHT_6': 0.019491597178711406, 'WEIGHT_7': 0.9021938498265912, 'WEIGHT_8': 0.5177791968475117}
0
              precision    recall  f1-score   support

         LOC       0.00      0.00      0.00      1837
        MISC       0.00      0.00      0.00       922
         ORG       0.00      0.00      0.00      1341
         PER       0.00      0.00      0.00      1842

   micro avg       0.00      0.00      0.00      5942
   macro avg       0.00      0.00      0.00      5942
weighted avg       0.00      0.00      0.00      5942

{'EMBEDDING_DIM': 32, 'HIDDEN_DIM': 1918, 'NUM_LAYERS': 1, 'DROPOUT': 0.08614341560126779, 'LR': 0.009753994501176548, 'WEIGHT_0': 0.6798888244199359, 'WEIGHT_1': 0.22280181304445779, 'WEIGHT_2': 0.3875296562795487, 'WEIGHT_3': 0.02133170935075246, 'WEIGHT_4': 0.7438553253597469, 'WEIGHT_5': 0.2929576617355406, 'WEIGHT_6': 0.019491597178711406, 'WEIGHT_7': 0.9021938498265912, 'WEIGHT_8': 0.5177791968475117}
49
              precision    recall  f1-score   support

         LOC       0.67      0.59      0.62      1837
        MISC       0.37      0.49      0.42       922
         ORG       0.48      0.19      0.27      1341
         PER       0.34      0.19      0.24      1842

   micro avg       0.49      0.36      0.41      5942
   macro avg       0.47      0.36      0.39      5942
weighted avg       0.48      0.36      0.40      5942

epoch 49
Transformer

  0%|          | 0/50 [00:00<?, ?it/s]
  2%|▏         | 1/50 [00:05<04:51,  5.95s/it]
  4%|▍         | 2/50 [00:06<02:00,  2.52s/it]
  6%|▌         | 3/50 [00:06<01:06,  1.41s/it]
 10%|█         | 5/50 [00:06<00:30,  1.48it/s]
 12%|█▏        | 6/50 [00:06<00:22,  1.96it/s]
 14%|█▍        | 7/50 [00:06<00:17,  2.49it/s]
 16%|█▌        | 8/50 [00:06<00:13,  3.14it/s]
 18%|█▊        | 9/50 [00:06<00:10,  3.91it/s]
 20%|██        | 10/50 [00:06<00:08,  4.73it/s]
 22%|██▏       | 11/50 [00:07<00:07,  5.54it/s]
 24%|██▍       | 12/50 [00:07<00:06,  6.31it/s]
 26%|██▌       | 13/50 [00:07<00:05,  6.99it/s]
 28%|██▊       | 14/50 [00:07<00:04,  7.55it/s]
 30%|███       | 15/50 [00:07<00:04,  8.01it/s]
 34%|███▍      | 17/50 [00:07<00:03,  8.92it/s]
 38%|███▊      | 19/50 [00:07<00:03,  9.51it/s]
 42%|████▏     | 21/50 [00:08<00:02,  9.86it/s]
 46%|████▌     | 23/50 [00:08<00:02, 10.10it/s]
 50%|█████     | 25/50 [00:08<00:02, 10.26it/s]
 54%|█████▍    | 27/50 [00:08<00:02, 10.34it/s]
 58%|█████▊    | 29/50 [00:08<00:02, 10.41it/s]
 62%|██████▏   | 31/50 [00:09<00:01, 10.46it/s]
 66%|██████▌   | 33/50 [00:09<00:01, 10.47it/s]
 70%|███████   | 35/50 [00:09<00:01, 10.51it/s]
 74%|███████▍  | 37/50 [00:09<00:01, 10.53it/s]
 78%|███████▊  | 39/50 [00:09<00:01, 10.52it/s]
 82%|████████▏ | 41/50 [00:09<00:00, 10.54it/s]
 86%|████████▌ | 43/50 [00:10<00:00, 10.54it/s]
 90%|█████████ | 45/50 [00:10<00:00, 10.55it/s]
 94%|█████████▍| 47/50 [00:10<00:00, 10.56it/s]
 98%|█████████▊| 49/50 [00:10<00:00, 10.48it/s]
100%|██████████| 50/50 [00:16<00:00,  2.98it/s]
