[I 2023-12-11 23:31:42,479] Trial 420 finished with value: 0.3848992336077207 and parameters: {'EMBEDDING_DIM': 128, 'HIDDEN_DIM': 765, 'NUM_LAYERS': 1, 'DROPOUT': 0.3366087914095477, 'LR': 0.00646999291492524, 'WEIGHT_0': 0.8992504041654785, 'WEIGHT_1': 0.021756370821813448, 'WEIGHT_2': 0.25179610855499346, 'WEIGHT_3': 0.8370528282334916, 'WEIGHT_4': 0.7421077797489904, 'WEIGHT_5': 0.34185446486480237, 'WEIGHT_6': 0.14282551835224033, 'WEIGHT_7': 0.9459916208952355, 'WEIGHT_8': 0.8126522199262098}. Best is trial 282 with value: 0.45463128081401455.
{'EMBEDDING_DIM': 128, 'HIDDEN_DIM': 765, 'NUM_LAYERS': 1, 'DROPOUT': 0.3366087914095477, 'LR': 0.00646999291492524, 'WEIGHT_0': 0.8992504041654785, 'WEIGHT_1': 0.021756370821813448, 'WEIGHT_2': 0.25179610855499346, 'WEIGHT_3': 0.8370528282334916, 'WEIGHT_4': 0.7421077797489904, 'WEIGHT_5': 0.34185446486480237, 'WEIGHT_6': 0.14282551835224033, 'WEIGHT_7': 0.9459916208952355, 'WEIGHT_8': 0.8126522199262098}
0
              precision    recall  f1-score   support

         LOC       0.00      0.00      0.00      1837
        MISC       0.00      0.00      0.00       922
         ORG       0.00      0.00      0.00      1341
         PER       0.00      0.00      0.00      1842

   micro avg       0.00      0.00      0.00      5942
   macro avg       0.00      0.00      0.00      5942
weighted avg       0.00      0.00      0.00      5942

{'EMBEDDING_DIM': 128, 'HIDDEN_DIM': 765, 'NUM_LAYERS': 1, 'DROPOUT': 0.3366087914095477, 'LR': 0.00646999291492524, 'WEIGHT_0': 0.8992504041654785, 'WEIGHT_1': 0.021756370821813448, 'WEIGHT_2': 0.25179610855499346, 'WEIGHT_3': 0.8370528282334916, 'WEIGHT_4': 0.7421077797489904, 'WEIGHT_5': 0.34185446486480237, 'WEIGHT_6': 0.14282551835224033, 'WEIGHT_7': 0.9459916208952355, 'WEIGHT_8': 0.8126522199262098}
49
              precision    recall  f1-score   support

         LOC       0.67      0.62      0.64      1837
        MISC       0.60      0.48      0.53       922
         ORG       0.21      0.04      0.07      1341
         PER       0.21      0.21      0.21      1842

   micro avg       0.44      0.34      0.38      5942
   macro avg       0.42      0.34      0.36      5942
weighted avg       0.41      0.34      0.36      5942

epoch 49
Transformer

  0%|          | 0/50 [00:00<?, ?it/s]
  2%|▏         | 1/50 [00:05<04:48,  5.90s/it]
  6%|▌         | 3/50 [00:06<01:15,  1.60s/it]
 10%|█         | 5/50 [00:06<00:37,  1.21it/s]
 12%|█▏        | 6/50 [00:06<00:27,  1.58it/s]
 16%|█▌        | 8/50 [00:06<00:16,  2.52it/s]
 20%|██        | 10/50 [00:06<00:11,  3.57it/s]
 24%|██▍       | 12/50 [00:06<00:08,  4.54it/s]
 26%|██▌       | 13/50 [00:07<00:07,  5.01it/s]
 28%|██▊       | 14/50 [00:07<00:06,  5.30it/s]
 32%|███▏      | 16/50 [00:07<00:05,  6.70it/s]
 36%|███▌      | 18/50 [00:07<00:04,  7.87it/s]
 40%|████      | 20/50 [00:07<00:03,  8.79it/s]
 44%|████▍     | 22/50 [00:07<00:02,  9.51it/s]
 48%|████▊     | 24/50 [00:08<00:02, 10.06it/s]
 52%|█████▏    | 26/50 [00:08<00:02, 10.45it/s]
 56%|█████▌    | 28/50 [00:08<00:02, 10.74it/s]
 60%|██████    | 30/50 [00:08<00:01, 10.95it/s]
 64%|██████▍   | 32/50 [00:08<00:01, 11.09it/s]
 68%|██████▊   | 34/50 [00:08<00:01, 11.17it/s]
 72%|███████▏  | 36/50 [00:09<00:01, 11.26it/s]
 76%|███████▌  | 38/50 [00:09<00:01, 11.31it/s]
 80%|████████  | 40/50 [00:09<00:00, 11.34it/s]
 84%|████████▍ | 42/50 [00:09<00:00, 11.34it/s]
 88%|████████▊ | 44/50 [00:09<00:00, 11.37it/s]
 92%|█████████▏| 46/50 [00:10<00:00, 11.39it/s]
 96%|█████████▌| 48/50 [00:10<00:00, 11.40it/s]
100%|██████████| 50/50 [00:16<00:00,  1.05it/s]
100%|██████████| 50/50 [00:16<00:00,  3.10it/s]
[I 2023-12-11 23:32:04,182] Trial 421 finished with value: 0.41060231806954206 and parameters: {'EMBEDDING_DIM': 32, 'HIDDEN_DIM': 976, 'NUM_LAYERS': 1, 'DROPOUT': 0.1852481656437014, 'LR': 0.006764901695260486, 'WEIGHT_0': 0.941512765350555, 'WEIGHT_1': 0.06387040701797211, 'WEIGHT_2': 0.29327067941082063, 'WEIGHT_3': 0.403568757104533, 'WEIGHT_4': 0.9149313229225942, 'WEIGHT_5': 0.4291497084268892, 'WEIGHT_6': 0.5937984814756975, 'WEIGHT_7': 0.6005572240352449, 'WEIGHT_8': 0.9490827146082661}. Best is trial 282 with value: 0.45463128081401455.
{'EMBEDDING_DIM': 32, 'HIDDEN_DIM': 976, 'NUM_LAYERS': 1, 'DROPOUT': 0.1852481656437014, 'LR': 0.006764901695260486, 'WEIGHT_0': 0.941512765350555, 'WEIGHT_1': 0.06387040701797211, 'WEIGHT_2': 0.29327067941082063, 'WEIGHT_3': 0.403568757104533, 'WEIGHT_4': 0.9149313229225942, 'WEIGHT_5': 0.4291497084268892, 'WEIGHT_6': 0.5937984814756975, 'WEIGHT_7': 0.6005572240352449, 'WEIGHT_8': 0.9490827146082661}
0
              precision    recall  f1-score   support

         LOC       0.00      0.00      0.00      1837
        MISC       0.00      0.00      0.00       922
         ORG       0.00      0.00      0.00      1341
         PER       0.00      0.00      0.00      1842

   micro avg       0.00      0.00      0.00      5942
   macro avg       0.00      0.00      0.00      5942
weighted avg       0.00      0.00      0.00      5942

{'EMBEDDING_DIM': 32, 'HIDDEN_DIM': 976, 'NUM_LAYERS': 1, 'DROPOUT': 0.1852481656437014, 'LR': 0.006764901695260486, 'WEIGHT_0': 0.941512765350555, 'WEIGHT_1': 0.06387040701797211, 'WEIGHT_2': 0.29327067941082063, 'WEIGHT_3': 0.403568757104533, 'WEIGHT_4': 0.9149313229225942, 'WEIGHT_5': 0.4291497084268892, 'WEIGHT_6': 0.5937984814756975, 'WEIGHT_7': 0.6005572240352449, 'WEIGHT_8': 0.9490827146082661}
49
              precision    recall  f1-score   support

         LOC       0.73      0.57      0.64      1837
        MISC       0.57      0.49      0.53       922
         ORG       0.36      0.22      0.27      1341
         PER       0.24      0.20      0.21      1842

   micro avg       0.47      0.36      0.41      5942
   macro avg       0.47      0.37      0.41      5942
weighted avg       0.47      0.36      0.41      5942

epoch 49
Transformer

  0%|          | 0/50 [00:00<?, ?it/s]
  2%|▏         | 1/50 [00:05<04:49,  5.90s/it]
  4%|▍         | 2/50 [00:06<01:59,  2.49s/it]
  6%|▌         | 3/50 [00:06<01:05,  1.40s/it]
 10%|█         | 5/50 [00:06<00:29,  1.52it/s]
 12%|█▏        | 6/50 [00:06<00:21,  2.00it/s]
 16%|█▌        | 8/50 [00:06<00:13,  3.13it/s]
 18%|█▊        | 9/50 [00:06<00:10,  3.73it/s]
 20%|██        | 10/50 [00:06<00:09,  4.42it/s]
 22%|██▏       | 11/50 [00:06<00:07,  5.15it/s]
 24%|██▍       | 12/50 [00:07<00:06,  5.87it/s]
 26%|██▌       | 13/50 [00:07<00:05,  6.44it/s]
 28%|██▊       | 14/50 [00:07<00:05,  6.90it/s]
 30%|███       | 15/50 [00:07<00:04,  7.29it/s]
 32%|███▏      | 16/50 [00:07<00:04,  7.89it/s]
 36%|███▌      | 18/50 [00:07<00:03,  9.08it/s]
 40%|████      | 20/50 [00:07<00:03,  9.77it/s]
 44%|████▍     | 22/50 [00:08<00:02, 10.20it/s]
 48%|████▊     | 24/50 [00:08<00:02, 10.46it/s]
 52%|█████▏    | 26/50 [00:08<00:02, 10.64it/s]
 56%|█████▌    | 28/50 [00:08<00:02, 10.72it/s]
 60%|██████    | 30/50 [00:08<00:01, 10.83it/s]
 64%|██████▍   | 32/50 [00:08<00:01, 10.91it/s]
 68%|██████▊   | 34/50 [00:09<00:01, 10.90it/s]
 72%|███████▏  | 36/50 [00:09<00:01, 10.95it/s]
 76%|███████▌  | 38/50 [00:09<00:01, 10.96it/s]
 80%|████████  | 40/50 [00:09<00:00, 10.98it/s]
 84%|████████▍ | 42/50 [00:09<00:00, 11.01it/s]
 88%|████████▊ | 44/50 [00:10<00:00, 11.00it/s]
 92%|█████████▏| 46/50 [00:10<00:00, 11.01it/s]
 96%|█████████▌| 48/50 [00:10<00:00, 11.04it/s]
100%|██████████| 50/50 [00:16<00:00,  1.04it/s]
100%|██████████| 50/50 [00:16<00:00,  3.05it/s]
[I 2023-12-11 23:32:26,223] Trial 422 finished with value: 0.4135164945352452 and parameters: {'EMBEDDING_DIM': 64, 'HIDDEN_DIM': 584, 'NUM_LAYERS': 1, 'DROPOUT': 0.16879314966593306, 'LR': 0.005368270280444707, 'WEIGHT_0': 0.9769055146576587, 'WEIGHT_1': 0.24703354412956421, 'WEIGHT_2': 0.32380988099521524, 'WEIGHT_3': 0.29723014396289765, 'WEIGHT_4': 0.8389195867638641, 'WEIGHT_5': 0.45026030064855943, 'WEIGHT_6': 0.01923089254617953, 'WEIGHT_7': 0.7555071283637573, 'WEIGHT_8': 0.4898218118739248}. Best is trial 282 with value: 0.45463128081401455.
{'EMBEDDING_DIM': 64, 'HIDDEN_DIM': 584, 'NUM_LAYERS': 1, 'DROPOUT': 0.16879314966593306, 'LR': 0.005368270280444707, 'WEIGHT_0': 0.9769055146576587, 'WEIGHT_1': 0.24703354412956421, 'WEIGHT_2': 0.32380988099521524, 'WEIGHT_3': 0.29723014396289765, 'WEIGHT_4': 0.8389195867638641, 'WEIGHT_5': 0.45026030064855943, 'WEIGHT_6': 0.01923089254617953, 'WEIGHT_7': 0.7555071283637573, 'WEIGHT_8': 0.4898218118739248}
0
              precision    recall  f1-score   support

         LOC       0.00      0.00      0.00      1837
        MISC       0.00      0.00      0.00       922
         ORG       0.00      0.00      0.00      1341
         PER       0.00      0.00      0.00      1842

   micro avg       0.00      0.00      0.00      5942
   macro avg       0.00      0.00      0.00      5942
weighted avg       0.00      0.00      0.00      5942

{'EMBEDDING_DIM': 64, 'HIDDEN_DIM': 584, 'NUM_LAYERS': 1, 'DROPOUT': 0.16879314966593306, 'LR': 0.005368270280444707, 'WEIGHT_0': 0.9769055146576587, 'WEIGHT_1': 0.24703354412956421, 'WEIGHT_2': 0.32380988099521524, 'WEIGHT_3': 0.29723014396289765, 'WEIGHT_4': 0.8389195867638641, 'WEIGHT_5': 0.45026030064855943, 'WEIGHT_6': 0.01923089254617953, 'WEIGHT_7': 0.7555071283637573, 'WEIGHT_8': 0.4898218118739248}
49
              precision    recall  f1-score   support

         LOC       0.75      0.58      0.65      1837
        MISC       0.54      0.44      0.48       922
         ORG       0.37      0.21      0.27      1341
         PER       0.29      0.17      0.22      1842

   micro avg       0.51      0.35      0.41      5942
   macro avg       0.48      0.35      0.40      5942
weighted avg       0.49      0.35      0.40      5942

epoch 49
Transformer

  0%|          | 0/50 [00:00<?, ?it/s]
  2%|▏         | 1/50 [00:07<06:20,  7.77s/it]
  4%|▍         | 2/50 [00:07<02:38,  3.30s/it]
  6%|▌         | 3/50 [00:08<01:27,  1.86s/it]
  8%|▊         | 4/50 [00:08<00:54,  1.19s/it]
 10%|█         | 5/50 [00:08<00:36,  1.23it/s]
 12%|█▏        | 6/50 [00:08<00:25,  1.70it/s]
 14%|█▍        | 7/50 [00:08<00:19,  2.26it/s]
 16%|█▌        | 8/50 [00:08<00:14,  2.88it/s]
 18%|█▊        | 9/50 [00:08<00:11,  3.52it/s]
 20%|██        | 10/50 [00:09<00:09,  4.15it/s]
 22%|██▏       | 11/50 [00:09<00:08,  4.74it/s]
 24%|██▍       | 12/50 [00:09<00:07,  5.25it/s]
 26%|██▌       | 13/50 [00:09<00:06,  5.67it/s]
 28%|██▊       | 14/50 [00:09<00:06,  6.00it/s]
 30%|███       | 15/50 [00:09<00:05,  6.26it/s]
 32%|███▏      | 16/50 [00:09<00:05,  6.45it/s]
 34%|███▍      | 17/50 [00:10<00:05,  6.59it/s]
 36%|███▌      | 18/50 [00:10<00:04,  6.68it/s]
 38%|███▊      | 19/50 [00:10<00:04,  6.76it/s]
 40%|████      | 20/50 [00:10<00:04,  6.81it/s]
 42%|████▏     | 21/50 [00:10<00:04,  6.85it/s]
 44%|████▍     | 22/50 [00:10<00:04,  6.88it/s]
 46%|████▌     | 23/50 [00:10<00:03,  6.90it/s]
 48%|████▊     | 24/50 [00:11<00:03,  6.91it/s]
 50%|█████     | 25/50 [00:11<00:03,  6.92it/s]
 52%|█████▏    | 26/50 [00:11<00:03,  6.92it/s]
 54%|█████▍    | 27/50 [00:11<00:03,  6.93it/s]
 56%|█████▌    | 28/50 [00:11<00:03,  6.92it/s]
 58%|█████▊    | 29/50 [00:11<00:03,  6.93it/s]
 60%|██████    | 30/50 [00:11<00:02,  6.93it/s]
 62%|██████▏   | 31/50 [00:12<00:02,  6.94it/s]
 64%|██████▍   | 32/50 [00:12<00:02,  6.93it/s]
 66%|██████▌   | 33/50 [00:12<00:02,  6.94it/s]
 68%|██████▊   | 34/50 [00:12<00:02,  6.94it/s]
 70%|███████   | 35/50 [00:12<00:02,  6.94it/s]
 72%|███████▏  | 36/50 [00:12<00:02,  6.93it/s]
 74%|███████▍  | 37/50 [00:13<00:01,  6.94it/s]
 76%|███████▌  | 38/50 [00:13<00:01,  6.94it/s]
 78%|███████▊  | 39/50 [00:13<00:01,  6.93it/s]
 80%|████████  | 40/50 [00:13<00:01,  6.93it/s]
 82%|████████▏ | 41/50 [00:13<00:01,  6.94it/s]
 84%|████████▍ | 42/50 [00:13<00:01,  6.93it/s]
 86%|████████▌ | 43/50 [00:13<00:01,  6.93it/s]
 88%|████████▊ | 44/50 [00:14<00:00,  6.93it/s]
 90%|█████████ | 45/50 [00:14<00:00,  6.94it/s]
 92%|█████████▏| 46/50 [00:14<00:00,  6.93it/s]
 94%|█████████▍| 47/50 [00:14<00:00,  6.93it/s]
 96%|█████████▌| 48/50 [00:14<00:00,  6.94it/s]
 98%|█████████▊| 49/50 [00:14<00:00,  6.94it/s]
100%|██████████| 50/50 [00:22<00:00,  2.41s/it]
100%|██████████| 50/50 [00:22<00:00,  2.23it/s]
[I 2023-12-11 23:32:56,092] Trial 423 finished with value: 0.364816149963951 and parameters: {'EMBEDDING_DIM': 32, 'HIDDEN_DIM': 885, 'NUM_LAYERS': 2, 'DROPOUT': 0.2643797395007008, 'LR': 0.006278937704807351, 'WEIGHT_0': 0.8293869686409083, 'WEIGHT_1': 0.09960097966528803, 'WEIGHT_2': 0.47880819671521485, 'WEIGHT_3': 0.26581277585114493, 'WEIGHT_4': 0.5374118231081362, 'WEIGHT_5': 0.4766843059360467, 'WEIGHT_6': 0.09753719549463234, 'WEIGHT_7': 0.675111811222095, 'WEIGHT_8': 0.649257774914222}. Best is trial 282 with value: 0.45463128081401455.
{'EMBEDDING_DIM': 32, 'HIDDEN_DIM': 885, 'NUM_LAYERS': 2, 'DROPOUT': 0.2643797395007008, 'LR': 0.006278937704807351, 'WEIGHT_0': 0.8293869686409083, 'WEIGHT_1': 0.09960097966528803, 'WEIGHT_2': 0.47880819671521485, 'WEIGHT_3': 0.26581277585114493, 'WEIGHT_4': 0.5374118231081362, 'WEIGHT_5': 0.4766843059360467, 'WEIGHT_6': 0.09753719549463234, 'WEIGHT_7': 0.675111811222095, 'WEIGHT_8': 0.649257774914222}
0
              precision    recall  f1-score   support

         LOC       0.00      0.00      0.00      1837
        MISC       0.00      0.00      0.00       922
         ORG       0.00      0.00      0.00      1341
         PER       0.00      0.00      0.00      1842

   micro avg       0.00      0.00      0.00      5942
   macro avg       0.00      0.00      0.00      5942
weighted avg       0.00      0.00      0.00      5942

{'EMBEDDING_DIM': 32, 'HIDDEN_DIM': 885, 'NUM_LAYERS': 2, 'DROPOUT': 0.2643797395007008, 'LR': 0.006278937704807351, 'WEIGHT_0': 0.8293869686409083, 'WEIGHT_1': 0.09960097966528803, 'WEIGHT_2': 0.47880819671521485, 'WEIGHT_3': 0.26581277585114493, 'WEIGHT_4': 0.5374118231081362, 'WEIGHT_5': 0.4766843059360467, 'WEIGHT_6': 0.09753719549463234, 'WEIGHT_7': 0.675111811222095, 'WEIGHT_8': 0.649257774914222}
49
              precision    recall  f1-score   support

         LOC       0.74      0.55      0.63      1837
        MISC       0.31      0.50      0.38       922
         ORG       0.00      0.00      0.00      1341
         PER       0.34      0.17      0.22      1842

   micro avg       0.47      0.30      0.36      5942
   macro avg       0.35      0.30      0.31      5942
weighted avg       0.38      0.30      0.32      5942

epoch 49
Transformer

  0%|          | 0/50 [00:00<?, ?it/s]
  2%|▏         | 1/50 [00:09<07:48,  9.56s/it]
  4%|▍         | 2/50 [00:09<03:18,  4.13s/it]
  6%|▌         | 3/50 [00:10<01:51,  2.36s/it]
  8%|▊         | 4/50 [00:10<01:11,  1.55s/it]
 10%|█         | 5/50 [00:10<00:51,  1.14s/it]
 12%|█▏        | 6/50 [00:11<00:39,  1.11it/s]
 14%|█▍        | 7/50 [00:11<00:32,  1.31it/s]
 16%|█▌        | 8/50 [00:12<00:28,  1.47it/s]
 18%|█▊        | 9/50 [00:12<00:25,  1.59it/s]
 20%|██        | 10/50 [00:13<00:23,  1.69it/s]
 22%|██▏       | 11/50 [00:13<00:22,  1.75it/s]
 24%|██▍       | 12/50 [00:14<00:20,  1.83it/s]
 26%|██▌       | 13/50 [00:14<00:19,  1.88it/s]
 28%|██▊       | 14/50 [00:15<00:18,  1.91it/s]
 30%|███       | 15/50 [00:15<00:17,  1.95it/s]
 32%|███▏      | 16/50 [00:16<00:17,  1.97it/s]
 34%|███▍      | 17/50 [00:16<00:16,  1.98it/s]
 36%|███▌      | 18/50 [00:17<00:16,  2.00it/s]
 38%|███▊      | 19/50 [00:17<00:15,  2.01it/s]
 40%|████      | 20/50 [00:18<00:14,  2.01it/s]
 42%|████▏     | 21/50 [00:18<00:14,  2.01it/s]
 44%|████▍     | 22/50 [00:19<00:13,  2.01it/s]
 46%|████▌     | 23/50 [00:19<00:13,  2.02it/s]
 48%|████▊     | 24/50 [00:20<00:12,  2.01it/s]
 50%|█████     | 25/50 [00:20<00:12,  1.98it/s]
 52%|█████▏    | 26/50 [00:21<00:12,  1.94it/s]
 54%|█████▍    | 27/50 [00:21<00:12,  1.91it/s]
 56%|█████▌    | 28/50 [00:22<00:11,  1.89it/s]
 58%|█████▊    | 29/50 [00:22<00:11,  1.88it/s]
 60%|██████    | 30/50 [00:23<00:10,  1.87it/s]
 62%|██████▏   | 31/50 [00:24<00:10,  1.87it/s]
 64%|██████▍   | 32/50 [00:24<00:09,  1.84it/s]
 66%|██████▌   | 33/50 [00:25<00:09,  1.82it/s]
 68%|██████▊   | 34/50 [00:25<00:08,  1.81it/s]
 70%|███████   | 35/50 [00:26<00:08,  1.80it/s]
 72%|███████▏  | 36/50 [00:26<00:07,  1.79it/s]
 74%|███████▍  | 37/50 [00:27<00:07,  1.78it/s]
 76%|███████▌  | 38/50 [00:27<00:06,  1.78it/s]
 78%|███████▊  | 39/50 [00:28<00:06,  1.79it/s]
 80%|████████  | 40/50 [00:29<00:05,  1.78it/s]
 82%|████████▏ | 41/50 [00:29<00:05,  1.78it/s]
 84%|████████▍ | 42/50 [00:30<00:04,  1.78it/s]
 86%|████████▌ | 43/50 [00:30<00:03,  1.78it/s]
 88%|████████▊ | 44/50 [00:31<00:03,  1.78it/s]
 90%|█████████ | 45/50 [00:31<00:02,  1.79it/s]
 92%|█████████▏| 46/50 [00:32<00:02,  1.79it/s]
 94%|█████████▍| 47/50 [00:33<00:01,  1.77it/s]
 96%|█████████▌| 48/50 [00:33<00:01,  1.77it/s]
 98%|█████████▊| 49/50 [00:34<00:00,  1.76it/s]
100%|██████████| 50/50 [00:44<00:00,  3.44s/it]
100%|██████████| 50/50 [00:44<00:00,  1.13it/s]
[I 2023-12-11 23:33:49,619] Trial 424 finished with value: 0.17856015156299335 and parameters: {'EMBEDDING_DIM': 32, 'HIDDEN_DIM': 703, 'NUM_LAYERS': 3, 'DROPOUT': 0.21379510888022282, 'LR': 0.007182302216637355, 'WEIGHT_0': 0.10068961971351664, 'WEIGHT_1': 0.16729848913344264, 'WEIGHT_2': 0.6652305693032525, 'WEIGHT_3': 0.19006489209695512, 'WEIGHT_4': 0.7803724873609944, 'WEIGHT_5': 0.41569189880333823, 'WEIGHT_6': 0.060318496260957095, 'WEIGHT_7': 0.6271437973868677, 'WEIGHT_8': 0.9073293069759982}. Best is trial 282 with value: 0.45463128081401455.
{'EMBEDDING_DIM': 32, 'HIDDEN_DIM': 703, 'NUM_LAYERS': 3, 'DROPOUT': 0.21379510888022282, 'LR': 0.007182302216637355, 'WEIGHT_0': 0.10068961971351664, 'WEIGHT_1': 0.16729848913344264, 'WEIGHT_2': 0.6652305693032525, 'WEIGHT_3': 0.19006489209695512, 'WEIGHT_4': 0.7803724873609944, 'WEIGHT_5': 0.41569189880333823, 'WEIGHT_6': 0.060318496260957095, 'WEIGHT_7': 0.6271437973868677, 'WEIGHT_8': 0.9073293069759982}
0
              precision    recall  f1-score   support

         LOC       0.00      0.00      0.00      1837
        MISC       0.00      0.00      0.00       922
         ORG       0.00      0.00      0.00      1341
         PER       0.00      0.00      0.00      1842

   micro avg       0.00      0.00      0.00      5942
   macro avg       0.00      0.00      0.00      5942
weighted avg       0.00      0.00      0.00      5942

{'EMBEDDING_DIM': 32, 'HIDDEN_DIM': 703, 'NUM_LAYERS': 3, 'DROPOUT': 0.21379510888022282, 'LR': 0.007182302216637355, 'WEIGHT_0': 0.10068961971351664, 'WEIGHT_1': 0.16729848913344264, 'WEIGHT_2': 0.6652305693032525, 'WEIGHT_3': 0.19006489209695512, 'WEIGHT_4': 0.7803724873609944, 'WEIGHT_5': 0.41569189880333823, 'WEIGHT_6': 0.060318496260957095, 'WEIGHT_7': 0.6271437973868677, 'WEIGHT_8': 0.9073293069759982}
49
              precision    recall  f1-score   support

         LOC       0.24      0.43      0.31      1837
        MISC       0.00      0.00      0.00       922
         ORG       0.00      0.00      0.00      1341
         PER       0.10      0.18      0.13      1842

   micro avg       0.17      0.19      0.18      5942
   macro avg       0.08      0.15      0.11      5942
weighted avg       0.10      0.19      0.14      5942

epoch 49
Transformer

  0%|          | 0/50 [00:00<?, ?it/s]
  2%|▏         | 1/50 [00:05<04:49,  5.91s/it]
  6%|▌         | 3/50 [00:06<01:15,  1.60s/it]
 10%|█         | 5/50 [00:06<00:37,  1.21it/s]
 14%|█▍        | 7/50 [00:06<00:22,  1.93it/s]
 18%|█▊        | 9/50 [00:06<00:14,  2.80it/s]
 22%|██▏       | 11/50 [00:06<00:10,  3.78it/s]
 26%|██▌       | 13/50 [00:07<00:07,  4.83it/s]
 30%|███       | 15/50 [00:07<00:05,  5.88it/s]
 34%|███▍      | 17/50 [00:07<00:04,  6.89it/s]
 38%|███▊      | 19/50 [00:07<00:03,  7.78it/s]
 42%|████▏     | 21/50 [00:07<00:03,  8.55it/s]
 46%|████▌     | 23/50 [00:07<00:02,  9.16it/s]
 50%|█████     | 25/50 [00:08<00:02,  9.61it/s]
 54%|█████▍    | 27/50 [00:08<00:02,  9.95it/s]
 58%|█████▊    | 29/50 [00:08<00:02, 10.22it/s]
 62%|██████▏   | 31/50 [00:08<00:01, 10.39it/s]
 66%|██████▌   | 33/50 [00:08<00:01, 10.52it/s]
 70%|███████   | 35/50 [00:09<00:01, 10.62it/s]
 74%|███████▍  | 37/50 [00:09<00:01, 10.71it/s]
 78%|███████▊  | 39/50 [00:09<00:01, 10.76it/s]
 82%|████████▏ | 41/50 [00:09<00:00, 10.81it/s]
 86%|████████▌ | 43/50 [00:09<00:00, 10.81it/s]
 90%|█████████ | 45/50 [00:09<00:00, 10.84it/s]
 94%|█████████▍| 47/50 [00:10<00:00, 10.83it/s]
 98%|█████████▊| 49/50 [00:10<00:00, 10.86it/s]
100%|██████████| 50/50 [00:16<00:00,  3.07it/s]
