[I 2023-12-11 23:55:28,869] Trial 469 finished with value: 0.4562461026813552 and parameters: {'EMBEDDING_DIM': 32, 'HIDDEN_DIM': 885, 'NUM_LAYERS': 1, 'DROPOUT': 0.3565490343722815, 'LR': 0.009025385935694043, 'WEIGHT_0': 0.7600335305128744, 'WEIGHT_1': 0.2425557517410947, 'WEIGHT_2': 0.8009576541868499, 'WEIGHT_3': 0.28201661259128663, 'WEIGHT_4': 0.46900467332287143, 'WEIGHT_5': 0.5353934391528508, 'WEIGHT_6': 0.3807186453927347, 'WEIGHT_7': 0.9843902523426832, 'WEIGHT_8': 0.9744450483005902}. Best is trial 469 with value: 0.4562461026813552.
{'EMBEDDING_DIM': 32, 'HIDDEN_DIM': 885, 'NUM_LAYERS': 1, 'DROPOUT': 0.3565490343722815, 'LR': 0.009025385935694043, 'WEIGHT_0': 0.7600335305128744, 'WEIGHT_1': 0.2425557517410947, 'WEIGHT_2': 0.8009576541868499, 'WEIGHT_3': 0.28201661259128663, 'WEIGHT_4': 0.46900467332287143, 'WEIGHT_5': 0.5353934391528508, 'WEIGHT_6': 0.3807186453927347, 'WEIGHT_7': 0.9843902523426832, 'WEIGHT_8': 0.9744450483005902}
0
              precision    recall  f1-score   support

         LOC       0.00      0.00      0.00      1837
        MISC       0.00      0.00      0.00       922
         ORG       0.00      0.00      0.00      1341
         PER       0.00      0.00      0.00      1842

   micro avg       0.00      0.00      0.00      5942
   macro avg       0.00      0.00      0.00      5942
weighted avg       0.00      0.00      0.00      5942

{'EMBEDDING_DIM': 32, 'HIDDEN_DIM': 885, 'NUM_LAYERS': 1, 'DROPOUT': 0.3565490343722815, 'LR': 0.009025385935694043, 'WEIGHT_0': 0.7600335305128744, 'WEIGHT_1': 0.2425557517410947, 'WEIGHT_2': 0.8009576541868499, 'WEIGHT_3': 0.28201661259128663, 'WEIGHT_4': 0.46900467332287143, 'WEIGHT_5': 0.5353934391528508, 'WEIGHT_6': 0.3807186453927347, 'WEIGHT_7': 0.9843902523426832, 'WEIGHT_8': 0.9744450483005902}
49
              precision    recall  f1-score   support

         LOC       0.77      0.59      0.67      1837
        MISC       0.65      0.52      0.58       922
         ORG       0.46      0.21      0.29      1341
         PER       0.38      0.19      0.25      1842

   micro avg       0.60      0.37      0.46      5942
   macro avg       0.56      0.38      0.45      5942
weighted avg       0.56      0.37      0.44      5942

epoch 49
Transformer

  0%|          | 0/50 [00:00<?, ?it/s]
  2%|▏         | 1/50 [00:05<04:52,  5.97s/it]
  6%|▌         | 3/50 [00:06<01:16,  1.62s/it]
 10%|█         | 5/50 [00:06<00:37,  1.20it/s]
 14%|█▍        | 7/50 [00:06<00:22,  1.91it/s]
 18%|█▊        | 9/50 [00:06<00:14,  2.78it/s]
 22%|██▏       | 11/50 [00:06<00:10,  3.78it/s]
 26%|██▌       | 13/50 [00:07<00:07,  4.85it/s]
 30%|███       | 15/50 [00:07<00:05,  5.94it/s]
 34%|███▍      | 17/50 [00:07<00:04,  6.98it/s]
 38%|███▊      | 19/50 [00:07<00:03,  7.92it/s]
 42%|████▏     | 21/50 [00:07<00:03,  8.62it/s]
 46%|████▌     | 23/50 [00:07<00:02,  9.27it/s]
 50%|█████     | 25/50 [00:08<00:02,  9.80it/s]
 54%|█████▍    | 27/50 [00:08<00:02, 10.20it/s]
 58%|█████▊    | 29/50 [00:08<00:02, 10.49it/s]
 62%|██████▏   | 31/50 [00:08<00:01, 10.72it/s]
 66%|██████▌   | 33/50 [00:08<00:01, 10.86it/s]
 70%|███████   | 35/50 [00:09<00:01, 10.97it/s]
 74%|███████▍  | 37/50 [00:09<00:01, 11.04it/s]
 78%|███████▊  | 39/50 [00:09<00:00, 11.10it/s]
 82%|████████▏ | 41/50 [00:09<00:00, 11.14it/s]
 86%|████████▌ | 43/50 [00:09<00:00, 11.17it/s]
 90%|█████████ | 45/50 [00:09<00:00, 11.18it/s]
 94%|█████████▍| 47/50 [00:10<00:00, 11.17it/s]
 98%|█████████▊| 49/50 [00:10<00:00, 11.20it/s]
100%|██████████| 50/50 [00:16<00:00,  3.08it/s]
[I 2023-12-11 23:55:50,722] Trial 470 finished with value: 0.43373493975903615 and parameters: {'EMBEDDING_DIM': 32, 'HIDDEN_DIM': 913, 'NUM_LAYERS': 1, 'DROPOUT': 0.3618367502547982, 'LR': 0.009182844342514295, 'WEIGHT_0': 0.8144121298185777, 'WEIGHT_1': 0.23683457394034677, 'WEIGHT_2': 0.8677096536649254, 'WEIGHT_3': 0.34545989614284556, 'WEIGHT_4': 0.44566368191912786, 'WEIGHT_5': 0.572439845144464, 'WEIGHT_6': 0.3391689565410279, 'WEIGHT_7': 0.7293390727177961, 'WEIGHT_8': 0.9834348166694341}. Best is trial 469 with value: 0.4562461026813552.
{'EMBEDDING_DIM': 32, 'HIDDEN_DIM': 913, 'NUM_LAYERS': 1, 'DROPOUT': 0.3618367502547982, 'LR': 0.009182844342514295, 'WEIGHT_0': 0.8144121298185777, 'WEIGHT_1': 0.23683457394034677, 'WEIGHT_2': 0.8677096536649254, 'WEIGHT_3': 0.34545989614284556, 'WEIGHT_4': 0.44566368191912786, 'WEIGHT_5': 0.572439845144464, 'WEIGHT_6': 0.3391689565410279, 'WEIGHT_7': 0.7293390727177961, 'WEIGHT_8': 0.9834348166694341}
0
              precision    recall  f1-score   support

         LOC       0.00      0.00      0.00      1837
        MISC       0.00      0.00      0.00       922
         ORG       0.00      0.00      0.00      1341
         PER       0.00      0.00      0.00      1842

   micro avg       0.00      0.00      0.00      5942
   macro avg       0.00      0.00      0.00      5942
weighted avg       0.00      0.00      0.00      5942

{'EMBEDDING_DIM': 32, 'HIDDEN_DIM': 913, 'NUM_LAYERS': 1, 'DROPOUT': 0.3618367502547982, 'LR': 0.009182844342514295, 'WEIGHT_0': 0.8144121298185777, 'WEIGHT_1': 0.23683457394034677, 'WEIGHT_2': 0.8677096536649254, 'WEIGHT_3': 0.34545989614284556, 'WEIGHT_4': 0.44566368191912786, 'WEIGHT_5': 0.572439845144464, 'WEIGHT_6': 0.3391689565410279, 'WEIGHT_7': 0.7293390727177961, 'WEIGHT_8': 0.9834348166694341}
49
              precision    recall  f1-score   support

         LOC       0.63      0.60      0.62      1837
        MISC       0.55      0.51      0.53       922
         ORG       0.44      0.22      0.29      1341
         PER       0.36      0.18      0.24      1842

   micro avg       0.52      0.37      0.43      5942
   macro avg       0.49      0.38      0.42      5942
weighted avg       0.49      0.37      0.41      5942

epoch 49
Transformer

  0%|          | 0/50 [00:00<?, ?it/s]
  2%|▏         | 1/50 [00:05<04:53,  5.98s/it]
  6%|▌         | 3/50 [00:06<01:16,  1.62s/it]
 10%|█         | 5/50 [00:06<00:37,  1.20it/s]
 14%|█▍        | 7/50 [00:06<00:22,  1.92it/s]
 18%|█▊        | 9/50 [00:06<00:14,  2.78it/s]
 22%|██▏       | 11/50 [00:06<00:10,  3.77it/s]
 26%|██▌       | 13/50 [00:07<00:07,  4.83it/s]
 30%|███       | 15/50 [00:07<00:05,  5.92it/s]
 34%|███▍      | 17/50 [00:07<00:04,  6.95it/s]
 38%|███▊      | 19/50 [00:07<00:03,  7.87it/s]
 42%|████▏     | 21/50 [00:07<00:03,  8.66it/s]
 46%|████▌     | 23/50 [00:07<00:02,  9.31it/s]
 50%|█████     | 25/50 [00:08<00:02,  9.80it/s]
 54%|█████▍    | 27/50 [00:08<00:02, 10.18it/s]
 58%|█████▊    | 29/50 [00:08<00:02, 10.47it/s]
 62%|██████▏   | 31/50 [00:08<00:01, 10.67it/s]
 66%|██████▌   | 33/50 [00:08<00:01, 10.81it/s]
 70%|███████   | 35/50 [00:09<00:01, 10.91it/s]
 74%|███████▍  | 37/50 [00:09<00:01, 10.97it/s]
 78%|███████▊  | 39/50 [00:09<00:00, 11.04it/s]
 82%|████████▏ | 41/50 [00:09<00:00, 11.08it/s]
 86%|████████▌ | 43/50 [00:09<00:00, 11.11it/s]
 90%|█████████ | 45/50 [00:09<00:00, 11.13it/s]
 94%|█████████▍| 47/50 [00:10<00:00, 11.13it/s]
 98%|█████████▊| 49/50 [00:10<00:00, 11.14it/s]
100%|██████████| 50/50 [00:16<00:00,  3.08it/s]
[I 2023-12-11 23:56:12,469] Trial 471 finished with value: 0.4464416344445606 and parameters: {'EMBEDDING_DIM': 32, 'HIDDEN_DIM': 866, 'NUM_LAYERS': 1, 'DROPOUT': 0.3696901627155052, 'LR': 0.007320536404773901, 'WEIGHT_0': 0.9656030238139831, 'WEIGHT_1': 0.23667025568355227, 'WEIGHT_2': 0.958001485499087, 'WEIGHT_3': 0.2906789772757487, 'WEIGHT_4': 0.4943002026905262, 'WEIGHT_5': 0.5337918466874391, 'WEIGHT_6': 0.1347526213985041, 'WEIGHT_7': 0.9343185677612885, 'WEIGHT_8': 0.9402886589945483}. Best is trial 469 with value: 0.4562461026813552.
{'EMBEDDING_DIM': 32, 'HIDDEN_DIM': 866, 'NUM_LAYERS': 1, 'DROPOUT': 0.3696901627155052, 'LR': 0.007320536404773901, 'WEIGHT_0': 0.9656030238139831, 'WEIGHT_1': 0.23667025568355227, 'WEIGHT_2': 0.958001485499087, 'WEIGHT_3': 0.2906789772757487, 'WEIGHT_4': 0.4943002026905262, 'WEIGHT_5': 0.5337918466874391, 'WEIGHT_6': 0.1347526213985041, 'WEIGHT_7': 0.9343185677612885, 'WEIGHT_8': 0.9402886589945483}
0
              precision    recall  f1-score   support

         LOC       0.00      0.00      0.00      1837
        MISC       0.00      0.00      0.00       922
         ORG       0.00      0.00      0.00      1341
         PER       0.00      0.00      0.00      1842

   micro avg       0.00      0.00      0.00      5942
   macro avg       0.00      0.00      0.00      5942
weighted avg       0.00      0.00      0.00      5942

{'EMBEDDING_DIM': 32, 'HIDDEN_DIM': 866, 'NUM_LAYERS': 1, 'DROPOUT': 0.3696901627155052, 'LR': 0.007320536404773901, 'WEIGHT_0': 0.9656030238139831, 'WEIGHT_1': 0.23667025568355227, 'WEIGHT_2': 0.958001485499087, 'WEIGHT_3': 0.2906789772757487, 'WEIGHT_4': 0.4943002026905262, 'WEIGHT_5': 0.5337918466874391, 'WEIGHT_6': 0.1347526213985041, 'WEIGHT_7': 0.9343185677612885, 'WEIGHT_8': 0.9402886589945483}
49
              precision    recall  f1-score   support

         LOC       0.78      0.57      0.66      1837
        MISC       0.64      0.51      0.56       922
         ORG       0.44      0.21      0.28      1341
         PER       0.37      0.18      0.24      1842

   micro avg       0.59      0.36      0.45      5942
   macro avg       0.56      0.37      0.44      5942
weighted avg       0.55      0.36      0.43      5942

epoch 49
Transformer

  0%|          | 0/50 [00:00<?, ?it/s]
  2%|▏         | 1/50 [00:05<04:45,  5.83s/it]
  4%|▍         | 2/50 [00:05<01:58,  2.46s/it]
  8%|▊         | 4/50 [00:06<00:44,  1.02it/s]
 12%|█▏        | 6/50 [00:06<00:24,  1.78it/s]
 16%|█▌        | 8/50 [00:06<00:15,  2.67it/s]
 20%|██        | 10/50 [00:06<00:10,  3.70it/s]
 24%|██▍       | 12/50 [00:06<00:07,  4.78it/s]
 28%|██▊       | 14/50 [00:07<00:06,  5.87it/s]
 32%|███▏      | 16/50 [00:07<00:04,  6.87it/s]
 36%|███▌      | 18/50 [00:07<00:04,  7.77it/s]
 40%|████      | 20/50 [00:07<00:03,  8.52it/s]
 44%|████▍     | 22/50 [00:07<00:03,  9.15it/s]
 48%|████▊     | 24/50 [00:07<00:02,  9.64it/s]
 52%|█████▏    | 26/50 [00:08<00:02,  9.98it/s]
 56%|█████▌    | 28/50 [00:08<00:02, 10.26it/s]
 60%|██████    | 30/50 [00:08<00:01, 10.42it/s]
 64%|██████▍   | 32/50 [00:08<00:01, 10.55it/s]
 68%|██████▊   | 34/50 [00:08<00:01, 10.64it/s]
 72%|███████▏  | 36/50 [00:09<00:01, 10.73it/s]
 76%|███████▌  | 38/50 [00:09<00:01, 10.75it/s]
 80%|████████  | 40/50 [00:09<00:00, 10.79it/s]
 84%|████████▍ | 42/50 [00:09<00:00, 10.82it/s]
 88%|████████▊ | 44/50 [00:09<00:00, 10.84it/s]
 92%|█████████▏| 46/50 [00:09<00:00, 10.90it/s]
 96%|█████████▌| 48/50 [00:10<00:00, 10.91it/s]
100%|██████████| 50/50 [00:16<00:00,  1.04it/s]
100%|██████████| 50/50 [00:16<00:00,  3.10it/s]
[I 2023-12-11 23:56:34,132] Trial 472 finished with value: 0.43030794165316044 and parameters: {'EMBEDDING_DIM': 32, 'HIDDEN_DIM': 986, 'NUM_LAYERS': 1, 'DROPOUT': 0.3800774308538548, 'LR': 0.007167156134405537, 'WEIGHT_0': 0.8472250879520641, 'WEIGHT_1': 0.25501649230721957, 'WEIGHT_2': 0.5738568963755181, 'WEIGHT_3': 0.280809832061654, 'WEIGHT_4': 0.3813411888148397, 'WEIGHT_5': 0.1585378620652389, 'WEIGHT_6': 0.4823942221374135, 'WEIGHT_7': 0.9689387509974393, 'WEIGHT_8': 0.9641654805682143}. Best is trial 469 with value: 0.4562461026813552.
{'EMBEDDING_DIM': 32, 'HIDDEN_DIM': 986, 'NUM_LAYERS': 1, 'DROPOUT': 0.3800774308538548, 'LR': 0.007167156134405537, 'WEIGHT_0': 0.8472250879520641, 'WEIGHT_1': 0.25501649230721957, 'WEIGHT_2': 0.5738568963755181, 'WEIGHT_3': 0.280809832061654, 'WEIGHT_4': 0.3813411888148397, 'WEIGHT_5': 0.1585378620652389, 'WEIGHT_6': 0.4823942221374135, 'WEIGHT_7': 0.9689387509974393, 'WEIGHT_8': 0.9641654805682143}
0
              precision    recall  f1-score   support

         LOC       0.00      0.00      0.00      1837
        MISC       0.00      0.00      0.00       922
         ORG       0.00      0.00      0.00      1341
         PER       0.00      0.00      0.00      1842

   micro avg       0.00      0.00      0.00      5942
   macro avg       0.00      0.00      0.00      5942
weighted avg       0.00      0.00      0.00      5942

{'EMBEDDING_DIM': 32, 'HIDDEN_DIM': 986, 'NUM_LAYERS': 1, 'DROPOUT': 0.3800774308538548, 'LR': 0.007167156134405537, 'WEIGHT_0': 0.8472250879520641, 'WEIGHT_1': 0.25501649230721957, 'WEIGHT_2': 0.5738568963755181, 'WEIGHT_3': 0.280809832061654, 'WEIGHT_4': 0.3813411888148397, 'WEIGHT_5': 0.1585378620652389, 'WEIGHT_6': 0.4823942221374135, 'WEIGHT_7': 0.9689387509974393, 'WEIGHT_8': 0.9641654805682143}
49
              precision    recall  f1-score   support

         LOC       0.73      0.54      0.62      1837
        MISC       0.58      0.51      0.54       922
         ORG       0.41      0.25      0.31      1341
         PER       0.35      0.18      0.24      1842

   micro avg       0.54      0.36      0.43      5942
   macro avg       0.52      0.37      0.43      5942
weighted avg       0.52      0.36      0.42      5942

epoch 49
Transformer

  0%|          | 0/50 [00:00<?, ?it/s]
  2%|▏         | 1/50 [00:05<04:45,  5.82s/it]
  6%|▌         | 3/50 [00:06<01:14,  1.58s/it]
 10%|█         | 5/50 [00:06<00:36,  1.23it/s]
 12%|█▏        | 6/50 [00:06<00:27,  1.59it/s]
 14%|█▍        | 7/50 [00:06<00:20,  2.05it/s]
 16%|█▌        | 8/50 [00:06<00:15,  2.64it/s]
 18%|█▊        | 9/50 [00:06<00:12,  3.34it/s]
 20%|██        | 10/50 [00:06<00:09,  4.11it/s]
 22%|██▏       | 11/50 [00:06<00:07,  4.92it/s]
 24%|██▍       | 12/50 [00:06<00:06,  5.61it/s]
 28%|██▊       | 14/50 [00:07<00:04,  7.35it/s]
 32%|███▏      | 16/50 [00:07<00:03,  8.56it/s]
 36%|███▌      | 18/50 [00:07<00:03,  9.38it/s]
 40%|████      | 20/50 [00:07<00:03,  9.99it/s]
 44%|████▍     | 22/50 [00:07<00:02, 10.41it/s]
 48%|████▊     | 24/50 [00:08<00:02, 10.73it/s]
 52%|█████▏    | 26/50 [00:08<00:02, 10.95it/s]
 56%|█████▌    | 28/50 [00:08<00:01, 11.10it/s]
 60%|██████    | 30/50 [00:08<00:01, 11.21it/s]
 64%|██████▍   | 32/50 [00:08<00:01, 11.29it/s]
 68%|██████▊   | 34/50 [00:08<00:01, 11.31it/s]
 72%|███████▏  | 36/50 [00:09<00:01, 11.37it/s]
 76%|███████▌  | 38/50 [00:09<00:01, 11.39it/s]
 80%|████████  | 40/50 [00:09<00:00, 11.39it/s]
 84%|████████▍ | 42/50 [00:09<00:00, 11.41it/s]
 88%|████████▊ | 44/50 [00:09<00:00, 11.43it/s]
 92%|█████████▏| 46/50 [00:09<00:00, 11.43it/s]
 96%|█████████▌| 48/50 [00:10<00:00, 11.45it/s]
100%|██████████| 50/50 [00:16<00:00,  1.06it/s]
100%|██████████| 50/50 [00:16<00:00,  3.12it/s]
[I 2023-12-11 23:56:55,654] Trial 473 finished with value: 0.3952500650082344 and parameters: {'EMBEDDING_DIM': 32, 'HIDDEN_DIM': 836, 'NUM_LAYERS': 1, 'DROPOUT': 0.3718983422274241, 'LR': 0.00923913043842318, 'WEIGHT_0': 0.7512340102677312, 'WEIGHT_1': 0.27041965775313054, 'WEIGHT_2': 0.9083256390284798, 'WEIGHT_3': 0.32070451787116644, 'WEIGHT_4': 0.4868081684258837, 'WEIGHT_5': 0.5619370137222897, 'WEIGHT_6': 0.5616480034288291, 'WEIGHT_7': 0.9829703887220866, 'WEIGHT_8': 0.9579474911194317}. Best is trial 469 with value: 0.4562461026813552.
{'EMBEDDING_DIM': 32, 'HIDDEN_DIM': 836, 'NUM_LAYERS': 1, 'DROPOUT': 0.3718983422274241, 'LR': 0.00923913043842318, 'WEIGHT_0': 0.7512340102677312, 'WEIGHT_1': 0.27041965775313054, 'WEIGHT_2': 0.9083256390284798, 'WEIGHT_3': 0.32070451787116644, 'WEIGHT_4': 0.4868081684258837, 'WEIGHT_5': 0.5619370137222897, 'WEIGHT_6': 0.5616480034288291, 'WEIGHT_7': 0.9829703887220866, 'WEIGHT_8': 0.9579474911194317}
0
              precision    recall  f1-score   support

         LOC       0.00      0.00      0.00      1837
        MISC       0.00      0.00      0.00       922
         ORG       0.00      0.00      0.00      1341
         PER       0.00      0.00      0.00      1842

   micro avg       0.00      0.00      0.00      5942
   macro avg       0.00      0.00      0.00      5942
weighted avg       0.00      0.00      0.00      5942

{'EMBEDDING_DIM': 32, 'HIDDEN_DIM': 836, 'NUM_LAYERS': 1, 'DROPOUT': 0.3718983422274241, 'LR': 0.00923913043842318, 'WEIGHT_0': 0.7512340102677312, 'WEIGHT_1': 0.27041965775313054, 'WEIGHT_2': 0.9083256390284798, 'WEIGHT_3': 0.32070451787116644, 'WEIGHT_4': 0.4868081684258837, 'WEIGHT_5': 0.5619370137222897, 'WEIGHT_6': 0.5616480034288291, 'WEIGHT_7': 0.9829703887220866, 'WEIGHT_8': 0.9579474911194317}
49
              precision    recall  f1-score   support

         LOC       0.75      0.58      0.66      1837
        MISC       0.64      0.51      0.57       922
         ORG       0.42      0.22      0.29      1341
         PER       0.16      0.24      0.19      1842

   micro avg       0.41      0.38      0.40      5942
   macro avg       0.49      0.39      0.43      5942
weighted avg       0.48      0.38      0.42      5942

epoch 49
Transformer

  0%|          | 0/50 [00:00<?, ?it/s]
  2%|▏         | 1/50 [00:05<04:47,  5.86s/it]
  6%|▌         | 3/50 [00:06<01:14,  1.59s/it]
 10%|█         | 5/50 [00:06<00:37,  1.22it/s]
 14%|█▍        | 7/50 [00:06<00:22,  1.94it/s]
 18%|█▊        | 9/50 [00:06<00:14,  2.81it/s]
 20%|██        | 10/50 [00:06<00:12,  3.24it/s]
 22%|██▏       | 11/50 [00:06<00:10,  3.82it/s]
 24%|██▍       | 12/50 [00:06<00:08,  4.48it/s]
 26%|██▌       | 13/50 [00:07<00:07,  5.22it/s]
 30%|███       | 15/50 [00:07<00:05,  6.78it/s]
 32%|███▏      | 16/50 [00:07<00:04,  7.31it/s]
 34%|███▍      | 17/50 [00:07<00:04,  7.76it/s]
 36%|███▌      | 18/50 [00:07<00:03,  8.15it/s]
 40%|████      | 20/50 [00:07<00:03,  9.18it/s]
 44%|████▍     | 22/50 [00:07<00:02,  9.90it/s]
 48%|████▊     | 24/50 [00:08<00:02, 10.38it/s]
 52%|█████▏    | 26/50 [00:08<00:02, 10.70it/s]
 56%|█████▌    | 28/50 [00:08<00:02, 10.90it/s]
 60%|██████    | 30/50 [00:08<00:01, 11.05it/s]
 64%|██████▍   | 32/50 [00:08<00:01, 11.17it/s]
 68%|██████▊   | 34/50 [00:08<00:01, 11.23it/s]
 72%|███████▏  | 36/50 [00:09<00:01, 11.27it/s]
 76%|███████▌  | 38/50 [00:09<00:01, 11.29it/s]
 80%|████████  | 40/50 [00:09<00:00, 11.32it/s]
 84%|████████▍ | 42/50 [00:09<00:00, 11.35it/s]
 88%|████████▊ | 44/50 [00:09<00:00, 11.37it/s]
 92%|█████████▏| 46/50 [00:10<00:00, 11.37it/s]
 96%|█████████▌| 48/50 [00:10<00:00, 11.39it/s]
100%|██████████| 50/50 [00:16<00:00,  1.04it/s]
100%|██████████| 50/50 [00:16<00:00,  3.08it/s]
[I 2023-12-11 23:57:17,418] Trial 474 finished with value: 0.4432354752617533 and parameters: {'EMBEDDING_DIM': 32, 'HIDDEN_DIM': 931, 'NUM_LAYERS': 1, 'DROPOUT': 0.3584902918821089, 'LR': 0.0044440367120620545, 'WEIGHT_0': 0.7653474603201017, 'WEIGHT_1': 0.21138927285966191, 'WEIGHT_2': 0.7787609521498874, 'WEIGHT_3': 0.26992573308424367, 'WEIGHT_4': 0.46628212600184354, 'WEIGHT_5': 0.508956834664953, 'WEIGHT_6': 0.39430852237646435, 'WEIGHT_7': 0.9843711727625988, 'WEIGHT_8': 0.9776445565577904}. Best is trial 469 with value: 0.4562461026813552.
{'EMBEDDING_DIM': 32, 'HIDDEN_DIM': 931, 'NUM_LAYERS': 1, 'DROPOUT': 0.3584902918821089, 'LR': 0.0044440367120620545, 'WEIGHT_0': 0.7653474603201017, 'WEIGHT_1': 0.21138927285966191, 'WEIGHT_2': 0.7787609521498874, 'WEIGHT_3': 0.26992573308424367, 'WEIGHT_4': 0.46628212600184354, 'WEIGHT_5': 0.508956834664953, 'WEIGHT_6': 0.39430852237646435, 'WEIGHT_7': 0.9843711727625988, 'WEIGHT_8': 0.9776445565577904}
0
              precision    recall  f1-score   support

         LOC       0.00      0.00      0.00      1837
        MISC       0.00      0.00      0.00       922
         ORG       0.00      0.00      0.00      1341
         PER       0.00      0.00      0.00      1842

   micro avg       0.00      0.00      0.00      5942
   macro avg       0.00      0.00      0.00      5942
weighted avg       0.00      0.00      0.00      5942

{'EMBEDDING_DIM': 32, 'HIDDEN_DIM': 931, 'NUM_LAYERS': 1, 'DROPOUT': 0.3584902918821089, 'LR': 0.0044440367120620545, 'WEIGHT_0': 0.7653474603201017, 'WEIGHT_1': 0.21138927285966191, 'WEIGHT_2': 0.7787609521498874, 'WEIGHT_3': 0.26992573308424367, 'WEIGHT_4': 0.46628212600184354, 'WEIGHT_5': 0.508956834664953, 'WEIGHT_6': 0.39430852237646435, 'WEIGHT_7': 0.9843711727625988, 'WEIGHT_8': 0.9776445565577904}
49
              precision    recall  f1-score   support

         LOC       0.79      0.57      0.66      1837
        MISC       0.64      0.51      0.57       922
         ORG       0.45      0.22      0.30      1341
         PER       0.32      0.18      0.23      1842

   micro avg       0.57      0.36      0.44      5942
   macro avg       0.55      0.37      0.44      5942
weighted avg       0.54      0.36      0.43      5942

epoch 49
Transformer

  0%|          | 0/50 [00:00<?, ?it/s]
  2%|▏         | 1/50 [00:05<04:48,  5.90s/it]
  6%|▌         | 3/50 [00:06<01:15,  1.60s/it]
 10%|█         | 5/50 [00:06<00:37,  1.21it/s]
 12%|█▏        | 6/50 [00:06<00:27,  1.59it/s]
 14%|█▍        | 7/50 [00:06<00:20,  2.06it/s]
 16%|█▌        | 8/50 [00:06<00:16,  2.55it/s]
 18%|█▊        | 9/50 [00:06<00:13,  3.11it/s]
 22%|██▏       | 11/50 [00:06<00:08,  4.57it/s]
 26%|██▌       | 13/50 [00:07<00:06,  6.00it/s]
 30%|███       | 15/50 [00:07<00:04,  7.23it/s]
 34%|███▍      | 17/50 [00:07<00:03,  8.26it/s]
 38%|███▊      | 19/50 [00:07<00:03,  9.08it/s]
 42%|████▏     | 21/50 [00:07<00:02,  9.72it/s]
 46%|████▌     | 23/50 [00:08<00:02, 10.19it/s]
 50%|█████     | 25/50 [00:08<00:02, 10.56it/s]
 54%|█████▍    | 27/50 [00:08<00:02, 10.82it/s]
 58%|█████▊    | 29/50 [00:08<00:01, 10.99it/s]
 62%|██████▏   | 31/50 [00:08<00:01, 11.13it/s]
 66%|██████▌   | 33/50 [00:08<00:01, 11.23it/s]
 70%|███████   | 35/50 [00:09<00:01, 11.29it/s]
 74%|███████▍  | 37/50 [00:09<00:01, 11.33it/s]
 78%|███████▊  | 39/50 [00:09<00:00, 11.37it/s]
 82%|████████▏ | 41/50 [00:09<00:00, 11.39it/s]
 86%|████████▌ | 43/50 [00:09<00:00, 11.41it/s]
 90%|█████████ | 45/50 [00:09<00:00, 11.42it/s]
 94%|█████████▍| 47/50 [00:10<00:00, 11.42it/s]
 98%|█████████▊| 49/50 [00:10<00:00, 11.43it/s]
100%|██████████| 50/50 [00:16<00:00,  3.11it/s]
