[I 2023-12-11 23:57:39,063] Trial 475 finished with value: 0.42552753474009264 and parameters: {'EMBEDDING_DIM': 32, 'HIDDEN_DIM': 805, 'NUM_LAYERS': 1, 'DROPOUT': 0.3809693161457909, 'LR': 0.009582868699030581, 'WEIGHT_0': 0.777132050914267, 'WEIGHT_1': 0.2924851962086527, 'WEIGHT_2': 0.612033016757698, 'WEIGHT_3': 0.30599771165354445, 'WEIGHT_4': 0.4795147550275686, 'WEIGHT_5': 0.5019784857707015, 'WEIGHT_6': 0.43259782427987237, 'WEIGHT_7': 0.9772142868556695, 'WEIGHT_8': 0.999815906640988}. Best is trial 469 with value: 0.4562461026813552.
{'EMBEDDING_DIM': 32, 'HIDDEN_DIM': 805, 'NUM_LAYERS': 1, 'DROPOUT': 0.3809693161457909, 'LR': 0.009582868699030581, 'WEIGHT_0': 0.777132050914267, 'WEIGHT_1': 0.2924851962086527, 'WEIGHT_2': 0.612033016757698, 'WEIGHT_3': 0.30599771165354445, 'WEIGHT_4': 0.4795147550275686, 'WEIGHT_5': 0.5019784857707015, 'WEIGHT_6': 0.43259782427987237, 'WEIGHT_7': 0.9772142868556695, 'WEIGHT_8': 0.999815906640988}
0
              precision    recall  f1-score   support

         LOC       0.00      0.00      0.00      1837
        MISC       0.00      0.00      0.00       922
         ORG       0.00      0.00      0.00      1341
         PER       0.00      0.00      0.00      1842

   micro avg       0.00      0.00      0.00      5942
   macro avg       0.00      0.00      0.00      5942
weighted avg       0.00      0.00      0.00      5942

{'EMBEDDING_DIM': 32, 'HIDDEN_DIM': 805, 'NUM_LAYERS': 1, 'DROPOUT': 0.3809693161457909, 'LR': 0.009582868699030581, 'WEIGHT_0': 0.777132050914267, 'WEIGHT_1': 0.2924851962086527, 'WEIGHT_2': 0.612033016757698, 'WEIGHT_3': 0.30599771165354445, 'WEIGHT_4': 0.4795147550275686, 'WEIGHT_5': 0.5019784857707015, 'WEIGHT_6': 0.43259782427987237, 'WEIGHT_7': 0.9772142868556695, 'WEIGHT_8': 0.999815906640988}
49
              precision    recall  f1-score   support

         LOC       0.76      0.59      0.66      1837
        MISC       0.65      0.48      0.56       922
         ORG       0.40      0.16      0.23      1341
         PER       0.29      0.18      0.22      1842

   micro avg       0.55      0.35      0.43      5942
   macro avg       0.52      0.35      0.42      5942
weighted avg       0.52      0.35      0.41      5942

epoch 49
Transformer

  0%|          | 0/50 [00:00<?, ?it/s]
  2%|▏         | 1/50 [00:05<04:48,  5.88s/it]
  6%|▌         | 3/50 [00:06<01:15,  1.60s/it]
 10%|█         | 5/50 [00:06<00:37,  1.22it/s]
 12%|█▏        | 6/50 [00:06<00:27,  1.59it/s]
 16%|█▌        | 8/50 [00:06<00:16,  2.53it/s]
 18%|█▊        | 9/50 [00:06<00:13,  2.97it/s]
 20%|██        | 10/50 [00:06<00:11,  3.50it/s]
 22%|██▏       | 11/50 [00:06<00:09,  3.97it/s]
 24%|██▍       | 12/50 [00:07<00:08,  4.56it/s]
 26%|██▌       | 13/50 [00:07<00:07,  5.13it/s]
 28%|██▊       | 14/50 [00:07<00:06,  5.57it/s]
 30%|███       | 15/50 [00:07<00:05,  5.98it/s]
 32%|███▏      | 16/50 [00:07<00:05,  6.25it/s]
 34%|███▍      | 17/50 [00:07<00:05,  6.52it/s]
 36%|███▌      | 18/50 [00:07<00:04,  6.92it/s]
 38%|███▊      | 19/50 [00:08<00:04,  7.46it/s]
 40%|████      | 20/50 [00:08<00:03,  7.89it/s]
 42%|████▏     | 21/50 [00:08<00:03,  8.21it/s]
 44%|████▍     | 22/50 [00:08<00:03,  8.45it/s]
 46%|████▌     | 23/50 [00:08<00:03,  8.65it/s]
 48%|████▊     | 24/50 [00:08<00:02,  8.80it/s]
 50%|█████     | 25/50 [00:08<00:02,  8.90it/s]
 52%|█████▏    | 26/50 [00:08<00:02,  8.95it/s]
 54%|█████▍    | 27/50 [00:08<00:02,  9.00it/s]
 56%|█████▌    | 28/50 [00:09<00:02,  9.06it/s]
 58%|█████▊    | 29/50 [00:09<00:02,  9.07it/s]
 60%|██████    | 30/50 [00:09<00:02,  9.05it/s]
 62%|██████▏   | 31/50 [00:09<00:02,  9.10it/s]
 64%|██████▍   | 32/50 [00:09<00:01,  9.11it/s]
 66%|██████▌   | 33/50 [00:09<00:01,  9.14it/s]
 68%|██████▊   | 34/50 [00:09<00:01,  9.12it/s]
 70%|███████   | 35/50 [00:09<00:01,  9.14it/s]
 72%|███████▏  | 36/50 [00:09<00:01,  9.14it/s]
 74%|███████▍  | 37/50 [00:10<00:01,  9.14it/s]
 76%|███████▌  | 38/50 [00:10<00:01,  9.13it/s]
 78%|███████▊  | 39/50 [00:10<00:01,  9.11it/s]
 80%|████████  | 40/50 [00:10<00:01,  9.12it/s]
 82%|████████▏ | 41/50 [00:10<00:00,  9.09it/s]
 84%|████████▍ | 42/50 [00:10<00:00,  9.11it/s]
 86%|████████▌ | 43/50 [00:10<00:00,  9.08it/s]
 88%|████████▊ | 44/50 [00:10<00:00,  9.11it/s]
 90%|█████████ | 45/50 [00:10<00:00,  9.12it/s]
 92%|█████████▏| 46/50 [00:10<00:00,  9.14it/s]
 94%|█████████▍| 47/50 [00:11<00:00,  9.15it/s]
 96%|█████████▌| 48/50 [00:11<00:00,  9.12it/s]
 98%|█████████▊| 49/50 [00:11<00:00,  9.14it/s]
100%|██████████| 50/50 [00:18<00:00,  2.26s/it]
100%|██████████| 50/50 [00:18<00:00,  2.69it/s]
[I 2023-12-11 23:58:04,660] Trial 476 finished with value: 0.4528262459513112 and parameters: {'EMBEDDING_DIM': 32, 'HIDDEN_DIM': 875, 'NUM_LAYERS': 1, 'DROPOUT': 0.3608421246608924, 'LR': 0.00914290966905444, 'WEIGHT_0': 0.9994866429186162, 'WEIGHT_1': 0.23403964099853702, 'WEIGHT_2': 0.8757974156006708, 'WEIGHT_3': 0.25718979370295814, 'WEIGHT_4': 0.4470979041843645, 'WEIGHT_5': 0.5394956642839734, 'WEIGHT_6': 0.3693799871567667, 'WEIGHT_7': 0.9444521167471792, 'WEIGHT_8': 0.8339740772330841}. Best is trial 469 with value: 0.4562461026813552.
{'EMBEDDING_DIM': 32, 'HIDDEN_DIM': 875, 'NUM_LAYERS': 1, 'DROPOUT': 0.3608421246608924, 'LR': 0.00914290966905444, 'WEIGHT_0': 0.9994866429186162, 'WEIGHT_1': 0.23403964099853702, 'WEIGHT_2': 0.8757974156006708, 'WEIGHT_3': 0.25718979370295814, 'WEIGHT_4': 0.4470979041843645, 'WEIGHT_5': 0.5394956642839734, 'WEIGHT_6': 0.3693799871567667, 'WEIGHT_7': 0.9444521167471792, 'WEIGHT_8': 0.8339740772330841}
0
              precision    recall  f1-score   support

         LOC       0.00      0.00      0.00      1837
        MISC       0.00      0.00      0.00       922
         ORG       0.00      0.00      0.00      1341
         PER       0.00      0.00      0.00      1842

   micro avg       0.00      0.00      0.00      5942
   macro avg       0.00      0.00      0.00      5942
weighted avg       0.00      0.00      0.00      5942

{'EMBEDDING_DIM': 32, 'HIDDEN_DIM': 875, 'NUM_LAYERS': 1, 'DROPOUT': 0.3608421246608924, 'LR': 0.00914290966905444, 'WEIGHT_0': 0.9994866429186162, 'WEIGHT_1': 0.23403964099853702, 'WEIGHT_2': 0.8757974156006708, 'WEIGHT_3': 0.25718979370295814, 'WEIGHT_4': 0.4470979041843645, 'WEIGHT_5': 0.5394956642839734, 'WEIGHT_6': 0.3693799871567667, 'WEIGHT_7': 0.9444521167471792, 'WEIGHT_8': 0.8339740772330841}
49
              precision    recall  f1-score   support

         LOC       0.78      0.59      0.67      1837
        MISC       0.64      0.52      0.57       922
         ORG       0.45      0.21      0.29      1341
         PER       0.37      0.18      0.24      1842

   micro avg       0.60      0.36      0.45      5942
   macro avg       0.56      0.37      0.44      5942
weighted avg       0.56      0.36      0.44      5942

epoch 49
Transformer

  0%|          | 0/50 [00:00<?, ?it/s]
  2%|▏         | 1/50 [00:07<05:56,  7.28s/it]
  4%|▍         | 2/50 [00:07<02:27,  3.06s/it]
  6%|▌         | 3/50 [00:07<01:20,  1.72s/it]
  8%|▊         | 4/50 [00:07<00:49,  1.08s/it]
 10%|█         | 5/50 [00:07<00:33,  1.36it/s]
 12%|█▏        | 6/50 [00:07<00:23,  1.90it/s]
 14%|█▍        | 7/50 [00:08<00:17,  2.48it/s]
 16%|█▌        | 8/50 [00:08<00:13,  3.09it/s]
 18%|█▊        | 9/50 [00:08<00:11,  3.71it/s]
 20%|██        | 10/50 [00:08<00:08,  4.55it/s]
 22%|██▏       | 11/50 [00:08<00:07,  5.07it/s]
 24%|██▍       | 12/50 [00:08<00:06,  5.81it/s]
 26%|██▌       | 13/50 [00:08<00:05,  6.57it/s]
 28%|██▊       | 14/50 [00:08<00:04,  7.21it/s]
 30%|███       | 15/50 [00:09<00:04,  7.70it/s]
 32%|███▏      | 16/50 [00:09<00:04,  8.01it/s]
 34%|███▍      | 17/50 [00:09<00:04,  8.19it/s]
 36%|███▌      | 18/50 [00:09<00:03,  8.44it/s]
 40%|████      | 20/50 [00:09<00:03,  9.45it/s]
 44%|████▍     | 22/50 [00:09<00:02, 10.05it/s]
 48%|████▊     | 24/50 [00:09<00:02, 10.40it/s]
 52%|█████▏    | 26/50 [00:10<00:02, 10.52it/s]
 56%|█████▌    | 28/50 [00:10<00:02, 10.69it/s]
 60%|██████    | 30/50 [00:10<00:01, 10.82it/s]
 64%|██████▍   | 32/50 [00:10<00:01, 10.92it/s]
 68%|██████▊   | 34/50 [00:10<00:01, 10.97it/s]
 72%|███████▏  | 36/50 [00:10<00:01, 11.00it/s]
 76%|███████▌  | 38/50 [00:11<00:01, 11.04it/s]
 80%|████████  | 40/50 [00:11<00:00, 11.04it/s]
 84%|████████▍ | 42/50 [00:11<00:00, 11.06it/s]
 88%|████████▊ | 44/50 [00:11<00:00, 11.08it/s]
 92%|█████████▏| 46/50 [00:11<00:00, 11.08it/s]
 96%|█████████▌| 48/50 [00:12<00:00, 11.09it/s]
100%|██████████| 50/50 [00:18<00:00,  1.03it/s]
100%|██████████| 50/50 [00:18<00:00,  2.77it/s]
[I 2023-12-11 23:58:28,372] Trial 477 finished with value: 0.40724381625441697 and parameters: {'EMBEDDING_DIM': 32, 'HIDDEN_DIM': 1147, 'NUM_LAYERS': 1, 'DROPOUT': 0.35939353972917587, 'LR': 0.009023325981150243, 'WEIGHT_0': 0.5353812784465182, 'WEIGHT_1': 0.24333760353929254, 'WEIGHT_2': 0.8756418144663177, 'WEIGHT_3': 0.2773302284838123, 'WEIGHT_4': 0.4261028956598972, 'WEIGHT_5': 0.5571055260816025, 'WEIGHT_6': 0.374518771722809, 'WEIGHT_7': 0.9506153618519617, 'WEIGHT_8': 0.7757685949486806}. Best is trial 469 with value: 0.4562461026813552.
{'EMBEDDING_DIM': 32, 'HIDDEN_DIM': 1147, 'NUM_LAYERS': 1, 'DROPOUT': 0.35939353972917587, 'LR': 0.009023325981150243, 'WEIGHT_0': 0.5353812784465182, 'WEIGHT_1': 0.24333760353929254, 'WEIGHT_2': 0.8756418144663177, 'WEIGHT_3': 0.2773302284838123, 'WEIGHT_4': 0.4261028956598972, 'WEIGHT_5': 0.5571055260816025, 'WEIGHT_6': 0.374518771722809, 'WEIGHT_7': 0.9506153618519617, 'WEIGHT_8': 0.7757685949486806}
0
              precision    recall  f1-score   support

         LOC       0.00      0.00      0.00      1837
        MISC       0.00      0.00      0.00       922
         ORG       0.00      0.00      0.00      1341
         PER       0.00      0.00      0.00      1842

   micro avg       0.00      0.00      0.00      5942
   macro avg       0.00      0.00      0.00      5942
weighted avg       0.00      0.00      0.00      5942

{'EMBEDDING_DIM': 32, 'HIDDEN_DIM': 1147, 'NUM_LAYERS': 1, 'DROPOUT': 0.35939353972917587, 'LR': 0.009023325981150243, 'WEIGHT_0': 0.5353812784465182, 'WEIGHT_1': 0.24333760353929254, 'WEIGHT_2': 0.8756418144663177, 'WEIGHT_3': 0.2773302284838123, 'WEIGHT_4': 0.4261028956598972, 'WEIGHT_5': 0.5571055260816025, 'WEIGHT_6': 0.374518771722809, 'WEIGHT_7': 0.9506153618519617, 'WEIGHT_8': 0.7757685949486806}
49
              precision    recall  f1-score   support

         LOC       0.73      0.58      0.65      1837
        MISC       0.47      0.52      0.49       922
         ORG       0.40      0.24      0.30      1341
         PER       0.21      0.24      0.22      1842

   micro avg       0.43      0.39      0.41      5942
   macro avg       0.45      0.39      0.42      5942
weighted avg       0.46      0.39      0.41      5942

epoch 49
Transformer

  0%|          | 0/50 [00:00<?, ?it/s]
  2%|▏         | 1/50 [00:05<04:51,  5.95s/it]
  4%|▍         | 2/50 [00:06<02:00,  2.51s/it]
  8%|▊         | 4/50 [00:06<00:45,  1.00it/s]
 12%|█▏        | 6/50 [00:06<00:25,  1.75it/s]
 16%|█▌        | 8/50 [00:06<00:16,  2.61it/s]
 18%|█▊        | 9/50 [00:06<00:13,  3.06it/s]
 22%|██▏       | 11/50 [00:06<00:09,  4.27it/s]
 26%|██▌       | 13/50 [00:07<00:06,  5.48it/s]
 30%|███       | 15/50 [00:07<00:05,  6.62it/s]
 34%|███▍      | 17/50 [00:07<00:04,  7.65it/s]
 38%|███▊      | 19/50 [00:07<00:03,  8.51it/s]
 42%|████▏     | 21/50 [00:07<00:03,  9.20it/s]
 46%|████▌     | 23/50 [00:08<00:02,  9.74it/s]
 50%|█████     | 25/50 [00:08<00:02, 10.15it/s]
 54%|█████▍    | 27/50 [00:08<00:02, 10.44it/s]
 58%|█████▊    | 29/50 [00:08<00:01, 10.67it/s]
 62%|██████▏   | 31/50 [00:08<00:01, 10.85it/s]
 66%|██████▌   | 33/50 [00:08<00:01, 10.95it/s]
 70%|███████   | 35/50 [00:09<00:01, 11.05it/s]
 74%|███████▍  | 37/50 [00:09<00:01, 11.10it/s]
 78%|███████▊  | 39/50 [00:09<00:00, 11.15it/s]
 82%|████████▏ | 41/50 [00:09<00:00, 11.18it/s]
 86%|████████▌ | 43/50 [00:09<00:00, 11.21it/s]
 90%|█████████ | 45/50 [00:09<00:00, 11.20it/s]
 94%|█████████▍| 47/50 [00:10<00:00, 11.19it/s]
 98%|█████████▊| 49/50 [00:10<00:00, 11.22it/s]
100%|██████████| 50/50 [00:16<00:00,  3.08it/s]
[I 2023-12-11 23:58:50,241] Trial 478 finished with value: 0.42097176877280584 and parameters: {'EMBEDDING_DIM': 32, 'HIDDEN_DIM': 988, 'NUM_LAYERS': 1, 'DROPOUT': 0.3531701883100483, 'LR': 0.009193909620205382, 'WEIGHT_0': 0.8074178202436367, 'WEIGHT_1': 0.23287051511183907, 'WEIGHT_2': 0.8071605270869928, 'WEIGHT_3': 0.2594298940322436, 'WEIGHT_4': 0.43930498755530123, 'WEIGHT_5': 0.5438963045634948, 'WEIGHT_6': 0.28940415216878995, 'WEIGHT_7': 0.9875839014740205, 'WEIGHT_8': 0.8202608161272578}. Best is trial 469 with value: 0.4562461026813552.
{'EMBEDDING_DIM': 32, 'HIDDEN_DIM': 988, 'NUM_LAYERS': 1, 'DROPOUT': 0.3531701883100483, 'LR': 0.009193909620205382, 'WEIGHT_0': 0.8074178202436367, 'WEIGHT_1': 0.23287051511183907, 'WEIGHT_2': 0.8071605270869928, 'WEIGHT_3': 0.2594298940322436, 'WEIGHT_4': 0.43930498755530123, 'WEIGHT_5': 0.5438963045634948, 'WEIGHT_6': 0.28940415216878995, 'WEIGHT_7': 0.9875839014740205, 'WEIGHT_8': 0.8202608161272578}
0
              precision    recall  f1-score   support

         LOC       0.00      0.00      0.00      1837
        MISC       0.00      0.00      0.00       922
         ORG       0.00      0.00      0.00      1341
         PER       0.00      0.00      0.00      1842

   micro avg       0.00      0.00      0.00      5942
   macro avg       0.00      0.00      0.00      5942
weighted avg       0.00      0.00      0.00      5942

{'EMBEDDING_DIM': 32, 'HIDDEN_DIM': 988, 'NUM_LAYERS': 1, 'DROPOUT': 0.3531701883100483, 'LR': 0.009193909620205382, 'WEIGHT_0': 0.8074178202436367, 'WEIGHT_1': 0.23287051511183907, 'WEIGHT_2': 0.8071605270869928, 'WEIGHT_3': 0.2594298940322436, 'WEIGHT_4': 0.43930498755530123, 'WEIGHT_5': 0.5438963045634948, 'WEIGHT_6': 0.28940415216878995, 'WEIGHT_7': 0.9875839014740205, 'WEIGHT_8': 0.8202608161272578}
49
              precision    recall  f1-score   support

         LOC       0.66      0.60      0.63      1837
        MISC       0.38      0.53      0.44       922
         ORG       0.45      0.21      0.29      1341
         PER       0.36      0.18      0.24      1842

   micro avg       0.49      0.37      0.42      5942
   macro avg       0.46      0.38      0.40      5942
weighted avg       0.48      0.37      0.40      5942

epoch 49
Transformer

  0%|          | 0/50 [00:00<?, ?it/s]
  2%|▏         | 1/50 [00:06<04:55,  6.03s/it]
  4%|▍         | 2/50 [00:06<02:03,  2.57s/it]
  6%|▌         | 3/50 [00:06<01:08,  1.46s/it]
  8%|▊         | 4/50 [00:06<00:43,  1.06it/s]
 10%|█         | 5/50 [00:06<00:29,  1.53it/s]
 12%|█▏        | 6/50 [00:06<00:21,  2.08it/s]
 14%|█▍        | 7/50 [00:06<00:16,  2.63it/s]
 16%|█▌        | 8/50 [00:07<00:12,  3.29it/s]
 18%|█▊        | 9/50 [00:07<00:10,  3.92it/s]
 20%|██        | 10/50 [00:07<00:08,  4.45it/s]
 22%|██▏       | 11/50 [00:07<00:07,  5.02it/s]
 24%|██▍       | 12/50 [00:07<00:06,  5.50it/s]
 26%|██▌       | 13/50 [00:07<00:06,  5.88it/s]
 28%|██▊       | 14/50 [00:07<00:05,  6.19it/s]
 30%|███       | 15/50 [00:08<00:05,  6.41it/s]
 32%|███▏      | 16/50 [00:08<00:05,  6.63it/s]
 34%|███▍      | 17/50 [00:08<00:04,  6.80it/s]
 36%|███▌      | 18/50 [00:08<00:04,  6.91it/s]
 38%|███▊      | 19/50 [00:08<00:04,  6.98it/s]
 40%|████      | 20/50 [00:08<00:04,  7.04it/s]
 42%|████▏     | 21/50 [00:08<00:04,  7.07it/s]
 44%|████▍     | 22/50 [00:09<00:03,  7.08it/s]
 46%|████▌     | 23/50 [00:09<00:03,  7.08it/s]
 48%|████▊     | 24/50 [00:09<00:03,  7.01it/s]
 50%|█████     | 25/50 [00:09<00:03,  7.04it/s]
 52%|█████▏    | 26/50 [00:09<00:03,  7.05it/s]
 54%|█████▍    | 27/50 [00:09<00:03,  7.05it/s]
 56%|█████▌    | 28/50 [00:09<00:03,  7.10it/s]
 58%|█████▊    | 29/50 [00:10<00:02,  7.13it/s]
 60%|██████    | 30/50 [00:10<00:02,  7.16it/s]
 62%|██████▏   | 31/50 [00:10<00:02,  7.17it/s]
 64%|██████▍   | 32/50 [00:10<00:02,  7.18it/s]
 66%|██████▌   | 33/50 [00:10<00:02,  7.19it/s]
 68%|██████▊   | 34/50 [00:10<00:02,  7.19it/s]
 70%|███████   | 35/50 [00:10<00:02,  7.20it/s]
 72%|███████▏  | 36/50 [00:11<00:01,  7.20it/s]
 74%|███████▍  | 37/50 [00:11<00:01,  7.19it/s]
 76%|███████▌  | 38/50 [00:11<00:01,  7.20it/s]
 78%|███████▊  | 39/50 [00:11<00:01,  7.19it/s]
 80%|████████  | 40/50 [00:11<00:01,  7.18it/s]
 82%|████████▏ | 41/50 [00:11<00:01,  7.16it/s]
 84%|████████▍ | 42/50 [00:11<00:01,  7.14it/s]
 86%|████████▌ | 43/50 [00:12<00:00,  7.10it/s]
 88%|████████▊ | 44/50 [00:12<00:00,  7.07it/s]
 90%|█████████ | 45/50 [00:12<00:00,  6.98it/s]
 92%|█████████▏| 46/50 [00:12<00:00,  6.99it/s]
 94%|█████████▍| 47/50 [00:12<00:00,  7.00it/s]
 96%|█████████▌| 48/50 [00:12<00:00,  7.06it/s]
 98%|█████████▊| 49/50 [00:12<00:00,  7.11it/s]
100%|██████████| 50/50 [00:18<00:00,  1.87s/it]
100%|██████████| 50/50 [00:18<00:00,  2.67it/s]
[I 2023-12-11 23:59:14,542] Trial 479 finished with value: 0.34209808024747523 and parameters: {'EMBEDDING_DIM': 32, 'HIDDEN_DIM': 3074, 'NUM_LAYERS': 1, 'DROPOUT': 0.3858810638614221, 'LR': 0.009381709195323915, 'WEIGHT_0': 0.9800080744525916, 'WEIGHT_1': 0.20217882768351045, 'WEIGHT_2': 0.8092261704690923, 'WEIGHT_3': 0.2927646380292225, 'WEIGHT_4': 0.4656159725235925, 'WEIGHT_5': 0.5849224870936509, 'WEIGHT_6': 0.30527834839974743, 'WEIGHT_7': 0.9905929018975541, 'WEIGHT_8': 0.7875208176662075}. Best is trial 469 with value: 0.4562461026813552.
{'EMBEDDING_DIM': 32, 'HIDDEN_DIM': 3074, 'NUM_LAYERS': 1, 'DROPOUT': 0.3858810638614221, 'LR': 0.009381709195323915, 'WEIGHT_0': 0.9800080744525916, 'WEIGHT_1': 0.20217882768351045, 'WEIGHT_2': 0.8092261704690923, 'WEIGHT_3': 0.2927646380292225, 'WEIGHT_4': 0.4656159725235925, 'WEIGHT_5': 0.5849224870936509, 'WEIGHT_6': 0.30527834839974743, 'WEIGHT_7': 0.9905929018975541, 'WEIGHT_8': 0.7875208176662075}
0
              precision    recall  f1-score   support

         LOC       0.00      0.00      0.00      1837
        MISC       0.00      0.00      0.00       922
         ORG       0.00      0.00      0.00      1341
         PER       0.00      0.00      0.00      1842

   micro avg       0.00      0.00      0.00      5942
   macro avg       0.00      0.00      0.00      5942
weighted avg       0.00      0.00      0.00      5942

{'EMBEDDING_DIM': 32, 'HIDDEN_DIM': 3074, 'NUM_LAYERS': 1, 'DROPOUT': 0.3858810638614221, 'LR': 0.009381709195323915, 'WEIGHT_0': 0.9800080744525916, 'WEIGHT_1': 0.20217882768351045, 'WEIGHT_2': 0.8092261704690923, 'WEIGHT_3': 0.2927646380292225, 'WEIGHT_4': 0.4656159725235925, 'WEIGHT_5': 0.5849224870936509, 'WEIGHT_6': 0.30527834839974743, 'WEIGHT_7': 0.9905929018975541, 'WEIGHT_8': 0.7875208176662075}
49
              precision    recall  f1-score   support

         LOC       0.40      0.58      0.47      1837
        MISC       0.32      0.51      0.39       922
         ORG       0.00      0.00      0.00      1341
         PER       0.38      0.19      0.25      1842

   micro avg       0.37      0.32      0.34      5942
   macro avg       0.27      0.32      0.28      5942
weighted avg       0.29      0.32      0.29      5942

epoch 49
Transformer

  0%|          | 0/50 [00:00<?, ?it/s]
  2%|▏         | 1/50 [00:05<04:44,  5.80s/it]
  6%|▌         | 3/50 [00:05<01:13,  1.57s/it]
 10%|█         | 5/50 [00:06<00:36,  1.23it/s]
 14%|█▍        | 7/50 [00:06<00:21,  1.98it/s]
 18%|█▊        | 9/50 [00:06<00:14,  2.87it/s]
 22%|██▏       | 11/50 [00:06<00:10,  3.87it/s]
 26%|██▌       | 13/50 [00:06<00:07,  4.96it/s]
