[I 2023-12-11 20:33:31,344] Trial 76 finished with value: 0.4145447137909961 and parameters: {'EMBEDDING_DIM': 64, 'HIDDEN_DIM': 1021, 'NUM_LAYERS': 1, 'DROPOUT': 0.07745588426797988, 'LR': 0.007609831742905494, 'WEIGHT_0': 0.6042640228704952, 'WEIGHT_1': 0.3998139496398573, 'WEIGHT_2': 0.24722961351404668, 'WEIGHT_3': 0.02176433812500608, 'WEIGHT_4': 0.7493119307664576, 'WEIGHT_5': 0.12233098473129399, 'WEIGHT_6': 0.08905219683151559, 'WEIGHT_7': 0.8356910895138618, 'WEIGHT_8': 0.5610140396375496}. Best is trial 42 with value: 0.44962374581939796.
{'EMBEDDING_DIM': 64, 'HIDDEN_DIM': 1021, 'NUM_LAYERS': 1, 'DROPOUT': 0.07745588426797988, 'LR': 0.007609831742905494, 'WEIGHT_0': 0.6042640228704952, 'WEIGHT_1': 0.3998139496398573, 'WEIGHT_2': 0.24722961351404668, 'WEIGHT_3': 0.02176433812500608, 'WEIGHT_4': 0.7493119307664576, 'WEIGHT_5': 0.12233098473129399, 'WEIGHT_6': 0.08905219683151559, 'WEIGHT_7': 0.8356910895138618, 'WEIGHT_8': 0.5610140396375496}
0
              precision    recall  f1-score   support

         LOC       0.00      0.00      0.00      1837
        MISC       0.00      0.00      0.00       922
         ORG       0.00      0.00      0.00      1341
         PER       0.00      0.00      0.00      1842

   micro avg       0.00      0.00      0.00      5942
   macro avg       0.00      0.00      0.00      5942
weighted avg       0.00      0.00      0.00      5942

{'EMBEDDING_DIM': 64, 'HIDDEN_DIM': 1021, 'NUM_LAYERS': 1, 'DROPOUT': 0.07745588426797988, 'LR': 0.007609831742905494, 'WEIGHT_0': 0.6042640228704952, 'WEIGHT_1': 0.3998139496398573, 'WEIGHT_2': 0.24722961351404668, 'WEIGHT_3': 0.02176433812500608, 'WEIGHT_4': 0.7493119307664576, 'WEIGHT_5': 0.12233098473129399, 'WEIGHT_6': 0.08905219683151559, 'WEIGHT_7': 0.8356910895138618, 'WEIGHT_8': 0.5610140396375496}
49
              precision    recall  f1-score   support

         LOC       0.77      0.54      0.63      1837
        MISC       0.50      0.44      0.47       922
         ORG       0.35      0.22      0.27      1341
         PER       0.37      0.18      0.24      1842

   micro avg       0.53      0.34      0.41      5942
   macro avg       0.50      0.35      0.41      5942
weighted avg       0.51      0.34      0.41      5942

epoch 49
Transformer

  0%|          | 0/50 [00:00<?, ?it/s]
  2%|▏         | 1/50 [00:06<05:07,  6.27s/it]
  4%|▍         | 2/50 [00:06<02:07,  2.65s/it]
  6%|▌         | 3/50 [00:06<01:10,  1.49s/it]
  8%|▊         | 4/50 [00:06<00:43,  1.06it/s]
 10%|█         | 5/50 [00:06<00:29,  1.53it/s]
 12%|█▏        | 6/50 [00:06<00:20,  2.12it/s]
 14%|█▍        | 7/50 [00:06<00:15,  2.81it/s]
 16%|█▌        | 8/50 [00:07<00:11,  3.63it/s]
 18%|█▊        | 9/50 [00:07<00:09,  4.52it/s]
 20%|██        | 10/50 [00:07<00:07,  5.43it/s]
 22%|██▏       | 11/50 [00:07<00:06,  6.29it/s]
 24%|██▍       | 12/50 [00:07<00:05,  7.05it/s]
 26%|██▌       | 13/50 [00:07<00:04,  7.69it/s]
 28%|██▊       | 14/50 [00:07<00:04,  8.24it/s]
 30%|███       | 15/50 [00:07<00:04,  8.54it/s]
 32%|███▏      | 16/50 [00:07<00:03,  8.89it/s]
 34%|███▍      | 17/50 [00:08<00:03,  9.16it/s]
 36%|███▌      | 18/50 [00:08<00:03,  9.27it/s]
 38%|███▊      | 19/50 [00:08<00:03,  9.44it/s]
 40%|████      | 20/50 [00:08<00:03,  9.55it/s]
 42%|████▏     | 21/50 [00:08<00:03,  9.62it/s]
 44%|████▍     | 22/50 [00:08<00:02,  9.69it/s]
 46%|████▌     | 23/50 [00:08<00:02,  9.73it/s]
 48%|████▊     | 24/50 [00:08<00:02,  9.76it/s]
 50%|█████     | 25/50 [00:08<00:02,  9.78it/s]
 52%|█████▏    | 26/50 [00:08<00:02,  9.80it/s]
 54%|█████▍    | 27/50 [00:09<00:02,  9.81it/s]
 56%|█████▌    | 28/50 [00:09<00:02,  9.81it/s]
 58%|█████▊    | 29/50 [00:09<00:02,  9.82it/s]
 60%|██████    | 30/50 [00:09<00:02,  9.82it/s]
 62%|██████▏   | 31/50 [00:09<00:01,  9.82it/s]
 64%|██████▍   | 32/50 [00:09<00:01,  9.82it/s]
 66%|██████▌   | 33/50 [00:09<00:01,  9.78it/s]
 68%|██████▊   | 34/50 [00:09<00:01,  9.78it/s]
 70%|███████   | 35/50 [00:09<00:01,  9.79it/s]
 72%|███████▏  | 36/50 [00:09<00:01,  9.80it/s]
 74%|███████▍  | 37/50 [00:10<00:01,  9.79it/s]
 76%|███████▌  | 38/50 [00:10<00:01,  9.76it/s]
 78%|███████▊  | 39/50 [00:10<00:01,  9.75it/s]
 80%|████████  | 40/50 [00:10<00:01,  9.76it/s]
 82%|████████▏ | 41/50 [00:10<00:00,  9.75it/s]
 84%|████████▍ | 42/50 [00:10<00:00,  9.74it/s]
 86%|████████▌ | 43/50 [00:10<00:00,  9.73it/s]
 88%|████████▊ | 44/50 [00:10<00:00,  9.73it/s]
 90%|█████████ | 45/50 [00:10<00:00,  9.72it/s]
 92%|█████████▏| 46/50 [00:10<00:00,  9.72it/s]
 94%|█████████▍| 47/50 [00:11<00:00,  9.73it/s]
 96%|█████████▌| 48/50 [00:11<00:00,  9.72it/s]
 98%|█████████▊| 49/50 [00:11<00:00,  9.73it/s]
100%|██████████| 50/50 [00:17<00:00,  1.88s/it]
100%|██████████| 50/50 [00:17<00:00,  2.89it/s]
[I 2023-12-11 20:33:54,510] Trial 77 finished with value: 0.43753218663096094 and parameters: {'EMBEDDING_DIM': 32, 'HIDDEN_DIM': 1624, 'NUM_LAYERS': 1, 'DROPOUT': 0.11791417047536873, 'LR': 0.008751274207673037, 'WEIGHT_0': 0.6752363222952937, 'WEIGHT_1': 0.2505657644278976, 'WEIGHT_2': 0.2751475970570741, 'WEIGHT_3': 0.07785281266727988, 'WEIGHT_4': 0.7246436299692589, 'WEIGHT_5': 0.3043329149260146, 'WEIGHT_6': 0.045350596293169426, 'WEIGHT_7': 0.9713846881367335, 'WEIGHT_8': 0.48915629638193037}. Best is trial 42 with value: 0.44962374581939796.
{'EMBEDDING_DIM': 32, 'HIDDEN_DIM': 1624, 'NUM_LAYERS': 1, 'DROPOUT': 0.11791417047536873, 'LR': 0.008751274207673037, 'WEIGHT_0': 0.6752363222952937, 'WEIGHT_1': 0.2505657644278976, 'WEIGHT_2': 0.2751475970570741, 'WEIGHT_3': 0.07785281266727988, 'WEIGHT_4': 0.7246436299692589, 'WEIGHT_5': 0.3043329149260146, 'WEIGHT_6': 0.045350596293169426, 'WEIGHT_7': 0.9713846881367335, 'WEIGHT_8': 0.48915629638193037}
0
              precision    recall  f1-score   support

         LOC       0.00      0.00      0.00      1837
        MISC       0.00      0.00      0.00       922
         ORG       0.00      0.00      0.00      1341
         PER       0.00      0.00      0.00      1842

   micro avg       0.00      0.00      0.00      5942
   macro avg       0.00      0.00      0.00      5942
weighted avg       0.00      0.00      0.00      5942

{'EMBEDDING_DIM': 32, 'HIDDEN_DIM': 1624, 'NUM_LAYERS': 1, 'DROPOUT': 0.11791417047536873, 'LR': 0.008751274207673037, 'WEIGHT_0': 0.6752363222952937, 'WEIGHT_1': 0.2505657644278976, 'WEIGHT_2': 0.2751475970570741, 'WEIGHT_3': 0.07785281266727988, 'WEIGHT_4': 0.7246436299692589, 'WEIGHT_5': 0.3043329149260146, 'WEIGHT_6': 0.045350596293169426, 'WEIGHT_7': 0.9713846881367335, 'WEIGHT_8': 0.48915629638193037}
49
              precision    recall  f1-score   support

         LOC       0.75      0.57      0.65      1837
        MISC       0.61      0.48      0.54       922
         ORG       0.38      0.21      0.27      1341
         PER       0.39      0.19      0.25      1842

   micro avg       0.56      0.36      0.44      5942
   macro avg       0.53      0.36      0.43      5942
weighted avg       0.53      0.36      0.42      5942

epoch 49
Transformer

  0%|          | 0/50 [00:00<?, ?it/s]
  2%|▏         | 1/50 [00:06<05:04,  6.21s/it]
  4%|▍         | 2/50 [00:06<02:06,  2.63s/it]
  6%|▌         | 3/50 [00:06<01:09,  1.48s/it]
  8%|▊         | 4/50 [00:06<00:43,  1.07it/s]
 10%|█         | 5/50 [00:06<00:28,  1.56it/s]
 12%|█▏        | 6/50 [00:06<00:20,  2.17it/s]
 14%|█▍        | 7/50 [00:06<00:15,  2.85it/s]
 16%|█▌        | 8/50 [00:07<00:11,  3.59it/s]
 18%|█▊        | 9/50 [00:07<00:09,  4.13it/s]
 20%|██        | 10/50 [00:07<00:09,  4.25it/s]
 22%|██▏       | 11/50 [00:07<00:07,  5.10it/s]
 24%|██▍       | 12/50 [00:07<00:06,  5.92it/s]
 26%|██▌       | 13/50 [00:07<00:05,  6.63it/s]
 28%|██▊       | 14/50 [00:07<00:04,  7.27it/s]
 30%|███       | 15/50 [00:07<00:04,  7.79it/s]
 32%|███▏      | 16/50 [00:08<00:04,  8.20it/s]
 34%|███▍      | 17/50 [00:08<00:03,  8.52it/s]
 36%|███▌      | 18/50 [00:08<00:03,  8.74it/s]
 38%|███▊      | 19/50 [00:08<00:03,  8.95it/s]
 40%|████      | 20/50 [00:08<00:03,  9.13it/s]
 42%|████▏     | 21/50 [00:08<00:03,  9.25it/s]
 44%|████▍     | 22/50 [00:08<00:02,  9.35it/s]
 46%|████▌     | 23/50 [00:08<00:02,  9.41it/s]
 48%|████▊     | 24/50 [00:08<00:02,  9.46it/s]
 50%|█████     | 25/50 [00:08<00:02,  9.49it/s]
 52%|█████▏    | 26/50 [00:09<00:02,  9.51it/s]
 54%|█████▍    | 27/50 [00:09<00:02,  9.53it/s]
 56%|█████▌    | 28/50 [00:09<00:02,  9.52it/s]
 58%|█████▊    | 29/50 [00:09<00:02,  9.51it/s]
 60%|██████    | 30/50 [00:09<00:02,  9.52it/s]
 62%|██████▏   | 31/50 [00:09<00:01,  9.53it/s]
 64%|██████▍   | 32/50 [00:09<00:01,  9.54it/s]
 66%|██████▌   | 33/50 [00:09<00:01,  9.54it/s]
 68%|██████▊   | 34/50 [00:09<00:01,  9.55it/s]
 70%|███████   | 35/50 [00:10<00:01,  9.56it/s]
 72%|███████▏  | 36/50 [00:10<00:01,  9.56it/s]
 74%|███████▍  | 37/50 [00:10<00:01,  9.56it/s]
 76%|███████▌  | 38/50 [00:10<00:01,  9.55it/s]
 78%|███████▊  | 39/50 [00:10<00:01,  9.54it/s]
 80%|████████  | 40/50 [00:10<00:01,  9.55it/s]
 82%|████████▏ | 41/50 [00:10<00:00,  9.56it/s]
 84%|████████▍ | 42/50 [00:10<00:00,  9.56it/s]
 86%|████████▌ | 43/50 [00:10<00:00,  9.54it/s]
 88%|████████▊ | 44/50 [00:10<00:00,  9.54it/s]
 90%|█████████ | 45/50 [00:11<00:00,  9.56it/s]
 92%|█████████▏| 46/50 [00:11<00:00,  9.55it/s]
 94%|█████████▍| 47/50 [00:11<00:00,  9.55it/s]
 96%|█████████▌| 48/50 [00:11<00:00,  9.53it/s]
 98%|█████████▊| 49/50 [00:11<00:00,  9.53it/s]
100%|██████████| 50/50 [00:17<00:00,  1.90s/it]
100%|██████████| 50/50 [00:17<00:00,  2.84it/s]
[I 2023-12-11 20:34:17,706] Trial 78 finished with value: 0.43721318314559865 and parameters: {'EMBEDDING_DIM': 16, 'HIDDEN_DIM': 1655, 'NUM_LAYERS': 1, 'DROPOUT': 0.11443328708228473, 'LR': 0.008249159150618047, 'WEIGHT_0': 0.6574125699376656, 'WEIGHT_1': 0.12440700620113801, 'WEIGHT_2': 0.29631752073855705, 'WEIGHT_3': 0.11861565118585785, 'WEIGHT_4': 0.7227160503853949, 'WEIGHT_5': 0.30105707209464005, 'WEIGHT_6': 0.12468212996614488, 'WEIGHT_7': 0.9217273078560451, 'WEIGHT_8': 0.48223106465854854}. Best is trial 42 with value: 0.44962374581939796.
{'EMBEDDING_DIM': 16, 'HIDDEN_DIM': 1655, 'NUM_LAYERS': 1, 'DROPOUT': 0.11443328708228473, 'LR': 0.008249159150618047, 'WEIGHT_0': 0.6574125699376656, 'WEIGHT_1': 0.12440700620113801, 'WEIGHT_2': 0.29631752073855705, 'WEIGHT_3': 0.11861565118585785, 'WEIGHT_4': 0.7227160503853949, 'WEIGHT_5': 0.30105707209464005, 'WEIGHT_6': 0.12468212996614488, 'WEIGHT_7': 0.9217273078560451, 'WEIGHT_8': 0.48223106465854854}
0
              precision    recall  f1-score   support

         LOC       0.00      0.00      0.00      1837
        MISC       0.00      0.00      0.00       922
         ORG       0.00      0.00      0.00      1341
         PER       0.00      0.00      0.00      1842

   micro avg       0.00      0.00      0.00      5942
   macro avg       0.00      0.00      0.00      5942
weighted avg       0.00      0.00      0.00      5942

{'EMBEDDING_DIM': 16, 'HIDDEN_DIM': 1655, 'NUM_LAYERS': 1, 'DROPOUT': 0.11443328708228473, 'LR': 0.008249159150618047, 'WEIGHT_0': 0.6574125699376656, 'WEIGHT_1': 0.12440700620113801, 'WEIGHT_2': 0.29631752073855705, 'WEIGHT_3': 0.11861565118585785, 'WEIGHT_4': 0.7227160503853949, 'WEIGHT_5': 0.30105707209464005, 'WEIGHT_6': 0.12468212996614488, 'WEIGHT_7': 0.9217273078560451, 'WEIGHT_8': 0.48223106465854854}
49
              precision    recall  f1-score   support

         LOC       0.78      0.57      0.66      1837
        MISC       0.62      0.46      0.53       922
         ORG       0.40      0.21      0.27      1341
         PER       0.37      0.19      0.25      1842

   micro avg       0.57      0.35      0.44      5942
   macro avg       0.54      0.36      0.43      5942
weighted avg       0.54      0.35      0.42      5942

epoch 49
Transformer

  0%|          | 0/50 [00:00<?, ?it/s]
  2%|▏         | 1/50 [00:06<05:19,  6.51s/it]
  4%|▍         | 2/50 [00:06<02:12,  2.76s/it]
  6%|▌         | 3/50 [00:06<01:12,  1.55s/it]
  8%|▊         | 4/50 [00:06<00:45,  1.00it/s]
 10%|█         | 5/50 [00:07<00:31,  1.44it/s]
 12%|█▏        | 6/50 [00:07<00:21,  2.02it/s]
 14%|█▍        | 7/50 [00:07<00:15,  2.70it/s]
 16%|█▌        | 8/50 [00:07<00:12,  3.29it/s]
 18%|█▊        | 9/50 [00:07<00:10,  4.08it/s]
 20%|██        | 10/50 [00:07<00:08,  4.90it/s]
 22%|██▏       | 11/50 [00:07<00:06,  5.69it/s]
 24%|██▍       | 12/50 [00:07<00:05,  6.41it/s]
 26%|██▌       | 13/50 [00:08<00:05,  6.93it/s]
 28%|██▊       | 14/50 [00:08<00:04,  7.44it/s]
 30%|███       | 15/50 [00:08<00:04,  7.86it/s]
 32%|███▏      | 16/50 [00:08<00:04,  8.21it/s]
 34%|███▍      | 17/50 [00:08<00:03,  8.47it/s]
 36%|███▌      | 18/50 [00:08<00:03,  8.66it/s]
 38%|███▊      | 19/50 [00:08<00:03,  8.80it/s]
 40%|████      | 20/50 [00:08<00:03,  8.89it/s]
 42%|████▏     | 21/50 [00:08<00:03,  8.96it/s]
 44%|████▍     | 22/50 [00:09<00:03,  9.02it/s]
 46%|████▌     | 23/50 [00:09<00:02,  9.06it/s]
 48%|████▊     | 24/50 [00:09<00:02,  9.09it/s]
 50%|█████     | 25/50 [00:09<00:02,  9.11it/s]
 52%|█████▏    | 26/50 [00:09<00:02,  9.12it/s]
 54%|█████▍    | 27/50 [00:09<00:02,  9.14it/s]
 56%|█████▌    | 28/50 [00:09<00:02,  9.14it/s]
 58%|█████▊    | 29/50 [00:09<00:02,  9.15it/s]
 60%|██████    | 30/50 [00:09<00:02,  9.15it/s]
 62%|██████▏   | 31/50 [00:09<00:02,  9.15it/s]
 64%|██████▍   | 32/50 [00:10<00:01,  9.16it/s]
 66%|██████▌   | 33/50 [00:10<00:01,  9.16it/s]
 68%|██████▊   | 34/50 [00:10<00:01,  9.14it/s]
 70%|███████   | 35/50 [00:10<00:01,  9.14it/s]
 72%|███████▏  | 36/50 [00:10<00:01,  9.15it/s]
 74%|███████▍  | 37/50 [00:10<00:01,  9.15it/s]
 76%|███████▌  | 38/50 [00:10<00:01,  9.15it/s]
 78%|███████▊  | 39/50 [00:10<00:01,  9.16it/s]
 80%|████████  | 40/50 [00:10<00:01,  9.16it/s]
 82%|████████▏ | 41/50 [00:11<00:00,  9.16it/s]
 84%|████████▍ | 42/50 [00:11<00:00,  9.14it/s]
 86%|████████▌ | 43/50 [00:11<00:00,  9.13it/s]
 88%|████████▊ | 44/50 [00:11<00:00,  9.13it/s]
 90%|█████████ | 45/50 [00:11<00:00,  9.13it/s]
 92%|█████████▏| 46/50 [00:11<00:00,  9.14it/s]
 94%|█████████▍| 47/50 [00:11<00:00,  9.14it/s]
 96%|█████████▌| 48/50 [00:11<00:00,  9.15it/s]
 98%|█████████▊| 49/50 [00:11<00:00,  9.15it/s]
100%|██████████| 50/50 [00:18<00:00,  1.93s/it]
100%|██████████| 50/50 [00:18<00:00,  2.76it/s]
[I 2023-12-11 20:34:42,065] Trial 79 finished with value: 0.43453118546055347 and parameters: {'EMBEDDING_DIM': 32, 'HIDDEN_DIM': 1856, 'NUM_LAYERS': 1, 'DROPOUT': 0.13925204588158138, 'LR': 0.00944836164241052, 'WEIGHT_0': 0.7037164036457019, 'WEIGHT_1': 0.3006080254680405, 'WEIGHT_2': 0.22115458346426708, 'WEIGHT_3': 0.1977183561053465, 'WEIGHT_4': 0.6544488498563256, 'WEIGHT_5': 0.35102100424454596, 'WEIGHT_6': 0.15396292003295958, 'WEIGHT_7': 0.790651075288694, 'WEIGHT_8': 0.4348405565222888}. Best is trial 42 with value: 0.44962374581939796.
{'EMBEDDING_DIM': 32, 'HIDDEN_DIM': 1856, 'NUM_LAYERS': 1, 'DROPOUT': 0.13925204588158138, 'LR': 0.00944836164241052, 'WEIGHT_0': 0.7037164036457019, 'WEIGHT_1': 0.3006080254680405, 'WEIGHT_2': 0.22115458346426708, 'WEIGHT_3': 0.1977183561053465, 'WEIGHT_4': 0.6544488498563256, 'WEIGHT_5': 0.35102100424454596, 'WEIGHT_6': 0.15396292003295958, 'WEIGHT_7': 0.790651075288694, 'WEIGHT_8': 0.4348405565222888}
0
              precision    recall  f1-score   support

         LOC       0.00      0.00      0.00      1837
        MISC       0.00      0.00      0.00       922
         ORG       0.00      0.00      0.00      1341
         PER       0.00      0.00      0.00      1842

   micro avg       0.00      0.00      0.00      5942
   macro avg       0.00      0.00      0.00      5942
weighted avg       0.00      0.00      0.00      5942

{'EMBEDDING_DIM': 32, 'HIDDEN_DIM': 1856, 'NUM_LAYERS': 1, 'DROPOUT': 0.13925204588158138, 'LR': 0.00944836164241052, 'WEIGHT_0': 0.7037164036457019, 'WEIGHT_1': 0.3006080254680405, 'WEIGHT_2': 0.22115458346426708, 'WEIGHT_3': 0.1977183561053465, 'WEIGHT_4': 0.6544488498563256, 'WEIGHT_5': 0.35102100424454596, 'WEIGHT_6': 0.15396292003295958, 'WEIGHT_7': 0.790651075288694, 'WEIGHT_8': 0.4348405565222888}
49
              precision    recall  f1-score   support

         LOC       0.76      0.58      0.66      1837
        MISC       0.63      0.45      0.53       922
         ORG       0.41      0.22      0.28      1341
         PER       0.34      0.18      0.23      1842

   micro avg       0.56      0.35      0.43      5942
   macro avg       0.54      0.36      0.43      5942
weighted avg       0.53      0.35      0.42      5942

epoch 49
Transformer

  0%|          | 0/50 [00:00<?, ?it/s]
  2%|▏         | 1/50 [00:10<08:33, 10.47s/it]
  4%|▍         | 2/50 [00:10<03:34,  4.48s/it]
  6%|▌         | 3/50 [00:11<02:00,  2.56s/it]
  8%|▊         | 4/50 [00:11<01:16,  1.66s/it]
 10%|█         | 5/50 [00:11<00:51,  1.15s/it]
 12%|█▏        | 6/50 [00:11<00:38,  1.16it/s]
 14%|█▍        | 7/50 [00:12<00:29,  1.44it/s]
 16%|█▌        | 8/50 [00:12<00:25,  1.64it/s]
 18%|█▊        | 9/50 [00:13<00:22,  1.78it/s]
 20%|██        | 10/50 [00:13<00:21,  1.86it/s]
 22%|██▏       | 11/50 [00:14<00:20,  1.88it/s]
 24%|██▍       | 12/50 [00:14<00:20,  1.89it/s]
 26%|██▌       | 13/50 [00:15<00:19,  1.88it/s]
 28%|██▊       | 14/50 [00:15<00:19,  1.87it/s]
 30%|███       | 15/50 [00:16<00:18,  1.88it/s]
 32%|███▏      | 16/50 [00:16<00:17,  1.93it/s]
 34%|███▍      | 17/50 [00:17<00:16,  1.96it/s]
 36%|███▌      | 18/50 [00:17<00:16,  1.99it/s]
 38%|███▊      | 19/50 [00:18<00:15,  1.98it/s]
 40%|████      | 20/50 [00:18<00:15,  1.99it/s]
 42%|████▏     | 21/50 [00:19<00:14,  1.98it/s]
 44%|████▍     | 22/50 [00:19<00:14,  1.93it/s]
 46%|████▌     | 23/50 [00:20<00:14,  1.90it/s]
 48%|████▊     | 24/50 [00:20<00:13,  1.87it/s]
 50%|█████     | 25/50 [00:21<00:13,  1.84it/s]
 52%|█████▏    | 26/50 [00:21<00:13,  1.82it/s]
 54%|█████▍    | 27/50 [00:22<00:12,  1.80it/s]
 56%|█████▌    | 28/50 [00:23<00:12,  1.79it/s]
 58%|█████▊    | 29/50 [00:23<00:11,  1.80it/s]
 60%|██████    | 30/50 [00:24<00:11,  1.77it/s]
 62%|██████▏   | 31/50 [00:24<00:10,  1.74it/s]
 64%|██████▍   | 32/50 [00:25<00:10,  1.73it/s]
 66%|██████▌   | 33/50 [00:26<00:09,  1.74it/s]
 68%|██████▊   | 34/50 [00:26<00:09,  1.76it/s]
 70%|███████   | 35/50 [00:27<00:08,  1.79it/s]
 72%|███████▏  | 36/50 [00:27<00:07,  1.80it/s]
 74%|███████▍  | 37/50 [00:28<00:06,  1.86it/s]
 76%|███████▌  | 38/50 [00:28<00:06,  1.91it/s]
 78%|███████▊  | 39/50 [00:29<00:05,  1.94it/s]
 80%|████████  | 40/50 [00:29<00:05,  1.96it/s]
 82%|████████▏ | 41/50 [00:30<00:04,  1.98it/s]
 84%|████████▍ | 42/50 [00:30<00:04,  1.99it/s]
 86%|████████▌ | 43/50 [00:31<00:03,  2.00it/s]
 88%|████████▊ | 44/50 [00:31<00:03,  1.97it/s]
 90%|█████████ | 45/50 [00:32<00:02,  1.93it/s]
 92%|█████████▏| 46/50 [00:32<00:02,  1.90it/s]
 94%|█████████▍| 47/50 [00:33<00:01,  1.86it/s]
 96%|█████████▌| 48/50 [00:33<00:01,  1.81it/s]
 98%|█████████▊| 49/50 [00:34<00:00,  1.79it/s]
100%|██████████| 50/50 [00:44<00:00,  3.49s/it]
100%|██████████| 50/50 [00:44<00:00,  1.12it/s]
