[I 2023-12-11 21:06:36,378] Trial 143 finished with value: 0.4397577782418041 and parameters: {'EMBEDDING_DIM': 32, 'HIDDEN_DIM': 84, 'NUM_LAYERS': 1, 'DROPOUT': 0.0844406255357181, 'LR': 0.007304057413674486, 'WEIGHT_0': 0.9489133331505373, 'WEIGHT_1': 0.07176504013239551, 'WEIGHT_2': 0.36392739629936455, 'WEIGHT_3': 0.1740873052026786, 'WEIGHT_4': 0.8271777114317119, 'WEIGHT_5': 0.4383714501963856, 'WEIGHT_6': 0.11204652935810264, 'WEIGHT_7': 0.7816264493799021, 'WEIGHT_8': 0.26939025393032023}. Best is trial 42 with value: 0.44962374581939796.
{'EMBEDDING_DIM': 32, 'HIDDEN_DIM': 84, 'NUM_LAYERS': 1, 'DROPOUT': 0.0844406255357181, 'LR': 0.007304057413674486, 'WEIGHT_0': 0.9489133331505373, 'WEIGHT_1': 0.07176504013239551, 'WEIGHT_2': 0.36392739629936455, 'WEIGHT_3': 0.1740873052026786, 'WEIGHT_4': 0.8271777114317119, 'WEIGHT_5': 0.4383714501963856, 'WEIGHT_6': 0.11204652935810264, 'WEIGHT_7': 0.7816264493799021, 'WEIGHT_8': 0.26939025393032023}
0
              precision    recall  f1-score   support

         LOC       0.00      0.00      0.00      1837
        MISC       0.00      0.00      0.00       922
         ORG       0.00      0.00      0.00      1341
         PER       0.00      0.00      0.00      1842

   micro avg       0.00      0.00      0.00      5942
   macro avg       0.00      0.00      0.00      5942
weighted avg       0.00      0.00      0.00      5942

{'EMBEDDING_DIM': 32, 'HIDDEN_DIM': 84, 'NUM_LAYERS': 1, 'DROPOUT': 0.0844406255357181, 'LR': 0.007304057413674486, 'WEIGHT_0': 0.9489133331505373, 'WEIGHT_1': 0.07176504013239551, 'WEIGHT_2': 0.36392739629936455, 'WEIGHT_3': 0.1740873052026786, 'WEIGHT_4': 0.8271777114317119, 'WEIGHT_5': 0.4383714501963856, 'WEIGHT_6': 0.11204652935810264, 'WEIGHT_7': 0.7816264493799021, 'WEIGHT_8': 0.26939025393032023}
49
              precision    recall  f1-score   support

         LOC       0.78      0.58      0.67      1837
        MISC       0.60      0.46      0.52       922
         ORG       0.44      0.22      0.29      1341
         PER       0.35      0.17      0.23      1842

   micro avg       0.58      0.35      0.44      5942
   macro avg       0.55      0.36      0.43      5942
weighted avg       0.54      0.35      0.43      5942

epoch 49
Transformer

  0%|          | 0/50 [00:00<?, ?it/s]
  2%|▏         | 1/50 [00:09<07:37,  9.33s/it]
  4%|▍         | 2/50 [00:09<03:10,  3.96s/it]
  6%|▌         | 3/50 [00:09<01:45,  2.24s/it]
  8%|▊         | 4/50 [00:09<01:05,  1.43s/it]
 10%|█         | 5/50 [00:10<00:45,  1.02s/it]
 12%|█▏        | 6/50 [00:10<00:36,  1.22it/s]
 14%|█▍        | 7/50 [00:11<00:30,  1.40it/s]
 16%|█▌        | 8/50 [00:11<00:27,  1.54it/s]
 18%|█▊        | 9/50 [00:12<00:25,  1.62it/s]
 20%|██        | 10/50 [00:12<00:20,  1.91it/s]
 22%|██▏       | 11/50 [00:12<00:18,  2.12it/s]
 24%|██▍       | 12/50 [00:13<00:17,  2.19it/s]
 26%|██▌       | 13/50 [00:13<00:16,  2.22it/s]
 28%|██▊       | 14/50 [00:14<00:15,  2.37it/s]
 30%|███       | 15/50 [00:14<00:14,  2.47it/s]
 32%|███▏      | 16/50 [00:14<00:14,  2.41it/s]
 34%|███▍      | 17/50 [00:15<00:14,  2.30it/s]
 36%|███▌      | 18/50 [00:15<00:14,  2.20it/s]
 38%|███▊      | 19/50 [00:16<00:14,  2.15it/s]
 40%|████      | 20/50 [00:16<00:14,  2.12it/s]
 42%|████▏     | 21/50 [00:17<00:13,  2.08it/s]
 44%|████▍     | 22/50 [00:17<00:14,  2.00it/s]
 46%|████▌     | 23/50 [00:18<00:13,  1.95it/s]
 48%|████▊     | 24/50 [00:18<00:13,  1.92it/s]
 50%|█████     | 25/50 [00:19<00:13,  1.90it/s]
 52%|█████▏    | 26/50 [00:20<00:12,  1.89it/s]
 54%|█████▍    | 27/50 [00:20<00:12,  1.88it/s]
 56%|█████▌    | 28/50 [00:21<00:11,  1.88it/s]
 58%|█████▊    | 29/50 [00:21<00:11,  1.88it/s]
 60%|██████    | 30/50 [00:22<00:10,  1.87it/s]
 62%|██████▏   | 31/50 [00:22<00:10,  1.86it/s]
 64%|██████▍   | 32/50 [00:23<00:09,  1.85it/s]
 66%|██████▌   | 33/50 [00:23<00:09,  1.83it/s]
 68%|██████▊   | 34/50 [00:24<00:08,  1.82it/s]
 70%|███████   | 35/50 [00:24<00:08,  1.82it/s]
 72%|███████▏  | 36/50 [00:25<00:07,  1.81it/s]
 74%|███████▍  | 37/50 [00:26<00:07,  1.81it/s]
 76%|███████▌  | 38/50 [00:26<00:06,  1.81it/s]
 78%|███████▊  | 39/50 [00:27<00:06,  1.80it/s]
 80%|████████  | 40/50 [00:27<00:05,  1.80it/s]
 82%|████████▏ | 41/50 [00:28<00:04,  1.80it/s]
 84%|████████▍ | 42/50 [00:28<00:04,  1.80it/s]
 86%|████████▌ | 43/50 [00:29<00:03,  1.80it/s]
 88%|████████▊ | 44/50 [00:29<00:03,  1.79it/s]
 90%|█████████ | 45/50 [00:30<00:02,  1.79it/s]
 92%|█████████▏| 46/50 [00:31<00:02,  1.80it/s]
 94%|█████████▍| 47/50 [00:31<00:01,  2.15it/s]
 96%|█████████▌| 48/50 [00:31<00:00,  2.51it/s]
 98%|█████████▊| 49/50 [00:31<00:00,  2.83it/s]
100%|██████████| 50/50 [00:41<00:00,  3.07s/it]
100%|██████████| 50/50 [00:41<00:00,  1.21it/s]
[I 2023-12-11 21:07:26,738] Trial 144 finished with value: 0.3671437461107654 and parameters: {'EMBEDDING_DIM': 32, 'HIDDEN_DIM': 242, 'NUM_LAYERS': 3, 'DROPOUT': 0.0747057599806028, 'LR': 0.007991605889431458, 'WEIGHT_0': 0.8630633801220342, 'WEIGHT_1': 0.003514369169880946, 'WEIGHT_2': 0.41734210830634005, 'WEIGHT_3': 0.22041814395175724, 'WEIGHT_4': 0.8548725575175864, 'WEIGHT_5': 0.28094393898046005, 'WEIGHT_6': 0.13644148011063834, 'WEIGHT_7': 0.8176665766169932, 'WEIGHT_8': 0.31038581723119696}. Best is trial 42 with value: 0.44962374581939796.
{'EMBEDDING_DIM': 32, 'HIDDEN_DIM': 242, 'NUM_LAYERS': 3, 'DROPOUT': 0.0747057599806028, 'LR': 0.007991605889431458, 'WEIGHT_0': 0.8630633801220342, 'WEIGHT_1': 0.003514369169880946, 'WEIGHT_2': 0.41734210830634005, 'WEIGHT_3': 0.22041814395175724, 'WEIGHT_4': 0.8548725575175864, 'WEIGHT_5': 0.28094393898046005, 'WEIGHT_6': 0.13644148011063834, 'WEIGHT_7': 0.8176665766169932, 'WEIGHT_8': 0.31038581723119696}
0
              precision    recall  f1-score   support

         LOC       0.00      0.00      0.00      1837
        MISC       0.00      0.00      0.00       922
         ORG       0.00      0.00      0.00      1341
         PER       0.00      0.00      0.00      1842

   micro avg       0.00      0.00      0.00      5942
   macro avg       0.00      0.00      0.00      5942
weighted avg       0.00      0.00      0.00      5942

{'EMBEDDING_DIM': 32, 'HIDDEN_DIM': 242, 'NUM_LAYERS': 3, 'DROPOUT': 0.0747057599806028, 'LR': 0.007991605889431458, 'WEIGHT_0': 0.8630633801220342, 'WEIGHT_1': 0.003514369169880946, 'WEIGHT_2': 0.41734210830634005, 'WEIGHT_3': 0.22041814395175724, 'WEIGHT_4': 0.8548725575175864, 'WEIGHT_5': 0.28094393898046005, 'WEIGHT_6': 0.13644148011063834, 'WEIGHT_7': 0.8176665766169932, 'WEIGHT_8': 0.31038581723119696}
49
              precision    recall  f1-score   support

         LOC       0.70      0.54      0.61      1837
        MISC       0.38      0.47      0.42       922
         ORG       0.00      0.00      0.00      1341
         PER       0.30      0.19      0.23      1842

   micro avg       0.48      0.30      0.37      5942
   macro avg       0.35      0.30      0.32      5942
weighted avg       0.37      0.30      0.33      5942

epoch 49
Transformer

  0%|          | 0/50 [00:00<?, ?it/s]
  2%|▏         | 1/50 [00:05<04:48,  5.90s/it]
  6%|▌         | 3/50 [00:06<01:15,  1.60s/it]
 10%|█         | 5/50 [00:06<00:37,  1.21it/s]
 14%|█▍        | 7/50 [00:06<00:22,  1.95it/s]
 18%|█▊        | 9/50 [00:06<00:14,  2.81it/s]
 22%|██▏       | 11/50 [00:06<00:10,  3.79it/s]
 26%|██▌       | 13/50 [00:07<00:07,  4.86it/s]
 30%|███       | 15/50 [00:07<00:05,  5.96it/s]
 34%|███▍      | 17/50 [00:07<00:04,  7.01it/s]
 38%|███▊      | 19/50 [00:07<00:03,  7.95it/s]
 42%|████▏     | 21/50 [00:07<00:03,  8.76it/s]
 46%|████▌     | 23/50 [00:07<00:02,  9.43it/s]
 50%|█████     | 25/50 [00:08<00:02,  9.97it/s]
 54%|█████▍    | 27/50 [00:08<00:02, 10.36it/s]
 58%|█████▊    | 29/50 [00:08<00:01, 10.65it/s]
 62%|██████▏   | 31/50 [00:08<00:01, 10.86it/s]
 66%|██████▌   | 33/50 [00:08<00:01, 10.99it/s]
 70%|███████   | 35/50 [00:08<00:01, 11.12it/s]
 74%|███████▍  | 37/50 [00:09<00:01, 11.20it/s]
 78%|███████▊  | 39/50 [00:09<00:00, 11.25it/s]
 82%|████████▏ | 41/50 [00:09<00:00, 11.29it/s]
 86%|████████▌ | 43/50 [00:09<00:00, 11.29it/s]
 90%|█████████ | 45/50 [00:09<00:00, 11.30it/s]
 94%|█████████▍| 47/50 [00:09<00:00, 11.29it/s]
 98%|█████████▊| 49/50 [00:10<00:00, 11.34it/s]
100%|██████████| 50/50 [00:16<00:00,  3.11it/s]
[I 2023-12-11 21:07:48,297] Trial 145 finished with value: 0.42358509169789 and parameters: {'EMBEDDING_DIM': 32, 'HIDDEN_DIM': 378, 'NUM_LAYERS': 1, 'DROPOUT': 0.09568484010709935, 'LR': 0.007657051838953441, 'WEIGHT_0': 0.8897240122485052, 'WEIGHT_1': 0.08809400490325694, 'WEIGHT_2': 0.3797122257238939, 'WEIGHT_3': 0.1651188604322352, 'WEIGHT_4': 0.7924423344402548, 'WEIGHT_5': 0.34176348891536695, 'WEIGHT_6': 0.18261749582612558, 'WEIGHT_7': 0.8809392448947245, 'WEIGHT_8': 0.2698535309384097}. Best is trial 42 with value: 0.44962374581939796.
{'EMBEDDING_DIM': 32, 'HIDDEN_DIM': 378, 'NUM_LAYERS': 1, 'DROPOUT': 0.09568484010709935, 'LR': 0.007657051838953441, 'WEIGHT_0': 0.8897240122485052, 'WEIGHT_1': 0.08809400490325694, 'WEIGHT_2': 0.3797122257238939, 'WEIGHT_3': 0.1651188604322352, 'WEIGHT_4': 0.7924423344402548, 'WEIGHT_5': 0.34176348891536695, 'WEIGHT_6': 0.18261749582612558, 'WEIGHT_7': 0.8809392448947245, 'WEIGHT_8': 0.2698535309384097}
0
              precision    recall  f1-score   support

         LOC       0.00      0.00      0.00      1837
        MISC       0.00      0.00      0.00       922
         ORG       0.00      0.00      0.00      1341
         PER       0.00      0.00      0.00      1842

   micro avg       0.00      0.00      0.00      5942
   macro avg       0.00      0.00      0.00      5942
weighted avg       0.00      0.00      0.00      5942

{'EMBEDDING_DIM': 32, 'HIDDEN_DIM': 378, 'NUM_LAYERS': 1, 'DROPOUT': 0.09568484010709935, 'LR': 0.007657051838953441, 'WEIGHT_0': 0.8897240122485052, 'WEIGHT_1': 0.08809400490325694, 'WEIGHT_2': 0.3797122257238939, 'WEIGHT_3': 0.1651188604322352, 'WEIGHT_4': 0.7924423344402548, 'WEIGHT_5': 0.34176348891536695, 'WEIGHT_6': 0.18261749582612558, 'WEIGHT_7': 0.8809392448947245, 'WEIGHT_8': 0.2698535309384097}
49
              precision    recall  f1-score   support

         LOC       0.74      0.57      0.64      1837
        MISC       0.55      0.49      0.52       922
         ORG       0.39      0.22      0.28      1341
         PER       0.29      0.20      0.24      1842

   micro avg       0.51      0.36      0.42      5942
   macro avg       0.50      0.37      0.42      5942
weighted avg       0.50      0.36      0.42      5942

epoch 49
Transformer

  0%|          | 0/50 [00:00<?, ?it/s]
  2%|▏         | 1/50 [00:05<04:48,  5.89s/it]
  6%|▌         | 3/50 [00:06<01:14,  1.60s/it]
 10%|█         | 5/50 [00:06<00:36,  1.22it/s]
 14%|█▍        | 7/50 [00:06<00:22,  1.95it/s]
 18%|█▊        | 9/50 [00:06<00:14,  2.82it/s]
 22%|██▏       | 11/50 [00:06<00:10,  3.81it/s]
 26%|██▌       | 13/50 [00:06<00:07,  4.88it/s]
 30%|███       | 15/50 [00:07<00:05,  5.98it/s]
 34%|███▍      | 17/50 [00:07<00:04,  7.03it/s]
 38%|███▊      | 19/50 [00:07<00:03,  7.98it/s]
 42%|████▏     | 21/50 [00:07<00:03,  8.79it/s]
 46%|████▌     | 23/50 [00:07<00:02,  9.47it/s]
 50%|█████     | 25/50 [00:08<00:02,  9.94it/s]
 54%|█████▍    | 27/50 [00:08<00:02, 10.35it/s]
 58%|█████▊    | 29/50 [00:08<00:01, 10.65it/s]
 62%|██████▏   | 31/50 [00:08<00:01, 10.86it/s]
 66%|██████▌   | 33/50 [00:08<00:01, 11.04it/s]
 70%|███████   | 35/50 [00:08<00:01, 11.13it/s]
 74%|███████▍  | 37/50 [00:09<00:01, 11.22it/s]
 78%|███████▊  | 39/50 [00:09<00:00, 11.26it/s]
 82%|████████▏ | 41/50 [00:09<00:00, 11.25it/s]
 86%|████████▌ | 43/50 [00:09<00:00, 11.27it/s]
 90%|█████████ | 45/50 [00:09<00:00, 11.28it/s]
 94%|█████████▍| 47/50 [00:09<00:00, 11.32it/s]
 98%|█████████▊| 49/50 [00:10<00:00, 11.33it/s]
100%|██████████| 50/50 [00:16<00:00,  3.11it/s]
[I 2023-12-11 21:08:09,923] Trial 146 finished with value: 0.43701640359021976 and parameters: {'EMBEDDING_DIM': 32, 'HIDDEN_DIM': 280, 'NUM_LAYERS': 1, 'DROPOUT': 0.10904040073553331, 'LR': 0.006925254743476947, 'WEIGHT_0': 0.9974996716306188, 'WEIGHT_1': 0.12171062114725577, 'WEIGHT_2': 0.42683087269976466, 'WEIGHT_3': 0.19619309510916272, 'WEIGHT_4': 0.8439126147922931, 'WEIGHT_5': 0.28998544676820953, 'WEIGHT_6': 0.16372492939679364, 'WEIGHT_7': 0.8020254579271119, 'WEIGHT_8': 0.3581793313606134}. Best is trial 42 with value: 0.44962374581939796.
{'EMBEDDING_DIM': 32, 'HIDDEN_DIM': 280, 'NUM_LAYERS': 1, 'DROPOUT': 0.10904040073553331, 'LR': 0.006925254743476947, 'WEIGHT_0': 0.9974996716306188, 'WEIGHT_1': 0.12171062114725577, 'WEIGHT_2': 0.42683087269976466, 'WEIGHT_3': 0.19619309510916272, 'WEIGHT_4': 0.8439126147922931, 'WEIGHT_5': 0.28998544676820953, 'WEIGHT_6': 0.16372492939679364, 'WEIGHT_7': 0.8020254579271119, 'WEIGHT_8': 0.3581793313606134}
0
              precision    recall  f1-score   support

         LOC       0.00      0.00      0.00      1837
        MISC       0.00      0.00      0.00       922
         ORG       0.00      0.00      0.00      1341
         PER       0.00      0.00      0.00      1842

   micro avg       0.00      0.00      0.00      5942
   macro avg       0.00      0.00      0.00      5942
weighted avg       0.00      0.00      0.00      5942

{'EMBEDDING_DIM': 32, 'HIDDEN_DIM': 280, 'NUM_LAYERS': 1, 'DROPOUT': 0.10904040073553331, 'LR': 0.006925254743476947, 'WEIGHT_0': 0.9974996716306188, 'WEIGHT_1': 0.12171062114725577, 'WEIGHT_2': 0.42683087269976466, 'WEIGHT_3': 0.19619309510916272, 'WEIGHT_4': 0.8439126147922931, 'WEIGHT_5': 0.28998544676820953, 'WEIGHT_6': 0.16372492939679364, 'WEIGHT_7': 0.8020254579271119, 'WEIGHT_8': 0.3581793313606134}
49
              precision    recall  f1-score   support

         LOC       0.76      0.57      0.65      1837
        MISC       0.62      0.48      0.54       922
         ORG       0.42      0.22      0.29      1341
         PER       0.35      0.18      0.24      1842

   micro avg       0.56      0.36      0.44      5942
   macro avg       0.54      0.36      0.43      5942
weighted avg       0.53      0.36      0.42      5942

epoch 49
Transformer

  0%|          | 0/50 [00:00<?, ?it/s]
  2%|▏         | 1/50 [00:06<05:00,  6.14s/it]
  6%|▌         | 3/50 [00:06<01:18,  1.66s/it]
 10%|█         | 5/50 [00:06<00:38,  1.17it/s]
 14%|█▍        | 7/50 [00:06<00:22,  1.88it/s]
 18%|█▊        | 9/50 [00:06<00:15,  2.73it/s]
 22%|██▏       | 11/50 [00:07<00:10,  3.72it/s]
 26%|██▌       | 13/50 [00:07<00:07,  4.78it/s]
 30%|███       | 15/50 [00:07<00:05,  5.88it/s]
 34%|███▍      | 17/50 [00:07<00:04,  6.94it/s]
 38%|███▊      | 19/50 [00:07<00:03,  7.90it/s]
 42%|████▏     | 21/50 [00:07<00:03,  8.72it/s]
 46%|████▌     | 23/50 [00:08<00:02,  9.40it/s]
 50%|█████     | 25/50 [00:08<00:02,  9.92it/s]
 54%|█████▍    | 27/50 [00:08<00:02, 10.29it/s]
 58%|█████▊    | 29/50 [00:08<00:01, 10.57it/s]
 62%|██████▏   | 31/50 [00:08<00:01, 10.82it/s]
 66%|██████▌   | 33/50 [00:08<00:01, 10.95it/s]
 70%|███████   | 35/50 [00:09<00:01, 11.09it/s]
 74%|███████▍  | 37/50 [00:09<00:01, 11.11it/s]
 78%|███████▊  | 39/50 [00:09<00:00, 11.16it/s]
 82%|████████▏ | 41/50 [00:09<00:00, 11.24it/s]
 86%|████████▌ | 43/50 [00:09<00:00, 11.29it/s]
 90%|█████████ | 45/50 [00:10<00:00, 11.32it/s]
 94%|█████████▍| 47/50 [00:10<00:00, 11.35it/s]
 98%|█████████▊| 49/50 [00:10<00:00, 11.32it/s]
100%|██████████| 50/50 [00:16<00:00,  3.06it/s]
[I 2023-12-11 21:08:31,835] Trial 147 finished with value: 0.4353852425601305 and parameters: {'EMBEDDING_DIM': 32, 'HIDDEN_DIM': 600, 'NUM_LAYERS': 1, 'DROPOUT': 0.08786232460697704, 'LR': 0.00743596923475155, 'WEIGHT_0': 0.9072869517194401, 'WEIGHT_1': 0.022341477418119496, 'WEIGHT_2': 0.3543368582649302, 'WEIGHT_3': 0.1327708024593319, 'WEIGHT_4': 0.7611623751610431, 'WEIGHT_5': 0.3159031693484726, 'WEIGHT_6': 0.2376443987814476, 'WEIGHT_7': 0.8514714804126192, 'WEIGHT_8': 0.33334330970528614}. Best is trial 42 with value: 0.44962374581939796.
{'EMBEDDING_DIM': 32, 'HIDDEN_DIM': 600, 'NUM_LAYERS': 1, 'DROPOUT': 0.08786232460697704, 'LR': 0.00743596923475155, 'WEIGHT_0': 0.9072869517194401, 'WEIGHT_1': 0.022341477418119496, 'WEIGHT_2': 0.3543368582649302, 'WEIGHT_3': 0.1327708024593319, 'WEIGHT_4': 0.7611623751610431, 'WEIGHT_5': 0.3159031693484726, 'WEIGHT_6': 0.2376443987814476, 'WEIGHT_7': 0.8514714804126192, 'WEIGHT_8': 0.33334330970528614}
0
              precision    recall  f1-score   support

         LOC       0.00      0.00      0.00      1837
        MISC       0.00      0.00      0.00       922
         ORG       0.00      0.00      0.00      1341
         PER       0.00      0.00      0.00      1842

   micro avg       0.00      0.00      0.00      5942
   macro avg       0.00      0.00      0.00      5942
weighted avg       0.00      0.00      0.00      5942

{'EMBEDDING_DIM': 32, 'HIDDEN_DIM': 600, 'NUM_LAYERS': 1, 'DROPOUT': 0.08786232460697704, 'LR': 0.00743596923475155, 'WEIGHT_0': 0.9072869517194401, 'WEIGHT_1': 0.022341477418119496, 'WEIGHT_2': 0.3543368582649302, 'WEIGHT_3': 0.1327708024593319, 'WEIGHT_4': 0.7611623751610431, 'WEIGHT_5': 0.3159031693484726, 'WEIGHT_6': 0.2376443987814476, 'WEIGHT_7': 0.8514714804126192, 'WEIGHT_8': 0.33334330970528614}
49
              precision    recall  f1-score   support

         LOC       0.75      0.57      0.65      1837
        MISC       0.61      0.49      0.55       922
         ORG       0.40      0.20      0.27      1341
         PER       0.35      0.20      0.25      1842

   micro avg       0.55      0.36      0.44      5942
   macro avg       0.53      0.37      0.43      5942
weighted avg       0.52      0.36      0.42      5942

epoch 49
Transformer

  0%|          | 0/50 [00:00<?, ?it/s]
  2%|▏         | 1/50 [00:05<04:49,  5.92s/it]
  6%|▌         | 3/50 [00:06<01:15,  1.60s/it]
 10%|█         | 5/50 [00:06<00:37,  1.21it/s]
 14%|█▍        | 7/50 [00:06<00:22,  1.94it/s]
 18%|█▊        | 9/50 [00:06<00:14,  2.81it/s]
 20%|██        | 10/50 [00:06<00:12,  3.26it/s]
 22%|██▏       | 11/50 [00:06<00:10,  3.77it/s]
 24%|██▍       | 12/50 [00:07<00:08,  4.44it/s]
 26%|██▌       | 13/50 [00:07<00:07,  5.17it/s]
 28%|██▊       | 14/50 [00:07<00:06,  5.89it/s]
 30%|███       | 15/50 [00:07<00:05,  6.49it/s]
 32%|███▏      | 16/50 [00:07<00:04,  7.01it/s]
 34%|███▍      | 17/50 [00:07<00:04,  7.43it/s]
 36%|███▌      | 18/50 [00:07<00:04,  7.78it/s]
 38%|███▊      | 19/50 [00:07<00:03,  8.17it/s]
 42%|████▏     | 21/50 [00:08<00:03,  8.59it/s]
 44%|████▍     | 22/50 [00:08<00:03,  8.19it/s]
 46%|████▌     | 23/50 [00:08<00:03,  8.02it/s]
 48%|████▊     | 24/50 [00:08<00:03,  7.83it/s]
 50%|█████     | 25/50 [00:08<00:03,  7.57it/s]
 52%|█████▏    | 26/50 [00:08<00:03,  7.39it/s]
 54%|█████▍    | 27/50 [00:08<00:03,  7.27it/s]
 56%|█████▌    | 28/50 [00:08<00:02,  7.62it/s]
 58%|█████▊    | 29/50 [00:09<00:02,  8.02it/s]
 60%|██████    | 30/50 [00:09<00:02,  8.33it/s]
 62%|██████▏   | 31/50 [00:09<00:02,  8.54it/s]
 64%|██████▍   | 32/50 [00:09<00:02,  8.72it/s]
 66%|██████▌   | 33/50 [00:09<00:01,  8.85it/s]
 68%|██████▊   | 34/50 [00:09<00:01,  8.94it/s]
 70%|███████   | 35/50 [00:09<00:01,  9.01it/s]
 72%|███████▏  | 36/50 [00:09<00:01,  9.03it/s]
 74%|███████▍  | 37/50 [00:09<00:01,  9.06it/s]
 76%|███████▌  | 38/50 [00:10<00:01,  9.09it/s]
 78%|███████▊  | 39/50 [00:10<00:01,  9.11it/s]
 80%|████████  | 40/50 [00:10<00:01,  9.11it/s]
 82%|████████▏ | 41/50 [00:10<00:00,  9.10it/s]
 84%|████████▍ | 42/50 [00:10<00:00,  9.10it/s]
 86%|████████▌ | 43/50 [00:10<00:00,  9.13it/s]
 88%|████████▊ | 44/50 [00:10<00:00,  9.15it/s]
 90%|█████████ | 45/50 [00:10<00:00,  9.15it/s]
 92%|█████████▏| 46/50 [00:10<00:00,  9.14it/s]
 94%|█████████▍| 47/50 [00:11<00:00,  9.16it/s]
 96%|█████████▌| 48/50 [00:11<00:00,  9.15it/s]
 98%|█████████▊| 49/50 [00:11<00:00,  9.17it/s]
100%|██████████| 50/50 [00:18<00:00,  2.25s/it]
100%|██████████| 50/50 [00:18<00:00,  2.70it/s]
