[I 2023-12-11 22:41:27,355] Trial 324 finished with value: 0.44424000817745074 and parameters: {'EMBEDDING_DIM': 32, 'HIDDEN_DIM': 912, 'NUM_LAYERS': 1, 'DROPOUT': 0.1916487139717026, 'LR': 0.004902231429432911, 'WEIGHT_0': 0.9978998135548326, 'WEIGHT_1': 0.07377660081010057, 'WEIGHT_2': 0.17712508683289763, 'WEIGHT_3': 0.08812531055339679, 'WEIGHT_4': 0.6103863577446146, 'WEIGHT_5': 0.4374723840677974, 'WEIGHT_6': 0.012968590389118266, 'WEIGHT_7': 0.5733543937599443, 'WEIGHT_8': 0.7286799949132422}. Best is trial 282 with value: 0.45463128081401455.
{'EMBEDDING_DIM': 32, 'HIDDEN_DIM': 912, 'NUM_LAYERS': 1, 'DROPOUT': 0.1916487139717026, 'LR': 0.004902231429432911, 'WEIGHT_0': 0.9978998135548326, 'WEIGHT_1': 0.07377660081010057, 'WEIGHT_2': 0.17712508683289763, 'WEIGHT_3': 0.08812531055339679, 'WEIGHT_4': 0.6103863577446146, 'WEIGHT_5': 0.4374723840677974, 'WEIGHT_6': 0.012968590389118266, 'WEIGHT_7': 0.5733543937599443, 'WEIGHT_8': 0.7286799949132422}
0
              precision    recall  f1-score   support

         LOC       0.00      0.00      0.00      1837
        MISC       0.00      0.00      0.00       922
         ORG       0.00      0.00      0.00      1341
         PER       0.00      0.00      0.00      1842

   micro avg       0.00      0.00      0.00      5942
   macro avg       0.00      0.00      0.00      5942
weighted avg       0.00      0.00      0.00      5942

{'EMBEDDING_DIM': 32, 'HIDDEN_DIM': 912, 'NUM_LAYERS': 1, 'DROPOUT': 0.1916487139717026, 'LR': 0.004902231429432911, 'WEIGHT_0': 0.9978998135548326, 'WEIGHT_1': 0.07377660081010057, 'WEIGHT_2': 0.17712508683289763, 'WEIGHT_3': 0.08812531055339679, 'WEIGHT_4': 0.6103863577446146, 'WEIGHT_5': 0.4374723840677974, 'WEIGHT_6': 0.012968590389118266, 'WEIGHT_7': 0.5733543937599443, 'WEIGHT_8': 0.7286799949132422}
49
              precision    recall  f1-score   support

         LOC       0.77      0.59      0.67      1837
        MISC       0.63      0.48      0.55       922
         ORG       0.43      0.20      0.28      1341
         PER       0.34      0.20      0.25      1842

   micro avg       0.57      0.37      0.44      5942
   macro avg       0.54      0.37      0.44      5942
weighted avg       0.54      0.37      0.43      5942

epoch 49
Transformer

  0%|          | 0/50 [00:00<?, ?it/s]
  2%|▏         | 1/50 [00:09<07:49,  9.57s/it]
  4%|▍         | 2/50 [00:11<04:11,  5.24s/it]
  6%|▌         | 3/50 [00:14<03:02,  3.89s/it]
  8%|▊         | 4/50 [00:16<02:29,  3.25s/it]
 10%|█         | 5/50 [00:18<02:10,  2.90s/it]
 12%|█▏        | 6/50 [00:20<01:58,  2.69s/it]
 14%|█▍        | 7/50 [00:23<01:50,  2.56s/it]
 16%|█▌        | 8/50 [00:25<01:44,  2.48s/it]
 18%|█▊        | 9/50 [00:27<01:39,  2.42s/it]
 20%|██        | 10/50 [00:30<01:35,  2.38s/it]
 22%|██▏       | 11/50 [00:32<01:31,  2.36s/it]
 24%|██▍       | 12/50 [00:34<01:28,  2.34s/it]
 26%|██▌       | 13/50 [00:36<01:26,  2.33s/it]
 28%|██▊       | 14/50 [00:39<01:23,  2.32s/it]
 30%|███       | 15/50 [00:41<01:21,  2.32s/it]
 32%|███▏      | 16/50 [00:43<01:18,  2.32s/it]
 34%|███▍      | 17/50 [00:46<01:16,  2.32s/it]
 36%|███▌      | 18/50 [00:48<01:14,  2.32s/it]
 38%|███▊      | 19/50 [00:50<01:11,  2.32s/it]
 40%|████      | 20/50 [00:53<01:09,  2.32s/it]
 42%|████▏     | 21/50 [00:55<01:07,  2.32s/it]
 44%|████▍     | 22/50 [00:57<01:05,  2.32s/it]
 46%|████▌     | 23/50 [01:00<01:02,  2.33s/it]
 48%|████▊     | 24/50 [01:02<01:00,  2.33s/it]
 50%|█████     | 25/50 [01:04<00:58,  2.33s/it]
 52%|█████▏    | 26/50 [01:07<00:55,  2.33s/it]
 54%|█████▍    | 27/50 [01:09<00:53,  2.34s/it]
 56%|█████▌    | 28/50 [01:11<00:51,  2.34s/it]
 58%|█████▊    | 29/50 [01:14<00:49,  2.35s/it]
 60%|██████    | 30/50 [01:16<00:47,  2.35s/it]
 62%|██████▏   | 31/50 [01:19<00:44,  2.36s/it]
 64%|██████▍   | 32/50 [01:21<00:42,  2.36s/it]
 66%|██████▌   | 33/50 [01:23<00:40,  2.37s/it]
 68%|██████▊   | 34/50 [01:26<00:37,  2.37s/it]
 70%|███████   | 35/50 [01:28<00:35,  2.37s/it]
 72%|███████▏  | 36/50 [01:30<00:33,  2.38s/it]
 74%|███████▍  | 37/50 [01:33<00:30,  2.38s/it]
 76%|███████▌  | 38/50 [01:35<00:28,  2.38s/it]
 78%|███████▊  | 39/50 [01:38<00:26,  2.38s/it]
 80%|████████  | 40/50 [01:40<00:23,  2.38s/it]
 82%|████████▏ | 41/50 [01:42<00:21,  2.38s/it]
 84%|████████▍ | 42/50 [01:45<00:19,  2.38s/it]
 86%|████████▌ | 43/50 [01:47<00:16,  2.38s/it]
 88%|████████▊ | 44/50 [01:49<00:14,  2.38s/it]
 90%|█████████ | 45/50 [01:52<00:11,  2.38s/it]
 92%|█████████▏| 46/50 [01:54<00:09,  2.37s/it]
 94%|█████████▍| 47/50 [01:57<00:07,  2.37s/it]
 96%|█████████▌| 48/50 [01:59<00:04,  2.37s/it]
 98%|█████████▊| 49/50 [02:01<00:02,  2.37s/it]
100%|██████████| 50/50 [02:10<00:00,  4.20s/it]
100%|██████████| 50/50 [02:10<00:00,  2.61s/it]
[I 2023-12-11 22:43:44,520] Trial 325 finished with value: 0.12415723190433788 and parameters: {'EMBEDDING_DIM': 2048, 'HIDDEN_DIM': 458, 'NUM_LAYERS': 1, 'DROPOUT': 0.2089029674407608, 'LR': 0.00678656592880606, 'WEIGHT_0': 0.9756496162087063, 'WEIGHT_1': 0.17408128821939922, 'WEIGHT_2': 0.19376618647142502, 'WEIGHT_3': 0.10334029772027914, 'WEIGHT_4': 0.5766960433883452, 'WEIGHT_5': 0.4754858126533619, 'WEIGHT_6': 0.08240077004746893, 'WEIGHT_7': 0.5932118401536947, 'WEIGHT_8': 0.9214888602308375}. Best is trial 282 with value: 0.45463128081401455.
{'EMBEDDING_DIM': 2048, 'HIDDEN_DIM': 458, 'NUM_LAYERS': 1, 'DROPOUT': 0.2089029674407608, 'LR': 0.00678656592880606, 'WEIGHT_0': 0.9756496162087063, 'WEIGHT_1': 0.17408128821939922, 'WEIGHT_2': 0.19376618647142502, 'WEIGHT_3': 0.10334029772027914, 'WEIGHT_4': 0.5766960433883452, 'WEIGHT_5': 0.4754858126533619, 'WEIGHT_6': 0.08240077004746893, 'WEIGHT_7': 0.5932118401536947, 'WEIGHT_8': 0.9214888602308375}
0
              precision    recall  f1-score   support

         LOC       0.00      0.00      0.00      1837
        MISC       0.00      0.00      0.00       922
         ORG       0.00      0.00      0.00      1341
         PER       0.00      0.00      0.00      1842

   micro avg       0.00      0.00      0.00      5942
   macro avg       0.00      0.00      0.00      5942
weighted avg       0.00      0.00      0.00      5942

{'EMBEDDING_DIM': 2048, 'HIDDEN_DIM': 458, 'NUM_LAYERS': 1, 'DROPOUT': 0.2089029674407608, 'LR': 0.00678656592880606, 'WEIGHT_0': 0.9756496162087063, 'WEIGHT_1': 0.17408128821939922, 'WEIGHT_2': 0.19376618647142502, 'WEIGHT_3': 0.10334029772027914, 'WEIGHT_4': 0.5766960433883452, 'WEIGHT_5': 0.4754858126533619, 'WEIGHT_6': 0.08240077004746893, 'WEIGHT_7': 0.5932118401536947, 'WEIGHT_8': 0.9214888602308375}
49
              precision    recall  f1-score   support

         LOC       0.13      0.33      0.18      1837
        MISC       0.00      0.00      0.00       922
         ORG       0.00      0.00      0.00      1341
         PER       0.07      0.20      0.11      1842

   micro avg       0.10      0.16      0.12      5942
   macro avg       0.05      0.13      0.07      5942
weighted avg       0.06      0.16      0.09      5942

epoch 49
Transformer

  0%|          | 0/50 [00:00<?, ?it/s]
  2%|▏         | 1/50 [00:06<04:54,  6.01s/it]
  4%|▍         | 2/50 [00:06<02:02,  2.56s/it]
  6%|▌         | 3/50 [00:06<01:08,  1.45s/it]
  8%|▊         | 4/50 [00:06<00:42,  1.08it/s]
 10%|█         | 5/50 [00:06<00:28,  1.57it/s]
 12%|█▏        | 6/50 [00:06<00:20,  2.17it/s]
 14%|█▍        | 7/50 [00:06<00:15,  2.86it/s]
 16%|█▌        | 8/50 [00:06<00:11,  3.62it/s]
 18%|█▊        | 9/50 [00:07<00:09,  4.41it/s]
 20%|██        | 10/50 [00:07<00:07,  5.18it/s]
 22%|██▏       | 11/50 [00:07<00:06,  5.88it/s]
 24%|██▍       | 12/50 [00:07<00:05,  6.49it/s]
 26%|██▌       | 13/50 [00:07<00:05,  6.98it/s]
 28%|██▊       | 14/50 [00:07<00:04,  7.37it/s]
 30%|███       | 15/50 [00:07<00:04,  7.66it/s]
 32%|███▏      | 16/50 [00:07<00:04,  7.89it/s]
 34%|███▍      | 17/50 [00:07<00:04,  8.06it/s]
 36%|███▌      | 18/50 [00:08<00:03,  8.18it/s]
 38%|███▊      | 19/50 [00:08<00:03,  8.26it/s]
 40%|████      | 20/50 [00:08<00:03,  8.33it/s]
 42%|████▏     | 21/50 [00:08<00:03,  8.37it/s]
 44%|████▍     | 22/50 [00:08<00:03,  8.40it/s]
 46%|████▌     | 23/50 [00:08<00:03,  8.41it/s]
 48%|████▊     | 24/50 [00:08<00:03,  8.43it/s]
 50%|█████     | 25/50 [00:08<00:02,  8.44it/s]
 52%|█████▏    | 26/50 [00:09<00:02,  8.44it/s]
 54%|█████▍    | 27/50 [00:09<00:02,  8.45it/s]
 56%|█████▌    | 28/50 [00:09<00:02,  8.46it/s]
 58%|█████▊    | 29/50 [00:09<00:02,  8.46it/s]
 60%|██████    | 30/50 [00:09<00:02,  8.46it/s]
 62%|██████▏   | 31/50 [00:09<00:02,  8.47it/s]
 64%|██████▍   | 32/50 [00:09<00:02,  8.46it/s]
 66%|██████▌   | 33/50 [00:09<00:02,  8.47it/s]
 68%|██████▊   | 34/50 [00:09<00:01,  8.46it/s]
 70%|███████   | 35/50 [00:10<00:01,  8.46it/s]
 72%|███████▏  | 36/50 [00:10<00:01,  8.47it/s]
 74%|███████▍  | 37/50 [00:10<00:01,  8.45it/s]
 76%|███████▌  | 38/50 [00:10<00:01,  8.46it/s]
 78%|███████▊  | 39/50 [00:10<00:01,  8.46it/s]
 80%|████████  | 40/50 [00:10<00:01,  8.44it/s]
 82%|████████▏ | 41/50 [00:10<00:01,  8.46it/s]
 84%|████████▍ | 42/50 [00:10<00:00,  8.46it/s]
 86%|████████▌ | 43/50 [00:11<00:00,  8.46it/s]
 88%|████████▊ | 44/50 [00:11<00:00,  8.47it/s]
 90%|█████████ | 45/50 [00:11<00:00,  8.46it/s]
 92%|█████████▏| 46/50 [00:11<00:00,  8.46it/s]
 94%|█████████▍| 47/50 [00:11<00:00,  8.47it/s]
 96%|█████████▌| 48/50 [00:11<00:00,  8.05it/s]
 98%|█████████▊| 49/50 [00:11<00:00,  7.98it/s]
100%|██████████| 50/50 [00:17<00:00,  1.88s/it]
100%|██████████| 50/50 [00:17<00:00,  2.82it/s]
[I 2023-12-11 22:44:08,215] Trial 326 finished with value: 0.43277310924369744 and parameters: {'EMBEDDING_DIM': 128, 'HIDDEN_DIM': 777, 'NUM_LAYERS': 1, 'DROPOUT': 0.22011322271664058, 'LR': 0.006785295586353618, 'WEIGHT_0': 0.9844470607599337, 'WEIGHT_1': 0.0850859235837466, 'WEIGHT_2': 0.14918407615450555, 'WEIGHT_3': 0.017679711305190568, 'WEIGHT_4': 0.9577627908261142, 'WEIGHT_5': 0.45251622558367954, 'WEIGHT_6': 0.37123071512049016, 'WEIGHT_7': 0.6018639681056889, 'WEIGHT_8': 0.682372932771147}. Best is trial 282 with value: 0.45463128081401455.
{'EMBEDDING_DIM': 128, 'HIDDEN_DIM': 777, 'NUM_LAYERS': 1, 'DROPOUT': 0.22011322271664058, 'LR': 0.006785295586353618, 'WEIGHT_0': 0.9844470607599337, 'WEIGHT_1': 0.0850859235837466, 'WEIGHT_2': 0.14918407615450555, 'WEIGHT_3': 0.017679711305190568, 'WEIGHT_4': 0.9577627908261142, 'WEIGHT_5': 0.45251622558367954, 'WEIGHT_6': 0.37123071512049016, 'WEIGHT_7': 0.6018639681056889, 'WEIGHT_8': 0.682372932771147}
0
              precision    recall  f1-score   support

         LOC       0.00      0.00      0.00      1837
        MISC       0.00      0.00      0.00       922
         ORG       0.00      0.00      0.00      1341
         PER       0.00      0.00      0.00      1842

   micro avg       0.00      0.00      0.00      5942
   macro avg       0.00      0.00      0.00      5942
weighted avg       0.00      0.00      0.00      5942

{'EMBEDDING_DIM': 128, 'HIDDEN_DIM': 777, 'NUM_LAYERS': 1, 'DROPOUT': 0.22011322271664058, 'LR': 0.006785295586353618, 'WEIGHT_0': 0.9844470607599337, 'WEIGHT_1': 0.0850859235837466, 'WEIGHT_2': 0.14918407615450555, 'WEIGHT_3': 0.017679711305190568, 'WEIGHT_4': 0.9577627908261142, 'WEIGHT_5': 0.45251622558367954, 'WEIGHT_6': 0.37123071512049016, 'WEIGHT_7': 0.6018639681056889, 'WEIGHT_8': 0.682372932771147}
49
              precision    recall  f1-score   support

         LOC       0.71      0.59      0.64      1837
        MISC       0.59      0.47      0.52       922
         ORG       0.38      0.22      0.28      1341
         PER       0.35      0.20      0.25      1842

   micro avg       0.53      0.36      0.43      5942
   macro avg       0.51      0.37      0.42      5942
weighted avg       0.50      0.36      0.42      5942

epoch 49
Transformer

  0%|          | 0/50 [00:00<?, ?it/s]
  2%|▏         | 1/50 [00:06<04:56,  6.05s/it]
  6%|▌         | 3/50 [00:06<01:16,  1.64s/it]
 10%|█         | 5/50 [00:06<00:37,  1.18it/s]
 14%|█▍        | 7/50 [00:06<00:22,  1.90it/s]
 18%|█▊        | 9/50 [00:06<00:14,  2.76it/s]
 22%|██▏       | 11/50 [00:06<00:10,  3.75it/s]
 26%|██▌       | 13/50 [00:07<00:07,  4.83it/s]
 30%|███       | 15/50 [00:07<00:05,  5.91it/s]
 34%|███▍      | 17/50 [00:07<00:04,  6.76it/s]
 38%|███▊      | 19/50 [00:07<00:04,  7.75it/s]
 42%|████▏     | 21/50 [00:07<00:03,  8.59it/s]
 46%|████▌     | 23/50 [00:08<00:02,  9.29it/s]
 50%|█████     | 25/50 [00:08<00:02,  9.83it/s]
 54%|█████▍    | 27/50 [00:08<00:02, 10.25it/s]
 58%|█████▊    | 29/50 [00:08<00:01, 10.56it/s]
 62%|██████▏   | 31/50 [00:08<00:01, 10.80it/s]
 66%|██████▌   | 33/50 [00:08<00:01, 10.97it/s]
 70%|███████   | 35/50 [00:09<00:01, 11.12it/s]
 74%|███████▍  | 37/50 [00:09<00:01, 11.20it/s]
 78%|███████▊  | 39/50 [00:09<00:00, 11.23it/s]
 82%|████████▏ | 41/50 [00:09<00:00, 11.27it/s]
 86%|████████▌ | 43/50 [00:09<00:00, 11.29it/s]
 90%|█████████ | 45/50 [00:09<00:00, 11.31it/s]
 94%|█████████▍| 47/50 [00:10<00:00, 11.34it/s]
 98%|█████████▊| 49/50 [00:10<00:00, 11.34it/s]
100%|██████████| 50/50 [00:16<00:00,  3.08it/s]
[I 2023-12-11 22:44:30,024] Trial 327 finished with value: 0.43307652799178226 and parameters: {'EMBEDDING_DIM': 32, 'HIDDEN_DIM': 614, 'NUM_LAYERS': 1, 'DROPOUT': 0.1945235653803321, 'LR': 0.007164258783434964, 'WEIGHT_0': 0.526306897223986, 'WEIGHT_1': 0.19430001518562418, 'WEIGHT_2': 0.1935216752016416, 'WEIGHT_3': 0.0850852135342638, 'WEIGHT_4': 0.5888161070024568, 'WEIGHT_5': 0.5091854386260036, 'WEIGHT_6': 0.0008145491294746093, 'WEIGHT_7': 0.6137279183282505, 'WEIGHT_8': 0.7726379665896814}. Best is trial 282 with value: 0.45463128081401455.
{'EMBEDDING_DIM': 32, 'HIDDEN_DIM': 614, 'NUM_LAYERS': 1, 'DROPOUT': 0.1945235653803321, 'LR': 0.007164258783434964, 'WEIGHT_0': 0.526306897223986, 'WEIGHT_1': 0.19430001518562418, 'WEIGHT_2': 0.1935216752016416, 'WEIGHT_3': 0.0850852135342638, 'WEIGHT_4': 0.5888161070024568, 'WEIGHT_5': 0.5091854386260036, 'WEIGHT_6': 0.0008145491294746093, 'WEIGHT_7': 0.6137279183282505, 'WEIGHT_8': 0.7726379665896814}
0
              precision    recall  f1-score   support

         LOC       0.00      0.00      0.00      1837
        MISC       0.00      0.00      0.00       922
         ORG       0.00      0.00      0.00      1341
         PER       0.00      0.00      0.00      1842

   micro avg       0.00      0.00      0.00      5942
   macro avg       0.00      0.00      0.00      5942
weighted avg       0.00      0.00      0.00      5942

{'EMBEDDING_DIM': 32, 'HIDDEN_DIM': 614, 'NUM_LAYERS': 1, 'DROPOUT': 0.1945235653803321, 'LR': 0.007164258783434964, 'WEIGHT_0': 0.526306897223986, 'WEIGHT_1': 0.19430001518562418, 'WEIGHT_2': 0.1935216752016416, 'WEIGHT_3': 0.0850852135342638, 'WEIGHT_4': 0.5888161070024568, 'WEIGHT_5': 0.5091854386260036, 'WEIGHT_6': 0.0008145491294746093, 'WEIGHT_7': 0.6137279183282505, 'WEIGHT_8': 0.7726379665896814}
49
              precision    recall  f1-score   support

         LOC       0.73      0.59      0.65      1837
        MISC       0.58      0.48      0.52       922
         ORG       0.43      0.19      0.26      1341
         PER       0.35      0.18      0.24      1842

   micro avg       0.56      0.35      0.43      5942
   macro avg       0.52      0.36      0.42      5942
weighted avg       0.52      0.35      0.42      5942

epoch 49
Transformer

  0%|          | 0/50 [00:00<?, ?it/s]
  2%|▏         | 1/50 [00:05<04:49,  5.91s/it]
  6%|▌         | 3/50 [00:06<01:15,  1.60s/it]
 10%|█         | 5/50 [00:06<00:37,  1.21it/s]
 14%|█▍        | 7/50 [00:06<00:22,  1.94it/s]
 18%|█▊        | 9/50 [00:06<00:14,  2.78it/s]
 20%|██        | 10/50 [00:06<00:12,  3.23it/s]
 22%|██▏       | 11/50 [00:06<00:10,  3.81it/s]
 24%|██▍       | 12/50 [00:07<00:08,  4.48it/s]
 26%|██▌       | 13/50 [00:07<00:07,  5.20it/s]
 28%|██▊       | 14/50 [00:07<00:06,  5.85it/s]
 30%|███       | 15/50 [00:07<00:05,  6.44it/s]
 32%|███▏      | 16/50 [00:07<00:04,  6.95it/s]
 34%|███▍      | 17/50 [00:07<00:04,  7.38it/s]
 36%|███▌      | 18/50 [00:07<00:04,  7.85it/s]
 40%|████      | 20/50 [00:07<00:03,  9.16it/s]
 44%|████▍     | 22/50 [00:08<00:02,  9.96it/s]
 48%|████▊     | 24/50 [00:08<00:02, 10.12it/s]
 52%|█████▏    | 26/50 [00:08<00:02,  9.35it/s]
 56%|█████▌    | 28/50 [00:08<00:02,  9.80it/s]
 60%|██████    | 30/50 [00:08<00:01, 10.24it/s]
 64%|██████▍   | 32/50 [00:09<00:01, 10.57it/s]
 68%|██████▊   | 34/50 [00:09<00:01, 10.81it/s]
 72%|███████▏  | 36/50 [00:09<00:01, 10.99it/s]
 76%|███████▌  | 38/50 [00:09<00:01, 11.11it/s]
 80%|████████  | 40/50 [00:09<00:00, 11.18it/s]
 84%|████████▍ | 42/50 [00:09<00:00, 11.24it/s]
 88%|████████▊ | 44/50 [00:10<00:00, 11.28it/s]
 92%|█████████▏| 46/50 [00:10<00:00, 11.32it/s]
 96%|█████████▌| 48/50 [00:10<00:00, 11.34it/s]
100%|██████████| 50/50 [00:16<00:00,  1.05it/s]
100%|██████████| 50/50 [00:16<00:00,  3.06it/s]
[I 2023-12-11 22:44:52,098] Trial 328 finished with value: 0.4256135743864256 and parameters: {'EMBEDDING_DIM': 32, 'HIDDEN_DIM': 703, 'NUM_LAYERS': 1, 'DROPOUT': 0.18161076147374536, 'LR': 0.00472023528564057, 'WEIGHT_0': 0.9547516536559477, 'WEIGHT_1': 0.4201073488200657, 'WEIGHT_2': 0.16526224099320194, 'WEIGHT_3': 0.05967060792137689, 'WEIGHT_4': 0.4993403765024976, 'WEIGHT_5': 0.42652373110071834, 'WEIGHT_6': 0.2951479256644459, 'WEIGHT_7': 0.5651168791556795, 'WEIGHT_8': 0.5990999544620654}. Best is trial 282 with value: 0.45463128081401455.
{'EMBEDDING_DIM': 32, 'HIDDEN_DIM': 703, 'NUM_LAYERS': 1, 'DROPOUT': 0.18161076147374536, 'LR': 0.00472023528564057, 'WEIGHT_0': 0.9547516536559477, 'WEIGHT_1': 0.4201073488200657, 'WEIGHT_2': 0.16526224099320194, 'WEIGHT_3': 0.05967060792137689, 'WEIGHT_4': 0.4993403765024976, 'WEIGHT_5': 0.42652373110071834, 'WEIGHT_6': 0.2951479256644459, 'WEIGHT_7': 0.5651168791556795, 'WEIGHT_8': 0.5990999544620654}
0
              precision    recall  f1-score   support

         LOC       0.00      0.00      0.00      1837
        MISC       0.00      0.00      0.00       922
         ORG       0.00      0.00      0.00      1341
         PER       0.00      0.00      0.00      1842

   micro avg       0.00      0.00      0.00      5942
   macro avg       0.00      0.00      0.00      5942
weighted avg       0.00      0.00      0.00      5942

{'EMBEDDING_DIM': 32, 'HIDDEN_DIM': 703, 'NUM_LAYERS': 1, 'DROPOUT': 0.18161076147374536, 'LR': 0.00472023528564057, 'WEIGHT_0': 0.9547516536559477, 'WEIGHT_1': 0.4201073488200657, 'WEIGHT_2': 0.16526224099320194, 'WEIGHT_3': 0.05967060792137689, 'WEIGHT_4': 0.4993403765024976, 'WEIGHT_5': 0.42652373110071834, 'WEIGHT_6': 0.2951479256644459, 'WEIGHT_7': 0.5651168791556795, 'WEIGHT_8': 0.5990999544620654}
49
              precision    recall  f1-score   support

         LOC       0.74      0.56      0.63      1837
        MISC       0.59      0.48      0.53       922
         ORG       0.35      0.23      0.28      1341
         PER       0.36      0.19      0.24      1842

   micro avg       0.53      0.35      0.43      5942
   macro avg       0.51      0.36      0.42      5942
weighted avg       0.51      0.35      0.42      5942

epoch 49
Transformer

  0%|          | 0/50 [00:00<?, ?it/s]
  2%|▏         | 1/50 [00:06<04:57,  6.08s/it]
  4%|▍         | 2/50 [00:06<02:03,  2.56s/it]
  6%|▌         | 3/50 [00:06<01:07,  1.44s/it]
 10%|█         | 5/50 [00:06<00:30,  1.48it/s]
 14%|█▍        | 7/50 [00:06<00:17,  2.41it/s]
 18%|█▊        | 9/50 [00:06<00:11,  3.48it/s]
 22%|██▏       | 11/50 [00:07<00:08,  4.63it/s]
 26%|██▌       | 13/50 [00:07<00:06,  5.79it/s]
 30%|███       | 15/50 [00:07<00:05,  6.32it/s]
 34%|███▍      | 17/50 [00:07<00:04,  7.38it/s]
 38%|███▊      | 19/50 [00:07<00:03,  8.29it/s]
 42%|████▏     | 21/50 [00:07<00:03,  9.06it/s]
 46%|████▌     | 23/50 [00:08<00:02,  9.68it/s]
 50%|█████     | 25/50 [00:08<00:02, 10.15it/s]
 54%|█████▍    | 27/50 [00:08<00:02, 10.52it/s]
 58%|█████▊    | 29/50 [00:08<00:01, 10.76it/s]
 62%|██████▏   | 31/50 [00:08<00:01, 10.95it/s]
 66%|██████▌   | 33/50 [00:09<00:01, 11.09it/s]
 70%|███████   | 35/50 [00:09<00:01, 11.20it/s]
 74%|███████▍  | 37/50 [00:09<00:01, 11.22it/s]
 78%|███████▊  | 39/50 [00:09<00:00, 11.28it/s]
 82%|████████▏ | 41/50 [00:09<00:00, 11.31it/s]
 86%|████████▌ | 43/50 [00:09<00:00, 11.33it/s]
 90%|█████████ | 45/50 [00:10<00:00, 11.35it/s]
 94%|█████████▍| 47/50 [00:10<00:00, 11.35it/s]
 98%|█████████▊| 49/50 [00:10<00:00, 11.35it/s]
100%|██████████| 50/50 [00:16<00:00,  3.08it/s]
