[I 2023-12-11 23:04:29,258] Trial 370 finished with value: 0.4449252962390521 and parameters: {'EMBEDDING_DIM': 32, 'HIDDEN_DIM': 605, 'NUM_LAYERS': 1, 'DROPOUT': 0.2364764120283197, 'LR': 0.006995879841249538, 'WEIGHT_0': 0.7887365679468726, 'WEIGHT_1': 0.23740022791995286, 'WEIGHT_2': 0.18192613535906382, 'WEIGHT_3': 0.04122857446842027, 'WEIGHT_4': 0.5533637587876119, 'WEIGHT_5': 0.6888362512273967, 'WEIGHT_6': 0.573008632078166, 'WEIGHT_7': 0.6021477213273971, 'WEIGHT_8': 0.67893106749988}. Best is trial 282 with value: 0.45463128081401455.
{'EMBEDDING_DIM': 32, 'HIDDEN_DIM': 605, 'NUM_LAYERS': 1, 'DROPOUT': 0.2364764120283197, 'LR': 0.006995879841249538, 'WEIGHT_0': 0.7887365679468726, 'WEIGHT_1': 0.23740022791995286, 'WEIGHT_2': 0.18192613535906382, 'WEIGHT_3': 0.04122857446842027, 'WEIGHT_4': 0.5533637587876119, 'WEIGHT_5': 0.6888362512273967, 'WEIGHT_6': 0.573008632078166, 'WEIGHT_7': 0.6021477213273971, 'WEIGHT_8': 0.67893106749988}
0
              precision    recall  f1-score   support

         LOC       0.00      0.00      0.00      1837
        MISC       0.00      0.00      0.00       922
         ORG       0.00      0.00      0.00      1341
         PER       0.00      0.00      0.00      1842

   micro avg       0.00      0.00      0.00      5942
   macro avg       0.00      0.00      0.00      5942
weighted avg       0.00      0.00      0.00      5942

{'EMBEDDING_DIM': 32, 'HIDDEN_DIM': 605, 'NUM_LAYERS': 1, 'DROPOUT': 0.2364764120283197, 'LR': 0.006995879841249538, 'WEIGHT_0': 0.7887365679468726, 'WEIGHT_1': 0.23740022791995286, 'WEIGHT_2': 0.18192613535906382, 'WEIGHT_3': 0.04122857446842027, 'WEIGHT_4': 0.5533637587876119, 'WEIGHT_5': 0.6888362512273967, 'WEIGHT_6': 0.573008632078166, 'WEIGHT_7': 0.6021477213273971, 'WEIGHT_8': 0.67893106749988}
49
              precision    recall  f1-score   support

         LOC       0.77      0.58      0.66      1837
        MISC       0.64      0.46      0.54       922
         ORG       0.38      0.22      0.28      1341
         PER       0.40      0.20      0.26      1842

   micro avg       0.57      0.36      0.44      5942
   macro avg       0.54      0.37      0.44      5942
weighted avg       0.54      0.36      0.43      5942

epoch 49
Transformer

  0%|          | 0/50 [00:00<?, ?it/s]
  2%|▏         | 1/50 [00:05<04:47,  5.86s/it]
  6%|▌         | 3/50 [00:06<01:14,  1.59s/it]
 10%|█         | 5/50 [00:06<00:36,  1.22it/s]
 14%|█▍        | 7/50 [00:06<00:21,  1.96it/s]
 18%|█▊        | 9/50 [00:06<00:14,  2.83it/s]
 20%|██        | 10/50 [00:06<00:11,  3.34it/s]
 24%|██▍       | 12/50 [00:06<00:08,  4.57it/s]
 28%|██▊       | 14/50 [00:07<00:06,  5.78it/s]
 32%|███▏      | 16/50 [00:07<00:04,  6.92it/s]
 36%|███▌      | 18/50 [00:07<00:04,  7.92it/s]
 40%|████      | 20/50 [00:07<00:03,  8.77it/s]
 44%|████▍     | 22/50 [00:07<00:02,  9.45it/s]
 48%|████▊     | 24/50 [00:07<00:02,  9.98it/s]
 52%|█████▏    | 26/50 [00:08<00:02, 10.36it/s]
 56%|█████▌    | 28/50 [00:08<00:02, 10.65it/s]
 60%|██████    | 30/50 [00:08<00:01, 10.85it/s]
 64%|██████▍   | 32/50 [00:08<00:01, 11.01it/s]
 68%|██████▊   | 34/50 [00:08<00:01, 11.12it/s]
 72%|███████▏  | 36/50 [00:08<00:01, 11.20it/s]
 76%|███████▌  | 38/50 [00:09<00:01, 11.26it/s]
 80%|████████  | 40/50 [00:09<00:00, 11.29it/s]
 84%|████████▍ | 42/50 [00:09<00:00, 11.34it/s]
 88%|████████▊ | 44/50 [00:09<00:00, 11.35it/s]
 92%|█████████▏| 46/50 [00:09<00:00, 11.37it/s]
 96%|█████████▌| 48/50 [00:10<00:00, 11.39it/s]
100%|██████████| 50/50 [00:15<00:00,  1.06it/s]
100%|██████████| 50/50 [00:15<00:00,  3.14it/s]
[I 2023-12-11 23:04:50,701] Trial 371 finished with value: 0.44149377593360994 and parameters: {'EMBEDDING_DIM': 32, 'HIDDEN_DIM': 693, 'NUM_LAYERS': 1, 'DROPOUT': 0.21441284660650903, 'LR': 0.005172507515138791, 'WEIGHT_0': 0.8494945918660511, 'WEIGHT_1': 0.32327019151805964, 'WEIGHT_2': 0.595149838581268, 'WEIGHT_3': 0.28550244074633113, 'WEIGHT_4': 0.5937004068398918, 'WEIGHT_5': 0.44893729416727435, 'WEIGHT_6': 0.3784667631323897, 'WEIGHT_7': 0.6697481080366001, 'WEIGHT_8': 0.47695355152595253}. Best is trial 282 with value: 0.45463128081401455.
{'EMBEDDING_DIM': 32, 'HIDDEN_DIM': 693, 'NUM_LAYERS': 1, 'DROPOUT': 0.21441284660650903, 'LR': 0.005172507515138791, 'WEIGHT_0': 0.8494945918660511, 'WEIGHT_1': 0.32327019151805964, 'WEIGHT_2': 0.595149838581268, 'WEIGHT_3': 0.28550244074633113, 'WEIGHT_4': 0.5937004068398918, 'WEIGHT_5': 0.44893729416727435, 'WEIGHT_6': 0.3784667631323897, 'WEIGHT_7': 0.6697481080366001, 'WEIGHT_8': 0.47695355152595253}
0
              precision    recall  f1-score   support

         LOC       0.00      0.00      0.00      1837
        MISC       0.00      0.00      0.00       922
         ORG       0.00      0.00      0.00      1341
         PER       0.00      0.00      0.00      1842

   micro avg       0.00      0.00      0.00      5942
   macro avg       0.00      0.00      0.00      5942
weighted avg       0.00      0.00      0.00      5942

{'EMBEDDING_DIM': 32, 'HIDDEN_DIM': 693, 'NUM_LAYERS': 1, 'DROPOUT': 0.21441284660650903, 'LR': 0.005172507515138791, 'WEIGHT_0': 0.8494945918660511, 'WEIGHT_1': 0.32327019151805964, 'WEIGHT_2': 0.595149838581268, 'WEIGHT_3': 0.28550244074633113, 'WEIGHT_4': 0.5937004068398918, 'WEIGHT_5': 0.44893729416727435, 'WEIGHT_6': 0.3784667631323897, 'WEIGHT_7': 0.6697481080366001, 'WEIGHT_8': 0.47695355152595253}
49
              precision    recall  f1-score   support

         LOC       0.80      0.57      0.67      1837
        MISC       0.62      0.48      0.54       922
         ORG       0.40      0.23      0.29      1341
         PER       0.36      0.17      0.23      1842

   micro avg       0.58      0.36      0.44      5942
   macro avg       0.55      0.36      0.43      5942
weighted avg       0.55      0.36      0.43      5942

epoch 49
Transformer

  0%|          | 0/50 [00:00<?, ?it/s]
  2%|▏         | 1/50 [00:06<05:28,  6.71s/it]
  4%|▍         | 2/50 [00:07<02:35,  3.24s/it]
  6%|▌         | 3/50 [00:08<01:40,  2.14s/it]
  8%|▊         | 4/50 [00:09<01:14,  1.62s/it]
 10%|█         | 5/50 [00:09<01:00,  1.33s/it]
 12%|█▏        | 6/50 [00:10<00:51,  1.16s/it]
 14%|█▍        | 7/50 [00:11<00:45,  1.05s/it]
 16%|█▌        | 8/50 [00:12<00:41,  1.02it/s]
 18%|█▊        | 9/50 [00:13<00:38,  1.07it/s]
 20%|██        | 10/50 [00:14<00:35,  1.11it/s]
 22%|██▏       | 11/50 [00:14<00:34,  1.14it/s]
 24%|██▍       | 12/50 [00:15<00:32,  1.16it/s]
 26%|██▌       | 13/50 [00:16<00:31,  1.18it/s]
 28%|██▊       | 14/50 [00:17<00:30,  1.19it/s]
 30%|███       | 15/50 [00:18<00:29,  1.19it/s]
 32%|███▏      | 16/50 [00:19<00:28,  1.20it/s]
 34%|███▍      | 17/50 [00:19<00:27,  1.20it/s]
 36%|███▌      | 18/50 [00:20<00:26,  1.20it/s]
 38%|███▊      | 19/50 [00:21<00:25,  1.20it/s]
 40%|████      | 20/50 [00:22<00:24,  1.21it/s]
 42%|████▏     | 21/50 [00:23<00:24,  1.21it/s]
 44%|████▍     | 22/50 [00:24<00:23,  1.21it/s]
 46%|████▌     | 23/50 [00:24<00:22,  1.21it/s]
 48%|████▊     | 24/50 [00:25<00:21,  1.21it/s]
 50%|█████     | 25/50 [00:26<00:20,  1.21it/s]
 52%|█████▏    | 26/50 [00:27<00:19,  1.21it/s]
 54%|█████▍    | 27/50 [00:28<00:19,  1.21it/s]
 56%|█████▌    | 28/50 [00:29<00:18,  1.21it/s]
 58%|█████▊    | 29/50 [00:29<00:17,  1.21it/s]
 60%|██████    | 30/50 [00:30<00:16,  1.20it/s]
 62%|██████▏   | 31/50 [00:31<00:15,  1.20it/s]
 64%|██████▍   | 32/50 [00:32<00:14,  1.20it/s]
 66%|██████▌   | 33/50 [00:33<00:14,  1.20it/s]
 68%|██████▊   | 34/50 [00:34<00:13,  1.20it/s]
 70%|███████   | 35/50 [00:34<00:12,  1.20it/s]
 72%|███████▏  | 36/50 [00:35<00:11,  1.20it/s]
 74%|███████▍  | 37/50 [00:36<00:10,  1.20it/s]
 76%|███████▌  | 38/50 [00:37<00:10,  1.20it/s]
 78%|███████▊  | 39/50 [00:38<00:09,  1.20it/s]
 80%|████████  | 40/50 [00:39<00:08,  1.20it/s]
 82%|████████▏ | 41/50 [00:39<00:07,  1.20it/s]
 84%|████████▍ | 42/50 [00:40<00:06,  1.20it/s]
 86%|████████▌ | 43/50 [00:41<00:05,  1.20it/s]
 88%|████████▊ | 44/50 [00:42<00:05,  1.20it/s]
 90%|█████████ | 45/50 [00:43<00:04,  1.20it/s]
 92%|█████████▏| 46/50 [00:44<00:03,  1.20it/s]
 94%|█████████▍| 47/50 [00:44<00:02,  1.19it/s]
 96%|█████████▌| 48/50 [00:45<00:01,  1.19it/s]
 98%|█████████▊| 49/50 [00:46<00:00,  1.19it/s]
100%|██████████| 50/50 [00:53<00:00,  2.59s/it]
100%|██████████| 50/50 [00:53<00:00,  1.07s/it]
[I 2023-12-11 23:05:49,954] Trial 372 finished with value: 0.18096339113680152 and parameters: {'EMBEDDING_DIM': 1024, 'HIDDEN_DIM': 530, 'NUM_LAYERS': 1, 'DROPOUT': 0.2688214337019017, 'LR': 0.0026750241951550113, 'WEIGHT_0': 0.9750293460657511, 'WEIGHT_1': 0.40193470075243753, 'WEIGHT_2': 0.25032579291900925, 'WEIGHT_3': 0.31025503035067387, 'WEIGHT_4': 0.7118284457813395, 'WEIGHT_5': 0.5478537546150025, 'WEIGHT_6': 0.5934190825184065, 'WEIGHT_7': 0.97686472687942, 'WEIGHT_8': 0.7072092080214012}. Best is trial 282 with value: 0.45463128081401455.
{'EMBEDDING_DIM': 1024, 'HIDDEN_DIM': 530, 'NUM_LAYERS': 1, 'DROPOUT': 0.2688214337019017, 'LR': 0.0026750241951550113, 'WEIGHT_0': 0.9750293460657511, 'WEIGHT_1': 0.40193470075243753, 'WEIGHT_2': 0.25032579291900925, 'WEIGHT_3': 0.31025503035067387, 'WEIGHT_4': 0.7118284457813395, 'WEIGHT_5': 0.5478537546150025, 'WEIGHT_6': 0.5934190825184065, 'WEIGHT_7': 0.97686472687942, 'WEIGHT_8': 0.7072092080214012}
0
              precision    recall  f1-score   support

         LOC       0.00      0.00      0.00      1837
        MISC       0.00      0.00      0.00       922
         ORG       0.00      0.00      0.00      1341
         PER       0.00      0.00      0.00      1842

   micro avg       0.00      0.00      0.00      5942
   macro avg       0.00      0.00      0.00      5942
weighted avg       0.00      0.00      0.00      5942

{'EMBEDDING_DIM': 1024, 'HIDDEN_DIM': 530, 'NUM_LAYERS': 1, 'DROPOUT': 0.2688214337019017, 'LR': 0.0026750241951550113, 'WEIGHT_0': 0.9750293460657511, 'WEIGHT_1': 0.40193470075243753, 'WEIGHT_2': 0.25032579291900925, 'WEIGHT_3': 0.31025503035067387, 'WEIGHT_4': 0.7118284457813395, 'WEIGHT_5': 0.5478537546150025, 'WEIGHT_6': 0.5934190825184065, 'WEIGHT_7': 0.97686472687942, 'WEIGHT_8': 0.7072092080214012}
49
              precision    recall  f1-score   support

         LOC       0.54      0.34      0.42      1837
        MISC       0.02      0.00      0.01       922
         ORG       0.06      0.13      0.09      1341
         PER       0.13      0.20      0.16      1842

   micro avg       0.17      0.20      0.18      5942
   macro avg       0.19      0.17      0.17      5942
weighted avg       0.23      0.20      0.20      5942

epoch 49
Transformer

  0%|          | 0/50 [00:00<?, ?it/s]
  2%|▏         | 1/50 [00:05<04:50,  5.92s/it]
  4%|▍         | 2/50 [00:06<02:00,  2.51s/it]
  6%|▌         | 3/50 [00:06<01:06,  1.42s/it]
  8%|▊         | 4/50 [00:06<00:41,  1.10it/s]
 10%|█         | 5/50 [00:06<00:27,  1.61it/s]
 12%|█▏        | 6/50 [00:06<00:19,  2.22it/s]
 14%|█▍        | 7/50 [00:06<00:14,  2.94it/s]
 16%|█▌        | 8/50 [00:06<00:11,  3.74it/s]
 18%|█▊        | 9/50 [00:06<00:08,  4.57it/s]
 20%|██        | 10/50 [00:06<00:07,  5.37it/s]
 22%|██▏       | 11/50 [00:07<00:06,  5.93it/s]
 24%|██▍       | 12/50 [00:07<00:05,  6.60it/s]
 26%|██▌       | 13/50 [00:07<00:05,  7.15it/s]
 28%|██▊       | 14/50 [00:07<00:04,  7.60it/s]
 30%|███       | 15/50 [00:07<00:04,  7.94it/s]
 32%|███▏      | 16/50 [00:07<00:04,  8.21it/s]
 34%|███▍      | 17/50 [00:07<00:03,  8.41it/s]
 36%|███▌      | 18/50 [00:07<00:03,  8.55it/s]
 38%|███▊      | 19/50 [00:08<00:03,  8.65it/s]
 40%|████      | 20/50 [00:08<00:03,  8.72it/s]
 42%|████▏     | 21/50 [00:08<00:03,  8.78it/s]
 44%|████▍     | 22/50 [00:08<00:03,  8.80it/s]
 46%|████▌     | 23/50 [00:08<00:03,  8.82it/s]
 48%|████▊     | 24/50 [00:08<00:02,  8.84it/s]
 50%|█████     | 25/50 [00:08<00:02,  8.86it/s]
 52%|█████▏    | 26/50 [00:08<00:02,  8.87it/s]
 54%|█████▍    | 27/50 [00:08<00:02,  8.88it/s]
 56%|█████▌    | 28/50 [00:09<00:02,  8.86it/s]
 58%|█████▊    | 29/50 [00:09<00:02,  8.86it/s]
 60%|██████    | 30/50 [00:09<00:02,  8.87it/s]
 62%|██████▏   | 31/50 [00:09<00:02,  8.87it/s]
 64%|██████▍   | 32/50 [00:09<00:02,  8.88it/s]
 66%|██████▌   | 33/50 [00:09<00:01,  8.88it/s]
 68%|██████▊   | 34/50 [00:09<00:01,  8.89it/s]
 70%|███████   | 35/50 [00:09<00:01,  8.89it/s]
 72%|███████▏  | 36/50 [00:09<00:01,  8.89it/s]
 74%|███████▍  | 37/50 [00:10<00:01,  8.88it/s]
 76%|███████▌  | 38/50 [00:10<00:01,  8.88it/s]
 78%|███████▊  | 39/50 [00:10<00:01,  8.89it/s]
 80%|████████  | 40/50 [00:10<00:01,  8.89it/s]
 82%|████████▏ | 41/50 [00:10<00:01,  8.89it/s]
 84%|████████▍ | 42/50 [00:10<00:00,  8.88it/s]
 86%|████████▌ | 43/50 [00:10<00:00,  8.89it/s]
 88%|████████▊ | 44/50 [00:10<00:00,  8.89it/s]
 90%|█████████ | 45/50 [00:10<00:00,  8.90it/s]
 92%|█████████▏| 46/50 [00:11<00:00,  8.88it/s]
 94%|█████████▍| 47/50 [00:11<00:00,  8.90it/s]
 96%|█████████▌| 48/50 [00:11<00:00,  8.91it/s]
 98%|█████████▊| 49/50 [00:11<00:00,  8.91it/s]
100%|██████████| 50/50 [00:17<00:00,  1.84s/it]
100%|██████████| 50/50 [00:17<00:00,  2.90it/s]
[I 2023-12-11 23:06:12,630] Trial 373 finished with value: 0.4422975952956001 and parameters: {'EMBEDDING_DIM': 32, 'HIDDEN_DIM': 1994, 'NUM_LAYERS': 1, 'DROPOUT': 0.25268401144537045, 'LR': 0.006896310800665261, 'WEIGHT_0': 0.66002865197936, 'WEIGHT_1': 0.12590419560593405, 'WEIGHT_2': 0.22289449348985763, 'WEIGHT_3': 0.08379013062071396, 'WEIGHT_4': 0.8375576575490092, 'WEIGHT_5': 0.20964625549530522, 'WEIGHT_6': 0.4105286880818027, 'WEIGHT_7': 0.552930228234253, 'WEIGHT_8': 0.7347545511657679}. Best is trial 282 with value: 0.45463128081401455.
{'EMBEDDING_DIM': 32, 'HIDDEN_DIM': 1994, 'NUM_LAYERS': 1, 'DROPOUT': 0.25268401144537045, 'LR': 0.006896310800665261, 'WEIGHT_0': 0.66002865197936, 'WEIGHT_1': 0.12590419560593405, 'WEIGHT_2': 0.22289449348985763, 'WEIGHT_3': 0.08379013062071396, 'WEIGHT_4': 0.8375576575490092, 'WEIGHT_5': 0.20964625549530522, 'WEIGHT_6': 0.4105286880818027, 'WEIGHT_7': 0.552930228234253, 'WEIGHT_8': 0.7347545511657679}
0
              precision    recall  f1-score   support

         LOC       0.00      0.00      0.00      1837
        MISC       0.00      0.00      0.00       922
         ORG       0.00      0.00      0.00      1341
         PER       0.00      0.00      0.00      1842

   micro avg       0.00      0.00      0.00      5942
   macro avg       0.00      0.00      0.00      5942
weighted avg       0.00      0.00      0.00      5942

{'EMBEDDING_DIM': 32, 'HIDDEN_DIM': 1994, 'NUM_LAYERS': 1, 'DROPOUT': 0.25268401144537045, 'LR': 0.006896310800665261, 'WEIGHT_0': 0.66002865197936, 'WEIGHT_1': 0.12590419560593405, 'WEIGHT_2': 0.22289449348985763, 'WEIGHT_3': 0.08379013062071396, 'WEIGHT_4': 0.8375576575490092, 'WEIGHT_5': 0.20964625549530522, 'WEIGHT_6': 0.4105286880818027, 'WEIGHT_7': 0.552930228234253, 'WEIGHT_8': 0.7347545511657679}
49
              precision    recall  f1-score   support

         LOC       0.78      0.57      0.66      1837
        MISC       0.64      0.49      0.56       922
         ORG       0.42      0.22      0.29      1341
         PER       0.37      0.17      0.24      1842

   micro avg       0.59      0.35      0.44      5942
   macro avg       0.56      0.36      0.43      5942
weighted avg       0.55      0.35      0.43      5942

epoch 49
Transformer

  0%|          | 0/50 [00:00<?, ?it/s]
  2%|▏         | 1/50 [00:06<05:04,  6.22s/it]
  4%|▍         | 2/50 [00:06<02:14,  2.79s/it]
  6%|▌         | 3/50 [00:07<01:19,  1.69s/it]
  8%|▊         | 4/50 [00:07<00:54,  1.18s/it]
 10%|█         | 5/50 [00:07<00:40,  1.12it/s]
 12%|█▏        | 6/50 [00:08<00:31,  1.40it/s]
 14%|█▍        | 7/50 [00:08<00:26,  1.65it/s]
 16%|█▌        | 8/50 [00:08<00:22,  1.87it/s]
 18%|█▊        | 9/50 [00:09<00:19,  2.05it/s]
 20%|██        | 10/50 [00:09<00:18,  2.20it/s]
 22%|██▏       | 11/50 [00:10<00:16,  2.31it/s]
 24%|██▍       | 12/50 [00:10<00:15,  2.40it/s]
 26%|██▌       | 13/50 [00:10<00:15,  2.46it/s]
 28%|██▊       | 14/50 [00:11<00:14,  2.51it/s]
 30%|███       | 15/50 [00:11<00:13,  2.54it/s]
 32%|███▏      | 16/50 [00:11<00:13,  2.56it/s]
 34%|███▍      | 17/50 [00:12<00:12,  2.58it/s]
 36%|███▌      | 18/50 [00:12<00:12,  2.59it/s]
 38%|███▊      | 19/50 [00:13<00:11,  2.60it/s]
 40%|████      | 20/50 [00:13<00:11,  2.60it/s]
 42%|████▏     | 21/50 [00:13<00:11,  2.59it/s]
 44%|████▍     | 22/50 [00:14<00:10,  2.60it/s]
 46%|████▌     | 23/50 [00:14<00:10,  2.60it/s]
 48%|████▊     | 24/50 [00:15<00:09,  2.61it/s]
 50%|█████     | 25/50 [00:15<00:09,  2.61it/s]
 52%|█████▏    | 26/50 [00:15<00:09,  2.61it/s]
 54%|█████▍    | 27/50 [00:16<00:08,  2.61it/s]
 56%|█████▌    | 28/50 [00:16<00:08,  2.61it/s]
 58%|█████▊    | 29/50 [00:16<00:08,  2.61it/s]
 60%|██████    | 30/50 [00:17<00:07,  2.61it/s]
 62%|██████▏   | 31/50 [00:17<00:07,  2.61it/s]
 64%|██████▍   | 32/50 [00:18<00:06,  2.58it/s]
 66%|██████▌   | 33/50 [00:18<00:06,  2.59it/s]
 68%|██████▊   | 34/50 [00:18<00:06,  2.60it/s]
 70%|███████   | 35/50 [00:19<00:05,  2.60it/s]
 72%|███████▏  | 36/50 [00:19<00:05,  2.60it/s]
 74%|███████▍  | 37/50 [00:20<00:04,  2.60it/s]
 76%|███████▌  | 38/50 [00:20<00:04,  2.61it/s]
 78%|███████▊  | 39/50 [00:20<00:04,  2.61it/s]
 80%|████████  | 40/50 [00:21<00:03,  2.61it/s]
 82%|████████▏ | 41/50 [00:21<00:03,  2.61it/s]
 84%|████████▍ | 42/50 [00:21<00:03,  2.61it/s]
 86%|████████▌ | 43/50 [00:22<00:02,  2.61it/s]
 88%|████████▊ | 44/50 [00:22<00:02,  2.61it/s]
 90%|█████████ | 45/50 [00:23<00:01,  2.60it/s]
 92%|█████████▏| 46/50 [00:23<00:01,  2.60it/s]
 94%|█████████▍| 47/50 [00:23<00:01,  2.60it/s]
 96%|█████████▌| 48/50 [00:24<00:00,  2.60it/s]
 98%|█████████▊| 49/50 [00:24<00:00,  2.60it/s]
100%|██████████| 50/50 [00:30<00:00,  2.11s/it]
100%|██████████| 50/50 [00:30<00:00,  1.62it/s]
[I 2023-12-11 23:06:49,309] Trial 374 finished with value: 0.18206024296888 and parameters: {'EMBEDDING_DIM': 512, 'HIDDEN_DIM': 854, 'NUM_LAYERS': 1, 'DROPOUT': 0.343510427215264, 'LR': 0.0073066418552071586, 'WEIGHT_0': 0.6167234753793439, 'WEIGHT_1': 0.14548570829179885, 'WEIGHT_2': 0.44980964239642596, 'WEIGHT_3': 0.24028142970451172, 'WEIGHT_4': 0.5242684261334727, 'WEIGHT_5': 0.355001770318853, 'WEIGHT_6': 0.4506694798870202, 'WEIGHT_7': 0.4185007419310466, 'WEIGHT_8': 0.8108934486544062}. Best is trial 282 with value: 0.45463128081401455.
{'EMBEDDING_DIM': 512, 'HIDDEN_DIM': 854, 'NUM_LAYERS': 1, 'DROPOUT': 0.343510427215264, 'LR': 0.0073066418552071586, 'WEIGHT_0': 0.6167234753793439, 'WEIGHT_1': 0.14548570829179885, 'WEIGHT_2': 0.44980964239642596, 'WEIGHT_3': 0.24028142970451172, 'WEIGHT_4': 0.5242684261334727, 'WEIGHT_5': 0.355001770318853, 'WEIGHT_6': 0.4506694798870202, 'WEIGHT_7': 0.4185007419310466, 'WEIGHT_8': 0.8108934486544062}
0
              precision    recall  f1-score   support

         LOC       0.00      0.00      0.00      1837
        MISC       0.00      0.00      0.00       922
         ORG       0.00      0.00      0.00      1341
         PER       0.00      0.00      0.00      1842

   micro avg       0.00      0.00      0.00      5942
   macro avg       0.00      0.00      0.00      5942
weighted avg       0.00      0.00      0.00      5942

{'EMBEDDING_DIM': 512, 'HIDDEN_DIM': 854, 'NUM_LAYERS': 1, 'DROPOUT': 0.343510427215264, 'LR': 0.0073066418552071586, 'WEIGHT_0': 0.6167234753793439, 'WEIGHT_1': 0.14548570829179885, 'WEIGHT_2': 0.44980964239642596, 'WEIGHT_3': 0.24028142970451172, 'WEIGHT_4': 0.5242684261334727, 'WEIGHT_5': 0.355001770318853, 'WEIGHT_6': 0.4506694798870202, 'WEIGHT_7': 0.4185007419310466, 'WEIGHT_8': 0.8108934486544062}
49
              precision    recall  f1-score   support

         LOC       0.24      0.31      0.27      1837
        MISC       0.16      0.04      0.07       922
         ORG       0.00      0.00      0.00      1341
         PER       0.14      0.26      0.18      1842

   micro avg       0.18      0.18      0.18      5942
   macro avg       0.13      0.15      0.13      5942
weighted avg       0.14      0.18      0.15      5942

epoch 49
Transformer

  0%|          | 0/50 [00:00<?, ?it/s]
  2%|▏         | 1/50 [00:05<04:45,  5.84s/it]
  6%|▌         | 3/50 [00:06<01:14,  1.58s/it]
 10%|█         | 5/50 [00:06<00:36,  1.23it/s]
 14%|█▍        | 7/50 [00:06<00:21,  1.96it/s]
 18%|█▊        | 9/50 [00:06<00:14,  2.84it/s]
 22%|██▏       | 11/50 [00:06<00:10,  3.84it/s]
 26%|██▌       | 13/50 [00:06<00:07,  4.85it/s]
 30%|███       | 15/50 [00:07<00:05,  5.92it/s]
 34%|███▍      | 17/50 [00:07<00:04,  6.94it/s]
 38%|███▊      | 19/50 [00:07<00:03,  7.81it/s]
 42%|████▏     | 21/50 [00:07<00:03,  8.57it/s]
 46%|████▌     | 23/50 [00:07<00:02,  9.17it/s]
 50%|█████     | 25/50 [00:08<00:02,  9.66it/s]
 54%|█████▍    | 27/50 [00:08<00:02, 10.03it/s]
 58%|█████▊    | 29/50 [00:08<00:02, 10.29it/s]
 62%|██████▏   | 31/50 [00:08<00:01, 10.49it/s]
 66%|██████▌   | 33/50 [00:08<00:01, 10.62it/s]
 70%|███████   | 35/50 [00:08<00:01, 10.36it/s]
 74%|███████▍  | 37/50 [00:09<00:01,  9.67it/s]
 78%|███████▊  | 39/50 [00:09<00:01, 10.20it/s]
 82%|████████▏ | 41/50 [00:09<00:00, 10.55it/s]
 86%|████████▌ | 43/50 [00:09<00:00, 10.82it/s]
 90%|█████████ | 45/50 [00:09<00:00, 11.00it/s]
 94%|█████████▍| 47/50 [00:10<00:00, 11.13it/s]
 98%|█████████▊| 49/50 [00:10<00:00, 11.23it/s]
100%|██████████| 50/50 [00:16<00:00,  3.11it/s]
