[I 2023-12-11 19:51:33,423] Trial 24 finished with value: 0.0 and parameters: {'EMBEDDING_DIM': 2048, 'HIDDEN_DIM': 2716, 'NUM_LAYERS': 1, 'DROPOUT': 0.05151710087137226, 'LR': 0.00787200426974867, 'WEIGHT_0': 0.656361033578173, 'WEIGHT_1': 0.2894631723771165, 'WEIGHT_2': 0.322272670469469, 'WEIGHT_3': 0.28941980909402604, 'WEIGHT_4': 0.7669598798932766, 'WEIGHT_5': 0.20944599732259161, 'WEIGHT_6': 0.27934323761909546, 'WEIGHT_7': 0.8238770114437246, 'WEIGHT_8': 0.2894599808703942}. Best is trial 12 with value: 0.4422704575563029.
{'EMBEDDING_DIM': 2048, 'HIDDEN_DIM': 2716, 'NUM_LAYERS': 1, 'DROPOUT': 0.05151710087137226, 'LR': 0.00787200426974867, 'WEIGHT_0': 0.656361033578173, 'WEIGHT_1': 0.2894631723771165, 'WEIGHT_2': 0.322272670469469, 'WEIGHT_3': 0.28941980909402604, 'WEIGHT_4': 0.7669598798932766, 'WEIGHT_5': 0.20944599732259161, 'WEIGHT_6': 0.27934323761909546, 'WEIGHT_7': 0.8238770114437246, 'WEIGHT_8': 0.2894599808703942}
0
              precision    recall  f1-score   support

         LOC       0.00      0.00      0.00      1837
        MISC       0.00      0.00      0.00       922
         ORG       0.00      0.00      0.00      1341
         PER       0.00      0.00      0.00      1842

   micro avg       0.00      0.00      0.00      5942
   macro avg       0.00      0.00      0.00      5942
weighted avg       0.00      0.00      0.00      5942

{'EMBEDDING_DIM': 2048, 'HIDDEN_DIM': 2716, 'NUM_LAYERS': 1, 'DROPOUT': 0.05151710087137226, 'LR': 0.00787200426974867, 'WEIGHT_0': 0.656361033578173, 'WEIGHT_1': 0.2894631723771165, 'WEIGHT_2': 0.322272670469469, 'WEIGHT_3': 0.28941980909402604, 'WEIGHT_4': 0.7669598798932766, 'WEIGHT_5': 0.20944599732259161, 'WEIGHT_6': 0.27934323761909546, 'WEIGHT_7': 0.8238770114437246, 'WEIGHT_8': 0.2894599808703942}
49
              precision    recall  f1-score   support

         LOC       0.00      0.00      0.00      1837
        MISC       0.00      0.00      0.00       922
         ORG       0.00      0.00      0.00      1341
         PER       0.00      0.00      0.00      1842

   micro avg       0.00      0.00      0.00      5942
   macro avg       0.00      0.00      0.00      5942
weighted avg       0.00      0.00      0.00      5942

epoch 49
Transformer

  0%|          | 0/50 [00:00<?, ?it/s]
  2%|▏         | 1/50 [00:08<06:49,  8.35s/it]
  4%|▍         | 2/50 [00:08<02:52,  3.60s/it]
  6%|▌         | 3/50 [00:08<01:37,  2.07s/it]
  8%|▊         | 4/50 [00:09<01:02,  1.37s/it]
 10%|█         | 5/50 [00:09<00:44,  1.01it/s]
 12%|█▏        | 6/50 [00:09<00:33,  1.30it/s]
 14%|█▍        | 7/50 [00:10<00:26,  1.59it/s]
 16%|█▌        | 8/50 [00:10<00:22,  1.87it/s]
 18%|█▊        | 9/50 [00:10<00:19,  2.11it/s]
 20%|██        | 10/50 [00:11<00:17,  2.32it/s]
 22%|██▏       | 11/50 [00:11<00:15,  2.48it/s]
 24%|██▍       | 12/50 [00:11<00:14,  2.61it/s]
 26%|██▌       | 13/50 [00:12<00:13,  2.71it/s]
 28%|██▊       | 14/50 [00:12<00:12,  2.78it/s]
 30%|███       | 15/50 [00:12<00:12,  2.83it/s]
 32%|███▏      | 16/50 [00:13<00:11,  2.85it/s]
 34%|███▍      | 17/50 [00:13<00:11,  2.81it/s]
 36%|███▌      | 18/50 [00:13<00:11,  2.78it/s]
 38%|███▊      | 19/50 [00:14<00:11,  2.76it/s]
 40%|████      | 20/50 [00:14<00:10,  2.75it/s]
 42%|████▏     | 21/50 [00:15<00:10,  2.74it/s]
 44%|████▍     | 22/50 [00:15<00:10,  2.73it/s]
 46%|████▌     | 23/50 [00:15<00:09,  2.73it/s]
 48%|████▊     | 24/50 [00:16<00:09,  2.72it/s]
 50%|█████     | 25/50 [00:16<00:09,  2.75it/s]
 52%|█████▏    | 26/50 [00:16<00:08,  2.82it/s]
 54%|█████▍    | 27/50 [00:17<00:08,  2.86it/s]
 56%|█████▌    | 28/50 [00:17<00:07,  2.89it/s]
 58%|█████▊    | 29/50 [00:17<00:07,  2.91it/s]
 60%|██████    | 30/50 [00:18<00:06,  2.92it/s]
 62%|██████▏   | 31/50 [00:18<00:06,  2.94it/s]
 64%|██████▍   | 32/50 [00:18<00:06,  2.95it/s]
 66%|██████▌   | 33/50 [00:19<00:05,  2.94it/s]
 68%|██████▊   | 34/50 [00:19<00:05,  2.95it/s]
 70%|███████   | 35/50 [00:19<00:05,  2.96it/s]
 72%|███████▏  | 36/50 [00:20<00:04,  2.96it/s]
 74%|███████▍  | 37/50 [00:20<00:04,  2.86it/s]
 76%|███████▌  | 38/50 [00:21<00:04,  2.67it/s]
 78%|███████▊  | 39/50 [00:21<00:04,  2.54it/s]
 80%|████████  | 40/50 [00:21<00:04,  2.46it/s]
 82%|████████▏ | 41/50 [00:22<00:03,  2.47it/s]
 84%|████████▍ | 42/50 [00:22<00:03,  2.46it/s]
 86%|████████▌ | 43/50 [00:23<00:02,  2.47it/s]
 88%|████████▊ | 44/50 [00:23<00:02,  2.45it/s]
 90%|█████████ | 45/50 [00:23<00:02,  2.45it/s]
 92%|█████████▏| 46/50 [00:24<00:01,  2.50it/s]
 94%|█████████▍| 47/50 [00:24<00:01,  2.54it/s]
 96%|█████████▌| 48/50 [00:25<00:00,  2.59it/s]
 98%|█████████▊| 49/50 [00:25<00:00,  2.62it/s]
100%|██████████| 50/50 [00:34<00:00,  2.88s/it]
100%|██████████| 50/50 [00:34<00:00,  1.46it/s]
[I 2023-12-11 19:52:16,134] Trial 25 finished with value: 0.3276661514683153 and parameters: {'EMBEDDING_DIM': 32, 'HIDDEN_DIM': 3060, 'NUM_LAYERS': 2, 'DROPOUT': 0.1726339621302581, 'LR': 0.008906322179802452, 'WEIGHT_0': 0.5743996789390602, 'WEIGHT_1': 0.3660849959089591, 'WEIGHT_2': 0.21059122044289785, 'WEIGHT_3': 0.001891009622635137, 'WEIGHT_4': 0.6608447995899529, 'WEIGHT_5': 0.36722572660549824, 'WEIGHT_6': 0.0005113710997931842, 'WEIGHT_7': 0.7345492152628321, 'WEIGHT_8': 0.509442649332817}. Best is trial 12 with value: 0.4422704575563029.
{'EMBEDDING_DIM': 32, 'HIDDEN_DIM': 3060, 'NUM_LAYERS': 2, 'DROPOUT': 0.1726339621302581, 'LR': 0.008906322179802452, 'WEIGHT_0': 0.5743996789390602, 'WEIGHT_1': 0.3660849959089591, 'WEIGHT_2': 0.21059122044289785, 'WEIGHT_3': 0.001891009622635137, 'WEIGHT_4': 0.6608447995899529, 'WEIGHT_5': 0.36722572660549824, 'WEIGHT_6': 0.0005113710997931842, 'WEIGHT_7': 0.7345492152628321, 'WEIGHT_8': 0.509442649332817}
0
              precision    recall  f1-score   support

         LOC       0.00      0.00      0.00      1837
        MISC       0.00      0.00      0.00       922
         ORG       0.00      0.00      0.00      1341
         PER       0.00      0.00      0.00      1842

   micro avg       0.00      0.00      0.00      5942
   macro avg       0.00      0.00      0.00      5942
weighted avg       0.00      0.00      0.00      5942

{'EMBEDDING_DIM': 32, 'HIDDEN_DIM': 3060, 'NUM_LAYERS': 2, 'DROPOUT': 0.1726339621302581, 'LR': 0.008906322179802452, 'WEIGHT_0': 0.5743996789390602, 'WEIGHT_1': 0.3660849959089591, 'WEIGHT_2': 0.21059122044289785, 'WEIGHT_3': 0.001891009622635137, 'WEIGHT_4': 0.6608447995899529, 'WEIGHT_5': 0.36722572660549824, 'WEIGHT_6': 0.0005113710997931842, 'WEIGHT_7': 0.7345492152628321, 'WEIGHT_8': 0.509442649332817}
49
              precision    recall  f1-score   support

         LOC       0.59      0.52      0.55      1837
        MISC       0.26      0.22      0.24       922
         ORG       0.39      0.20      0.26      1341
         PER       0.21      0.15      0.18      1842

   micro avg       0.38      0.29      0.33      5942
   macro avg       0.36      0.27      0.31      5942
weighted avg       0.37      0.29      0.32      5942

epoch 49
Transformer

  0%|          | 0/50 [00:00<?, ?it/s]
  2%|▏         | 1/50 [00:06<05:15,  6.44s/it]
  4%|▍         | 2/50 [00:06<02:11,  2.73s/it]
  6%|▌         | 3/50 [00:06<01:12,  1.54s/it]
  8%|▊         | 4/50 [00:06<00:45,  1.02it/s]
 10%|█         | 5/50 [00:06<00:30,  1.49it/s]
 12%|█▏        | 6/50 [00:07<00:21,  2.07it/s]
 14%|█▍        | 7/50 [00:07<00:15,  2.75it/s]
 16%|█▌        | 8/50 [00:07<00:12,  3.50it/s]
 18%|█▊        | 9/50 [00:07<00:09,  4.28it/s]
 20%|██        | 10/50 [00:07<00:07,  5.06it/s]
 22%|██▏       | 11/50 [00:07<00:06,  5.77it/s]
 24%|██▍       | 12/50 [00:07<00:05,  6.38it/s]
 26%|██▌       | 13/50 [00:07<00:05,  6.90it/s]
 28%|██▊       | 14/50 [00:08<00:04,  7.31it/s]
 30%|███       | 15/50 [00:08<00:04,  7.63it/s]
 32%|███▏      | 16/50 [00:08<00:04,  7.87it/s]
 34%|███▍      | 17/50 [00:08<00:04,  8.05it/s]
 36%|███▌      | 18/50 [00:08<00:03,  8.18it/s]
 38%|███▊      | 19/50 [00:08<00:03,  8.27it/s]
 40%|████      | 20/50 [00:08<00:03,  8.34it/s]
 42%|████▏     | 21/50 [00:08<00:03,  8.38it/s]
 44%|████▍     | 22/50 [00:08<00:03,  8.41it/s]
 46%|████▌     | 23/50 [00:09<00:03,  8.43it/s]
 48%|████▊     | 24/50 [00:09<00:03,  8.45it/s]
 50%|█████     | 25/50 [00:09<00:02,  8.45it/s]
 52%|█████▏    | 26/50 [00:09<00:02,  8.46it/s]
 54%|█████▍    | 27/50 [00:09<00:02,  8.47it/s]
 56%|█████▌    | 28/50 [00:09<00:02,  8.48it/s]
 58%|█████▊    | 29/50 [00:09<00:02,  8.48it/s]
 60%|██████    | 30/50 [00:09<00:02,  8.48it/s]
 62%|██████▏   | 31/50 [00:10<00:02,  8.49it/s]
 64%|██████▍   | 32/50 [00:10<00:02,  8.48it/s]
 66%|██████▌   | 33/50 [00:10<00:02,  8.49it/s]
 68%|██████▊   | 34/50 [00:10<00:01,  8.49it/s]
 70%|███████   | 35/50 [00:10<00:01,  8.49it/s]
 72%|███████▏  | 36/50 [00:10<00:01,  8.49it/s]
 74%|███████▍  | 37/50 [00:10<00:01,  8.48it/s]
 76%|███████▌  | 38/50 [00:10<00:01,  8.47it/s]
 78%|███████▊  | 39/50 [00:10<00:01,  8.47it/s]
 80%|████████  | 40/50 [00:11<00:01,  8.48it/s]
 82%|████████▏ | 41/50 [00:11<00:01,  8.48it/s]
 84%|████████▍ | 42/50 [00:11<00:00,  8.47it/s]
 86%|████████▌ | 43/50 [00:11<00:00,  8.47it/s]
 88%|████████▊ | 44/50 [00:11<00:00,  8.48it/s]
 90%|█████████ | 45/50 [00:11<00:00,  8.49it/s]
 92%|█████████▏| 46/50 [00:11<00:00,  8.49it/s]
 94%|█████████▍| 47/50 [00:11<00:00,  8.48it/s]
 96%|█████████▌| 48/50 [00:12<00:00,  8.48it/s]
 98%|█████████▊| 49/50 [00:12<00:00,  8.46it/s]
100%|██████████| 50/50 [00:18<00:00,  1.94s/it]
100%|██████████| 50/50 [00:18<00:00,  2.73it/s]
[I 2023-12-11 19:52:40,653] Trial 26 finished with value: 0.4138132865086333 and parameters: {'EMBEDDING_DIM': 32, 'HIDDEN_DIM': 2259, 'NUM_LAYERS': 1, 'DROPOUT': 0.05143290521285157, 'LR': 0.008235626342341913, 'WEIGHT_0': 0.715568008532785, 'WEIGHT_1': 0.41935302186247586, 'WEIGHT_2': 0.5874410136961882, 'WEIGHT_3': 0.167421106720725, 'WEIGHT_4': 0.886709584424602, 'WEIGHT_5': 0.545303842808569, 'WEIGHT_6': 0.17261478465019414, 'WEIGHT_7': 0.8906790148249837, 'WEIGHT_8': 0.6203404660547416}. Best is trial 12 with value: 0.4422704575563029.
{'EMBEDDING_DIM': 32, 'HIDDEN_DIM': 2259, 'NUM_LAYERS': 1, 'DROPOUT': 0.05143290521285157, 'LR': 0.008235626342341913, 'WEIGHT_0': 0.715568008532785, 'WEIGHT_1': 0.41935302186247586, 'WEIGHT_2': 0.5874410136961882, 'WEIGHT_3': 0.167421106720725, 'WEIGHT_4': 0.886709584424602, 'WEIGHT_5': 0.545303842808569, 'WEIGHT_6': 0.17261478465019414, 'WEIGHT_7': 0.8906790148249837, 'WEIGHT_8': 0.6203404660547416}
0
              precision    recall  f1-score   support

         LOC       0.00      0.00      0.00      1837
        MISC       0.00      0.00      0.00       922
         ORG       0.00      0.00      0.00      1341
         PER       0.00      0.00      0.00      1842

   micro avg       0.00      0.00      0.00      5942
   macro avg       0.00      0.00      0.00      5942
weighted avg       0.00      0.00      0.00      5942

{'EMBEDDING_DIM': 32, 'HIDDEN_DIM': 2259, 'NUM_LAYERS': 1, 'DROPOUT': 0.05143290521285157, 'LR': 0.008235626342341913, 'WEIGHT_0': 0.715568008532785, 'WEIGHT_1': 0.41935302186247586, 'WEIGHT_2': 0.5874410136961882, 'WEIGHT_3': 0.167421106720725, 'WEIGHT_4': 0.886709584424602, 'WEIGHT_5': 0.545303842808569, 'WEIGHT_6': 0.17261478465019414, 'WEIGHT_7': 0.8906790148249837, 'WEIGHT_8': 0.6203404660547416}
49
              precision    recall  f1-score   support

         LOC       0.74      0.56      0.64      1837
        MISC       0.62      0.48      0.54       922
         ORG       0.26      0.23      0.24      1341
         PER       0.34      0.19      0.25      1842

   micro avg       0.49      0.36      0.41      5942
   macro avg       0.49      0.36      0.41      5942
weighted avg       0.49      0.36      0.41      5942

epoch 49
Transformer

  0%|          | 0/50 [00:00<?, ?it/s]
  2%|▏         | 1/50 [00:08<06:37,  8.10s/it]
  4%|▍         | 2/50 [00:08<02:46,  3.47s/it]
  6%|▌         | 3/50 [00:08<01:32,  1.98s/it]
  8%|▊         | 4/50 [00:08<00:58,  1.27s/it]
 10%|█         | 5/50 [00:08<00:39,  1.13it/s]
 12%|█▏        | 6/50 [00:09<00:28,  1.54it/s]
 14%|█▍        | 7/50 [00:09<00:21,  1.98it/s]
 16%|█▌        | 8/50 [00:09<00:17,  2.47it/s]
 18%|█▊        | 9/50 [00:09<00:13,  2.94it/s]
 20%|██        | 10/50 [00:09<00:11,  3.39it/s]
 22%|██▏       | 11/50 [00:10<00:10,  3.78it/s]
 24%|██▍       | 12/50 [00:10<00:09,  4.11it/s]
 26%|██▌       | 13/50 [00:10<00:08,  4.37it/s]
 28%|██▊       | 14/50 [00:10<00:07,  4.57it/s]
 30%|███       | 15/50 [00:10<00:07,  4.71it/s]
 32%|███▏      | 16/50 [00:11<00:07,  4.81it/s]
 34%|███▍      | 17/50 [00:11<00:06,  4.88it/s]
 36%|███▌      | 18/50 [00:11<00:06,  4.93it/s]
 38%|███▊      | 19/50 [00:11<00:06,  4.98it/s]
 40%|████      | 20/50 [00:11<00:05,  5.02it/s]
 42%|████▏     | 21/50 [00:12<00:05,  5.05it/s]
 44%|████▍     | 22/50 [00:12<00:05,  5.07it/s]
 46%|████▌     | 23/50 [00:12<00:05,  5.09it/s]
 48%|████▊     | 24/50 [00:12<00:05,  5.09it/s]
 50%|█████     | 25/50 [00:12<00:04,  5.10it/s]
 52%|█████▏    | 26/50 [00:13<00:04,  5.11it/s]
 54%|█████▍    | 27/50 [00:13<00:04,  5.11it/s]
 56%|█████▌    | 28/50 [00:13<00:04,  5.11it/s]
 58%|█████▊    | 29/50 [00:13<00:04,  5.12it/s]
 60%|██████    | 30/50 [00:13<00:03,  5.12it/s]
 62%|██████▏   | 31/50 [00:14<00:03,  5.12it/s]
 64%|██████▍   | 32/50 [00:14<00:03,  5.12it/s]
 66%|██████▌   | 33/50 [00:14<00:03,  5.13it/s]
 68%|██████▊   | 34/50 [00:14<00:03,  5.13it/s]
 70%|███████   | 35/50 [00:14<00:02,  5.13it/s]
 72%|███████▏  | 36/50 [00:14<00:02,  5.13it/s]
 74%|███████▍  | 37/50 [00:15<00:02,  5.13it/s]
 76%|███████▌  | 38/50 [00:15<00:02,  5.13it/s]
 78%|███████▊  | 39/50 [00:15<00:02,  5.13it/s]
 80%|████████  | 40/50 [00:15<00:01,  5.13it/s]
 82%|████████▏ | 41/50 [00:15<00:01,  5.13it/s]
 84%|████████▍ | 42/50 [00:16<00:01,  5.13it/s]
 86%|████████▌ | 43/50 [00:16<00:01,  5.12it/s]
 88%|████████▊ | 44/50 [00:16<00:01,  5.12it/s]
 90%|█████████ | 45/50 [00:16<00:00,  5.12it/s]
 92%|█████████▏| 46/50 [00:16<00:00,  5.12it/s]
 94%|█████████▍| 47/50 [00:17<00:00,  5.13it/s]
 96%|█████████▌| 48/50 [00:17<00:00,  4.97it/s]
 98%|█████████▊| 49/50 [00:17<00:00,  4.49it/s]
100%|██████████| 50/50 [00:25<00:00,  2.63s/it]
100%|██████████| 50/50 [00:25<00:00,  1.93it/s]
[I 2023-12-11 19:53:14,728] Trial 27 finished with value: 0.33299636069551153 and parameters: {'EMBEDDING_DIM': 32, 'HIDDEN_DIM': 1796, 'NUM_LAYERS': 2, 'DROPOUT': 0.08677779577170451, 'LR': 0.009336844304386619, 'WEIGHT_0': 0.8036748635004384, 'WEIGHT_1': 0.1138959450457914, 'WEIGHT_2': 0.46086450085199343, 'WEIGHT_3': 0.07955204623118825, 'WEIGHT_4': 0.727394852060838, 'WEIGHT_5': 0.2712566848983191, 'WEIGHT_6': 0.31845790913586214, 'WEIGHT_7': 0.9963738088515692, 'WEIGHT_8': 0.7069113985903975}. Best is trial 12 with value: 0.4422704575563029.
{'EMBEDDING_DIM': 32, 'HIDDEN_DIM': 1796, 'NUM_LAYERS': 2, 'DROPOUT': 0.08677779577170451, 'LR': 0.009336844304386619, 'WEIGHT_0': 0.8036748635004384, 'WEIGHT_1': 0.1138959450457914, 'WEIGHT_2': 0.46086450085199343, 'WEIGHT_3': 0.07955204623118825, 'WEIGHT_4': 0.727394852060838, 'WEIGHT_5': 0.2712566848983191, 'WEIGHT_6': 0.31845790913586214, 'WEIGHT_7': 0.9963738088515692, 'WEIGHT_8': 0.7069113985903975}
0
              precision    recall  f1-score   support

         LOC       0.00      0.00      0.00      1837
        MISC       0.00      0.00      0.00       922
         ORG       0.00      0.00      0.00      1341
         PER       0.00      0.00      0.00      1842

   micro avg       0.00      0.00      0.00      5942
   macro avg       0.00      0.00      0.00      5942
weighted avg       0.00      0.00      0.00      5942

{'EMBEDDING_DIM': 32, 'HIDDEN_DIM': 1796, 'NUM_LAYERS': 2, 'DROPOUT': 0.08677779577170451, 'LR': 0.009336844304386619, 'WEIGHT_0': 0.8036748635004384, 'WEIGHT_1': 0.1138959450457914, 'WEIGHT_2': 0.46086450085199343, 'WEIGHT_3': 0.07955204623118825, 'WEIGHT_4': 0.727394852060838, 'WEIGHT_5': 0.2712566848983191, 'WEIGHT_6': 0.31845790913586214, 'WEIGHT_7': 0.9963738088515692, 'WEIGHT_8': 0.7069113985903975}
49
              precision    recall  f1-score   support

         LOC       0.59      0.53      0.56      1837
        MISC       0.28      0.45      0.35       922
         ORG       0.45      0.06      0.11      1341
         PER       0.27      0.09      0.14      1842

   micro avg       0.42      0.28      0.33      5942
   macro avg       0.40      0.28      0.29      5942
weighted avg       0.41      0.28      0.29      5942

epoch 49
Transformer

  0%|          | 0/50 [00:00<?, ?it/s]
  2%|▏         | 1/50 [00:06<05:05,  6.23s/it]
  4%|▍         | 2/50 [00:06<02:05,  2.62s/it]
  6%|▌         | 3/50 [00:06<01:09,  1.47s/it]
  8%|▊         | 4/50 [00:06<00:42,  1.07it/s]
 10%|█         | 5/50 [00:06<00:28,  1.58it/s]
 12%|█▏        | 6/50 [00:06<00:20,  2.17it/s]
 14%|█▍        | 7/50 [00:06<00:14,  2.89it/s]
 16%|█▌        | 8/50 [00:06<00:11,  3.68it/s]
 18%|█▊        | 9/50 [00:07<00:09,  4.53it/s]
 20%|██        | 10/50 [00:07<00:07,  5.36it/s]
 22%|██▏       | 11/50 [00:07<00:06,  6.00it/s]
 24%|██▍       | 12/50 [00:07<00:05,  6.52it/s]
 26%|██▌       | 13/50 [00:07<00:05,  7.16it/s]
 30%|███       | 15/50 [00:07<00:04,  8.56it/s]
 34%|███▍      | 17/50 [00:07<00:03,  9.35it/s]
 38%|███▊      | 19/50 [00:08<00:03,  9.84it/s]
 42%|████▏     | 21/50 [00:08<00:02, 10.14it/s]
 46%|████▌     | 23/50 [00:08<00:02, 10.44it/s]
 50%|█████     | 25/50 [00:08<00:02, 10.61it/s]
 54%|█████▍    | 27/50 [00:08<00:02, 10.73it/s]
 58%|█████▊    | 29/50 [00:09<00:01, 10.81it/s]
 62%|██████▏   | 31/50 [00:09<00:01, 10.84it/s]
 66%|██████▌   | 33/50 [00:09<00:01, 10.82it/s]
 70%|███████   | 35/50 [00:09<00:01, 10.86it/s]
 74%|███████▍  | 37/50 [00:09<00:01, 10.90it/s]
 78%|███████▊  | 39/50 [00:09<00:01, 10.91it/s]
 82%|████████▏ | 41/50 [00:10<00:00, 10.89it/s]
 86%|████████▌ | 43/50 [00:10<00:00, 10.85it/s]
 90%|█████████ | 45/50 [00:10<00:00, 10.81it/s]
 94%|█████████▍| 47/50 [00:10<00:00, 10.83it/s]
 98%|█████████▊| 49/50 [00:10<00:00, 10.89it/s]
100%|██████████| 50/50 [00:17<00:00,  2.94it/s]
