[I 2023-12-11 23:02:19,894] Trial 364 finished with value: 0.42125678820791307 and parameters: {'EMBEDDING_DIM': 32, 'HIDDEN_DIM': 627, 'NUM_LAYERS': 1, 'DROPOUT': 0.24416070297450498, 'LR': 0.009322393510375128, 'WEIGHT_0': 0.7277703750154483, 'WEIGHT_1': 0.2822333902283673, 'WEIGHT_2': 0.2003668431793907, 'WEIGHT_3': 0.057894656544841716, 'WEIGHT_4': 0.6372657591589465, 'WEIGHT_5': 0.5004672654433528, 'WEIGHT_6': 0.5201822222482795, 'WEIGHT_7': 0.7178597095711667, 'WEIGHT_8': 0.74115815541278}. Best is trial 282 with value: 0.45463128081401455.
{'EMBEDDING_DIM': 32, 'HIDDEN_DIM': 627, 'NUM_LAYERS': 1, 'DROPOUT': 0.24416070297450498, 'LR': 0.009322393510375128, 'WEIGHT_0': 0.7277703750154483, 'WEIGHT_1': 0.2822333902283673, 'WEIGHT_2': 0.2003668431793907, 'WEIGHT_3': 0.057894656544841716, 'WEIGHT_4': 0.6372657591589465, 'WEIGHT_5': 0.5004672654433528, 'WEIGHT_6': 0.5201822222482795, 'WEIGHT_7': 0.7178597095711667, 'WEIGHT_8': 0.74115815541278}
0
              precision    recall  f1-score   support

         LOC       0.00      0.00      0.00      1837
        MISC       0.00      0.00      0.00       922
         ORG       0.00      0.00      0.00      1341
         PER       0.00      0.00      0.00      1842

   micro avg       0.00      0.00      0.00      5942
   macro avg       0.00      0.00      0.00      5942
weighted avg       0.00      0.00      0.00      5942

{'EMBEDDING_DIM': 32, 'HIDDEN_DIM': 627, 'NUM_LAYERS': 1, 'DROPOUT': 0.24416070297450498, 'LR': 0.009322393510375128, 'WEIGHT_0': 0.7277703750154483, 'WEIGHT_1': 0.2822333902283673, 'WEIGHT_2': 0.2003668431793907, 'WEIGHT_3': 0.057894656544841716, 'WEIGHT_4': 0.6372657591589465, 'WEIGHT_5': 0.5004672654433528, 'WEIGHT_6': 0.5201822222482795, 'WEIGHT_7': 0.7178597095711667, 'WEIGHT_8': 0.74115815541278}
49
              precision    recall  f1-score   support

         LOC       0.73      0.58      0.65      1837
        MISC       0.60      0.46      0.52       922
         ORG       0.26      0.22      0.24      1341
         PER       0.36      0.21      0.26      1842

   micro avg       0.50      0.37      0.42      5942
   macro avg       0.49      0.37      0.42      5942
weighted avg       0.49      0.37      0.42      5942

epoch 49
Transformer

  0%|          | 0/50 [00:00<?, ?it/s]
  2%|▏         | 1/50 [00:05<04:48,  5.89s/it]
  6%|▌         | 3/50 [00:06<01:14,  1.59s/it]
 10%|█         | 5/50 [00:06<00:37,  1.22it/s]
 12%|█▏        | 6/50 [00:06<00:27,  1.59it/s]
 16%|█▌        | 8/50 [00:06<00:16,  2.54it/s]
 20%|██        | 10/50 [00:06<00:11,  3.62it/s]
 24%|██▍       | 12/50 [00:06<00:08,  4.72it/s]
 28%|██▊       | 14/50 [00:07<00:06,  5.88it/s]
 32%|███▏      | 16/50 [00:07<00:04,  6.98it/s]
 36%|███▌      | 18/50 [00:07<00:04,  7.95it/s]
 40%|████      | 20/50 [00:07<00:03,  8.78it/s]
 44%|████▍     | 22/50 [00:07<00:02,  9.46it/s]
 48%|████▊     | 24/50 [00:07<00:02,  9.97it/s]
 52%|█████▏    | 26/50 [00:08<00:02, 10.38it/s]
 56%|█████▌    | 28/50 [00:08<00:02, 10.67it/s]
 60%|██████    | 30/50 [00:08<00:01, 10.87it/s]
 64%|██████▍   | 32/50 [00:08<00:01, 11.04it/s]
 68%|██████▊   | 34/50 [00:08<00:01, 11.17it/s]
 72%|███████▏  | 36/50 [00:08<00:01, 11.24it/s]
 76%|███████▌  | 38/50 [00:09<00:01, 11.28it/s]
 80%|████████  | 40/50 [00:09<00:00, 11.30it/s]
 84%|████████▍ | 42/50 [00:09<00:00, 11.34it/s]
 88%|████████▊ | 44/50 [00:09<00:00, 11.37it/s]
 92%|█████████▏| 46/50 [00:09<00:00, 11.36it/s]
 96%|█████████▌| 48/50 [00:10<00:00, 11.39it/s]
100%|██████████| 50/50 [00:15<00:00,  1.06it/s]
100%|██████████| 50/50 [00:15<00:00,  3.14it/s]
[I 2023-12-11 23:02:41,333] Trial 365 finished with value: 0.4110906486597095 and parameters: {'EMBEDDING_DIM': 32, 'HIDDEN_DIM': 701, 'NUM_LAYERS': 1, 'DROPOUT': 0.27989927251501556, 'LR': 0.007423483674948453, 'WEIGHT_0': 0.99887186837471, 'WEIGHT_1': 0.34093308911375686, 'WEIGHT_2': 0.5405889314805425, 'WEIGHT_3': 0.00037308996777845466, 'WEIGHT_4': 0.565624876312058, 'WEIGHT_5': 0.4644929044050558, 'WEIGHT_6': 0.30960444526832287, 'WEIGHT_7': 0.6741008908859213, 'WEIGHT_8': 0.7474491708148641}. Best is trial 282 with value: 0.45463128081401455.
{'EMBEDDING_DIM': 32, 'HIDDEN_DIM': 701, 'NUM_LAYERS': 1, 'DROPOUT': 0.27989927251501556, 'LR': 0.007423483674948453, 'WEIGHT_0': 0.99887186837471, 'WEIGHT_1': 0.34093308911375686, 'WEIGHT_2': 0.5405889314805425, 'WEIGHT_3': 0.00037308996777845466, 'WEIGHT_4': 0.565624876312058, 'WEIGHT_5': 0.4644929044050558, 'WEIGHT_6': 0.30960444526832287, 'WEIGHT_7': 0.6741008908859213, 'WEIGHT_8': 0.7474491708148641}
0
              precision    recall  f1-score   support

         LOC       0.00      0.00      0.00      1837
        MISC       0.00      0.00      0.00       922
         ORG       0.00      0.00      0.00      1341
         PER       0.00      0.00      0.00      1842

   micro avg       0.00      0.00      0.00      5942
   macro avg       0.00      0.00      0.00      5942
weighted avg       0.00      0.00      0.00      5942

{'EMBEDDING_DIM': 32, 'HIDDEN_DIM': 701, 'NUM_LAYERS': 1, 'DROPOUT': 0.27989927251501556, 'LR': 0.007423483674948453, 'WEIGHT_0': 0.99887186837471, 'WEIGHT_1': 0.34093308911375686, 'WEIGHT_2': 0.5405889314805425, 'WEIGHT_3': 0.00037308996777845466, 'WEIGHT_4': 0.565624876312058, 'WEIGHT_5': 0.4644929044050558, 'WEIGHT_6': 0.30960444526832287, 'WEIGHT_7': 0.6741008908859213, 'WEIGHT_8': 0.7474491708148641}
49
              precision    recall  f1-score   support

         LOC       0.74      0.58      0.65      1837
        MISC       0.52      0.48      0.50       922
         ORG       0.34      0.24      0.28      1341
         PER       0.31      0.10      0.15      1842

   micro avg       0.52      0.34      0.41      5942
   macro avg       0.48      0.35      0.39      5942
weighted avg       0.48      0.34      0.39      5942

epoch 49
Transformer

  0%|          | 0/50 [00:00<?, ?it/s]
  2%|▏         | 1/50 [00:05<04:45,  5.83s/it]
  6%|▌         | 3/50 [00:06<01:14,  1.58s/it]
 10%|█         | 5/50 [00:06<00:36,  1.23it/s]
 14%|█▍        | 7/50 [00:06<00:21,  1.98it/s]
 18%|█▊        | 9/50 [00:06<00:14,  2.87it/s]
 22%|██▏       | 11/50 [00:06<00:10,  3.86it/s]
 26%|██▌       | 13/50 [00:06<00:07,  4.95it/s]
 30%|███       | 15/50 [00:07<00:05,  6.05it/s]
 34%|███▍      | 17/50 [00:07<00:04,  7.11it/s]
 38%|███▊      | 19/50 [00:07<00:03,  7.90it/s]
 42%|████▏     | 21/50 [00:07<00:03,  8.68it/s]
 46%|████▌     | 23/50 [00:07<00:02,  9.33it/s]
 50%|█████     | 25/50 [00:07<00:02,  9.83it/s]
 54%|█████▍    | 27/50 [00:08<00:02, 10.26it/s]
 58%|█████▊    | 29/50 [00:08<00:01, 10.59it/s]
 62%|██████▏   | 31/50 [00:08<00:01, 10.70it/s]
 66%|██████▌   | 33/50 [00:08<00:01, 10.90it/s]
 70%|███████   | 35/50 [00:08<00:01, 11.02it/s]
 74%|███████▍  | 37/50 [00:09<00:01, 11.07it/s]
 78%|███████▊  | 39/50 [00:09<00:00, 11.18it/s]
 82%|████████▏ | 41/50 [00:09<00:00, 11.27it/s]
 86%|████████▌ | 43/50 [00:09<00:00, 11.27it/s]
 90%|█████████ | 45/50 [00:09<00:00, 11.33it/s]
 94%|█████████▍| 47/50 [00:09<00:00, 11.34it/s]
 98%|█████████▊| 49/50 [00:10<00:00, 11.30it/s]
100%|██████████| 50/50 [00:15<00:00,  3.13it/s]
[I 2023-12-11 23:03:02,819] Trial 366 finished with value: 0.4257192587283711 and parameters: {'EMBEDDING_DIM': 16, 'HIDDEN_DIM': 416, 'NUM_LAYERS': 1, 'DROPOUT': 0.03575168250574545, 'LR': 0.008913360381667181, 'WEIGHT_0': 0.840396223788046, 'WEIGHT_1': 0.17098062548827342, 'WEIGHT_2': 0.22956750344188132, 'WEIGHT_3': 0.06779168086504263, 'WEIGHT_4': 0.6090971856950954, 'WEIGHT_5': 0.6072061267736284, 'WEIGHT_6': 0.5539521997364274, 'WEIGHT_7': 0.5703764235087015, 'WEIGHT_8': 0.5598821597012099}. Best is trial 282 with value: 0.45463128081401455.
{'EMBEDDING_DIM': 16, 'HIDDEN_DIM': 416, 'NUM_LAYERS': 1, 'DROPOUT': 0.03575168250574545, 'LR': 0.008913360381667181, 'WEIGHT_0': 0.840396223788046, 'WEIGHT_1': 0.17098062548827342, 'WEIGHT_2': 0.22956750344188132, 'WEIGHT_3': 0.06779168086504263, 'WEIGHT_4': 0.6090971856950954, 'WEIGHT_5': 0.6072061267736284, 'WEIGHT_6': 0.5539521997364274, 'WEIGHT_7': 0.5703764235087015, 'WEIGHT_8': 0.5598821597012099}
0
              precision    recall  f1-score   support

         LOC       0.00      0.00      0.00      1837
        MISC       0.00      0.00      0.00       922
         ORG       0.00      0.00      0.00      1341
         PER       0.00      0.00      0.00      1842

   micro avg       0.00      0.00      0.00      5942
   macro avg       0.00      0.00      0.00      5942
weighted avg       0.00      0.00      0.00      5942

{'EMBEDDING_DIM': 16, 'HIDDEN_DIM': 416, 'NUM_LAYERS': 1, 'DROPOUT': 0.03575168250574545, 'LR': 0.008913360381667181, 'WEIGHT_0': 0.840396223788046, 'WEIGHT_1': 0.17098062548827342, 'WEIGHT_2': 0.22956750344188132, 'WEIGHT_3': 0.06779168086504263, 'WEIGHT_4': 0.6090971856950954, 'WEIGHT_5': 0.6072061267736284, 'WEIGHT_6': 0.5539521997364274, 'WEIGHT_7': 0.5703764235087015, 'WEIGHT_8': 0.5598821597012099}
49
              precision    recall  f1-score   support

         LOC       0.72      0.55      0.63      1837
        MISC       0.62      0.48      0.54       922
         ORG       0.34      0.21      0.26      1341
         PER       0.38      0.18      0.24      1842

   micro avg       0.54      0.35      0.43      5942
   macro avg       0.52      0.36      0.42      5942
weighted avg       0.52      0.35      0.41      5942

epoch 49
Transformer

  0%|          | 0/50 [00:00<?, ?it/s]
  2%|▏         | 1/50 [00:05<04:45,  5.82s/it]
  6%|▌         | 3/50 [00:06<01:14,  1.58s/it]
 10%|█         | 5/50 [00:06<00:36,  1.23it/s]
 14%|█▍        | 7/50 [00:06<00:21,  1.97it/s]
 18%|█▊        | 9/50 [00:06<00:14,  2.85it/s]
 22%|██▏       | 11/50 [00:06<00:10,  3.84it/s]
 26%|██▌       | 13/50 [00:06<00:07,  4.87it/s]
 30%|███       | 15/50 [00:07<00:05,  5.98it/s]
 34%|███▍      | 17/50 [00:07<00:04,  7.05it/s]
 38%|███▊      | 19/50 [00:07<00:03,  8.01it/s]
 42%|████▏     | 21/50 [00:07<00:03,  8.83it/s]
 46%|████▌     | 23/50 [00:07<00:02,  9.49it/s]
 50%|█████     | 25/50 [00:07<00:02, 10.02it/s]
 54%|█████▍    | 27/50 [00:08<00:02, 10.41it/s]
 58%|█████▊    | 29/50 [00:08<00:01, 10.69it/s]
 62%|██████▏   | 31/50 [00:08<00:01, 10.91it/s]
 66%|██████▌   | 33/50 [00:08<00:01, 11.07it/s]
 70%|███████   | 35/50 [00:08<00:01, 11.18it/s]
 74%|███████▍  | 37/50 [00:09<00:01, 11.28it/s]
 78%|███████▊  | 39/50 [00:09<00:00, 11.34it/s]
 82%|████████▏ | 41/50 [00:09<00:00, 11.37it/s]
 86%|████████▌ | 43/50 [00:09<00:00, 11.41it/s]
 90%|█████████ | 45/50 [00:09<00:00, 11.44it/s]
 94%|█████████▍| 47/50 [00:09<00:00, 11.44it/s]
 98%|█████████▊| 49/50 [00:10<00:00, 11.44it/s]
100%|██████████| 50/50 [00:15<00:00,  3.15it/s]
[I 2023-12-11 23:03:24,112] Trial 367 finished with value: 0.44460687062754517 and parameters: {'EMBEDDING_DIM': 32, 'HIDDEN_DIM': 511, 'NUM_LAYERS': 1, 'DROPOUT': 0.2246497909509533, 'LR': 0.009127322440573769, 'WEIGHT_0': 0.6917796875150928, 'WEIGHT_1': 0.2019917090066574, 'WEIGHT_2': 0.24383433212958788, 'WEIGHT_3': 0.4435424645590464, 'WEIGHT_4': 0.6312095510579565, 'WEIGHT_5': 0.5046663439171654, 'WEIGHT_6': 0.4119249531843433, 'WEIGHT_7': 0.743650901951441, 'WEIGHT_8': 0.6109824315476219}. Best is trial 282 with value: 0.45463128081401455.
{'EMBEDDING_DIM': 32, 'HIDDEN_DIM': 511, 'NUM_LAYERS': 1, 'DROPOUT': 0.2246497909509533, 'LR': 0.009127322440573769, 'WEIGHT_0': 0.6917796875150928, 'WEIGHT_1': 0.2019917090066574, 'WEIGHT_2': 0.24383433212958788, 'WEIGHT_3': 0.4435424645590464, 'WEIGHT_4': 0.6312095510579565, 'WEIGHT_5': 0.5046663439171654, 'WEIGHT_6': 0.4119249531843433, 'WEIGHT_7': 0.743650901951441, 'WEIGHT_8': 0.6109824315476219}
0
              precision    recall  f1-score   support

         LOC       0.00      0.00      0.00      1837
        MISC       0.00      0.00      0.00       922
         ORG       0.00      0.00      0.00      1341
         PER       0.00      0.00      0.00      1842

   micro avg       0.00      0.00      0.00      5942
   macro avg       0.00      0.00      0.00      5942
weighted avg       0.00      0.00      0.00      5942

{'EMBEDDING_DIM': 32, 'HIDDEN_DIM': 511, 'NUM_LAYERS': 1, 'DROPOUT': 0.2246497909509533, 'LR': 0.009127322440573769, 'WEIGHT_0': 0.6917796875150928, 'WEIGHT_1': 0.2019917090066574, 'WEIGHT_2': 0.24383433212958788, 'WEIGHT_3': 0.4435424645590464, 'WEIGHT_4': 0.6312095510579565, 'WEIGHT_5': 0.5046663439171654, 'WEIGHT_6': 0.4119249531843433, 'WEIGHT_7': 0.743650901951441, 'WEIGHT_8': 0.6109824315476219}
49
              precision    recall  f1-score   support

         LOC       0.78      0.59      0.67      1837
        MISC       0.64      0.48      0.55       922
         ORG       0.44      0.21      0.28      1341
         PER       0.36      0.17      0.23      1842

   micro avg       0.59      0.36      0.44      5942
   macro avg       0.55      0.36      0.43      5942
weighted avg       0.55      0.36      0.43      5942

epoch 49
Transformer

  0%|          | 0/50 [00:00<?, ?it/s]
  2%|▏         | 1/50 [00:05<04:45,  5.83s/it]
  4%|▍         | 2/50 [00:05<01:58,  2.46s/it]
  6%|▌         | 3/50 [00:06<01:05,  1.38s/it]
  8%|▊         | 4/50 [00:06<00:40,  1.13it/s]
 10%|█         | 5/50 [00:06<00:27,  1.65it/s]
 12%|█▏        | 6/50 [00:06<00:19,  2.27it/s]
 14%|█▍        | 7/50 [00:06<00:14,  2.93it/s]
 16%|█▌        | 8/50 [00:06<00:11,  3.60it/s]
 18%|█▊        | 9/50 [00:06<00:09,  4.41it/s]
 20%|██        | 10/50 [00:06<00:07,  5.20it/s]
 22%|██▏       | 11/50 [00:07<00:06,  5.77it/s]
 24%|██▍       | 12/50 [00:07<00:05,  6.43it/s]
 26%|██▌       | 13/50 [00:07<00:05,  6.96it/s]
 28%|██▊       | 14/50 [00:07<00:04,  7.41it/s]
 32%|███▏      | 16/50 [00:07<00:03,  8.80it/s]
 36%|███▌      | 18/50 [00:07<00:03,  9.70it/s]
 40%|████      | 20/50 [00:07<00:02, 10.09it/s]
 44%|████▍     | 22/50 [00:08<00:02, 10.54it/s]
 48%|████▊     | 24/50 [00:08<00:02, 10.84it/s]
 52%|█████▏    | 26/50 [00:08<00:02, 11.02it/s]
 56%|█████▌    | 28/50 [00:08<00:01, 11.16it/s]
 60%|██████    | 30/50 [00:08<00:01, 11.24it/s]
 64%|██████▍   | 32/50 [00:08<00:01, 11.29it/s]
 68%|██████▊   | 34/50 [00:09<00:01, 11.35it/s]
 72%|███████▏  | 36/50 [00:09<00:01, 11.37it/s]
 76%|███████▌  | 38/50 [00:09<00:01, 11.40it/s]
 80%|████████  | 40/50 [00:09<00:00, 11.43it/s]
 84%|████████▍ | 42/50 [00:09<00:00, 11.43it/s]
 88%|████████▊ | 44/50 [00:10<00:00, 11.44it/s]
 92%|█████████▏| 46/50 [00:10<00:00, 11.46it/s]
 96%|█████████▌| 48/50 [00:10<00:00, 11.43it/s]
100%|██████████| 50/50 [00:16<00:00,  1.04it/s]
100%|██████████| 50/50 [00:16<00:00,  3.06it/s]
[I 2023-12-11 23:03:45,974] Trial 368 finished with value: 0.44641552749660857 and parameters: {'EMBEDDING_DIM': 32, 'HIDDEN_DIM': 779, 'NUM_LAYERS': 1, 'DROPOUT': 0.2588270464733466, 'LR': 0.00718192517075845, 'WEIGHT_0': 0.8106786704854636, 'WEIGHT_1': 0.15609599280504827, 'WEIGHT_2': 0.20825430478476673, 'WEIGHT_3': 0.03334475317293645, 'WEIGHT_4': 0.6651214579860445, 'WEIGHT_5': 0.15516856538736803, 'WEIGHT_6': 0.13642672191376043, 'WEIGHT_7': 0.6260875875672345, 'WEIGHT_8': 0.7845291524631944}. Best is trial 282 with value: 0.45463128081401455.
{'EMBEDDING_DIM': 32, 'HIDDEN_DIM': 779, 'NUM_LAYERS': 1, 'DROPOUT': 0.2588270464733466, 'LR': 0.00718192517075845, 'WEIGHT_0': 0.8106786704854636, 'WEIGHT_1': 0.15609599280504827, 'WEIGHT_2': 0.20825430478476673, 'WEIGHT_3': 0.03334475317293645, 'WEIGHT_4': 0.6651214579860445, 'WEIGHT_5': 0.15516856538736803, 'WEIGHT_6': 0.13642672191376043, 'WEIGHT_7': 0.6260875875672345, 'WEIGHT_8': 0.7845291524631944}
0
              precision    recall  f1-score   support

         LOC       0.00      0.00      0.00      1837
        MISC       0.00      0.00      0.00       922
         ORG       0.00      0.00      0.00      1341
         PER       0.00      0.00      0.00      1842

   micro avg       0.00      0.00      0.00      5942
   macro avg       0.00      0.00      0.00      5942
weighted avg       0.00      0.00      0.00      5942

{'EMBEDDING_DIM': 32, 'HIDDEN_DIM': 779, 'NUM_LAYERS': 1, 'DROPOUT': 0.2588270464733466, 'LR': 0.00718192517075845, 'WEIGHT_0': 0.8106786704854636, 'WEIGHT_1': 0.15609599280504827, 'WEIGHT_2': 0.20825430478476673, 'WEIGHT_3': 0.03334475317293645, 'WEIGHT_4': 0.6651214579860445, 'WEIGHT_5': 0.15516856538736803, 'WEIGHT_6': 0.13642672191376043, 'WEIGHT_7': 0.6260875875672345, 'WEIGHT_8': 0.7845291524631944}
49
              precision    recall  f1-score   support

         LOC       0.79      0.56      0.66      1837
        MISC       0.62      0.48      0.54       922
         ORG       0.41      0.24      0.30      1341
         PER       0.41      0.19      0.26      1842

   micro avg       0.59      0.36      0.45      5942
   macro avg       0.56      0.37      0.44      5942
weighted avg       0.56      0.36      0.44      5942

epoch 49
Transformer

  0%|          | 0/50 [00:00<?, ?it/s]
  2%|▏         | 1/50 [00:05<04:47,  5.87s/it]
  6%|▌         | 3/50 [00:06<01:14,  1.59s/it]
 10%|█         | 5/50 [00:06<00:37,  1.22it/s]
 14%|█▍        | 7/50 [00:06<00:22,  1.94it/s]
 18%|█▊        | 9/50 [00:06<00:14,  2.76it/s]
 20%|██        | 10/50 [00:06<00:12,  3.19it/s]
 24%|██▍       | 12/50 [00:06<00:08,  4.39it/s]
 28%|██▊       | 14/50 [00:07<00:06,  5.60it/s]
 32%|███▏      | 16/50 [00:07<00:05,  6.75it/s]
 36%|███▌      | 18/50 [00:07<00:04,  7.79it/s]
 40%|████      | 20/50 [00:07<00:03,  8.66it/s]
 44%|████▍     | 22/50 [00:07<00:02,  9.38it/s]
 48%|████▊     | 24/50 [00:08<00:02,  9.92it/s]
 52%|█████▏    | 26/50 [00:08<00:02, 10.34it/s]
 56%|█████▌    | 28/50 [00:08<00:02, 10.66it/s]
 60%|██████    | 30/50 [00:08<00:01, 10.89it/s]
 64%|██████▍   | 32/50 [00:08<00:01, 11.05it/s]
 68%|██████▊   | 34/50 [00:08<00:01, 11.18it/s]
 72%|███████▏  | 36/50 [00:09<00:01, 11.28it/s]
 76%|███████▌  | 38/50 [00:09<00:01, 11.33it/s]
 80%|████████  | 40/50 [00:09<00:00, 11.37it/s]
 84%|████████▍ | 42/50 [00:09<00:00, 11.41it/s]
 88%|████████▊ | 44/50 [00:09<00:00, 11.41it/s]
 92%|█████████▏| 46/50 [00:09<00:00, 11.43it/s]
 96%|█████████▌| 48/50 [00:10<00:00, 11.44it/s]
100%|██████████| 50/50 [00:15<00:00,  1.06it/s]
100%|██████████| 50/50 [00:15<00:00,  3.13it/s]
[I 2023-12-11 23:04:07,488] Trial 369 finished with value: 0.42977803967786293 and parameters: {'EMBEDDING_DIM': 32, 'HIDDEN_DIM': 945, 'NUM_LAYERS': 1, 'DROPOUT': 0.2794887487639687, 'LR': 0.004311460088083918, 'WEIGHT_0': 0.7672192926231536, 'WEIGHT_1': 0.3099133024533982, 'WEIGHT_2': 0.1488259596087033, 'WEIGHT_3': 0.08085031985290608, 'WEIGHT_4': 0.7738729612428881, 'WEIGHT_5': 0.4815698126389607, 'WEIGHT_6': 0.4986179852745232, 'WEIGHT_7': 0.6529890834367256, 'WEIGHT_8': 0.6166971592466209}. Best is trial 282 with value: 0.45463128081401455.
{'EMBEDDING_DIM': 32, 'HIDDEN_DIM': 945, 'NUM_LAYERS': 1, 'DROPOUT': 0.2794887487639687, 'LR': 0.004311460088083918, 'WEIGHT_0': 0.7672192926231536, 'WEIGHT_1': 0.3099133024533982, 'WEIGHT_2': 0.1488259596087033, 'WEIGHT_3': 0.08085031985290608, 'WEIGHT_4': 0.7738729612428881, 'WEIGHT_5': 0.4815698126389607, 'WEIGHT_6': 0.4986179852745232, 'WEIGHT_7': 0.6529890834367256, 'WEIGHT_8': 0.6166971592466209}
0
              precision    recall  f1-score   support

         LOC       0.00      0.00      0.00      1837
        MISC       0.00      0.00      0.00       922
         ORG       0.00      0.00      0.00      1341
         PER       0.00      0.00      0.00      1842

   micro avg       0.00      0.00      0.00      5942
   macro avg       0.00      0.00      0.00      5942
weighted avg       0.00      0.00      0.00      5942

{'EMBEDDING_DIM': 32, 'HIDDEN_DIM': 945, 'NUM_LAYERS': 1, 'DROPOUT': 0.2794887487639687, 'LR': 0.004311460088083918, 'WEIGHT_0': 0.7672192926231536, 'WEIGHT_1': 0.3099133024533982, 'WEIGHT_2': 0.1488259596087033, 'WEIGHT_3': 0.08085031985290608, 'WEIGHT_4': 0.7738729612428881, 'WEIGHT_5': 0.4815698126389607, 'WEIGHT_6': 0.4986179852745232, 'WEIGHT_7': 0.6529890834367256, 'WEIGHT_8': 0.6166971592466209}
49
              precision    recall  f1-score   support

         LOC       0.73      0.60      0.65      1837
        MISC       0.64      0.45      0.53       922
         ORG       0.36      0.22      0.27      1341
         PER       0.30      0.21      0.25      1842

   micro avg       0.52      0.37      0.43      5942
   macro avg       0.51      0.37      0.43      5942
weighted avg       0.50      0.37      0.42      5942

epoch 49
Transformer

  0%|          | 0/50 [00:00<?, ?it/s]
  2%|▏         | 1/50 [00:05<04:53,  5.98s/it]
  6%|▌         | 3/50 [00:06<01:16,  1.62s/it]
 10%|█         | 5/50 [00:06<00:37,  1.20it/s]
 14%|█▍        | 7/50 [00:06<00:22,  1.92it/s]
 18%|█▊        | 9/50 [00:06<00:14,  2.79it/s]
 22%|██▏       | 11/50 [00:06<00:10,  3.77it/s]
 26%|██▌       | 13/50 [00:07<00:07,  4.78it/s]
 30%|███       | 15/50 [00:07<00:05,  5.85it/s]
 34%|███▍      | 17/50 [00:07<00:04,  6.85it/s]
 38%|███▊      | 19/50 [00:07<00:03,  7.76it/s]
 42%|████▏     | 21/50 [00:07<00:03,  8.51it/s]
 46%|████▌     | 23/50 [00:08<00:02,  9.13it/s]
 50%|█████     | 25/50 [00:08<00:02,  9.64it/s]
 54%|█████▍    | 27/50 [00:08<00:02,  9.97it/s]
 58%|█████▊    | 29/50 [00:08<00:02, 10.25it/s]
 62%|██████▏   | 31/50 [00:08<00:01, 10.43it/s]
 66%|██████▌   | 33/50 [00:08<00:01, 10.55it/s]
 70%|███████   | 35/50 [00:09<00:01, 10.63it/s]
 74%|███████▍  | 37/50 [00:09<00:01, 10.70it/s]
 78%|███████▊  | 39/50 [00:09<00:01, 10.78it/s]
 82%|████████▏ | 41/50 [00:09<00:00, 10.81it/s]
 86%|████████▌ | 43/50 [00:09<00:00, 10.82it/s]
 90%|█████████ | 45/50 [00:10<00:00, 10.88it/s]
 94%|█████████▍| 47/50 [00:10<00:00, 10.88it/s]
 98%|█████████▊| 49/50 [00:10<00:00, 10.91it/s]
100%|██████████| 50/50 [00:16<00:00,  3.07it/s]
