[I 2023-12-11 23:09:30,024] Trial 380 finished with value: 0.36611410556290047 and parameters: {'EMBEDDING_DIM': 16, 'HIDDEN_DIM': 999, 'NUM_LAYERS': 2, 'DROPOUT': 0.06918760079447156, 'LR': 0.007042284533670775, 'WEIGHT_0': 0.8930840901576188, 'WEIGHT_1': 0.12051896234319374, 'WEIGHT_2': 0.20835539740354622, 'WEIGHT_3': 0.2312067993069122, 'WEIGHT_4': 0.8504971741753672, 'WEIGHT_5': 0.4163173561707657, 'WEIGHT_6': 0.33460305877959223, 'WEIGHT_7': 0.5694055943269467, 'WEIGHT_8': 0.974794941245896}. Best is trial 282 with value: 0.45463128081401455.
{'EMBEDDING_DIM': 16, 'HIDDEN_DIM': 999, 'NUM_LAYERS': 2, 'DROPOUT': 0.06918760079447156, 'LR': 0.007042284533670775, 'WEIGHT_0': 0.8930840901576188, 'WEIGHT_1': 0.12051896234319374, 'WEIGHT_2': 0.20835539740354622, 'WEIGHT_3': 0.2312067993069122, 'WEIGHT_4': 0.8504971741753672, 'WEIGHT_5': 0.4163173561707657, 'WEIGHT_6': 0.33460305877959223, 'WEIGHT_7': 0.5694055943269467, 'WEIGHT_8': 0.974794941245896}
0
              precision    recall  f1-score   support

         LOC       0.00      0.00      0.00      1837
        MISC       0.00      0.00      0.00       922
         ORG       0.00      0.00      0.00      1341
         PER       0.00      0.00      0.00      1842

   micro avg       0.00      0.00      0.00      5942
   macro avg       0.00      0.00      0.00      5942
weighted avg       0.00      0.00      0.00      5942

{'EMBEDDING_DIM': 16, 'HIDDEN_DIM': 999, 'NUM_LAYERS': 2, 'DROPOUT': 0.06918760079447156, 'LR': 0.007042284533670775, 'WEIGHT_0': 0.8930840901576188, 'WEIGHT_1': 0.12051896234319374, 'WEIGHT_2': 0.20835539740354622, 'WEIGHT_3': 0.2312067993069122, 'WEIGHT_4': 0.8504971741753672, 'WEIGHT_5': 0.4163173561707657, 'WEIGHT_6': 0.33460305877959223, 'WEIGHT_7': 0.5694055943269467, 'WEIGHT_8': 0.974794941245896}
49
              precision    recall  f1-score   support

         LOC       0.75      0.58      0.66      1837
        MISC       0.47      0.33      0.39       922
         ORG       0.18      0.05      0.08      1341
         PER       0.25      0.19      0.22      1842

   micro avg       0.46      0.30      0.37      5942
   macro avg       0.41      0.29      0.34      5942
weighted avg       0.42      0.30      0.35      5942

epoch 49
Transformer

  0%|          | 0/50 [00:00<?, ?it/s]
  2%|▏         | 1/50 [00:09<07:45,  9.51s/it]
  4%|▍         | 2/50 [00:09<03:14,  4.05s/it]
  6%|▌         | 3/50 [00:09<01:48,  2.31s/it]
  8%|▊         | 4/50 [00:10<01:07,  1.48s/it]
 10%|█         | 5/50 [00:10<00:45,  1.02s/it]
 12%|█▏        | 6/50 [00:10<00:32,  1.35it/s]
 14%|█▍        | 7/50 [00:10<00:24,  1.78it/s]
 16%|█▌        | 8/50 [00:10<00:18,  2.23it/s]
 18%|█▊        | 9/50 [00:11<00:15,  2.70it/s]
 20%|██        | 10/50 [00:11<00:12,  3.14it/s]
 22%|██▏       | 11/50 [00:11<00:11,  3.54it/s]
 24%|██▍       | 12/50 [00:11<00:09,  3.88it/s]
 26%|██▌       | 13/50 [00:11<00:08,  4.16it/s]
 28%|██▊       | 14/50 [00:12<00:08,  4.37it/s]
 30%|███       | 15/50 [00:12<00:07,  4.54it/s]
 32%|███▏      | 16/50 [00:12<00:07,  4.66it/s]
 34%|███▍      | 17/50 [00:12<00:06,  4.75it/s]
 36%|███▌      | 18/50 [00:12<00:06,  4.81it/s]
 38%|███▊      | 19/50 [00:13<00:06,  4.86it/s]
 40%|████      | 20/50 [00:13<00:06,  4.89it/s]
 42%|████▏     | 21/50 [00:13<00:05,  4.92it/s]
 44%|████▍     | 22/50 [00:13<00:05,  4.71it/s]
 46%|████▌     | 23/50 [00:14<00:05,  4.79it/s]
 48%|████▊     | 24/50 [00:14<00:05,  4.84it/s]
 50%|█████     | 25/50 [00:14<00:05,  4.88it/s]
 52%|█████▏    | 26/50 [00:14<00:04,  4.91it/s]
 54%|█████▍    | 27/50 [00:14<00:04,  4.93it/s]
 56%|█████▌    | 28/50 [00:15<00:04,  4.94it/s]
 58%|█████▊    | 29/50 [00:15<00:04,  4.73it/s]
 60%|██████    | 30/50 [00:15<00:04,  4.20it/s]
 62%|██████▏   | 31/50 [00:15<00:05,  3.50it/s]
 64%|██████▍   | 32/50 [00:16<00:06,  2.96it/s]
 66%|██████▌   | 33/50 [00:16<00:06,  2.58it/s]
 68%|██████▊   | 34/50 [00:17<00:06,  2.37it/s]
 70%|███████   | 35/50 [00:17<00:06,  2.23it/s]
 72%|███████▏  | 36/50 [00:18<00:06,  2.11it/s]
 74%|███████▍  | 37/50 [00:19<00:06,  2.00it/s]
 76%|███████▌  | 38/50 [00:19<00:06,  1.93it/s]
 78%|███████▊  | 39/50 [00:20<00:05,  1.88it/s]
 80%|████████  | 40/50 [00:20<00:05,  1.84it/s]
 82%|████████▏ | 41/50 [00:21<00:04,  1.83it/s]
 84%|████████▍ | 42/50 [00:21<00:04,  1.82it/s]
 86%|████████▌ | 43/50 [00:22<00:03,  1.80it/s]
 88%|████████▊ | 44/50 [00:22<00:03,  1.79it/s]
 90%|█████████ | 45/50 [00:23<00:02,  1.79it/s]
 92%|█████████▏| 46/50 [00:24<00:02,  1.80it/s]
 94%|█████████▍| 47/50 [00:24<00:01,  1.80it/s]
 96%|█████████▌| 48/50 [00:25<00:01,  1.80it/s]
 98%|█████████▊| 49/50 [00:25<00:00,  1.79it/s]
100%|██████████| 50/50 [00:35<00:00,  3.40s/it]
100%|██████████| 50/50 [00:35<00:00,  1.40it/s]
[I 2023-12-11 23:10:15,085] Trial 381 finished with value: 0.35852713178294576 and parameters: {'EMBEDDING_DIM': 32, 'HIDDEN_DIM': 818, 'NUM_LAYERS': 3, 'DROPOUT': 0.2710700769941946, 'LR': 0.004444218414778921, 'WEIGHT_0': 0.2140114227267801, 'WEIGHT_1': 0.1649074766472886, 'WEIGHT_2': 0.4812400349466194, 'WEIGHT_3': 0.04638512963838189, 'WEIGHT_4': 0.7793662042646485, 'WEIGHT_5': 0.38970078342606507, 'WEIGHT_6': 0.0005399851565746265, 'WEIGHT_7': 0.4788300404041973, 'WEIGHT_8': 0.570560624751277}. Best is trial 282 with value: 0.45463128081401455.
{'EMBEDDING_DIM': 32, 'HIDDEN_DIM': 818, 'NUM_LAYERS': 3, 'DROPOUT': 0.2710700769941946, 'LR': 0.004444218414778921, 'WEIGHT_0': 0.2140114227267801, 'WEIGHT_1': 0.1649074766472886, 'WEIGHT_2': 0.4812400349466194, 'WEIGHT_3': 0.04638512963838189, 'WEIGHT_4': 0.7793662042646485, 'WEIGHT_5': 0.38970078342606507, 'WEIGHT_6': 0.0005399851565746265, 'WEIGHT_7': 0.4788300404041973, 'WEIGHT_8': 0.570560624751277}
0
              precision    recall  f1-score   support

         LOC       0.00      0.00      0.00      1837
        MISC       0.00      0.00      0.00       922
         ORG       0.00      0.00      0.00      1341
         PER       0.00      0.00      0.00      1842

   micro avg       0.00      0.00      0.00      5942
   macro avg       0.00      0.00      0.00      5942
weighted avg       0.00      0.00      0.00      5942

{'EMBEDDING_DIM': 32, 'HIDDEN_DIM': 818, 'NUM_LAYERS': 3, 'DROPOUT': 0.2710700769941946, 'LR': 0.004444218414778921, 'WEIGHT_0': 0.2140114227267801, 'WEIGHT_1': 0.1649074766472886, 'WEIGHT_2': 0.4812400349466194, 'WEIGHT_3': 0.04638512963838189, 'WEIGHT_4': 0.7793662042646485, 'WEIGHT_5': 0.38970078342606507, 'WEIGHT_6': 0.0005399851565746265, 'WEIGHT_7': 0.4788300404041973, 'WEIGHT_8': 0.570560624751277}
49
              precision    recall  f1-score   support

         LOC       0.76      0.60      0.67      1837
        MISC       0.37      0.46      0.41       922
         ORG       0.49      0.07      0.13      1341
         PER       0.16      0.33      0.22      1842

   micro avg       0.34      0.37      0.36      5942
   macro avg       0.45      0.36      0.36      5942
weighted avg       0.46      0.37      0.37      5942

epoch 49
Transformer

  0%|          | 0/50 [00:00<?, ?it/s]
  2%|▏         | 1/50 [00:05<04:46,  5.84s/it]
  6%|▌         | 3/50 [00:06<01:14,  1.58s/it]
 10%|█         | 5/50 [00:06<00:36,  1.22it/s]
 14%|█▍        | 7/50 [00:06<00:21,  1.96it/s]
 18%|█▊        | 9/50 [00:06<00:14,  2.83it/s]
 22%|██▏       | 11/50 [00:06<00:10,  3.84it/s]
 26%|██▌       | 13/50 [00:06<00:07,  4.90it/s]
 30%|███       | 15/50 [00:07<00:05,  6.00it/s]
 34%|███▍      | 17/50 [00:07<00:04,  7.05it/s]
 38%|███▊      | 19/50 [00:07<00:03,  7.99it/s]
 42%|████▏     | 21/50 [00:07<00:03,  8.80it/s]
 46%|████▌     | 23/50 [00:07<00:02,  9.49it/s]
 50%|█████     | 25/50 [00:07<00:02, 10.01it/s]
 54%|█████▍    | 27/50 [00:08<00:02, 10.39it/s]
 58%|█████▊    | 29/50 [00:08<00:01, 10.68it/s]
 62%|██████▏   | 31/50 [00:08<00:01, 10.89it/s]
 66%|██████▌   | 33/50 [00:08<00:01, 11.07it/s]
 70%|███████   | 35/50 [00:08<00:01, 11.17it/s]
 74%|███████▍  | 37/50 [00:09<00:01, 11.25it/s]
 78%|███████▊  | 39/50 [00:09<00:00, 11.31it/s]
 82%|████████▏ | 41/50 [00:09<00:00, 11.35it/s]
 86%|████████▌ | 43/50 [00:09<00:00, 11.36it/s]
 90%|█████████ | 45/50 [00:09<00:00, 11.39it/s]
 94%|█████████▍| 47/50 [00:09<00:00, 11.40it/s]
 98%|█████████▊| 49/50 [00:10<00:00, 11.37it/s]
100%|██████████| 50/50 [00:15<00:00,  3.13it/s]
[I 2023-12-11 23:10:36,667] Trial 382 finished with value: 0.44328061171048494 and parameters: {'EMBEDDING_DIM': 32, 'HIDDEN_DIM': 701, 'NUM_LAYERS': 1, 'DROPOUT': 0.16861451962656526, 'LR': 0.007442812099833744, 'WEIGHT_0': 0.9992318468839145, 'WEIGHT_1': 0.08906868723378635, 'WEIGHT_2': 0.28670242454988853, 'WEIGHT_3': 0.06463225666222937, 'WEIGHT_4': 0.5735604193077437, 'WEIGHT_5': 0.4581478497974826, 'WEIGHT_6': 0.3906537533590752, 'WEIGHT_7': 0.6616967236428475, 'WEIGHT_8': 0.5131675273181185}. Best is trial 282 with value: 0.45463128081401455.
{'EMBEDDING_DIM': 32, 'HIDDEN_DIM': 701, 'NUM_LAYERS': 1, 'DROPOUT': 0.16861451962656526, 'LR': 0.007442812099833744, 'WEIGHT_0': 0.9992318468839145, 'WEIGHT_1': 0.08906868723378635, 'WEIGHT_2': 0.28670242454988853, 'WEIGHT_3': 0.06463225666222937, 'WEIGHT_4': 0.5735604193077437, 'WEIGHT_5': 0.4581478497974826, 'WEIGHT_6': 0.3906537533590752, 'WEIGHT_7': 0.6616967236428475, 'WEIGHT_8': 0.5131675273181185}
0
              precision    recall  f1-score   support

         LOC       0.00      0.00      0.00      1837
        MISC       0.00      0.00      0.00       922
         ORG       0.00      0.00      0.00      1341
         PER       0.00      0.00      0.00      1842

   micro avg       0.00      0.00      0.00      5942
   macro avg       0.00      0.00      0.00      5942
weighted avg       0.00      0.00      0.00      5942

{'EMBEDDING_DIM': 32, 'HIDDEN_DIM': 701, 'NUM_LAYERS': 1, 'DROPOUT': 0.16861451962656526, 'LR': 0.007442812099833744, 'WEIGHT_0': 0.9992318468839145, 'WEIGHT_1': 0.08906868723378635, 'WEIGHT_2': 0.28670242454988853, 'WEIGHT_3': 0.06463225666222937, 'WEIGHT_4': 0.5735604193077437, 'WEIGHT_5': 0.4581478497974826, 'WEIGHT_6': 0.3906537533590752, 'WEIGHT_7': 0.6616967236428475, 'WEIGHT_8': 0.5131675273181185}
49
              precision    recall  f1-score   support

         LOC       0.77      0.57      0.65      1837
        MISC       0.65      0.47      0.54       922
         ORG       0.41      0.23      0.29      1341
         PER       0.39      0.18      0.25      1842

   micro avg       0.59      0.36      0.44      5942
   macro avg       0.56      0.36      0.44      5942
weighted avg       0.55      0.36      0.43      5942

epoch 49
Transformer

  0%|          | 0/50 [00:00<?, ?it/s]
  2%|▏         | 1/50 [00:05<04:53,  5.99s/it]
  4%|▍         | 2/50 [00:06<02:03,  2.57s/it]
  6%|▌         | 3/50 [00:06<01:09,  1.47s/it]
  8%|▊         | 4/50 [00:06<00:43,  1.05it/s]
 10%|█         | 5/50 [00:06<00:30,  1.49it/s]
 12%|█▏        | 6/50 [00:06<00:21,  2.01it/s]
 14%|█▍        | 7/50 [00:06<00:16,  2.57it/s]
 16%|█▌        | 8/50 [00:07<00:13,  3.15it/s]
 18%|█▊        | 9/50 [00:07<00:11,  3.72it/s]
 20%|██        | 10/50 [00:07<00:09,  4.23it/s]
 22%|██▏       | 11/50 [00:07<00:08,  4.67it/s]
 24%|██▍       | 12/50 [00:07<00:07,  5.03it/s]
 26%|██▌       | 13/50 [00:07<00:06,  5.30it/s]
 28%|██▊       | 14/50 [00:08<00:06,  5.52it/s]
 30%|███       | 15/50 [00:08<00:06,  5.68it/s]
 32%|███▏      | 16/50 [00:08<00:05,  5.79it/s]
 34%|███▍      | 17/50 [00:08<00:05,  5.86it/s]
 36%|███▌      | 18/50 [00:08<00:05,  5.91it/s]
 38%|███▊      | 19/50 [00:08<00:05,  5.95it/s]
 40%|████      | 20/50 [00:09<00:05,  5.97it/s]
 42%|████▏     | 21/50 [00:09<00:04,  5.99it/s]
 44%|████▍     | 22/50 [00:09<00:04,  6.00it/s]
 46%|████▌     | 23/50 [00:09<00:04,  6.01it/s]
 48%|████▊     | 24/50 [00:09<00:04,  5.98it/s]
 50%|█████     | 25/50 [00:09<00:04,  5.91it/s]
 52%|█████▏    | 26/50 [00:10<00:04,  5.80it/s]
 54%|█████▍    | 27/50 [00:10<00:04,  5.74it/s]
 56%|█████▌    | 28/50 [00:10<00:03,  5.68it/s]
 58%|█████▊    | 29/50 [00:10<00:03,  5.66it/s]
 60%|██████    | 30/50 [00:10<00:03,  5.66it/s]
 62%|██████▏   | 31/50 [00:11<00:03,  5.76it/s]
 64%|██████▍   | 32/50 [00:11<00:03,  5.84it/s]
 66%|██████▌   | 33/50 [00:11<00:02,  5.89it/s]
 68%|██████▊   | 34/50 [00:11<00:02,  5.92it/s]
 70%|███████   | 35/50 [00:11<00:02,  5.95it/s]
 72%|███████▏  | 36/50 [00:11<00:02,  6.00it/s]
 74%|███████▍  | 37/50 [00:12<00:02,  6.03it/s]
 76%|███████▌  | 38/50 [00:12<00:01,  6.06it/s]
 78%|███████▊  | 39/50 [00:12<00:01,  6.07it/s]
 80%|████████  | 40/50 [00:12<00:01,  6.08it/s]
 82%|████████▏ | 41/50 [00:12<00:01,  6.09it/s]
 84%|████████▍ | 42/50 [00:12<00:01,  6.10it/s]
 86%|████████▌ | 43/50 [00:13<00:01,  6.10it/s]
 88%|████████▊ | 44/50 [00:13<00:00,  6.10it/s]
 90%|█████████ | 45/50 [00:13<00:00,  6.11it/s]
 92%|█████████▏| 46/50 [00:13<00:00,  6.09it/s]
 94%|█████████▍| 47/50 [00:13<00:00,  6.09it/s]
 96%|█████████▌| 48/50 [00:13<00:00,  6.09it/s]
 98%|█████████▊| 49/50 [00:13<00:00,  6.09it/s]
100%|██████████| 50/50 [00:19<00:00,  1.90s/it]
100%|██████████| 50/50 [00:19<00:00,  2.51it/s]
[I 2023-12-11 23:11:02,158] Trial 383 finished with value: 0.37132604237867395 and parameters: {'EMBEDDING_DIM': 256, 'HIDDEN_DIM': 378, 'NUM_LAYERS': 1, 'DROPOUT': 0.22702172393311074, 'LR': 0.005841926827900669, 'WEIGHT_0': 0.9673963508941329, 'WEIGHT_1': 0.3774675832482809, 'WEIGHT_2': 0.1775825247284847, 'WEIGHT_3': 0.1532053852141773, 'WEIGHT_4': 0.9289292361058878, 'WEIGHT_5': 0.4728537206047943, 'WEIGHT_6': 0.34929659823326975, 'WEIGHT_7': 0.713489733409787, 'WEIGHT_8': 0.9434002746173984}. Best is trial 282 with value: 0.45463128081401455.
{'EMBEDDING_DIM': 256, 'HIDDEN_DIM': 378, 'NUM_LAYERS': 1, 'DROPOUT': 0.22702172393311074, 'LR': 0.005841926827900669, 'WEIGHT_0': 0.9673963508941329, 'WEIGHT_1': 0.3774675832482809, 'WEIGHT_2': 0.1775825247284847, 'WEIGHT_3': 0.1532053852141773, 'WEIGHT_4': 0.9289292361058878, 'WEIGHT_5': 0.4728537206047943, 'WEIGHT_6': 0.34929659823326975, 'WEIGHT_7': 0.713489733409787, 'WEIGHT_8': 0.9434002746173984}
0
              precision    recall  f1-score   support

         LOC       0.00      0.00      0.00      1837
        MISC       0.00      0.00      0.00       922
         ORG       0.00      0.00      0.00      1341
         PER       0.00      0.00      0.00      1842

   micro avg       0.00      0.00      0.00      5942
   macro avg       0.00      0.00      0.00      5942
weighted avg       0.00      0.00      0.00      5942

{'EMBEDDING_DIM': 256, 'HIDDEN_DIM': 378, 'NUM_LAYERS': 1, 'DROPOUT': 0.22702172393311074, 'LR': 0.005841926827900669, 'WEIGHT_0': 0.9673963508941329, 'WEIGHT_1': 0.3774675832482809, 'WEIGHT_2': 0.1775825247284847, 'WEIGHT_3': 0.1532053852141773, 'WEIGHT_4': 0.9289292361058878, 'WEIGHT_5': 0.4728537206047943, 'WEIGHT_6': 0.34929659823326975, 'WEIGHT_7': 0.713489733409787, 'WEIGHT_8': 0.9434002746173984}
49
              precision    recall  f1-score   support

         LOC       0.52      0.57      0.55      1837
        MISC       0.55      0.43      0.48       922
         ORG       0.33      0.23      0.27      1341
         PER       0.20      0.22      0.21      1842

   micro avg       0.38      0.37      0.37      5942
   macro avg       0.40      0.37      0.38      5942
weighted avg       0.38      0.37      0.37      5942

epoch 49
Transformer

  0%|          | 0/50 [00:00<?, ?it/s]
  2%|▏         | 1/50 [00:06<05:00,  6.13s/it]
  6%|▌         | 3/50 [00:06<01:17,  1.66s/it]
 10%|█         | 5/50 [00:06<00:38,  1.17it/s]
 14%|█▍        | 7/50 [00:06<00:22,  1.89it/s]
 16%|█▌        | 8/50 [00:06<00:18,  2.32it/s]
 20%|██        | 10/50 [00:06<00:11,  3.39it/s]
 24%|██▍       | 12/50 [00:07<00:08,  4.51it/s]
 28%|██▊       | 14/50 [00:07<00:06,  5.63it/s]
 32%|███▏      | 16/50 [00:07<00:05,  6.68it/s]
 36%|███▌      | 18/50 [00:07<00:04,  7.60it/s]
 40%|████      | 20/50 [00:07<00:03,  8.40it/s]
 44%|████▍     | 22/50 [00:08<00:03,  9.03it/s]
 48%|████▊     | 24/50 [00:08<00:02,  9.22it/s]
 52%|█████▏    | 26/50 [00:08<00:02,  9.79it/s]
 56%|█████▌    | 28/50 [00:08<00:02, 10.23it/s]
 60%|██████    | 30/50 [00:08<00:01, 10.56it/s]
 64%|██████▍   | 32/50 [00:08<00:01, 10.81it/s]
 68%|██████▊   | 34/50 [00:09<00:01, 10.97it/s]
 72%|███████▏  | 36/50 [00:09<00:01, 11.10it/s]
 76%|███████▌  | 38/50 [00:09<00:01, 11.18it/s]
 80%|████████  | 40/50 [00:09<00:00, 11.23it/s]
 84%|████████▍ | 42/50 [00:09<00:00, 11.27it/s]
 88%|████████▊ | 44/50 [00:10<00:00, 11.32it/s]
 92%|█████████▏| 46/50 [00:10<00:00, 11.32it/s]
 96%|█████████▌| 48/50 [00:10<00:00, 11.33it/s]
100%|██████████| 50/50 [00:16<00:00,  1.05it/s]
100%|██████████| 50/50 [00:16<00:00,  3.07it/s]
[I 2023-12-11 23:11:24,071] Trial 384 finished with value: 0.43196234908942094 and parameters: {'EMBEDDING_DIM': 32, 'HIDDEN_DIM': 588, 'NUM_LAYERS': 1, 'DROPOUT': 0.2073406032056669, 'LR': 0.0068040523180704394, 'WEIGHT_0': 0.9142992749724876, 'WEIGHT_1': 0.2673462409620713, 'WEIGHT_2': 0.24416791559449252, 'WEIGHT_3': 0.44786506769079815, 'WEIGHT_4': 0.905062944295948, 'WEIGHT_5': 0.4318721777222229, 'WEIGHT_6': 0.47199664310363443, 'WEIGHT_7': 0.6103451571941142, 'WEIGHT_8': 0.9014093785224989}. Best is trial 282 with value: 0.45463128081401455.
{'EMBEDDING_DIM': 32, 'HIDDEN_DIM': 588, 'NUM_LAYERS': 1, 'DROPOUT': 0.2073406032056669, 'LR': 0.0068040523180704394, 'WEIGHT_0': 0.9142992749724876, 'WEIGHT_1': 0.2673462409620713, 'WEIGHT_2': 0.24416791559449252, 'WEIGHT_3': 0.44786506769079815, 'WEIGHT_4': 0.905062944295948, 'WEIGHT_5': 0.4318721777222229, 'WEIGHT_6': 0.47199664310363443, 'WEIGHT_7': 0.6103451571941142, 'WEIGHT_8': 0.9014093785224989}
0
              precision    recall  f1-score   support

         LOC       0.00      0.00      0.00      1837
        MISC       0.00      0.00      0.00       922
         ORG       0.00      0.00      0.00      1341
         PER       0.00      0.00      0.00      1842

   micro avg       0.00      0.00      0.00      5942
   macro avg       0.00      0.00      0.00      5942
weighted avg       0.00      0.00      0.00      5942

{'EMBEDDING_DIM': 32, 'HIDDEN_DIM': 588, 'NUM_LAYERS': 1, 'DROPOUT': 0.2073406032056669, 'LR': 0.0068040523180704394, 'WEIGHT_0': 0.9142992749724876, 'WEIGHT_1': 0.2673462409620713, 'WEIGHT_2': 0.24416791559449252, 'WEIGHT_3': 0.44786506769079815, 'WEIGHT_4': 0.905062944295948, 'WEIGHT_5': 0.4318721777222229, 'WEIGHT_6': 0.47199664310363443, 'WEIGHT_7': 0.6103451571941142, 'WEIGHT_8': 0.9014093785224989}
49
              precision    recall  f1-score   support

         LOC       0.79      0.58      0.67      1837
        MISC       0.65      0.46      0.54       922
         ORG       0.38      0.22      0.28      1341
         PER       0.31      0.17      0.22      1842

   micro avg       0.55      0.36      0.43      5942
   macro avg       0.53      0.36      0.43      5942
weighted avg       0.52      0.36      0.42      5942

epoch 49
Transformer

  0%|          | 0/50 [00:00<?, ?it/s]
  2%|▏         | 1/50 [00:05<04:47,  5.87s/it]
  6%|▌         | 3/50 [00:06<01:14,  1.59s/it]
 10%|█         | 5/50 [00:06<00:36,  1.22it/s]
 14%|█▍        | 7/50 [00:06<00:22,  1.95it/s]
 16%|█▌        | 8/50 [00:06<00:17,  2.39it/s]
 20%|██        | 10/50 [00:06<00:11,  3.48it/s]
 24%|██▍       | 12/50 [00:06<00:08,  4.49it/s]
 26%|██▌       | 13/50 [00:07<00:07,  4.92it/s]
 30%|███       | 15/50 [00:07<00:05,  6.25it/s]
 34%|███▍      | 17/50 [00:07<00:04,  7.41it/s]
 38%|███▊      | 19/50 [00:07<00:03,  8.39it/s]
 42%|████▏     | 21/50 [00:07<00:03,  9.17it/s]
 46%|████▌     | 23/50 [00:07<00:02,  9.75it/s]
 50%|█████     | 25/50 [00:08<00:02, 10.21it/s]
 54%|█████▍    | 27/50 [00:08<00:02, 10.54it/s]
 58%|█████▊    | 29/50 [00:08<00:01, 10.76it/s]
 62%|██████▏   | 31/50 [00:08<00:01, 10.94it/s]
 66%|██████▌   | 33/50 [00:08<00:01, 11.07it/s]
 70%|███████   | 35/50 [00:08<00:01, 11.16it/s]
 74%|███████▍  | 37/50 [00:09<00:01, 11.23it/s]
 78%|███████▊  | 39/50 [00:09<00:00, 11.27it/s]
 82%|████████▏ | 41/50 [00:09<00:00, 11.29it/s]
 86%|████████▌ | 43/50 [00:09<00:00, 11.32it/s]
 90%|█████████ | 45/50 [00:09<00:00, 11.34it/s]
 94%|█████████▍| 47/50 [00:10<00:00, 11.33it/s]
 98%|█████████▊| 49/50 [00:10<00:00, 11.35it/s]
100%|██████████| 50/50 [00:16<00:00,  3.11it/s]
