[I 2023-12-11 21:08:57,328] Trial 148 finished with value: 0.423206106870229 and parameters: {'EMBEDDING_DIM': 32, 'HIDDEN_DIM': 152, 'NUM_LAYERS': 1, 'DROPOUT': 0.06636805453342112, 'LR': 0.008274882530687809, 'WEIGHT_0': 0.8738565244469094, 'WEIGHT_1': 0.06678001999961636, 'WEIGHT_2': 0.49082102440806785, 'WEIGHT_3': 0.09324155004345001, 'WEIGHT_4': 0.8087253748583615, 'WEIGHT_5': 0.39562138333536206, 'WEIGHT_6': 0.10375931096226018, 'WEIGHT_7': 0.9146236530561527, 'WEIGHT_8': 0.2951425585370839}. Best is trial 42 with value: 0.44962374581939796.
{'EMBEDDING_DIM': 32, 'HIDDEN_DIM': 152, 'NUM_LAYERS': 1, 'DROPOUT': 0.06636805453342112, 'LR': 0.008274882530687809, 'WEIGHT_0': 0.8738565244469094, 'WEIGHT_1': 0.06678001999961636, 'WEIGHT_2': 0.49082102440806785, 'WEIGHT_3': 0.09324155004345001, 'WEIGHT_4': 0.8087253748583615, 'WEIGHT_5': 0.39562138333536206, 'WEIGHT_6': 0.10375931096226018, 'WEIGHT_7': 0.9146236530561527, 'WEIGHT_8': 0.2951425585370839}
0
              precision    recall  f1-score   support

         LOC       0.00      0.00      0.00      1837
        MISC       0.00      0.00      0.00       922
         ORG       0.00      0.00      0.00      1341
         PER       0.00      0.00      0.00      1842

   micro avg       0.00      0.00      0.00      5942
   macro avg       0.00      0.00      0.00      5942
weighted avg       0.00      0.00      0.00      5942

{'EMBEDDING_DIM': 32, 'HIDDEN_DIM': 152, 'NUM_LAYERS': 1, 'DROPOUT': 0.06636805453342112, 'LR': 0.008274882530687809, 'WEIGHT_0': 0.8738565244469094, 'WEIGHT_1': 0.06678001999961636, 'WEIGHT_2': 0.49082102440806785, 'WEIGHT_3': 0.09324155004345001, 'WEIGHT_4': 0.8087253748583615, 'WEIGHT_5': 0.39562138333536206, 'WEIGHT_6': 0.10375931096226018, 'WEIGHT_7': 0.9146236530561527, 'WEIGHT_8': 0.2951425585370839}
49
              precision    recall  f1-score   support

         LOC       0.71      0.56      0.63      1837
        MISC       0.56      0.48      0.52       922
         ORG       0.41      0.21      0.28      1341
         PER       0.34      0.17      0.23      1842

   micro avg       0.54      0.35      0.42      5942
   macro avg       0.50      0.36      0.41      5942
weighted avg       0.50      0.35      0.41      5942

epoch 49
Transformer

  0%|          | 0/50 [00:00<?, ?it/s]
  2%|▏         | 1/50 [00:07<05:57,  7.29s/it]
  4%|▍         | 2/50 [00:07<02:27,  3.07s/it]
  6%|▌         | 3/50 [00:07<01:20,  1.72s/it]
  8%|▊         | 4/50 [00:07<00:49,  1.08s/it]
 10%|█         | 5/50 [00:07<00:32,  1.37it/s]
 12%|█▏        | 6/50 [00:07<00:22,  1.92it/s]
 14%|█▍        | 7/50 [00:07<00:16,  2.59it/s]
 16%|█▌        | 8/50 [00:08<00:12,  3.35it/s]
 18%|█▊        | 9/50 [00:08<00:09,  4.15it/s]
 20%|██        | 10/50 [00:08<00:08,  4.99it/s]
 22%|██▏       | 11/50 [00:08<00:06,  5.79it/s]
 24%|██▍       | 12/50 [00:08<00:05,  6.40it/s]
 26%|██▌       | 13/50 [00:08<00:05,  6.85it/s]
 28%|██▊       | 14/50 [00:08<00:04,  7.41it/s]
 30%|███       | 15/50 [00:08<00:04,  7.87it/s]
 32%|███▏      | 16/50 [00:08<00:04,  8.22it/s]
 34%|███▍      | 17/50 [00:09<00:03,  8.47it/s]
 36%|███▌      | 18/50 [00:09<00:03,  8.65it/s]
 38%|███▊      | 19/50 [00:09<00:03,  8.80it/s]
 40%|████      | 20/50 [00:09<00:03,  8.91it/s]
 42%|████▏     | 21/50 [00:09<00:03,  8.98it/s]
 44%|████▍     | 22/50 [00:09<00:03,  9.01it/s]
 46%|████▌     | 23/50 [00:09<00:02,  9.05it/s]
 48%|████▊     | 24/50 [00:09<00:02,  9.09it/s]
 50%|█████     | 25/50 [00:09<00:02,  9.11it/s]
 52%|█████▏    | 26/50 [00:10<00:02,  9.11it/s]
 54%|█████▍    | 27/50 [00:10<00:02,  9.09it/s]
 56%|█████▌    | 28/50 [00:10<00:02,  9.11it/s]
 58%|█████▊    | 29/50 [00:10<00:02,  9.13it/s]
 60%|██████    | 30/50 [00:10<00:02,  9.12it/s]
 62%|██████▏   | 31/50 [00:10<00:02,  9.11it/s]
 64%|██████▍   | 32/50 [00:10<00:01,  9.12it/s]
 66%|██████▌   | 33/50 [00:10<00:01,  9.14it/s]
 68%|██████▊   | 34/50 [00:10<00:01,  9.14it/s]
 70%|███████   | 35/50 [00:11<00:01,  9.15it/s]
 72%|███████▏  | 36/50 [00:11<00:01,  9.13it/s]
 74%|███████▍  | 37/50 [00:11<00:01,  9.14it/s]
 76%|███████▌  | 38/50 [00:11<00:01,  9.14it/s]
 78%|███████▊  | 39/50 [00:11<00:01,  9.14it/s]
 80%|████████  | 40/50 [00:11<00:01,  9.14it/s]
 82%|████████▏ | 41/50 [00:11<00:00,  9.13it/s]
 84%|████████▍ | 42/50 [00:11<00:00,  9.14it/s]
 86%|████████▌ | 43/50 [00:11<00:00,  9.14it/s]
 88%|████████▊ | 44/50 [00:12<00:00,  9.13it/s]
 90%|█████████ | 45/50 [00:12<00:00,  9.15it/s]
 92%|█████████▏| 46/50 [00:12<00:00,  9.14it/s]
 94%|█████████▍| 47/50 [00:12<00:00,  9.14it/s]
 96%|█████████▌| 48/50 [00:12<00:00,  9.14it/s]
 98%|█████████▊| 49/50 [00:12<00:00,  9.15it/s]
100%|██████████| 50/50 [00:19<00:00,  2.25s/it]
100%|██████████| 50/50 [00:19<00:00,  2.52it/s]
[I 2023-12-11 21:09:24,176] Trial 149 finished with value: 0.441207075962539 and parameters: {'EMBEDDING_DIM': 32, 'HIDDEN_DIM': 455, 'NUM_LAYERS': 1, 'DROPOUT': 0.10436202043842535, 'LR': 0.008042233783766704, 'WEIGHT_0': 0.853363816381872, 'WEIGHT_1': 0.10491663964119177, 'WEIGHT_2': 0.3994690703351016, 'WEIGHT_3': 0.18554546250010429, 'WEIGHT_4': 0.8543428682709209, 'WEIGHT_5': 0.3757987739549649, 'WEIGHT_6': 0.1494573029397477, 'WEIGHT_7': 0.8331544307659502, 'WEIGHT_8': 0.24516931569091033}. Best is trial 42 with value: 0.44962374581939796.
{'EMBEDDING_DIM': 32, 'HIDDEN_DIM': 455, 'NUM_LAYERS': 1, 'DROPOUT': 0.10436202043842535, 'LR': 0.008042233783766704, 'WEIGHT_0': 0.853363816381872, 'WEIGHT_1': 0.10491663964119177, 'WEIGHT_2': 0.3994690703351016, 'WEIGHT_3': 0.18554546250010429, 'WEIGHT_4': 0.8543428682709209, 'WEIGHT_5': 0.3757987739549649, 'WEIGHT_6': 0.1494573029397477, 'WEIGHT_7': 0.8331544307659502, 'WEIGHT_8': 0.24516931569091033}
0
              precision    recall  f1-score   support

         LOC       0.00      0.00      0.00      1837
        MISC       0.00      0.00      0.00       922
         ORG       0.00      0.00      0.00      1341
         PER       0.00      0.00      0.00      1842

   micro avg       0.00      0.00      0.00      5942
   macro avg       0.00      0.00      0.00      5942
weighted avg       0.00      0.00      0.00      5942

{'EMBEDDING_DIM': 32, 'HIDDEN_DIM': 455, 'NUM_LAYERS': 1, 'DROPOUT': 0.10436202043842535, 'LR': 0.008042233783766704, 'WEIGHT_0': 0.853363816381872, 'WEIGHT_1': 0.10491663964119177, 'WEIGHT_2': 0.3994690703351016, 'WEIGHT_3': 0.18554546250010429, 'WEIGHT_4': 0.8543428682709209, 'WEIGHT_5': 0.3757987739549649, 'WEIGHT_6': 0.1494573029397477, 'WEIGHT_7': 0.8331544307659502, 'WEIGHT_8': 0.24516931569091033}
49
              precision    recall  f1-score   support

         LOC       0.76      0.57      0.65      1837
        MISC       0.64      0.47      0.54       922
         ORG       0.43      0.21      0.29      1341
         PER       0.37      0.19      0.25      1842

   micro avg       0.58      0.36      0.44      5942
   macro avg       0.55      0.36      0.43      5942
weighted avg       0.55      0.36      0.43      5942

epoch 49
Transformer

  0%|          | 0/50 [00:00<?, ?it/s]
  2%|▏         | 1/50 [00:07<06:02,  7.41s/it]
  4%|▍         | 2/50 [00:07<02:31,  3.15s/it]
  6%|▌         | 3/50 [00:07<01:23,  1.78s/it]
  8%|▊         | 4/50 [00:07<00:52,  1.14s/it]
 10%|█         | 5/50 [00:08<00:35,  1.26it/s]
 12%|█▏        | 6/50 [00:08<00:25,  1.71it/s]
 14%|█▍        | 7/50 [00:08<00:19,  2.17it/s]
 16%|█▌        | 8/50 [00:08<00:16,  2.62it/s]
 18%|█▊        | 9/50 [00:08<00:13,  3.01it/s]
 20%|██        | 10/50 [00:09<00:11,  3.35it/s]
 22%|██▏       | 11/50 [00:09<00:10,  3.62it/s]
 24%|██▍       | 12/50 [00:09<00:09,  3.82it/s]
 26%|██▌       | 13/50 [00:09<00:09,  3.98it/s]
 28%|██▊       | 14/50 [00:10<00:08,  4.10it/s]
 30%|███       | 15/50 [00:10<00:08,  4.20it/s]
 32%|███▏      | 16/50 [00:10<00:07,  4.27it/s]
 34%|███▍      | 17/50 [00:10<00:07,  4.30it/s]
 36%|███▌      | 18/50 [00:10<00:07,  4.35it/s]
 38%|███▊      | 19/50 [00:11<00:07,  4.37it/s]
 40%|████      | 20/50 [00:11<00:06,  4.39it/s]
 42%|████▏     | 21/50 [00:11<00:06,  4.41it/s]
 44%|████▍     | 22/50 [00:11<00:06,  4.40it/s]
 46%|████▌     | 23/50 [00:12<00:06,  4.41it/s]
 48%|████▊     | 24/50 [00:12<00:05,  4.42it/s]
 50%|█████     | 25/50 [00:12<00:05,  4.43it/s]
 52%|█████▏    | 26/50 [00:12<00:05,  4.42it/s]
 54%|█████▍    | 27/50 [00:12<00:05,  4.43it/s]
 56%|█████▌    | 28/50 [00:13<00:04,  4.44it/s]
 58%|█████▊    | 29/50 [00:13<00:04,  4.44it/s]
 60%|██████    | 30/50 [00:13<00:04,  4.44it/s]
 62%|██████▏   | 31/50 [00:13<00:04,  4.44it/s]
 64%|██████▍   | 32/50 [00:14<00:04,  4.43it/s]
 66%|██████▌   | 33/50 [00:14<00:03,  4.44it/s]
 68%|██████▊   | 34/50 [00:14<00:03,  4.44it/s]
 70%|███████   | 35/50 [00:14<00:03,  4.43it/s]
 72%|███████▏  | 36/50 [00:14<00:03,  4.44it/s]
 74%|███████▍  | 37/50 [00:15<00:02,  4.44it/s]
 76%|███████▌  | 38/50 [00:15<00:02,  4.46it/s]
 78%|███████▊  | 39/50 [00:15<00:02,  4.95it/s]
 80%|████████  | 40/50 [00:15<00:01,  5.36it/s]
 82%|████████▏ | 41/50 [00:15<00:01,  5.69it/s]
 84%|████████▍ | 42/50 [00:16<00:01,  5.95it/s]
 86%|████████▌ | 43/50 [00:16<00:01,  6.14it/s]
 88%|████████▊ | 44/50 [00:16<00:00,  6.28it/s]
 90%|█████████ | 45/50 [00:16<00:00,  6.42it/s]
 92%|█████████▏| 46/50 [00:16<00:00,  6.54it/s]
 94%|█████████▍| 47/50 [00:16<00:00,  6.63it/s]
 96%|█████████▌| 48/50 [00:16<00:00,  6.69it/s]
 98%|█████████▊| 49/50 [00:17<00:00,  6.58it/s]
100%|██████████| 50/50 [00:22<00:00,  1.87s/it]
100%|██████████| 50/50 [00:22<00:00,  2.18it/s]
[I 2023-12-11 21:09:52,654] Trial 150 finished with value: 0.4254497408273199 and parameters: {'EMBEDDING_DIM': 32, 'HIDDEN_DIM': 3306, 'NUM_LAYERS': 1, 'DROPOUT': 0.09928056018589876, 'LR': 0.0077721607228354375, 'WEIGHT_0': 0.833024433585766, 'WEIGHT_1': 0.10166585183615176, 'WEIGHT_2': 0.45085157234953055, 'WEIGHT_3': 0.15559823534910314, 'WEIGHT_4': 0.7896237223210675, 'WEIGHT_5': 0.3776531351376067, 'WEIGHT_6': 0.19743402450340725, 'WEIGHT_7': 0.8297537592688664, 'WEIGHT_8': 0.2464514910016219}. Best is trial 42 with value: 0.44962374581939796.
{'EMBEDDING_DIM': 32, 'HIDDEN_DIM': 3306, 'NUM_LAYERS': 1, 'DROPOUT': 0.09928056018589876, 'LR': 0.0077721607228354375, 'WEIGHT_0': 0.833024433585766, 'WEIGHT_1': 0.10166585183615176, 'WEIGHT_2': 0.45085157234953055, 'WEIGHT_3': 0.15559823534910314, 'WEIGHT_4': 0.7896237223210675, 'WEIGHT_5': 0.3776531351376067, 'WEIGHT_6': 0.19743402450340725, 'WEIGHT_7': 0.8297537592688664, 'WEIGHT_8': 0.2464514910016219}
0
              precision    recall  f1-score   support

         LOC       0.00      0.00      0.00      1837
        MISC       0.00      0.00      0.00       922
         ORG       0.00      0.00      0.00      1341
         PER       0.00      0.00      0.00      1842

   micro avg       0.00      0.00      0.00      5942
   macro avg       0.00      0.00      0.00      5942
weighted avg       0.00      0.00      0.00      5942

{'EMBEDDING_DIM': 32, 'HIDDEN_DIM': 3306, 'NUM_LAYERS': 1, 'DROPOUT': 0.09928056018589876, 'LR': 0.0077721607228354375, 'WEIGHT_0': 0.833024433585766, 'WEIGHT_1': 0.10166585183615176, 'WEIGHT_2': 0.45085157234953055, 'WEIGHT_3': 0.15559823534910314, 'WEIGHT_4': 0.7896237223210675, 'WEIGHT_5': 0.3776531351376067, 'WEIGHT_6': 0.19743402450340725, 'WEIGHT_7': 0.8297537592688664, 'WEIGHT_8': 0.2464514910016219}
49
              precision    recall  f1-score   support

         LOC       0.74      0.57      0.64      1837
        MISC       0.52      0.48      0.50       922
         ORG       0.39      0.21      0.27      1341
         PER       0.37      0.18      0.24      1842

   micro avg       0.54      0.35      0.43      5942
   macro avg       0.50      0.36      0.41      5942
weighted avg       0.51      0.35      0.41      5942

epoch 49
Transformer

  0%|          | 0/50 [00:00<?, ?it/s]
  2%|▏         | 1/50 [00:07<06:08,  7.53s/it]
  4%|▍         | 2/50 [00:07<02:32,  3.18s/it]
  6%|▌         | 3/50 [00:07<01:23,  1.78s/it]
  8%|▊         | 4/50 [00:07<00:51,  1.12s/it]
 10%|█         | 5/50 [00:07<00:34,  1.32it/s]
 12%|█▏        | 6/50 [00:08<00:23,  1.86it/s]
 14%|█▍        | 7/50 [00:08<00:17,  2.51it/s]
 16%|█▌        | 8/50 [00:08<00:12,  3.26it/s]
 18%|█▊        | 9/50 [00:08<00:10,  4.09it/s]
 20%|██        | 10/50 [00:08<00:08,  4.93it/s]
 22%|██▏       | 11/50 [00:08<00:06,  5.73it/s]
 24%|██▍       | 12/50 [00:08<00:05,  6.46it/s]
 26%|██▌       | 13/50 [00:08<00:05,  7.10it/s]
 28%|██▊       | 14/50 [00:08<00:04,  7.61it/s]
 30%|███       | 15/50 [00:09<00:04,  7.99it/s]
 32%|███▏      | 16/50 [00:09<00:04,  8.29it/s]
 34%|███▍      | 17/50 [00:09<00:03,  8.54it/s]
 36%|███▌      | 18/50 [00:09<00:03,  8.72it/s]
 38%|███▊      | 19/50 [00:09<00:03,  8.84it/s]
 40%|████      | 20/50 [00:09<00:03,  8.92it/s]
 42%|████▏     | 21/50 [00:09<00:03,  8.99it/s]
 44%|████▍     | 22/50 [00:09<00:03,  9.05it/s]
 46%|████▌     | 23/50 [00:09<00:03,  8.80it/s]
 48%|████▊     | 24/50 [00:10<00:03,  8.32it/s]
 50%|█████     | 25/50 [00:10<00:03,  7.78it/s]
 52%|█████▏    | 26/50 [00:10<00:03,  7.27it/s]
 54%|█████▍    | 27/50 [00:10<00:03,  6.88it/s]
 56%|█████▌    | 28/50 [00:10<00:03,  6.49it/s]
 58%|█████▊    | 29/50 [00:10<00:03,  6.06it/s]
 60%|██████    | 30/50 [00:11<00:03,  5.65it/s]
 62%|██████▏   | 31/50 [00:11<00:03,  5.39it/s]
 64%|██████▍   | 32/50 [00:11<00:03,  5.23it/s]
 66%|██████▌   | 33/50 [00:11<00:03,  5.08it/s]
 68%|██████▊   | 34/50 [00:12<00:03,  4.80it/s]
 70%|███████   | 35/50 [00:12<00:02,  5.54it/s]
 72%|███████▏  | 36/50 [00:12<00:02,  6.21it/s]
 74%|███████▍  | 37/50 [00:12<00:01,  6.79it/s]
 76%|███████▌  | 38/50 [00:12<00:01,  7.26it/s]
 78%|███████▊  | 39/50 [00:12<00:01,  7.63it/s]
 80%|████████  | 40/50 [00:12<00:01,  7.91it/s]
 82%|████████▏ | 41/50 [00:12<00:01,  8.13it/s]
 84%|████████▍ | 42/50 [00:12<00:00,  8.28it/s]
 88%|████████▊ | 44/50 [00:13<00:00,  9.42it/s]
 92%|█████████▏| 46/50 [00:13<00:00, 10.14it/s]
 96%|█████████▌| 48/50 [00:13<00:00, 10.55it/s]
100%|██████████| 50/50 [00:19<00:00,  1.07s/it]
100%|██████████| 50/50 [00:19<00:00,  2.58it/s]
[I 2023-12-11 21:10:17,628] Trial 151 finished with value: 0.43190337359433567 and parameters: {'EMBEDDING_DIM': 32, 'HIDDEN_DIM': 456, 'NUM_LAYERS': 1, 'DROPOUT': 0.11133332005005397, 'LR': 0.008069899008211805, 'WEIGHT_0': 0.9297016775847275, 'WEIGHT_1': 0.05063353026112268, 'WEIGHT_2': 0.39680381727540814, 'WEIGHT_3': 0.1867468446438576, 'WEIGHT_4': 0.8606518558499983, 'WEIGHT_5': 0.2547610256665504, 'WEIGHT_6': 0.12366838067124016, 'WEIGHT_7': 0.8720242617923126, 'WEIGHT_8': 0.39182680755735144}. Best is trial 42 with value: 0.44962374581939796.
{'EMBEDDING_DIM': 32, 'HIDDEN_DIM': 456, 'NUM_LAYERS': 1, 'DROPOUT': 0.11133332005005397, 'LR': 0.008069899008211805, 'WEIGHT_0': 0.9297016775847275, 'WEIGHT_1': 0.05063353026112268, 'WEIGHT_2': 0.39680381727540814, 'WEIGHT_3': 0.1867468446438576, 'WEIGHT_4': 0.8606518558499983, 'WEIGHT_5': 0.2547610256665504, 'WEIGHT_6': 0.12366838067124016, 'WEIGHT_7': 0.8720242617923126, 'WEIGHT_8': 0.39182680755735144}
0
              precision    recall  f1-score   support

         LOC       0.00      0.00      0.00      1837
        MISC       0.00      0.00      0.00       922
         ORG       0.00      0.00      0.00      1341
         PER       0.00      0.00      0.00      1842

   micro avg       0.00      0.00      0.00      5942
   macro avg       0.00      0.00      0.00      5942
weighted avg       0.00      0.00      0.00      5942

{'EMBEDDING_DIM': 32, 'HIDDEN_DIM': 456, 'NUM_LAYERS': 1, 'DROPOUT': 0.11133332005005397, 'LR': 0.008069899008211805, 'WEIGHT_0': 0.9297016775847275, 'WEIGHT_1': 0.05063353026112268, 'WEIGHT_2': 0.39680381727540814, 'WEIGHT_3': 0.1867468446438576, 'WEIGHT_4': 0.8606518558499983, 'WEIGHT_5': 0.2547610256665504, 'WEIGHT_6': 0.12366838067124016, 'WEIGHT_7': 0.8720242617923126, 'WEIGHT_8': 0.39182680755735144}
49
              precision    recall  f1-score   support

         LOC       0.78      0.53      0.63      1837
        MISC       0.56      0.50      0.52       922
         ORG       0.43      0.22      0.29      1341
         PER       0.38      0.18      0.25      1842

   micro avg       0.57      0.35      0.43      5942
   macro avg       0.54      0.36      0.42      5942
weighted avg       0.54      0.35      0.42      5942

epoch 49
Transformer

  0%|          | 0/50 [00:00<?, ?it/s]
  2%|▏         | 1/50 [00:05<04:46,  5.84s/it]
  6%|▌         | 3/50 [00:06<01:14,  1.58s/it]
 10%|█         | 5/50 [00:06<00:36,  1.23it/s]
 14%|█▍        | 7/50 [00:06<00:21,  1.97it/s]
 18%|█▊        | 9/50 [00:06<00:14,  2.85it/s]
 22%|██▏       | 11/50 [00:06<00:10,  3.84it/s]
 26%|██▌       | 13/50 [00:06<00:07,  4.91it/s]
 30%|███       | 15/50 [00:07<00:05,  6.00it/s]
 34%|███▍      | 17/50 [00:07<00:04,  7.07it/s]
 38%|███▊      | 19/50 [00:07<00:03,  8.03it/s]
 42%|████▏     | 21/50 [00:07<00:03,  8.85it/s]
 46%|████▌     | 23/50 [00:07<00:02,  9.52it/s]
 50%|█████     | 25/50 [00:07<00:02, 10.05it/s]
 54%|█████▍    | 27/50 [00:08<00:02, 10.42it/s]
 58%|█████▊    | 29/50 [00:08<00:01, 10.72it/s]
 62%|██████▏   | 31/50 [00:08<00:01, 10.95it/s]
 66%|██████▌   | 33/50 [00:08<00:01, 11.09it/s]
 70%|███████   | 35/50 [00:08<00:01, 11.22it/s]
 74%|███████▍  | 37/50 [00:09<00:01, 11.30it/s]
 78%|███████▊  | 39/50 [00:09<00:00, 11.35it/s]
 82%|████████▏ | 41/50 [00:09<00:00, 11.41it/s]
 86%|████████▌ | 43/50 [00:09<00:00, 11.45it/s]
 90%|█████████ | 45/50 [00:09<00:00, 11.45it/s]
 94%|█████████▍| 47/50 [00:09<00:00, 11.46it/s]
 98%|█████████▊| 49/50 [00:10<00:00, 11.48it/s]
100%|██████████| 50/50 [00:15<00:00,  3.15it/s]
[I 2023-12-11 21:10:38,897] Trial 152 finished with value: 0.4287313053209889 and parameters: {'EMBEDDING_DIM': 32, 'HIDDEN_DIM': 16, 'NUM_LAYERS': 1, 'DROPOUT': 0.08201046057133804, 'LR': 0.007570042386869581, 'WEIGHT_0': 0.8553697652528071, 'WEIGHT_1': 0.12566463309908216, 'WEIGHT_2': 0.3735207464522137, 'WEIGHT_3': 0.12551912711690527, 'WEIGHT_4': 0.8345975431705837, 'WEIGHT_5': 0.3421776361024829, 'WEIGHT_6': 0.17552615104092173, 'WEIGHT_7': 0.7661665048081345, 'WEIGHT_8': 0.23907218154228854}. Best is trial 42 with value: 0.44962374581939796.
{'EMBEDDING_DIM': 32, 'HIDDEN_DIM': 16, 'NUM_LAYERS': 1, 'DROPOUT': 0.08201046057133804, 'LR': 0.007570042386869581, 'WEIGHT_0': 0.8553697652528071, 'WEIGHT_1': 0.12566463309908216, 'WEIGHT_2': 0.3735207464522137, 'WEIGHT_3': 0.12551912711690527, 'WEIGHT_4': 0.8345975431705837, 'WEIGHT_5': 0.3421776361024829, 'WEIGHT_6': 0.17552615104092173, 'WEIGHT_7': 0.7661665048081345, 'WEIGHT_8': 0.23907218154228854}
0
              precision    recall  f1-score   support

         LOC       0.00      0.00      0.00      1837
        MISC       0.00      0.00      0.00       922
         ORG       0.00      0.00      0.00      1341
         PER       0.00      0.00      0.00      1842

   micro avg       0.00      0.00      0.00      5942
   macro avg       0.00      0.00      0.00      5942
weighted avg       0.00      0.00      0.00      5942

{'EMBEDDING_DIM': 32, 'HIDDEN_DIM': 16, 'NUM_LAYERS': 1, 'DROPOUT': 0.08201046057133804, 'LR': 0.007570042386869581, 'WEIGHT_0': 0.8553697652528071, 'WEIGHT_1': 0.12566463309908216, 'WEIGHT_2': 0.3735207464522137, 'WEIGHT_3': 0.12551912711690527, 'WEIGHT_4': 0.8345975431705837, 'WEIGHT_5': 0.3421776361024829, 'WEIGHT_6': 0.17552615104092173, 'WEIGHT_7': 0.7661665048081345, 'WEIGHT_8': 0.23907218154228854}
49
              precision    recall  f1-score   support

         LOC       0.73      0.56      0.63      1837
        MISC       0.57      0.50      0.53       922
         ORG       0.37      0.22      0.27      1341
         PER       0.38      0.18      0.24      1842

   micro avg       0.54      0.35      0.43      5942
   macro avg       0.51      0.36      0.42      5942
weighted avg       0.51      0.35      0.42      5942

epoch 49
Transformer

  0%|          | 0/50 [00:00<?, ?it/s]
  2%|▏         | 1/50 [00:05<04:50,  5.93s/it]
  6%|▌         | 3/50 [00:06<01:15,  1.60s/it]
 10%|█         | 5/50 [00:06<00:37,  1.21it/s]
 14%|█▍        | 7/50 [00:06<00:22,  1.95it/s]
 18%|█▊        | 9/50 [00:06<00:14,  2.82it/s]
 22%|██▏       | 11/50 [00:06<00:10,  3.83it/s]
 26%|██▌       | 13/50 [00:06<00:07,  4.93it/s]
 30%|███       | 15/50 [00:07<00:05,  6.04it/s]
 34%|███▍      | 17/50 [00:07<00:04,  6.91it/s]
 38%|███▊      | 19/50 [00:07<00:04,  7.43it/s]
 42%|████▏     | 21/50 [00:07<00:03,  7.94it/s]
 46%|████▌     | 23/50 [00:07<00:03,  8.78it/s]
 50%|█████     | 25/50 [00:08<00:02,  9.46it/s]
 54%|█████▍    | 27/50 [00:08<00:02, 10.00it/s]
 58%|█████▊    | 29/50 [00:08<00:02, 10.40it/s]
 62%|██████▏   | 31/50 [00:08<00:01, 10.72it/s]
 66%|██████▌   | 33/50 [00:08<00:01, 10.94it/s]
 70%|███████   | 35/50 [00:09<00:01, 11.10it/s]
 74%|███████▍  | 37/50 [00:09<00:01, 11.21it/s]
 78%|███████▊  | 39/50 [00:09<00:00, 11.31it/s]
 82%|████████▏ | 41/50 [00:09<00:00, 11.31it/s]
 86%|████████▌ | 43/50 [00:09<00:00, 11.35it/s]
 90%|█████████ | 45/50 [00:09<00:00, 11.38it/s]
 94%|█████████▍| 47/50 [00:10<00:00, 11.41it/s]
 98%|█████████▊| 49/50 [00:10<00:00, 11.44it/s]
100%|██████████| 50/50 [00:16<00:00,  3.12it/s]
