[I 2023-12-11 21:04:39,619] Trial 138 finished with value: 0.4022423288749017 and parameters: {'EMBEDDING_DIM': 128, 'HIDDEN_DIM': 281, 'NUM_LAYERS': 1, 'DROPOUT': 0.06108741398078879, 'LR': 0.0078073846394880585, 'WEIGHT_0': 0.9820496048179324, 'WEIGHT_1': 0.032929875585950376, 'WEIGHT_2': 0.4459391772249963, 'WEIGHT_3': 0.12538112765297782, 'WEIGHT_4': 0.7813982055955793, 'WEIGHT_5': 0.41118551781264023, 'WEIGHT_6': 0.20565312851490206, 'WEIGHT_7': 0.840010722977074, 'WEIGHT_8': 0.30401298339948657}. Best is trial 42 with value: 0.44962374581939796.
{'EMBEDDING_DIM': 128, 'HIDDEN_DIM': 281, 'NUM_LAYERS': 1, 'DROPOUT': 0.06108741398078879, 'LR': 0.0078073846394880585, 'WEIGHT_0': 0.9820496048179324, 'WEIGHT_1': 0.032929875585950376, 'WEIGHT_2': 0.4459391772249963, 'WEIGHT_3': 0.12538112765297782, 'WEIGHT_4': 0.7813982055955793, 'WEIGHT_5': 0.41118551781264023, 'WEIGHT_6': 0.20565312851490206, 'WEIGHT_7': 0.840010722977074, 'WEIGHT_8': 0.30401298339948657}
0
              precision    recall  f1-score   support

         LOC       0.00      0.00      0.00      1837
        MISC       0.00      0.00      0.00       922
         ORG       0.00      0.00      0.00      1341
         PER       0.00      0.00      0.00      1842

   micro avg       0.00      0.00      0.00      5942
   macro avg       0.00      0.00      0.00      5942
weighted avg       0.00      0.00      0.00      5942

{'EMBEDDING_DIM': 128, 'HIDDEN_DIM': 281, 'NUM_LAYERS': 1, 'DROPOUT': 0.06108741398078879, 'LR': 0.0078073846394880585, 'WEIGHT_0': 0.9820496048179324, 'WEIGHT_1': 0.032929875585950376, 'WEIGHT_2': 0.4459391772249963, 'WEIGHT_3': 0.12538112765297782, 'WEIGHT_4': 0.7813982055955793, 'WEIGHT_5': 0.41118551781264023, 'WEIGHT_6': 0.20565312851490206, 'WEIGHT_7': 0.840010722977074, 'WEIGHT_8': 0.30401298339948657}
49
              precision    recall  f1-score   support

         LOC       0.64      0.57      0.61      1837
        MISC       0.54      0.46      0.49       922
         ORG       0.38      0.18      0.24      1341
         PER       0.28      0.18      0.22      1842

   micro avg       0.48      0.34      0.40      5942
   macro avg       0.46      0.35      0.39      5942
weighted avg       0.46      0.34      0.39      5942

epoch 49
Transformer

  0%|          | 0/50 [00:00<?, ?it/s]
  2%|▏         | 1/50 [00:05<04:50,  5.94s/it]
  4%|▍         | 2/50 [00:06<02:01,  2.53s/it]
  6%|▌         | 3/50 [00:06<01:07,  1.44s/it]
  8%|▊         | 4/50 [00:06<00:42,  1.08it/s]
 10%|█         | 5/50 [00:06<00:28,  1.57it/s]
 12%|█▏        | 6/50 [00:06<00:20,  2.15it/s]
 14%|█▍        | 7/50 [00:06<00:15,  2.82it/s]
 16%|█▌        | 8/50 [00:06<00:11,  3.54it/s]
 18%|█▊        | 9/50 [00:06<00:09,  4.28it/s]
 20%|██        | 10/50 [00:07<00:08,  4.98it/s]
 22%|██▏       | 11/50 [00:07<00:06,  5.60it/s]
 24%|██▍       | 12/50 [00:07<00:06,  6.13it/s]
 26%|██▌       | 13/50 [00:07<00:05,  6.57it/s]
 28%|██▊       | 14/50 [00:07<00:05,  6.90it/s]
 30%|███       | 15/50 [00:07<00:04,  7.16it/s]
 32%|███▏      | 16/50 [00:07<00:04,  7.35it/s]
 34%|███▍      | 17/50 [00:08<00:04,  7.50it/s]
 36%|███▌      | 18/50 [00:08<00:04,  7.59it/s]
 38%|███▊      | 19/50 [00:08<00:04,  7.66it/s]
 40%|████      | 20/50 [00:08<00:03,  7.72it/s]
 42%|████▏     | 21/50 [00:08<00:03,  7.76it/s]
 44%|████▍     | 22/50 [00:08<00:03,  7.78it/s]
 46%|████▌     | 23/50 [00:08<00:03,  7.79it/s]
 48%|████▊     | 24/50 [00:08<00:03,  7.75it/s]
 50%|█████     | 25/50 [00:09<00:03,  7.67it/s]
 52%|█████▏    | 26/50 [00:09<00:03,  7.72it/s]
 54%|█████▍    | 27/50 [00:09<00:02,  7.76it/s]
 56%|█████▌    | 28/50 [00:09<00:02,  7.78it/s]
 58%|█████▊    | 29/50 [00:09<00:02,  7.80it/s]
 60%|██████    | 30/50 [00:09<00:02,  7.81it/s]
 62%|██████▏   | 31/50 [00:09<00:02,  7.82it/s]
 64%|██████▍   | 32/50 [00:09<00:02,  7.83it/s]
 66%|██████▌   | 33/50 [00:10<00:02,  7.83it/s]
 68%|██████▊   | 34/50 [00:10<00:02,  7.83it/s]
 70%|███████   | 35/50 [00:10<00:01,  7.83it/s]
 72%|███████▏  | 36/50 [00:10<00:01,  7.84it/s]
 74%|███████▍  | 37/50 [00:10<00:01,  7.84it/s]
 76%|███████▌  | 38/50 [00:10<00:01,  7.84it/s]
 78%|███████▊  | 39/50 [00:10<00:01,  7.84it/s]
 80%|████████  | 40/50 [00:10<00:01,  7.84it/s]
 82%|████████▏ | 41/50 [00:11<00:01,  7.84it/s]
 84%|████████▍ | 42/50 [00:11<00:01,  7.84it/s]
 86%|████████▌ | 43/50 [00:11<00:00,  7.84it/s]
 88%|████████▊ | 44/50 [00:11<00:00,  7.84it/s]
 90%|█████████ | 45/50 [00:11<00:00,  7.84it/s]
 92%|█████████▏| 46/50 [00:11<00:00,  7.84it/s]
 94%|█████████▍| 47/50 [00:11<00:00,  7.84it/s]
 96%|█████████▌| 48/50 [00:11<00:00,  7.84it/s]
 98%|█████████▊| 49/50 [00:12<00:00,  7.84it/s]
100%|██████████| 50/50 [00:18<00:00,  1.89s/it]
100%|██████████| 50/50 [00:18<00:00,  2.76it/s]
[I 2023-12-11 21:05:03,147] Trial 139 finished with value: 0.4273201251303441 and parameters: {'EMBEDDING_DIM': 32, 'HIDDEN_DIM': 2606, 'NUM_LAYERS': 1, 'DROPOUT': 0.02579114049100019, 'LR': 0.00836142213205061, 'WEIGHT_0': 0.9167042869554286, 'WEIGHT_1': 0.057372604874299946, 'WEIGHT_2': 0.4416325214022828, 'WEIGHT_3': 0.1032529585084577, 'WEIGHT_4': 0.8248118098419822, 'WEIGHT_5': 0.38748236470472947, 'WEIGHT_6': 0.17007480158831859, 'WEIGHT_7': 0.9101204695529744, 'WEIGHT_8': 0.33648645944547595}. Best is trial 42 with value: 0.44962374581939796.
{'EMBEDDING_DIM': 32, 'HIDDEN_DIM': 2606, 'NUM_LAYERS': 1, 'DROPOUT': 0.02579114049100019, 'LR': 0.00836142213205061, 'WEIGHT_0': 0.9167042869554286, 'WEIGHT_1': 0.057372604874299946, 'WEIGHT_2': 0.4416325214022828, 'WEIGHT_3': 0.1032529585084577, 'WEIGHT_4': 0.8248118098419822, 'WEIGHT_5': 0.38748236470472947, 'WEIGHT_6': 0.17007480158831859, 'WEIGHT_7': 0.9101204695529744, 'WEIGHT_8': 0.33648645944547595}
0
              precision    recall  f1-score   support

         LOC       0.00      0.00      0.00      1837
        MISC       0.00      0.00      0.00       922
         ORG       0.00      0.00      0.00      1341
         PER       0.00      0.00      0.00      1842

   micro avg       0.00      0.00      0.00      5942
   macro avg       0.00      0.00      0.00      5942
weighted avg       0.00      0.00      0.00      5942

{'EMBEDDING_DIM': 32, 'HIDDEN_DIM': 2606, 'NUM_LAYERS': 1, 'DROPOUT': 0.02579114049100019, 'LR': 0.00836142213205061, 'WEIGHT_0': 0.9167042869554286, 'WEIGHT_1': 0.057372604874299946, 'WEIGHT_2': 0.4416325214022828, 'WEIGHT_3': 0.1032529585084577, 'WEIGHT_4': 0.8248118098419822, 'WEIGHT_5': 0.38748236470472947, 'WEIGHT_6': 0.17007480158831859, 'WEIGHT_7': 0.9101204695529744, 'WEIGHT_8': 0.33648645944547595}
49
              precision    recall  f1-score   support

         LOC       0.75      0.54      0.63      1837
        MISC       0.63      0.49      0.55       922
         ORG       0.38      0.21      0.27      1341
         PER       0.36      0.17      0.24      1842

   micro avg       0.56      0.34      0.43      5942
   macro avg       0.53      0.35      0.42      5942
weighted avg       0.53      0.34      0.41      5942

epoch 49
Transformer

  0%|          | 0/50 [00:00<?, ?it/s]
  2%|▏         | 1/50 [00:05<04:45,  5.82s/it]
  6%|▌         | 3/50 [00:06<01:14,  1.58s/it]
 10%|█         | 5/50 [00:06<00:36,  1.23it/s]
 12%|█▏        | 6/50 [00:06<00:27,  1.61it/s]
 16%|█▌        | 8/50 [00:06<00:16,  2.56it/s]
 20%|██        | 10/50 [00:06<00:10,  3.64it/s]
 24%|██▍       | 12/50 [00:06<00:07,  4.79it/s]
 28%|██▊       | 14/50 [00:06<00:06,  5.95it/s]
 32%|███▏      | 16/50 [00:07<00:04,  6.99it/s]
 36%|███▌      | 18/50 [00:07<00:04,  7.95it/s]
 40%|████      | 20/50 [00:07<00:03,  8.79it/s]
 44%|████▍     | 22/50 [00:07<00:02,  9.45it/s]
 48%|████▊     | 24/50 [00:07<00:02,  9.95it/s]
 52%|█████▏    | 26/50 [00:08<00:02, 10.34it/s]
 56%|█████▌    | 28/50 [00:08<00:02, 10.63it/s]
 60%|██████    | 30/50 [00:08<00:01, 10.83it/s]
 64%|██████▍   | 32/50 [00:08<00:01, 10.99it/s]
 68%|██████▊   | 34/50 [00:08<00:01, 11.08it/s]
 72%|███████▏  | 36/50 [00:08<00:01, 11.14it/s]
 76%|███████▌  | 38/50 [00:09<00:01, 11.25it/s]
 80%|████████  | 40/50 [00:09<00:00, 11.25it/s]
 84%|████████▍ | 42/50 [00:09<00:00, 11.26it/s]
 88%|████████▊ | 44/50 [00:09<00:00, 11.31it/s]
 92%|█████████▏| 46/50 [00:09<00:00, 11.33it/s]
 96%|█████████▌| 48/50 [00:09<00:00, 11.33it/s]
100%|██████████| 50/50 [00:15<00:00,  1.06it/s]
100%|██████████| 50/50 [00:15<00:00,  3.15it/s]
[I 2023-12-11 21:05:24,518] Trial 140 finished with value: 0.4225237172294196 and parameters: {'EMBEDDING_DIM': 64, 'HIDDEN_DIM': 175, 'NUM_LAYERS': 1, 'DROPOUT': 0.049198407609473346, 'LR': 0.008211229570073475, 'WEIGHT_0': 0.9295831171913265, 'WEIGHT_1': 0.046613041214790804, 'WEIGHT_2': 0.4766583259250652, 'WEIGHT_3': 0.1420560037398869, 'WEIGHT_4': 0.804517731810253, 'WEIGHT_5': 0.3520997939995737, 'WEIGHT_6': 0.14410854554332916, 'WEIGHT_7': 0.7103656579759048, 'WEIGHT_8': 0.38058855856237417}. Best is trial 42 with value: 0.44962374581939796.
{'EMBEDDING_DIM': 64, 'HIDDEN_DIM': 175, 'NUM_LAYERS': 1, 'DROPOUT': 0.049198407609473346, 'LR': 0.008211229570073475, 'WEIGHT_0': 0.9295831171913265, 'WEIGHT_1': 0.046613041214790804, 'WEIGHT_2': 0.4766583259250652, 'WEIGHT_3': 0.1420560037398869, 'WEIGHT_4': 0.804517731810253, 'WEIGHT_5': 0.3520997939995737, 'WEIGHT_6': 0.14410854554332916, 'WEIGHT_7': 0.7103656579759048, 'WEIGHT_8': 0.38058855856237417}
0
              precision    recall  f1-score   support

         LOC       0.00      0.00      0.00      1837
        MISC       0.00      0.00      0.00       922
         ORG       0.00      0.00      0.00      1341
         PER       0.00      0.00      0.00      1842

   micro avg       0.00      0.00      0.00      5942
   macro avg       0.00      0.00      0.00      5942
weighted avg       0.00      0.00      0.00      5942

{'EMBEDDING_DIM': 64, 'HIDDEN_DIM': 175, 'NUM_LAYERS': 1, 'DROPOUT': 0.049198407609473346, 'LR': 0.008211229570073475, 'WEIGHT_0': 0.9295831171913265, 'WEIGHT_1': 0.046613041214790804, 'WEIGHT_2': 0.4766583259250652, 'WEIGHT_3': 0.1420560037398869, 'WEIGHT_4': 0.804517731810253, 'WEIGHT_5': 0.3520997939995737, 'WEIGHT_6': 0.14410854554332916, 'WEIGHT_7': 0.7103656579759048, 'WEIGHT_8': 0.38058855856237417}
49
              precision    recall  f1-score   support

         LOC       0.74      0.56      0.64      1837
        MISC       0.54      0.44      0.49       922
         ORG       0.41      0.21      0.27      1341
         PER       0.34      0.19      0.24      1842

   micro avg       0.54      0.35      0.42      5942
   macro avg       0.51      0.35      0.41      5942
weighted avg       0.51      0.35      0.41      5942

epoch 49
Transformer

  0%|          | 0/50 [00:00<?, ?it/s]
  2%|▏         | 1/50 [00:05<04:46,  5.85s/it]
  6%|▌         | 3/50 [00:06<01:14,  1.58s/it]
 10%|█         | 5/50 [00:06<00:36,  1.23it/s]
 14%|█▍        | 7/50 [00:06<00:21,  1.96it/s]
 18%|█▊        | 9/50 [00:06<00:14,  2.83it/s]
 20%|██        | 10/50 [00:06<00:12,  3.26it/s]
 22%|██▏       | 11/50 [00:06<00:10,  3.82it/s]
 24%|██▍       | 12/50 [00:06<00:08,  4.49it/s]
 26%|██▌       | 13/50 [00:07<00:07,  5.20it/s]
 28%|██▊       | 14/50 [00:07<00:06,  5.85it/s]
 30%|███       | 15/50 [00:07<00:05,  6.40it/s]
 32%|███▏      | 16/50 [00:07<00:04,  6.88it/s]
 34%|███▍      | 17/50 [00:07<00:04,  7.27it/s]
 36%|███▌      | 18/50 [00:07<00:04,  7.58it/s]
 40%|████      | 20/50 [00:07<00:03,  8.84it/s]
 44%|████▍     | 22/50 [00:07<00:02,  9.66it/s]
 48%|████▊     | 24/50 [00:08<00:02, 10.20it/s]
 52%|█████▏    | 26/50 [00:08<00:02, 10.54it/s]
 56%|█████▌    | 28/50 [00:08<00:02, 10.77it/s]
 60%|██████    | 30/50 [00:08<00:02,  9.64it/s]
 62%|██████▏   | 31/50 [00:08<00:02,  9.02it/s]
 64%|██████▍   | 32/50 [00:09<00:02,  8.66it/s]
 66%|██████▌   | 33/50 [00:09<00:02,  8.23it/s]
 68%|██████▊   | 34/50 [00:09<00:02,  7.88it/s]
 70%|███████   | 35/50 [00:09<00:01,  7.60it/s]
 72%|███████▏  | 36/50 [00:09<00:01,  7.69it/s]
 74%|███████▍  | 37/50 [00:09<00:01,  8.05it/s]
 76%|███████▌  | 38/50 [00:09<00:01,  8.33it/s]
 78%|███████▊  | 39/50 [00:09<00:01,  8.55it/s]
 80%|████████  | 40/50 [00:10<00:01,  8.72it/s]
 82%|████████▏ | 41/50 [00:10<00:01,  8.83it/s]
 84%|████████▍ | 42/50 [00:10<00:00,  8.94it/s]
 86%|████████▌ | 43/50 [00:10<00:00,  8.99it/s]
 88%|████████▊ | 44/50 [00:10<00:00,  9.03it/s]
 90%|█████████ | 45/50 [00:10<00:00,  9.06it/s]
 92%|█████████▏| 46/50 [00:10<00:00,  9.09it/s]
 94%|█████████▍| 47/50 [00:10<00:00,  9.11it/s]
 96%|█████████▌| 48/50 [00:10<00:00,  9.11it/s]
 98%|█████████▊| 49/50 [00:11<00:00,  9.13it/s]
100%|██████████| 50/50 [00:18<00:00,  2.25s/it]
100%|██████████| 50/50 [00:18<00:00,  2.74it/s]
[I 2023-12-11 21:05:49,792] Trial 141 finished with value: 0.4426861009890682 and parameters: {'EMBEDDING_DIM': 32, 'HIDDEN_DIM': 379, 'NUM_LAYERS': 1, 'DROPOUT': 0.0990625921020197, 'LR': 0.007619258402030361, 'WEIGHT_0': 0.8740383927720198, 'WEIGHT_1': 0.07654374582404977, 'WEIGHT_2': 0.3608813587388698, 'WEIGHT_3': 0.16914548152938486, 'WEIGHT_4': 0.8541721517081893, 'WEIGHT_5': 0.2878275069509726, 'WEIGHT_6': 0.11074256569425567, 'WEIGHT_7': 0.8175767033605572, 'WEIGHT_8': 0.27365177101555416}. Best is trial 42 with value: 0.44962374581939796.
{'EMBEDDING_DIM': 32, 'HIDDEN_DIM': 379, 'NUM_LAYERS': 1, 'DROPOUT': 0.0990625921020197, 'LR': 0.007619258402030361, 'WEIGHT_0': 0.8740383927720198, 'WEIGHT_1': 0.07654374582404977, 'WEIGHT_2': 0.3608813587388698, 'WEIGHT_3': 0.16914548152938486, 'WEIGHT_4': 0.8541721517081893, 'WEIGHT_5': 0.2878275069509726, 'WEIGHT_6': 0.11074256569425567, 'WEIGHT_7': 0.8175767033605572, 'WEIGHT_8': 0.27365177101555416}
0
              precision    recall  f1-score   support

         LOC       0.00      0.00      0.00      1837
        MISC       0.00      0.00      0.00       922
         ORG       0.00      0.00      0.00      1341
         PER       0.00      0.00      0.00      1842

   micro avg       0.00      0.00      0.00      5942
   macro avg       0.00      0.00      0.00      5942
weighted avg       0.00      0.00      0.00      5942

{'EMBEDDING_DIM': 32, 'HIDDEN_DIM': 379, 'NUM_LAYERS': 1, 'DROPOUT': 0.0990625921020197, 'LR': 0.007619258402030361, 'WEIGHT_0': 0.8740383927720198, 'WEIGHT_1': 0.07654374582404977, 'WEIGHT_2': 0.3608813587388698, 'WEIGHT_3': 0.16914548152938486, 'WEIGHT_4': 0.8541721517081893, 'WEIGHT_5': 0.2878275069509726, 'WEIGHT_6': 0.11074256569425567, 'WEIGHT_7': 0.8175767033605572, 'WEIGHT_8': 0.27365177101555416}
49
              precision    recall  f1-score   support

         LOC       0.79      0.55      0.65      1837
        MISC       0.60      0.50      0.55       922
         ORG       0.44      0.23      0.31      1341
         PER       0.37      0.18      0.24      1842

   micro avg       0.58      0.36      0.44      5942
   macro avg       0.55      0.37      0.44      5942
weighted avg       0.55      0.36      0.43      5942

epoch 49
Transformer

  0%|          | 0/50 [00:00<?, ?it/s]
  2%|▏         | 1/50 [00:07<05:56,  7.28s/it]
  4%|▍         | 2/50 [00:07<02:27,  3.07s/it]
  6%|▌         | 3/50 [00:07<01:20,  1.72s/it]
  8%|▊         | 4/50 [00:07<00:49,  1.08s/it]
 10%|█         | 5/50 [00:07<00:33,  1.36it/s]
 12%|█▏        | 6/50 [00:07<00:23,  1.91it/s]
 14%|█▍        | 7/50 [00:07<00:16,  2.55it/s]
 16%|█▌        | 8/50 [00:08<00:13,  3.16it/s]
 18%|█▊        | 9/50 [00:08<00:10,  3.76it/s]
 20%|██        | 10/50 [00:08<00:09,  4.25it/s]
 22%|██▏       | 11/50 [00:08<00:08,  4.53it/s]
 24%|██▍       | 12/50 [00:08<00:08,  4.63it/s]
 26%|██▌       | 13/50 [00:09<00:07,  4.67it/s]
 28%|██▊       | 14/50 [00:09<00:07,  4.71it/s]
 30%|███       | 15/50 [00:09<00:07,  4.63it/s]
 32%|███▏      | 16/50 [00:09<00:07,  4.57it/s]
 34%|███▍      | 17/50 [00:09<00:07,  4.53it/s]
 36%|███▌      | 18/50 [00:10<00:07,  4.50it/s]
 38%|███▊      | 19/50 [00:10<00:07,  4.41it/s]
 40%|████      | 20/50 [00:10<00:06,  4.31it/s]
 42%|████▏     | 21/50 [00:10<00:06,  4.25it/s]
 44%|████▍     | 22/50 [00:11<00:06,  4.50it/s]
 46%|████▌     | 23/50 [00:11<00:05,  5.26it/s]
 48%|████▊     | 24/50 [00:11<00:04,  5.96it/s]
 50%|█████     | 25/50 [00:11<00:03,  6.58it/s]
 52%|█████▏    | 26/50 [00:11<00:03,  7.08it/s]
 54%|█████▍    | 27/50 [00:11<00:03,  7.49it/s]
 56%|█████▌    | 28/50 [00:11<00:02,  7.70it/s]
 58%|█████▊    | 29/50 [00:11<00:02,  7.97it/s]
 60%|██████    | 30/50 [00:12<00:02,  8.24it/s]
 64%|██████▍   | 32/50 [00:12<00:01,  9.47it/s]
 68%|██████▊   | 34/50 [00:12<00:01, 10.16it/s]
 72%|███████▏  | 36/50 [00:12<00:01, 10.59it/s]
 76%|███████▌  | 38/50 [00:12<00:01, 10.70it/s]
 80%|████████  | 40/50 [00:12<00:00, 10.94it/s]
 84%|████████▍ | 42/50 [00:13<00:00, 11.08it/s]
 88%|████████▊ | 44/50 [00:13<00:00, 11.21it/s]
 92%|█████████▏| 46/50 [00:13<00:00, 11.28it/s]
 96%|█████████▌| 48/50 [00:13<00:00, 11.31it/s]
100%|██████████| 50/50 [00:19<00:00,  1.04it/s]
100%|██████████| 50/50 [00:19<00:00,  2.57it/s]
[I 2023-12-11 21:06:14,778] Trial 142 finished with value: 0.44201628698072365 and parameters: {'EMBEDDING_DIM': 32, 'HIDDEN_DIM': 376, 'NUM_LAYERS': 1, 'DROPOUT': 0.08220423524571566, 'LR': 0.007692761076950363, 'WEIGHT_0': 0.8644915672811726, 'WEIGHT_1': 0.07321322328372373, 'WEIGHT_2': 0.3713085063884854, 'WEIGHT_3': 0.1660344754296726, 'WEIGHT_4': 0.8499218734677005, 'WEIGHT_5': 0.29010139798538886, 'WEIGHT_6': 0.18675834177995887, 'WEIGHT_7': 0.8679611534631638, 'WEIGHT_8': 0.2948572575154393}. Best is trial 42 with value: 0.44962374581939796.
{'EMBEDDING_DIM': 32, 'HIDDEN_DIM': 376, 'NUM_LAYERS': 1, 'DROPOUT': 0.08220423524571566, 'LR': 0.007692761076950363, 'WEIGHT_0': 0.8644915672811726, 'WEIGHT_1': 0.07321322328372373, 'WEIGHT_2': 0.3713085063884854, 'WEIGHT_3': 0.1660344754296726, 'WEIGHT_4': 0.8499218734677005, 'WEIGHT_5': 0.29010139798538886, 'WEIGHT_6': 0.18675834177995887, 'WEIGHT_7': 0.8679611534631638, 'WEIGHT_8': 0.2948572575154393}
0
              precision    recall  f1-score   support

         LOC       0.00      0.00      0.00      1837
        MISC       0.00      0.00      0.00       922
         ORG       0.00      0.00      0.00      1341
         PER       0.00      0.00      0.00      1842

   micro avg       0.00      0.00      0.00      5942
   macro avg       0.00      0.00      0.00      5942
weighted avg       0.00      0.00      0.00      5942

{'EMBEDDING_DIM': 32, 'HIDDEN_DIM': 376, 'NUM_LAYERS': 1, 'DROPOUT': 0.08220423524571566, 'LR': 0.007692761076950363, 'WEIGHT_0': 0.8644915672811726, 'WEIGHT_1': 0.07321322328372373, 'WEIGHT_2': 0.3713085063884854, 'WEIGHT_3': 0.1660344754296726, 'WEIGHT_4': 0.8499218734677005, 'WEIGHT_5': 0.29010139798538886, 'WEIGHT_6': 0.18675834177995887, 'WEIGHT_7': 0.8679611534631638, 'WEIGHT_8': 0.2948572575154393}
49
              precision    recall  f1-score   support

         LOC       0.78      0.58      0.67      1837
        MISC       0.61      0.49      0.54       922
         ORG       0.41      0.22      0.29      1341
         PER       0.35      0.18      0.24      1842

   micro avg       0.57      0.36      0.44      5942
   macro avg       0.54      0.37      0.43      5942
weighted avg       0.54      0.36      0.43      5942

epoch 49
Transformer

  0%|          | 0/50 [00:00<?, ?it/s]
  2%|▏         | 1/50 [00:06<04:55,  6.04s/it]
  6%|▌         | 3/50 [00:06<01:16,  1.63s/it]
 10%|█         | 5/50 [00:06<00:37,  1.19it/s]
 14%|█▍        | 7/50 [00:06<00:22,  1.91it/s]
 18%|█▊        | 9/50 [00:06<00:14,  2.77it/s]
 22%|██▏       | 11/50 [00:06<00:10,  3.74it/s]
 26%|██▌       | 13/50 [00:07<00:07,  4.83it/s]
 30%|███       | 15/50 [00:07<00:05,  5.93it/s]
 34%|███▍      | 17/50 [00:07<00:04,  6.98it/s]
 38%|███▊      | 19/50 [00:07<00:03,  7.94it/s]
 42%|████▏     | 21/50 [00:07<00:03,  8.75it/s]
 46%|████▌     | 23/50 [00:08<00:02,  9.42it/s]
 50%|█████     | 25/50 [00:08<00:02,  9.82it/s]
 54%|█████▍    | 27/50 [00:08<00:02, 10.25it/s]
 58%|█████▊    | 29/50 [00:08<00:01, 10.58it/s]
 62%|██████▏   | 31/50 [00:08<00:01, 10.81it/s]
 66%|██████▌   | 33/50 [00:08<00:01, 10.96it/s]
 70%|███████   | 35/50 [00:09<00:01, 11.08it/s]
 74%|███████▍  | 37/50 [00:09<00:01, 11.17it/s]
 78%|███████▊  | 39/50 [00:09<00:00, 11.22it/s]
 82%|████████▏ | 41/50 [00:09<00:00, 11.29it/s]
 86%|████████▌ | 43/50 [00:09<00:00, 11.32it/s]
 90%|█████████ | 45/50 [00:09<00:00, 11.35it/s]
 94%|█████████▍| 47/50 [00:10<00:00, 11.37it/s]
 98%|█████████▊| 49/50 [00:10<00:00, 11.37it/s]
100%|██████████| 50/50 [00:16<00:00,  3.10it/s]
