[I 2023-12-11 23:52:42,267] Trial 464 finished with value: 0.45093602139477473 and parameters: {'EMBEDDING_DIM': 32, 'HIDDEN_DIM': 898, 'NUM_LAYERS': 1, 'DROPOUT': 0.36772060944505053, 'LR': 0.008778761257685157, 'WEIGHT_0': 0.9640275034760046, 'WEIGHT_1': 0.254784443522685, 'WEIGHT_2': 0.9334454525217832, 'WEIGHT_3': 0.28149348054702916, 'WEIGHT_4': 0.4453962984193927, 'WEIGHT_5': 0.5443159759649192, 'WEIGHT_6': 0.10451660143378576, 'WEIGHT_7': 0.9491384693335809, 'WEIGHT_8': 0.82919753573157}. Best is trial 282 with value: 0.45463128081401455.
{'EMBEDDING_DIM': 32, 'HIDDEN_DIM': 898, 'NUM_LAYERS': 1, 'DROPOUT': 0.36772060944505053, 'LR': 0.008778761257685157, 'WEIGHT_0': 0.9640275034760046, 'WEIGHT_1': 0.254784443522685, 'WEIGHT_2': 0.9334454525217832, 'WEIGHT_3': 0.28149348054702916, 'WEIGHT_4': 0.4453962984193927, 'WEIGHT_5': 0.5443159759649192, 'WEIGHT_6': 0.10451660143378576, 'WEIGHT_7': 0.9491384693335809, 'WEIGHT_8': 0.82919753573157}
0
              precision    recall  f1-score   support

         LOC       0.00      0.00      0.00      1837
        MISC       0.00      0.00      0.00       922
         ORG       0.00      0.00      0.00      1341
         PER       0.00      0.00      0.00      1842

   micro avg       0.00      0.00      0.00      5942
   macro avg       0.00      0.00      0.00      5942
weighted avg       0.00      0.00      0.00      5942

{'EMBEDDING_DIM': 32, 'HIDDEN_DIM': 898, 'NUM_LAYERS': 1, 'DROPOUT': 0.36772060944505053, 'LR': 0.008778761257685157, 'WEIGHT_0': 0.9640275034760046, 'WEIGHT_1': 0.254784443522685, 'WEIGHT_2': 0.9334454525217832, 'WEIGHT_3': 0.28149348054702916, 'WEIGHT_4': 0.4453962984193927, 'WEIGHT_5': 0.5443159759649192, 'WEIGHT_6': 0.10451660143378576, 'WEIGHT_7': 0.9491384693335809, 'WEIGHT_8': 0.82919753573157}
49
              precision    recall  f1-score   support

         LOC       0.78      0.59      0.67      1837
        MISC       0.64      0.51      0.57       922
         ORG       0.48      0.22      0.30      1341
         PER       0.33      0.18      0.23      1842

   micro avg       0.58      0.37      0.45      5942
   macro avg       0.56      0.38      0.45      5942
weighted avg       0.55      0.37      0.44      5942

epoch 49
Transformer

  0%|          | 0/50 [00:00<?, ?it/s]
  2%|▏         | 1/50 [00:06<05:37,  6.89s/it]
  4%|▍         | 2/50 [00:07<02:41,  3.36s/it]
  6%|▌         | 3/50 [00:08<01:45,  2.24s/it]
  8%|▊         | 4/50 [00:09<01:18,  1.71s/it]
 10%|█         | 5/50 [00:10<01:03,  1.42s/it]
 12%|█▏        | 6/50 [00:11<00:54,  1.24s/it]
 14%|█▍        | 7/50 [00:12<00:48,  1.13s/it]
 16%|█▌        | 8/50 [00:13<00:44,  1.06s/it]
 18%|█▊        | 9/50 [00:14<00:41,  1.01s/it]
 20%|██        | 10/50 [00:14<00:39,  1.02it/s]
 22%|██▏       | 11/50 [00:15<00:37,  1.05it/s]
 24%|██▍       | 12/50 [00:16<00:35,  1.07it/s]
 26%|██▌       | 13/50 [00:17<00:34,  1.08it/s]
 28%|██▊       | 14/50 [00:18<00:33,  1.08it/s]
 30%|███       | 15/50 [00:19<00:32,  1.09it/s]
 32%|███▏      | 16/50 [00:20<00:31,  1.09it/s]
 34%|███▍      | 17/50 [00:21<00:30,  1.10it/s]
 36%|███▌      | 18/50 [00:22<00:29,  1.10it/s]
 38%|███▊      | 19/50 [00:23<00:28,  1.10it/s]
 40%|████      | 20/50 [00:24<00:27,  1.10it/s]
 42%|████▏     | 21/50 [00:24<00:26,  1.10it/s]
 44%|████▍     | 22/50 [00:25<00:25,  1.10it/s]
 46%|████▌     | 23/50 [00:26<00:24,  1.10it/s]
 48%|████▊     | 24/50 [00:27<00:23,  1.10it/s]
 50%|█████     | 25/50 [00:28<00:22,  1.10it/s]
 52%|█████▏    | 26/50 [00:29<00:21,  1.10it/s]
 54%|█████▍    | 27/50 [00:30<00:20,  1.10it/s]
 56%|█████▌    | 28/50 [00:31<00:20,  1.10it/s]
 58%|█████▊    | 29/50 [00:32<00:19,  1.10it/s]
 60%|██████    | 30/50 [00:33<00:18,  1.10it/s]
 62%|██████▏   | 31/50 [00:34<00:17,  1.09it/s]
 64%|██████▍   | 32/50 [00:34<00:16,  1.09it/s]
 66%|██████▌   | 33/50 [00:35<00:15,  1.09it/s]
 68%|██████▊   | 34/50 [00:36<00:14,  1.09it/s]
 70%|███████   | 35/50 [00:37<00:13,  1.09it/s]
 72%|███████▏  | 36/50 [00:38<00:12,  1.09it/s]
 74%|███████▍  | 37/50 [00:39<00:11,  1.09it/s]
 76%|███████▌  | 38/50 [00:40<00:10,  1.09it/s]
 78%|███████▊  | 39/50 [00:41<00:10,  1.09it/s]
 80%|████████  | 40/50 [00:42<00:09,  1.09it/s]
 82%|████████▏ | 41/50 [00:43<00:08,  1.09it/s]
 84%|████████▍ | 42/50 [00:44<00:07,  1.09it/s]
 86%|████████▌ | 43/50 [00:45<00:06,  1.09it/s]
 88%|████████▊ | 44/50 [00:46<00:05,  1.09it/s]
 90%|█████████ | 45/50 [00:46<00:04,  1.09it/s]
 92%|█████████▏| 46/50 [00:47<00:03,  1.09it/s]
 94%|█████████▍| 47/50 [00:48<00:02,  1.09it/s]
 96%|█████████▌| 48/50 [00:49<00:01,  1.09it/s]
 98%|█████████▊| 49/50 [00:50<00:00,  1.09it/s]
100%|██████████| 50/50 [00:57<00:00,  2.72s/it]
100%|██████████| 50/50 [00:57<00:00,  1.15s/it]
[I 2023-12-11 23:53:45,976] Trial 465 finished with value: 0.11864543764648831 and parameters: {'EMBEDDING_DIM': 1024, 'HIDDEN_DIM': 960, 'NUM_LAYERS': 1, 'DROPOUT': 0.3773618475765067, 'LR': 0.00889729410497464, 'WEIGHT_0': 0.9799043275276861, 'WEIGHT_1': 0.25067758678920987, 'WEIGHT_2': 0.7718509371310628, 'WEIGHT_3': 0.3130721451148152, 'WEIGHT_4': 0.41750544839796505, 'WEIGHT_5': 0.5267149119778726, 'WEIGHT_6': 0.16257385418971598, 'WEIGHT_7': 0.9630050388772333, 'WEIGHT_8': 0.7849361376209054}. Best is trial 282 with value: 0.45463128081401455.
{'EMBEDDING_DIM': 1024, 'HIDDEN_DIM': 960, 'NUM_LAYERS': 1, 'DROPOUT': 0.3773618475765067, 'LR': 0.00889729410497464, 'WEIGHT_0': 0.9799043275276861, 'WEIGHT_1': 0.25067758678920987, 'WEIGHT_2': 0.7718509371310628, 'WEIGHT_3': 0.3130721451148152, 'WEIGHT_4': 0.41750544839796505, 'WEIGHT_5': 0.5267149119778726, 'WEIGHT_6': 0.16257385418971598, 'WEIGHT_7': 0.9630050388772333, 'WEIGHT_8': 0.7849361376209054}
0
              precision    recall  f1-score   support

         LOC       0.00      0.00      0.00      1837
        MISC       0.00      0.00      0.00       922
         ORG       0.00      0.00      0.00      1341
         PER       0.00      0.00      0.00      1842

   micro avg       0.00      0.00      0.00      5942
   macro avg       0.00      0.00      0.00      5942
weighted avg       0.00      0.00      0.00      5942

{'EMBEDDING_DIM': 1024, 'HIDDEN_DIM': 960, 'NUM_LAYERS': 1, 'DROPOUT': 0.3773618475765067, 'LR': 0.00889729410497464, 'WEIGHT_0': 0.9799043275276861, 'WEIGHT_1': 0.25067758678920987, 'WEIGHT_2': 0.7718509371310628, 'WEIGHT_3': 0.3130721451148152, 'WEIGHT_4': 0.41750544839796505, 'WEIGHT_5': 0.5267149119778726, 'WEIGHT_6': 0.16257385418971598, 'WEIGHT_7': 0.9630050388772333, 'WEIGHT_8': 0.7849361376209054}
49
              precision    recall  f1-score   support

         LOC       0.12      0.39      0.19      1837
        MISC       0.03      0.02      0.02       922
         ORG       0.00      0.00      0.00      1341
         PER       0.00      0.00      0.00      1842

   micro avg       0.11      0.12      0.12      5942
   macro avg       0.04      0.10      0.05      5942
weighted avg       0.04      0.12      0.06      5942

epoch 49
Transformer

  0%|          | 0/50 [00:00<?, ?it/s]
  2%|▏         | 1/50 [00:05<04:51,  5.95s/it]
  6%|▌         | 3/50 [00:06<01:15,  1.62s/it]
 10%|█         | 5/50 [00:06<00:37,  1.20it/s]
 14%|█▍        | 7/50 [00:06<00:22,  1.92it/s]
 18%|█▊        | 9/50 [00:06<00:14,  2.78it/s]
 22%|██▏       | 11/50 [00:06<00:10,  3.76it/s]
 26%|██▌       | 13/50 [00:07<00:07,  4.81it/s]
 30%|███       | 15/50 [00:07<00:05,  5.90it/s]
 34%|███▍      | 17/50 [00:07<00:04,  6.94it/s]
 38%|███▊      | 19/50 [00:07<00:03,  7.88it/s]
 42%|████▏     | 21/50 [00:07<00:03,  8.67it/s]
 46%|████▌     | 23/50 [00:07<00:02,  9.32it/s]
 50%|█████     | 25/50 [00:08<00:02,  9.83it/s]
 54%|█████▍    | 27/50 [00:08<00:02, 10.20it/s]
 58%|█████▊    | 29/50 [00:08<00:02, 10.48it/s]
 62%|██████▏   | 31/50 [00:08<00:01, 10.68it/s]
 66%|██████▌   | 33/50 [00:08<00:01, 10.84it/s]
 70%|███████   | 35/50 [00:09<00:01, 10.96it/s]
 74%|███████▍  | 37/50 [00:09<00:01, 11.05it/s]
 78%|███████▊  | 39/50 [00:09<00:00, 11.09it/s]
 82%|████████▏ | 41/50 [00:09<00:00, 11.10it/s]
 86%|████████▌ | 43/50 [00:09<00:00, 11.13it/s]
 90%|█████████ | 45/50 [00:09<00:00, 11.15it/s]
 94%|█████████▍| 47/50 [00:10<00:00, 11.17it/s]
 98%|█████████▊| 49/50 [00:10<00:00, 11.17it/s]
100%|██████████| 50/50 [00:16<00:00,  3.09it/s]
[I 2023-12-11 23:54:07,599] Trial 466 finished with value: 0.4416607738155369 and parameters: {'EMBEDDING_DIM': 32, 'HIDDEN_DIM': 862, 'NUM_LAYERS': 1, 'DROPOUT': 0.3458142473041529, 'LR': 0.008872784852166228, 'WEIGHT_0': 0.9639996791809186, 'WEIGHT_1': 0.2645792080251966, 'WEIGHT_2': 0.8289400285912387, 'WEIGHT_3': 0.2664927926304198, 'WEIGHT_4': 0.5755513799234995, 'WEIGHT_5': 0.5550797085601277, 'WEIGHT_6': 0.42388293208437516, 'WEIGHT_7': 0.9355181946893055, 'WEIGHT_8': 0.826672399818596}. Best is trial 282 with value: 0.45463128081401455.
{'EMBEDDING_DIM': 32, 'HIDDEN_DIM': 862, 'NUM_LAYERS': 1, 'DROPOUT': 0.3458142473041529, 'LR': 0.008872784852166228, 'WEIGHT_0': 0.9639996791809186, 'WEIGHT_1': 0.2645792080251966, 'WEIGHT_2': 0.8289400285912387, 'WEIGHT_3': 0.2664927926304198, 'WEIGHT_4': 0.5755513799234995, 'WEIGHT_5': 0.5550797085601277, 'WEIGHT_6': 0.42388293208437516, 'WEIGHT_7': 0.9355181946893055, 'WEIGHT_8': 0.826672399818596}
0
              precision    recall  f1-score   support

         LOC       0.00      0.00      0.00      1837
        MISC       0.00      0.00      0.00       922
         ORG       0.00      0.00      0.00      1341
         PER       0.00      0.00      0.00      1842

   micro avg       0.00      0.00      0.00      5942
   macro avg       0.00      0.00      0.00      5942
weighted avg       0.00      0.00      0.00      5942

{'EMBEDDING_DIM': 32, 'HIDDEN_DIM': 862, 'NUM_LAYERS': 1, 'DROPOUT': 0.3458142473041529, 'LR': 0.008872784852166228, 'WEIGHT_0': 0.9639996791809186, 'WEIGHT_1': 0.2645792080251966, 'WEIGHT_2': 0.8289400285912387, 'WEIGHT_3': 0.2664927926304198, 'WEIGHT_4': 0.5755513799234995, 'WEIGHT_5': 0.5550797085601277, 'WEIGHT_6': 0.42388293208437516, 'WEIGHT_7': 0.9355181946893055, 'WEIGHT_8': 0.826672399818596}
49
              precision    recall  f1-score   support

         LOC       0.79      0.58      0.67      1837
        MISC       0.58      0.49      0.53       922
         ORG       0.38      0.24      0.29      1341
         PER       0.36      0.19      0.25      1842

   micro avg       0.55      0.37      0.44      5942
   macro avg       0.52      0.37      0.43      5942
weighted avg       0.53      0.37      0.43      5942

epoch 49
Transformer

  0%|          | 0/50 [00:00<?, ?it/s]
  2%|▏         | 1/50 [00:05<04:49,  5.91s/it]
  4%|▍         | 2/50 [00:06<01:59,  2.49s/it]
  6%|▌         | 3/50 [00:06<01:05,  1.40s/it]
 10%|█         | 5/50 [00:06<00:29,  1.51it/s]
 14%|█▍        | 7/50 [00:06<00:17,  2.46it/s]
 18%|█▊        | 9/50 [00:06<00:11,  3.51it/s]
 22%|██▏       | 11/50 [00:06<00:08,  4.64it/s]
 26%|██▌       | 13/50 [00:07<00:06,  5.78it/s]
 30%|███       | 15/50 [00:07<00:05,  6.84it/s]
 34%|███▍      | 17/50 [00:07<00:04,  7.80it/s]
 38%|███▊      | 19/50 [00:07<00:03,  8.60it/s]
 42%|████▏     | 21/50 [00:07<00:03,  9.22it/s]
 46%|████▌     | 23/50 [00:07<00:02,  9.75it/s]
 50%|█████     | 25/50 [00:08<00:02, 10.13it/s]
 54%|█████▍    | 27/50 [00:08<00:02, 10.41it/s]
 58%|█████▊    | 29/50 [00:08<00:01, 10.61it/s]
 62%|██████▏   | 31/50 [00:08<00:01, 10.76it/s]
 66%|██████▌   | 33/50 [00:08<00:01, 10.84it/s]
 70%|███████   | 35/50 [00:09<00:01, 10.95it/s]
 74%|███████▍  | 37/50 [00:09<00:01, 10.97it/s]
 78%|███████▊  | 39/50 [00:09<00:00, 11.00it/s]
 82%|████████▏ | 41/50 [00:09<00:00, 11.05it/s]
 86%|████████▌ | 43/50 [00:09<00:00, 10.90it/s]
 90%|█████████ | 45/50 [00:09<00:00, 10.26it/s]
 94%|█████████▍| 47/50 [00:10<00:00,  9.91it/s]
 98%|█████████▊| 49/50 [00:10<00:00, 10.24it/s]
100%|██████████| 50/50 [00:16<00:00,  3.07it/s]
[I 2023-12-11 23:54:29,485] Trial 467 finished with value: 0.439409265628161 and parameters: {'EMBEDDING_DIM': 32, 'HIDDEN_DIM': 1102, 'NUM_LAYERS': 1, 'DROPOUT': 0.3689394301656379, 'LR': 0.008802189964273358, 'WEIGHT_0': 0.9811394378763545, 'WEIGHT_1': 0.2225399439649061, 'WEIGHT_2': 0.7089405885919249, 'WEIGHT_3': 0.28991997326049984, 'WEIGHT_4': 0.4549835564950542, 'WEIGHT_5': 0.5442528800439774, 'WEIGHT_6': 0.10357044056729603, 'WEIGHT_7': 0.919297407905265, 'WEIGHT_8': 0.8026675986716137}. Best is trial 282 with value: 0.45463128081401455.
{'EMBEDDING_DIM': 32, 'HIDDEN_DIM': 1102, 'NUM_LAYERS': 1, 'DROPOUT': 0.3689394301656379, 'LR': 0.008802189964273358, 'WEIGHT_0': 0.9811394378763545, 'WEIGHT_1': 0.2225399439649061, 'WEIGHT_2': 0.7089405885919249, 'WEIGHT_3': 0.28991997326049984, 'WEIGHT_4': 0.4549835564950542, 'WEIGHT_5': 0.5442528800439774, 'WEIGHT_6': 0.10357044056729603, 'WEIGHT_7': 0.919297407905265, 'WEIGHT_8': 0.8026675986716137}
0
              precision    recall  f1-score   support

         LOC       0.00      0.00      0.00      1837
        MISC       0.00      0.00      0.00       922
         ORG       0.00      0.00      0.00      1341
         PER       0.00      0.00      0.00      1842

   micro avg       0.00      0.00      0.00      5942
   macro avg       0.00      0.00      0.00      5942
weighted avg       0.00      0.00      0.00      5942

{'EMBEDDING_DIM': 32, 'HIDDEN_DIM': 1102, 'NUM_LAYERS': 1, 'DROPOUT': 0.3689394301656379, 'LR': 0.008802189964273358, 'WEIGHT_0': 0.9811394378763545, 'WEIGHT_1': 0.2225399439649061, 'WEIGHT_2': 0.7089405885919249, 'WEIGHT_3': 0.28991997326049984, 'WEIGHT_4': 0.4549835564950542, 'WEIGHT_5': 0.5442528800439774, 'WEIGHT_6': 0.10357044056729603, 'WEIGHT_7': 0.919297407905265, 'WEIGHT_8': 0.8026675986716137}
49
              precision    recall  f1-score   support

         LOC       0.63      0.60      0.62      1837
        MISC       0.64      0.51      0.57       922
         ORG       0.51      0.19      0.27      1341
         PER       0.36      0.19      0.25      1842

   micro avg       0.55      0.37      0.44      5942
   macro avg       0.53      0.37      0.42      5942
weighted avg       0.52      0.37      0.42      5942

epoch 49
Transformer

  0%|          | 0/50 [00:00<?, ?it/s]
  2%|▏         | 1/50 [00:06<05:17,  6.48s/it]
  4%|▍         | 2/50 [00:06<02:19,  2.90s/it]
  6%|▌         | 3/50 [00:07<01:22,  1.76s/it]
  8%|▊         | 4/50 [00:07<00:56,  1.22s/it]
 10%|█         | 5/50 [00:08<00:41,  1.08it/s]
 12%|█▏        | 6/50 [00:08<00:32,  1.34it/s]
 14%|█▍        | 7/50 [00:08<00:27,  1.59it/s]
 16%|█▌        | 8/50 [00:09<00:23,  1.80it/s]
 18%|█▊        | 9/50 [00:09<00:20,  1.98it/s]
 20%|██        | 10/50 [00:10<00:18,  2.12it/s]
 22%|██▏       | 11/50 [00:10<00:17,  2.24it/s]
 24%|██▍       | 12/50 [00:10<00:16,  2.32it/s]
 26%|██▌       | 13/50 [00:11<00:15,  2.38it/s]
 28%|██▊       | 14/50 [00:11<00:14,  2.42it/s]
 30%|███       | 15/50 [00:12<00:14,  2.45it/s]
 32%|███▏      | 16/50 [00:12<00:13,  2.47it/s]
 34%|███▍      | 17/50 [00:12<00:13,  2.49it/s]
 36%|███▌      | 18/50 [00:13<00:12,  2.50it/s]
 38%|███▊      | 19/50 [00:13<00:12,  2.50it/s]
 40%|████      | 20/50 [00:14<00:11,  2.51it/s]
 42%|████▏     | 21/50 [00:14<00:11,  2.51it/s]
 44%|████▍     | 22/50 [00:14<00:11,  2.51it/s]
 46%|████▌     | 23/50 [00:15<00:10,  2.51it/s]
 48%|████▊     | 24/50 [00:15<00:10,  2.52it/s]
 50%|█████     | 25/50 [00:15<00:09,  2.52it/s]
 52%|█████▏    | 26/50 [00:16<00:09,  2.52it/s]
 54%|█████▍    | 27/50 [00:16<00:09,  2.52it/s]
 56%|█████▌    | 28/50 [00:17<00:08,  2.52it/s]
 58%|█████▊    | 29/50 [00:17<00:08,  2.53it/s]
 60%|██████    | 30/50 [00:17<00:07,  2.53it/s]
 62%|██████▏   | 31/50 [00:18<00:07,  2.53it/s]
 64%|██████▍   | 32/50 [00:18<00:07,  2.53it/s]
 66%|██████▌   | 33/50 [00:19<00:06,  2.53it/s]
 68%|██████▊   | 34/50 [00:19<00:06,  2.52it/s]
 70%|███████   | 35/50 [00:19<00:05,  2.52it/s]
 72%|███████▏  | 36/50 [00:20<00:05,  2.52it/s]
 74%|███████▍  | 37/50 [00:20<00:05,  2.52it/s]
 76%|███████▌  | 38/50 [00:21<00:04,  2.52it/s]
 78%|███████▊  | 39/50 [00:21<00:04,  2.52it/s]
 80%|████████  | 40/50 [00:21<00:03,  2.52it/s]
 82%|████████▏ | 41/50 [00:22<00:03,  2.52it/s]
 84%|████████▍ | 42/50 [00:22<00:03,  2.52it/s]
 86%|████████▌ | 43/50 [00:23<00:02,  2.52it/s]
 88%|████████▊ | 44/50 [00:23<00:02,  2.52it/s]
 90%|█████████ | 45/50 [00:23<00:01,  2.52it/s]
 92%|█████████▏| 46/50 [00:24<00:01,  2.52it/s]
 94%|█████████▍| 47/50 [00:24<00:01,  2.52it/s]
 96%|█████████▌| 48/50 [00:25<00:00,  2.52it/s]
 98%|█████████▊| 49/50 [00:25<00:00,  2.52it/s]
100%|██████████| 50/50 [00:31<00:00,  2.17s/it]
100%|██████████| 50/50 [00:31<00:00,  1.57it/s]
[I 2023-12-11 23:55:07,216] Trial 468 finished with value: 0.16099568403091438 and parameters: {'EMBEDDING_DIM': 512, 'HIDDEN_DIM': 1024, 'NUM_LAYERS': 1, 'DROPOUT': 0.35030595377838253, 'LR': 0.008504464164026034, 'WEIGHT_0': 0.9981484288167328, 'WEIGHT_1': 0.30320414405436036, 'WEIGHT_2': 0.8085205045162364, 'WEIGHT_3': 0.3182643030757819, 'WEIGHT_4': 0.4176611280653295, 'WEIGHT_5': 0.5991204669079008, 'WEIGHT_6': 0.6530615009878273, 'WEIGHT_7': 0.9503997607720486, 'WEIGHT_8': 0.6787088747088424}. Best is trial 282 with value: 0.45463128081401455.
{'EMBEDDING_DIM': 512, 'HIDDEN_DIM': 1024, 'NUM_LAYERS': 1, 'DROPOUT': 0.35030595377838253, 'LR': 0.008504464164026034, 'WEIGHT_0': 0.9981484288167328, 'WEIGHT_1': 0.30320414405436036, 'WEIGHT_2': 0.8085205045162364, 'WEIGHT_3': 0.3182643030757819, 'WEIGHT_4': 0.4176611280653295, 'WEIGHT_5': 0.5991204669079008, 'WEIGHT_6': 0.6530615009878273, 'WEIGHT_7': 0.9503997607720486, 'WEIGHT_8': 0.6787088747088424}
0
              precision    recall  f1-score   support

         LOC       0.00      0.00      0.00      1837
        MISC       0.00      0.00      0.00       922
         ORG       0.00      0.00      0.00      1341
         PER       0.00      0.00      0.00      1842

   micro avg       0.00      0.00      0.00      5942
   macro avg       0.00      0.00      0.00      5942
weighted avg       0.00      0.00      0.00      5942

{'EMBEDDING_DIM': 512, 'HIDDEN_DIM': 1024, 'NUM_LAYERS': 1, 'DROPOUT': 0.35030595377838253, 'LR': 0.008504464164026034, 'WEIGHT_0': 0.9981484288167328, 'WEIGHT_1': 0.30320414405436036, 'WEIGHT_2': 0.8085205045162364, 'WEIGHT_3': 0.3182643030757819, 'WEIGHT_4': 0.4176611280653295, 'WEIGHT_5': 0.5991204669079008, 'WEIGHT_6': 0.6530615009878273, 'WEIGHT_7': 0.9503997607720486, 'WEIGHT_8': 0.6787088747088424}
49
              precision    recall  f1-score   support

         LOC       0.20      0.44      0.27      1837
        MISC       0.00      0.00      0.00       922
         ORG       0.00      0.00      0.00      1341
         PER       0.00      0.00      0.00      1842

   micro avg       0.20      0.13      0.16      5942
   macro avg       0.05      0.11      0.07      5942
weighted avg       0.06      0.13      0.08      5942

epoch 49
Transformer

  0%|          | 0/50 [00:00<?, ?it/s]
  2%|▏         | 1/50 [00:05<04:49,  5.91s/it]
  6%|▌         | 3/50 [00:06<01:15,  1.60s/it]
 10%|█         | 5/50 [00:06<00:37,  1.21it/s]
 14%|█▍        | 7/50 [00:06<00:22,  1.94it/s]
 18%|█▊        | 9/50 [00:06<00:14,  2.80it/s]
 22%|██▏       | 11/50 [00:06<00:10,  3.80it/s]
 26%|██▌       | 13/50 [00:07<00:07,  4.86it/s]
 30%|███       | 15/50 [00:07<00:05,  5.94it/s]
 34%|███▍      | 17/50 [00:07<00:04,  6.98it/s]
 38%|███▊      | 19/50 [00:07<00:03,  7.90it/s]
 42%|████▏     | 21/50 [00:07<00:03,  8.68it/s]
 46%|████▌     | 23/50 [00:07<00:02,  9.32it/s]
 50%|█████     | 25/50 [00:08<00:02,  9.83it/s]
 54%|█████▍    | 27/50 [00:08<00:02, 10.20it/s]
 58%|█████▊    | 29/50 [00:08<00:02, 10.49it/s]
 62%|██████▏   | 31/50 [00:08<00:01, 10.51it/s]
 66%|██████▌   | 33/50 [00:08<00:01, 10.01it/s]
 70%|███████   | 35/50 [00:09<00:01, 10.35it/s]
 74%|███████▍  | 37/50 [00:09<00:01, 10.61it/s]
 78%|███████▊  | 39/50 [00:09<00:01, 10.79it/s]
 82%|████████▏ | 41/50 [00:09<00:00, 10.93it/s]
 86%|████████▌ | 43/50 [00:09<00:00, 11.03it/s]
 90%|█████████ | 45/50 [00:09<00:00, 11.10it/s]
 94%|█████████▍| 47/50 [00:10<00:00, 11.16it/s]
 98%|█████████▊| 49/50 [00:10<00:00, 11.20it/s]
100%|██████████| 50/50 [00:16<00:00,  3.09it/s]
