[I 2023-12-11 21:11:00,396] Trial 153 finished with value: 0.43537281133189065 and parameters: {'EMBEDDING_DIM': 32, 'HIDDEN_DIM': 355, 'NUM_LAYERS': 1, 'DROPOUT': 0.09967744340226545, 'LR': 0.007946200705456515, 'WEIGHT_0': 0.9685671535502867, 'WEIGHT_1': 0.10378213187581829, 'WEIGHT_2': 0.40957545122781597, 'WEIGHT_3': 0.30027038270608525, 'WEIGHT_4': 0.8708701290847786, 'WEIGHT_5': 0.27572581544942654, 'WEIGHT_6': 0.1441901128933226, 'WEIGHT_7': 0.8088577430534009, 'WEIGHT_8': 0.34609849770413337}. Best is trial 42 with value: 0.44962374581939796.
{'EMBEDDING_DIM': 32, 'HIDDEN_DIM': 355, 'NUM_LAYERS': 1, 'DROPOUT': 0.09967744340226545, 'LR': 0.007946200705456515, 'WEIGHT_0': 0.9685671535502867, 'WEIGHT_1': 0.10378213187581829, 'WEIGHT_2': 0.40957545122781597, 'WEIGHT_3': 0.30027038270608525, 'WEIGHT_4': 0.8708701290847786, 'WEIGHT_5': 0.27572581544942654, 'WEIGHT_6': 0.1441901128933226, 'WEIGHT_7': 0.8088577430534009, 'WEIGHT_8': 0.34609849770413337}
0
              precision    recall  f1-score   support

         LOC       0.00      0.00      0.00      1837
        MISC       0.00      0.00      0.00       922
         ORG       0.00      0.00      0.00      1341
         PER       0.00      0.00      0.00      1842

   micro avg       0.00      0.00      0.00      5942
   macro avg       0.00      0.00      0.00      5942
weighted avg       0.00      0.00      0.00      5942

{'EMBEDDING_DIM': 32, 'HIDDEN_DIM': 355, 'NUM_LAYERS': 1, 'DROPOUT': 0.09967744340226545, 'LR': 0.007946200705456515, 'WEIGHT_0': 0.9685671535502867, 'WEIGHT_1': 0.10378213187581829, 'WEIGHT_2': 0.40957545122781597, 'WEIGHT_3': 0.30027038270608525, 'WEIGHT_4': 0.8708701290847786, 'WEIGHT_5': 0.27572581544942654, 'WEIGHT_6': 0.1441901128933226, 'WEIGHT_7': 0.8088577430534009, 'WEIGHT_8': 0.34609849770413337}
49
              precision    recall  f1-score   support

         LOC       0.77      0.58      0.66      1837
        MISC       0.64      0.48      0.55       922
         ORG       0.39      0.22      0.28      1341
         PER       0.29      0.22      0.25      1842

   micro avg       0.52      0.37      0.44      5942
   macro avg       0.52      0.38      0.44      5942
weighted avg       0.52      0.37      0.43      5942

epoch 49
Transformer

  0%|          | 0/50 [00:00<?, ?it/s]
  2%|▏         | 1/50 [00:05<04:42,  5.76s/it]
  6%|▌         | 3/50 [00:05<01:13,  1.56s/it]
 10%|█         | 5/50 [00:06<00:36,  1.24it/s]
 14%|█▍        | 7/50 [00:06<00:21,  1.99it/s]
 18%|█▊        | 9/50 [00:06<00:14,  2.86it/s]
 22%|██▏       | 11/50 [00:06<00:10,  3.86it/s]
 26%|██▌       | 13/50 [00:06<00:07,  4.86it/s]
 30%|███       | 15/50 [00:07<00:06,  5.64it/s]
 32%|███▏      | 16/50 [00:07<00:05,  6.10it/s]
 34%|███▍      | 17/50 [00:07<00:05,  6.59it/s]
 36%|███▌      | 18/50 [00:07<00:04,  6.98it/s]
 38%|███▊      | 19/50 [00:07<00:04,  7.33it/s]
 40%|████      | 20/50 [00:07<00:03,  7.64it/s]
 42%|████▏     | 21/50 [00:07<00:03,  7.88it/s]
 44%|████▍     | 22/50 [00:07<00:03,  8.19it/s]
 48%|████▊     | 24/50 [00:08<00:02,  9.42it/s]
 52%|█████▏    | 26/50 [00:08<00:02, 10.10it/s]
 56%|█████▌    | 28/50 [00:08<00:02, 10.54it/s]
 60%|██████    | 30/50 [00:08<00:01, 10.79it/s]
 64%|██████▍   | 32/50 [00:08<00:01, 10.99it/s]
 68%|██████▊   | 34/50 [00:08<00:01, 11.13it/s]
 72%|███████▏  | 36/50 [00:09<00:01, 11.21it/s]
 76%|███████▌  | 38/50 [00:09<00:01, 11.27it/s]
 80%|████████  | 40/50 [00:09<00:00, 11.32it/s]
 84%|████████▍ | 42/50 [00:09<00:00, 11.35it/s]
 88%|████████▊ | 44/50 [00:09<00:00, 11.38it/s]
 92%|█████████▏| 46/50 [00:09<00:00, 11.40it/s]
 96%|█████████▌| 48/50 [00:10<00:00, 11.33it/s]
100%|██████████| 50/50 [00:16<00:00,  1.05it/s]
100%|██████████| 50/50 [00:16<00:00,  3.10it/s]
[I 2023-12-11 21:11:21,998] Trial 154 finished with value: 0.44365609348914853 and parameters: {'EMBEDDING_DIM': 32, 'HIDDEN_DIM': 231, 'NUM_LAYERS': 1, 'DROPOUT': 0.13193877003252186, 'LR': 0.008463980996357439, 'WEIGHT_0': 0.8885670571908068, 'WEIGHT_1': 0.07895609307094605, 'WEIGHT_2': 0.34031877805193117, 'WEIGHT_3': 0.21891786549169479, 'WEIGHT_4': 0.8186464703930622, 'WEIGHT_5': 0.4197018772512896, 'WEIGHT_6': 0.15188494419994322, 'WEIGHT_7': 0.8924124005760159, 'WEIGHT_8': 0.3666345480296182}. Best is trial 42 with value: 0.44962374581939796.
{'EMBEDDING_DIM': 32, 'HIDDEN_DIM': 231, 'NUM_LAYERS': 1, 'DROPOUT': 0.13193877003252186, 'LR': 0.008463980996357439, 'WEIGHT_0': 0.8885670571908068, 'WEIGHT_1': 0.07895609307094605, 'WEIGHT_2': 0.34031877805193117, 'WEIGHT_3': 0.21891786549169479, 'WEIGHT_4': 0.8186464703930622, 'WEIGHT_5': 0.4197018772512896, 'WEIGHT_6': 0.15188494419994322, 'WEIGHT_7': 0.8924124005760159, 'WEIGHT_8': 0.3666345480296182}
0
              precision    recall  f1-score   support

         LOC       0.00      0.00      0.00      1837
        MISC       0.00      0.00      0.00       922
         ORG       0.00      0.00      0.00      1341
         PER       0.00      0.00      0.00      1842

   micro avg       0.00      0.00      0.00      5942
   macro avg       0.00      0.00      0.00      5942
weighted avg       0.00      0.00      0.00      5942

{'EMBEDDING_DIM': 32, 'HIDDEN_DIM': 231, 'NUM_LAYERS': 1, 'DROPOUT': 0.13193877003252186, 'LR': 0.008463980996357439, 'WEIGHT_0': 0.8885670571908068, 'WEIGHT_1': 0.07895609307094605, 'WEIGHT_2': 0.34031877805193117, 'WEIGHT_3': 0.21891786549169479, 'WEIGHT_4': 0.8186464703930622, 'WEIGHT_5': 0.4197018772512896, 'WEIGHT_6': 0.15188494419994322, 'WEIGHT_7': 0.8924124005760159, 'WEIGHT_8': 0.3666345480296182}
49
              precision    recall  f1-score   support

         LOC       0.78      0.57      0.66      1837
        MISC       0.61      0.50      0.55       922
         ORG       0.44      0.21      0.28      1341
         PER       0.37      0.18      0.24      1842

   micro avg       0.58      0.36      0.44      5942
   macro avg       0.55      0.37      0.43      5942
weighted avg       0.55      0.36      0.43      5942

epoch 49
Transformer

  0%|          | 0/50 [00:00<?, ?it/s]
  2%|▏         | 1/50 [00:06<05:29,  6.72s/it]
  4%|▍         | 2/50 [00:07<02:35,  3.25s/it]
  6%|▌         | 3/50 [00:08<01:40,  2.14s/it]
  8%|▊         | 4/50 [00:09<01:14,  1.62s/it]
 10%|█         | 5/50 [00:10<00:59,  1.33s/it]
 12%|█▏        | 6/50 [00:10<00:50,  1.16s/it]
 14%|█▍        | 7/50 [00:11<00:45,  1.05s/it]
 16%|█▌        | 8/50 [00:12<00:40,  1.03it/s]
 18%|█▊        | 9/50 [00:13<00:38,  1.08it/s]
 20%|██        | 10/50 [00:14<00:35,  1.12it/s]
 22%|██▏       | 11/50 [00:14<00:34,  1.15it/s]
 24%|██▍       | 12/50 [00:15<00:32,  1.17it/s]
 26%|██▌       | 13/50 [00:16<00:31,  1.18it/s]
 28%|██▊       | 14/50 [00:17<00:30,  1.19it/s]
 30%|███       | 15/50 [00:18<00:29,  1.20it/s]
 32%|███▏      | 16/50 [00:19<00:28,  1.20it/s]
 34%|███▍      | 17/50 [00:19<00:27,  1.21it/s]
 36%|███▌      | 18/50 [00:20<00:26,  1.21it/s]
 38%|███▊      | 19/50 [00:21<00:25,  1.21it/s]
 40%|████      | 20/50 [00:22<00:24,  1.21it/s]
 42%|████▏     | 21/50 [00:23<00:23,  1.21it/s]
 44%|████▍     | 22/50 [00:24<00:23,  1.21it/s]
 46%|████▌     | 23/50 [00:24<00:22,  1.21it/s]
 48%|████▊     | 24/50 [00:25<00:21,  1.21it/s]
 50%|█████     | 25/50 [00:26<00:20,  1.21it/s]
 52%|█████▏    | 26/50 [00:27<00:19,  1.21it/s]
 54%|█████▍    | 27/50 [00:28<00:19,  1.21it/s]
 56%|█████▌    | 28/50 [00:28<00:18,  1.21it/s]
 58%|█████▊    | 29/50 [00:29<00:17,  1.21it/s]
 60%|██████    | 30/50 [00:30<00:16,  1.21it/s]
 62%|██████▏   | 31/50 [00:31<00:15,  1.21it/s]
 64%|██████▍   | 32/50 [00:32<00:14,  1.21it/s]
 66%|██████▌   | 33/50 [00:33<00:14,  1.21it/s]
 68%|██████▊   | 34/50 [00:33<00:13,  1.21it/s]
 70%|███████   | 35/50 [00:34<00:12,  1.20it/s]
 72%|███████▏  | 36/50 [00:35<00:11,  1.20it/s]
 74%|███████▍  | 37/50 [00:36<00:10,  1.20it/s]
 76%|███████▌  | 38/50 [00:37<00:09,  1.20it/s]
 78%|███████▊  | 39/50 [00:38<00:09,  1.20it/s]
 80%|████████  | 40/50 [00:38<00:08,  1.20it/s]
 82%|████████▏ | 41/50 [00:39<00:07,  1.20it/s]
 84%|████████▍ | 42/50 [00:40<00:06,  1.20it/s]
 86%|████████▌ | 43/50 [00:41<00:05,  1.20it/s]
 88%|████████▊ | 44/50 [00:42<00:05,  1.20it/s]
 90%|█████████ | 45/50 [00:43<00:04,  1.20it/s]
 92%|█████████▏| 46/50 [00:43<00:03,  1.20it/s]
 94%|█████████▍| 47/50 [00:44<00:02,  1.20it/s]
 96%|█████████▌| 48/50 [00:45<00:01,  1.20it/s]
 98%|█████████▊| 49/50 [00:46<00:00,  1.20it/s]
100%|██████████| 50/50 [00:53<00:00,  2.60s/it]
100%|██████████| 50/50 [00:53<00:00,  1.06s/it]
[I 2023-12-11 21:12:21,182] Trial 155 finished with value: 0.0 and parameters: {'EMBEDDING_DIM': 1024, 'HIDDEN_DIM': 525, 'NUM_LAYERS': 1, 'DROPOUT': 0.13033169719746673, 'LR': 0.008461491675861018, 'WEIGHT_0': 0.892771547523021, 'WEIGHT_1': 0.07123190586192386, 'WEIGHT_2': 0.34508934984705103, 'WEIGHT_3': 0.21538908841278062, 'WEIGHT_4': 0.7517873618695593, 'WEIGHT_5': 0.4636669682273613, 'WEIGHT_6': 0.1536106565060526, 'WEIGHT_7': 0.8558970400701267, 'WEIGHT_8': 0.3255384040845511}. Best is trial 42 with value: 0.44962374581939796.
{'EMBEDDING_DIM': 1024, 'HIDDEN_DIM': 525, 'NUM_LAYERS': 1, 'DROPOUT': 0.13033169719746673, 'LR': 0.008461491675861018, 'WEIGHT_0': 0.892771547523021, 'WEIGHT_1': 0.07123190586192386, 'WEIGHT_2': 0.34508934984705103, 'WEIGHT_3': 0.21538908841278062, 'WEIGHT_4': 0.7517873618695593, 'WEIGHT_5': 0.4636669682273613, 'WEIGHT_6': 0.1536106565060526, 'WEIGHT_7': 0.8558970400701267, 'WEIGHT_8': 0.3255384040845511}
0
              precision    recall  f1-score   support

         LOC       0.00      0.00      0.00      1837
        MISC       0.00      0.00      0.00       922
         ORG       0.00      0.00      0.00      1341
         PER       0.00      0.00      0.00      1842

   micro avg       0.00      0.00      0.00      5942
   macro avg       0.00      0.00      0.00      5942
weighted avg       0.00      0.00      0.00      5942

{'EMBEDDING_DIM': 1024, 'HIDDEN_DIM': 525, 'NUM_LAYERS': 1, 'DROPOUT': 0.13033169719746673, 'LR': 0.008461491675861018, 'WEIGHT_0': 0.892771547523021, 'WEIGHT_1': 0.07123190586192386, 'WEIGHT_2': 0.34508934984705103, 'WEIGHT_3': 0.21538908841278062, 'WEIGHT_4': 0.7517873618695593, 'WEIGHT_5': 0.4636669682273613, 'WEIGHT_6': 0.1536106565060526, 'WEIGHT_7': 0.8558970400701267, 'WEIGHT_8': 0.3255384040845511}
49
              precision    recall  f1-score   support

         LOC       0.00      0.00      0.00      1837
        MISC       0.00      0.00      0.00       922
         ORG       0.00      0.00      0.00      1341
         PER       0.00      0.00      0.00      1842

   micro avg       0.00      0.00      0.00      5942
   macro avg       0.00      0.00      0.00      5942
weighted avg       0.00      0.00      0.00      5942

epoch 49
Transformer

  0%|          | 0/50 [00:00<?, ?it/s]
  2%|▏         | 1/50 [00:06<05:02,  6.18s/it]
  4%|▍         | 2/50 [00:06<02:11,  2.74s/it]
  6%|▌         | 3/50 [00:06<01:16,  1.63s/it]
  8%|▊         | 4/50 [00:07<00:51,  1.12s/it]
 10%|█         | 5/50 [00:07<00:37,  1.21it/s]
 12%|█▏        | 6/50 [00:07<00:28,  1.54it/s]
 14%|█▍        | 7/50 [00:08<00:23,  1.86it/s]
 16%|█▌        | 8/50 [00:08<00:19,  2.16it/s]
 18%|█▊        | 9/50 [00:08<00:17,  2.41it/s]
 20%|██        | 10/50 [00:08<00:15,  2.62it/s]
 22%|██▏       | 11/50 [00:09<00:13,  2.79it/s]
 24%|██▍       | 12/50 [00:09<00:13,  2.91it/s]
 26%|██▌       | 13/50 [00:09<00:12,  3.01it/s]
 28%|██▊       | 14/50 [00:10<00:11,  3.08it/s]
 30%|███       | 15/50 [00:10<00:11,  3.13it/s]
 32%|███▏      | 16/50 [00:10<00:10,  3.17it/s]
 34%|███▍      | 17/50 [00:11<00:10,  3.19it/s]
 36%|███▌      | 18/50 [00:11<00:09,  3.21it/s]
 38%|███▊      | 19/50 [00:11<00:09,  3.22it/s]
 40%|████      | 20/50 [00:12<00:09,  3.23it/s]
 42%|████▏     | 21/50 [00:12<00:08,  3.24it/s]
 44%|████▍     | 22/50 [00:12<00:08,  3.24it/s]
 46%|████▌     | 23/50 [00:12<00:08,  3.25it/s]
 48%|████▊     | 24/50 [00:13<00:08,  3.25it/s]
 50%|█████     | 25/50 [00:13<00:07,  3.25it/s]
 52%|█████▏    | 26/50 [00:13<00:07,  3.24it/s]
 54%|█████▍    | 27/50 [00:14<00:07,  3.24it/s]
 56%|█████▌    | 28/50 [00:14<00:06,  3.24it/s]
 58%|█████▊    | 29/50 [00:14<00:06,  3.24it/s]
 60%|██████    | 30/50 [00:15<00:06,  3.25it/s]
 62%|██████▏   | 31/50 [00:15<00:05,  3.25it/s]
 64%|██████▍   | 32/50 [00:15<00:05,  3.25it/s]
 66%|██████▌   | 33/50 [00:16<00:05,  3.25it/s]
 68%|██████▊   | 34/50 [00:16<00:04,  3.25it/s]
 70%|███████   | 35/50 [00:16<00:04,  3.25it/s]
 72%|███████▏  | 36/50 [00:16<00:04,  3.25it/s]
 74%|███████▍  | 37/50 [00:17<00:04,  3.25it/s]
 76%|███████▌  | 38/50 [00:17<00:03,  3.25it/s]
 78%|███████▊  | 39/50 [00:17<00:03,  3.25it/s]
 80%|████████  | 40/50 [00:18<00:03,  3.25it/s]
 82%|████████▏ | 41/50 [00:18<00:02,  3.25it/s]
 84%|████████▍ | 42/50 [00:18<00:02,  3.25it/s]
 86%|████████▌ | 43/50 [00:19<00:02,  3.24it/s]
 88%|████████▊ | 44/50 [00:19<00:01,  3.16it/s]
 90%|█████████ | 45/50 [00:19<00:01,  3.08it/s]
 92%|█████████▏| 46/50 [00:20<00:01,  3.03it/s]
 94%|█████████▍| 47/50 [00:20<00:01,  2.99it/s]
 96%|█████████▌| 48/50 [00:20<00:00,  2.97it/s]
 98%|█████████▊| 49/50 [00:21<00:00,  3.02it/s]
100%|██████████| 50/50 [00:27<00:00,  2.14s/it]
100%|██████████| 50/50 [00:27<00:00,  1.82it/s]
[I 2023-12-11 21:12:54,372] Trial 156 finished with value: 0.1450860832137733 and parameters: {'EMBEDDING_DIM': 512, 'HIDDEN_DIM': 129, 'NUM_LAYERS': 1, 'DROPOUT': 0.1162351942551527, 'LR': 0.007055663217945485, 'WEIGHT_0': 0.8452841949265825, 'WEIGHT_1': 0.08718622036407653, 'WEIGHT_2': 0.39145374073323363, 'WEIGHT_3': 0.17902556505390863, 'WEIGHT_4': 0.8098835844563131, 'WEIGHT_5': 0.41640571901526996, 'WEIGHT_6': 0.21953894809526509, 'WEIGHT_7': 0.8927917843429768, 'WEIGHT_8': 0.3714726690055984}. Best is trial 42 with value: 0.44962374581939796.
{'EMBEDDING_DIM': 512, 'HIDDEN_DIM': 129, 'NUM_LAYERS': 1, 'DROPOUT': 0.1162351942551527, 'LR': 0.007055663217945485, 'WEIGHT_0': 0.8452841949265825, 'WEIGHT_1': 0.08718622036407653, 'WEIGHT_2': 0.39145374073323363, 'WEIGHT_3': 0.17902556505390863, 'WEIGHT_4': 0.8098835844563131, 'WEIGHT_5': 0.41640571901526996, 'WEIGHT_6': 0.21953894809526509, 'WEIGHT_7': 0.8927917843429768, 'WEIGHT_8': 0.3714726690055984}
0
              precision    recall  f1-score   support

         LOC       0.00      0.00      0.00      1837
        MISC       0.00      0.00      0.00       922
         ORG       0.00      0.00      0.00      1341
         PER       0.00      0.00      0.00      1842

   micro avg       0.00      0.00      0.00      5942
   macro avg       0.00      0.00      0.00      5942
weighted avg       0.00      0.00      0.00      5942

{'EMBEDDING_DIM': 512, 'HIDDEN_DIM': 129, 'NUM_LAYERS': 1, 'DROPOUT': 0.1162351942551527, 'LR': 0.007055663217945485, 'WEIGHT_0': 0.8452841949265825, 'WEIGHT_1': 0.08718622036407653, 'WEIGHT_2': 0.39145374073323363, 'WEIGHT_3': 0.17902556505390863, 'WEIGHT_4': 0.8098835844563131, 'WEIGHT_5': 0.41640571901526996, 'WEIGHT_6': 0.21953894809526509, 'WEIGHT_7': 0.8927917843429768, 'WEIGHT_8': 0.3714726690055984}
49
              precision    recall  f1-score   support

         LOC       0.20      0.32      0.25      1837
        MISC       0.08      0.09      0.09       922
         ORG       0.00      0.00      0.00      1341
         PER       0.11      0.08      0.09      1842

   micro avg       0.16      0.14      0.15      5942
   macro avg       0.10      0.12      0.11      5942
weighted avg       0.11      0.14      0.12      5942

epoch 49
Transformer

  0%|          | 0/50 [00:00<?, ?it/s]
  2%|▏         | 1/50 [00:05<04:47,  5.86s/it]
  6%|▌         | 3/50 [00:06<01:14,  1.59s/it]
 10%|█         | 5/50 [00:06<00:36,  1.22it/s]
 14%|█▍        | 7/50 [00:06<00:21,  1.96it/s]
 18%|█▊        | 9/50 [00:06<00:14,  2.81it/s]
 22%|██▏       | 11/50 [00:06<00:10,  3.80it/s]
 26%|██▌       | 13/50 [00:06<00:07,  4.86it/s]
 30%|███       | 15/50 [00:07<00:05,  5.92it/s]
 34%|███▍      | 17/50 [00:07<00:04,  6.92it/s]
 38%|███▊      | 19/50 [00:07<00:03,  7.82it/s]
 42%|████▏     | 21/50 [00:07<00:03,  8.56it/s]
 46%|████▌     | 23/50 [00:07<00:02,  9.17it/s]
 50%|█████     | 25/50 [00:08<00:02,  9.64it/s]
 54%|█████▍    | 27/50 [00:08<00:02, 10.00it/s]
 58%|█████▊    | 29/50 [00:08<00:02, 10.25it/s]
 62%|██████▏   | 31/50 [00:08<00:01, 10.45it/s]
 66%|██████▌   | 33/50 [00:08<00:01, 10.62it/s]
 70%|███████   | 35/50 [00:08<00:01, 10.69it/s]
 74%|███████▍  | 37/50 [00:09<00:01, 10.73it/s]
 78%|███████▊  | 39/50 [00:09<00:01, 10.80it/s]
 82%|████████▏ | 41/50 [00:09<00:00, 10.87it/s]
 86%|████████▌ | 43/50 [00:09<00:00, 10.91it/s]
 90%|█████████ | 45/50 [00:09<00:00, 10.94it/s]
 94%|█████████▍| 47/50 [00:10<00:00, 10.89it/s]
 98%|█████████▊| 49/50 [00:10<00:00, 10.93it/s]
100%|██████████| 50/50 [00:16<00:00,  3.08it/s]
[I 2023-12-11 21:13:16,100] Trial 157 finished with value: 0.4382594246546889 and parameters: {'EMBEDDING_DIM': 32, 'HIDDEN_DIM': 408, 'NUM_LAYERS': 1, 'DROPOUT': 0.13846229338127714, 'LR': 0.0072839813023109394, 'WEIGHT_0': 0.8705354501104998, 'WEIGHT_1': 0.036631346207040075, 'WEIGHT_2': 0.4302452547535592, 'WEIGHT_3': 0.23382777593092732, 'WEIGHT_4': 0.7756714360732118, 'WEIGHT_5': 0.39739350309861843, 'WEIGHT_6': 0.1844942981630468, 'WEIGHT_7': 0.8304801640910764, 'WEIGHT_8': 0.28437719919454707}. Best is trial 42 with value: 0.44962374581939796.
{'EMBEDDING_DIM': 32, 'HIDDEN_DIM': 408, 'NUM_LAYERS': 1, 'DROPOUT': 0.13846229338127714, 'LR': 0.0072839813023109394, 'WEIGHT_0': 0.8705354501104998, 'WEIGHT_1': 0.036631346207040075, 'WEIGHT_2': 0.4302452547535592, 'WEIGHT_3': 0.23382777593092732, 'WEIGHT_4': 0.7756714360732118, 'WEIGHT_5': 0.39739350309861843, 'WEIGHT_6': 0.1844942981630468, 'WEIGHT_7': 0.8304801640910764, 'WEIGHT_8': 0.28437719919454707}
0
              precision    recall  f1-score   support

         LOC       0.00      0.00      0.00      1837
        MISC       0.00      0.00      0.00       922
         ORG       0.00      0.00      0.00      1341
         PER       0.00      0.00      0.00      1842

   micro avg       0.00      0.00      0.00      5942
   macro avg       0.00      0.00      0.00      5942
weighted avg       0.00      0.00      0.00      5942

{'EMBEDDING_DIM': 32, 'HIDDEN_DIM': 408, 'NUM_LAYERS': 1, 'DROPOUT': 0.13846229338127714, 'LR': 0.0072839813023109394, 'WEIGHT_0': 0.8705354501104998, 'WEIGHT_1': 0.036631346207040075, 'WEIGHT_2': 0.4302452547535592, 'WEIGHT_3': 0.23382777593092732, 'WEIGHT_4': 0.7756714360732118, 'WEIGHT_5': 0.39739350309861843, 'WEIGHT_6': 0.1844942981630468, 'WEIGHT_7': 0.8304801640910764, 'WEIGHT_8': 0.28437719919454707}
49
              precision    recall  f1-score   support

         LOC       0.75      0.57      0.65      1837
        MISC       0.60      0.51      0.55       922
         ORG       0.43      0.20      0.27      1341
         PER       0.37      0.18      0.24      1842

   micro avg       0.57      0.36      0.44      5942
   macro avg       0.54      0.36      0.43      5942
weighted avg       0.54      0.36      0.42      5942

epoch 49
Transformer

  0%|          | 0/50 [00:00<?, ?it/s]
  2%|▏         | 1/50 [00:05<04:46,  5.85s/it]
  6%|▌         | 3/50 [00:06<01:14,  1.58s/it]
 10%|█         | 5/50 [00:06<00:36,  1.23it/s]
 14%|█▍        | 7/50 [00:06<00:21,  1.96it/s]
 18%|█▊        | 9/50 [00:06<00:14,  2.84it/s]
 22%|██▏       | 11/50 [00:06<00:10,  3.81it/s]
 26%|██▌       | 13/50 [00:06<00:07,  4.86it/s]
 30%|███       | 15/50 [00:07<00:05,  5.84it/s]
 34%|███▍      | 17/50 [00:07<00:05,  6.41it/s]
 38%|███▊      | 19/50 [00:07<00:04,  7.41it/s]
 42%|████▏     | 21/50 [00:07<00:03,  8.31it/s]
 46%|████▌     | 23/50 [00:07<00:02,  9.07it/s]
 50%|█████     | 25/50 [00:08<00:02,  9.68it/s]
 54%|█████▍    | 27/50 [00:08<00:02, 10.13it/s]
 58%|█████▊    | 29/50 [00:08<00:02, 10.48it/s]
 62%|██████▏   | 31/50 [00:08<00:01, 10.74it/s]
 66%|██████▌   | 33/50 [00:08<00:01, 10.94it/s]
 70%|███████   | 35/50 [00:08<00:01, 11.08it/s]
 74%|███████▍  | 37/50 [00:09<00:01, 11.16it/s]
 78%|███████▊  | 39/50 [00:09<00:00, 11.24it/s]
 82%|████████▏ | 41/50 [00:09<00:00, 11.29it/s]
 86%|████████▌ | 43/50 [00:09<00:00, 11.31it/s]
 90%|█████████ | 45/50 [00:09<00:00, 11.34it/s]
 94%|█████████▍| 47/50 [00:10<00:00, 11.35it/s]
 98%|█████████▊| 49/50 [00:10<00:00, 11.34it/s]
100%|██████████| 50/50 [00:16<00:00,  3.12it/s]
