[I 2023-12-11 21:29:21,888] Trial 190 finished with value: 0.44089392254019616 and parameters: {'EMBEDDING_DIM': 32, 'HIDDEN_DIM': 313, 'NUM_LAYERS': 1, 'DROPOUT': 0.1755468781012826, 'LR': 0.007517332064661741, 'WEIGHT_0': 0.8509557822884932, 'WEIGHT_1': 0.14419859781276015, 'WEIGHT_2': 0.4052738607592551, 'WEIGHT_3': 0.31159897426999955, 'WEIGHT_4': 0.8036227796029236, 'WEIGHT_5': 0.3317849324927537, 'WEIGHT_6': 0.20773376920626258, 'WEIGHT_7': 0.8462659538219952, 'WEIGHT_8': 0.838642593149613}. Best is trial 42 with value: 0.44962374581939796.
{'EMBEDDING_DIM': 32, 'HIDDEN_DIM': 313, 'NUM_LAYERS': 1, 'DROPOUT': 0.1755468781012826, 'LR': 0.007517332064661741, 'WEIGHT_0': 0.8509557822884932, 'WEIGHT_1': 0.14419859781276015, 'WEIGHT_2': 0.4052738607592551, 'WEIGHT_3': 0.31159897426999955, 'WEIGHT_4': 0.8036227796029236, 'WEIGHT_5': 0.3317849324927537, 'WEIGHT_6': 0.20773376920626258, 'WEIGHT_7': 0.8462659538219952, 'WEIGHT_8': 0.838642593149613}
0
              precision    recall  f1-score   support

         LOC       0.00      0.00      0.00      1837
        MISC       0.00      0.00      0.00       922
         ORG       0.00      0.00      0.00      1341
         PER       0.00      0.00      0.00      1842

   micro avg       0.00      0.00      0.00      5942
   macro avg       0.00      0.00      0.00      5942
weighted avg       0.00      0.00      0.00      5942

{'EMBEDDING_DIM': 32, 'HIDDEN_DIM': 313, 'NUM_LAYERS': 1, 'DROPOUT': 0.1755468781012826, 'LR': 0.007517332064661741, 'WEIGHT_0': 0.8509557822884932, 'WEIGHT_1': 0.14419859781276015, 'WEIGHT_2': 0.4052738607592551, 'WEIGHT_3': 0.31159897426999955, 'WEIGHT_4': 0.8036227796029236, 'WEIGHT_5': 0.3317849324927537, 'WEIGHT_6': 0.20773376920626258, 'WEIGHT_7': 0.8462659538219952, 'WEIGHT_8': 0.838642593149613}
49
              precision    recall  f1-score   support

         LOC       0.77      0.59      0.67      1837
        MISC       0.63      0.48      0.55       922
         ORG       0.41      0.22      0.28      1341
         PER       0.32      0.20      0.24      1842

   micro avg       0.55      0.37      0.44      5942
   macro avg       0.53      0.37      0.44      5942
weighted avg       0.53      0.37      0.43      5942

epoch 49
Transformer

  0%|          | 0/50 [00:00<?, ?it/s]
  2%|▏         | 1/50 [00:05<04:53,  5.98s/it]
  6%|▌         | 3/50 [00:06<01:16,  1.62s/it]
 10%|█         | 5/50 [00:06<00:37,  1.20it/s]
 14%|█▍        | 7/50 [00:06<00:22,  1.90it/s]
 18%|█▊        | 9/50 [00:06<00:14,  2.75it/s]
 22%|██▏       | 11/50 [00:06<00:10,  3.71it/s]
 26%|██▌       | 13/50 [00:07<00:07,  4.72it/s]
 30%|███       | 15/50 [00:07<00:06,  5.74it/s]
 34%|███▍      | 17/50 [00:07<00:04,  6.70it/s]
 38%|███▊      | 19/50 [00:07<00:04,  7.54it/s]
 42%|████▏     | 21/50 [00:07<00:03,  8.25it/s]
 46%|████▌     | 23/50 [00:08<00:03,  8.80it/s]
 50%|█████     | 25/50 [00:08<00:02,  9.26it/s]
 54%|█████▍    | 27/50 [00:08<00:02,  9.61it/s]
 58%|█████▊    | 29/50 [00:08<00:02,  9.86it/s]
 62%|██████▏   | 31/50 [00:08<00:01, 10.03it/s]
 66%|██████▌   | 33/50 [00:09<00:01, 10.16it/s]
 70%|███████   | 35/50 [00:09<00:01, 10.26it/s]
 74%|███████▍  | 37/50 [00:09<00:01, 10.32it/s]
 78%|███████▊  | 39/50 [00:09<00:01, 10.34it/s]
 82%|████████▏ | 41/50 [00:09<00:00, 10.39it/s]
 86%|████████▌ | 43/50 [00:10<00:00, 10.45it/s]
 90%|█████████ | 45/50 [00:10<00:00, 10.56it/s]
 94%|█████████▍| 47/50 [00:10<00:00, 10.66it/s]
 98%|█████████▊| 49/50 [00:10<00:00, 10.70it/s]
100%|██████████| 50/50 [00:16<00:00,  2.99it/s]
[I 2023-12-11 21:29:44,204] Trial 191 finished with value: 0.44534497090606817 and parameters: {'EMBEDDING_DIM': 32, 'HIDDEN_DIM': 400, 'NUM_LAYERS': 1, 'DROPOUT': 0.1132439805143545, 'LR': 0.007660929980687962, 'WEIGHT_0': 0.8696036788093977, 'WEIGHT_1': 0.06556861321367907, 'WEIGHT_2': 0.36593128132842223, 'WEIGHT_3': 0.26482412021203844, 'WEIGHT_4': 0.8181760415000275, 'WEIGHT_5': 0.29809657121533306, 'WEIGHT_6': 0.17328053491637732, 'WEIGHT_7': 0.8732073564695313, 'WEIGHT_8': 0.3701100864132739}. Best is trial 42 with value: 0.44962374581939796.
{'EMBEDDING_DIM': 32, 'HIDDEN_DIM': 400, 'NUM_LAYERS': 1, 'DROPOUT': 0.1132439805143545, 'LR': 0.007660929980687962, 'WEIGHT_0': 0.8696036788093977, 'WEIGHT_1': 0.06556861321367907, 'WEIGHT_2': 0.36593128132842223, 'WEIGHT_3': 0.26482412021203844, 'WEIGHT_4': 0.8181760415000275, 'WEIGHT_5': 0.29809657121533306, 'WEIGHT_6': 0.17328053491637732, 'WEIGHT_7': 0.8732073564695313, 'WEIGHT_8': 0.3701100864132739}
0
              precision    recall  f1-score   support

         LOC       0.00      0.00      0.00      1837
        MISC       0.00      0.00      0.00       922
         ORG       0.00      0.00      0.00      1341
         PER       0.00      0.00      0.00      1842

   micro avg       0.00      0.00      0.00      5942
   macro avg       0.00      0.00      0.00      5942
weighted avg       0.00      0.00      0.00      5942

{'EMBEDDING_DIM': 32, 'HIDDEN_DIM': 400, 'NUM_LAYERS': 1, 'DROPOUT': 0.1132439805143545, 'LR': 0.007660929980687962, 'WEIGHT_0': 0.8696036788093977, 'WEIGHT_1': 0.06556861321367907, 'WEIGHT_2': 0.36593128132842223, 'WEIGHT_3': 0.26482412021203844, 'WEIGHT_4': 0.8181760415000275, 'WEIGHT_5': 0.29809657121533306, 'WEIGHT_6': 0.17328053491637732, 'WEIGHT_7': 0.8732073564695313, 'WEIGHT_8': 0.3701100864132739}
49
              precision    recall  f1-score   support

         LOC       0.79      0.57      0.66      1837
        MISC       0.61      0.50      0.55       922
         ORG       0.45      0.22      0.30      1341
         PER       0.35      0.18      0.24      1842

   micro avg       0.58      0.36      0.45      5942
   macro avg       0.55      0.37      0.44      5942
weighted avg       0.55      0.36      0.43      5942

epoch 49
Transformer

  0%|          | 0/50 [00:00<?, ?it/s]
  2%|▏         | 1/50 [00:05<04:53,  5.98s/it]
  6%|▌         | 3/50 [00:06<01:16,  1.62s/it]
 10%|█         | 5/50 [00:06<00:37,  1.19it/s]
 14%|█▍        | 7/50 [00:06<00:22,  1.90it/s]
 18%|█▊        | 9/50 [00:06<00:14,  2.74it/s]
 22%|██▏       | 11/50 [00:06<00:10,  3.66it/s]
 24%|██▍       | 12/50 [00:07<00:09,  4.08it/s]
 26%|██▌       | 13/50 [00:07<00:08,  4.54it/s]
 28%|██▊       | 14/50 [00:07<00:07,  4.87it/s]
 30%|███       | 15/50 [00:07<00:06,  5.31it/s]
 32%|███▏      | 16/50 [00:07<00:06,  5.67it/s]
 34%|███▍      | 17/50 [00:07<00:05,  5.97it/s]
 36%|███▌      | 18/50 [00:07<00:05,  6.22it/s]
 38%|███▊      | 19/50 [00:08<00:04,  6.42it/s]
 40%|████      | 20/50 [00:08<00:04,  6.66it/s]
 42%|████▏     | 21/50 [00:08<00:04,  7.20it/s]
 44%|████▍     | 22/50 [00:08<00:03,  7.65it/s]
 46%|████▌     | 23/50 [00:08<00:03,  8.00it/s]
 48%|████▊     | 24/50 [00:08<00:03,  8.26it/s]
 50%|█████     | 25/50 [00:08<00:02,  8.45it/s]
 52%|█████▏    | 26/50 [00:08<00:02,  8.61it/s]
 54%|█████▍    | 27/50 [00:09<00:02,  8.72it/s]
 56%|█████▌    | 28/50 [00:09<00:02,  8.80it/s]
 58%|█████▊    | 29/50 [00:09<00:02,  8.85it/s]
 60%|██████    | 30/50 [00:09<00:02,  8.89it/s]
 62%|██████▏   | 31/50 [00:09<00:02,  8.92it/s]
 64%|██████▍   | 32/50 [00:09<00:02,  8.94it/s]
 66%|██████▌   | 33/50 [00:09<00:01,  8.94it/s]
 68%|██████▊   | 34/50 [00:09<00:01,  8.95it/s]
 70%|███████   | 35/50 [00:09<00:01,  8.97it/s]
 72%|███████▏  | 36/50 [00:10<00:01,  8.98it/s]
 74%|███████▍  | 37/50 [00:10<00:01,  8.99it/s]
 76%|███████▌  | 38/50 [00:10<00:01,  8.97it/s]
 78%|███████▊  | 39/50 [00:10<00:01,  8.99it/s]
 80%|████████  | 40/50 [00:10<00:01,  8.99it/s]
 82%|████████▏ | 41/50 [00:10<00:01,  9.00it/s]
 84%|████████▍ | 42/50 [00:10<00:00,  9.00it/s]
 86%|████████▌ | 43/50 [00:10<00:00,  8.98it/s]
 88%|████████▊ | 44/50 [00:10<00:00,  8.99it/s]
 90%|█████████ | 45/50 [00:11<00:00,  8.99it/s]
 92%|█████████▏| 46/50 [00:11<00:00,  9.00it/s]
 94%|█████████▍| 47/50 [00:11<00:00,  8.97it/s]
 96%|█████████▌| 48/50 [00:11<00:00,  8.98it/s]
 98%|█████████▊| 49/50 [00:11<00:00,  8.97it/s]
100%|██████████| 50/50 [00:18<00:00,  2.29s/it]
100%|██████████| 50/50 [00:18<00:00,  2.65it/s]
[I 2023-12-11 21:30:10,566] Trial 192 finished with value: 0.4387541806020067 and parameters: {'EMBEDDING_DIM': 32, 'HIDDEN_DIM': 234, 'NUM_LAYERS': 1, 'DROPOUT': 0.11819987252578316, 'LR': 0.007862581984158899, 'WEIGHT_0': 0.9006053622757327, 'WEIGHT_1': 0.05765989443849319, 'WEIGHT_2': 0.3837035225154909, 'WEIGHT_3': 0.2664905212536312, 'WEIGHT_4': 0.8105095408910048, 'WEIGHT_5': 0.29631721621811746, 'WEIGHT_6': 0.1657063469961335, 'WEIGHT_7': 0.9002303105990507, 'WEIGHT_8': 0.36887671597287236}. Best is trial 42 with value: 0.44962374581939796.
{'EMBEDDING_DIM': 32, 'HIDDEN_DIM': 234, 'NUM_LAYERS': 1, 'DROPOUT': 0.11819987252578316, 'LR': 0.007862581984158899, 'WEIGHT_0': 0.9006053622757327, 'WEIGHT_1': 0.05765989443849319, 'WEIGHT_2': 0.3837035225154909, 'WEIGHT_3': 0.2664905212536312, 'WEIGHT_4': 0.8105095408910048, 'WEIGHT_5': 0.29631721621811746, 'WEIGHT_6': 0.1657063469961335, 'WEIGHT_7': 0.9002303105990507, 'WEIGHT_8': 0.36887671597287236}
0
              precision    recall  f1-score   support

         LOC       0.00      0.00      0.00      1837
        MISC       0.00      0.00      0.00       922
         ORG       0.00      0.00      0.00      1341
         PER       0.00      0.00      0.00      1842

   micro avg       0.00      0.00      0.00      5942
   macro avg       0.00      0.00      0.00      5942
weighted avg       0.00      0.00      0.00      5942

{'EMBEDDING_DIM': 32, 'HIDDEN_DIM': 234, 'NUM_LAYERS': 1, 'DROPOUT': 0.11819987252578316, 'LR': 0.007862581984158899, 'WEIGHT_0': 0.9006053622757327, 'WEIGHT_1': 0.05765989443849319, 'WEIGHT_2': 0.3837035225154909, 'WEIGHT_3': 0.2664905212536312, 'WEIGHT_4': 0.8105095408910048, 'WEIGHT_5': 0.29631721621811746, 'WEIGHT_6': 0.1657063469961335, 'WEIGHT_7': 0.9002303105990507, 'WEIGHT_8': 0.36887671597287236}
49
              precision    recall  f1-score   support

         LOC       0.77      0.58      0.66      1837
        MISC       0.63      0.47      0.54       922
         ORG       0.42      0.20      0.27      1341
         PER       0.36      0.17      0.24      1842

   micro avg       0.58      0.35      0.44      5942
   macro avg       0.54      0.36      0.43      5942
weighted avg       0.54      0.35      0.42      5942

epoch 49
Transformer

  0%|          | 0/50 [00:00<?, ?it/s]
  2%|▏         | 1/50 [00:07<06:04,  7.44s/it]
  4%|▍         | 2/50 [00:07<02:30,  3.14s/it]
  6%|▌         | 3/50 [00:07<01:22,  1.76s/it]
  8%|▊         | 4/50 [00:07<00:51,  1.11s/it]
 10%|█         | 5/50 [00:07<00:33,  1.32it/s]
 12%|█▏        | 6/50 [00:08<00:23,  1.85it/s]
 14%|█▍        | 7/50 [00:08<00:17,  2.48it/s]
 16%|█▌        | 8/50 [00:08<00:13,  3.09it/s]
 18%|█▊        | 9/50 [00:08<00:11,  3.62it/s]
 20%|██        | 10/50 [00:08<00:09,  4.02it/s]
 22%|██▏       | 11/50 [00:08<00:09,  4.25it/s]
 24%|██▍       | 12/50 [00:09<00:07,  4.75it/s]
 26%|██▌       | 13/50 [00:09<00:06,  5.48it/s]
 28%|██▊       | 14/50 [00:09<00:05,  6.13it/s]
 30%|███       | 15/50 [00:09<00:05,  6.69it/s]
 32%|███▏      | 16/50 [00:09<00:04,  7.15it/s]
 34%|███▍      | 17/50 [00:09<00:04,  7.51it/s]
 36%|███▌      | 18/50 [00:09<00:04,  7.78it/s]
 38%|███▊      | 19/50 [00:09<00:03,  7.97it/s]
 42%|████▏     | 21/50 [00:10<00:03,  9.09it/s]
 46%|████▌     | 23/50 [00:10<00:02,  9.78it/s]
 50%|█████     | 25/50 [00:10<00:02, 10.17it/s]
 54%|█████▍    | 27/50 [00:10<00:02, 10.45it/s]
 58%|█████▊    | 29/50 [00:10<00:01, 10.64it/s]
 62%|██████▏   | 31/50 [00:10<00:01, 10.75it/s]
 66%|██████▌   | 33/50 [00:11<00:01, 10.84it/s]
 70%|███████   | 35/50 [00:11<00:01, 10.87it/s]
 74%|███████▍  | 37/50 [00:11<00:01, 10.93it/s]
 78%|███████▊  | 39/50 [00:11<00:01, 10.96it/s]
 82%|████████▏ | 41/50 [00:11<00:00, 10.96it/s]
 86%|████████▌ | 43/50 [00:12<00:00, 10.99it/s]
 90%|█████████ | 45/50 [00:12<00:00, 10.99it/s]
 94%|█████████▍| 47/50 [00:12<00:00, 11.00it/s]
 98%|█████████▊| 49/50 [00:12<00:00, 11.00it/s]
100%|██████████| 50/50 [00:18<00:00,  2.69it/s]
[I 2023-12-11 21:30:34,870] Trial 193 finished with value: 0.3986955606985062 and parameters: {'EMBEDDING_DIM': 32, 'HIDDEN_DIM': 414, 'NUM_LAYERS': 1, 'DROPOUT': 0.1367932832506555, 'LR': 0.0072689707745882326, 'WEIGHT_0': 0.867521532288015, 'WEIGHT_1': 0.0013870926065879634, 'WEIGHT_2': 0.3586938151230788, 'WEIGHT_3': 0.24833421219362983, 'WEIGHT_4': 0.7414848777312529, 'WEIGHT_5': 0.31404280131276757, 'WEIGHT_6': 0.1530190628636742, 'WEIGHT_7': 0.9475028640844833, 'WEIGHT_8': 0.4267388949116566}. Best is trial 42 with value: 0.44962374581939796.
{'EMBEDDING_DIM': 32, 'HIDDEN_DIM': 414, 'NUM_LAYERS': 1, 'DROPOUT': 0.1367932832506555, 'LR': 0.0072689707745882326, 'WEIGHT_0': 0.867521532288015, 'WEIGHT_1': 0.0013870926065879634, 'WEIGHT_2': 0.3586938151230788, 'WEIGHT_3': 0.24833421219362983, 'WEIGHT_4': 0.7414848777312529, 'WEIGHT_5': 0.31404280131276757, 'WEIGHT_6': 0.1530190628636742, 'WEIGHT_7': 0.9475028640844833, 'WEIGHT_8': 0.4267388949116566}
0
              precision    recall  f1-score   support

         LOC       0.00      0.00      0.00      1837
        MISC       0.00      0.00      0.00       922
         ORG       0.00      0.00      0.00      1341
         PER       0.00      0.00      0.00      1842

   micro avg       0.00      0.00      0.00      5942
   macro avg       0.00      0.00      0.00      5942
weighted avg       0.00      0.00      0.00      5942

{'EMBEDDING_DIM': 32, 'HIDDEN_DIM': 414, 'NUM_LAYERS': 1, 'DROPOUT': 0.1367932832506555, 'LR': 0.0072689707745882326, 'WEIGHT_0': 0.867521532288015, 'WEIGHT_1': 0.0013870926065879634, 'WEIGHT_2': 0.3586938151230788, 'WEIGHT_3': 0.24833421219362983, 'WEIGHT_4': 0.7414848777312529, 'WEIGHT_5': 0.31404280131276757, 'WEIGHT_6': 0.1530190628636742, 'WEIGHT_7': 0.9475028640844833, 'WEIGHT_8': 0.4267388949116566}
49
              precision    recall  f1-score   support

         LOC       0.72      0.59      0.65      1837
        MISC       0.62      0.49      0.55       922
         ORG       0.14      0.03      0.04      1341
         PER       0.30      0.17      0.22      1842

   micro avg       0.53      0.32      0.40      5942
   macro avg       0.44      0.32      0.37      5942
weighted avg       0.44      0.32      0.36      5942

epoch 49
Transformer

  0%|          | 0/50 [00:00<?, ?it/s]
  2%|▏         | 1/50 [00:06<04:55,  6.04s/it]
  6%|▌         | 3/50 [00:06<01:16,  1.64s/it]
 10%|█         | 5/50 [00:06<00:38,  1.18it/s]
 14%|█▍        | 7/50 [00:06<00:22,  1.89it/s]
 18%|█▊        | 9/50 [00:06<00:15,  2.69it/s]
 20%|██        | 10/50 [00:06<00:12,  3.18it/s]
 22%|██▏       | 11/50 [00:07<00:10,  3.74it/s]
 24%|██▍       | 12/50 [00:07<00:08,  4.28it/s]
 26%|██▌       | 13/50 [00:07<00:07,  4.71it/s]
 28%|██▊       | 14/50 [00:07<00:06,  5.35it/s]
 30%|███       | 15/50 [00:07<00:05,  5.97it/s]
 32%|███▏      | 16/50 [00:07<00:05,  6.52it/s]
 34%|███▍      | 17/50 [00:07<00:04,  7.02it/s]
 36%|███▌      | 18/50 [00:07<00:04,  7.43it/s]
 38%|███▊      | 19/50 [00:08<00:03,  7.95it/s]
 42%|████▏     | 21/50 [00:08<00:03,  9.14it/s]
 46%|████▌     | 23/50 [00:08<00:02,  9.78it/s]
 50%|█████     | 25/50 [00:08<00:02, 10.19it/s]
 54%|█████▍    | 27/50 [00:08<00:02, 10.46it/s]
 58%|█████▊    | 29/50 [00:08<00:01, 10.59it/s]
 62%|██████▏   | 31/50 [00:09<00:01, 10.73it/s]
 66%|██████▌   | 33/50 [00:09<00:01, 10.80it/s]
 70%|███████   | 35/50 [00:09<00:01, 10.86it/s]
 74%|███████▍  | 37/50 [00:09<00:01, 10.90it/s]
 78%|███████▊  | 39/50 [00:09<00:01, 10.93it/s]
 82%|████████▏ | 41/50 [00:10<00:00, 10.93it/s]
 86%|████████▌ | 43/50 [00:10<00:00, 10.96it/s]
 90%|█████████ | 45/50 [00:10<00:00, 10.96it/s]
 94%|█████████▍| 47/50 [00:10<00:00, 10.95it/s]
 98%|█████████▊| 49/50 [00:10<00:00, 10.98it/s]
100%|██████████| 50/50 [00:16<00:00,  2.98it/s]
[I 2023-12-11 21:30:57,137] Trial 194 finished with value: 0.4392737896494157 and parameters: {'EMBEDDING_DIM': 32, 'HIDDEN_DIM': 187, 'NUM_LAYERS': 1, 'DROPOUT': 0.11025170939181234, 'LR': 0.006469662959652581, 'WEIGHT_0': 0.9471749967995645, 'WEIGHT_1': 0.035128062169657685, 'WEIGHT_2': 0.3283196799049337, 'WEIGHT_3': 0.3971690296858675, 'WEIGHT_4': 0.7754749572436769, 'WEIGHT_5': 0.3485447621441094, 'WEIGHT_6': 0.17075672485465954, 'WEIGHT_7': 0.9227326691220048, 'WEIGHT_8': 0.40154024583589754}. Best is trial 42 with value: 0.44962374581939796.
{'EMBEDDING_DIM': 32, 'HIDDEN_DIM': 187, 'NUM_LAYERS': 1, 'DROPOUT': 0.11025170939181234, 'LR': 0.006469662959652581, 'WEIGHT_0': 0.9471749967995645, 'WEIGHT_1': 0.035128062169657685, 'WEIGHT_2': 0.3283196799049337, 'WEIGHT_3': 0.3971690296858675, 'WEIGHT_4': 0.7754749572436769, 'WEIGHT_5': 0.3485447621441094, 'WEIGHT_6': 0.17075672485465954, 'WEIGHT_7': 0.9227326691220048, 'WEIGHT_8': 0.40154024583589754}
0
              precision    recall  f1-score   support

         LOC       0.00      0.00      0.00      1837
        MISC       0.00      0.00      0.00       922
         ORG       0.00      0.00      0.00      1341
         PER       0.00      0.00      0.00      1842

   micro avg       0.00      0.00      0.00      5942
   macro avg       0.00      0.00      0.00      5942
weighted avg       0.00      0.00      0.00      5942

{'EMBEDDING_DIM': 32, 'HIDDEN_DIM': 187, 'NUM_LAYERS': 1, 'DROPOUT': 0.11025170939181234, 'LR': 0.006469662959652581, 'WEIGHT_0': 0.9471749967995645, 'WEIGHT_1': 0.035128062169657685, 'WEIGHT_2': 0.3283196799049337, 'WEIGHT_3': 0.3971690296858675, 'WEIGHT_4': 0.7754749572436769, 'WEIGHT_5': 0.3485447621441094, 'WEIGHT_6': 0.17075672485465954, 'WEIGHT_7': 0.9227326691220048, 'WEIGHT_8': 0.40154024583589754}
49
              precision    recall  f1-score   support

         LOC       0.77      0.58      0.67      1837
        MISC       0.62      0.48      0.54       922
         ORG       0.42      0.20      0.27      1341
         PER       0.36      0.18      0.23      1842

   micro avg       0.58      0.35      0.44      5942
   macro avg       0.54      0.36      0.43      5942
weighted avg       0.54      0.35      0.42      5942

epoch 49
Transformer

  0%|          | 0/50 [00:00<?, ?it/s]
  2%|▏         | 1/50 [00:06<05:22,  6.58s/it]
  4%|▍         | 2/50 [00:06<02:19,  2.90s/it]
  6%|▌         | 3/50 [00:07<01:21,  1.73s/it]
  8%|▊         | 4/50 [00:07<00:54,  1.18s/it]
 10%|█         | 5/50 [00:07<00:39,  1.15it/s]
 12%|█▏        | 6/50 [00:08<00:30,  1.46it/s]
 14%|█▍        | 7/50 [00:08<00:24,  1.77it/s]
 16%|█▌        | 8/50 [00:08<00:20,  2.04it/s]
 18%|█▊        | 9/50 [00:09<00:17,  2.28it/s]
 20%|██        | 10/50 [00:09<00:16,  2.49it/s]
 22%|██▏       | 11/50 [00:09<00:14,  2.64it/s]
 24%|██▍       | 12/50 [00:10<00:13,  2.77it/s]
 26%|██▌       | 13/50 [00:10<00:12,  2.86it/s]
 28%|██▊       | 14/50 [00:10<00:12,  2.93it/s]
 30%|███       | 15/50 [00:11<00:11,  2.97it/s]
 32%|███▏      | 16/50 [00:11<00:11,  3.00it/s]
 34%|███▍      | 17/50 [00:11<00:10,  3.03it/s]
 36%|███▌      | 18/50 [00:12<00:10,  3.05it/s]
 38%|███▊      | 19/50 [00:12<00:10,  3.06it/s]
 40%|████      | 20/50 [00:12<00:09,  3.07it/s]
 42%|████▏     | 21/50 [00:13<00:09,  3.08it/s]
 44%|████▍     | 22/50 [00:13<00:09,  3.08it/s]
 46%|████▌     | 23/50 [00:13<00:08,  3.08it/s]
 48%|████▊     | 24/50 [00:14<00:08,  3.09it/s]
 50%|█████     | 25/50 [00:14<00:08,  3.09it/s]
 52%|█████▏    | 26/50 [00:14<00:07,  3.09it/s]
 54%|█████▍    | 27/50 [00:15<00:07,  3.09it/s]
 56%|█████▌    | 28/50 [00:15<00:07,  3.09it/s]
 58%|█████▊    | 29/50 [00:15<00:06,  3.09it/s]
 60%|██████    | 30/50 [00:15<00:06,  3.09it/s]
 62%|██████▏   | 31/50 [00:16<00:06,  3.09it/s]
 64%|██████▍   | 32/50 [00:16<00:05,  3.09it/s]
 66%|██████▌   | 33/50 [00:16<00:05,  3.09it/s]
 68%|██████▊   | 34/50 [00:17<00:05,  3.09it/s]
 70%|███████   | 35/50 [00:17<00:04,  3.09it/s]
 72%|███████▏  | 36/50 [00:17<00:04,  3.09it/s]
 74%|███████▍  | 37/50 [00:18<00:04,  3.09it/s]
 76%|███████▌  | 38/50 [00:18<00:03,  3.09it/s]
 78%|███████▊  | 39/50 [00:18<00:03,  3.09it/s]
 80%|████████  | 40/50 [00:19<00:03,  3.09it/s]
 82%|████████▏ | 41/50 [00:19<00:02,  3.09it/s]
 84%|████████▍ | 42/50 [00:19<00:02,  3.09it/s]
 86%|████████▌ | 43/50 [00:20<00:02,  3.09it/s]
 88%|████████▊ | 44/50 [00:20<00:01,  3.09it/s]
 90%|█████████ | 45/50 [00:20<00:01,  3.09it/s]
 92%|█████████▏| 46/50 [00:21<00:01,  3.09it/s]
 94%|█████████▍| 47/50 [00:21<00:00,  3.09it/s]
 96%|█████████▌| 48/50 [00:21<00:00,  3.06it/s]
 98%|█████████▊| 49/50 [00:22<00:00,  3.06it/s]
100%|██████████| 50/50 [00:28<00:00,  2.14s/it]
100%|██████████| 50/50 [00:28<00:00,  1.75it/s]
