[I 2023-12-11 22:29:52,288] Trial 300 finished with value: 0.3335791378963599 and parameters: {'EMBEDDING_DIM': 32, 'HIDDEN_DIM': 854, 'NUM_LAYERS': 2, 'DROPOUT': 0.26956954085582435, 'LR': 0.004621145987545486, 'WEIGHT_0': 0.07498284708864655, 'WEIGHT_1': 0.11473737560388542, 'WEIGHT_2': 0.18996707597131987, 'WEIGHT_3': 0.07419202110958079, 'WEIGHT_4': 0.4879033343231907, 'WEIGHT_5': 0.5370018472573114, 'WEIGHT_6': 0.01292122916080074, 'WEIGHT_7': 0.6140823284428588, 'WEIGHT_8': 0.9681183177652404}. Best is trial 282 with value: 0.45463128081401455.
{'EMBEDDING_DIM': 32, 'HIDDEN_DIM': 854, 'NUM_LAYERS': 2, 'DROPOUT': 0.26956954085582435, 'LR': 0.004621145987545486, 'WEIGHT_0': 0.07498284708864655, 'WEIGHT_1': 0.11473737560388542, 'WEIGHT_2': 0.18996707597131987, 'WEIGHT_3': 0.07419202110958079, 'WEIGHT_4': 0.4879033343231907, 'WEIGHT_5': 0.5370018472573114, 'WEIGHT_6': 0.01292122916080074, 'WEIGHT_7': 0.6140823284428588, 'WEIGHT_8': 0.9681183177652404}
0
              precision    recall  f1-score   support

         LOC       0.00      0.00      0.00      1837
        MISC       0.00      0.00      0.00       922
         ORG       0.00      0.00      0.00      1341
         PER       0.00      0.00      0.00      1842

   micro avg       0.00      0.00      0.00      5942
   macro avg       0.00      0.00      0.00      5942
weighted avg       0.00      0.00      0.00      5942

{'EMBEDDING_DIM': 32, 'HIDDEN_DIM': 854, 'NUM_LAYERS': 2, 'DROPOUT': 0.26956954085582435, 'LR': 0.004621145987545486, 'WEIGHT_0': 0.07498284708864655, 'WEIGHT_1': 0.11473737560388542, 'WEIGHT_2': 0.18996707597131987, 'WEIGHT_3': 0.07419202110958079, 'WEIGHT_4': 0.4879033343231907, 'WEIGHT_5': 0.5370018472573114, 'WEIGHT_6': 0.01292122916080074, 'WEIGHT_7': 0.6140823284428588, 'WEIGHT_8': 0.9681183177652404}
49
              precision    recall  f1-score   support

         LOC       0.67      0.60      0.63      1837
        MISC       0.46      0.44      0.45       922
         ORG       0.20      0.22      0.21      1341
         PER       0.14      0.37      0.20      1842

   micro avg       0.28      0.42      0.33      5942
   macro avg       0.37      0.41      0.37      5942
weighted avg       0.37      0.42      0.38      5942

epoch 49
Transformer

  0%|          | 0/50 [00:00<?, ?it/s]
  2%|▏         | 1/50 [00:07<06:15,  7.65s/it]
  4%|▍         | 2/50 [00:07<02:36,  3.25s/it]
  6%|▌         | 3/50 [00:07<01:26,  1.84s/it]
  8%|▊         | 4/50 [00:08<00:53,  1.17s/it]
 10%|█         | 5/50 [00:08<00:36,  1.25it/s]
 12%|█▏        | 6/50 [00:08<00:25,  1.71it/s]
 14%|█▍        | 7/50 [00:08<00:19,  2.16it/s]
 16%|█▌        | 8/50 [00:08<00:17,  2.40it/s]
 18%|█▊        | 9/50 [00:09<00:15,  2.60it/s]
 20%|██        | 10/50 [00:09<00:14,  2.79it/s]
 22%|██▏       | 11/50 [00:09<00:13,  2.93it/s]
 24%|██▍       | 12/50 [00:10<00:12,  2.99it/s]
 26%|██▌       | 13/50 [00:10<00:12,  3.02it/s]
 28%|██▊       | 14/50 [00:10<00:11,  3.03it/s]
 30%|███       | 15/50 [00:11<00:11,  3.04it/s]
 32%|███▏      | 16/50 [00:11<00:11,  3.05it/s]
 34%|███▍      | 17/50 [00:11<00:10,  3.06it/s]
 36%|███▌      | 18/50 [00:12<00:10,  3.07it/s]
 38%|███▊      | 19/50 [00:12<00:10,  3.07it/s]
 40%|████      | 20/50 [00:12<00:09,  3.08it/s]
 42%|████▏     | 21/50 [00:13<00:09,  3.07it/s]
 44%|████▍     | 22/50 [00:13<00:09,  3.07it/s]
 46%|████▌     | 23/50 [00:13<00:08,  3.07it/s]
 48%|████▊     | 24/50 [00:14<00:08,  3.07it/s]
 50%|█████     | 25/50 [00:14<00:08,  3.07it/s]
 52%|█████▏    | 26/50 [00:14<00:07,  3.08it/s]
 54%|█████▍    | 27/50 [00:15<00:07,  3.07it/s]
 56%|█████▌    | 28/50 [00:15<00:07,  3.07it/s]
 58%|█████▊    | 29/50 [00:15<00:06,  3.07it/s]
 60%|██████    | 30/50 [00:16<00:06,  3.06it/s]
 62%|██████▏   | 31/50 [00:16<00:06,  3.06it/s]
 64%|██████▍   | 32/50 [00:16<00:05,  3.06it/s]
 66%|██████▌   | 33/50 [00:17<00:05,  3.07it/s]
 68%|██████▊   | 34/50 [00:17<00:05,  3.08it/s]
 70%|███████   | 35/50 [00:17<00:04,  3.08it/s]
 72%|███████▏  | 36/50 [00:18<00:04,  3.08it/s]
 74%|███████▍  | 37/50 [00:18<00:04,  3.07it/s]
 76%|███████▌  | 38/50 [00:18<00:03,  3.07it/s]
 78%|███████▊  | 39/50 [00:18<00:03,  3.07it/s]
 80%|████████  | 40/50 [00:19<00:03,  3.07it/s]
 82%|████████▏ | 41/50 [00:19<00:02,  3.07it/s]
 84%|████████▍ | 42/50 [00:19<00:02,  3.07it/s]
 86%|████████▌ | 43/50 [00:20<00:02,  3.05it/s]
 88%|████████▊ | 44/50 [00:20<00:01,  3.06it/s]
 90%|█████████ | 45/50 [00:20<00:01,  3.07it/s]
 92%|█████████▏| 46/50 [00:21<00:01,  3.06it/s]
 94%|█████████▍| 47/50 [00:21<00:00,  3.07it/s]
 96%|█████████▌| 48/50 [00:21<00:00,  3.07it/s]
 98%|█████████▊| 49/50 [00:22<00:00,  3.02it/s]
100%|██████████| 50/50 [00:30<00:00,  2.63s/it]
100%|██████████| 50/50 [00:30<00:00,  1.65it/s]
[I 2023-12-11 22:30:29,823] Trial 301 finished with value: 0.32447954055994255 and parameters: {'EMBEDDING_DIM': 16, 'HIDDEN_DIM': 793, 'NUM_LAYERS': 2, 'DROPOUT': 0.2474534658727049, 'LR': 0.005016318326382306, 'WEIGHT_0': 0.7970647559128194, 'WEIGHT_1': 0.08340224093565933, 'WEIGHT_2': 0.20739268753211046, 'WEIGHT_3': 0.1189323655375325, 'WEIGHT_4': 0.6131532129500397, 'WEIGHT_5': 0.5211840558551597, 'WEIGHT_6': 0.08046993711711266, 'WEIGHT_7': 0.5592048437549987, 'WEIGHT_8': 0.9657142208558028}. Best is trial 282 with value: 0.45463128081401455.
{'EMBEDDING_DIM': 16, 'HIDDEN_DIM': 793, 'NUM_LAYERS': 2, 'DROPOUT': 0.2474534658727049, 'LR': 0.005016318326382306, 'WEIGHT_0': 0.7970647559128194, 'WEIGHT_1': 0.08340224093565933, 'WEIGHT_2': 0.20739268753211046, 'WEIGHT_3': 0.1189323655375325, 'WEIGHT_4': 0.6131532129500397, 'WEIGHT_5': 0.5211840558551597, 'WEIGHT_6': 0.08046993711711266, 'WEIGHT_7': 0.5592048437549987, 'WEIGHT_8': 0.9657142208558028}
0
              precision    recall  f1-score   support

         LOC       0.00      0.00      0.00      1837
        MISC       0.00      0.00      0.00       922
         ORG       0.00      0.00      0.00      1341
         PER       0.00      0.00      0.00      1842

   micro avg       0.00      0.00      0.00      5942
   macro avg       0.00      0.00      0.00      5942
weighted avg       0.00      0.00      0.00      5942

{'EMBEDDING_DIM': 16, 'HIDDEN_DIM': 793, 'NUM_LAYERS': 2, 'DROPOUT': 0.2474534658727049, 'LR': 0.005016318326382306, 'WEIGHT_0': 0.7970647559128194, 'WEIGHT_1': 0.08340224093565933, 'WEIGHT_2': 0.20739268753211046, 'WEIGHT_3': 0.1189323655375325, 'WEIGHT_4': 0.6131532129500397, 'WEIGHT_5': 0.5211840558551597, 'WEIGHT_6': 0.08046993711711266, 'WEIGHT_7': 0.5592048437549987, 'WEIGHT_8': 0.9657142208558028}
49
              precision    recall  f1-score   support

         LOC       0.76      0.61      0.67      1837
        MISC       0.08      0.07      0.08       922
         ORG       0.00      0.00      0.00      1341
         PER       0.26      0.22      0.24      1842

   micro avg       0.42      0.27      0.32      5942
   macro avg       0.27      0.22      0.25      5942
weighted avg       0.33      0.27      0.29      5942

epoch 49
Transformer

  0%|          | 0/50 [00:00<?, ?it/s]
  2%|▏         | 1/50 [00:05<04:46,  5.84s/it]
  6%|▌         | 3/50 [00:06<01:14,  1.59s/it]
 10%|█         | 5/50 [00:06<00:36,  1.22it/s]
 14%|█▍        | 7/50 [00:06<00:21,  1.95it/s]
 18%|█▊        | 9/50 [00:06<00:14,  2.83it/s]
 22%|██▏       | 11/50 [00:06<00:10,  3.84it/s]
 26%|██▌       | 13/50 [00:06<00:07,  4.93it/s]
 30%|███       | 15/50 [00:07<00:05,  6.03it/s]
 34%|███▍      | 17/50 [00:07<00:04,  7.08it/s]
 38%|███▊      | 19/50 [00:07<00:03,  8.03it/s]
 42%|████▏     | 21/50 [00:07<00:03,  8.82it/s]
 46%|████▌     | 23/50 [00:07<00:02,  9.47it/s]
 50%|█████     | 25/50 [00:07<00:02,  9.99it/s]
 54%|█████▍    | 27/50 [00:08<00:02, 10.39it/s]
 58%|█████▊    | 29/50 [00:08<00:01, 10.67it/s]
 62%|██████▏   | 31/50 [00:08<00:01, 10.89it/s]
 66%|██████▌   | 33/50 [00:08<00:01, 11.04it/s]
 70%|███████   | 35/50 [00:08<00:01, 11.13it/s]
 74%|███████▍  | 37/50 [00:09<00:01, 11.21it/s]
 78%|███████▊  | 39/50 [00:09<00:00, 11.27it/s]
 82%|████████▏ | 41/50 [00:09<00:00, 11.31it/s]
 86%|████████▌ | 43/50 [00:09<00:00, 11.33it/s]
 90%|█████████ | 45/50 [00:09<00:00, 11.36it/s]
 94%|█████████▍| 47/50 [00:09<00:00, 11.37it/s]
 98%|█████████▊| 49/50 [00:10<00:00, 11.38it/s]
100%|██████████| 50/50 [00:15<00:00,  3.14it/s]
[I 2023-12-11 22:30:51,263] Trial 302 finished with value: 0.4254545454545454 and parameters: {'EMBEDDING_DIM': 32, 'HIDDEN_DIM': 978, 'NUM_LAYERS': 1, 'DROPOUT': 0.27943821756875115, 'LR': 0.004826138468093935, 'WEIGHT_0': 0.7152392904830666, 'WEIGHT_1': 0.10871344264476111, 'WEIGHT_2': 0.03151739388473784, 'WEIGHT_3': 0.06275764564018801, 'WEIGHT_4': 0.6453954044862478, 'WEIGHT_5': 0.504821245044739, 'WEIGHT_6': 0.05322869159906059, 'WEIGHT_7': 0.5844223543534881, 'WEIGHT_8': 0.9346628256984781}. Best is trial 282 with value: 0.45463128081401455.
{'EMBEDDING_DIM': 32, 'HIDDEN_DIM': 978, 'NUM_LAYERS': 1, 'DROPOUT': 0.27943821756875115, 'LR': 0.004826138468093935, 'WEIGHT_0': 0.7152392904830666, 'WEIGHT_1': 0.10871344264476111, 'WEIGHT_2': 0.03151739388473784, 'WEIGHT_3': 0.06275764564018801, 'WEIGHT_4': 0.6453954044862478, 'WEIGHT_5': 0.504821245044739, 'WEIGHT_6': 0.05322869159906059, 'WEIGHT_7': 0.5844223543534881, 'WEIGHT_8': 0.9346628256984781}
0
              precision    recall  f1-score   support

         LOC       0.00      0.00      0.00      1837
        MISC       0.00      0.00      0.00       922
         ORG       0.00      0.00      0.00      1341
         PER       0.00      0.00      0.00      1842

   micro avg       0.00      0.00      0.00      5942
   macro avg       0.00      0.00      0.00      5942
weighted avg       0.00      0.00      0.00      5942

{'EMBEDDING_DIM': 32, 'HIDDEN_DIM': 978, 'NUM_LAYERS': 1, 'DROPOUT': 0.27943821756875115, 'LR': 0.004826138468093935, 'WEIGHT_0': 0.7152392904830666, 'WEIGHT_1': 0.10871344264476111, 'WEIGHT_2': 0.03151739388473784, 'WEIGHT_3': 0.06275764564018801, 'WEIGHT_4': 0.6453954044862478, 'WEIGHT_5': 0.504821245044739, 'WEIGHT_6': 0.05322869159906059, 'WEIGHT_7': 0.5844223543534881, 'WEIGHT_8': 0.9346628256984781}
49
              precision    recall  f1-score   support

         LOC       0.78      0.60      0.68      1837
        MISC       0.56      0.39      0.46       922
         ORG       0.35      0.21      0.26      1341
         PER       0.33      0.20      0.25      1842

   micro avg       0.53      0.35      0.43      5942
   macro avg       0.50      0.35      0.41      5942
weighted avg       0.51      0.35      0.42      5942

epoch 49
Transformer

  0%|          | 0/50 [00:00<?, ?it/s]
  2%|▏         | 1/50 [00:07<06:13,  7.62s/it]
  4%|▍         | 2/50 [00:07<02:34,  3.23s/it]
  6%|▌         | 3/50 [00:07<01:25,  1.81s/it]
  8%|▊         | 4/50 [00:08<00:53,  1.15s/it]
 10%|█         | 5/50 [00:08<00:35,  1.27it/s]
 12%|█▏        | 6/50 [00:08<00:24,  1.76it/s]
 14%|█▍        | 7/50 [00:08<00:18,  2.35it/s]
 16%|█▌        | 8/50 [00:08<00:13,  3.00it/s]
 18%|█▊        | 9/50 [00:08<00:11,  3.69it/s]
 20%|██        | 10/50 [00:08<00:09,  4.34it/s]
 22%|██▏       | 11/50 [00:08<00:07,  4.97it/s]
 24%|██▍       | 12/50 [00:09<00:06,  5.52it/s]
 26%|██▌       | 13/50 [00:09<00:06,  6.00it/s]
 28%|██▊       | 14/50 [00:09<00:05,  6.37it/s]
 30%|███       | 15/50 [00:09<00:05,  6.67it/s]
 32%|███▏      | 16/50 [00:09<00:04,  6.88it/s]
 34%|███▍      | 17/50 [00:09<00:04,  7.04it/s]
 36%|███▌      | 18/50 [00:09<00:04,  7.16it/s]
 38%|███▊      | 19/50 [00:10<00:04,  7.25it/s]
 40%|████      | 20/50 [00:10<00:04,  7.28it/s]
 42%|████▏     | 21/50 [00:10<00:03,  7.32it/s]
 44%|████▍     | 22/50 [00:10<00:03,  7.36it/s]
 46%|████▌     | 23/50 [00:10<00:03,  7.39it/s]
 48%|████▊     | 24/50 [00:10<00:03,  7.40it/s]
 50%|█████     | 25/50 [00:10<00:03,  7.42it/s]
 52%|█████▏    | 26/50 [00:11<00:03,  7.43it/s]
 54%|█████▍    | 27/50 [00:11<00:03,  7.43it/s]
 56%|█████▌    | 28/50 [00:11<00:02,  7.44it/s]
 58%|█████▊    | 29/50 [00:11<00:02,  7.45it/s]
 60%|██████    | 30/50 [00:11<00:02,  7.46it/s]
 62%|██████▏   | 31/50 [00:11<00:02,  7.45it/s]
 64%|██████▍   | 32/50 [00:11<00:02,  7.45it/s]
 66%|██████▌   | 33/50 [00:11<00:02,  7.45it/s]
 68%|██████▊   | 34/50 [00:12<00:02,  7.45it/s]
 70%|███████   | 35/50 [00:12<00:02,  7.43it/s]
 72%|███████▏  | 36/50 [00:12<00:01,  7.43it/s]
 74%|███████▍  | 37/50 [00:12<00:01,  7.44it/s]
 76%|███████▌  | 38/50 [00:12<00:01,  7.45it/s]
 78%|███████▊  | 39/50 [00:12<00:01,  7.45it/s]
 80%|████████  | 40/50 [00:12<00:01,  7.46it/s]
 82%|████████▏ | 41/50 [00:13<00:01,  7.46it/s]
 84%|████████▍ | 42/50 [00:13<00:01,  6.89it/s]
 86%|████████▌ | 43/50 [00:13<00:01,  6.20it/s]
 88%|████████▊ | 44/50 [00:13<00:01,  5.27it/s]
 90%|█████████ | 45/50 [00:13<00:01,  4.47it/s]
 92%|█████████▏| 46/50 [00:14<00:01,  3.88it/s]
 94%|█████████▍| 47/50 [00:14<00:00,  3.57it/s]
 96%|█████████▌| 48/50 [00:14<00:00,  3.38it/s]
 98%|█████████▊| 49/50 [00:15<00:00,  3.25it/s]
100%|██████████| 50/50 [00:23<00:00,  2.62s/it]
100%|██████████| 50/50 [00:23<00:00,  2.14it/s]
[I 2023-12-11 22:31:21,869] Trial 303 finished with value: 0.34495039430170443 and parameters: {'EMBEDDING_DIM': 32, 'HIDDEN_DIM': 656, 'NUM_LAYERS': 2, 'DROPOUT': 0.26227896373950255, 'LR': 0.0006161116568132608, 'WEIGHT_0': 0.923559413107642, 'WEIGHT_1': 0.4682545801248133, 'WEIGHT_2': 0.48801205383942486, 'WEIGHT_3': 0.9808382066450415, 'WEIGHT_4': 0.5571978322541791, 'WEIGHT_5': 0.5479007390887198, 'WEIGHT_6': 0.11095429398840831, 'WEIGHT_7': 0.699581247306836, 'WEIGHT_8': 0.9798275216612804}. Best is trial 282 with value: 0.45463128081401455.
{'EMBEDDING_DIM': 32, 'HIDDEN_DIM': 656, 'NUM_LAYERS': 2, 'DROPOUT': 0.26227896373950255, 'LR': 0.0006161116568132608, 'WEIGHT_0': 0.923559413107642, 'WEIGHT_1': 0.4682545801248133, 'WEIGHT_2': 0.48801205383942486, 'WEIGHT_3': 0.9808382066450415, 'WEIGHT_4': 0.5571978322541791, 'WEIGHT_5': 0.5479007390887198, 'WEIGHT_6': 0.11095429398840831, 'WEIGHT_7': 0.699581247306836, 'WEIGHT_8': 0.9798275216612804}
0
              precision    recall  f1-score   support

         LOC       0.00      0.00      0.00      1837
        MISC       0.00      0.00      0.00       922
         ORG       0.00      0.00      0.00      1341
         PER       0.00      0.00      0.00      1842

   micro avg       0.00      0.00      0.00      5942
   macro avg       0.00      0.00      0.00      5942
weighted avg       0.00      0.00      0.00      5942

{'EMBEDDING_DIM': 32, 'HIDDEN_DIM': 656, 'NUM_LAYERS': 2, 'DROPOUT': 0.26227896373950255, 'LR': 0.0006161116568132608, 'WEIGHT_0': 0.923559413107642, 'WEIGHT_1': 0.4682545801248133, 'WEIGHT_2': 0.48801205383942486, 'WEIGHT_3': 0.9808382066450415, 'WEIGHT_4': 0.5571978322541791, 'WEIGHT_5': 0.5479007390887198, 'WEIGHT_6': 0.11095429398840831, 'WEIGHT_7': 0.699581247306836, 'WEIGHT_8': 0.9798275216612804}
49
              precision    recall  f1-score   support

         LOC       0.60      0.62      0.61      1837
        MISC       0.59      0.36      0.45       922
         ORG       0.47      0.13      0.20      1341
         PER       0.13      0.21      0.16      1842

   micro avg       0.35      0.34      0.34      5942
   macro avg       0.45      0.33      0.36      5942
weighted avg       0.42      0.34      0.35      5942

epoch 49
Transformer

  0%|          | 0/50 [00:00<?, ?it/s]
  2%|▏         | 1/50 [00:05<04:44,  5.80s/it]
  6%|▌         | 3/50 [00:05<01:13,  1.57s/it]
 10%|█         | 5/50 [00:06<00:36,  1.23it/s]
 14%|█▍        | 7/50 [00:06<00:21,  1.97it/s]
 18%|█▊        | 9/50 [00:06<00:14,  2.87it/s]
 22%|██▏       | 11/50 [00:06<00:10,  3.88it/s]
 26%|██▌       | 13/50 [00:06<00:07,  4.98it/s]
 30%|███       | 15/50 [00:07<00:05,  6.04it/s]
 34%|███▍      | 17/50 [00:07<00:04,  7.10it/s]
 38%|███▊      | 19/50 [00:07<00:03,  8.04it/s]
 42%|████▏     | 21/50 [00:07<00:03,  8.85it/s]
 46%|████▌     | 23/50 [00:07<00:02,  9.50it/s]
 50%|█████     | 25/50 [00:07<00:02, 10.02it/s]
 54%|█████▍    | 27/50 [00:08<00:02, 10.40it/s]
 58%|█████▊    | 29/50 [00:08<00:01, 10.69it/s]
 62%|██████▏   | 31/50 [00:08<00:01, 10.90it/s]
 66%|██████▌   | 33/50 [00:08<00:01, 11.05it/s]
 70%|███████   | 35/50 [00:08<00:01, 11.17it/s]
 74%|███████▍  | 37/50 [00:08<00:01, 11.22it/s]
 78%|███████▊  | 39/50 [00:09<00:00, 11.28it/s]
 82%|████████▏ | 41/50 [00:09<00:00, 11.33it/s]
 86%|████████▌ | 43/50 [00:09<00:00, 11.33it/s]
 90%|█████████ | 45/50 [00:09<00:00, 11.36it/s]
 94%|█████████▍| 47/50 [00:09<00:00, 11.38it/s]
 98%|█████████▊| 49/50 [00:10<00:00, 11.39it/s]
100%|██████████| 50/50 [00:15<00:00,  3.15it/s]
[I 2023-12-11 22:31:43,228] Trial 304 finished with value: 0.44704420747489393 and parameters: {'EMBEDDING_DIM': 32, 'HIDDEN_DIM': 731, 'NUM_LAYERS': 1, 'DROPOUT': 0.22552596560327365, 'LR': 0.00538788004592421, 'WEIGHT_0': 0.9728354013769507, 'WEIGHT_1': 0.40854405939451244, 'WEIGHT_2': 0.513347843183183, 'WEIGHT_3': 0.1593131846380661, 'WEIGHT_4': 0.786945934893501, 'WEIGHT_5': 0.49037239271080457, 'WEIGHT_6': 0.038372419658837906, 'WEIGHT_7': 0.6232586743052211, 'WEIGHT_8': 0.9978904012021864}. Best is trial 282 with value: 0.45463128081401455.
{'EMBEDDING_DIM': 32, 'HIDDEN_DIM': 731, 'NUM_LAYERS': 1, 'DROPOUT': 0.22552596560327365, 'LR': 0.00538788004592421, 'WEIGHT_0': 0.9728354013769507, 'WEIGHT_1': 0.40854405939451244, 'WEIGHT_2': 0.513347843183183, 'WEIGHT_3': 0.1593131846380661, 'WEIGHT_4': 0.786945934893501, 'WEIGHT_5': 0.49037239271080457, 'WEIGHT_6': 0.038372419658837906, 'WEIGHT_7': 0.6232586743052211, 'WEIGHT_8': 0.9978904012021864}
0
              precision    recall  f1-score   support

         LOC       0.00      0.00      0.00      1837
        MISC       0.00      0.00      0.00       922
         ORG       0.00      0.00      0.00      1341
         PER       0.00      0.00      0.00      1842

   micro avg       0.00      0.00      0.00      5942
   macro avg       0.00      0.00      0.00      5942
weighted avg       0.00      0.00      0.00      5942

{'EMBEDDING_DIM': 32, 'HIDDEN_DIM': 731, 'NUM_LAYERS': 1, 'DROPOUT': 0.22552596560327365, 'LR': 0.00538788004592421, 'WEIGHT_0': 0.9728354013769507, 'WEIGHT_1': 0.40854405939451244, 'WEIGHT_2': 0.513347843183183, 'WEIGHT_3': 0.1593131846380661, 'WEIGHT_4': 0.786945934893501, 'WEIGHT_5': 0.49037239271080457, 'WEIGHT_6': 0.038372419658837906, 'WEIGHT_7': 0.6232586743052211, 'WEIGHT_8': 0.9978904012021864}
49
              precision    recall  f1-score   support

         LOC       0.77      0.59      0.67      1837
        MISC       0.62      0.48      0.54       922
         ORG       0.41      0.21      0.28      1341
         PER       0.38      0.19      0.25      1842

   micro avg       0.58      0.36      0.45      5942
   macro avg       0.55      0.37      0.44      5942
weighted avg       0.55      0.36      0.43      5942

epoch 49
Transformer

  0%|          | 0/50 [00:00<?, ?it/s]
  2%|▏         | 1/50 [00:05<04:46,  5.85s/it]
  6%|▌         | 3/50 [00:06<01:14,  1.59s/it]
 10%|█         | 5/50 [00:06<00:36,  1.22it/s]
 14%|█▍        | 7/50 [00:06<00:22,  1.95it/s]
 18%|█▊        | 9/50 [00:06<00:14,  2.83it/s]
 22%|██▏       | 11/50 [00:06<00:10,  3.81it/s]
 26%|██▌       | 13/50 [00:06<00:07,  4.87it/s]
 30%|███       | 15/50 [00:07<00:05,  5.93it/s]
 34%|███▍      | 17/50 [00:07<00:04,  6.93it/s]
 38%|███▊      | 19/50 [00:07<00:03,  7.83it/s]
 42%|████▏     | 21/50 [00:07<00:03,  8.33it/s]
 46%|████▌     | 23/50 [00:07<00:03,  8.38it/s]
 48%|████▊     | 24/50 [00:08<00:03,  8.56it/s]
 50%|█████     | 25/50 [00:08<00:02,  8.73it/s]
 52%|█████▏    | 26/50 [00:08<00:02,  8.72it/s]
 54%|█████▍    | 27/50 [00:08<00:02,  8.71it/s]
 56%|█████▌    | 28/50 [00:08<00:02,  8.71it/s]
 58%|█████▊    | 29/50 [00:08<00:02,  8.83it/s]
 62%|██████▏   | 31/50 [00:08<00:01,  9.85it/s]
 66%|██████▌   | 33/50 [00:08<00:01, 10.38it/s]
 70%|███████   | 35/50 [00:09<00:01, 10.73it/s]
 74%|███████▍  | 37/50 [00:09<00:01, 10.96it/s]
 78%|███████▊  | 39/50 [00:09<00:00, 11.11it/s]
 82%|████████▏ | 41/50 [00:09<00:00, 11.22it/s]
 86%|████████▌ | 43/50 [00:09<00:00, 11.30it/s]
 90%|█████████ | 45/50 [00:10<00:00, 11.33it/s]
 94%|█████████▍| 47/50 [00:10<00:00, 11.34it/s]
 98%|█████████▊| 49/50 [00:10<00:00, 11.37it/s]
100%|██████████| 50/50 [00:16<00:00,  3.07it/s]
