[I 2023-12-11 23:50:22,057] Trial 459 finished with value: 0.38698451365930053 and parameters: {'EMBEDDING_DIM': 32, 'HIDDEN_DIM': 925, 'NUM_LAYERS': 1, 'DROPOUT': 0.33724201181307994, 'LR': 0.007265684174903733, 'WEIGHT_0': 0.6540300329830686, 'WEIGHT_1': 0.4493210796671059, 'WEIGHT_2': 0.7823759462772036, 'WEIGHT_3': 0.34188745313029323, 'WEIGHT_4': 0.7638118859299292, 'WEIGHT_5': 0.4682775266789023, 'WEIGHT_6': 0.26440508717452554, 'WEIGHT_7': 0.6643114576296189, 'WEIGHT_8': 0.7984629929952971}. Best is trial 282 with value: 0.45463128081401455.
{'EMBEDDING_DIM': 32, 'HIDDEN_DIM': 925, 'NUM_LAYERS': 1, 'DROPOUT': 0.33724201181307994, 'LR': 0.007265684174903733, 'WEIGHT_0': 0.6540300329830686, 'WEIGHT_1': 0.4493210796671059, 'WEIGHT_2': 0.7823759462772036, 'WEIGHT_3': 0.34188745313029323, 'WEIGHT_4': 0.7638118859299292, 'WEIGHT_5': 0.4682775266789023, 'WEIGHT_6': 0.26440508717452554, 'WEIGHT_7': 0.6643114576296189, 'WEIGHT_8': 0.7984629929952971}
0
              precision    recall  f1-score   support

         LOC       0.00      0.00      0.00      1837
        MISC       0.00      0.00      0.00       922
         ORG       0.00      0.00      0.00      1341
         PER       0.00      0.00      0.00      1842

   micro avg       0.00      0.00      0.00      5942
   macro avg       0.00      0.00      0.00      5942
weighted avg       0.00      0.00      0.00      5942

{'EMBEDDING_DIM': 32, 'HIDDEN_DIM': 925, 'NUM_LAYERS': 1, 'DROPOUT': 0.33724201181307994, 'LR': 0.007265684174903733, 'WEIGHT_0': 0.6540300329830686, 'WEIGHT_1': 0.4493210796671059, 'WEIGHT_2': 0.7823759462772036, 'WEIGHT_3': 0.34188745313029323, 'WEIGHT_4': 0.7638118859299292, 'WEIGHT_5': 0.4682775266789023, 'WEIGHT_6': 0.26440508717452554, 'WEIGHT_7': 0.6643114576296189, 'WEIGHT_8': 0.7984629929952971}
49
              precision    recall  f1-score   support

         LOC       0.78      0.57      0.66      1837
        MISC       0.51      0.51      0.51       922
         ORG       0.42      0.22      0.29      1341
         PER       0.16      0.22      0.19      1842

   micro avg       0.40      0.37      0.39      5942
   macro avg       0.47      0.38      0.41      5942
weighted avg       0.47      0.37      0.41      5942

epoch 49
Transformer

  0%|          | 0/50 [00:00<?, ?it/s]
  2%|▏         | 1/50 [00:05<04:43,  5.78s/it]
  4%|▍         | 2/50 [00:05<01:57,  2.44s/it]
  8%|▊         | 4/50 [00:06<00:44,  1.03it/s]
 12%|█▏        | 6/50 [00:06<00:24,  1.81it/s]
 16%|█▌        | 8/50 [00:06<00:15,  2.73it/s]
 18%|█▊        | 9/50 [00:06<00:12,  3.20it/s]
 20%|██        | 10/50 [00:06<00:10,  3.81it/s]
 22%|██▏       | 11/50 [00:06<00:08,  4.50it/s]
 24%|██▍       | 12/50 [00:06<00:07,  5.24it/s]
 26%|██▌       | 13/50 [00:06<00:06,  5.96it/s]
 28%|██▊       | 14/50 [00:07<00:05,  6.55it/s]
 30%|███       | 15/50 [00:07<00:04,  7.17it/s]
 32%|███▏      | 16/50 [00:07<00:04,  7.57it/s]
 34%|███▍      | 17/50 [00:07<00:04,  8.13it/s]
 38%|███▊      | 19/50 [00:07<00:03,  9.42it/s]
 42%|████▏     | 21/50 [00:07<00:02, 10.12it/s]
 46%|████▌     | 23/50 [00:07<00:02, 10.56it/s]
 50%|█████     | 25/50 [00:08<00:02, 10.83it/s]
 54%|█████▍    | 27/50 [00:08<00:02, 11.02it/s]
 58%|█████▊    | 29/50 [00:08<00:01, 11.16it/s]
 62%|██████▏   | 31/50 [00:08<00:01, 11.23it/s]
 66%|██████▌   | 33/50 [00:08<00:01, 11.30it/s]
 70%|███████   | 35/50 [00:08<00:01, 11.34it/s]
 74%|███████▍  | 37/50 [00:09<00:01, 11.37it/s]
 78%|███████▊  | 39/50 [00:09<00:00, 11.37it/s]
 82%|████████▏ | 41/50 [00:09<00:00, 11.39it/s]
 86%|████████▌ | 43/50 [00:09<00:00, 11.40it/s]
 90%|█████████ | 45/50 [00:09<00:00, 11.42it/s]
 94%|█████████▍| 47/50 [00:10<00:00, 11.40it/s]
 98%|█████████▊| 49/50 [00:10<00:00, 11.40it/s]
100%|██████████| 50/50 [00:15<00:00,  3.13it/s]
[I 2023-12-11 23:50:43,556] Trial 460 finished with value: 0.4517212426532326 and parameters: {'EMBEDDING_DIM': 32, 'HIDDEN_DIM': 885, 'NUM_LAYERS': 1, 'DROPOUT': 0.3585482956474658, 'LR': 0.007526649618175178, 'WEIGHT_0': 0.9836909981268452, 'WEIGHT_1': 0.23642586689251957, 'WEIGHT_2': 0.32706301794476134, 'WEIGHT_3': 0.32099062118450045, 'WEIGHT_4': 0.7483067428645722, 'WEIGHT_5': 0.5447959560933406, 'WEIGHT_6': 0.11315125294243254, 'WEIGHT_7': 0.7041629923506737, 'WEIGHT_8': 0.8073195910569737}. Best is trial 282 with value: 0.45463128081401455.
{'EMBEDDING_DIM': 32, 'HIDDEN_DIM': 885, 'NUM_LAYERS': 1, 'DROPOUT': 0.3585482956474658, 'LR': 0.007526649618175178, 'WEIGHT_0': 0.9836909981268452, 'WEIGHT_1': 0.23642586689251957, 'WEIGHT_2': 0.32706301794476134, 'WEIGHT_3': 0.32099062118450045, 'WEIGHT_4': 0.7483067428645722, 'WEIGHT_5': 0.5447959560933406, 'WEIGHT_6': 0.11315125294243254, 'WEIGHT_7': 0.7041629923506737, 'WEIGHT_8': 0.8073195910569737}
0
              precision    recall  f1-score   support

         LOC       0.00      0.00      0.00      1837
        MISC       0.00      0.00      0.00       922
         ORG       0.00      0.00      0.00      1341
         PER       0.00      0.00      0.00      1842

   micro avg       0.00      0.00      0.00      5942
   macro avg       0.00      0.00      0.00      5942
weighted avg       0.00      0.00      0.00      5942

{'EMBEDDING_DIM': 32, 'HIDDEN_DIM': 885, 'NUM_LAYERS': 1, 'DROPOUT': 0.3585482956474658, 'LR': 0.007526649618175178, 'WEIGHT_0': 0.9836909981268452, 'WEIGHT_1': 0.23642586689251957, 'WEIGHT_2': 0.32706301794476134, 'WEIGHT_3': 0.32099062118450045, 'WEIGHT_4': 0.7483067428645722, 'WEIGHT_5': 0.5447959560933406, 'WEIGHT_6': 0.11315125294243254, 'WEIGHT_7': 0.7041629923506737, 'WEIGHT_8': 0.8073195910569737}
49
              precision    recall  f1-score   support

         LOC       0.79      0.59      0.67      1837
        MISC       0.64      0.48      0.55       922
         ORG       0.46      0.21      0.29      1341
         PER       0.38      0.19      0.25      1842

   micro avg       0.60      0.36      0.45      5942
   macro avg       0.57      0.37      0.44      5942
weighted avg       0.56      0.36      0.44      5942

epoch 49
Transformer

  0%|          | 0/50 [00:00<?, ?it/s]
  2%|▏         | 1/50 [00:09<07:37,  9.33s/it]
  4%|▍         | 2/50 [00:09<03:11,  3.99s/it]
  6%|▌         | 3/50 [00:09<01:46,  2.27s/it]
  8%|▊         | 4/50 [00:10<01:08,  1.49s/it]
 10%|█         | 5/50 [00:10<00:49,  1.10s/it]
 12%|█▏        | 6/50 [00:10<00:38,  1.14it/s]
 14%|█▍        | 7/50 [00:11<00:32,  1.32it/s]
 16%|█▌        | 8/50 [00:12<00:28,  1.45it/s]
 18%|█▊        | 9/50 [00:12<00:26,  1.55it/s]
 20%|██        | 10/50 [00:13<00:24,  1.62it/s]
 22%|██▏       | 11/50 [00:13<00:23,  1.68it/s]
 24%|██▍       | 12/50 [00:14<00:22,  1.72it/s]
 26%|██▌       | 13/50 [00:14<00:21,  1.74it/s]
 28%|██▊       | 14/50 [00:15<00:20,  1.75it/s]
 30%|███       | 15/50 [00:15<00:19,  1.76it/s]
 32%|███▏      | 16/50 [00:16<00:19,  1.78it/s]
 34%|███▍      | 17/50 [00:16<00:18,  1.79it/s]
 36%|███▌      | 18/50 [00:17<00:17,  1.80it/s]
 38%|███▊      | 19/50 [00:18<00:17,  1.81it/s]
 40%|████      | 20/50 [00:18<00:16,  1.80it/s]
 42%|████▏     | 21/50 [00:19<00:16,  1.80it/s]
 44%|████▍     | 22/50 [00:19<00:15,  1.81it/s]
 46%|████▌     | 23/50 [00:20<00:14,  1.81it/s]
 48%|████▊     | 24/50 [00:20<00:14,  1.82it/s]
 50%|█████     | 25/50 [00:21<00:13,  1.83it/s]
 52%|█████▏    | 26/50 [00:21<00:13,  1.85it/s]
 54%|█████▍    | 27/50 [00:22<00:12,  1.88it/s]
 56%|█████▌    | 28/50 [00:22<00:11,  1.91it/s]
 58%|█████▊    | 29/50 [00:23<00:10,  1.93it/s]
 60%|██████    | 30/50 [00:23<00:10,  1.96it/s]
 62%|██████▏   | 31/50 [00:24<00:09,  1.97it/s]
 64%|██████▍   | 32/50 [00:24<00:09,  1.97it/s]
 66%|██████▌   | 33/50 [00:25<00:08,  1.97it/s]
 68%|██████▊   | 34/50 [00:25<00:08,  1.95it/s]
 70%|███████   | 35/50 [00:26<00:07,  1.91it/s]
 72%|███████▏  | 36/50 [00:27<00:07,  1.87it/s]
 74%|███████▍  | 37/50 [00:27<00:07,  1.85it/s]
 76%|███████▌  | 38/50 [00:28<00:06,  1.84it/s]
 78%|███████▊  | 39/50 [00:28<00:06,  1.82it/s]
 80%|████████  | 40/50 [00:29<00:05,  1.80it/s]
 82%|████████▏ | 41/50 [00:29<00:05,  1.79it/s]
 84%|████████▍ | 42/50 [00:30<00:04,  1.79it/s]
 86%|████████▌ | 43/50 [00:30<00:03,  1.78it/s]
 88%|████████▊ | 44/50 [00:31<00:03,  1.78it/s]
 90%|█████████ | 45/50 [00:32<00:02,  1.79it/s]
 92%|█████████▏| 46/50 [00:32<00:02,  1.80it/s]
 94%|█████████▍| 47/50 [00:33<00:01,  1.82it/s]
 96%|█████████▌| 48/50 [00:33<00:01,  1.82it/s]
 98%|█████████▊| 49/50 [00:34<00:00,  1.82it/s]
100%|██████████| 50/50 [00:44<00:00,  3.36s/it]
100%|██████████| 50/50 [00:44<00:00,  1.13it/s]
[I 2023-12-11 23:51:36,890] Trial 461 finished with value: 0.0 and parameters: {'EMBEDDING_DIM': 32, 'HIDDEN_DIM': 976, 'NUM_LAYERS': 3, 'DROPOUT': 0.3464595214708218, 'LR': 0.009507189265947158, 'WEIGHT_0': 0.997531410444955, 'WEIGHT_1': 0.23969662650180903, 'WEIGHT_2': 0.9999367421503926, 'WEIGHT_3': 0.2936573310813021, 'WEIGHT_4': 0.7181883498015438, 'WEIGHT_5': 0.5439087946009119, 'WEIGHT_6': 0.640624623182408, 'WEIGHT_7': 0.6886437814023173, 'WEIGHT_8': 0.8125068862508341}. Best is trial 282 with value: 0.45463128081401455.
{'EMBEDDING_DIM': 32, 'HIDDEN_DIM': 976, 'NUM_LAYERS': 3, 'DROPOUT': 0.3464595214708218, 'LR': 0.009507189265947158, 'WEIGHT_0': 0.997531410444955, 'WEIGHT_1': 0.23969662650180903, 'WEIGHT_2': 0.9999367421503926, 'WEIGHT_3': 0.2936573310813021, 'WEIGHT_4': 0.7181883498015438, 'WEIGHT_5': 0.5439087946009119, 'WEIGHT_6': 0.640624623182408, 'WEIGHT_7': 0.6886437814023173, 'WEIGHT_8': 0.8125068862508341}
0
              precision    recall  f1-score   support

         LOC       0.00      0.00      0.00      1837
        MISC       0.00      0.00      0.00       922
         ORG       0.00      0.00      0.00      1341
         PER       0.00      0.00      0.00      1842

   micro avg       0.00      0.00      0.00      5942
   macro avg       0.00      0.00      0.00      5942
weighted avg       0.00      0.00      0.00      5942

{'EMBEDDING_DIM': 32, 'HIDDEN_DIM': 976, 'NUM_LAYERS': 3, 'DROPOUT': 0.3464595214708218, 'LR': 0.009507189265947158, 'WEIGHT_0': 0.997531410444955, 'WEIGHT_1': 0.23969662650180903, 'WEIGHT_2': 0.9999367421503926, 'WEIGHT_3': 0.2936573310813021, 'WEIGHT_4': 0.7181883498015438, 'WEIGHT_5': 0.5439087946009119, 'WEIGHT_6': 0.640624623182408, 'WEIGHT_7': 0.6886437814023173, 'WEIGHT_8': 0.8125068862508341}
49
              precision    recall  f1-score   support

         LOC       0.00      0.00      0.00      1837
        MISC       0.00      0.00      0.00       922
         ORG       0.00      0.00      0.00      1341
         PER       0.00      0.00      0.00      1842

   micro avg       0.00      0.00      0.00      5942
   macro avg       0.00      0.00      0.00      5942
weighted avg       0.00      0.00      0.00      5942

epoch 49
Transformer

  0%|          | 0/50 [00:00<?, ?it/s]
  2%|▏         | 1/50 [00:05<04:46,  5.86s/it]
  4%|▍         | 2/50 [00:05<01:58,  2.47s/it]
  8%|▊         | 4/50 [00:06<00:45,  1.02it/s]
 12%|█▏        | 6/50 [00:06<00:24,  1.79it/s]
 16%|█▌        | 8/50 [00:06<00:15,  2.70it/s]
 20%|██        | 10/50 [00:06<00:10,  3.74it/s]
 24%|██▍       | 12/50 [00:06<00:07,  4.88it/s]
 28%|██▊       | 14/50 [00:07<00:05,  6.04it/s]
 32%|███▏      | 16/50 [00:07<00:04,  7.13it/s]
 36%|███▌      | 18/50 [00:07<00:03,  8.13it/s]
 40%|████      | 20/50 [00:07<00:03,  8.94it/s]
 44%|████▍     | 22/50 [00:07<00:02,  9.63it/s]
 48%|████▊     | 24/50 [00:07<00:02, 10.18it/s]
 52%|█████▏    | 26/50 [00:08<00:02, 10.57it/s]
 56%|█████▌    | 28/50 [00:08<00:02, 10.89it/s]
 60%|██████    | 30/50 [00:08<00:01, 11.12it/s]
 64%|██████▍   | 32/50 [00:08<00:01, 11.25it/s]
 68%|██████▊   | 34/50 [00:08<00:01, 11.37it/s]
 72%|███████▏  | 36/50 [00:08<00:01, 11.46it/s]
 76%|███████▌  | 38/50 [00:09<00:01, 11.52it/s]
 80%|████████  | 40/50 [00:09<00:00, 11.57it/s]
 84%|████████▍ | 42/50 [00:09<00:00, 11.35it/s]
 88%|████████▊ | 44/50 [00:09<00:00, 10.55it/s]
 92%|█████████▏| 46/50 [00:09<00:00, 10.15it/s]
 96%|█████████▌| 48/50 [00:10<00:00,  9.94it/s]
100%|██████████| 50/50 [00:16<00:00,  1.02it/s]
100%|██████████| 50/50 [00:16<00:00,  3.10it/s]
[I 2023-12-11 23:51:58,663] Trial 462 finished with value: 0.4448314721852269 and parameters: {'EMBEDDING_DIM': 16, 'HIDDEN_DIM': 896, 'NUM_LAYERS': 1, 'DROPOUT': 0.3369791927991393, 'LR': 0.006888343539523671, 'WEIGHT_0': 0.9774975692107565, 'WEIGHT_1': 0.2208826526754082, 'WEIGHT_2': 0.5904911376178518, 'WEIGHT_3': 0.30696471277785925, 'WEIGHT_4': 0.7353249927924035, 'WEIGHT_5': 0.5772503613703713, 'WEIGHT_6': 0.5917835299960899, 'WEIGHT_7': 0.7396516761683377, 'WEIGHT_8': 0.8064317508148668}. Best is trial 282 with value: 0.45463128081401455.
{'EMBEDDING_DIM': 16, 'HIDDEN_DIM': 896, 'NUM_LAYERS': 1, 'DROPOUT': 0.3369791927991393, 'LR': 0.006888343539523671, 'WEIGHT_0': 0.9774975692107565, 'WEIGHT_1': 0.2208826526754082, 'WEIGHT_2': 0.5904911376178518, 'WEIGHT_3': 0.30696471277785925, 'WEIGHT_4': 0.7353249927924035, 'WEIGHT_5': 0.5772503613703713, 'WEIGHT_6': 0.5917835299960899, 'WEIGHT_7': 0.7396516761683377, 'WEIGHT_8': 0.8064317508148668}
0
              precision    recall  f1-score   support

         LOC       0.00      0.00      0.00      1837
        MISC       0.00      0.00      0.00       922
         ORG       0.00      0.00      0.00      1341
         PER       0.00      0.00      0.00      1842

   micro avg       0.00      0.00      0.00      5942
   macro avg       0.00      0.00      0.00      5942
weighted avg       0.00      0.00      0.00      5942

{'EMBEDDING_DIM': 16, 'HIDDEN_DIM': 896, 'NUM_LAYERS': 1, 'DROPOUT': 0.3369791927991393, 'LR': 0.006888343539523671, 'WEIGHT_0': 0.9774975692107565, 'WEIGHT_1': 0.2208826526754082, 'WEIGHT_2': 0.5904911376178518, 'WEIGHT_3': 0.30696471277785925, 'WEIGHT_4': 0.7353249927924035, 'WEIGHT_5': 0.5772503613703713, 'WEIGHT_6': 0.5917835299960899, 'WEIGHT_7': 0.7396516761683377, 'WEIGHT_8': 0.8064317508148668}
49
              precision    recall  f1-score   support

         LOC       0.80      0.58      0.67      1837
        MISC       0.57      0.51      0.54       922
         ORG       0.46      0.22      0.30      1341
         PER       0.33      0.18      0.24      1842

   micro avg       0.57      0.37      0.44      5942
   macro avg       0.54      0.37      0.44      5942
weighted avg       0.54      0.37      0.43      5942

epoch 49
Transformer

  0%|          | 0/50 [00:00<?, ?it/s]
  2%|▏         | 1/50 [00:05<04:51,  5.95s/it]
  4%|▍         | 2/50 [00:06<02:00,  2.51s/it]
  8%|▊         | 4/50 [00:06<00:45,  1.00it/s]
 12%|█▏        | 6/50 [00:06<00:25,  1.76it/s]
 16%|█▌        | 8/50 [00:06<00:15,  2.64it/s]
 20%|██        | 10/50 [00:06<00:10,  3.66it/s]
 24%|██▍       | 12/50 [00:06<00:07,  4.76it/s]
 28%|██▊       | 14/50 [00:07<00:06,  5.86it/s]
 32%|███▏      | 16/50 [00:07<00:04,  6.92it/s]
 36%|███▌      | 18/50 [00:07<00:04,  7.85it/s]
 40%|████      | 20/50 [00:07<00:03,  8.64it/s]
 44%|████▍     | 22/50 [00:07<00:03,  9.29it/s]
 48%|████▊     | 24/50 [00:08<00:02,  9.79it/s]
 52%|█████▏    | 26/50 [00:08<00:02, 10.18it/s]
 56%|█████▌    | 28/50 [00:08<00:02, 10.49it/s]
 60%|██████    | 30/50 [00:08<00:01, 10.70it/s]
 64%|██████▍   | 32/50 [00:08<00:01, 10.83it/s]
 68%|██████▊   | 34/50 [00:08<00:01, 10.96it/s]
 72%|███████▏  | 36/50 [00:09<00:01, 11.01it/s]
 76%|███████▌  | 38/50 [00:09<00:01, 11.08it/s]
 80%|████████  | 40/50 [00:09<00:00, 11.11it/s]
 84%|████████▍ | 42/50 [00:09<00:00, 11.13it/s]
 88%|████████▊ | 44/50 [00:09<00:00, 11.16it/s]
 92%|█████████▏| 46/50 [00:10<00:00, 11.18it/s]
 96%|█████████▌| 48/50 [00:10<00:00, 11.17it/s]
100%|██████████| 50/50 [00:16<00:00,  1.03it/s]
100%|██████████| 50/50 [00:16<00:00,  3.08it/s]
[I 2023-12-11 23:52:20,409] Trial 463 finished with value: 0.43329733974673595 and parameters: {'EMBEDDING_DIM': 32, 'HIDDEN_DIM': 1055, 'NUM_LAYERS': 1, 'DROPOUT': 0.35561558296435436, 'LR': 0.007505988950367975, 'WEIGHT_0': 0.9999100814344509, 'WEIGHT_1': 0.283827526274972, 'WEIGHT_2': 0.7349406149500575, 'WEIGHT_3': 0.32705277861663873, 'WEIGHT_4': 0.5475498450160267, 'WEIGHT_5': 0.5222643719376208, 'WEIGHT_6': 0.1185210638804063, 'WEIGHT_7': 0.7065750613175019, 'WEIGHT_8': 0.7632324816564144}. Best is trial 282 with value: 0.45463128081401455.
{'EMBEDDING_DIM': 32, 'HIDDEN_DIM': 1055, 'NUM_LAYERS': 1, 'DROPOUT': 0.35561558296435436, 'LR': 0.007505988950367975, 'WEIGHT_0': 0.9999100814344509, 'WEIGHT_1': 0.283827526274972, 'WEIGHT_2': 0.7349406149500575, 'WEIGHT_3': 0.32705277861663873, 'WEIGHT_4': 0.5475498450160267, 'WEIGHT_5': 0.5222643719376208, 'WEIGHT_6': 0.1185210638804063, 'WEIGHT_7': 0.7065750613175019, 'WEIGHT_8': 0.7632324816564144}
0
              precision    recall  f1-score   support

         LOC       0.00      0.00      0.00      1837
        MISC       0.00      0.00      0.00       922
         ORG       0.00      0.00      0.00      1341
         PER       0.00      0.00      0.00      1842

   micro avg       0.00      0.00      0.00      5942
   macro avg       0.00      0.00      0.00      5942
weighted avg       0.00      0.00      0.00      5942

{'EMBEDDING_DIM': 32, 'HIDDEN_DIM': 1055, 'NUM_LAYERS': 1, 'DROPOUT': 0.35561558296435436, 'LR': 0.007505988950367975, 'WEIGHT_0': 0.9999100814344509, 'WEIGHT_1': 0.283827526274972, 'WEIGHT_2': 0.7349406149500575, 'WEIGHT_3': 0.32705277861663873, 'WEIGHT_4': 0.5475498450160267, 'WEIGHT_5': 0.5222643719376208, 'WEIGHT_6': 0.1185210638804063, 'WEIGHT_7': 0.7065750613175019, 'WEIGHT_8': 0.7632324816564144}
49
              precision    recall  f1-score   support

         LOC       0.77      0.57      0.66      1837
        MISC       0.61      0.51      0.56       922
         ORG       0.42      0.22      0.28      1341
         PER       0.28      0.22      0.24      1842

   micro avg       0.52      0.37      0.43      5942
   macro avg       0.52      0.38      0.44      5942
weighted avg       0.51      0.37      0.43      5942

epoch 49
Transformer

  0%|          | 0/50 [00:00<?, ?it/s]
  2%|▏         | 1/50 [00:05<04:53,  5.98s/it]
  6%|▌         | 3/50 [00:06<01:16,  1.62s/it]
 10%|█         | 5/50 [00:06<00:37,  1.19it/s]
 14%|█▍        | 7/50 [00:06<00:22,  1.91it/s]
 18%|█▊        | 9/50 [00:06<00:14,  2.77it/s]
 20%|██        | 10/50 [00:06<00:12,  3.26it/s]
 24%|██▍       | 12/50 [00:07<00:08,  4.45it/s]
 28%|██▊       | 14/50 [00:07<00:06,  5.64it/s]
 32%|███▏      | 16/50 [00:07<00:05,  6.77it/s]
 36%|███▌      | 18/50 [00:07<00:04,  7.77it/s]
 40%|████      | 20/50 [00:07<00:03,  8.63it/s]
 44%|████▍     | 22/50 [00:07<00:03,  9.30it/s]
 48%|████▊     | 24/50 [00:08<00:02,  9.83it/s]
 52%|█████▏    | 26/50 [00:08<00:02, 10.24it/s]
 56%|█████▌    | 28/50 [00:08<00:02, 10.54it/s]
 60%|██████    | 30/50 [00:08<00:01, 10.73it/s]
 64%|██████▍   | 32/50 [00:08<00:01, 10.90it/s]
 68%|██████▊   | 34/50 [00:08<00:01, 10.98it/s]
 72%|███████▏  | 36/50 [00:09<00:01, 11.04it/s]
 76%|███████▌  | 38/50 [00:09<00:01, 11.09it/s]
 80%|████████  | 40/50 [00:09<00:00, 11.17it/s]
 84%|████████▍ | 42/50 [00:09<00:00, 11.21it/s]
 88%|████████▊ | 44/50 [00:09<00:00, 11.26it/s]
 92%|█████████▏| 46/50 [00:10<00:00, 11.24it/s]
 96%|█████████▌| 48/50 [00:10<00:00, 11.26it/s]
100%|██████████| 50/50 [00:16<00:00,  1.04it/s]
100%|██████████| 50/50 [00:16<00:00,  3.08it/s]
