[I 2023-12-11 20:13:22,432] Trial 46 finished with value: 0.43401093798369617 and parameters: {'EMBEDDING_DIM': 32, 'HIDDEN_DIM': 224, 'NUM_LAYERS': 1, 'DROPOUT': 0.015724926458146063, 'LR': 0.005644910242393198, 'WEIGHT_0': 0.819329491682875, 'WEIGHT_1': 0.08665117728967961, 'WEIGHT_2': 0.30953944155100477, 'WEIGHT_3': 0.04395497133863273, 'WEIGHT_4': 0.9479429605588656, 'WEIGHT_5': 0.4080107332011934, 'WEIGHT_6': 0.30839490996411867, 'WEIGHT_7': 0.8590187967360389, 'WEIGHT_8': 0.7306817238702304}. Best is trial 42 with value: 0.44962374581939796.
{'EMBEDDING_DIM': 32, 'HIDDEN_DIM': 224, 'NUM_LAYERS': 1, 'DROPOUT': 0.015724926458146063, 'LR': 0.005644910242393198, 'WEIGHT_0': 0.819329491682875, 'WEIGHT_1': 0.08665117728967961, 'WEIGHT_2': 0.30953944155100477, 'WEIGHT_3': 0.04395497133863273, 'WEIGHT_4': 0.9479429605588656, 'WEIGHT_5': 0.4080107332011934, 'WEIGHT_6': 0.30839490996411867, 'WEIGHT_7': 0.8590187967360389, 'WEIGHT_8': 0.7306817238702304}
0
              precision    recall  f1-score   support

         LOC       0.00      0.00      0.00      1837
        MISC       0.00      0.00      0.00       922
         ORG       0.00      0.00      0.00      1341
         PER       0.00      0.00      0.00      1842

   micro avg       0.00      0.00      0.00      5942
   macro avg       0.00      0.00      0.00      5942
weighted avg       0.00      0.00      0.00      5942

{'EMBEDDING_DIM': 32, 'HIDDEN_DIM': 224, 'NUM_LAYERS': 1, 'DROPOUT': 0.015724926458146063, 'LR': 0.005644910242393198, 'WEIGHT_0': 0.819329491682875, 'WEIGHT_1': 0.08665117728967961, 'WEIGHT_2': 0.30953944155100477, 'WEIGHT_3': 0.04395497133863273, 'WEIGHT_4': 0.9479429605588656, 'WEIGHT_5': 0.4080107332011934, 'WEIGHT_6': 0.30839490996411867, 'WEIGHT_7': 0.8590187967360389, 'WEIGHT_8': 0.7306817238702304}
49
              precision    recall  f1-score   support

         LOC       0.74      0.58      0.65      1837
        MISC       0.64      0.49      0.55       922
         ORG       0.36      0.19      0.25      1341
         PER       0.37      0.18      0.24      1842

   micro avg       0.56      0.35      0.43      5942
   macro avg       0.53      0.36      0.42      5942
weighted avg       0.52      0.35      0.42      5942

epoch 49
Transformer

  0%|          | 0/50 [00:00<?, ?it/s]
  2%|▏         | 1/50 [00:13<11:24, 13.97s/it]
  4%|▍         | 2/50 [00:18<06:36,  8.26s/it]
  6%|▌         | 3/50 [00:22<05:05,  6.51s/it]
  8%|▊         | 4/50 [00:27<04:21,  5.69s/it]
 10%|█         | 5/50 [00:31<03:56,  5.25s/it]
 12%|█▏        | 6/50 [00:36<03:39,  4.98s/it]
 14%|█▍        | 7/50 [00:40<03:27,  4.82s/it]
 16%|█▌        | 8/50 [00:45<03:18,  4.72s/it]
 18%|█▊        | 9/50 [00:49<03:10,  4.65s/it]
 20%|██        | 10/50 [00:54<03:04,  4.61s/it]
 22%|██▏       | 11/50 [00:58<02:59,  4.59s/it]
 24%|██▍       | 12/50 [01:03<02:54,  4.59s/it]
 26%|██▌       | 13/50 [01:07<02:50,  4.60s/it]
 28%|██▊       | 14/50 [01:12<02:46,  4.61s/it]
 30%|███       | 15/50 [01:17<02:41,  4.61s/it]
 32%|███▏      | 16/50 [01:21<02:36,  4.60s/it]
 34%|███▍      | 17/50 [01:26<02:31,  4.59s/it]
 36%|███▌      | 18/50 [01:30<02:26,  4.58s/it]
 38%|███▊      | 19/50 [01:35<02:21,  4.58s/it]
 40%|████      | 20/50 [01:39<02:17,  4.58s/it]
 42%|████▏     | 21/50 [01:44<02:12,  4.58s/it]
 44%|████▍     | 22/50 [01:49<02:08,  4.59s/it]
 46%|████▌     | 23/50 [01:53<02:04,  4.59s/it]
 48%|████▊     | 24/50 [01:58<01:59,  4.60s/it]
 50%|█████     | 25/50 [02:02<01:55,  4.61s/it]
 52%|█████▏    | 26/50 [02:07<01:50,  4.61s/it]
 54%|█████▍    | 27/50 [02:12<01:46,  4.62s/it]
 56%|█████▌    | 28/50 [02:16<01:41,  4.63s/it]
 58%|█████▊    | 29/50 [02:21<01:37,  4.63s/it]
 60%|██████    | 30/50 [02:26<01:32,  4.61s/it]
 62%|██████▏   | 31/50 [02:30<01:27,  4.60s/it]
 64%|██████▍   | 32/50 [02:35<01:22,  4.59s/it]
 66%|██████▌   | 33/50 [02:39<01:18,  4.59s/it]
 68%|██████▊   | 34/50 [02:44<01:13,  4.60s/it]
 70%|███████   | 35/50 [02:49<01:09,  4.60s/it]
 72%|███████▏  | 36/50 [02:53<01:04,  4.60s/it]
 74%|███████▍  | 37/50 [02:58<00:59,  4.61s/it]
 76%|███████▌  | 38/50 [03:02<00:55,  4.62s/it]
 78%|███████▊  | 39/50 [03:07<00:50,  4.61s/it]
 80%|████████  | 40/50 [03:12<00:45,  4.60s/it]
 82%|████████▏ | 41/50 [03:16<00:41,  4.59s/it]
 84%|████████▍ | 42/50 [03:21<00:36,  4.59s/it]
 86%|████████▌ | 43/50 [03:25<00:32,  4.59s/it]
 88%|████████▊ | 44/50 [03:30<00:27,  4.60s/it]
 90%|█████████ | 45/50 [03:35<00:22,  4.60s/it]
 92%|█████████▏| 46/50 [03:39<00:18,  4.60s/it]
 94%|█████████▍| 47/50 [03:44<00:13,  4.62s/it]
 96%|█████████▌| 48/50 [03:48<00:09,  4.61s/it]
 98%|█████████▊| 49/50 [03:53<00:04,  4.60s/it]
100%|██████████| 50/50 [04:06<00:00,  7.00s/it]
100%|██████████| 50/50 [04:06<00:00,  4.92s/it]
[I 2023-12-11 20:17:37,200] Trial 47 finished with value: 0.0 and parameters: {'EMBEDDING_DIM': 2048, 'HIDDEN_DIM': 627, 'NUM_LAYERS': 2, 'DROPOUT': 0.05770496440133151, 'LR': 0.0076110281323068085, 'WEIGHT_0': 0.7661720147547761, 'WEIGHT_1': 0.33181030605513334, 'WEIGHT_2': 0.34161567775318785, 'WEIGHT_3': 0.09917273011225972, 'WEIGHT_4': 0.9804086283892801, 'WEIGHT_5': 0.25273139970815883, 'WEIGHT_6': 0.26493253443709847, 'WEIGHT_7': 0.8010253349187176, 'WEIGHT_8': 0.5802049659113219}. Best is trial 42 with value: 0.44962374581939796.
{'EMBEDDING_DIM': 2048, 'HIDDEN_DIM': 627, 'NUM_LAYERS': 2, 'DROPOUT': 0.05770496440133151, 'LR': 0.0076110281323068085, 'WEIGHT_0': 0.7661720147547761, 'WEIGHT_1': 0.33181030605513334, 'WEIGHT_2': 0.34161567775318785, 'WEIGHT_3': 0.09917273011225972, 'WEIGHT_4': 0.9804086283892801, 'WEIGHT_5': 0.25273139970815883, 'WEIGHT_6': 0.26493253443709847, 'WEIGHT_7': 0.8010253349187176, 'WEIGHT_8': 0.5802049659113219}
0
              precision    recall  f1-score   support

         LOC       0.00      0.00      0.00      1837
        MISC       0.00      0.00      0.00       922
         ORG       0.00      0.00      0.00      1341
         PER       0.00      0.00      0.00      1842

   micro avg       0.00      0.00      0.00      5942
   macro avg       0.00      0.00      0.00      5942
weighted avg       0.00      0.00      0.00      5942

{'EMBEDDING_DIM': 2048, 'HIDDEN_DIM': 627, 'NUM_LAYERS': 2, 'DROPOUT': 0.05770496440133151, 'LR': 0.0076110281323068085, 'WEIGHT_0': 0.7661720147547761, 'WEIGHT_1': 0.33181030605513334, 'WEIGHT_2': 0.34161567775318785, 'WEIGHT_3': 0.09917273011225972, 'WEIGHT_4': 0.9804086283892801, 'WEIGHT_5': 0.25273139970815883, 'WEIGHT_6': 0.26493253443709847, 'WEIGHT_7': 0.8010253349187176, 'WEIGHT_8': 0.5802049659113219}
49
              precision    recall  f1-score   support

         LOC       0.00      0.00      0.00      1837
        MISC       0.00      0.00      0.00       922
         ORG       0.00      0.00      0.00      1341
         PER       0.00      0.00      0.00      1842

   micro avg       0.00      0.00      0.00      5942
   macro avg       0.00      0.00      0.00      5942
weighted avg       0.00      0.00      0.00      5942

epoch 49
Transformer

  0%|          | 0/50 [00:00<?, ?it/s]
  2%|▏         | 1/50 [00:06<05:03,  6.19s/it]
  4%|▍         | 2/50 [00:06<02:08,  2.69s/it]
  6%|▌         | 3/50 [00:06<01:13,  1.56s/it]
  8%|▊         | 4/50 [00:06<00:47,  1.03s/it]
 10%|█         | 5/50 [00:07<00:33,  1.35it/s]
 12%|█▏        | 6/50 [00:07<00:24,  1.77it/s]
 14%|█▍        | 7/50 [00:07<00:19,  2.20it/s]
 16%|█▌        | 8/50 [00:07<00:15,  2.63it/s]
 18%|█▊        | 9/50 [00:07<00:13,  3.02it/s]
 20%|██        | 10/50 [00:08<00:11,  3.35it/s]
 22%|██▏       | 11/50 [00:08<00:10,  3.63it/s]
 24%|██▍       | 12/50 [00:08<00:09,  3.85it/s]
 26%|██▌       | 13/50 [00:08<00:09,  4.02it/s]
 28%|██▊       | 14/50 [00:09<00:08,  4.14it/s]
 30%|███       | 15/50 [00:09<00:08,  4.23it/s]
 32%|███▏      | 16/50 [00:09<00:07,  4.30it/s]
 34%|███▍      | 17/50 [00:09<00:07,  4.35it/s]
 36%|███▌      | 18/50 [00:10<00:07,  4.38it/s]
 38%|███▊      | 19/50 [00:10<00:07,  4.41it/s]
 40%|████      | 20/50 [00:10<00:06,  4.42it/s]
 42%|████▏     | 21/50 [00:10<00:06,  4.43it/s]
 44%|████▍     | 22/50 [00:10<00:06,  4.44it/s]
 46%|████▌     | 23/50 [00:11<00:06,  4.45it/s]
 48%|████▊     | 24/50 [00:11<00:05,  4.45it/s]
 50%|█████     | 25/50 [00:11<00:05,  4.45it/s]
 52%|█████▏    | 26/50 [00:11<00:05,  4.45it/s]
 54%|█████▍    | 27/50 [00:12<00:05,  4.45it/s]
 56%|█████▌    | 28/50 [00:12<00:04,  4.45it/s]
 58%|█████▊    | 29/50 [00:12<00:04,  4.45it/s]
 60%|██████    | 30/50 [00:12<00:04,  4.45it/s]
 62%|██████▏   | 31/50 [00:12<00:04,  4.46it/s]
 64%|██████▍   | 32/50 [00:13<00:04,  4.46it/s]
 66%|██████▌   | 33/50 [00:13<00:03,  4.45it/s]
 68%|██████▊   | 34/50 [00:13<00:03,  4.45it/s]
 70%|███████   | 35/50 [00:13<00:03,  4.35it/s]
 72%|███████▏  | 36/50 [00:14<00:03,  4.30it/s]
 74%|███████▍  | 37/50 [00:14<00:03,  4.28it/s]
 76%|███████▌  | 38/50 [00:14<00:02,  4.26it/s]
 78%|███████▊  | 39/50 [00:14<00:02,  4.26it/s]
 80%|████████  | 40/50 [00:15<00:02,  4.27it/s]
 82%|████████▏ | 41/50 [00:15<00:02,  4.28it/s]
 84%|████████▍ | 42/50 [00:15<00:01,  4.28it/s]
 86%|████████▌ | 43/50 [00:15<00:01,  4.32it/s]
 88%|████████▊ | 44/50 [00:15<00:01,  4.35it/s]
 90%|█████████ | 45/50 [00:16<00:01,  4.37it/s]
 92%|█████████▏| 46/50 [00:16<00:00,  4.39it/s]
 94%|█████████▍| 47/50 [00:16<00:00,  4.40it/s]
 96%|█████████▌| 48/50 [00:16<00:00,  4.42it/s]
 98%|█████████▊| 49/50 [00:17<00:00,  4.42it/s]
100%|██████████| 50/50 [00:23<00:00,  2.00s/it]
100%|██████████| 50/50 [00:23<00:00,  2.16it/s]
[I 2023-12-11 20:18:06,461] Trial 48 finished with value: 0.1800241036456764 and parameters: {'EMBEDDING_DIM': 256, 'HIDDEN_DIM': 1322, 'NUM_LAYERS': 1, 'DROPOUT': 0.12692150739758035, 'LR': 0.006447435226200821, 'WEIGHT_0': 0.8900062619722775, 'WEIGHT_1': 0.1353897875505119, 'WEIGHT_2': 0.26744697577201615, 'WEIGHT_3': 0.16651373357941054, 'WEIGHT_4': 0.9997519069071761, 'WEIGHT_5': 0.33183428426769374, 'WEIGHT_6': 0.1705367386519781, 'WEIGHT_7': 0.9973997538829079, 'WEIGHT_8': 0.429268321499692}. Best is trial 42 with value: 0.44962374581939796.
{'EMBEDDING_DIM': 256, 'HIDDEN_DIM': 1322, 'NUM_LAYERS': 1, 'DROPOUT': 0.12692150739758035, 'LR': 0.006447435226200821, 'WEIGHT_0': 0.8900062619722775, 'WEIGHT_1': 0.1353897875505119, 'WEIGHT_2': 0.26744697577201615, 'WEIGHT_3': 0.16651373357941054, 'WEIGHT_4': 0.9997519069071761, 'WEIGHT_5': 0.33183428426769374, 'WEIGHT_6': 0.1705367386519781, 'WEIGHT_7': 0.9973997538829079, 'WEIGHT_8': 0.429268321499692}
0
              precision    recall  f1-score   support

         LOC       0.00      0.00      0.00      1837
        MISC       0.00      0.00      0.00       922
         ORG       0.00      0.00      0.00      1341
         PER       0.00      0.00      0.00      1842

   micro avg       0.00      0.00      0.00      5942
   macro avg       0.00      0.00      0.00      5942
weighted avg       0.00      0.00      0.00      5942

{'EMBEDDING_DIM': 256, 'HIDDEN_DIM': 1322, 'NUM_LAYERS': 1, 'DROPOUT': 0.12692150739758035, 'LR': 0.006447435226200821, 'WEIGHT_0': 0.8900062619722775, 'WEIGHT_1': 0.1353897875505119, 'WEIGHT_2': 0.26744697577201615, 'WEIGHT_3': 0.16651373357941054, 'WEIGHT_4': 0.9997519069071761, 'WEIGHT_5': 0.33183428426769374, 'WEIGHT_6': 0.1705367386519781, 'WEIGHT_7': 0.9973997538829079, 'WEIGHT_8': 0.429268321499692}
49
              precision    recall  f1-score   support

         LOC       0.40      0.48      0.44      1837
        MISC       0.04      0.02      0.02       922
         ORG       0.18      0.00      0.00      1341
         PER       0.06      0.16      0.09      1842

   micro avg       0.16      0.20      0.18      5942
   macro avg       0.17      0.16      0.14      5942
weighted avg       0.19      0.20      0.17      5942

epoch 49
Transformer

  0%|          | 0/50 [00:00<?, ?it/s]
  2%|▏         | 1/50 [00:07<06:21,  7.78s/it]
  4%|▍         | 2/50 [00:07<02:38,  3.31s/it]
  6%|▌         | 3/50 [00:08<01:27,  1.87s/it]
  8%|▊         | 4/50 [00:08<00:54,  1.19s/it]
 10%|█         | 5/50 [00:08<00:36,  1.22it/s]
 12%|█▏        | 6/50 [00:08<00:25,  1.69it/s]
 14%|█▍        | 7/50 [00:08<00:19,  2.24it/s]
 16%|█▌        | 8/50 [00:08<00:14,  2.83it/s]
 18%|█▊        | 9/50 [00:09<00:11,  3.45it/s]
 20%|██        | 10/50 [00:09<00:09,  4.04it/s]
 22%|██▏       | 11/50 [00:09<00:08,  4.59it/s]
 24%|██▍       | 12/50 [00:09<00:07,  5.05it/s]
 26%|██▌       | 13/50 [00:09<00:06,  5.44it/s]
 28%|██▊       | 14/50 [00:09<00:06,  5.74it/s]
 30%|███       | 15/50 [00:09<00:05,  5.98it/s]
 32%|███▏      | 16/50 [00:10<00:05,  6.16it/s]
 34%|███▍      | 17/50 [00:10<00:05,  6.28it/s]
 36%|███▌      | 18/50 [00:10<00:05,  6.37it/s]
 38%|███▊      | 19/50 [00:10<00:04,  6.44it/s]
 40%|████      | 20/50 [00:10<00:04,  6.49it/s]
 42%|████▏     | 21/50 [00:10<00:04,  6.52it/s]
 44%|████▍     | 22/50 [00:10<00:04,  6.55it/s]
 46%|████▌     | 23/50 [00:11<00:04,  6.55it/s]
 48%|████▊     | 24/50 [00:11<00:03,  6.57it/s]
 50%|█████     | 25/50 [00:11<00:03,  6.58it/s]
 52%|█████▏    | 26/50 [00:11<00:03,  6.58it/s]
 54%|█████▍    | 27/50 [00:11<00:03,  6.59it/s]
 56%|█████▌    | 28/50 [00:11<00:03,  6.59it/s]
 58%|█████▊    | 29/50 [00:12<00:03,  6.59it/s]
 60%|██████    | 30/50 [00:12<00:03,  6.59it/s]
 62%|██████▏   | 31/50 [00:12<00:02,  6.60it/s]
 64%|██████▍   | 32/50 [00:12<00:02,  6.60it/s]
 66%|██████▌   | 33/50 [00:12<00:02,  6.60it/s]
 68%|██████▊   | 34/50 [00:12<00:02,  6.60it/s]
 70%|███████   | 35/50 [00:12<00:02,  6.60it/s]
 72%|███████▏  | 36/50 [00:13<00:02,  6.60it/s]
 74%|███████▍  | 37/50 [00:13<00:01,  6.60it/s]
 76%|███████▌  | 38/50 [00:13<00:01,  6.60it/s]
 78%|███████▊  | 39/50 [00:13<00:01,  6.60it/s]
 80%|████████  | 40/50 [00:13<00:01,  6.59it/s]
 82%|████████▏ | 41/50 [00:13<00:01,  6.59it/s]
 84%|████████▍ | 42/50 [00:14<00:01,  6.60it/s]
 86%|████████▌ | 43/50 [00:14<00:01,  6.59it/s]
 88%|████████▊ | 44/50 [00:14<00:00,  6.60it/s]
 90%|█████████ | 45/50 [00:14<00:00,  6.60it/s]
 92%|█████████▏| 46/50 [00:14<00:00,  6.59it/s]
 94%|█████████▍| 47/50 [00:14<00:00,  6.60it/s]
 96%|█████████▌| 48/50 [00:14<00:00,  6.60it/s]
 98%|█████████▊| 49/50 [00:15<00:00,  6.60it/s]
100%|██████████| 50/50 [00:22<00:00,  2.42s/it]
100%|██████████| 50/50 [00:22<00:00,  2.19it/s]
[I 2023-12-11 20:18:36,548] Trial 49 finished with value: 0.3572207354544554 and parameters: {'EMBEDDING_DIM': 32, 'HIDDEN_DIM': 1014, 'NUM_LAYERS': 2, 'DROPOUT': 0.19833257399782792, 'LR': 0.005883061203887548, 'WEIGHT_0': 0.7886338247972767, 'WEIGHT_1': 0.18844670748303777, 'WEIGHT_2': 0.4095885043611926, 'WEIGHT_3': 0.030357718966943947, 'WEIGHT_4': 0.8951171508413909, 'WEIGHT_5': 0.10957822933420461, 'WEIGHT_6': 0.35763838181102353, 'WEIGHT_7': 0.47696763072227516, 'WEIGHT_8': 0.588963907964242}. Best is trial 42 with value: 0.44962374581939796.
{'EMBEDDING_DIM': 32, 'HIDDEN_DIM': 1014, 'NUM_LAYERS': 2, 'DROPOUT': 0.19833257399782792, 'LR': 0.005883061203887548, 'WEIGHT_0': 0.7886338247972767, 'WEIGHT_1': 0.18844670748303777, 'WEIGHT_2': 0.4095885043611926, 'WEIGHT_3': 0.030357718966943947, 'WEIGHT_4': 0.8951171508413909, 'WEIGHT_5': 0.10957822933420461, 'WEIGHT_6': 0.35763838181102353, 'WEIGHT_7': 0.47696763072227516, 'WEIGHT_8': 0.588963907964242}
0
              precision    recall  f1-score   support

         LOC       0.00      0.00      0.00      1837
        MISC       0.00      0.00      0.00       922
         ORG       0.00      0.00      0.00      1341
         PER       0.00      0.00      0.00      1842

   micro avg       0.00      0.00      0.00      5942
   macro avg       0.00      0.00      0.00      5942
weighted avg       0.00      0.00      0.00      5942

{'EMBEDDING_DIM': 32, 'HIDDEN_DIM': 1014, 'NUM_LAYERS': 2, 'DROPOUT': 0.19833257399782792, 'LR': 0.005883061203887548, 'WEIGHT_0': 0.7886338247972767, 'WEIGHT_1': 0.18844670748303777, 'WEIGHT_2': 0.4095885043611926, 'WEIGHT_3': 0.030357718966943947, 'WEIGHT_4': 0.8951171508413909, 'WEIGHT_5': 0.10957822933420461, 'WEIGHT_6': 0.35763838181102353, 'WEIGHT_7': 0.47696763072227516, 'WEIGHT_8': 0.588963907964242}
49
              precision    recall  f1-score   support

         LOC       0.75      0.48      0.58      1837
        MISC       0.47      0.43      0.45       922
         ORG       0.24      0.23      0.23      1341
         PER       0.27      0.12      0.16      1842

   micro avg       0.43      0.30      0.36      5942
   macro avg       0.43      0.31      0.36      5942
weighted avg       0.44      0.30      0.35      5942

epoch 49
Transformer

  0%|          | 0/50 [00:00<?, ?it/s]
  2%|▏         | 1/50 [00:05<04:45,  5.83s/it]
  6%|▌         | 3/50 [00:06<01:14,  1.58s/it]
 10%|█         | 5/50 [00:06<00:36,  1.23it/s]
 14%|█▍        | 7/50 [00:06<00:21,  1.97it/s]
 18%|█▊        | 9/50 [00:06<00:14,  2.86it/s]
 22%|██▏       | 11/50 [00:06<00:10,  3.85it/s]
 26%|██▌       | 13/50 [00:06<00:07,  4.91it/s]
 30%|███       | 15/50 [00:07<00:05,  5.97it/s]
 34%|███▍      | 17/50 [00:07<00:04,  6.98it/s]
 38%|███▊      | 19/50 [00:07<00:03,  7.89it/s]
 42%|████▏     | 21/50 [00:07<00:03,  8.65it/s]
 46%|████▌     | 23/50 [00:07<00:02,  9.19it/s]
 50%|█████     | 25/50 [00:08<00:02,  9.68it/s]
 54%|█████▍    | 27/50 [00:08<00:02, 10.06it/s]
 58%|█████▊    | 29/50 [00:08<00:02, 10.28it/s]
 62%|██████▏   | 31/50 [00:08<00:01, 10.50it/s]
 66%|██████▌   | 33/50 [00:08<00:01, 10.61it/s]
 70%|███████   | 35/50 [00:08<00:01, 10.68it/s]
 74%|███████▍  | 37/50 [00:09<00:01, 10.78it/s]
 78%|███████▊  | 39/50 [00:09<00:01, 10.84it/s]
 82%|████████▏ | 41/50 [00:09<00:00, 10.90it/s]
 86%|████████▌ | 43/50 [00:09<00:00, 10.92it/s]
 90%|█████████ | 45/50 [00:09<00:00, 10.90it/s]
 94%|█████████▍| 47/50 [00:10<00:00, 10.93it/s]
 98%|█████████▊| 49/50 [00:10<00:00, 10.95it/s]
100%|██████████| 50/50 [00:16<00:00,  3.08it/s]
[I 2023-12-11 20:18:58,246] Trial 50 finished with value: 0.4195092758827049 and parameters: {'EMBEDDING_DIM': 32, 'HIDDEN_DIM': 27, 'NUM_LAYERS': 1, 'DROPOUT': 7.976665204031952e-05, 'LR': 0.007008908388290413, 'WEIGHT_0': 0.8393646130271729, 'WEIGHT_1': 0.2601658092708585, 'WEIGHT_2': 0.4957051271049574, 'WEIGHT_3': 0.24985446479753742, 'WEIGHT_4': 0.9237028448550487, 'WEIGHT_5': 0.2766334741271566, 'WEIGHT_6': 0.4116738380095606, 'WEIGHT_7': 0.8875424686591631, 'WEIGHT_8': 0.5003996336468954}. Best is trial 42 with value: 0.44962374581939796.
{'EMBEDDING_DIM': 32, 'HIDDEN_DIM': 27, 'NUM_LAYERS': 1, 'DROPOUT': 7.976665204031952e-05, 'LR': 0.007008908388290413, 'WEIGHT_0': 0.8393646130271729, 'WEIGHT_1': 0.2601658092708585, 'WEIGHT_2': 0.4957051271049574, 'WEIGHT_3': 0.24985446479753742, 'WEIGHT_4': 0.9237028448550487, 'WEIGHT_5': 0.2766334741271566, 'WEIGHT_6': 0.4116738380095606, 'WEIGHT_7': 0.8875424686591631, 'WEIGHT_8': 0.5003996336468954}
0
              precision    recall  f1-score   support

         LOC       0.00      0.00      0.00      1837
        MISC       0.00      0.00      0.00       922
         ORG       0.00      0.00      0.00      1341
         PER       0.00      0.00      0.00      1842

   micro avg       0.00      0.00      0.00      5942
   macro avg       0.00      0.00      0.00      5942
weighted avg       0.00      0.00      0.00      5942

{'EMBEDDING_DIM': 32, 'HIDDEN_DIM': 27, 'NUM_LAYERS': 1, 'DROPOUT': 7.976665204031952e-05, 'LR': 0.007008908388290413, 'WEIGHT_0': 0.8393646130271729, 'WEIGHT_1': 0.2601658092708585, 'WEIGHT_2': 0.4957051271049574, 'WEIGHT_3': 0.24985446479753742, 'WEIGHT_4': 0.9237028448550487, 'WEIGHT_5': 0.2766334741271566, 'WEIGHT_6': 0.4116738380095606, 'WEIGHT_7': 0.8875424686591631, 'WEIGHT_8': 0.5003996336468954}
49
              precision    recall  f1-score   support

         LOC       0.74      0.56      0.64      1837
        MISC       0.61      0.46      0.52       922
         ORG       0.34      0.22      0.27      1341
         PER       0.31      0.19      0.24      1842

   micro avg       0.51      0.35      0.42      5942
   macro avg       0.50      0.36      0.42      5942
weighted avg       0.50      0.35      0.41      5942

epoch 49
Transformer

  0%|          | 0/50 [00:00<?, ?it/s]
  2%|▏         | 1/50 [00:05<04:46,  5.84s/it]
  6%|▌         | 3/50 [00:06<01:14,  1.58s/it]
 10%|█         | 5/50 [00:06<00:36,  1.23it/s]
 14%|█▍        | 7/50 [00:06<00:21,  1.96it/s]
 18%|█▊        | 9/50 [00:06<00:14,  2.84it/s]
 22%|██▏       | 11/50 [00:06<00:10,  3.82it/s]
 26%|██▌       | 13/50 [00:06<00:07,  4.90it/s]
 30%|███       | 15/50 [00:07<00:05,  5.97it/s]
 34%|███▍      | 17/50 [00:07<00:04,  6.97it/s]
 38%|███▊      | 19/50 [00:07<00:03,  7.79it/s]
 42%|████▏     | 21/50 [00:07<00:03,  8.54it/s]
 46%|████▌     | 23/50 [00:07<00:02,  9.10it/s]
 50%|█████     | 25/50 [00:08<00:02,  9.59it/s]
 54%|█████▍    | 27/50 [00:08<00:02,  9.92it/s]
 58%|█████▊    | 29/50 [00:08<00:02, 10.17it/s]
 62%|██████▏   | 31/50 [00:08<00:01, 10.31it/s]
 66%|██████▌   | 33/50 [00:08<00:01, 10.48it/s]
 70%|███████   | 35/50 [00:08<00:01, 10.53it/s]
 74%|███████▍  | 37/50 [00:09<00:01, 10.61it/s]
 78%|███████▊  | 39/50 [00:09<00:01, 10.65it/s]
 82%|████████▏ | 41/50 [00:09<00:00, 10.76it/s]
 86%|████████▌ | 43/50 [00:09<00:00, 10.86it/s]
 90%|█████████ | 45/50 [00:09<00:00, 10.92it/s]
 94%|█████████▍| 47/50 [00:10<00:00, 10.98it/s]
 98%|█████████▊| 49/50 [00:10<00:00, 11.00it/s]
100%|██████████| 50/50 [00:16<00:00,  3.08it/s]
