[I 2023-12-11 22:58:09,003] Trial 354 finished with value: 0.37656974294142437 and parameters: {'EMBEDDING_DIM': 32, 'HIDDEN_DIM': 3427, 'NUM_LAYERS': 1, 'DROPOUT': 0.32739769419871484, 'LR': 0.0009151653620957587, 'WEIGHT_0': 0.7621170156992617, 'WEIGHT_1': 0.1412636947786126, 'WEIGHT_2': 0.19485164663720894, 'WEIGHT_3': 0.23355778525034845, 'WEIGHT_4': 0.8038060955002393, 'WEIGHT_5': 0.3660134093928437, 'WEIGHT_6': 0.688624153222592, 'WEIGHT_7': 0.5956542766870708, 'WEIGHT_8': 0.8998913375081323}. Best is trial 282 with value: 0.45463128081401455.
{'EMBEDDING_DIM': 32, 'HIDDEN_DIM': 3427, 'NUM_LAYERS': 1, 'DROPOUT': 0.32739769419871484, 'LR': 0.0009151653620957587, 'WEIGHT_0': 0.7621170156992617, 'WEIGHT_1': 0.1412636947786126, 'WEIGHT_2': 0.19485164663720894, 'WEIGHT_3': 0.23355778525034845, 'WEIGHT_4': 0.8038060955002393, 'WEIGHT_5': 0.3660134093928437, 'WEIGHT_6': 0.688624153222592, 'WEIGHT_7': 0.5956542766870708, 'WEIGHT_8': 0.8998913375081323}
0
              precision    recall  f1-score   support

         LOC       0.00      0.00      0.00      1837
        MISC       0.00      0.00      0.00       922
         ORG       0.00      0.00      0.00      1341
         PER       0.00      0.00      0.00      1842

   micro avg       0.00      0.00      0.00      5942
   macro avg       0.00      0.00      0.00      5942
weighted avg       0.00      0.00      0.00      5942

{'EMBEDDING_DIM': 32, 'HIDDEN_DIM': 3427, 'NUM_LAYERS': 1, 'DROPOUT': 0.32739769419871484, 'LR': 0.0009151653620957587, 'WEIGHT_0': 0.7621170156992617, 'WEIGHT_1': 0.1412636947786126, 'WEIGHT_2': 0.19485164663720894, 'WEIGHT_3': 0.23355778525034845, 'WEIGHT_4': 0.8038060955002393, 'WEIGHT_5': 0.3660134093928437, 'WEIGHT_6': 0.688624153222592, 'WEIGHT_7': 0.5956542766870708, 'WEIGHT_8': 0.8998913375081323}
49
              precision    recall  f1-score   support

         LOC       0.75      0.59      0.67      1837
        MISC       0.51      0.44      0.48       922
         ORG       0.22      0.15      0.18      1341
         PER       0.19      0.29      0.23      1842

   micro avg       0.38      0.38      0.38      5942
   macro avg       0.42      0.37      0.39      5942
weighted avg       0.42      0.38      0.39      5942

epoch 49
Transformer

  0%|          | 0/50 [00:00<?, ?it/s]
  2%|▏         | 1/50 [00:05<04:48,  5.88s/it]
  6%|▌         | 3/50 [00:06<01:14,  1.60s/it]
 10%|█         | 5/50 [00:06<00:37,  1.22it/s]
 14%|█▍        | 7/50 [00:06<00:22,  1.95it/s]
 18%|█▊        | 9/50 [00:06<00:14,  2.79it/s]
 22%|██▏       | 11/50 [00:06<00:10,  3.78it/s]
 26%|██▌       | 13/50 [00:07<00:07,  4.83it/s]
 30%|███       | 15/50 [00:07<00:05,  5.86it/s]
 34%|███▍      | 17/50 [00:07<00:04,  6.84it/s]
 38%|███▊      | 19/50 [00:07<00:04,  7.72it/s]
 42%|████▏     | 21/50 [00:07<00:03,  8.46it/s]
 46%|████▌     | 23/50 [00:07<00:02,  9.08it/s]
 50%|█████     | 25/50 [00:08<00:02,  9.53it/s]
 54%|█████▍    | 27/50 [00:08<00:02,  9.91it/s]
 58%|█████▊    | 29/50 [00:08<00:02, 10.17it/s]
 62%|██████▏   | 31/50 [00:08<00:01, 10.34it/s]
 66%|██████▌   | 33/50 [00:08<00:01, 10.47it/s]
 70%|███████   | 35/50 [00:09<00:01, 10.60it/s]
 74%|███████▍  | 37/50 [00:09<00:01,  9.98it/s]
 78%|███████▊  | 39/50 [00:09<00:01,  9.80it/s]
 80%|████████  | 40/50 [00:09<00:01,  9.73it/s]
 82%|████████▏ | 41/50 [00:09<00:00,  9.53it/s]
 84%|████████▍ | 42/50 [00:09<00:00,  9.28it/s]
 86%|████████▌ | 43/50 [00:09<00:00,  9.07it/s]
 88%|████████▊ | 44/50 [00:10<00:00,  8.93it/s]
 90%|█████████ | 45/50 [00:10<00:00,  9.02it/s]
 94%|█████████▍| 47/50 [00:10<00:00,  9.86it/s]
 98%|█████████▊| 49/50 [00:10<00:00, 10.28it/s]
100%|██████████| 50/50 [00:16<00:00,  3.03it/s]
[I 2023-12-11 22:58:31,289] Trial 355 finished with value: 0.42245669918375467 and parameters: {'EMBEDDING_DIM': 32, 'HIDDEN_DIM': 770, 'NUM_LAYERS': 1, 'DROPOUT': 0.061971333579487135, 'LR': 0.006665763694844295, 'WEIGHT_0': 0.9784690749935337, 'WEIGHT_1': 0.1844378498244887, 'WEIGHT_2': 0.2722563587913996, 'WEIGHT_3': 0.25623780743850455, 'WEIGHT_4': 0.8755317598210609, 'WEIGHT_5': 0.18238751163598316, 'WEIGHT_6': 0.9620657493295797, 'WEIGHT_7': 0.642663782432065, 'WEIGHT_8': 0.7709367794085045}. Best is trial 282 with value: 0.45463128081401455.
{'EMBEDDING_DIM': 32, 'HIDDEN_DIM': 770, 'NUM_LAYERS': 1, 'DROPOUT': 0.061971333579487135, 'LR': 0.006665763694844295, 'WEIGHT_0': 0.9784690749935337, 'WEIGHT_1': 0.1844378498244887, 'WEIGHT_2': 0.2722563587913996, 'WEIGHT_3': 0.25623780743850455, 'WEIGHT_4': 0.8755317598210609, 'WEIGHT_5': 0.18238751163598316, 'WEIGHT_6': 0.9620657493295797, 'WEIGHT_7': 0.642663782432065, 'WEIGHT_8': 0.7709367794085045}
0
              precision    recall  f1-score   support

         LOC       0.00      0.00      0.00      1837
        MISC       0.00      0.00      0.00       922
         ORG       0.00      0.00      0.00      1341
         PER       0.00      0.00      0.00      1842

   micro avg       0.00      0.00      0.00      5942
   macro avg       0.00      0.00      0.00      5942
weighted avg       0.00      0.00      0.00      5942

{'EMBEDDING_DIM': 32, 'HIDDEN_DIM': 770, 'NUM_LAYERS': 1, 'DROPOUT': 0.061971333579487135, 'LR': 0.006665763694844295, 'WEIGHT_0': 0.9784690749935337, 'WEIGHT_1': 0.1844378498244887, 'WEIGHT_2': 0.2722563587913996, 'WEIGHT_3': 0.25623780743850455, 'WEIGHT_4': 0.8755317598210609, 'WEIGHT_5': 0.18238751163598316, 'WEIGHT_6': 0.9620657493295797, 'WEIGHT_7': 0.642663782432065, 'WEIGHT_8': 0.7709367794085045}
49
              precision    recall  f1-score   support

         LOC       0.70      0.57      0.63      1837
        MISC       0.59      0.48      0.53       922
         ORG       0.37      0.23      0.28      1341
         PER       0.31      0.18      0.23      1842

   micro avg       0.52      0.36      0.42      5942
   macro avg       0.49      0.36      0.42      5942
weighted avg       0.49      0.36      0.41      5942

epoch 49
Transformer

  0%|          | 0/50 [00:00<?, ?it/s]
  2%|▏         | 1/50 [00:06<04:58,  6.09s/it]
  4%|▍         | 2/50 [00:06<02:03,  2.58s/it]
  6%|▌         | 3/50 [00:06<01:08,  1.46s/it]
  8%|▊         | 4/50 [00:06<00:42,  1.08it/s]
 10%|█         | 5/50 [00:06<00:28,  1.56it/s]
 12%|█▏        | 6/50 [00:06<00:20,  2.12it/s]
 14%|█▍        | 7/50 [00:06<00:15,  2.79it/s]
 16%|█▌        | 8/50 [00:06<00:11,  3.58it/s]
 18%|█▊        | 9/50 [00:07<00:09,  4.40it/s]
 20%|██        | 10/50 [00:07<00:07,  5.22it/s]
 22%|██▏       | 11/50 [00:07<00:06,  5.99it/s]
 24%|██▍       | 12/50 [00:07<00:05,  6.66it/s]
 26%|██▌       | 13/50 [00:07<00:05,  7.06it/s]
 28%|██▊       | 14/50 [00:07<00:04,  7.46it/s]
 30%|███       | 15/50 [00:07<00:04,  7.53it/s]
 32%|███▏      | 16/50 [00:07<00:04,  7.52it/s]
 34%|███▍      | 17/50 [00:08<00:04,  7.50it/s]
 36%|███▌      | 18/50 [00:08<00:04,  7.70it/s]
 38%|███▊      | 19/50 [00:08<00:03,  7.86it/s]
 40%|████      | 20/50 [00:08<00:03,  7.97it/s]
 42%|████▏     | 21/50 [00:08<00:03,  8.06it/s]
 44%|████▍     | 22/50 [00:08<00:03,  8.11it/s]
 46%|████▌     | 23/50 [00:08<00:03,  8.15it/s]
 48%|████▊     | 24/50 [00:08<00:03,  8.20it/s]
 50%|█████     | 25/50 [00:09<00:02,  8.42it/s]
 52%|█████▏    | 26/50 [00:09<00:02,  8.57it/s]
 54%|█████▍    | 27/50 [00:09<00:02,  8.63it/s]
 56%|█████▌    | 28/50 [00:09<00:02,  8.58it/s]
 58%|█████▊    | 29/50 [00:09<00:02,  8.20it/s]
 60%|██████    | 30/50 [00:09<00:02,  8.44it/s]
 62%|██████▏   | 31/50 [00:09<00:02,  8.62it/s]
 64%|██████▍   | 32/50 [00:09<00:02,  8.75it/s]
 66%|██████▌   | 33/50 [00:09<00:01,  8.84it/s]
 68%|██████▊   | 34/50 [00:10<00:01,  8.90it/s]
 70%|███████   | 35/50 [00:10<00:01,  8.95it/s]
 72%|███████▏  | 36/50 [00:10<00:01,  8.96it/s]
 74%|███████▍  | 37/50 [00:10<00:01,  8.99it/s]
 76%|███████▌  | 38/50 [00:10<00:01,  9.01it/s]
 78%|███████▊  | 39/50 [00:10<00:01,  9.03it/s]
 80%|████████  | 40/50 [00:10<00:01,  9.04it/s]
 82%|████████▏ | 41/50 [00:10<00:00,  9.05it/s]
 84%|████████▍ | 42/50 [00:10<00:00,  9.05it/s]
 86%|████████▌ | 43/50 [00:11<00:00,  9.06it/s]
 88%|████████▊ | 44/50 [00:11<00:00,  9.06it/s]
 90%|█████████ | 45/50 [00:11<00:00,  9.06it/s]
 92%|█████████▏| 46/50 [00:11<00:00,  9.06it/s]
 94%|█████████▍| 47/50 [00:11<00:00,  9.06it/s]
 96%|█████████▌| 48/50 [00:11<00:00,  9.07it/s]
 98%|█████████▊| 49/50 [00:11<00:00,  9.06it/s]
100%|██████████| 50/50 [00:17<00:00,  1.84s/it]
100%|██████████| 50/50 [00:17<00:00,  2.85it/s]
[I 2023-12-11 22:58:54,569] Trial 356 finished with value: 0.3414704192992533 and parameters: {'EMBEDDING_DIM': 128, 'HIDDEN_DIM': 590, 'NUM_LAYERS': 1, 'DROPOUT': 0.2731845831547364, 'LR': 0.0056247685883023405, 'WEIGHT_0': 0.2935720714515622, 'WEIGHT_1': 0.38595154659188446, 'WEIGHT_2': 0.5579984263436386, 'WEIGHT_3': 0.21291521036983752, 'WEIGHT_4': 0.8542330667165392, 'WEIGHT_5': 0.4172568758325547, 'WEIGHT_6': 0.3099344394727622, 'WEIGHT_7': 0.5187372078099177, 'WEIGHT_8': 0.8351201595665726}. Best is trial 282 with value: 0.45463128081401455.
{'EMBEDDING_DIM': 128, 'HIDDEN_DIM': 590, 'NUM_LAYERS': 1, 'DROPOUT': 0.2731845831547364, 'LR': 0.0056247685883023405, 'WEIGHT_0': 0.2935720714515622, 'WEIGHT_1': 0.38595154659188446, 'WEIGHT_2': 0.5579984263436386, 'WEIGHT_3': 0.21291521036983752, 'WEIGHT_4': 0.8542330667165392, 'WEIGHT_5': 0.4172568758325547, 'WEIGHT_6': 0.3099344394727622, 'WEIGHT_7': 0.5187372078099177, 'WEIGHT_8': 0.8351201595665726}
0
              precision    recall  f1-score   support

         LOC       0.00      0.00      0.00      1837
        MISC       0.00      0.00      0.00       922
         ORG       0.00      0.00      0.00      1341
         PER       0.00      0.00      0.00      1842

   micro avg       0.00      0.00      0.00      5942
   macro avg       0.00      0.00      0.00      5942
weighted avg       0.00      0.00      0.00      5942

{'EMBEDDING_DIM': 128, 'HIDDEN_DIM': 590, 'NUM_LAYERS': 1, 'DROPOUT': 0.2731845831547364, 'LR': 0.0056247685883023405, 'WEIGHT_0': 0.2935720714515622, 'WEIGHT_1': 0.38595154659188446, 'WEIGHT_2': 0.5579984263436386, 'WEIGHT_3': 0.21291521036983752, 'WEIGHT_4': 0.8542330667165392, 'WEIGHT_5': 0.4172568758325547, 'WEIGHT_6': 0.3099344394727622, 'WEIGHT_7': 0.5187372078099177, 'WEIGHT_8': 0.8351201595665726}
49
              precision    recall  f1-score   support

         LOC       0.56      0.59      0.57      1837
        MISC       0.41      0.48      0.45       922
         ORG       0.19      0.29      0.23      1341
         PER       0.16      0.25      0.20      1842

   micro avg       0.30      0.40      0.34      5942
   macro avg       0.33      0.40      0.36      5942
weighted avg       0.33      0.40      0.36      5942

epoch 49
Transformer

  0%|          | 0/50 [00:00<?, ?it/s]
  2%|▏         | 1/50 [00:09<07:45,  9.50s/it]
  4%|▍         | 2/50 [00:09<03:13,  4.04s/it]
  6%|▌         | 3/50 [00:09<01:47,  2.28s/it]
  8%|▊         | 4/50 [00:10<01:07,  1.46s/it]
 10%|█         | 5/50 [00:10<00:44,  1.00it/s]
 12%|█▏        | 6/50 [00:10<00:31,  1.39it/s]
 14%|█▍        | 7/50 [00:10<00:23,  1.83it/s]
 16%|█▌        | 8/50 [00:10<00:18,  2.32it/s]
 18%|█▊        | 9/50 [00:11<00:15,  2.67it/s]
 20%|██        | 10/50 [00:11<00:14,  2.78it/s]
 22%|██▏       | 11/50 [00:11<00:14,  2.67it/s]
 24%|██▍       | 12/50 [00:12<00:15,  2.51it/s]
 26%|██▌       | 13/50 [00:12<00:15,  2.34it/s]
 28%|██▊       | 14/50 [00:13<00:16,  2.17it/s]
 30%|███       | 15/50 [00:13<00:16,  2.11it/s]
 32%|███▏      | 16/50 [00:14<00:16,  2.07it/s]
 34%|███▍      | 17/50 [00:14<00:16,  2.05it/s]
 36%|███▌      | 18/50 [00:15<00:15,  2.03it/s]
 38%|███▊      | 19/50 [00:15<00:15,  2.01it/s]
 40%|████      | 20/50 [00:16<00:14,  2.02it/s]
 42%|████▏     | 21/50 [00:16<00:14,  2.02it/s]
 44%|████▍     | 22/50 [00:17<00:13,  2.02it/s]
 46%|████▌     | 23/50 [00:17<00:13,  2.01it/s]
 48%|████▊     | 24/50 [00:18<00:13,  1.95it/s]
 50%|█████     | 25/50 [00:18<00:13,  1.90it/s]
 52%|█████▏    | 26/50 [00:19<00:12,  1.88it/s]
 54%|█████▍    | 27/50 [00:20<00:12,  1.88it/s]
 56%|█████▌    | 28/50 [00:20<00:11,  1.88it/s]
 58%|█████▊    | 29/50 [00:21<00:11,  1.85it/s]
 60%|██████    | 30/50 [00:21<00:10,  1.84it/s]
 62%|██████▏   | 31/50 [00:22<00:10,  1.83it/s]
 64%|██████▍   | 32/50 [00:22<00:09,  1.82it/s]
 66%|██████▌   | 33/50 [00:23<00:09,  1.82it/s]
 68%|██████▊   | 34/50 [00:23<00:08,  1.82it/s]
 70%|███████   | 35/50 [00:24<00:08,  1.80it/s]
 72%|███████▏  | 36/50 [00:24<00:07,  1.81it/s]
 74%|███████▍  | 37/50 [00:25<00:07,  1.80it/s]
 76%|███████▌  | 38/50 [00:26<00:06,  1.82it/s]
 78%|███████▊  | 39/50 [00:26<00:05,  2.17it/s]
 80%|████████  | 40/50 [00:26<00:04,  2.41it/s]
 82%|████████▏ | 41/50 [00:27<00:03,  2.47it/s]
 84%|████████▍ | 42/50 [00:27<00:03,  2.37it/s]
 86%|████████▌ | 43/50 [00:27<00:03,  2.23it/s]
 88%|████████▊ | 44/50 [00:28<00:02,  2.14it/s]
 90%|█████████ | 45/50 [00:28<00:02,  2.10it/s]
 92%|█████████▏| 46/50 [00:29<00:01,  2.05it/s]
 94%|█████████▍| 47/50 [00:30<00:01,  1.97it/s]
 96%|█████████▌| 48/50 [00:30<00:01,  1.91it/s]
 98%|█████████▊| 49/50 [00:31<00:00,  1.88it/s]
100%|██████████| 50/50 [00:41<00:00,  3.34s/it]
100%|██████████| 50/50 [00:41<00:00,  1.22it/s]
[I 2023-12-11 22:59:44,698] Trial 357 finished with value: 0.270871606450296 and parameters: {'EMBEDDING_DIM': 32, 'HIDDEN_DIM': 463, 'NUM_LAYERS': 3, 'DROPOUT': 0.29402008692988885, 'LR': 0.007149564309600051, 'WEIGHT_0': 0.9343452664346139, 'WEIGHT_1': 0.21681758499052173, 'WEIGHT_2': 0.11182521435567619, 'WEIGHT_3': 0.05156247287008356, 'WEIGHT_4': 0.6949230260097146, 'WEIGHT_5': 0.4534974235399406, 'WEIGHT_6': 0.34232967581681106, 'WEIGHT_7': 0.5854293754826805, 'WEIGHT_8': 0.71778128697433}. Best is trial 282 with value: 0.45463128081401455.
{'EMBEDDING_DIM': 32, 'HIDDEN_DIM': 463, 'NUM_LAYERS': 3, 'DROPOUT': 0.29402008692988885, 'LR': 0.007149564309600051, 'WEIGHT_0': 0.9343452664346139, 'WEIGHT_1': 0.21681758499052173, 'WEIGHT_2': 0.11182521435567619, 'WEIGHT_3': 0.05156247287008356, 'WEIGHT_4': 0.6949230260097146, 'WEIGHT_5': 0.4534974235399406, 'WEIGHT_6': 0.34232967581681106, 'WEIGHT_7': 0.5854293754826805, 'WEIGHT_8': 0.71778128697433}
0
              precision    recall  f1-score   support

         LOC       0.00      0.00      0.00      1837
        MISC       0.00      0.00      0.00       922
         ORG       0.00      0.00      0.00      1341
         PER       0.00      0.00      0.00      1842

   micro avg       0.00      0.00      0.00      5942
   macro avg       0.00      0.00      0.00      5942
weighted avg       0.00      0.00      0.00      5942

{'EMBEDDING_DIM': 32, 'HIDDEN_DIM': 463, 'NUM_LAYERS': 3, 'DROPOUT': 0.29402008692988885, 'LR': 0.007149564309600051, 'WEIGHT_0': 0.9343452664346139, 'WEIGHT_1': 0.21681758499052173, 'WEIGHT_2': 0.11182521435567619, 'WEIGHT_3': 0.05156247287008356, 'WEIGHT_4': 0.6949230260097146, 'WEIGHT_5': 0.4534974235399406, 'WEIGHT_6': 0.34232967581681106, 'WEIGHT_7': 0.5854293754826805, 'WEIGHT_8': 0.71778128697433}
49
              precision    recall  f1-score   support

         LOC       0.38      0.57      0.45      1837
        MISC       0.00      0.00      0.00       922
         ORG       0.22      0.02      0.03      1341
         PER       0.26      0.14      0.18      1842

   micro avg       0.34      0.22      0.27      5942
   macro avg       0.21      0.18      0.17      5942
weighted avg       0.25      0.22      0.20      5942

epoch 49
Transformer

  0%|          | 0/50 [00:00<?, ?it/s]
  2%|▏         | 1/50 [00:05<04:48,  5.90s/it]
  6%|▌         | 3/50 [00:06<01:15,  1.60s/it]
 10%|█         | 5/50 [00:06<00:37,  1.22it/s]
 14%|█▍        | 7/50 [00:06<00:22,  1.94it/s]
 18%|█▊        | 9/50 [00:06<00:14,  2.82it/s]
 22%|██▏       | 11/50 [00:06<00:10,  3.82it/s]
 26%|██▌       | 13/50 [00:06<00:07,  4.92it/s]
 30%|███       | 15/50 [00:07<00:05,  6.02it/s]
 34%|███▍      | 17/50 [00:07<00:04,  7.08it/s]
 38%|███▊      | 19/50 [00:07<00:03,  8.02it/s]
 42%|████▏     | 21/50 [00:07<00:03,  8.83it/s]
 46%|████▌     | 23/50 [00:07<00:02,  9.49it/s]
 50%|█████     | 25/50 [00:08<00:02, 10.01it/s]
 54%|█████▍    | 27/50 [00:08<00:02, 10.39it/s]
 58%|█████▊    | 29/50 [00:08<00:01, 10.68it/s]
 62%|██████▏   | 31/50 [00:08<00:01, 10.90it/s]
 66%|██████▌   | 33/50 [00:08<00:01, 11.05it/s]
 70%|███████   | 35/50 [00:08<00:01, 11.16it/s]
 74%|███████▍  | 37/50 [00:09<00:01, 11.23it/s]
 78%|███████▊  | 39/50 [00:09<00:00, 11.27it/s]
 82%|████████▏ | 41/50 [00:09<00:00, 11.33it/s]
 86%|████████▌ | 43/50 [00:09<00:00, 11.35it/s]
 90%|█████████ | 45/50 [00:09<00:00, 11.38it/s]
 94%|█████████▍| 47/50 [00:09<00:00, 11.39it/s]
 98%|█████████▊| 49/50 [00:10<00:00, 11.40it/s]
100%|██████████| 50/50 [00:15<00:00,  3.13it/s]
[I 2023-12-11 23:00:06,166] Trial 358 finished with value: 0.4397163120567376 and parameters: {'EMBEDDING_DIM': 32, 'HIDDEN_DIM': 689, 'NUM_LAYERS': 1, 'DROPOUT': 0.17353713847135185, 'LR': 0.006517247807446618, 'WEIGHT_0': 0.9553988560075033, 'WEIGHT_1': 0.35213832152737906, 'WEIGHT_2': 0.31017054588496173, 'WEIGHT_3': 0.2679330699927461, 'WEIGHT_4': 0.7852863088154054, 'WEIGHT_5': 0.49069782412296786, 'WEIGHT_6': 0.25263584338383854, 'WEIGHT_7': 0.6143338045758401, 'WEIGHT_8': 0.6339724057619983}. Best is trial 282 with value: 0.45463128081401455.
{'EMBEDDING_DIM': 32, 'HIDDEN_DIM': 689, 'NUM_LAYERS': 1, 'DROPOUT': 0.17353713847135185, 'LR': 0.006517247807446618, 'WEIGHT_0': 0.9553988560075033, 'WEIGHT_1': 0.35213832152737906, 'WEIGHT_2': 0.31017054588496173, 'WEIGHT_3': 0.2679330699927461, 'WEIGHT_4': 0.7852863088154054, 'WEIGHT_5': 0.49069782412296786, 'WEIGHT_6': 0.25263584338383854, 'WEIGHT_7': 0.6143338045758401, 'WEIGHT_8': 0.6339724057619983}
0
              precision    recall  f1-score   support

         LOC       0.00      0.00      0.00      1837
        MISC       0.00      0.00      0.00       922
         ORG       0.00      0.00      0.00      1341
         PER       0.00      0.00      0.00      1842

   micro avg       0.00      0.00      0.00      5942
   macro avg       0.00      0.00      0.00      5942
weighted avg       0.00      0.00      0.00      5942

{'EMBEDDING_DIM': 32, 'HIDDEN_DIM': 689, 'NUM_LAYERS': 1, 'DROPOUT': 0.17353713847135185, 'LR': 0.006517247807446618, 'WEIGHT_0': 0.9553988560075033, 'WEIGHT_1': 0.35213832152737906, 'WEIGHT_2': 0.31017054588496173, 'WEIGHT_3': 0.2679330699927461, 'WEIGHT_4': 0.7852863088154054, 'WEIGHT_5': 0.49069782412296786, 'WEIGHT_6': 0.25263584338383854, 'WEIGHT_7': 0.6143338045758401, 'WEIGHT_8': 0.6339724057619983}
49
              precision    recall  f1-score   support

         LOC       0.80      0.58      0.67      1837
        MISC       0.63      0.46      0.53       922
         ORG       0.39      0.22      0.28      1341
         PER       0.37      0.18      0.24      1842

   micro avg       0.58      0.35      0.44      5942
   macro avg       0.55      0.36      0.43      5942
weighted avg       0.55      0.35      0.43      5942

epoch 49
Transformer

  0%|          | 0/50 [00:00<?, ?it/s]
  2%|▏         | 1/50 [00:05<04:48,  5.89s/it]
  6%|▌         | 3/50 [00:06<01:15,  1.60s/it]
 10%|█         | 5/50 [00:06<00:37,  1.21it/s]
 14%|█▍        | 7/50 [00:06<00:22,  1.94it/s]
 18%|█▊        | 9/50 [00:06<00:14,  2.82it/s]
 22%|██▏       | 11/50 [00:06<00:10,  3.83it/s]
 26%|██▌       | 13/50 [00:06<00:07,  4.92it/s]
 30%|███       | 15/50 [00:07<00:05,  6.02it/s]
 34%|███▍      | 17/50 [00:07<00:04,  7.08it/s]
 38%|███▊      | 19/50 [00:07<00:03,  8.02it/s]
 42%|████▏     | 21/50 [00:07<00:03,  8.82it/s]
 46%|████▌     | 23/50 [00:07<00:02,  9.46it/s]
 50%|█████     | 25/50 [00:08<00:02,  9.98it/s]
 54%|█████▍    | 27/50 [00:08<00:02, 10.37it/s]
 58%|█████▊    | 29/50 [00:08<00:01, 10.66it/s]
 62%|██████▏   | 31/50 [00:08<00:01, 10.86it/s]
 66%|██████▌   | 33/50 [00:08<00:01, 11.01it/s]
 70%|███████   | 35/50 [00:08<00:01, 11.11it/s]
 74%|███████▍  | 37/50 [00:09<00:01, 11.20it/s]
 78%|███████▊  | 39/50 [00:09<00:00, 11.27it/s]
 82%|████████▏ | 41/50 [00:09<00:00, 11.31it/s]
 86%|████████▌ | 43/50 [00:09<00:00, 11.35it/s]
 90%|█████████ | 45/50 [00:09<00:00, 11.37it/s]
 94%|█████████▍| 47/50 [00:09<00:00, 11.37it/s]
 98%|█████████▊| 49/50 [00:10<00:00, 11.39it/s]
100%|██████████| 50/50 [00:15<00:00,  3.13it/s]
