[I 2023-12-11 22:47:11,383] Trial 334 finished with value: 0.43907998342312476 and parameters: {'EMBEDDING_DIM': 16, 'HIDDEN_DIM': 562, 'NUM_LAYERS': 1, 'DROPOUT': 0.2755961676646726, 'LR': 0.00674878060338686, 'WEIGHT_0': 0.9964661498596527, 'WEIGHT_1': 0.07618516547389255, 'WEIGHT_2': 0.29078750163456385, 'WEIGHT_3': 0.24642711736264297, 'WEIGHT_4': 0.6333971702628485, 'WEIGHT_5': 0.4564316280491857, 'WEIGHT_6': 0.08601751670838077, 'WEIGHT_7': 0.5069203216544816, 'WEIGHT_8': 0.9404743042560976}. Best is trial 282 with value: 0.45463128081401455.
{'EMBEDDING_DIM': 16, 'HIDDEN_DIM': 562, 'NUM_LAYERS': 1, 'DROPOUT': 0.2755961676646726, 'LR': 0.00674878060338686, 'WEIGHT_0': 0.9964661498596527, 'WEIGHT_1': 0.07618516547389255, 'WEIGHT_2': 0.29078750163456385, 'WEIGHT_3': 0.24642711736264297, 'WEIGHT_4': 0.6333971702628485, 'WEIGHT_5': 0.4564316280491857, 'WEIGHT_6': 0.08601751670838077, 'WEIGHT_7': 0.5069203216544816, 'WEIGHT_8': 0.9404743042560976}
0
              precision    recall  f1-score   support

         LOC       0.00      0.00      0.00      1837
        MISC       0.00      0.00      0.00       922
         ORG       0.00      0.00      0.00      1341
         PER       0.00      0.00      0.00      1842

   micro avg       0.00      0.00      0.00      5942
   macro avg       0.00      0.00      0.00      5942
weighted avg       0.00      0.00      0.00      5942

{'EMBEDDING_DIM': 16, 'HIDDEN_DIM': 562, 'NUM_LAYERS': 1, 'DROPOUT': 0.2755961676646726, 'LR': 0.00674878060338686, 'WEIGHT_0': 0.9964661498596527, 'WEIGHT_1': 0.07618516547389255, 'WEIGHT_2': 0.29078750163456385, 'WEIGHT_3': 0.24642711736264297, 'WEIGHT_4': 0.6333971702628485, 'WEIGHT_5': 0.4564316280491857, 'WEIGHT_6': 0.08601751670838077, 'WEIGHT_7': 0.5069203216544816, 'WEIGHT_8': 0.9404743042560976}
49
              precision    recall  f1-score   support

         LOC       0.74      0.60      0.66      1837
        MISC       0.60      0.49      0.54       922
         ORG       0.41      0.17      0.24      1341
         PER       0.37      0.18      0.25      1842

   micro avg       0.57      0.36      0.44      5942
   macro avg       0.53      0.36      0.42      5942
weighted avg       0.53      0.36      0.42      5942

epoch 49
Transformer

  0%|          | 0/50 [00:00<?, ?it/s]
  2%|▏         | 1/50 [00:07<05:57,  7.29s/it]
  4%|▍         | 2/50 [00:07<02:27,  3.07s/it]
  6%|▌         | 3/50 [00:07<01:21,  1.73s/it]
  8%|▊         | 4/50 [00:07<00:50,  1.09s/it]
 10%|█         | 5/50 [00:07<00:33,  1.35it/s]
 12%|█▏        | 6/50 [00:07<00:23,  1.88it/s]
 14%|█▍        | 7/50 [00:08<00:17,  2.50it/s]
 16%|█▌        | 8/50 [00:08<00:12,  3.25it/s]
 18%|█▊        | 9/50 [00:08<00:10,  4.06it/s]
 20%|██        | 10/50 [00:08<00:08,  4.88it/s]
 22%|██▏       | 11/50 [00:08<00:06,  5.67it/s]
 24%|██▍       | 12/50 [00:08<00:05,  6.38it/s]
 26%|██▌       | 13/50 [00:08<00:05,  6.99it/s]
 28%|██▊       | 14/50 [00:08<00:04,  7.48it/s]
 30%|███       | 15/50 [00:08<00:04,  7.87it/s]
 32%|███▏      | 16/50 [00:09<00:04,  8.18it/s]
 34%|███▍      | 17/50 [00:09<00:03,  8.40it/s]
 36%|███▌      | 18/50 [00:09<00:03,  8.57it/s]
 38%|███▊      | 19/50 [00:09<00:03,  8.66it/s]
 40%|████      | 20/50 [00:09<00:03,  8.75it/s]
 42%|████▏     | 21/50 [00:09<00:03,  8.82it/s]
 44%|████▍     | 22/50 [00:09<00:03,  8.87it/s]
 46%|████▌     | 23/50 [00:09<00:03,  8.89it/s]
 48%|████▊     | 24/50 [00:09<00:02,  8.90it/s]
 50%|█████     | 25/50 [00:10<00:02,  8.91it/s]
 52%|█████▏    | 26/50 [00:10<00:02,  8.93it/s]
 54%|█████▍    | 27/50 [00:10<00:02,  8.95it/s]
 56%|█████▌    | 28/50 [00:10<00:02,  8.94it/s]
 58%|█████▊    | 29/50 [00:10<00:02,  8.13it/s]
 60%|██████    | 30/50 [00:10<00:02,  7.64it/s]
 62%|██████▏   | 31/50 [00:10<00:02,  7.16it/s]
 64%|██████▍   | 32/50 [00:10<00:02,  6.77it/s]
 66%|██████▌   | 33/50 [00:11<00:02,  6.39it/s]
 68%|██████▊   | 34/50 [00:11<00:02,  6.10it/s]
 70%|███████   | 35/50 [00:11<00:02,  5.78it/s]
 72%|███████▏  | 36/50 [00:11<00:02,  5.58it/s]
 74%|███████▍  | 37/50 [00:11<00:02,  5.44it/s]
 76%|███████▌  | 38/50 [00:12<00:02,  5.36it/s]
 78%|███████▊  | 39/50 [00:12<00:02,  5.27it/s]
 80%|████████  | 40/50 [00:12<00:01,  5.20it/s]
 82%|████████▏ | 41/50 [00:12<00:01,  5.08it/s]
 84%|████████▍ | 42/50 [00:12<00:01,  4.98it/s]
 86%|████████▌ | 43/50 [00:13<00:01,  5.22it/s]
 88%|████████▊ | 44/50 [00:13<00:00,  6.02it/s]
 90%|█████████ | 45/50 [00:13<00:00,  6.74it/s]
 92%|█████████▏| 46/50 [00:13<00:00,  7.35it/s]
 94%|█████████▍| 47/50 [00:13<00:00,  7.85it/s]
 96%|█████████▌| 48/50 [00:13<00:00,  8.26it/s]
 98%|█████████▊| 49/50 [00:13<00:00,  8.54it/s]
100%|██████████| 50/50 [00:19<00:00,  1.86s/it]
100%|██████████| 50/50 [00:19<00:00,  2.54it/s]
[I 2023-12-11 22:47:36,425] Trial 335 finished with value: 0.4471578083316233 and parameters: {'EMBEDDING_DIM': 32, 'HIDDEN_DIM': 476, 'NUM_LAYERS': 1, 'DROPOUT': 0.2635135785404893, 'LR': 0.006474229668653144, 'WEIGHT_0': 0.41978836237484746, 'WEIGHT_1': 0.27998358323314676, 'WEIGHT_2': 0.1792407862483338, 'WEIGHT_3': 0.039289527293451476, 'WEIGHT_4': 0.8116931032237311, 'WEIGHT_5': 0.5311090594294303, 'WEIGHT_6': 0.058740714915186565, 'WEIGHT_7': 0.5711689259788758, 'WEIGHT_8': 0.5614506372265208}. Best is trial 282 with value: 0.45463128081401455.
{'EMBEDDING_DIM': 32, 'HIDDEN_DIM': 476, 'NUM_LAYERS': 1, 'DROPOUT': 0.2635135785404893, 'LR': 0.006474229668653144, 'WEIGHT_0': 0.41978836237484746, 'WEIGHT_1': 0.27998358323314676, 'WEIGHT_2': 0.1792407862483338, 'WEIGHT_3': 0.039289527293451476, 'WEIGHT_4': 0.8116931032237311, 'WEIGHT_5': 0.5311090594294303, 'WEIGHT_6': 0.058740714915186565, 'WEIGHT_7': 0.5711689259788758, 'WEIGHT_8': 0.5614506372265208}
0
              precision    recall  f1-score   support

         LOC       0.00      0.00      0.00      1837
        MISC       0.00      0.00      0.00       922
         ORG       0.00      0.00      0.00      1341
         PER       0.00      0.00      0.00      1842

   micro avg       0.00      0.00      0.00      5942
   macro avg       0.00      0.00      0.00      5942
weighted avg       0.00      0.00      0.00      5942

{'EMBEDDING_DIM': 32, 'HIDDEN_DIM': 476, 'NUM_LAYERS': 1, 'DROPOUT': 0.2635135785404893, 'LR': 0.006474229668653144, 'WEIGHT_0': 0.41978836237484746, 'WEIGHT_1': 0.27998358323314676, 'WEIGHT_2': 0.1792407862483338, 'WEIGHT_3': 0.039289527293451476, 'WEIGHT_4': 0.8116931032237311, 'WEIGHT_5': 0.5311090594294303, 'WEIGHT_6': 0.058740714915186565, 'WEIGHT_7': 0.5711689259788758, 'WEIGHT_8': 0.5614506372265208}
49
              precision    recall  f1-score   support

         LOC       0.77      0.59      0.67      1837
        MISC       0.63      0.49      0.55       922
         ORG       0.42      0.22      0.29      1341
         PER       0.36      0.19      0.25      1842

   micro avg       0.57      0.37      0.45      5942
   macro avg       0.54      0.37      0.44      5942
weighted avg       0.54      0.37      0.43      5942

epoch 49
Transformer

  0%|          | 0/50 [00:00<?, ?it/s]
  2%|▏         | 1/50 [00:05<04:51,  5.94s/it]
  6%|▌         | 3/50 [00:06<01:15,  1.61s/it]
 10%|█         | 5/50 [00:06<00:37,  1.20it/s]
 12%|█▏        | 6/50 [00:06<00:27,  1.57it/s]
 16%|█▌        | 8/50 [00:06<00:16,  2.48it/s]
 20%|██        | 10/50 [00:06<00:11,  3.47it/s]
 22%|██▏       | 11/50 [00:06<00:09,  3.96it/s]
 24%|██▍       | 12/50 [00:07<00:08,  4.59it/s]
 26%|██▌       | 13/50 [00:07<00:07,  5.26it/s]
 28%|██▊       | 14/50 [00:07<00:06,  5.87it/s]
 30%|███       | 15/50 [00:07<00:05,  6.42it/s]
 32%|███▏      | 16/50 [00:07<00:04,  6.91it/s]
 36%|███▌      | 18/50 [00:07<00:03,  8.33it/s]
 40%|████      | 20/50 [00:07<00:03,  9.29it/s]
 44%|████▍     | 22/50 [00:08<00:02,  9.94it/s]
 48%|████▊     | 24/50 [00:08<00:02, 10.39it/s]
 52%|█████▏    | 26/50 [00:08<00:02, 10.69it/s]
 56%|█████▌    | 28/50 [00:08<00:02, 10.91it/s]
 60%|██████    | 30/50 [00:08<00:01, 11.05it/s]
 64%|██████▍   | 32/50 [00:08<00:01, 11.13it/s]
 68%|██████▊   | 34/50 [00:09<00:01, 11.21it/s]
 72%|███████▏  | 36/50 [00:09<00:01, 11.25it/s]
 76%|███████▌  | 38/50 [00:09<00:01, 11.27it/s]
 80%|████████  | 40/50 [00:09<00:00, 11.32it/s]
 84%|████████▍ | 42/50 [00:09<00:00, 11.32it/s]
 88%|████████▊ | 44/50 [00:09<00:00, 11.30it/s]
 92%|█████████▏| 46/50 [00:10<00:00, 11.30it/s]
 96%|█████████▌| 48/50 [00:10<00:00, 11.31it/s]
100%|██████████| 50/50 [00:16<00:00,  1.04it/s]
100%|██████████| 50/50 [00:16<00:00,  3.06it/s]
[I 2023-12-11 22:47:58,408] Trial 336 finished with value: 0.43379231804534635 and parameters: {'EMBEDDING_DIM': 32, 'HIDDEN_DIM': 709, 'NUM_LAYERS': 1, 'DROPOUT': 0.23375931107037617, 'LR': 0.004912125522541458, 'WEIGHT_0': 0.9452293590514161, 'WEIGHT_1': 0.5198241690566952, 'WEIGHT_2': 0.266007753603914, 'WEIGHT_3': 0.7591602397633161, 'WEIGHT_4': 0.9431245529280121, 'WEIGHT_5': 0.39683480191576054, 'WEIGHT_6': 0.026546119691533296, 'WEIGHT_7': 0.608846471708838, 'WEIGHT_8': 0.8342722303701824}. Best is trial 282 with value: 0.45463128081401455.
{'EMBEDDING_DIM': 32, 'HIDDEN_DIM': 709, 'NUM_LAYERS': 1, 'DROPOUT': 0.23375931107037617, 'LR': 0.004912125522541458, 'WEIGHT_0': 0.9452293590514161, 'WEIGHT_1': 0.5198241690566952, 'WEIGHT_2': 0.266007753603914, 'WEIGHT_3': 0.7591602397633161, 'WEIGHT_4': 0.9431245529280121, 'WEIGHT_5': 0.39683480191576054, 'WEIGHT_6': 0.026546119691533296, 'WEIGHT_7': 0.608846471708838, 'WEIGHT_8': 0.8342722303701824}
0
              precision    recall  f1-score   support

         LOC       0.00      0.00      0.00      1837
        MISC       0.00      0.00      0.00       922
         ORG       0.00      0.00      0.00      1341
         PER       0.00      0.00      0.00      1842

   micro avg       0.00      0.00      0.00      5942
   macro avg       0.00      0.00      0.00      5942
weighted avg       0.00      0.00      0.00      5942

{'EMBEDDING_DIM': 32, 'HIDDEN_DIM': 709, 'NUM_LAYERS': 1, 'DROPOUT': 0.23375931107037617, 'LR': 0.004912125522541458, 'WEIGHT_0': 0.9452293590514161, 'WEIGHT_1': 0.5198241690566952, 'WEIGHT_2': 0.266007753603914, 'WEIGHT_3': 0.7591602397633161, 'WEIGHT_4': 0.9431245529280121, 'WEIGHT_5': 0.39683480191576054, 'WEIGHT_6': 0.026546119691533296, 'WEIGHT_7': 0.608846471708838, 'WEIGHT_8': 0.8342722303701824}
49
              precision    recall  f1-score   support

         LOC       0.75      0.58      0.65      1837
        MISC       0.60      0.44      0.51       922
         ORG       0.43      0.21      0.29      1341
         PER       0.35      0.18      0.24      1842

   micro avg       0.56      0.35      0.43      5942
   macro avg       0.53      0.35      0.42      5942
weighted avg       0.53      0.35      0.42      5942

epoch 49
Transformer

  0%|          | 0/50 [00:00<?, ?it/s]
  2%|▏         | 1/50 [00:06<05:00,  6.14s/it]
  6%|▌         | 3/50 [00:06<01:18,  1.66s/it]
  8%|▊         | 4/50 [00:06<00:51,  1.12s/it]
 12%|█▏        | 6/50 [00:06<00:26,  1.64it/s]
 16%|█▌        | 8/50 [00:06<00:16,  2.49it/s]
 18%|█▊        | 9/50 [00:06<00:13,  3.00it/s]
 20%|██        | 10/50 [00:07<00:11,  3.61it/s]
 22%|██▏       | 11/50 [00:07<00:09,  4.22it/s]
 24%|██▍       | 12/50 [00:07<00:07,  4.80it/s]
 26%|██▌       | 13/50 [00:07<00:06,  5.35it/s]
 28%|██▊       | 14/50 [00:07<00:05,  6.00it/s]
 30%|███       | 15/50 [00:07<00:05,  6.59it/s]
 32%|███▏      | 16/50 [00:07<00:04,  7.07it/s]
 34%|███▍      | 17/50 [00:07<00:04,  7.48it/s]
 36%|███▌      | 18/50 [00:08<00:04,  7.80it/s]
 38%|███▊      | 19/50 [00:08<00:03,  8.34it/s]
 42%|████▏     | 21/50 [00:08<00:03,  9.55it/s]
 46%|████▌     | 23/50 [00:08<00:02, 10.21it/s]
 50%|█████     | 25/50 [00:08<00:02, 10.59it/s]
 54%|█████▍    | 27/50 [00:08<00:02, 10.84it/s]
 58%|█████▊    | 29/50 [00:08<00:01, 11.00it/s]
 62%|██████▏   | 31/50 [00:09<00:01, 11.12it/s]
 66%|██████▌   | 33/50 [00:09<00:01, 11.20it/s]
 70%|███████   | 35/50 [00:09<00:01, 11.26it/s]
 74%|███████▍  | 37/50 [00:09<00:01, 11.30it/s]
 78%|███████▊  | 39/50 [00:09<00:00, 11.32it/s]
 82%|████████▏ | 41/50 [00:10<00:00, 11.33it/s]
 86%|████████▌ | 43/50 [00:10<00:00, 11.34it/s]
 90%|█████████ | 45/50 [00:10<00:00, 11.33it/s]
 94%|█████████▍| 47/50 [00:10<00:00, 11.34it/s]
 98%|█████████▊| 49/50 [00:10<00:00, 11.34it/s]
100%|██████████| 50/50 [00:16<00:00,  3.01it/s]
[I 2023-12-11 22:48:20,632] Trial 337 finished with value: 0.4346764346764347 and parameters: {'EMBEDDING_DIM': 32, 'HIDDEN_DIM': 615, 'NUM_LAYERS': 1, 'DROPOUT': 0.25521872152571434, 'LR': 0.007116127976318737, 'WEIGHT_0': 0.7851949192856901, 'WEIGHT_1': 0.13963896033824494, 'WEIGHT_2': 0.9661725653786619, 'WEIGHT_3': 0.4738983454983146, 'WEIGHT_4': 0.5246096621846069, 'WEIGHT_5': 0.49426007869738653, 'WEIGHT_6': 0.11341569643627677, 'WEIGHT_7': 0.6861424999199494, 'WEIGHT_8': 0.8113184477792912}. Best is trial 282 with value: 0.45463128081401455.
{'EMBEDDING_DIM': 32, 'HIDDEN_DIM': 615, 'NUM_LAYERS': 1, 'DROPOUT': 0.25521872152571434, 'LR': 0.007116127976318737, 'WEIGHT_0': 0.7851949192856901, 'WEIGHT_1': 0.13963896033824494, 'WEIGHT_2': 0.9661725653786619, 'WEIGHT_3': 0.4738983454983146, 'WEIGHT_4': 0.5246096621846069, 'WEIGHT_5': 0.49426007869738653, 'WEIGHT_6': 0.11341569643627677, 'WEIGHT_7': 0.6861424999199494, 'WEIGHT_8': 0.8113184477792912}
0
              precision    recall  f1-score   support

         LOC       0.00      0.00      0.00      1837
        MISC       0.00      0.00      0.00       922
         ORG       0.00      0.00      0.00      1341
         PER       0.00      0.00      0.00      1842

   micro avg       0.00      0.00      0.00      5942
   macro avg       0.00      0.00      0.00      5942
weighted avg       0.00      0.00      0.00      5942

{'EMBEDDING_DIM': 32, 'HIDDEN_DIM': 615, 'NUM_LAYERS': 1, 'DROPOUT': 0.25521872152571434, 'LR': 0.007116127976318737, 'WEIGHT_0': 0.7851949192856901, 'WEIGHT_1': 0.13963896033824494, 'WEIGHT_2': 0.9661725653786619, 'WEIGHT_3': 0.4738983454983146, 'WEIGHT_4': 0.5246096621846069, 'WEIGHT_5': 0.49426007869738653, 'WEIGHT_6': 0.11341569643627677, 'WEIGHT_7': 0.6861424999199494, 'WEIGHT_8': 0.8113184477792912}
49
              precision    recall  f1-score   support

         LOC       0.77      0.58      0.66      1837
        MISC       0.55      0.51      0.53       922
         ORG       0.45      0.20      0.28      1341
         PER       0.32      0.18      0.23      1842

   micro avg       0.55      0.36      0.43      5942
   macro avg       0.52      0.37      0.43      5942
weighted avg       0.52      0.36      0.42      5942

epoch 49
Transformer

  0%|          | 0/50 [00:00<?, ?it/s]
  2%|▏         | 1/50 [00:05<04:52,  5.98s/it]
  4%|▍         | 2/50 [00:06<02:02,  2.56s/it]
  6%|▌         | 3/50 [00:06<01:08,  1.47s/it]
  8%|▊         | 4/50 [00:06<00:44,  1.03it/s]
 10%|█         | 5/50 [00:06<00:30,  1.46it/s]
 12%|█▏        | 6/50 [00:06<00:22,  1.96it/s]
 14%|█▍        | 7/50 [00:07<00:17,  2.49it/s]
 16%|█▌        | 8/50 [00:07<00:13,  3.00it/s]
 18%|█▊        | 9/50 [00:07<00:11,  3.56it/s]
 20%|██        | 10/50 [00:07<00:09,  4.08it/s]
 22%|██▏       | 11/50 [00:07<00:08,  4.53it/s]
 24%|██▍       | 12/50 [00:07<00:07,  4.90it/s]
 26%|██▌       | 13/50 [00:08<00:07,  5.22it/s]
 28%|██▊       | 14/50 [00:08<00:06,  5.48it/s]
 30%|███       | 15/50 [00:08<00:06,  5.68it/s]
 32%|███▏      | 16/50 [00:08<00:05,  5.83it/s]
 34%|███▍      | 17/50 [00:08<00:05,  5.94it/s]
 36%|███▌      | 18/50 [00:08<00:05,  6.02it/s]
 38%|███▊      | 19/50 [00:09<00:05,  6.07it/s]
 40%|████      | 20/50 [00:09<00:04,  6.11it/s]
 42%|████▏     | 21/50 [00:09<00:04,  6.12it/s]
 44%|████▍     | 22/50 [00:09<00:04,  6.14it/s]
 46%|████▌     | 23/50 [00:09<00:04,  6.14it/s]
 48%|████▊     | 24/50 [00:09<00:04,  6.14it/s]
 50%|█████     | 25/50 [00:09<00:04,  6.14it/s]
 52%|█████▏    | 26/50 [00:10<00:03,  6.13it/s]
 54%|█████▍    | 27/50 [00:10<00:03,  6.09it/s]
 56%|█████▌    | 28/50 [00:10<00:03,  6.05it/s]
 58%|█████▊    | 29/50 [00:10<00:03,  6.01it/s]
 60%|██████    | 30/50 [00:10<00:03,  5.98it/s]
 62%|██████▏   | 31/50 [00:11<00:03,  5.96it/s]
 64%|██████▍   | 32/50 [00:11<00:03,  5.94it/s]
 66%|██████▌   | 33/50 [00:11<00:02,  5.94it/s]
 68%|██████▊   | 34/50 [00:11<00:02,  5.93it/s]
 70%|███████   | 35/50 [00:11<00:02,  5.92it/s]
 72%|███████▏  | 36/50 [00:11<00:02,  5.88it/s]
 74%|███████▍  | 37/50 [00:12<00:02,  5.92it/s]
 76%|███████▌  | 38/50 [00:12<00:02,  5.96it/s]
 78%|███████▊  | 39/50 [00:12<00:01,  5.97it/s]
 80%|████████  | 40/50 [00:12<00:01,  5.98it/s]
 82%|████████▏ | 41/50 [00:12<00:01,  5.97it/s]
 84%|████████▍ | 42/50 [00:12<00:01,  5.95it/s]
 86%|████████▌ | 43/50 [00:13<00:01,  5.91it/s]
 88%|████████▊ | 44/50 [00:13<00:01,  5.89it/s]
 90%|█████████ | 45/50 [00:13<00:00,  5.79it/s]
 92%|█████████▏| 46/50 [00:13<00:00,  5.75it/s]
 94%|█████████▍| 47/50 [00:13<00:00,  5.74it/s]
 96%|█████████▌| 48/50 [00:13<00:00,  5.83it/s]
 98%|█████████▊| 49/50 [00:14<00:00,  5.89it/s]
100%|██████████| 50/50 [00:20<00:00,  1.92s/it]
100%|██████████| 50/50 [00:20<00:00,  2.49it/s]
[I 2023-12-11 22:48:46,341] Trial 338 finished with value: 0.42299516908212564 and parameters: {'EMBEDDING_DIM': 32, 'HIDDEN_DIM': 3995, 'NUM_LAYERS': 1, 'DROPOUT': 0.28180038683508923, 'LR': 0.003986267917399716, 'WEIGHT_0': 0.6648460491904865, 'WEIGHT_1': 0.23424391880477202, 'WEIGHT_2': 0.2391314159404711, 'WEIGHT_3': 0.10317406429833498, 'WEIGHT_4': 0.8149573477785602, 'WEIGHT_5': 0.42082531173289073, 'WEIGHT_6': 0.07641561347388656, 'WEIGHT_7': 0.6402169375558437, 'WEIGHT_8': 0.6418234784300301}. Best is trial 282 with value: 0.45463128081401455.
{'EMBEDDING_DIM': 32, 'HIDDEN_DIM': 3995, 'NUM_LAYERS': 1, 'DROPOUT': 0.28180038683508923, 'LR': 0.003986267917399716, 'WEIGHT_0': 0.6648460491904865, 'WEIGHT_1': 0.23424391880477202, 'WEIGHT_2': 0.2391314159404711, 'WEIGHT_3': 0.10317406429833498, 'WEIGHT_4': 0.8149573477785602, 'WEIGHT_5': 0.42082531173289073, 'WEIGHT_6': 0.07641561347388656, 'WEIGHT_7': 0.6402169375558437, 'WEIGHT_8': 0.6418234784300301}
0
              precision    recall  f1-score   support

         LOC       0.00      0.00      0.00      1837
        MISC       0.00      0.00      0.00       922
         ORG       0.00      0.00      0.00      1341
         PER       0.00      0.00      0.00      1842

   micro avg       0.00      0.00      0.00      5942
   macro avg       0.00      0.00      0.00      5942
weighted avg       0.00      0.00      0.00      5942

{'EMBEDDING_DIM': 32, 'HIDDEN_DIM': 3995, 'NUM_LAYERS': 1, 'DROPOUT': 0.28180038683508923, 'LR': 0.003986267917399716, 'WEIGHT_0': 0.6648460491904865, 'WEIGHT_1': 0.23424391880477202, 'WEIGHT_2': 0.2391314159404711, 'WEIGHT_3': 0.10317406429833498, 'WEIGHT_4': 0.8149573477785602, 'WEIGHT_5': 0.42082531173289073, 'WEIGHT_6': 0.07641561347388656, 'WEIGHT_7': 0.6402169375558437, 'WEIGHT_8': 0.6418234784300301}
49
              precision    recall  f1-score   support

         LOC       0.71      0.58      0.64      1837
        MISC       0.42      0.50      0.46       922
         ORG       0.49      0.19      0.28      1341
         PER       0.31      0.21      0.25      1842

   micro avg       0.50      0.37      0.42      5942
   macro avg       0.48      0.37      0.41      5942
weighted avg       0.49      0.37      0.41      5942

epoch 49
Transformer

  0%|          | 0/50 [00:00<?, ?it/s]
  2%|▏         | 1/50 [00:05<04:44,  5.80s/it]
  6%|▌         | 3/50 [00:05<01:14,  1.58s/it]
 10%|█         | 5/50 [00:06<00:36,  1.23it/s]
 14%|█▍        | 7/50 [00:06<00:21,  1.96it/s]
 18%|█▊        | 9/50 [00:06<00:14,  2.85it/s]
 22%|██▏       | 11/50 [00:06<00:10,  3.85it/s]
 26%|██▌       | 13/50 [00:06<00:07,  4.95it/s]
 30%|███       | 15/50 [00:07<00:05,  6.06it/s]
 34%|███▍      | 17/50 [00:07<00:04,  7.12it/s]
 38%|███▊      | 19/50 [00:07<00:03,  8.08it/s]
 42%|████▏     | 21/50 [00:07<00:03,  8.88it/s]
 46%|████▌     | 23/50 [00:07<00:02,  9.54it/s]
 50%|█████     | 25/50 [00:07<00:02, 10.05it/s]
 54%|█████▍    | 27/50 [00:08<00:02, 10.43it/s]
 58%|█████▊    | 29/50 [00:08<00:01, 10.72it/s]
 62%|██████▏   | 31/50 [00:08<00:01, 10.94it/s]
 66%|██████▌   | 33/50 [00:08<00:01, 11.09it/s]
 70%|███████   | 35/50 [00:08<00:01, 11.22it/s]
 74%|███████▍  | 37/50 [00:08<00:01, 11.27it/s]
 78%|███████▊  | 39/50 [00:09<00:00, 11.34it/s]
 82%|████████▏ | 41/50 [00:09<00:00, 11.38it/s]
 86%|████████▌ | 43/50 [00:09<00:00, 11.40it/s]
 90%|█████████ | 45/50 [00:09<00:00, 11.42it/s]
 94%|█████████▍| 47/50 [00:09<00:00, 11.43it/s]
 98%|█████████▊| 49/50 [00:10<00:00, 11.41it/s]
100%|██████████| 50/50 [00:15<00:00,  3.16it/s]
