[I 2023-12-11 21:38:41,631] Trial 207 finished with value: 0.0 and parameters: {'EMBEDDING_DIM': 2048, 'HIDDEN_DIM': 647, 'NUM_LAYERS': 1, 'DROPOUT': 0.15635031780835798, 'LR': 0.009755127456218654, 'WEIGHT_0': 0.8277182919341957, 'WEIGHT_1': 0.135359751699345, 'WEIGHT_2': 0.5351762766484325, 'WEIGHT_3': 0.3250320989691116, 'WEIGHT_4': 0.7648004751377389, 'WEIGHT_5': 0.3483866987409894, 'WEIGHT_6': 0.060475990634170626, 'WEIGHT_7': 0.9284682375941177, 'WEIGHT_8': 0.7989204953497198}. Best is trial 42 with value: 0.44962374581939796.
{'EMBEDDING_DIM': 2048, 'HIDDEN_DIM': 647, 'NUM_LAYERS': 1, 'DROPOUT': 0.15635031780835798, 'LR': 0.009755127456218654, 'WEIGHT_0': 0.8277182919341957, 'WEIGHT_1': 0.135359751699345, 'WEIGHT_2': 0.5351762766484325, 'WEIGHT_3': 0.3250320989691116, 'WEIGHT_4': 0.7648004751377389, 'WEIGHT_5': 0.3483866987409894, 'WEIGHT_6': 0.060475990634170626, 'WEIGHT_7': 0.9284682375941177, 'WEIGHT_8': 0.7989204953497198}
0
              precision    recall  f1-score   support

         LOC       0.00      0.00      0.00      1837
        MISC       0.00      0.00      0.00       922
         ORG       0.00      0.00      0.00      1341
         PER       0.01      0.03      0.01      1842

   micro avg       0.01      0.01      0.01      5942
   macro avg       0.00      0.01      0.00      5942
weighted avg       0.00      0.01      0.00      5942

{'EMBEDDING_DIM': 2048, 'HIDDEN_DIM': 647, 'NUM_LAYERS': 1, 'DROPOUT': 0.15635031780835798, 'LR': 0.009755127456218654, 'WEIGHT_0': 0.8277182919341957, 'WEIGHT_1': 0.135359751699345, 'WEIGHT_2': 0.5351762766484325, 'WEIGHT_3': 0.3250320989691116, 'WEIGHT_4': 0.7648004751377389, 'WEIGHT_5': 0.3483866987409894, 'WEIGHT_6': 0.060475990634170626, 'WEIGHT_7': 0.9284682375941177, 'WEIGHT_8': 0.7989204953497198}
49
              precision    recall  f1-score   support

         LOC       0.00      0.00      0.00      1837
        MISC       0.00      0.00      0.00       922
         ORG       0.00      0.00      0.00      1341
         PER       0.00      0.00      0.00      1842

   micro avg       0.00      0.00      0.00      5942
   macro avg       0.00      0.00      0.00      5942
weighted avg       0.00      0.00      0.00      5942

epoch 49
Transformer

  0%|          | 0/50 [00:00<?, ?it/s]
  2%|▏         | 1/50 [00:07<06:10,  7.56s/it]
  4%|▍         | 2/50 [00:07<02:37,  3.29s/it]
  6%|▌         | 3/50 [00:08<01:30,  1.92s/it]
  8%|▊         | 4/50 [00:08<00:58,  1.27s/it]
 10%|█         | 5/50 [00:08<00:40,  1.10it/s]
 12%|█▏        | 6/50 [00:08<00:30,  1.45it/s]
 14%|█▍        | 7/50 [00:09<00:23,  1.81it/s]
 16%|█▌        | 8/50 [00:09<00:19,  2.16it/s]
 18%|█▊        | 9/50 [00:09<00:16,  2.48it/s]
 20%|██        | 10/50 [00:10<00:14,  2.77it/s]
 22%|██▏       | 11/50 [00:10<00:13,  3.00it/s]
 24%|██▍       | 12/50 [00:10<00:11,  3.18it/s]
 26%|██▌       | 13/50 [00:10<00:11,  3.33it/s]
 28%|██▊       | 14/50 [00:11<00:10,  3.43it/s]
 30%|███       | 15/50 [00:11<00:09,  3.51it/s]
 32%|███▏      | 16/50 [00:11<00:09,  3.57it/s]
 34%|███▍      | 17/50 [00:11<00:09,  3.61it/s]
 36%|███▌      | 18/50 [00:12<00:08,  3.63it/s]
 38%|███▊      | 19/50 [00:12<00:08,  3.66it/s]
 40%|████      | 20/50 [00:12<00:08,  3.67it/s]
 42%|████▏     | 21/50 [00:13<00:07,  3.68it/s]
 44%|████▍     | 22/50 [00:13<00:07,  3.68it/s]
 46%|████▌     | 23/50 [00:13<00:07,  3.69it/s]
 48%|████▊     | 24/50 [00:13<00:07,  3.69it/s]
 50%|█████     | 25/50 [00:14<00:06,  3.70it/s]
 52%|█████▏    | 26/50 [00:14<00:06,  3.70it/s]
 54%|█████▍    | 27/50 [00:14<00:06,  3.70it/s]
 56%|█████▌    | 28/50 [00:14<00:05,  3.70it/s]
 58%|█████▊    | 29/50 [00:15<00:05,  3.70it/s]
 60%|██████    | 30/50 [00:15<00:05,  3.70it/s]
 62%|██████▏   | 31/50 [00:15<00:05,  3.67it/s]
 64%|██████▍   | 32/50 [00:15<00:04,  3.68it/s]
 66%|██████▌   | 33/50 [00:16<00:04,  3.68it/s]
 68%|██████▊   | 34/50 [00:16<00:04,  3.69it/s]
 70%|███████   | 35/50 [00:16<00:04,  3.69it/s]
 72%|███████▏  | 36/50 [00:17<00:03,  3.67it/s]
 74%|███████▍  | 37/50 [00:17<00:03,  3.68it/s]
 76%|███████▌  | 38/50 [00:17<00:03,  3.67it/s]
 78%|███████▊  | 39/50 [00:17<00:02,  3.67it/s]
 80%|████████  | 40/50 [00:18<00:02,  3.67it/s]
 82%|████████▏ | 41/50 [00:18<00:02,  3.67it/s]
 84%|████████▍ | 42/50 [00:18<00:02,  3.68it/s]
 86%|████████▌ | 43/50 [00:18<00:01,  3.69it/s]
 88%|████████▊ | 44/50 [00:19<00:01,  3.69it/s]
 90%|█████████ | 45/50 [00:19<00:01,  3.70it/s]
 92%|█████████▏| 46/50 [00:19<00:01,  3.70it/s]
 94%|█████████▍| 47/50 [00:20<00:00,  3.70it/s]
 96%|█████████▌| 48/50 [00:20<00:00,  3.70it/s]
 98%|█████████▊| 49/50 [00:20<00:00,  3.70it/s]
100%|██████████| 50/50 [00:26<00:00,  2.01s/it]
100%|██████████| 50/50 [00:26<00:00,  1.88it/s]
[I 2023-12-11 21:39:13,829] Trial 208 finished with value: 0.13285109386026817 and parameters: {'EMBEDDING_DIM': 256, 'HIDDEN_DIM': 2153, 'NUM_LAYERS': 1, 'DROPOUT': 0.2856752307404236, 'LR': 0.008814198132821768, 'WEIGHT_0': 0.9372833753635064, 'WEIGHT_1': 0.08598799525232159, 'WEIGHT_2': 0.5627178683397861, 'WEIGHT_3': 0.30685722433933904, 'WEIGHT_4': 0.7304444473766465, 'WEIGHT_5': 0.36131384573809805, 'WEIGHT_6': 0.08602703153233107, 'WEIGHT_7': 0.948186790617015, 'WEIGHT_8': 0.3948413395786684}. Best is trial 42 with value: 0.44962374581939796.
{'EMBEDDING_DIM': 256, 'HIDDEN_DIM': 2153, 'NUM_LAYERS': 1, 'DROPOUT': 0.2856752307404236, 'LR': 0.008814198132821768, 'WEIGHT_0': 0.9372833753635064, 'WEIGHT_1': 0.08598799525232159, 'WEIGHT_2': 0.5627178683397861, 'WEIGHT_3': 0.30685722433933904, 'WEIGHT_4': 0.7304444473766465, 'WEIGHT_5': 0.36131384573809805, 'WEIGHT_6': 0.08602703153233107, 'WEIGHT_7': 0.948186790617015, 'WEIGHT_8': 0.3948413395786684}
0
              precision    recall  f1-score   support

         LOC       0.00      0.00      0.00      1837
        MISC       0.00      0.00      0.00       922
         ORG       0.00      0.00      0.00      1341
         PER       0.03      0.01      0.01      1842

   micro avg       0.03      0.00      0.00      5942
   macro avg       0.01      0.00      0.00      5942
weighted avg       0.01      0.00      0.00      5942

{'EMBEDDING_DIM': 256, 'HIDDEN_DIM': 2153, 'NUM_LAYERS': 1, 'DROPOUT': 0.2856752307404236, 'LR': 0.008814198132821768, 'WEIGHT_0': 0.9372833753635064, 'WEIGHT_1': 0.08598799525232159, 'WEIGHT_2': 0.5627178683397861, 'WEIGHT_3': 0.30685722433933904, 'WEIGHT_4': 0.7304444473766465, 'WEIGHT_5': 0.36131384573809805, 'WEIGHT_6': 0.08602703153233107, 'WEIGHT_7': 0.948186790617015, 'WEIGHT_8': 0.3948413395786684}
49
              precision    recall  f1-score   support

         LOC       0.35      0.15      0.21      1837
        MISC       0.09      0.19      0.12       922
         ORG       0.00      0.00      0.00      1341
         PER       0.12      0.17      0.14      1842

   micro avg       0.14      0.13      0.13      5942
   macro avg       0.14      0.13      0.12      5942
weighted avg       0.16      0.13      0.13      5942

epoch 49
Transformer

  0%|          | 0/50 [00:00<?, ?it/s]
  2%|▏         | 1/50 [00:05<04:48,  5.88s/it]
  6%|▌         | 3/50 [00:06<01:14,  1.59s/it]
 10%|█         | 5/50 [00:06<00:36,  1.22it/s]
 14%|█▍        | 7/50 [00:06<00:22,  1.95it/s]
 18%|█▊        | 9/50 [00:06<00:14,  2.82it/s]
 22%|██▏       | 11/50 [00:06<00:10,  3.83it/s]
 26%|██▌       | 13/50 [00:06<00:07,  4.91it/s]
 30%|███       | 15/50 [00:07<00:05,  6.02it/s]
 34%|███▍      | 17/50 [00:07<00:04,  7.06it/s]
 38%|███▊      | 19/50 [00:07<00:03,  8.00it/s]
 42%|████▏     | 21/50 [00:07<00:03,  8.80it/s]
 46%|████▌     | 23/50 [00:07<00:02,  9.46it/s]
 50%|█████     | 25/50 [00:08<00:02,  9.97it/s]
 54%|█████▍    | 27/50 [00:08<00:02, 10.35it/s]
 58%|█████▊    | 29/50 [00:08<00:01, 10.63it/s]
 62%|██████▏   | 31/50 [00:08<00:01, 10.84it/s]
 66%|██████▌   | 33/50 [00:08<00:01, 10.98it/s]
 70%|███████   | 35/50 [00:08<00:01, 11.12it/s]
 74%|███████▍  | 37/50 [00:09<00:01, 11.19it/s]
 78%|███████▊  | 39/50 [00:09<00:00, 11.24it/s]
 82%|████████▏ | 41/50 [00:09<00:00, 11.28it/s]
 86%|████████▌ | 43/50 [00:09<00:00, 11.29it/s]
 90%|█████████ | 45/50 [00:09<00:00, 11.32it/s]
 94%|█████████▍| 47/50 [00:09<00:00, 11.34it/s]
 98%|█████████▊| 49/50 [00:10<00:00, 11.36it/s]
100%|██████████| 50/50 [00:15<00:00,  3.13it/s]
[I 2023-12-11 21:39:35,310] Trial 209 finished with value: 0.4427310540732474 and parameters: {'EMBEDDING_DIM': 32, 'HIDDEN_DIM': 571, 'NUM_LAYERS': 1, 'DROPOUT': 0.11537519946934581, 'LR': 0.006968377089870239, 'WEIGHT_0': 0.9789019682453401, 'WEIGHT_1': 0.11323818265037738, 'WEIGHT_2': 0.2959693470856914, 'WEIGHT_3': 0.24124637488376566, 'WEIGHT_4': 0.7953434869259335, 'WEIGHT_5': 0.33468820599827687, 'WEIGHT_6': 0.13691991035130038, 'WEIGHT_7': 0.661166215230607, 'WEIGHT_8': 0.4238246723233225}. Best is trial 42 with value: 0.44962374581939796.
{'EMBEDDING_DIM': 32, 'HIDDEN_DIM': 571, 'NUM_LAYERS': 1, 'DROPOUT': 0.11537519946934581, 'LR': 0.006968377089870239, 'WEIGHT_0': 0.9789019682453401, 'WEIGHT_1': 0.11323818265037738, 'WEIGHT_2': 0.2959693470856914, 'WEIGHT_3': 0.24124637488376566, 'WEIGHT_4': 0.7953434869259335, 'WEIGHT_5': 0.33468820599827687, 'WEIGHT_6': 0.13691991035130038, 'WEIGHT_7': 0.661166215230607, 'WEIGHT_8': 0.4238246723233225}
0
              precision    recall  f1-score   support

         LOC       0.00      0.00      0.00      1837
        MISC       0.00      0.00      0.00       922
         ORG       0.00      0.00      0.00      1341
         PER       0.00      0.00      0.00      1842

   micro avg       0.00      0.00      0.00      5942
   macro avg       0.00      0.00      0.00      5942
weighted avg       0.00      0.00      0.00      5942

{'EMBEDDING_DIM': 32, 'HIDDEN_DIM': 571, 'NUM_LAYERS': 1, 'DROPOUT': 0.11537519946934581, 'LR': 0.006968377089870239, 'WEIGHT_0': 0.9789019682453401, 'WEIGHT_1': 0.11323818265037738, 'WEIGHT_2': 0.2959693470856914, 'WEIGHT_3': 0.24124637488376566, 'WEIGHT_4': 0.7953434869259335, 'WEIGHT_5': 0.33468820599827687, 'WEIGHT_6': 0.13691991035130038, 'WEIGHT_7': 0.661166215230607, 'WEIGHT_8': 0.4238246723233225}
49
              precision    recall  f1-score   support

         LOC       0.77      0.59      0.66      1837
        MISC       0.63      0.49      0.55       922
         ORG       0.42      0.21      0.28      1341
         PER       0.33      0.21      0.25      1842

   micro avg       0.56      0.37      0.44      5942
   macro avg       0.54      0.37      0.44      5942
weighted avg       0.53      0.37      0.43      5942

epoch 49
Transformer

  0%|          | 0/50 [00:00<?, ?it/s]
  2%|▏         | 1/50 [00:05<04:49,  5.90s/it]
  6%|▌         | 3/50 [00:06<01:15,  1.60s/it]
 10%|█         | 5/50 [00:06<00:37,  1.21it/s]
 14%|█▍        | 7/50 [00:06<00:22,  1.94it/s]
 18%|█▊        | 9/50 [00:06<00:14,  2.83it/s]
 22%|██▏       | 11/50 [00:06<00:10,  3.84it/s]
 26%|██▌       | 13/50 [00:06<00:07,  4.89it/s]
 30%|███       | 15/50 [00:07<00:05,  5.99it/s]
 34%|███▍      | 17/50 [00:07<00:04,  7.05it/s]
 38%|███▊      | 19/50 [00:07<00:03,  8.00it/s]
 42%|████▏     | 21/50 [00:07<00:03,  8.79it/s]
 46%|████▌     | 23/50 [00:07<00:02,  9.45it/s]
 50%|█████     | 25/50 [00:08<00:02,  9.96it/s]
 54%|█████▍    | 27/50 [00:08<00:02, 10.35it/s]
 58%|█████▊    | 29/50 [00:08<00:01, 10.64it/s]
 62%|██████▏   | 31/50 [00:08<00:01, 10.85it/s]
 66%|██████▌   | 33/50 [00:08<00:01, 11.01it/s]
 70%|███████   | 35/50 [00:08<00:01, 11.12it/s]
 74%|███████▍  | 37/50 [00:09<00:01, 11.19it/s]
 78%|███████▊  | 39/50 [00:09<00:00, 11.26it/s]
 82%|████████▏ | 41/50 [00:09<00:00, 11.29it/s]
 86%|████████▌ | 43/50 [00:09<00:00, 11.31it/s]
 90%|█████████ | 45/50 [00:09<00:00, 11.33it/s]
 94%|█████████▍| 47/50 [00:09<00:00, 11.34it/s]
 98%|█████████▊| 49/50 [00:10<00:00, 11.33it/s]
100%|██████████| 50/50 [00:16<00:00,  3.12it/s]
[I 2023-12-11 21:39:56,834] Trial 210 finished with value: 0.4457781456953643 and parameters: {'EMBEDDING_DIM': 32, 'HIDDEN_DIM': 790, 'NUM_LAYERS': 1, 'DROPOUT': 0.26559925095938175, 'LR': 0.00691836043591371, 'WEIGHT_0': 0.9770360633082509, 'WEIGHT_1': 0.11249633089133418, 'WEIGHT_2': 0.2874560575901335, 'WEIGHT_3': 0.24236324256480443, 'WEIGHT_4': 0.7970186479102485, 'WEIGHT_5': 0.3372133562761963, 'WEIGHT_6': 0.13227985361897468, 'WEIGHT_7': 0.6102815331221555, 'WEIGHT_8': 0.830667175669012}. Best is trial 42 with value: 0.44962374581939796.
{'EMBEDDING_DIM': 32, 'HIDDEN_DIM': 790, 'NUM_LAYERS': 1, 'DROPOUT': 0.26559925095938175, 'LR': 0.00691836043591371, 'WEIGHT_0': 0.9770360633082509, 'WEIGHT_1': 0.11249633089133418, 'WEIGHT_2': 0.2874560575901335, 'WEIGHT_3': 0.24236324256480443, 'WEIGHT_4': 0.7970186479102485, 'WEIGHT_5': 0.3372133562761963, 'WEIGHT_6': 0.13227985361897468, 'WEIGHT_7': 0.6102815331221555, 'WEIGHT_8': 0.830667175669012}
0
              precision    recall  f1-score   support

         LOC       0.00      0.00      0.00      1837
        MISC       0.00      0.00      0.00       922
         ORG       0.00      0.00      0.00      1341
         PER       0.00      0.00      0.00      1842

   micro avg       0.00      0.00      0.00      5942
   macro avg       0.00      0.00      0.00      5942
weighted avg       0.00      0.00      0.00      5942

{'EMBEDDING_DIM': 32, 'HIDDEN_DIM': 790, 'NUM_LAYERS': 1, 'DROPOUT': 0.26559925095938175, 'LR': 0.00691836043591371, 'WEIGHT_0': 0.9770360633082509, 'WEIGHT_1': 0.11249633089133418, 'WEIGHT_2': 0.2874560575901335, 'WEIGHT_3': 0.24236324256480443, 'WEIGHT_4': 0.7970186479102485, 'WEIGHT_5': 0.3372133562761963, 'WEIGHT_6': 0.13227985361897468, 'WEIGHT_7': 0.6102815331221555, 'WEIGHT_8': 0.830667175669012}
49
              precision    recall  f1-score   support

         LOC       0.79      0.58      0.67      1837
        MISC       0.63      0.51      0.56       922
         ORG       0.45      0.21      0.29      1341
         PER       0.34      0.18      0.23      1842

   micro avg       0.58      0.36      0.45      5942
   macro avg       0.55      0.37      0.44      5942
weighted avg       0.55      0.36      0.43      5942

epoch 49
Transformer

  0%|          | 0/50 [00:00<?, ?it/s]
  2%|▏         | 1/50 [00:05<04:48,  5.89s/it]
  6%|▌         | 3/50 [00:06<01:15,  1.60s/it]
 10%|█         | 5/50 [00:06<00:37,  1.22it/s]
 12%|█▏        | 6/50 [00:06<00:28,  1.57it/s]
 14%|█▍        | 7/50 [00:06<00:21,  2.00it/s]
 16%|█▌        | 8/50 [00:06<00:16,  2.50it/s]
 20%|██        | 10/50 [00:06<00:10,  3.77it/s]
 22%|██▏       | 11/50 [00:07<00:09,  4.25it/s]
 24%|██▍       | 12/50 [00:07<00:07,  4.78it/s]
 26%|██▌       | 13/50 [00:07<00:07,  5.27it/s]
 28%|██▊       | 14/50 [00:07<00:06,  5.64it/s]
 30%|███       | 15/50 [00:07<00:05,  5.96it/s]
 32%|███▏      | 16/50 [00:07<00:05,  6.26it/s]
 34%|███▍      | 17/50 [00:07<00:04,  6.87it/s]
 36%|███▌      | 18/50 [00:07<00:04,  7.41it/s]
 38%|███▊      | 19/50 [00:08<00:03,  7.85it/s]
 40%|████      | 20/50 [00:08<00:03,  8.19it/s]
 42%|████▏     | 21/50 [00:08<00:03,  8.45it/s]
 44%|████▍     | 22/50 [00:08<00:03,  8.65it/s]
 46%|████▌     | 23/50 [00:08<00:03,  8.78it/s]
 48%|████▊     | 24/50 [00:08<00:02,  8.89it/s]
 50%|█████     | 25/50 [00:08<00:02,  8.60it/s]
 52%|█████▏    | 26/50 [00:08<00:02,  8.77it/s]
 54%|█████▍    | 27/50 [00:08<00:02,  8.88it/s]
 56%|█████▌    | 28/50 [00:09<00:02,  8.95it/s]
 58%|█████▊    | 29/50 [00:09<00:02,  9.01it/s]
 60%|██████    | 30/50 [00:09<00:02,  9.04it/s]
 62%|██████▏   | 31/50 [00:09<00:02,  9.07it/s]
 64%|██████▍   | 32/50 [00:09<00:01,  9.07it/s]
 66%|██████▌   | 33/50 [00:09<00:01,  9.10it/s]
 68%|██████▊   | 34/50 [00:09<00:01,  9.11it/s]
 70%|███████   | 35/50 [00:09<00:01,  9.13it/s]
 72%|███████▏  | 36/50 [00:09<00:01,  9.13it/s]
 74%|███████▍  | 37/50 [00:10<00:01,  9.12it/s]
 76%|███████▌  | 38/50 [00:10<00:01,  9.13it/s]
 78%|███████▊  | 39/50 [00:10<00:01,  9.13it/s]
 80%|████████  | 40/50 [00:10<00:01,  9.14it/s]
 82%|████████▏ | 41/50 [00:10<00:00,  9.15it/s]
 84%|████████▍ | 42/50 [00:10<00:00,  9.13it/s]
 86%|████████▌ | 43/50 [00:10<00:00,  9.14it/s]
 88%|████████▊ | 44/50 [00:10<00:00,  9.14it/s]
 90%|█████████ | 45/50 [00:10<00:00,  9.16it/s]
 92%|█████████▏| 46/50 [00:11<00:00,  9.17it/s]
 94%|█████████▍| 47/50 [00:11<00:00,  9.14it/s]
 96%|█████████▌| 48/50 [00:11<00:00,  9.15it/s]
 98%|█████████▊| 49/50 [00:11<00:00,  9.16it/s]
100%|██████████| 50/50 [00:18<00:00,  2.25s/it]
100%|██████████| 50/50 [00:18<00:00,  2.69it/s]
[I 2023-12-11 21:40:22,457] Trial 211 finished with value: 0.4454329161063411 and parameters: {'EMBEDDING_DIM': 32, 'HIDDEN_DIM': 821, 'NUM_LAYERS': 1, 'DROPOUT': 0.26739968327309727, 'LR': 0.00696301730727433, 'WEIGHT_0': 0.9812117734837879, 'WEIGHT_1': 0.10854684185001309, 'WEIGHT_2': 0.2934488095200113, 'WEIGHT_3': 0.2480628087877575, 'WEIGHT_4': 0.7960277543840726, 'WEIGHT_5': 0.3675794415433635, 'WEIGHT_6': 0.13001481986969426, 'WEIGHT_7': 0.5503323572038739, 'WEIGHT_8': 0.8135666617867794}. Best is trial 42 with value: 0.44962374581939796.
{'EMBEDDING_DIM': 32, 'HIDDEN_DIM': 821, 'NUM_LAYERS': 1, 'DROPOUT': 0.26739968327309727, 'LR': 0.00696301730727433, 'WEIGHT_0': 0.9812117734837879, 'WEIGHT_1': 0.10854684185001309, 'WEIGHT_2': 0.2934488095200113, 'WEIGHT_3': 0.2480628087877575, 'WEIGHT_4': 0.7960277543840726, 'WEIGHT_5': 0.3675794415433635, 'WEIGHT_6': 0.13001481986969426, 'WEIGHT_7': 0.5503323572038739, 'WEIGHT_8': 0.8135666617867794}
0
              precision    recall  f1-score   support

         LOC       0.00      0.00      0.00      1837
        MISC       0.00      0.00      0.00       922
         ORG       0.00      0.00      0.00      1341
         PER       0.00      0.00      0.00      1842

   micro avg       0.00      0.00      0.00      5942
   macro avg       0.00      0.00      0.00      5942
weighted avg       0.00      0.00      0.00      5942

{'EMBEDDING_DIM': 32, 'HIDDEN_DIM': 821, 'NUM_LAYERS': 1, 'DROPOUT': 0.26739968327309727, 'LR': 0.00696301730727433, 'WEIGHT_0': 0.9812117734837879, 'WEIGHT_1': 0.10854684185001309, 'WEIGHT_2': 0.2934488095200113, 'WEIGHT_3': 0.2480628087877575, 'WEIGHT_4': 0.7960277543840726, 'WEIGHT_5': 0.3675794415433635, 'WEIGHT_6': 0.13001481986969426, 'WEIGHT_7': 0.5503323572038739, 'WEIGHT_8': 0.8135666617867794}
49
              precision    recall  f1-score   support

         LOC       0.79      0.58      0.66      1837
        MISC       0.62      0.51      0.56       922
         ORG       0.45      0.23      0.31      1341
         PER       0.34      0.17      0.23      1842

   micro avg       0.58      0.36      0.45      5942
   macro avg       0.55      0.37      0.44      5942
weighted avg       0.55      0.36      0.43      5942

epoch 49
Transformer

  0%|          | 0/50 [00:00<?, ?it/s]
  2%|▏         | 1/50 [00:07<05:57,  7.29s/it]
  4%|▍         | 2/50 [00:07<02:27,  3.07s/it]
  6%|▌         | 3/50 [00:07<01:20,  1.72s/it]
  8%|▊         | 4/50 [00:07<00:49,  1.09s/it]
 10%|█         | 5/50 [00:07<00:33,  1.36it/s]
 12%|█▏        | 6/50 [00:07<00:22,  1.92it/s]
 14%|█▍        | 7/50 [00:07<00:16,  2.56it/s]
 16%|█▌        | 8/50 [00:08<00:12,  3.32it/s]
 18%|█▊        | 9/50 [00:08<00:09,  4.14it/s]
 20%|██        | 10/50 [00:08<00:08,  4.98it/s]
 22%|██▏       | 11/50 [00:08<00:06,  5.79it/s]
 24%|██▍       | 12/50 [00:08<00:05,  6.51it/s]
 26%|██▌       | 13/50 [00:08<00:05,  7.13it/s]
 28%|██▊       | 14/50 [00:08<00:04,  7.59it/s]
 30%|███       | 15/50 [00:08<00:04,  7.93it/s]
 32%|███▏      | 16/50 [00:09<00:04,  7.57it/s]
 34%|███▍      | 17/50 [00:09<00:04,  7.84it/s]
 36%|███▌      | 18/50 [00:09<00:03,  8.19it/s]
 38%|███▊      | 19/50 [00:09<00:03,  8.46it/s]
 40%|████      | 20/50 [00:09<00:03,  8.67it/s]
 42%|████▏     | 21/50 [00:09<00:03,  8.81it/s]
 44%|████▍     | 22/50 [00:09<00:03,  8.91it/s]
 46%|████▌     | 23/50 [00:09<00:03,  8.64it/s]
 48%|████▊     | 24/50 [00:09<00:02,  8.79it/s]
 50%|█████     | 25/50 [00:10<00:02,  8.87it/s]
 52%|█████▏    | 26/50 [00:10<00:02,  8.96it/s]
 54%|█████▍    | 27/50 [00:10<00:02,  9.02it/s]
 56%|█████▌    | 28/50 [00:10<00:02,  9.05it/s]
 58%|█████▊    | 29/50 [00:10<00:02,  9.08it/s]
 60%|██████    | 30/50 [00:10<00:02,  9.10it/s]
 62%|██████▏   | 31/50 [00:10<00:02,  9.12it/s]
 64%|██████▍   | 32/50 [00:10<00:01,  9.14it/s]
 66%|██████▌   | 33/50 [00:10<00:01,  9.13it/s]
 68%|██████▊   | 34/50 [00:10<00:01,  9.14it/s]
 70%|███████   | 35/50 [00:11<00:01,  9.14it/s]
 72%|███████▏  | 36/50 [00:11<00:01,  9.14it/s]
 74%|███████▍  | 37/50 [00:11<00:01,  9.12it/s]
 76%|███████▌  | 38/50 [00:11<00:01,  9.12it/s]
 78%|███████▊  | 39/50 [00:11<00:01,  9.13it/s]
 80%|████████  | 40/50 [00:11<00:01,  9.14it/s]
 82%|████████▏ | 41/50 [00:11<00:00,  9.15it/s]
 84%|████████▍ | 42/50 [00:11<00:00,  9.14it/s]
 86%|████████▌ | 43/50 [00:11<00:00,  9.14it/s]
 88%|████████▊ | 44/50 [00:12<00:00,  9.14it/s]
 90%|█████████ | 45/50 [00:12<00:00,  9.14it/s]
 92%|█████████▏| 46/50 [00:12<00:00,  9.16it/s]
 94%|█████████▍| 47/50 [00:12<00:00,  9.15it/s]
 96%|█████████▌| 48/50 [00:12<00:00,  9.14it/s]
 98%|█████████▊| 49/50 [00:12<00:00,  9.15it/s]
100%|██████████| 50/50 [00:19<00:00,  2.26s/it]
100%|██████████| 50/50 [00:19<00:00,  2.51it/s]
