[I 2023-12-11 22:36:55,752] Trial 315 finished with value: 0.45109201945968325 and parameters: {'EMBEDDING_DIM': 32, 'HIDDEN_DIM': 711, 'NUM_LAYERS': 1, 'DROPOUT': 0.20331929995974177, 'LR': 0.004713316823868714, 'WEIGHT_0': 0.9961227696395285, 'WEIGHT_1': 0.21885591382464809, 'WEIGHT_2': 0.16038985979542622, 'WEIGHT_3': 0.035299147732582914, 'WEIGHT_4': 0.5556968181019695, 'WEIGHT_5': 0.4810074938241927, 'WEIGHT_6': 0.12089733959222901, 'WEIGHT_7': 0.6317971685342315, 'WEIGHT_8': 0.7382355306611942}. Best is trial 282 with value: 0.45463128081401455.
{'EMBEDDING_DIM': 32, 'HIDDEN_DIM': 711, 'NUM_LAYERS': 1, 'DROPOUT': 0.20331929995974177, 'LR': 0.004713316823868714, 'WEIGHT_0': 0.9961227696395285, 'WEIGHT_1': 0.21885591382464809, 'WEIGHT_2': 0.16038985979542622, 'WEIGHT_3': 0.035299147732582914, 'WEIGHT_4': 0.5556968181019695, 'WEIGHT_5': 0.4810074938241927, 'WEIGHT_6': 0.12089733959222901, 'WEIGHT_7': 0.6317971685342315, 'WEIGHT_8': 0.7382355306611942}
0
              precision    recall  f1-score   support

         LOC       0.00      0.00      0.00      1837
        MISC       0.00      0.00      0.00       922
         ORG       0.00      0.00      0.00      1341
         PER       0.00      0.00      0.00      1842

   micro avg       0.00      0.00      0.00      5942
   macro avg       0.00      0.00      0.00      5942
weighted avg       0.00      0.00      0.00      5942

{'EMBEDDING_DIM': 32, 'HIDDEN_DIM': 711, 'NUM_LAYERS': 1, 'DROPOUT': 0.20331929995974177, 'LR': 0.004713316823868714, 'WEIGHT_0': 0.9961227696395285, 'WEIGHT_1': 0.21885591382464809, 'WEIGHT_2': 0.16038985979542622, 'WEIGHT_3': 0.035299147732582914, 'WEIGHT_4': 0.5556968181019695, 'WEIGHT_5': 0.4810074938241927, 'WEIGHT_6': 0.12089733959222901, 'WEIGHT_7': 0.6317971685342315, 'WEIGHT_8': 0.7382355306611942}
49
              precision    recall  f1-score   support

         LOC       0.78      0.58      0.67      1837
        MISC       0.64      0.47      0.54       922
         ORG       0.40      0.23      0.29      1341
         PER       0.41      0.20      0.27      1842

   micro avg       0.59      0.37      0.45      5942
   macro avg       0.56      0.37      0.44      5942
weighted avg       0.56      0.37      0.44      5942

epoch 49
Transformer

  0%|          | 0/50 [00:00<?, ?it/s]
  2%|▏         | 1/50 [00:07<06:14,  7.64s/it]
  4%|▍         | 2/50 [00:07<02:35,  3.24s/it]
  6%|▌         | 3/50 [00:07<01:25,  1.83s/it]
  8%|▊         | 4/50 [00:08<00:53,  1.16s/it]
 10%|█         | 5/50 [00:08<00:35,  1.27it/s]
 12%|█▏        | 6/50 [00:08<00:25,  1.75it/s]
 14%|█▍        | 7/50 [00:08<00:19,  2.18it/s]
 16%|█▌        | 8/50 [00:08<00:16,  2.49it/s]
 18%|█▊        | 9/50 [00:09<00:15,  2.69it/s]
 20%|██        | 10/50 [00:09<00:14,  2.80it/s]
 22%|██▏       | 11/50 [00:09<00:13,  2.86it/s]
 24%|██▍       | 12/50 [00:10<00:13,  2.83it/s]
 26%|██▌       | 13/50 [00:10<00:13,  2.81it/s]
 28%|██▊       | 14/50 [00:10<00:12,  2.79it/s]
 30%|███       | 15/50 [00:11<00:12,  2.78it/s]
 32%|███▏      | 16/50 [00:11<00:12,  2.77it/s]
 34%|███▍      | 17/50 [00:12<00:11,  2.76it/s]
 36%|███▌      | 18/50 [00:12<00:11,  2.76it/s]
 38%|███▊      | 19/50 [00:12<00:11,  2.75it/s]
 40%|████      | 20/50 [00:13<00:10,  2.74it/s]
 42%|████▏     | 21/50 [00:13<00:10,  2.74it/s]
 44%|████▍     | 22/50 [00:13<00:10,  2.74it/s]
 46%|████▌     | 23/50 [00:14<00:09,  2.75it/s]
 48%|████▊     | 24/50 [00:14<00:09,  2.75it/s]
 50%|█████     | 25/50 [00:14<00:09,  2.75it/s]
 52%|█████▏    | 26/50 [00:15<00:08,  2.75it/s]
 54%|█████▍    | 27/50 [00:15<00:08,  2.75it/s]
 56%|█████▌    | 28/50 [00:16<00:08,  2.75it/s]
 58%|█████▊    | 29/50 [00:16<00:07,  2.75it/s]
 60%|██████    | 30/50 [00:16<00:07,  2.75it/s]
 62%|██████▏   | 31/50 [00:17<00:06,  2.75it/s]
 64%|██████▍   | 32/50 [00:17<00:06,  2.75it/s]
 66%|██████▌   | 33/50 [00:17<00:06,  2.75it/s]
 68%|██████▊   | 34/50 [00:18<00:05,  2.75it/s]
 70%|███████   | 35/50 [00:18<00:05,  2.75it/s]
 72%|███████▏  | 36/50 [00:18<00:05,  2.75it/s]
 74%|███████▍  | 37/50 [00:19<00:04,  2.75it/s]
 76%|███████▌  | 38/50 [00:19<00:04,  2.75it/s]
 78%|███████▊  | 39/50 [00:20<00:03,  2.78it/s]
 80%|████████  | 40/50 [00:20<00:03,  2.85it/s]
 82%|████████▏ | 41/50 [00:20<00:03,  2.89it/s]
 84%|████████▍ | 42/50 [00:21<00:02,  2.92it/s]
 86%|████████▌ | 43/50 [00:21<00:02,  2.94it/s]
 88%|████████▊ | 44/50 [00:21<00:02,  2.96it/s]
 90%|█████████ | 45/50 [00:22<00:01,  2.97it/s]
 92%|█████████▏| 46/50 [00:22<00:01,  2.98it/s]
 94%|█████████▍| 47/50 [00:22<00:01,  2.99it/s]
 96%|█████████▌| 48/50 [00:23<00:00,  2.94it/s]
 98%|█████████▊| 49/50 [00:23<00:00,  2.87it/s]
100%|██████████| 50/50 [00:31<00:00,  2.68s/it]
100%|██████████| 50/50 [00:31<00:00,  1.59it/s]
[I 2023-12-11 22:37:34,624] Trial 316 finished with value: 0.43376269766467695 and parameters: {'EMBEDDING_DIM': 32, 'HIDDEN_DIM': 643, 'NUM_LAYERS': 2, 'DROPOUT': 0.18598422826274916, 'LR': 0.004599565737729444, 'WEIGHT_0': 0.992023693746612, 'WEIGHT_1': 0.22332844174620875, 'WEIGHT_2': 0.1576585626098179, 'WEIGHT_3': 0.03504307128294611, 'WEIGHT_4': 0.5568856343187467, 'WEIGHT_5': 0.4742221488068678, 'WEIGHT_6': 0.10645503817893998, 'WEIGHT_7': 0.6407791223487611, 'WEIGHT_8': 0.721219296837509}. Best is trial 282 with value: 0.45463128081401455.
{'EMBEDDING_DIM': 32, 'HIDDEN_DIM': 643, 'NUM_LAYERS': 2, 'DROPOUT': 0.18598422826274916, 'LR': 0.004599565737729444, 'WEIGHT_0': 0.992023693746612, 'WEIGHT_1': 0.22332844174620875, 'WEIGHT_2': 0.1576585626098179, 'WEIGHT_3': 0.03504307128294611, 'WEIGHT_4': 0.5568856343187467, 'WEIGHT_5': 0.4742221488068678, 'WEIGHT_6': 0.10645503817893998, 'WEIGHT_7': 0.6407791223487611, 'WEIGHT_8': 0.721219296837509}
0
              precision    recall  f1-score   support

         LOC       0.00      0.00      0.00      1837
        MISC       0.00      0.00      0.00       922
         ORG       0.00      0.00      0.00      1341
         PER       0.00      0.00      0.00      1842

   micro avg       0.00      0.00      0.00      5942
   macro avg       0.00      0.00      0.00      5942
weighted avg       0.00      0.00      0.00      5942

{'EMBEDDING_DIM': 32, 'HIDDEN_DIM': 643, 'NUM_LAYERS': 2, 'DROPOUT': 0.18598422826274916, 'LR': 0.004599565737729444, 'WEIGHT_0': 0.992023693746612, 'WEIGHT_1': 0.22332844174620875, 'WEIGHT_2': 0.1576585626098179, 'WEIGHT_3': 0.03504307128294611, 'WEIGHT_4': 0.5568856343187467, 'WEIGHT_5': 0.4742221488068678, 'WEIGHT_6': 0.10645503817893998, 'WEIGHT_7': 0.6407791223487611, 'WEIGHT_8': 0.721219296837509}
49
              precision    recall  f1-score   support

         LOC       0.71      0.58      0.64      1837
        MISC       0.54      0.42      0.48       922
         ORG       0.49      0.19      0.27      1341
         PER       0.41      0.19      0.26      1842

   micro avg       0.57      0.35      0.43      5942
   macro avg       0.54      0.35      0.41      5942
weighted avg       0.54      0.35      0.41      5942

epoch 49
Transformer

  0%|          | 0/50 [00:00<?, ?it/s]
  2%|▏         | 1/50 [00:05<04:49,  5.91s/it]
  6%|▌         | 3/50 [00:06<01:15,  1.60s/it]
 10%|█         | 5/50 [00:06<00:37,  1.21it/s]
 14%|█▍        | 7/50 [00:06<00:22,  1.94it/s]
 18%|█▊        | 9/50 [00:06<00:14,  2.79it/s]
 22%|██▏       | 11/50 [00:06<00:10,  3.71it/s]
 24%|██▍       | 12/50 [00:06<00:09,  4.18it/s]
 26%|██▌       | 13/50 [00:07<00:07,  4.79it/s]
 28%|██▊       | 14/50 [00:07<00:06,  5.44it/s]
 30%|███       | 15/50 [00:07<00:05,  6.04it/s]
 32%|███▏      | 16/50 [00:07<00:05,  6.59it/s]
 34%|███▍      | 17/50 [00:07<00:04,  7.16it/s]
 38%|███▊      | 19/50 [00:07<00:03,  8.66it/s]
 42%|████▏     | 21/50 [00:07<00:03,  9.66it/s]
 46%|████▌     | 23/50 [00:08<00:02, 10.30it/s]
 50%|█████     | 25/50 [00:08<00:02, 10.79it/s]
 54%|█████▍    | 27/50 [00:08<00:02, 11.12it/s]
 58%|█████▊    | 29/50 [00:08<00:01, 11.34it/s]
 62%|██████▏   | 31/50 [00:08<00:01, 11.45it/s]
 66%|██████▌   | 33/50 [00:08<00:01, 11.56it/s]
 70%|███████   | 35/50 [00:09<00:01, 11.62it/s]
 74%|███████▍  | 37/50 [00:09<00:01, 11.70it/s]
 78%|███████▊  | 39/50 [00:09<00:00, 11.76it/s]
 82%|████████▏ | 41/50 [00:09<00:00, 11.79it/s]
 86%|████████▌ | 43/50 [00:09<00:00, 11.80it/s]
 90%|█████████ | 45/50 [00:09<00:00, 11.84it/s]
 94%|█████████▍| 47/50 [00:10<00:00, 11.80it/s]
 98%|█████████▊| 49/50 [00:10<00:00, 11.80it/s]
100%|██████████| 50/50 [00:16<00:00,  3.11it/s]
[I 2023-12-11 22:37:56,099] Trial 317 finished with value: 0.36307074761665825 and parameters: {'EMBEDDING_DIM': 16, 'HIDDEN_DIM': 781, 'NUM_LAYERS': 1, 'DROPOUT': 0.20159341967717312, 'LR': 0.0048257916460692695, 'WEIGHT_0': 0.9993394327274662, 'WEIGHT_1': 0.21401921949854252, 'WEIGHT_2': 0.13445554244410274, 'WEIGHT_3': 0.04532703353096345, 'WEIGHT_4': 0.5409895482111081, 'WEIGHT_5': 0.5265936525821054, 'WEIGHT_6': 0.1255275469143865, 'WEIGHT_7': 0.697797988935549, 'WEIGHT_8': 0.7588308476395069}. Best is trial 282 with value: 0.45463128081401455.
{'EMBEDDING_DIM': 16, 'HIDDEN_DIM': 781, 'NUM_LAYERS': 1, 'DROPOUT': 0.20159341967717312, 'LR': 0.0048257916460692695, 'WEIGHT_0': 0.9993394327274662, 'WEIGHT_1': 0.21401921949854252, 'WEIGHT_2': 0.13445554244410274, 'WEIGHT_3': 0.04532703353096345, 'WEIGHT_4': 0.5409895482111081, 'WEIGHT_5': 0.5265936525821054, 'WEIGHT_6': 0.1255275469143865, 'WEIGHT_7': 0.697797988935549, 'WEIGHT_8': 0.7588308476395069}
0
              precision    recall  f1-score   support

         LOC       0.00      0.00      0.00      1837
        MISC       0.00      0.00      0.00       922
         ORG       0.00      0.00      0.00      1341
         PER       0.00      0.00      0.00      1842

   micro avg       0.00      0.00      0.00      5942
   macro avg       0.00      0.00      0.00      5942
weighted avg       0.00      0.00      0.00      5942

{'EMBEDDING_DIM': 16, 'HIDDEN_DIM': 781, 'NUM_LAYERS': 1, 'DROPOUT': 0.20159341967717312, 'LR': 0.0048257916460692695, 'WEIGHT_0': 0.9993394327274662, 'WEIGHT_1': 0.21401921949854252, 'WEIGHT_2': 0.13445554244410274, 'WEIGHT_3': 0.04532703353096345, 'WEIGHT_4': 0.5409895482111081, 'WEIGHT_5': 0.5265936525821054, 'WEIGHT_6': 0.1255275469143865, 'WEIGHT_7': 0.697797988935549, 'WEIGHT_8': 0.7588308476395069}
49
              precision    recall  f1-score   support

         LOC       0.78      0.60      0.68      1837
        MISC       0.26      0.25      0.26       922
         ORG       0.26      0.20      0.23      1341
         PER       0.31      0.11      0.16      1842

   micro avg       0.45      0.30      0.36      5942
   macro avg       0.40      0.29      0.33      5942
weighted avg       0.44      0.30      0.35      5942

epoch 49
Transformer

  0%|          | 0/50 [00:00<?, ?it/s]
  2%|▏         | 1/50 [00:09<07:47,  9.54s/it]
  4%|▍         | 2/50 [00:09<03:14,  4.06s/it]
  6%|▌         | 3/50 [00:09<01:47,  2.29s/it]
  8%|▊         | 4/50 [00:10<01:07,  1.46s/it]
 10%|█         | 5/50 [00:10<00:45,  1.00s/it]
 12%|█▏        | 6/50 [00:10<00:31,  1.38it/s]
 14%|█▍        | 7/50 [00:10<00:24,  1.73it/s]
 16%|█▌        | 8/50 [00:11<00:22,  1.91it/s]
 18%|█▊        | 9/50 [00:11<00:21,  1.86it/s]
 20%|██        | 10/50 [00:12<00:21,  1.84it/s]
 22%|██▏       | 11/50 [00:12<00:21,  1.83it/s]
 24%|██▍       | 12/50 [00:13<00:20,  1.83it/s]
 26%|██▌       | 13/50 [00:13<00:19,  1.87it/s]
 28%|██▊       | 14/50 [00:14<00:19,  1.89it/s]
 30%|███       | 15/50 [00:14<00:18,  1.91it/s]
 32%|███▏      | 16/50 [00:15<00:18,  1.87it/s]
 34%|███▍      | 17/50 [00:16<00:17,  1.84it/s]
 36%|███▌      | 18/50 [00:16<00:17,  1.82it/s]
 38%|███▊      | 19/50 [00:17<00:17,  1.81it/s]
 40%|████      | 20/50 [00:17<00:16,  1.79it/s]
 42%|████▏     | 21/50 [00:18<00:16,  1.80it/s]
 44%|████▍     | 22/50 [00:18<00:15,  1.79it/s]
 46%|████▌     | 23/50 [00:19<00:15,  1.79it/s]
 48%|████▊     | 24/50 [00:20<00:14,  1.79it/s]
 50%|█████     | 25/50 [00:20<00:14,  1.78it/s]
 52%|█████▏    | 26/50 [00:21<00:13,  1.78it/s]
 54%|█████▍    | 27/50 [00:21<00:12,  1.78it/s]
 56%|█████▌    | 28/50 [00:22<00:12,  1.78it/s]
 58%|█████▊    | 29/50 [00:22<00:11,  1.78it/s]
 60%|██████    | 30/50 [00:23<00:11,  1.78it/s]
 62%|██████▏   | 31/50 [00:23<00:10,  1.79it/s]
 64%|██████▍   | 32/50 [00:24<00:10,  1.78it/s]
 66%|██████▌   | 33/50 [00:25<00:09,  1.79it/s]
 68%|██████▊   | 34/50 [00:25<00:08,  1.79it/s]
 70%|███████   | 35/50 [00:26<00:08,  1.78it/s]
 72%|███████▏  | 36/50 [00:26<00:07,  1.79it/s]
 74%|███████▍  | 37/50 [00:27<00:07,  1.79it/s]
 76%|███████▌  | 38/50 [00:27<00:06,  1.81it/s]
 78%|███████▊  | 39/50 [00:28<00:06,  1.80it/s]
 80%|████████  | 40/50 [00:28<00:05,  1.83it/s]
 82%|████████▏ | 41/50 [00:29<00:04,  1.86it/s]
 84%|████████▍ | 42/50 [00:30<00:04,  1.84it/s]
 86%|████████▌ | 43/50 [00:30<00:03,  1.82it/s]
 88%|████████▊ | 44/50 [00:31<00:03,  1.81it/s]
 90%|█████████ | 45/50 [00:31<00:02,  1.80it/s]
 92%|█████████▏| 46/50 [00:32<00:02,  1.80it/s]
 94%|█████████▍| 47/50 [00:32<00:01,  1.80it/s]
 96%|█████████▌| 48/50 [00:33<00:01,  1.79it/s]
 98%|█████████▊| 49/50 [00:33<00:00,  1.78it/s]
100%|██████████| 50/50 [00:43<00:00,  3.36s/it]
100%|██████████| 50/50 [00:43<00:00,  1.14it/s]
[I 2023-12-11 22:38:48,953] Trial 318 finished with value: 0.37880658436214 and parameters: {'EMBEDDING_DIM': 32, 'HIDDEN_DIM': 659, 'NUM_LAYERS': 3, 'DROPOUT': 0.2766425560416232, 'LR': 0.00433804087946689, 'WEIGHT_0': 0.7919095394849881, 'WEIGHT_1': 0.5226354076964562, 'WEIGHT_2': 0.1702597165490585, 'WEIGHT_3': 0.07921246316343268, 'WEIGHT_4': 0.5750675876730897, 'WEIGHT_5': 0.3758378965187664, 'WEIGHT_6': 0.3076613480327146, 'WEIGHT_7': 0.6658740421007634, 'WEIGHT_8': 0.8325879450686456}. Best is trial 282 with value: 0.45463128081401455.
{'EMBEDDING_DIM': 32, 'HIDDEN_DIM': 659, 'NUM_LAYERS': 3, 'DROPOUT': 0.2766425560416232, 'LR': 0.00433804087946689, 'WEIGHT_0': 0.7919095394849881, 'WEIGHT_1': 0.5226354076964562, 'WEIGHT_2': 0.1702597165490585, 'WEIGHT_3': 0.07921246316343268, 'WEIGHT_4': 0.5750675876730897, 'WEIGHT_5': 0.3758378965187664, 'WEIGHT_6': 0.3076613480327146, 'WEIGHT_7': 0.6658740421007634, 'WEIGHT_8': 0.8325879450686456}
0
              precision    recall  f1-score   support

         LOC       0.00      0.00      0.00      1837
        MISC       0.00      0.00      0.00       922
         ORG       0.00      0.00      0.00      1341
         PER       0.00      0.00      0.00      1842

   micro avg       0.00      0.00      0.00      5942
   macro avg       0.00      0.00      0.00      5942
weighted avg       0.00      0.00      0.00      5942

{'EMBEDDING_DIM': 32, 'HIDDEN_DIM': 659, 'NUM_LAYERS': 3, 'DROPOUT': 0.2766425560416232, 'LR': 0.00433804087946689, 'WEIGHT_0': 0.7919095394849881, 'WEIGHT_1': 0.5226354076964562, 'WEIGHT_2': 0.1702597165490585, 'WEIGHT_3': 0.07921246316343268, 'WEIGHT_4': 0.5750675876730897, 'WEIGHT_5': 0.3758378965187664, 'WEIGHT_6': 0.3076613480327146, 'WEIGHT_7': 0.6658740421007634, 'WEIGHT_8': 0.8325879450686456}
49
              precision    recall  f1-score   support

         LOC       0.68      0.58      0.62      1837
        MISC       0.43      0.19      0.26       922
         ORG       0.35      0.22      0.27      1341
         PER       0.32      0.17      0.22      1842

   micro avg       0.49      0.31      0.38      5942
   macro avg       0.44      0.29      0.34      5942
weighted avg       0.45      0.31      0.36      5942

epoch 49
Transformer

  0%|          | 0/50 [00:00<?, ?it/s]
  2%|▏         | 1/50 [00:05<04:50,  5.92s/it]
  6%|▌         | 3/50 [00:06<01:15,  1.60s/it]
 10%|█         | 5/50 [00:06<00:37,  1.21it/s]
 12%|█▏        | 6/50 [00:06<00:27,  1.58it/s]
 16%|█▌        | 8/50 [00:06<00:16,  2.52it/s]
 20%|██        | 10/50 [00:06<00:11,  3.56it/s]
 24%|██▍       | 12/50 [00:06<00:08,  4.63it/s]
 28%|██▊       | 14/50 [00:07<00:06,  5.75it/s]
 32%|███▏      | 16/50 [00:07<00:05,  6.80it/s]
 36%|███▌      | 18/50 [00:07<00:04,  7.75it/s]
 40%|████      | 20/50 [00:07<00:03,  8.56it/s]
 44%|████▍     | 22/50 [00:07<00:03,  9.18it/s]
 48%|████▊     | 24/50 [00:08<00:02,  9.69it/s]
 52%|█████▏    | 26/50 [00:08<00:02, 10.05it/s]
 56%|█████▌    | 28/50 [00:08<00:02, 10.31it/s]
 60%|██████    | 30/50 [00:08<00:01, 10.51it/s]
 64%|██████▍   | 32/50 [00:08<00:01, 10.64it/s]
 68%|██████▊   | 34/50 [00:08<00:01, 10.73it/s]
 72%|███████▏  | 36/50 [00:09<00:01, 10.75it/s]
 76%|███████▌  | 38/50 [00:09<00:01, 10.82it/s]
 80%|████████  | 40/50 [00:09<00:00, 10.84it/s]
 84%|████████▍ | 42/50 [00:09<00:00, 10.91it/s]
 88%|████████▊ | 44/50 [00:09<00:00, 10.96it/s]
 92%|█████████▏| 46/50 [00:10<00:00, 10.76it/s]
 96%|█████████▌| 48/50 [00:10<00:00, 10.99it/s]
100%|██████████| 50/50 [00:16<00:00,  1.06it/s]
100%|██████████| 50/50 [00:16<00:00,  3.11it/s]
[I 2023-12-11 22:39:10,519] Trial 319 finished with value: 0.4294553200121716 and parameters: {'EMBEDDING_DIM': 32, 'HIDDEN_DIM': 700, 'NUM_LAYERS': 1, 'DROPOUT': 0.2856522484180411, 'LR': 0.004267042283275265, 'WEIGHT_0': 0.7671959563165367, 'WEIGHT_1': 0.5706448872908927, 'WEIGHT_2': 0.2600953998952579, 'WEIGHT_3': 0.3163468526157524, 'WEIGHT_4': 0.5127295616497937, 'WEIGHT_5': 0.44524076540030755, 'WEIGHT_6': 0.11217663410852921, 'WEIGHT_7': 0.5459674728006609, 'WEIGHT_8': 0.7995102747049923}. Best is trial 282 with value: 0.45463128081401455.
{'EMBEDDING_DIM': 32, 'HIDDEN_DIM': 700, 'NUM_LAYERS': 1, 'DROPOUT': 0.2856522484180411, 'LR': 0.004267042283275265, 'WEIGHT_0': 0.7671959563165367, 'WEIGHT_1': 0.5706448872908927, 'WEIGHT_2': 0.2600953998952579, 'WEIGHT_3': 0.3163468526157524, 'WEIGHT_4': 0.5127295616497937, 'WEIGHT_5': 0.44524076540030755, 'WEIGHT_6': 0.11217663410852921, 'WEIGHT_7': 0.5459674728006609, 'WEIGHT_8': 0.7995102747049923}
0
              precision    recall  f1-score   support

         LOC       0.00      0.00      0.00      1837
        MISC       0.00      0.00      0.00       922
         ORG       0.00      0.00      0.00      1341
         PER       0.00      0.00      0.00      1842

   micro avg       0.00      0.00      0.00      5942
   macro avg       0.00      0.00      0.00      5942
weighted avg       0.00      0.00      0.00      5942

{'EMBEDDING_DIM': 32, 'HIDDEN_DIM': 700, 'NUM_LAYERS': 1, 'DROPOUT': 0.2856522484180411, 'LR': 0.004267042283275265, 'WEIGHT_0': 0.7671959563165367, 'WEIGHT_1': 0.5706448872908927, 'WEIGHT_2': 0.2600953998952579, 'WEIGHT_3': 0.3163468526157524, 'WEIGHT_4': 0.5127295616497937, 'WEIGHT_5': 0.44524076540030755, 'WEIGHT_6': 0.11217663410852921, 'WEIGHT_7': 0.5459674728006609, 'WEIGHT_8': 0.7995102747049923}
49
              precision    recall  f1-score   support

         LOC       0.73      0.58      0.65      1837
        MISC       0.66      0.48      0.56       922
         ORG       0.41      0.22      0.29      1341
         PER       0.30      0.17      0.22      1842

   micro avg       0.54      0.36      0.43      5942
   macro avg       0.52      0.36      0.43      5942
weighted avg       0.51      0.36      0.42      5942

epoch 49
Transformer

  0%|          | 0/50 [00:00<?, ?it/s]
  2%|▏         | 1/50 [00:05<04:52,  5.97s/it]
  6%|▌         | 3/50 [00:06<01:15,  1.62s/it]
 10%|█         | 5/50 [00:06<00:37,  1.20it/s]
 12%|█▏        | 6/50 [00:06<00:27,  1.57it/s]
 16%|█▌        | 8/50 [00:06<00:16,  2.51it/s]
 20%|██        | 10/50 [00:06<00:11,  3.56it/s]
 24%|██▍       | 12/50 [00:06<00:08,  4.62it/s]
 28%|██▊       | 14/50 [00:07<00:06,  5.72it/s]
 32%|███▏      | 16/50 [00:07<00:05,  6.78it/s]
 36%|███▌      | 18/50 [00:07<00:04,  7.70it/s]
 40%|████      | 20/50 [00:07<00:03,  8.48it/s]
 44%|████▍     | 22/50 [00:07<00:03,  9.12it/s]
 48%|████▊     | 24/50 [00:08<00:02,  9.63it/s]
 52%|█████▏    | 26/50 [00:08<00:02,  9.97it/s]
 56%|█████▌    | 28/50 [00:08<00:02, 10.25it/s]
 60%|██████    | 30/50 [00:08<00:01, 10.43it/s]
 64%|██████▍   | 32/50 [00:08<00:01, 10.58it/s]
 68%|██████▊   | 34/50 [00:09<00:01, 10.67it/s]
 72%|███████▏  | 36/50 [00:09<00:01, 10.76it/s]
 76%|███████▌  | 38/50 [00:09<00:01, 10.83it/s]
 80%|████████  | 40/50 [00:09<00:00, 10.83it/s]
 84%|████████▍ | 42/50 [00:09<00:00, 10.85it/s]
 88%|████████▊ | 44/50 [00:09<00:00, 10.90it/s]
 92%|█████████▏| 46/50 [00:10<00:00, 10.94it/s]
 96%|█████████▌| 48/50 [00:10<00:00, 10.96it/s]
100%|██████████| 50/50 [00:16<00:00,  1.01it/s]
100%|██████████| 50/50 [00:16<00:00,  3.04it/s]
