[I 2023-12-11 20:47:59,776] Trial 104 finished with value: 0.44787401574803154 and parameters: {'EMBEDDING_DIM': 16, 'HIDDEN_DIM': 1371, 'NUM_LAYERS': 1, 'DROPOUT': 0.07668904493539036, 'LR': 0.008749739162125209, 'WEIGHT_0': 0.686424127551505, 'WEIGHT_1': 0.10745546763371884, 'WEIGHT_2': 0.36319163986467734, 'WEIGHT_3': 0.07247208457207481, 'WEIGHT_4': 0.7887506057298536, 'WEIGHT_5': 0.318751518284645, 'WEIGHT_6': 0.044360180635298604, 'WEIGHT_7': 0.8811545350663132, 'WEIGHT_8': 0.5165618644152898}. Best is trial 42 with value: 0.44962374581939796.
{'EMBEDDING_DIM': 16, 'HIDDEN_DIM': 1371, 'NUM_LAYERS': 1, 'DROPOUT': 0.07668904493539036, 'LR': 0.008749739162125209, 'WEIGHT_0': 0.686424127551505, 'WEIGHT_1': 0.10745546763371884, 'WEIGHT_2': 0.36319163986467734, 'WEIGHT_3': 0.07247208457207481, 'WEIGHT_4': 0.7887506057298536, 'WEIGHT_5': 0.318751518284645, 'WEIGHT_6': 0.044360180635298604, 'WEIGHT_7': 0.8811545350663132, 'WEIGHT_8': 0.5165618644152898}
0
              precision    recall  f1-score   support

         LOC       0.00      0.00      0.00      1837
        MISC       0.00      0.00      0.00       922
         ORG       0.00      0.00      0.00      1341
         PER       0.00      0.00      0.00      1842

   micro avg       0.00      0.00      0.00      5942
   macro avg       0.00      0.00      0.00      5942
weighted avg       0.00      0.00      0.00      5942

{'EMBEDDING_DIM': 16, 'HIDDEN_DIM': 1371, 'NUM_LAYERS': 1, 'DROPOUT': 0.07668904493539036, 'LR': 0.008749739162125209, 'WEIGHT_0': 0.686424127551505, 'WEIGHT_1': 0.10745546763371884, 'WEIGHT_2': 0.36319163986467734, 'WEIGHT_3': 0.07247208457207481, 'WEIGHT_4': 0.7887506057298536, 'WEIGHT_5': 0.318751518284645, 'WEIGHT_6': 0.044360180635298604, 'WEIGHT_7': 0.8811545350663132, 'WEIGHT_8': 0.5165618644152898}
49
              precision    recall  f1-score   support

         LOC       0.77      0.57      0.66      1837
        MISC       0.62      0.50      0.55       922
         ORG       0.48      0.21      0.29      1341
         PER       0.38      0.18      0.25      1842

   micro avg       0.60      0.36      0.45      5942
   macro avg       0.56      0.37      0.44      5942
weighted avg       0.56      0.36      0.43      5942

epoch 49
Transformer

  0%|          | 0/50 [00:00<?, ?it/s]
  2%|▏         | 1/50 [00:06<04:58,  6.09s/it]
  4%|▍         | 2/50 [00:06<02:03,  2.58s/it]
  6%|▌         | 3/50 [00:06<01:08,  1.45s/it]
  8%|▊         | 4/50 [00:06<00:42,  1.09it/s]
 10%|█         | 5/50 [00:06<00:28,  1.60it/s]
 12%|█▏        | 6/50 [00:06<00:19,  2.22it/s]
 14%|█▍        | 7/50 [00:06<00:14,  2.95it/s]
 16%|█▌        | 8/50 [00:06<00:11,  3.69it/s]
 18%|█▊        | 9/50 [00:06<00:08,  4.56it/s]
 20%|██        | 10/50 [00:07<00:07,  5.43it/s]
 22%|██▏       | 11/50 [00:07<00:06,  6.24it/s]
 24%|██▍       | 12/50 [00:07<00:05,  6.97it/s]
 28%|██▊       | 14/50 [00:07<00:04,  8.21it/s]
 32%|███▏      | 16/50 [00:07<00:03,  8.94it/s]
 36%|███▌      | 18/50 [00:07<00:03,  9.39it/s]
 40%|████      | 20/50 [00:08<00:03,  9.67it/s]
 44%|████▍     | 22/50 [00:08<00:02,  9.72it/s]
 48%|████▊     | 24/50 [00:08<00:02,  9.83it/s]
 52%|█████▏    | 26/50 [00:08<00:02,  9.89it/s]
 56%|█████▌    | 28/50 [00:08<00:02,  9.93it/s]
 60%|██████    | 30/50 [00:09<00:02,  9.94it/s]
 64%|██████▍   | 32/50 [00:09<00:01, 10.02it/s]
 68%|██████▊   | 34/50 [00:09<00:01, 10.07it/s]
 72%|███████▏  | 36/50 [00:09<00:01, 10.13it/s]
 76%|███████▌  | 38/50 [00:09<00:01, 10.16it/s]
 80%|████████  | 40/50 [00:10<00:00, 10.14it/s]
 84%|████████▍ | 42/50 [00:10<00:00, 10.16it/s]
 88%|████████▊ | 44/50 [00:10<00:00, 10.21it/s]
 92%|█████████▏| 46/50 [00:10<00:00, 10.23it/s]
 96%|█████████▌| 48/50 [00:10<00:00, 10.25it/s]
100%|██████████| 50/50 [00:17<00:00,  1.00it/s]
100%|██████████| 50/50 [00:17<00:00,  2.94it/s]
[I 2023-12-11 20:48:22,651] Trial 105 finished with value: 0.4222222222222223 and parameters: {'EMBEDDING_DIM': 16, 'HIDDEN_DIM': 1383, 'NUM_LAYERS': 1, 'DROPOUT': 0.078947198919563, 'LR': 0.008933130538516906, 'WEIGHT_0': 0.6892013900435049, 'WEIGHT_1': 0.06259983177948507, 'WEIGHT_2': 0.3879486810633135, 'WEIGHT_3': 0.04533754774377713, 'WEIGHT_4': 0.801226875600237, 'WEIGHT_5': 0.318137032223329, 'WEIGHT_6': 0.11101695187558391, 'WEIGHT_7': 0.8818205631704256, 'WEIGHT_8': 0.5786837081714399}. Best is trial 42 with value: 0.44962374581939796.
{'EMBEDDING_DIM': 16, 'HIDDEN_DIM': 1383, 'NUM_LAYERS': 1, 'DROPOUT': 0.078947198919563, 'LR': 0.008933130538516906, 'WEIGHT_0': 0.6892013900435049, 'WEIGHT_1': 0.06259983177948507, 'WEIGHT_2': 0.3879486810633135, 'WEIGHT_3': 0.04533754774377713, 'WEIGHT_4': 0.801226875600237, 'WEIGHT_5': 0.318137032223329, 'WEIGHT_6': 0.11101695187558391, 'WEIGHT_7': 0.8818205631704256, 'WEIGHT_8': 0.5786837081714399}
0
              precision    recall  f1-score   support

         LOC       0.00      0.00      0.00      1837
        MISC       0.00      0.00      0.00       922
         ORG       0.00      0.00      0.00      1341
         PER       0.00      0.00      0.00      1842

   micro avg       0.00      0.00      0.00      5942
   macro avg       0.00      0.00      0.00      5942
weighted avg       0.00      0.00      0.00      5942

{'EMBEDDING_DIM': 16, 'HIDDEN_DIM': 1383, 'NUM_LAYERS': 1, 'DROPOUT': 0.078947198919563, 'LR': 0.008933130538516906, 'WEIGHT_0': 0.6892013900435049, 'WEIGHT_1': 0.06259983177948507, 'WEIGHT_2': 0.3879486810633135, 'WEIGHT_3': 0.04533754774377713, 'WEIGHT_4': 0.801226875600237, 'WEIGHT_5': 0.318137032223329, 'WEIGHT_6': 0.11101695187558391, 'WEIGHT_7': 0.8818205631704256, 'WEIGHT_8': 0.5786837081714399}
49
              precision    recall  f1-score   support

         LOC       0.76      0.55      0.64      1837
        MISC       0.55      0.50      0.52       922
         ORG       0.40      0.18      0.25      1341
         PER       0.33      0.18      0.24      1842

   micro avg       0.54      0.35      0.42      5942
   macro avg       0.51      0.35      0.41      5942
weighted avg       0.51      0.35      0.41      5942

epoch 49
Transformer

  0%|          | 0/50 [00:00<?, ?it/s]
  2%|▏         | 1/50 [00:06<04:58,  6.10s/it]
  4%|▍         | 2/50 [00:06<02:03,  2.58s/it]
  6%|▌         | 3/50 [00:06<01:08,  1.45s/it]
  8%|▊         | 4/50 [00:06<00:42,  1.09it/s]
 10%|█         | 5/50 [00:06<00:28,  1.60it/s]
 12%|█▏        | 6/50 [00:06<00:19,  2.23it/s]
 16%|█▌        | 8/50 [00:06<00:11,  3.67it/s]
 18%|█▊        | 9/50 [00:06<00:09,  4.32it/s]
 22%|██▏       | 11/50 [00:07<00:06,  5.76it/s]
 26%|██▌       | 13/50 [00:07<00:05,  7.02it/s]
 30%|███       | 15/50 [00:07<00:04,  8.02it/s]
 34%|███▍      | 17/50 [00:07<00:03,  8.79it/s]
 38%|███▊      | 19/50 [00:07<00:03,  9.37it/s]
 42%|████▏     | 21/50 [00:08<00:02,  9.80it/s]
 46%|████▌     | 23/50 [00:08<00:02, 10.11it/s]
 50%|█████     | 25/50 [00:08<00:02, 10.33it/s]
 54%|█████▍    | 27/50 [00:08<00:02, 10.49it/s]
 58%|█████▊    | 29/50 [00:08<00:01, 10.60it/s]
 62%|██████▏   | 31/50 [00:08<00:01, 10.62it/s]
 66%|██████▌   | 33/50 [00:09<00:01, 10.42it/s]
 70%|███████   | 35/50 [00:09<00:01, 10.48it/s]
 74%|███████▍  | 37/50 [00:09<00:01, 10.52it/s]
 78%|███████▊  | 39/50 [00:09<00:01, 10.50it/s]
 82%|████████▏ | 41/50 [00:09<00:00, 10.50it/s]
 86%|████████▌ | 43/50 [00:10<00:00, 10.50it/s]
 90%|█████████ | 45/50 [00:10<00:00, 10.50it/s]
 94%|█████████▍| 47/50 [00:10<00:00, 10.48it/s]
 98%|█████████▊| 49/50 [00:10<00:00, 10.51it/s]
100%|██████████| 50/50 [00:16<00:00,  2.98it/s]
[I 2023-12-11 20:48:45,294] Trial 106 finished with value: 0.4368294969274034 and parameters: {'EMBEDDING_DIM': 16, 'HIDDEN_DIM': 1190, 'NUM_LAYERS': 1, 'DROPOUT': 0.12233649675396462, 'LR': 0.009732521896473972, 'WEIGHT_0': 0.681028809741646, 'WEIGHT_1': 0.10665972171619016, 'WEIGHT_2': 0.3323381476128609, 'WEIGHT_3': 0.09411646362754972, 'WEIGHT_4': 0.700560039295102, 'WEIGHT_5': 0.3494155733047497, 'WEIGHT_6': 0.14967300531569813, 'WEIGHT_7': 0.791114381946395, 'WEIGHT_8': 0.5001815751534375}. Best is trial 42 with value: 0.44962374581939796.
{'EMBEDDING_DIM': 16, 'HIDDEN_DIM': 1190, 'NUM_LAYERS': 1, 'DROPOUT': 0.12233649675396462, 'LR': 0.009732521896473972, 'WEIGHT_0': 0.681028809741646, 'WEIGHT_1': 0.10665972171619016, 'WEIGHT_2': 0.3323381476128609, 'WEIGHT_3': 0.09411646362754972, 'WEIGHT_4': 0.700560039295102, 'WEIGHT_5': 0.3494155733047497, 'WEIGHT_6': 0.14967300531569813, 'WEIGHT_7': 0.791114381946395, 'WEIGHT_8': 0.5001815751534375}
0
              precision    recall  f1-score   support

         LOC       0.00      0.00      0.00      1837
        MISC       0.00      0.00      0.00       922
         ORG       0.00      0.00      0.00      1341
         PER       0.00      0.00      0.00      1842

   micro avg       0.00      0.00      0.00      5942
   macro avg       0.00      0.00      0.00      5942
weighted avg       0.00      0.00      0.00      5942

{'EMBEDDING_DIM': 16, 'HIDDEN_DIM': 1190, 'NUM_LAYERS': 1, 'DROPOUT': 0.12233649675396462, 'LR': 0.009732521896473972, 'WEIGHT_0': 0.681028809741646, 'WEIGHT_1': 0.10665972171619016, 'WEIGHT_2': 0.3323381476128609, 'WEIGHT_3': 0.09411646362754972, 'WEIGHT_4': 0.700560039295102, 'WEIGHT_5': 0.3494155733047497, 'WEIGHT_6': 0.14967300531569813, 'WEIGHT_7': 0.791114381946395, 'WEIGHT_8': 0.5001815751534375}
49
              precision    recall  f1-score   support

         LOC       0.76      0.57      0.65      1837
        MISC       0.61      0.49      0.54       922
         ORG       0.41      0.21      0.28      1341
         PER       0.36      0.17      0.23      1842

   micro avg       0.57      0.35      0.44      5942
   macro avg       0.54      0.36      0.43      5942
weighted avg       0.54      0.35      0.42      5942

epoch 49
Transformer

  0%|          | 0/50 [00:00<?, ?it/s]
  2%|▏         | 1/50 [00:06<05:00,  6.13s/it]
  4%|▍         | 2/50 [00:06<02:04,  2.60s/it]
  6%|▌         | 3/50 [00:06<01:08,  1.46s/it]
  8%|▊         | 4/50 [00:06<00:42,  1.08it/s]
 12%|█▏        | 6/50 [00:06<00:21,  2.04it/s]
 16%|█▌        | 8/50 [00:06<00:13,  3.09it/s]
 20%|██        | 10/50 [00:07<00:09,  4.20it/s]
 24%|██▍       | 12/50 [00:07<00:07,  5.28it/s]
 28%|██▊       | 14/50 [00:07<00:05,  6.28it/s]
 32%|███▏      | 16/50 [00:07<00:04,  7.15it/s]
 34%|███▍      | 17/50 [00:07<00:04,  7.55it/s]
 36%|███▌      | 18/50 [00:07<00:04,  7.96it/s]
 38%|███▊      | 19/50 [00:07<00:03,  8.35it/s]
 40%|████      | 20/50 [00:08<00:03,  8.51it/s]
 42%|████▏     | 21/50 [00:08<00:03,  8.83it/s]
 44%|████▍     | 22/50 [00:08<00:03,  9.10it/s]
 46%|████▌     | 23/50 [00:08<00:02,  9.32it/s]
 48%|████▊     | 24/50 [00:08<00:02,  9.48it/s]
 50%|█████     | 25/50 [00:08<00:02,  9.58it/s]
 52%|█████▏    | 26/50 [00:08<00:02,  9.67it/s]
 54%|█████▍    | 27/50 [00:08<00:02,  9.72it/s]
 56%|█████▌    | 28/50 [00:08<00:02,  9.77it/s]
 58%|█████▊    | 29/50 [00:09<00:02,  9.81it/s]
 60%|██████    | 30/50 [00:09<00:02,  9.84it/s]
 62%|██████▏   | 31/50 [00:09<00:01,  9.86it/s]
 64%|██████▍   | 32/50 [00:09<00:01,  9.87it/s]
 66%|██████▌   | 33/50 [00:09<00:01,  9.88it/s]
 68%|██████▊   | 34/50 [00:09<00:01,  9.89it/s]
 70%|███████   | 35/50 [00:09<00:01,  9.87it/s]
 72%|███████▏  | 36/50 [00:09<00:01,  9.88it/s]
 74%|███████▍  | 37/50 [00:09<00:01,  9.88it/s]
 78%|███████▊  | 39/50 [00:10<00:01,  9.92it/s]
 80%|████████  | 40/50 [00:10<00:01,  9.93it/s]
 84%|████████▍ | 42/50 [00:10<00:00,  9.93it/s]
 86%|████████▌ | 43/50 [00:10<00:00,  9.95it/s]
 88%|████████▊ | 44/50 [00:10<00:00,  9.96it/s]
 90%|█████████ | 45/50 [00:10<00:00,  9.90it/s]
 92%|█████████▏| 46/50 [00:10<00:00,  9.88it/s]
 96%|█████████▌| 48/50 [00:10<00:00,  9.94it/s]
 98%|█████████▊| 49/50 [00:11<00:00,  9.95it/s]
100%|██████████| 50/50 [00:17<00:00,  1.62s/it]
100%|██████████| 50/50 [00:17<00:00,  2.92it/s]
[I 2023-12-11 20:49:08,243] Trial 107 finished with value: 0.41157056882158805 and parameters: {'EMBEDDING_DIM': 16, 'HIDDEN_DIM': 1495, 'NUM_LAYERS': 1, 'DROPOUT': 0.06923744786431305, 'LR': 0.009243645376335886, 'WEIGHT_0': 0.7166798669864134, 'WEIGHT_1': 0.03319767836139487, 'WEIGHT_2': 0.3662573501481012, 'WEIGHT_3': 0.062369914172797365, 'WEIGHT_4': 0.7379974770431763, 'WEIGHT_5': 0.2612387762030609, 'WEIGHT_6': 0.04394934279174433, 'WEIGHT_7': 0.8630622389294568, 'WEIGHT_8': 0.5461775462961717}. Best is trial 42 with value: 0.44962374581939796.
{'EMBEDDING_DIM': 16, 'HIDDEN_DIM': 1495, 'NUM_LAYERS': 1, 'DROPOUT': 0.06923744786431305, 'LR': 0.009243645376335886, 'WEIGHT_0': 0.7166798669864134, 'WEIGHT_1': 0.03319767836139487, 'WEIGHT_2': 0.3662573501481012, 'WEIGHT_3': 0.062369914172797365, 'WEIGHT_4': 0.7379974770431763, 'WEIGHT_5': 0.2612387762030609, 'WEIGHT_6': 0.04394934279174433, 'WEIGHT_7': 0.8630622389294568, 'WEIGHT_8': 0.5461775462961717}
0
              precision    recall  f1-score   support

         LOC       0.00      0.00      0.00      1837
        MISC       0.00      0.00      0.00       922
         ORG       0.00      0.00      0.00      1341
         PER       0.00      0.00      0.00      1842

   micro avg       0.00      0.00      0.00      5942
   macro avg       0.00      0.00      0.00      5942
weighted avg       0.00      0.00      0.00      5942

{'EMBEDDING_DIM': 16, 'HIDDEN_DIM': 1495, 'NUM_LAYERS': 1, 'DROPOUT': 0.06923744786431305, 'LR': 0.009243645376335886, 'WEIGHT_0': 0.7166798669864134, 'WEIGHT_1': 0.03319767836139487, 'WEIGHT_2': 0.3662573501481012, 'WEIGHT_3': 0.062369914172797365, 'WEIGHT_4': 0.7379974770431763, 'WEIGHT_5': 0.2612387762030609, 'WEIGHT_6': 0.04394934279174433, 'WEIGHT_7': 0.8630622389294568, 'WEIGHT_8': 0.5461775462961717}
49
              precision    recall  f1-score   support

         LOC       0.71      0.57      0.63      1837
        MISC       0.46      0.48      0.47       922
         ORG       0.44      0.18      0.25      1341
         PER       0.28      0.21      0.24      1842

   micro avg       0.49      0.36      0.41      5942
   macro avg       0.47      0.36      0.40      5942
weighted avg       0.48      0.36      0.40      5942

epoch 49
Transformer

  0%|          | 0/50 [00:00<?, ?it/s]
  2%|▏         | 1/50 [00:06<05:08,  6.30s/it]
  4%|▍         | 2/50 [00:06<02:07,  2.66s/it]
  6%|▌         | 3/50 [00:06<01:10,  1.50s/it]
 10%|█         | 5/50 [00:06<00:31,  1.42it/s]
 14%|█▍        | 7/50 [00:06<00:18,  2.32it/s]
 16%|█▌        | 8/50 [00:07<00:14,  2.82it/s]
 20%|██        | 10/50 [00:07<00:09,  4.02it/s]
 22%|██▏       | 11/50 [00:07<00:08,  4.65it/s]
 26%|██▌       | 13/50 [00:07<00:06,  5.93it/s]
 30%|███       | 15/50 [00:07<00:04,  7.05it/s]
 34%|███▍      | 17/50 [00:07<00:04,  7.96it/s]
 38%|███▊      | 19/50 [00:08<00:03,  8.67it/s]
 42%|████▏     | 21/50 [00:08<00:03,  9.22it/s]
 46%|████▌     | 23/50 [00:08<00:02,  9.63it/s]
 50%|█████     | 25/50 [00:08<00:02,  9.92it/s]
 54%|█████▍    | 27/50 [00:08<00:02, 10.14it/s]
 58%|█████▊    | 29/50 [00:09<00:02, 10.29it/s]
 62%|██████▏   | 31/50 [00:09<00:01, 10.39it/s]
 66%|██████▌   | 33/50 [00:09<00:01, 10.45it/s]
 70%|███████   | 35/50 [00:09<00:01, 10.50it/s]
 74%|███████▍  | 37/50 [00:09<00:01, 10.55it/s]
 78%|███████▊  | 39/50 [00:09<00:01, 10.57it/s]
 82%|████████▏ | 41/50 [00:10<00:00, 10.59it/s]
 86%|████████▌ | 43/50 [00:10<00:00, 10.61it/s]
 90%|█████████ | 45/50 [00:10<00:00, 10.64it/s]
 94%|█████████▍| 47/50 [00:10<00:00, 10.62it/s]
 98%|█████████▊| 49/50 [00:10<00:00, 10.64it/s]
100%|██████████| 50/50 [00:17<00:00,  2.92it/s]
[I 2023-12-11 20:49:30,964] Trial 108 finished with value: 0.4147260604889361 and parameters: {'EMBEDDING_DIM': 16, 'HIDDEN_DIM': 1318, 'NUM_LAYERS': 1, 'DROPOUT': 0.10297426427966436, 'LR': 0.00873752067731808, 'WEIGHT_0': 0.5909408147287063, 'WEIGHT_1': 0.19756788964124725, 'WEIGHT_2': 0.35946328870104116, 'WEIGHT_3': 0.1641148024807261, 'WEIGHT_4': 0.6777541209495259, 'WEIGHT_5': 0.15526902845046786, 'WEIGHT_6': 0.26954452833272824, 'WEIGHT_7': 0.829431356424106, 'WEIGHT_8': 0.44857005379076675}. Best is trial 42 with value: 0.44962374581939796.
{'EMBEDDING_DIM': 16, 'HIDDEN_DIM': 1318, 'NUM_LAYERS': 1, 'DROPOUT': 0.10297426427966436, 'LR': 0.00873752067731808, 'WEIGHT_0': 0.5909408147287063, 'WEIGHT_1': 0.19756788964124725, 'WEIGHT_2': 0.35946328870104116, 'WEIGHT_3': 0.1641148024807261, 'WEIGHT_4': 0.6777541209495259, 'WEIGHT_5': 0.15526902845046786, 'WEIGHT_6': 0.26954452833272824, 'WEIGHT_7': 0.829431356424106, 'WEIGHT_8': 0.44857005379076675}
0
              precision    recall  f1-score   support

         LOC       0.00      0.00      0.00      1837
        MISC       0.00      0.00      0.00       922
         ORG       0.00      0.00      0.00      1341
         PER       0.00      0.00      0.00      1842

   micro avg       0.00      0.00      0.00      5942
   macro avg       0.00      0.00      0.00      5942
weighted avg       0.00      0.00      0.00      5942

{'EMBEDDING_DIM': 16, 'HIDDEN_DIM': 1318, 'NUM_LAYERS': 1, 'DROPOUT': 0.10297426427966436, 'LR': 0.00873752067731808, 'WEIGHT_0': 0.5909408147287063, 'WEIGHT_1': 0.19756788964124725, 'WEIGHT_2': 0.35946328870104116, 'WEIGHT_3': 0.1641148024807261, 'WEIGHT_4': 0.6777541209495259, 'WEIGHT_5': 0.15526902845046786, 'WEIGHT_6': 0.26954452833272824, 'WEIGHT_7': 0.829431356424106, 'WEIGHT_8': 0.44857005379076675}
49
              precision    recall  f1-score   support

         LOC       0.78      0.55      0.64      1837
        MISC       0.56      0.48      0.52       922
         ORG       0.40      0.25      0.31      1341
         PER       0.24      0.20      0.22      1842

   micro avg       0.49      0.36      0.41      5942
   macro avg       0.50      0.37      0.42      5942
weighted avg       0.49      0.36      0.42      5942

epoch 49
Transformer

  0%|          | 0/50 [00:00<?, ?it/s]
  2%|▏         | 1/50 [00:06<05:14,  6.43s/it]
  4%|▍         | 2/50 [00:06<02:10,  2.71s/it]
  6%|▌         | 3/50 [00:06<01:11,  1.53s/it]
  8%|▊         | 4/50 [00:06<00:44,  1.04it/s]
 10%|█         | 5/50 [00:06<00:29,  1.53it/s]
 12%|█▏        | 6/50 [00:06<00:20,  2.13it/s]
 16%|█▌        | 8/50 [00:07<00:12,  3.49it/s]
 20%|██        | 10/50 [00:07<00:08,  4.81it/s]
 24%|██▍       | 12/50 [00:07<00:06,  6.00it/s]
 28%|██▊       | 14/50 [00:07<00:05,  7.02it/s]
 32%|███▏      | 16/50 [00:07<00:04,  7.86it/s]
 36%|███▌      | 18/50 [00:08<00:03,  8.52it/s]
 40%|████      | 20/50 [00:08<00:03,  9.03it/s]
 44%|████▍     | 22/50 [00:08<00:02,  9.40it/s]
 48%|████▊     | 24/50 [00:08<00:02,  9.68it/s]
 52%|█████▏    | 26/50 [00:08<00:02,  9.89it/s]
 56%|█████▌    | 28/50 [00:09<00:02,  9.96it/s]
 60%|██████    | 30/50 [00:09<00:01, 10.08it/s]
 64%|██████▍   | 32/50 [00:09<00:01, 10.18it/s]
 68%|██████▊   | 34/50 [00:09<00:01, 10.23it/s]
 72%|███████▏  | 36/50 [00:09<00:01, 10.28it/s]
 76%|███████▌  | 38/50 [00:10<00:01, 10.30it/s]
 80%|████████  | 40/50 [00:10<00:00, 10.32it/s]
 84%|████████▍ | 42/50 [00:10<00:00, 10.32it/s]
 88%|████████▊ | 44/50 [00:10<00:00, 10.16it/s]
 92%|█████████▏| 46/50 [00:10<00:00, 10.17it/s]
 96%|█████████▌| 48/50 [00:11<00:00, 10.17it/s]
100%|██████████| 50/50 [00:17<00:00,  1.00s/it]
100%|██████████| 50/50 [00:17<00:00,  2.90it/s]
