[I 2023-12-11 22:49:07,674] Trial 339 finished with value: 0.4502881089575695 and parameters: {'EMBEDDING_DIM': 32, 'HIDDEN_DIM': 769, 'NUM_LAYERS': 1, 'DROPOUT': 0.324731272537098, 'LR': 0.006845859605734478, 'WEIGHT_0': 0.9678701026993389, 'WEIGHT_1': 0.10321225384118815, 'WEIGHT_2': 0.21354008389907703, 'WEIGHT_3': 0.3031766932715917, 'WEIGHT_4': 0.595050502003132, 'WEIGHT_5': 0.4625028269199932, 'WEIGHT_6': 0.46571109013937706, 'WEIGHT_7': 0.6179343307698699, 'WEIGHT_8': 0.6094249812733432}. Best is trial 282 with value: 0.45463128081401455.
{'EMBEDDING_DIM': 32, 'HIDDEN_DIM': 769, 'NUM_LAYERS': 1, 'DROPOUT': 0.324731272537098, 'LR': 0.006845859605734478, 'WEIGHT_0': 0.9678701026993389, 'WEIGHT_1': 0.10321225384118815, 'WEIGHT_2': 0.21354008389907703, 'WEIGHT_3': 0.3031766932715917, 'WEIGHT_4': 0.595050502003132, 'WEIGHT_5': 0.4625028269199932, 'WEIGHT_6': 0.46571109013937706, 'WEIGHT_7': 0.6179343307698699, 'WEIGHT_8': 0.6094249812733432}
0
              precision    recall  f1-score   support

         LOC       0.00      0.00      0.00      1837
        MISC       0.00      0.00      0.00       922
         ORG       0.00      0.00      0.00      1341
         PER       0.00      0.00      0.00      1842

   micro avg       0.00      0.00      0.00      5942
   macro avg       0.00      0.00      0.00      5942
weighted avg       0.00      0.00      0.00      5942

{'EMBEDDING_DIM': 32, 'HIDDEN_DIM': 769, 'NUM_LAYERS': 1, 'DROPOUT': 0.324731272537098, 'LR': 0.006845859605734478, 'WEIGHT_0': 0.9678701026993389, 'WEIGHT_1': 0.10321225384118815, 'WEIGHT_2': 0.21354008389907703, 'WEIGHT_3': 0.3031766932715917, 'WEIGHT_4': 0.595050502003132, 'WEIGHT_5': 0.4625028269199932, 'WEIGHT_6': 0.46571109013937706, 'WEIGHT_7': 0.6179343307698699, 'WEIGHT_8': 0.6094249812733432}
49
              precision    recall  f1-score   support

         LOC       0.77      0.60      0.67      1837
        MISC       0.67      0.48      0.55       922
         ORG       0.41      0.21      0.27      1341
         PER       0.39      0.18      0.25      1842

   micro avg       0.60      0.36      0.45      5942
   macro avg       0.56      0.37      0.44      5942
weighted avg       0.56      0.36      0.43      5942

epoch 49
Transformer

  0%|          | 0/50 [00:00<?, ?it/s]
  2%|▏         | 1/50 [00:05<04:47,  5.87s/it]
  6%|▌         | 3/50 [00:06<01:14,  1.59s/it]
 10%|█         | 5/50 [00:06<00:36,  1.22it/s]
 14%|█▍        | 7/50 [00:06<00:21,  1.95it/s]
 18%|█▊        | 9/50 [00:06<00:14,  2.83it/s]
 22%|██▏       | 11/50 [00:06<00:10,  3.84it/s]
 26%|██▌       | 13/50 [00:06<00:07,  4.93it/s]
 30%|███       | 15/50 [00:07<00:05,  6.04it/s]
 34%|███▍      | 17/50 [00:07<00:04,  7.09it/s]
 38%|███▊      | 19/50 [00:07<00:03,  8.03it/s]
 42%|████▏     | 21/50 [00:07<00:03,  8.83it/s]
 46%|████▌     | 23/50 [00:07<00:02,  9.47it/s]
 50%|█████     | 25/50 [00:08<00:02,  9.99it/s]
 54%|█████▍    | 27/50 [00:08<00:02, 10.38it/s]
 58%|█████▊    | 29/50 [00:08<00:01, 10.67it/s]
 62%|██████▏   | 31/50 [00:08<00:01, 10.89it/s]
 66%|██████▌   | 33/50 [00:08<00:01, 11.04it/s]
 70%|███████   | 35/50 [00:08<00:01, 11.14it/s]
 74%|███████▍  | 37/50 [00:09<00:01, 11.22it/s]
 78%|███████▊  | 39/50 [00:09<00:00, 11.27it/s]
 82%|████████▏ | 41/50 [00:09<00:00, 11.31it/s]
 86%|████████▌ | 43/50 [00:09<00:00, 11.35it/s]
 90%|█████████ | 45/50 [00:09<00:00, 11.36it/s]
 94%|█████████▍| 47/50 [00:09<00:00, 11.37it/s]
 98%|█████████▊| 49/50 [00:10<00:00, 11.39it/s]
100%|██████████| 50/50 [00:15<00:00,  3.13it/s]
[I 2023-12-11 22:49:29,318] Trial 340 finished with value: 0.4243614931237721 and parameters: {'EMBEDDING_DIM': 32, 'HIDDEN_DIM': 890, 'NUM_LAYERS': 1, 'DROPOUT': 0.32734080432203416, 'LR': 0.006901914415219079, 'WEIGHT_0': 0.7451513260715269, 'WEIGHT_1': 0.4417267366300891, 'WEIGHT_2': 0.6990017742092669, 'WEIGHT_3': 0.3060865930493247, 'WEIGHT_4': 0.9943388561784834, 'WEIGHT_5': 0.4693418808479093, 'WEIGHT_6': 0.6154168483110908, 'WEIGHT_7': 0.6619416538686631, 'WEIGHT_8': 0.663210593906959}. Best is trial 282 with value: 0.45463128081401455.
{'EMBEDDING_DIM': 32, 'HIDDEN_DIM': 890, 'NUM_LAYERS': 1, 'DROPOUT': 0.32734080432203416, 'LR': 0.006901914415219079, 'WEIGHT_0': 0.7451513260715269, 'WEIGHT_1': 0.4417267366300891, 'WEIGHT_2': 0.6990017742092669, 'WEIGHT_3': 0.3060865930493247, 'WEIGHT_4': 0.9943388561784834, 'WEIGHT_5': 0.4693418808479093, 'WEIGHT_6': 0.6154168483110908, 'WEIGHT_7': 0.6619416538686631, 'WEIGHT_8': 0.663210593906959}
0
              precision    recall  f1-score   support

         LOC       0.00      0.00      0.00      1837
        MISC       0.00      0.00      0.00       922
         ORG       0.00      0.00      0.00      1341
         PER       0.00      0.00      0.00      1842

   micro avg       0.00      0.00      0.00      5942
   macro avg       0.00      0.00      0.00      5942
weighted avg       0.00      0.00      0.00      5942

{'EMBEDDING_DIM': 32, 'HIDDEN_DIM': 890, 'NUM_LAYERS': 1, 'DROPOUT': 0.32734080432203416, 'LR': 0.006901914415219079, 'WEIGHT_0': 0.7451513260715269, 'WEIGHT_1': 0.4417267366300891, 'WEIGHT_2': 0.6990017742092669, 'WEIGHT_3': 0.3060865930493247, 'WEIGHT_4': 0.9943388561784834, 'WEIGHT_5': 0.4693418808479093, 'WEIGHT_6': 0.6154168483110908, 'WEIGHT_7': 0.6619416538686631, 'WEIGHT_8': 0.663210593906959}
49
              precision    recall  f1-score   support

         LOC       0.76      0.55      0.64      1837
        MISC       0.59      0.49      0.53       922
         ORG       0.33      0.25      0.29      1341
         PER       0.32      0.20      0.25      1842

   micro avg       0.51      0.36      0.42      5942
   macro avg       0.50      0.37      0.43      5942
weighted avg       0.50      0.36      0.42      5942

epoch 49
Transformer

  0%|          | 0/50 [00:00<?, ?it/s]
  2%|▏         | 1/50 [00:06<05:34,  6.82s/it]
  4%|▍         | 2/50 [00:07<02:38,  3.31s/it]
  6%|▌         | 3/50 [00:08<01:43,  2.20s/it]
  8%|▊         | 4/50 [00:09<01:16,  1.67s/it]
 10%|█         | 5/50 [00:10<01:02,  1.38s/it]
 12%|█▏        | 6/50 [00:11<00:53,  1.21s/it]
 14%|█▍        | 7/50 [00:12<00:47,  1.10s/it]
 16%|█▌        | 8/50 [00:12<00:43,  1.03s/it]
 18%|█▊        | 9/50 [00:13<00:40,  1.02it/s]
 20%|██        | 10/50 [00:14<00:37,  1.06it/s]
 22%|██▏       | 11/50 [00:15<00:35,  1.08it/s]
 24%|██▍       | 12/50 [00:16<00:34,  1.10it/s]
 26%|██▌       | 13/50 [00:17<00:33,  1.11it/s]
 28%|██▊       | 14/50 [00:18<00:32,  1.12it/s]
 30%|███       | 15/50 [00:19<00:31,  1.13it/s]
 32%|███▏      | 16/50 [00:19<00:30,  1.13it/s]
 34%|███▍      | 17/50 [00:20<00:29,  1.14it/s]
 36%|███▌      | 18/50 [00:21<00:28,  1.14it/s]
 38%|███▊      | 19/50 [00:22<00:27,  1.14it/s]
 40%|████      | 20/50 [00:23<00:26,  1.14it/s]
 42%|████▏     | 21/50 [00:24<00:25,  1.14it/s]
 44%|████▍     | 22/50 [00:25<00:24,  1.14it/s]
 46%|████▌     | 23/50 [00:26<00:23,  1.14it/s]
 48%|████▊     | 24/50 [00:26<00:22,  1.14it/s]
 50%|█████     | 25/50 [00:27<00:21,  1.14it/s]
 52%|█████▏    | 26/50 [00:28<00:21,  1.14it/s]
 54%|█████▍    | 27/50 [00:29<00:20,  1.14it/s]
 56%|█████▌    | 28/50 [00:30<00:19,  1.14it/s]
 58%|█████▊    | 29/50 [00:31<00:18,  1.14it/s]
 60%|██████    | 30/50 [00:32<00:17,  1.14it/s]
 62%|██████▏   | 31/50 [00:33<00:16,  1.14it/s]
 64%|██████▍   | 32/50 [00:33<00:15,  1.14it/s]
 66%|██████▌   | 33/50 [00:34<00:14,  1.14it/s]
 68%|██████▊   | 34/50 [00:35<00:14,  1.14it/s]
 70%|███████   | 35/50 [00:36<00:13,  1.13it/s]
 72%|███████▏  | 36/50 [00:37<00:12,  1.13it/s]
 74%|███████▍  | 37/50 [00:38<00:11,  1.13it/s]
 76%|███████▌  | 38/50 [00:39<00:10,  1.13it/s]
 78%|███████▊  | 39/50 [00:40<00:09,  1.13it/s]
 80%|████████  | 40/50 [00:40<00:08,  1.13it/s]
 82%|████████▏ | 41/50 [00:41<00:07,  1.13it/s]
 84%|████████▍ | 42/50 [00:42<00:07,  1.13it/s]
 86%|████████▌ | 43/50 [00:43<00:06,  1.13it/s]
 88%|████████▊ | 44/50 [00:44<00:05,  1.13it/s]
 90%|█████████ | 45/50 [00:45<00:04,  1.13it/s]
 92%|█████████▏| 46/50 [00:46<00:03,  1.13it/s]
 94%|█████████▍| 47/50 [00:47<00:02,  1.13it/s]
 96%|█████████▌| 48/50 [00:48<00:01,  1.13it/s]
 98%|█████████▊| 49/50 [00:48<00:00,  1.13it/s]
100%|██████████| 50/50 [00:55<00:00,  2.64s/it]
100%|██████████| 50/50 [00:55<00:00,  1.11s/it]
[I 2023-12-11 22:50:31,093] Trial 341 finished with value: 0.12895046635877935 and parameters: {'EMBEDDING_DIM': 1024, 'HIDDEN_DIM': 775, 'NUM_LAYERS': 1, 'DROPOUT': 0.30887068898357406, 'LR': 0.007308328808778923, 'WEIGHT_0': 0.5443032547340931, 'WEIGHT_1': 0.20237968389450994, 'WEIGHT_2': 0.21121578502097296, 'WEIGHT_3': 0.28892532305364205, 'WEIGHT_4': 0.5645841555827213, 'WEIGHT_5': 0.4391005198342476, 'WEIGHT_6': 0.656999332308144, 'WEIGHT_7': 0.6342723359534581, 'WEIGHT_8': 0.5336978653938753}. Best is trial 282 with value: 0.45463128081401455.
{'EMBEDDING_DIM': 1024, 'HIDDEN_DIM': 775, 'NUM_LAYERS': 1, 'DROPOUT': 0.30887068898357406, 'LR': 0.007308328808778923, 'WEIGHT_0': 0.5443032547340931, 'WEIGHT_1': 0.20237968389450994, 'WEIGHT_2': 0.21121578502097296, 'WEIGHT_3': 0.28892532305364205, 'WEIGHT_4': 0.5645841555827213, 'WEIGHT_5': 0.4391005198342476, 'WEIGHT_6': 0.656999332308144, 'WEIGHT_7': 0.6342723359534581, 'WEIGHT_8': 0.5336978653938753}
0
              precision    recall  f1-score   support

         LOC       0.00      0.00      0.00      1837
        MISC       0.01      0.02      0.01       922
         ORG       0.00      0.00      0.00      1341
         PER       0.00      0.00      0.00      1842

   micro avg       0.01      0.00      0.00      5942
   macro avg       0.00      0.00      0.00      5942
weighted avg       0.00      0.00      0.00      5942

{'EMBEDDING_DIM': 1024, 'HIDDEN_DIM': 775, 'NUM_LAYERS': 1, 'DROPOUT': 0.30887068898357406, 'LR': 0.007308328808778923, 'WEIGHT_0': 0.5443032547340931, 'WEIGHT_1': 0.20237968389450994, 'WEIGHT_2': 0.21121578502097296, 'WEIGHT_3': 0.28892532305364205, 'WEIGHT_4': 0.5645841555827213, 'WEIGHT_5': 0.4391005198342476, 'WEIGHT_6': 0.656999332308144, 'WEIGHT_7': 0.6342723359534581, 'WEIGHT_8': 0.5336978653938753}
49
              precision    recall  f1-score   support

         LOC       0.23      0.18      0.20      1837
        MISC       0.00      0.00      0.00       922
         ORG       0.05      0.00      0.01      1341
         PER       0.10      0.20      0.14      1842

   micro avg       0.14      0.12      0.13      5942
   macro avg       0.10      0.10      0.09      5942
weighted avg       0.12      0.12      0.11      5942

epoch 49
Transformer

  0%|          | 0/50 [00:00<?, ?it/s]
  2%|▏         | 1/50 [00:05<04:45,  5.83s/it]
  6%|▌         | 3/50 [00:06<01:14,  1.58s/it]
 10%|█         | 5/50 [00:06<00:36,  1.23it/s]
 14%|█▍        | 7/50 [00:06<00:21,  1.97it/s]
 18%|█▊        | 9/50 [00:06<00:14,  2.84it/s]
 22%|██▏       | 11/50 [00:06<00:10,  3.84it/s]
 26%|██▌       | 13/50 [00:06<00:07,  4.87it/s]
 30%|███       | 15/50 [00:07<00:05,  5.92it/s]
 34%|███▍      | 17/50 [00:07<00:04,  6.92it/s]
 38%|███▊      | 19/50 [00:07<00:03,  7.83it/s]
 42%|████▏     | 21/50 [00:07<00:03,  8.58it/s]
 46%|████▌     | 23/50 [00:07<00:02,  9.16it/s]
 50%|█████     | 25/50 [00:08<00:02,  9.65it/s]
 54%|█████▍    | 27/50 [00:08<00:02,  9.98it/s]
 58%|█████▊    | 29/50 [00:08<00:02, 10.24it/s]
 62%|██████▏   | 31/50 [00:08<00:01, 10.45it/s]
 66%|██████▌   | 33/50 [00:08<00:01, 10.59it/s]
 70%|███████   | 35/50 [00:08<00:01, 10.68it/s]
 74%|███████▍  | 37/50 [00:09<00:01, 10.79it/s]
 78%|███████▊  | 39/50 [00:09<00:01, 10.81it/s]
 82%|████████▏ | 41/50 [00:09<00:00, 10.86it/s]
 86%|████████▌ | 43/50 [00:09<00:00, 10.91it/s]
 90%|█████████ | 45/50 [00:09<00:00, 10.88it/s]
 94%|█████████▍| 47/50 [00:10<00:00, 10.90it/s]
 98%|█████████▊| 49/50 [00:10<00:00, 10.92it/s]
100%|██████████| 50/50 [00:16<00:00,  3.10it/s]
[I 2023-12-11 22:50:52,560] Trial 342 finished with value: 0.4111202976436544 and parameters: {'EMBEDDING_DIM': 32, 'HIDDEN_DIM': 552, 'NUM_LAYERS': 1, 'DROPOUT': 0.31930311288463453, 'LR': 0.006557113632232161, 'WEIGHT_0': 0.9983414711192764, 'WEIGHT_1': 0.10704897201201202, 'WEIGHT_2': 0.195734988526396, 'WEIGHT_3': 0.006372721218818971, 'WEIGHT_4': 0.8642107049977563, 'WEIGHT_5': 0.1076004643478394, 'WEIGHT_6': 0.4477849290293114, 'WEIGHT_7': 0.5307781951351641, 'WEIGHT_8': 0.5907533032431526}. Best is trial 282 with value: 0.45463128081401455.
{'EMBEDDING_DIM': 32, 'HIDDEN_DIM': 552, 'NUM_LAYERS': 1, 'DROPOUT': 0.31930311288463453, 'LR': 0.006557113632232161, 'WEIGHT_0': 0.9983414711192764, 'WEIGHT_1': 0.10704897201201202, 'WEIGHT_2': 0.195734988526396, 'WEIGHT_3': 0.006372721218818971, 'WEIGHT_4': 0.8642107049977563, 'WEIGHT_5': 0.1076004643478394, 'WEIGHT_6': 0.4477849290293114, 'WEIGHT_7': 0.5307781951351641, 'WEIGHT_8': 0.5907533032431526}
0
              precision    recall  f1-score   support

         LOC       0.00      0.00      0.00      1837
        MISC       0.00      0.00      0.00       922
         ORG       0.00      0.00      0.00      1341
         PER       0.00      0.00      0.00      1842

   micro avg       0.00      0.00      0.00      5942
   macro avg       0.00      0.00      0.00      5942
weighted avg       0.00      0.00      0.00      5942

{'EMBEDDING_DIM': 32, 'HIDDEN_DIM': 552, 'NUM_LAYERS': 1, 'DROPOUT': 0.31930311288463453, 'LR': 0.006557113632232161, 'WEIGHT_0': 0.9983414711192764, 'WEIGHT_1': 0.10704897201201202, 'WEIGHT_2': 0.195734988526396, 'WEIGHT_3': 0.006372721218818971, 'WEIGHT_4': 0.8642107049977563, 'WEIGHT_5': 0.1076004643478394, 'WEIGHT_6': 0.4477849290293114, 'WEIGHT_7': 0.5307781951351641, 'WEIGHT_8': 0.5907533032431526}
49
              precision    recall  f1-score   support

         LOC       0.75      0.57      0.65      1837
        MISC       0.62      0.50      0.55       922
         ORG       0.28      0.23      0.26      1341
         PER       0.34      0.09      0.14      1842

   micro avg       0.53      0.33      0.41      5942
   macro avg       0.50      0.35      0.40      5942
weighted avg       0.50      0.33      0.39      5942

epoch 49
Transformer

  0%|          | 0/50 [00:00<?, ?it/s]
  2%|▏         | 1/50 [00:06<05:07,  6.27s/it]
  4%|▍         | 2/50 [00:06<02:13,  2.79s/it]
  6%|▌         | 3/50 [00:06<01:18,  1.68s/it]
  8%|▊         | 4/50 [00:07<00:52,  1.15s/it]
 10%|█         | 5/50 [00:07<00:38,  1.17it/s]
 12%|█▏        | 6/50 [00:07<00:29,  1.47it/s]
 14%|█▍        | 7/50 [00:08<00:24,  1.75it/s]
 16%|█▌        | 8/50 [00:08<00:20,  2.01it/s]
 18%|█▊        | 9/50 [00:09<00:18,  2.24it/s]
 20%|██        | 10/50 [00:09<00:16,  2.42it/s]
 22%|██▏       | 11/50 [00:09<00:15,  2.57it/s]
 24%|██▍       | 12/50 [00:10<00:14,  2.67it/s]
 26%|██▌       | 13/50 [00:10<00:13,  2.76it/s]
 28%|██▊       | 14/50 [00:10<00:12,  2.82it/s]
 30%|███       | 15/50 [00:11<00:12,  2.86it/s]
 32%|███▏      | 16/50 [00:11<00:11,  2.89it/s]
 34%|███▍      | 17/50 [00:11<00:11,  2.91it/s]
 36%|███▌      | 18/50 [00:12<00:10,  2.93it/s]
 38%|███▊      | 19/50 [00:12<00:10,  2.94it/s]
 40%|████      | 20/50 [00:12<00:10,  2.94it/s]
 42%|████▏     | 21/50 [00:13<00:09,  2.95it/s]
 44%|████▍     | 22/50 [00:13<00:09,  2.95it/s]
 46%|████▌     | 23/50 [00:13<00:09,  2.96it/s]
 48%|████▊     | 24/50 [00:14<00:08,  2.96it/s]
 50%|█████     | 25/50 [00:14<00:08,  2.96it/s]
 52%|█████▏    | 26/50 [00:14<00:08,  2.96it/s]
 54%|█████▍    | 27/50 [00:15<00:07,  2.96it/s]
 56%|█████▌    | 28/50 [00:15<00:07,  2.96it/s]
 58%|█████▊    | 29/50 [00:15<00:07,  2.96it/s]
 60%|██████    | 30/50 [00:16<00:06,  2.94it/s]
 62%|██████▏   | 31/50 [00:16<00:06,  2.94it/s]
 64%|██████▍   | 32/50 [00:16<00:06,  2.94it/s]
 66%|██████▌   | 33/50 [00:17<00:05,  2.94it/s]
 68%|██████▊   | 34/50 [00:17<00:05,  2.95it/s]
 70%|███████   | 35/50 [00:17<00:05,  2.95it/s]
 72%|███████▏  | 36/50 [00:18<00:04,  2.95it/s]
 74%|███████▍  | 37/50 [00:18<00:04,  2.95it/s]
 76%|███████▌  | 38/50 [00:18<00:04,  2.95it/s]
 78%|███████▊  | 39/50 [00:19<00:03,  2.95it/s]
 80%|████████  | 40/50 [00:19<00:03,  2.95it/s]
 82%|████████▏ | 41/50 [00:19<00:03,  2.95it/s]
 84%|████████▍ | 42/50 [00:20<00:02,  2.93it/s]
 86%|████████▌ | 43/50 [00:20<00:02,  2.93it/s]
 88%|████████▊ | 44/50 [00:20<00:02,  2.94it/s]
 90%|█████████ | 45/50 [00:21<00:01,  2.94it/s]
 92%|█████████▏| 46/50 [00:21<00:01,  2.95it/s]
 94%|█████████▍| 47/50 [00:21<00:01,  2.95it/s]
 96%|█████████▌| 48/50 [00:22<00:00,  2.95it/s]
 98%|█████████▊| 49/50 [00:22<00:00,  2.95it/s]
100%|██████████| 50/50 [00:28<00:00,  2.07s/it]
100%|██████████| 50/50 [00:28<00:00,  1.74it/s]
[I 2023-12-11 22:51:27,033] Trial 343 finished with value: 0.12884897360703812 and parameters: {'EMBEDDING_DIM': 512, 'HIDDEN_DIM': 417, 'NUM_LAYERS': 1, 'DROPOUT': 0.3523493237263977, 'LR': 0.006295207635557411, 'WEIGHT_0': 0.9489791525372238, 'WEIGHT_1': 0.7686123537472671, 'WEIGHT_2': 0.22320941227982816, 'WEIGHT_3': 0.25836596772432774, 'WEIGHT_4': 0.06187756741247086, 'WEIGHT_5': 0.45284275237067056, 'WEIGHT_6': 0.04841116946236348, 'WEIGHT_7': 0.6193438931993404, 'WEIGHT_8': 0.5061574191747464}. Best is trial 282 with value: 0.45463128081401455.
{'EMBEDDING_DIM': 512, 'HIDDEN_DIM': 417, 'NUM_LAYERS': 1, 'DROPOUT': 0.3523493237263977, 'LR': 0.006295207635557411, 'WEIGHT_0': 0.9489791525372238, 'WEIGHT_1': 0.7686123537472671, 'WEIGHT_2': 0.22320941227982816, 'WEIGHT_3': 0.25836596772432774, 'WEIGHT_4': 0.06187756741247086, 'WEIGHT_5': 0.45284275237067056, 'WEIGHT_6': 0.04841116946236348, 'WEIGHT_7': 0.6193438931993404, 'WEIGHT_8': 0.5061574191747464}
0
              precision    recall  f1-score   support

         LOC       0.00      0.00      0.00      1837
        MISC       0.00      0.00      0.00       922
         ORG       0.02      0.00      0.00      1341
         PER       0.00      0.00      0.00      1842

   micro avg       0.01      0.00      0.00      5942
   macro avg       0.00      0.00      0.00      5942
weighted avg       0.00      0.00      0.00      5942

{'EMBEDDING_DIM': 512, 'HIDDEN_DIM': 417, 'NUM_LAYERS': 1, 'DROPOUT': 0.3523493237263977, 'LR': 0.006295207635557411, 'WEIGHT_0': 0.9489791525372238, 'WEIGHT_1': 0.7686123537472671, 'WEIGHT_2': 0.22320941227982816, 'WEIGHT_3': 0.25836596772432774, 'WEIGHT_4': 0.06187756741247086, 'WEIGHT_5': 0.45284275237067056, 'WEIGHT_6': 0.04841116946236348, 'WEIGHT_7': 0.6193438931993404, 'WEIGHT_8': 0.5061574191747464}
49
              precision    recall  f1-score   support

         LOC       0.48      0.25      0.33      1837
        MISC       0.00      0.00      0.00       922
         ORG       0.09      0.13      0.10      1341
         PER       0.04      0.04      0.04      1842

   micro avg       0.14      0.12      0.13      5942
   macro avg       0.15      0.10      0.12      5942
weighted avg       0.18      0.12      0.14      5942

epoch 49
Transformer

  0%|          | 0/50 [00:00<?, ?it/s]
  2%|▏         | 1/50 [00:05<04:51,  5.94s/it]
  4%|▍         | 2/50 [00:06<02:00,  2.52s/it]
  8%|▊         | 4/50 [00:06<00:45,  1.01it/s]
 12%|█▏        | 6/50 [00:06<00:24,  1.76it/s]
 16%|█▌        | 8/50 [00:06<00:15,  2.66it/s]
 20%|██        | 10/50 [00:06<00:10,  3.69it/s]
 24%|██▍       | 12/50 [00:06<00:07,  4.79it/s]
 28%|██▊       | 14/50 [00:07<00:06,  5.91it/s]
 32%|███▏      | 16/50 [00:07<00:04,  6.98it/s]
 36%|███▌      | 18/50 [00:07<00:04,  7.94it/s]
 40%|████      | 20/50 [00:07<00:03,  8.74it/s]
 44%|████▍     | 22/50 [00:07<00:02,  9.39it/s]
 48%|████▊     | 24/50 [00:08<00:02,  9.84it/s]
 52%|█████▏    | 26/50 [00:08<00:02, 10.22it/s]
 56%|█████▌    | 28/50 [00:08<00:02, 10.53it/s]
 60%|██████    | 30/50 [00:08<00:01, 10.77it/s]
 64%|██████▍   | 32/50 [00:08<00:01, 10.92it/s]
 68%|██████▊   | 34/50 [00:08<00:01, 11.03it/s]
 72%|███████▏  | 36/50 [00:09<00:01, 11.08it/s]
 76%|███████▌  | 38/50 [00:09<00:01, 11.16it/s]
 80%|████████  | 40/50 [00:09<00:00, 11.22it/s]
 84%|████████▍ | 42/50 [00:09<00:00, 11.23it/s]
 88%|████████▊ | 44/50 [00:09<00:00, 11.23it/s]
 92%|█████████▏| 46/50 [00:09<00:00, 11.26it/s]
 96%|█████████▌| 48/50 [00:10<00:00, 11.25it/s]
100%|██████████| 50/50 [00:16<00:00,  1.04it/s]
100%|██████████| 50/50 [00:16<00:00,  3.09it/s]
