[I 2023-12-11 20:59:09,466] Trial 128 finished with value: 0.43046492659053837 and parameters: {'EMBEDDING_DIM': 32, 'HIDDEN_DIM': 232, 'NUM_LAYERS': 1, 'DROPOUT': 0.08283871383506924, 'LR': 0.007879648517551468, 'WEIGHT_0': 0.9013238080343008, 'WEIGHT_1': 0.09509608657449854, 'WEIGHT_2': 0.4502539698754788, 'WEIGHT_3': 0.15514254043341905, 'WEIGHT_4': 0.7878899372811945, 'WEIGHT_5': 0.3831708721945286, 'WEIGHT_6': 0.1448667626269712, 'WEIGHT_7': 0.8555065246589276, 'WEIGHT_8': 0.3554706481176634}. Best is trial 42 with value: 0.44962374581939796.
{'EMBEDDING_DIM': 32, 'HIDDEN_DIM': 232, 'NUM_LAYERS': 1, 'DROPOUT': 0.08283871383506924, 'LR': 0.007879648517551468, 'WEIGHT_0': 0.9013238080343008, 'WEIGHT_1': 0.09509608657449854, 'WEIGHT_2': 0.4502539698754788, 'WEIGHT_3': 0.15514254043341905, 'WEIGHT_4': 0.7878899372811945, 'WEIGHT_5': 0.3831708721945286, 'WEIGHT_6': 0.1448667626269712, 'WEIGHT_7': 0.8555065246589276, 'WEIGHT_8': 0.3554706481176634}
0
              precision    recall  f1-score   support

         LOC       0.00      0.00      0.00      1837
        MISC       0.00      0.00      0.00       922
         ORG       0.00      0.00      0.00      1341
         PER       0.00      0.00      0.00      1842

   micro avg       0.00      0.00      0.00      5942
   macro avg       0.00      0.00      0.00      5942
weighted avg       0.00      0.00      0.00      5942

{'EMBEDDING_DIM': 32, 'HIDDEN_DIM': 232, 'NUM_LAYERS': 1, 'DROPOUT': 0.08283871383506924, 'LR': 0.007879648517551468, 'WEIGHT_0': 0.9013238080343008, 'WEIGHT_1': 0.09509608657449854, 'WEIGHT_2': 0.4502539698754788, 'WEIGHT_3': 0.15514254043341905, 'WEIGHT_4': 0.7878899372811945, 'WEIGHT_5': 0.3831708721945286, 'WEIGHT_6': 0.1448667626269712, 'WEIGHT_7': 0.8555065246589276, 'WEIGHT_8': 0.3554706481176634}
49
              precision    recall  f1-score   support

         LOC       0.74      0.58      0.65      1837
        MISC       0.59      0.48      0.53       922
         ORG       0.39      0.21      0.27      1341
         PER       0.34      0.18      0.24      1842

   micro avg       0.55      0.36      0.43      5942
   macro avg       0.52      0.36      0.42      5942
weighted avg       0.51      0.36      0.42      5942

epoch 49
Transformer

  0%|          | 0/50 [00:00<?, ?it/s]
  2%|▏         | 1/50 [00:06<05:28,  6.69s/it]
  4%|▍         | 2/50 [00:06<02:17,  2.87s/it]
  6%|▌         | 3/50 [00:07<01:16,  1.63s/it]
  8%|▊         | 4/50 [00:07<00:48,  1.06s/it]
 10%|█         | 5/50 [00:07<00:33,  1.34it/s]
 12%|█▏        | 6/50 [00:07<00:24,  1.79it/s]
 14%|█▍        | 7/50 [00:07<00:18,  2.33it/s]
 16%|█▌        | 8/50 [00:07<00:14,  2.90it/s]
 18%|█▊        | 9/50 [00:08<00:11,  3.48it/s]
 20%|██        | 10/50 [00:08<00:09,  4.02it/s]
 22%|██▏       | 11/50 [00:08<00:08,  4.50it/s]
 24%|██▍       | 12/50 [00:08<00:07,  4.90it/s]
 26%|██▌       | 13/50 [00:08<00:07,  5.22it/s]
 28%|██▊       | 14/50 [00:08<00:06,  5.48it/s]
 30%|███       | 15/50 [00:09<00:06,  5.66it/s]
 32%|███▏      | 16/50 [00:09<00:05,  5.81it/s]
 34%|███▍      | 17/50 [00:09<00:05,  5.91it/s]
 36%|███▌      | 18/50 [00:09<00:05,  5.98it/s]
 38%|███▊      | 19/50 [00:09<00:05,  6.04it/s]
 40%|████      | 20/50 [00:09<00:04,  6.07it/s]
 42%|████▏     | 21/50 [00:10<00:04,  6.10it/s]
 44%|████▍     | 22/50 [00:10<00:04,  6.12it/s]
 46%|████▌     | 23/50 [00:10<00:04,  6.14it/s]
 48%|████▊     | 24/50 [00:10<00:04,  6.14it/s]
 50%|█████     | 25/50 [00:10<00:04,  6.15it/s]
 52%|█████▏    | 26/50 [00:10<00:03,  6.15it/s]
 54%|█████▍    | 27/50 [00:11<00:03,  6.15it/s]
 56%|█████▌    | 28/50 [00:11<00:03,  6.15it/s]
 58%|█████▊    | 29/50 [00:11<00:03,  6.16it/s]
 60%|██████    | 30/50 [00:11<00:03,  6.15it/s]
 62%|██████▏   | 31/50 [00:11<00:03,  6.16it/s]
 64%|██████▍   | 32/50 [00:11<00:02,  6.16it/s]
 66%|██████▌   | 33/50 [00:11<00:02,  6.15it/s]
 68%|██████▊   | 34/50 [00:12<00:02,  6.16it/s]
 70%|███████   | 35/50 [00:12<00:02,  6.16it/s]
 72%|███████▏  | 36/50 [00:12<00:02,  6.16it/s]
 74%|███████▍  | 37/50 [00:12<00:02,  6.16it/s]
 76%|███████▌  | 38/50 [00:12<00:01,  6.16it/s]
 78%|███████▊  | 39/50 [00:12<00:01,  6.17it/s]
 80%|████████  | 40/50 [00:13<00:01,  6.16it/s]
 82%|████████▏ | 41/50 [00:13<00:01,  6.16it/s]
 84%|████████▍ | 42/50 [00:13<00:01,  6.16it/s]
 86%|████████▌ | 43/50 [00:13<00:01,  6.15it/s]
 88%|████████▊ | 44/50 [00:13<00:00,  6.16it/s]
 90%|█████████ | 45/50 [00:13<00:00,  6.16it/s]
 92%|█████████▏| 46/50 [00:14<00:00,  6.15it/s]
 94%|█████████▍| 47/50 [00:14<00:00,  6.16it/s]
 96%|█████████▌| 48/50 [00:14<00:00,  6.15it/s]
 98%|█████████▊| 49/50 [00:14<00:00,  6.15it/s]
100%|██████████| 50/50 [00:20<00:00,  2.00s/it]
100%|██████████| 50/50 [00:20<00:00,  2.39it/s]
[I 2023-12-11 20:59:35,935] Trial 129 finished with value: 0.25019056491911573 and parameters: {'EMBEDDING_DIM': 256, 'HIDDEN_DIM': 326, 'NUM_LAYERS': 1, 'DROPOUT': 0.06599323125535436, 'LR': 0.007778167362876492, 'WEIGHT_0': 0.9462895210929245, 'WEIGHT_1': 0.07325455628533822, 'WEIGHT_2': 0.43187761430506644, 'WEIGHT_3': 0.13881913025113468, 'WEIGHT_4': 0.7750060265236146, 'WEIGHT_5': 0.33320673668275214, 'WEIGHT_6': 0.1882002386396263, 'WEIGHT_7': 0.8053194140457153, 'WEIGHT_8': 0.36996319038491954}. Best is trial 42 with value: 0.44962374581939796.
{'EMBEDDING_DIM': 256, 'HIDDEN_DIM': 326, 'NUM_LAYERS': 1, 'DROPOUT': 0.06599323125535436, 'LR': 0.007778167362876492, 'WEIGHT_0': 0.9462895210929245, 'WEIGHT_1': 0.07325455628533822, 'WEIGHT_2': 0.43187761430506644, 'WEIGHT_3': 0.13881913025113468, 'WEIGHT_4': 0.7750060265236146, 'WEIGHT_5': 0.33320673668275214, 'WEIGHT_6': 0.1882002386396263, 'WEIGHT_7': 0.8053194140457153, 'WEIGHT_8': 0.36996319038491954}
0
              precision    recall  f1-score   support

         LOC       0.00      0.00      0.00      1837
        MISC       0.00      0.00      0.00       922
         ORG       0.00      0.00      0.00      1341
         PER       0.00      0.00      0.00      1842

   micro avg       0.00      0.00      0.00      5942
   macro avg       0.00      0.00      0.00      5942
weighted avg       0.00      0.00      0.00      5942

{'EMBEDDING_DIM': 256, 'HIDDEN_DIM': 326, 'NUM_LAYERS': 1, 'DROPOUT': 0.06599323125535436, 'LR': 0.007778167362876492, 'WEIGHT_0': 0.9462895210929245, 'WEIGHT_1': 0.07325455628533822, 'WEIGHT_2': 0.43187761430506644, 'WEIGHT_3': 0.13881913025113468, 'WEIGHT_4': 0.7750060265236146, 'WEIGHT_5': 0.33320673668275214, 'WEIGHT_6': 0.1882002386396263, 'WEIGHT_7': 0.8053194140457153, 'WEIGHT_8': 0.36996319038491954}
49
              precision    recall  f1-score   support

         LOC       0.44      0.49      0.46      1837
        MISC       0.14      0.23      0.18       922
         ORG       0.00      0.00      0.00      1341
         PER       0.15      0.20      0.17      1842

   micro avg       0.25      0.25      0.25      5942
   macro avg       0.18      0.23      0.20      5942
weighted avg       0.21      0.25      0.22      5942

epoch 49
Transformer

  0%|          | 0/50 [00:00<?, ?it/s]
  2%|▏         | 1/50 [00:05<04:48,  5.90s/it]
  6%|▌         | 3/50 [00:06<01:15,  1.60s/it]
 10%|█         | 5/50 [00:06<00:37,  1.21it/s]
 14%|█▍        | 7/50 [00:06<00:22,  1.94it/s]
 18%|█▊        | 9/50 [00:06<00:14,  2.81it/s]
 22%|██▏       | 11/50 [00:06<00:10,  3.79it/s]
 26%|██▌       | 13/50 [00:07<00:07,  4.82it/s]
 30%|███       | 15/50 [00:07<00:05,  5.91it/s]
 34%|███▍      | 17/50 [00:07<00:04,  6.96it/s]
 38%|███▊      | 19/50 [00:07<00:03,  7.90it/s]
 42%|████▏     | 21/50 [00:07<00:03,  8.71it/s]
 46%|████▌     | 23/50 [00:07<00:02,  9.37it/s]
 50%|█████     | 25/50 [00:08<00:02,  9.88it/s]
 54%|█████▍    | 27/50 [00:08<00:02, 10.29it/s]
 58%|█████▊    | 29/50 [00:08<00:01, 10.56it/s]
 62%|██████▏   | 31/50 [00:08<00:01, 10.76it/s]
 66%|██████▌   | 33/50 [00:08<00:01, 10.94it/s]
 70%|███████   | 35/50 [00:08<00:01, 11.04it/s]
 74%|███████▍  | 37/50 [00:09<00:01, 11.12it/s]
 78%|███████▊  | 39/50 [00:09<00:00, 11.17it/s]
 82%|████████▏ | 41/50 [00:09<00:00, 11.19it/s]
 86%|████████▌ | 43/50 [00:09<00:00, 11.25it/s]
 90%|█████████ | 45/50 [00:09<00:00, 11.27it/s]
 94%|█████████▍| 47/50 [00:10<00:00, 11.29it/s]
 98%|█████████▊| 49/50 [00:10<00:00, 11.31it/s]
100%|██████████| 50/50 [00:16<00:00,  3.10it/s]
[I 2023-12-11 20:59:57,702] Trial 130 finished with value: 0.40567461515242986 and parameters: {'EMBEDDING_DIM': 32, 'HIDDEN_DIM': 20, 'NUM_LAYERS': 1, 'DROPOUT': 0.039489823910378946, 'LR': 0.008131439619588066, 'WEIGHT_0': 0.9155352264838088, 'WEIGHT_1': 0.024279297589270138, 'WEIGHT_2': 0.4672261091847803, 'WEIGHT_3': 0.11402395903744, 'WEIGHT_4': 0.8266525763512464, 'WEIGHT_5': 0.36701716613273977, 'WEIGHT_6': 0.1677850772535618, 'WEIGHT_7': 0.7893158959203731, 'WEIGHT_8': 0.3190562381970906}. Best is trial 42 with value: 0.44962374581939796.
{'EMBEDDING_DIM': 32, 'HIDDEN_DIM': 20, 'NUM_LAYERS': 1, 'DROPOUT': 0.039489823910378946, 'LR': 0.008131439619588066, 'WEIGHT_0': 0.9155352264838088, 'WEIGHT_1': 0.024279297589270138, 'WEIGHT_2': 0.4672261091847803, 'WEIGHT_3': 0.11402395903744, 'WEIGHT_4': 0.8266525763512464, 'WEIGHT_5': 0.36701716613273977, 'WEIGHT_6': 0.1677850772535618, 'WEIGHT_7': 0.7893158959203731, 'WEIGHT_8': 0.3190562381970906}
0
              precision    recall  f1-score   support

         LOC       0.00      0.00      0.00      1837
        MISC       0.00      0.00      0.00       922
         ORG       0.00      0.00      0.00      1341
         PER       0.00      0.00      0.00      1842

   micro avg       0.00      0.00      0.00      5942
   macro avg       0.00      0.00      0.00      5942
weighted avg       0.00      0.00      0.00      5942

{'EMBEDDING_DIM': 32, 'HIDDEN_DIM': 20, 'NUM_LAYERS': 1, 'DROPOUT': 0.039489823910378946, 'LR': 0.008131439619588066, 'WEIGHT_0': 0.9155352264838088, 'WEIGHT_1': 0.024279297589270138, 'WEIGHT_2': 0.4672261091847803, 'WEIGHT_3': 0.11402395903744, 'WEIGHT_4': 0.8266525763512464, 'WEIGHT_5': 0.36701716613273977, 'WEIGHT_6': 0.1677850772535618, 'WEIGHT_7': 0.7893158959203731, 'WEIGHT_8': 0.3190562381970906}
49
              precision    recall  f1-score   support

         LOC       0.73      0.55      0.63      1837
        MISC       0.48      0.49      0.48       922
         ORG       0.34      0.16      0.22      1341
         PER       0.33      0.19      0.24      1842

   micro avg       0.50      0.34      0.41      5942
   macro avg       0.47      0.35      0.39      5942
weighted avg       0.48      0.34      0.39      5942

epoch 49
Transformer

  0%|          | 0/50 [00:00<?, ?it/s]
  2%|▏         | 1/50 [00:05<04:52,  5.96s/it]
  6%|▌         | 3/50 [00:06<01:15,  1.61s/it]
 10%|█         | 5/50 [00:06<00:37,  1.20it/s]
 14%|█▍        | 7/50 [00:06<00:22,  1.92it/s]
 18%|█▊        | 9/50 [00:06<00:14,  2.78it/s]
 22%|██▏       | 11/50 [00:06<00:10,  3.77it/s]
 26%|██▌       | 13/50 [00:07<00:07,  4.83it/s]
 30%|███       | 15/50 [00:07<00:05,  5.91it/s]
 34%|███▍      | 17/50 [00:07<00:04,  6.96it/s]
 38%|███▊      | 19/50 [00:07<00:03,  7.89it/s]
 42%|████▏     | 21/50 [00:07<00:03,  8.68it/s]
 46%|████▌     | 23/50 [00:07<00:02,  9.32it/s]
 50%|█████     | 25/50 [00:08<00:02,  9.82it/s]
 54%|█████▍    | 27/50 [00:08<00:02, 10.20it/s]
 58%|█████▊    | 29/50 [00:08<00:02, 10.48it/s]
 62%|██████▏   | 31/50 [00:08<00:01, 10.70it/s]
 66%|██████▌   | 33/50 [00:08<00:01, 10.84it/s]
 70%|███████   | 35/50 [00:09<00:01, 10.96it/s]
 74%|███████▍  | 37/50 [00:09<00:01, 11.02it/s]
 78%|███████▊  | 39/50 [00:09<00:00, 11.08it/s]
 82%|████████▏ | 41/50 [00:09<00:00, 11.13it/s]
 86%|████████▌ | 43/50 [00:09<00:00, 11.10it/s]
 90%|█████████ | 45/50 [00:09<00:00, 11.13it/s]
 94%|█████████▍| 47/50 [00:10<00:00, 11.18it/s]
 98%|█████████▊| 49/50 [00:10<00:00, 11.20it/s]
100%|██████████| 50/50 [00:16<00:00,  3.08it/s]
[I 2023-12-11 21:00:19,566] Trial 131 finished with value: 0.4352310231023102 and parameters: {'EMBEDDING_DIM': 32, 'HIDDEN_DIM': 173, 'NUM_LAYERS': 1, 'DROPOUT': 0.10610042991254966, 'LR': 0.007530346840053091, 'WEIGHT_0': 0.9680551187903152, 'WEIGHT_1': 0.052121345247364365, 'WEIGHT_2': 0.39297610866331645, 'WEIGHT_3': 0.10243691030681107, 'WEIGHT_4': 0.8046956456669416, 'WEIGHT_5': 0.3242107172474354, 'WEIGHT_6': 0.13190494122150137, 'WEIGHT_7': 0.7612857201972698, 'WEIGHT_8': 0.3958196890692491}. Best is trial 42 with value: 0.44962374581939796.
{'EMBEDDING_DIM': 32, 'HIDDEN_DIM': 173, 'NUM_LAYERS': 1, 'DROPOUT': 0.10610042991254966, 'LR': 0.007530346840053091, 'WEIGHT_0': 0.9680551187903152, 'WEIGHT_1': 0.052121345247364365, 'WEIGHT_2': 0.39297610866331645, 'WEIGHT_3': 0.10243691030681107, 'WEIGHT_4': 0.8046956456669416, 'WEIGHT_5': 0.3242107172474354, 'WEIGHT_6': 0.13190494122150137, 'WEIGHT_7': 0.7612857201972698, 'WEIGHT_8': 0.3958196890692491}
0
              precision    recall  f1-score   support

         LOC       0.00      0.00      0.00      1837
        MISC       0.00      0.00      0.00       922
         ORG       0.00      0.00      0.00      1341
         PER       0.00      0.00      0.00      1842

   micro avg       0.00      0.00      0.00      5942
   macro avg       0.00      0.00      0.00      5942
weighted avg       0.00      0.00      0.00      5942

{'EMBEDDING_DIM': 32, 'HIDDEN_DIM': 173, 'NUM_LAYERS': 1, 'DROPOUT': 0.10610042991254966, 'LR': 0.007530346840053091, 'WEIGHT_0': 0.9680551187903152, 'WEIGHT_1': 0.052121345247364365, 'WEIGHT_2': 0.39297610866331645, 'WEIGHT_3': 0.10243691030681107, 'WEIGHT_4': 0.8046956456669416, 'WEIGHT_5': 0.3242107172474354, 'WEIGHT_6': 0.13190494122150137, 'WEIGHT_7': 0.7612857201972698, 'WEIGHT_8': 0.3958196890692491}
49
              precision    recall  f1-score   support

         LOC       0.78      0.58      0.66      1837
        MISC       0.62      0.48      0.54       922
         ORG       0.40      0.20      0.27      1341
         PER       0.34      0.18      0.24      1842

   micro avg       0.56      0.36      0.44      5942
   macro avg       0.53      0.36      0.43      5942
weighted avg       0.53      0.36      0.42      5942

epoch 49
Transformer

  0%|          | 0/50 [00:00<?, ?it/s]
  2%|▏         | 1/50 [00:05<04:51,  5.95s/it]
  6%|▌         | 3/50 [00:06<01:15,  1.61s/it]
 10%|█         | 5/50 [00:06<00:37,  1.20it/s]
 14%|█▍        | 7/50 [00:06<00:22,  1.93it/s]
 18%|█▊        | 9/50 [00:06<00:14,  2.75it/s]
 22%|██▏       | 11/50 [00:06<00:10,  3.72it/s]
 26%|██▌       | 13/50 [00:07<00:07,  4.76it/s]
 30%|███       | 15/50 [00:07<00:05,  5.84it/s]
 34%|███▍      | 17/50 [00:07<00:04,  6.89it/s]
 38%|███▊      | 19/50 [00:07<00:03,  7.84it/s]
 42%|████▏     | 21/50 [00:07<00:03,  8.65it/s]
 46%|████▌     | 23/50 [00:07<00:02,  9.32it/s]
 50%|█████     | 25/50 [00:08<00:02,  9.83it/s]
 54%|█████▍    | 27/50 [00:08<00:02, 10.23it/s]
 58%|█████▊    | 29/50 [00:08<00:01, 10.55it/s]
 62%|██████▏   | 31/50 [00:08<00:01, 10.76it/s]
 66%|██████▌   | 33/50 [00:08<00:01, 10.90it/s]
 70%|███████   | 35/50 [00:09<00:01, 11.01it/s]
 74%|███████▍  | 37/50 [00:09<00:01, 11.07it/s]
 78%|███████▊  | 39/50 [00:09<00:00, 11.14it/s]
 82%|████████▏ | 41/50 [00:09<00:00, 11.20it/s]
 86%|████████▌ | 43/50 [00:09<00:00, 11.18it/s]
 90%|█████████ | 45/50 [00:09<00:00, 11.20it/s]
 94%|█████████▍| 47/50 [00:10<00:00, 11.24it/s]
 98%|█████████▊| 49/50 [00:10<00:00, 11.23it/s]
100%|██████████| 50/50 [00:16<00:00,  3.08it/s]
[I 2023-12-11 21:00:41,484] Trial 132 finished with value: 0.444630521247645 and parameters: {'EMBEDDING_DIM': 32, 'HIDDEN_DIM': 304, 'NUM_LAYERS': 1, 'DROPOUT': 0.10123045586187507, 'LR': 0.007309444720550249, 'WEIGHT_0': 0.9285850585810282, 'WEIGHT_1': 0.14266011782484356, 'WEIGHT_2': 0.4167204946897755, 'WEIGHT_3': 0.1715671985311412, 'WEIGHT_4': 0.8539294276097975, 'WEIGHT_5': 0.28390748356308, 'WEIGHT_6': 0.2056448250587231, 'WEIGHT_7': 0.8113570369148247, 'WEIGHT_8': 0.3388350786080096}. Best is trial 42 with value: 0.44962374581939796.
{'EMBEDDING_DIM': 32, 'HIDDEN_DIM': 304, 'NUM_LAYERS': 1, 'DROPOUT': 0.10123045586187507, 'LR': 0.007309444720550249, 'WEIGHT_0': 0.9285850585810282, 'WEIGHT_1': 0.14266011782484356, 'WEIGHT_2': 0.4167204946897755, 'WEIGHT_3': 0.1715671985311412, 'WEIGHT_4': 0.8539294276097975, 'WEIGHT_5': 0.28390748356308, 'WEIGHT_6': 0.2056448250587231, 'WEIGHT_7': 0.8113570369148247, 'WEIGHT_8': 0.3388350786080096}
0
              precision    recall  f1-score   support

         LOC       0.00      0.00      0.00      1837
        MISC       0.00      0.00      0.00       922
         ORG       0.00      0.00      0.00      1341
         PER       0.00      0.00      0.00      1842

   micro avg       0.00      0.00      0.00      5942
   macro avg       0.00      0.00      0.00      5942
weighted avg       0.00      0.00      0.00      5942

{'EMBEDDING_DIM': 32, 'HIDDEN_DIM': 304, 'NUM_LAYERS': 1, 'DROPOUT': 0.10123045586187507, 'LR': 0.007309444720550249, 'WEIGHT_0': 0.9285850585810282, 'WEIGHT_1': 0.14266011782484356, 'WEIGHT_2': 0.4167204946897755, 'WEIGHT_3': 0.1715671985311412, 'WEIGHT_4': 0.8539294276097975, 'WEIGHT_5': 0.28390748356308, 'WEIGHT_6': 0.2056448250587231, 'WEIGHT_7': 0.8113570369148247, 'WEIGHT_8': 0.3388350786080096}
49
              precision    recall  f1-score   support

         LOC       0.78      0.57      0.66      1837
        MISC       0.63      0.48      0.54       922
         ORG       0.43      0.22      0.29      1341
         PER       0.38      0.18      0.24      1842

   micro avg       0.59      0.36      0.44      5942
   macro avg       0.56      0.36      0.44      5942
weighted avg       0.55      0.36      0.43      5942

epoch 49
Transformer

  0%|          | 0/50 [00:00<?, ?it/s]
  2%|▏         | 1/50 [00:06<04:56,  6.06s/it]
  6%|▌         | 3/50 [00:06<01:17,  1.64s/it]
 10%|█         | 5/50 [00:06<00:38,  1.18it/s]
 14%|█▍        | 7/50 [00:06<00:22,  1.90it/s]
 18%|█▊        | 9/50 [00:06<00:14,  2.75it/s]
 22%|██▏       | 11/50 [00:06<00:10,  3.73it/s]
 26%|██▌       | 13/50 [00:07<00:07,  4.80it/s]
 30%|███       | 15/50 [00:07<00:05,  5.84it/s]
 34%|███▍      | 17/50 [00:07<00:04,  6.88it/s]
 38%|███▊      | 19/50 [00:07<00:03,  7.81it/s]
 42%|████▏     | 21/50 [00:07<00:03,  8.60it/s]
 46%|████▌     | 23/50 [00:08<00:02,  9.26it/s]
 50%|█████     | 25/50 [00:08<00:02,  9.76it/s]
 54%|█████▍    | 27/50 [00:08<00:02, 10.14it/s]
 58%|█████▊    | 29/50 [00:08<00:02, 10.42it/s]
 62%|██████▏   | 31/50 [00:08<00:01, 10.63it/s]
 66%|██████▌   | 33/50 [00:08<00:01, 10.77it/s]
 70%|███████   | 35/50 [00:09<00:01, 10.90it/s]
 74%|███████▍  | 37/50 [00:09<00:01, 10.99it/s]
 78%|███████▊  | 39/50 [00:09<00:00, 11.02it/s]
 82%|████████▏ | 41/50 [00:09<00:00, 11.08it/s]
 86%|████████▌ | 43/50 [00:09<00:00, 11.12it/s]
 90%|█████████ | 45/50 [00:10<00:00, 11.10it/s]
 94%|█████████▍| 47/50 [00:10<00:00, 11.15it/s]
 98%|█████████▊| 49/50 [00:10<00:00, 11.16it/s]
100%|██████████| 50/50 [00:16<00:00,  3.06it/s]
