[I 2023-12-11 22:39:32,482] Trial 320 finished with value: 0.43730761337984814 and parameters: {'EMBEDDING_DIM': 32, 'HIDDEN_DIM': 527, 'NUM_LAYERS': 1, 'DROPOUT': 0.2688747938392333, 'LR': 0.004013504115277159, 'WEIGHT_0': 0.8174504089363895, 'WEIGHT_1': 0.2615034229325369, 'WEIGHT_2': 0.10597548141056673, 'WEIGHT_3': 0.022738741171392074, 'WEIGHT_4': 0.5895730968180819, 'WEIGHT_5': 0.07482100665769154, 'WEIGHT_6': 0.5806966952141888, 'WEIGHT_7': 0.1749621808946138, 'WEIGHT_8': 0.525097487719545}. Best is trial 282 with value: 0.45463128081401455.
{'EMBEDDING_DIM': 32, 'HIDDEN_DIM': 527, 'NUM_LAYERS': 1, 'DROPOUT': 0.2688747938392333, 'LR': 0.004013504115277159, 'WEIGHT_0': 0.8174504089363895, 'WEIGHT_1': 0.2615034229325369, 'WEIGHT_2': 0.10597548141056673, 'WEIGHT_3': 0.022738741171392074, 'WEIGHT_4': 0.5895730968180819, 'WEIGHT_5': 0.07482100665769154, 'WEIGHT_6': 0.5806966952141888, 'WEIGHT_7': 0.1749621808946138, 'WEIGHT_8': 0.525097487719545}
0
              precision    recall  f1-score   support

         LOC       0.00      0.00      0.00      1837
        MISC       0.00      0.00      0.00       922
         ORG       0.00      0.00      0.00      1341
         PER       0.00      0.00      0.00      1842

   micro avg       0.00      0.00      0.00      5942
   macro avg       0.00      0.00      0.00      5942
weighted avg       0.00      0.00      0.00      5942

{'EMBEDDING_DIM': 32, 'HIDDEN_DIM': 527, 'NUM_LAYERS': 1, 'DROPOUT': 0.2688747938392333, 'LR': 0.004013504115277159, 'WEIGHT_0': 0.8174504089363895, 'WEIGHT_1': 0.2615034229325369, 'WEIGHT_2': 0.10597548141056673, 'WEIGHT_3': 0.022738741171392074, 'WEIGHT_4': 0.5895730968180819, 'WEIGHT_5': 0.07482100665769154, 'WEIGHT_6': 0.5806966952141888, 'WEIGHT_7': 0.1749621808946138, 'WEIGHT_8': 0.525097487719545}
49
              precision    recall  f1-score   support

         LOC       0.80      0.55      0.65      1837
        MISC       0.66      0.46      0.54       922
         ORG       0.35      0.24      0.29      1341
         PER       0.38      0.20      0.26      1842

   micro avg       0.56      0.36      0.44      5942
   macro avg       0.55      0.36      0.44      5942
weighted avg       0.55      0.36      0.43      5942

epoch 49
Transformer

  0%|          | 0/50 [00:00<?, ?it/s]
  2%|▏         | 1/50 [00:05<04:53,  5.98s/it]
  4%|▍         | 2/50 [00:06<02:04,  2.59s/it]
  6%|▌         | 3/50 [00:06<01:10,  1.50s/it]
  8%|▊         | 4/50 [00:06<00:45,  1.01it/s]
 10%|█         | 5/50 [00:06<00:31,  1.43it/s]
 12%|█▏        | 6/50 [00:06<00:23,  1.89it/s]
 14%|█▍        | 7/50 [00:07<00:17,  2.39it/s]
 16%|█▌        | 8/50 [00:07<00:14,  2.88it/s]
 18%|█▊        | 9/50 [00:07<00:12,  3.34it/s]
 20%|██        | 10/50 [00:07<00:10,  3.75it/s]
 22%|██▏       | 11/50 [00:07<00:09,  4.10it/s]
 24%|██▍       | 12/50 [00:08<00:08,  4.37it/s]
 26%|██▌       | 13/50 [00:08<00:08,  4.58it/s]
 28%|██▊       | 14/50 [00:08<00:07,  4.74it/s]
 30%|███       | 15/50 [00:08<00:07,  4.87it/s]
 32%|███▏      | 16/50 [00:08<00:06,  4.95it/s]
 34%|███▍      | 17/50 [00:09<00:06,  5.01it/s]
 36%|███▌      | 18/50 [00:09<00:06,  5.06it/s]
 38%|███▊      | 19/50 [00:09<00:06,  5.09it/s]
 40%|████      | 20/50 [00:09<00:05,  5.11it/s]
 42%|████▏     | 21/50 [00:09<00:05,  5.13it/s]
 44%|████▍     | 22/50 [00:10<00:05,  5.12it/s]
 46%|████▌     | 23/50 [00:10<00:05,  5.09it/s]
 48%|████▊     | 24/50 [00:10<00:05,  5.02it/s]
 50%|█████     | 25/50 [00:10<00:05,  4.93it/s]
 52%|█████▏    | 26/50 [00:10<00:04,  4.82it/s]
 54%|█████▍    | 27/50 [00:11<00:04,  4.74it/s]
 56%|█████▌    | 28/50 [00:11<00:04,  4.79it/s]
 58%|█████▊    | 29/50 [00:11<00:04,  4.88it/s]
 60%|██████    | 30/50 [00:11<00:04,  4.95it/s]
 62%|██████▏   | 31/50 [00:11<00:03,  5.00it/s]
 64%|██████▍   | 32/50 [00:12<00:03,  5.04it/s]
 66%|██████▌   | 33/50 [00:12<00:03,  5.07it/s]
 68%|██████▊   | 34/50 [00:12<00:03,  5.10it/s]
 70%|███████   | 35/50 [00:12<00:02,  5.12it/s]
 72%|███████▏  | 36/50 [00:12<00:02,  5.13it/s]
 74%|███████▍  | 37/50 [00:13<00:02,  5.14it/s]
 76%|███████▌  | 38/50 [00:13<00:02,  5.15it/s]
 78%|███████▊  | 39/50 [00:13<00:02,  5.15it/s]
 80%|████████  | 40/50 [00:13<00:01,  5.16it/s]
 82%|████████▏ | 41/50 [00:13<00:01,  5.16it/s]
 84%|████████▍ | 42/50 [00:14<00:01,  5.16it/s]
 86%|████████▌ | 43/50 [00:14<00:01,  5.16it/s]
 88%|████████▊ | 44/50 [00:14<00:01,  5.16it/s]
 90%|█████████ | 45/50 [00:14<00:00,  5.16it/s]
 92%|█████████▏| 46/50 [00:14<00:00,  5.16it/s]
 94%|█████████▍| 47/50 [00:15<00:00,  5.16it/s]
 96%|█████████▌| 48/50 [00:15<00:00,  5.16it/s]
 98%|█████████▊| 49/50 [00:15<00:00,  5.16it/s]
100%|██████████| 50/50 [00:21<00:00,  1.92s/it]
100%|██████████| 50/50 [00:21<00:00,  2.34it/s]
[I 2023-12-11 22:39:59,440] Trial 321 finished with value: 0.29346383543463833 and parameters: {'EMBEDDING_DIM': 256, 'HIDDEN_DIM': 833, 'NUM_LAYERS': 1, 'DROPOUT': 0.234500844668337, 'LR': 0.006176317988375148, 'WEIGHT_0': 0.9357623796520181, 'WEIGHT_1': 0.21003134764978013, 'WEIGHT_2': 0.2203013402120848, 'WEIGHT_3': 0.05426148783621945, 'WEIGHT_4': 0.6176268690682949, 'WEIGHT_5': 0.4094300430107485, 'WEIGHT_6': 0.09209566378055287, 'WEIGHT_7': 0.6297429213425311, 'WEIGHT_8': 0.7464429607408964}. Best is trial 282 with value: 0.45463128081401455.
{'EMBEDDING_DIM': 256, 'HIDDEN_DIM': 833, 'NUM_LAYERS': 1, 'DROPOUT': 0.234500844668337, 'LR': 0.006176317988375148, 'WEIGHT_0': 0.9357623796520181, 'WEIGHT_1': 0.21003134764978013, 'WEIGHT_2': 0.2203013402120848, 'WEIGHT_3': 0.05426148783621945, 'WEIGHT_4': 0.6176268690682949, 'WEIGHT_5': 0.4094300430107485, 'WEIGHT_6': 0.09209566378055287, 'WEIGHT_7': 0.6297429213425311, 'WEIGHT_8': 0.7464429607408964}
0
              precision    recall  f1-score   support

         LOC       0.00      0.00      0.00      1837
        MISC       0.00      0.00      0.00       922
         ORG       0.00      0.00      0.00      1341
         PER       0.00      0.00      0.00      1842

   micro avg       0.00      0.00      0.00      5942
   macro avg       0.00      0.00      0.00      5942
weighted avg       0.00      0.00      0.00      5942

{'EMBEDDING_DIM': 256, 'HIDDEN_DIM': 833, 'NUM_LAYERS': 1, 'DROPOUT': 0.234500844668337, 'LR': 0.006176317988375148, 'WEIGHT_0': 0.9357623796520181, 'WEIGHT_1': 0.21003134764978013, 'WEIGHT_2': 0.2203013402120848, 'WEIGHT_3': 0.05426148783621945, 'WEIGHT_4': 0.6176268690682949, 'WEIGHT_5': 0.4094300430107485, 'WEIGHT_6': 0.09209566378055287, 'WEIGHT_7': 0.6297429213425311, 'WEIGHT_8': 0.7464429607408964}
49
              precision    recall  f1-score   support

         LOC       0.66      0.53      0.59      1837
        MISC       0.17      0.24      0.19       922
         ORG       0.16      0.14      0.15      1341
         PER       0.18      0.21      0.19      1842

   micro avg       0.29      0.30      0.29      5942
   macro avg       0.29      0.28      0.28      5942
weighted avg       0.32      0.30      0.31      5942

epoch 49
Transformer

  0%|          | 0/50 [00:00<?, ?it/s]
  2%|▏         | 1/50 [00:09<08:03,  9.87s/it]
  4%|▍         | 2/50 [00:10<03:24,  4.25s/it]
  6%|▌         | 3/50 [00:10<01:52,  2.39s/it]
  8%|▊         | 4/50 [00:10<01:09,  1.52s/it]
 10%|█         | 5/50 [00:10<00:46,  1.04s/it]
 12%|█▏        | 6/50 [00:10<00:32,  1.35it/s]
 14%|█▍        | 7/50 [00:11<00:23,  1.83it/s]
 16%|█▌        | 8/50 [00:11<00:18,  2.32it/s]
 18%|█▊        | 9/50 [00:11<00:15,  2.66it/s]
 20%|██        | 10/50 [00:11<00:14,  2.85it/s]
 22%|██▏       | 11/50 [00:12<00:13,  2.93it/s]
 24%|██▍       | 12/50 [00:12<00:12,  2.95it/s]
 26%|██▌       | 13/50 [00:12<00:12,  2.94it/s]
 28%|██▊       | 14/50 [00:13<00:12,  2.88it/s]
 30%|███       | 15/50 [00:13<00:12,  2.81it/s]
 32%|███▏      | 16/50 [00:13<00:12,  2.74it/s]
 34%|███▍      | 17/50 [00:14<00:12,  2.75it/s]
 36%|███▌      | 18/50 [00:14<00:11,  2.73it/s]
 38%|███▊      | 19/50 [00:15<00:11,  2.73it/s]
 40%|████      | 20/50 [00:15<00:11,  2.71it/s]
 42%|████▏     | 21/50 [00:15<00:10,  2.72it/s]
 44%|████▍     | 22/50 [00:15<00:08,  3.15it/s]
 46%|████▌     | 23/50 [00:16<00:07,  3.63it/s]
 48%|████▊     | 24/50 [00:16<00:07,  3.71it/s]
 50%|█████     | 25/50 [00:16<00:06,  3.58it/s]
 52%|█████▏    | 26/50 [00:17<00:07,  3.39it/s]
 54%|█████▍    | 27/50 [00:17<00:07,  3.22it/s]
 56%|█████▌    | 28/50 [00:17<00:07,  3.07it/s]
 58%|█████▊    | 29/50 [00:18<00:07,  2.97it/s]
 60%|██████    | 30/50 [00:18<00:06,  2.90it/s]
 62%|██████▏   | 31/50 [00:18<00:06,  2.86it/s]
 64%|██████▍   | 32/50 [00:19<00:06,  2.82it/s]
 66%|██████▌   | 33/50 [00:19<00:06,  2.79it/s]
 68%|██████▊   | 34/50 [00:19<00:05,  2.78it/s]
 70%|███████   | 35/50 [00:20<00:05,  2.78it/s]
 72%|███████▏  | 36/50 [00:20<00:05,  2.77it/s]
 74%|███████▍  | 37/50 [00:20<00:04,  2.77it/s]
 76%|███████▌  | 38/50 [00:21<00:04,  2.76it/s]
 78%|███████▊  | 39/50 [00:21<00:04,  2.75it/s]
 80%|████████  | 40/50 [00:22<00:03,  2.85it/s]
 82%|████████▏ | 41/50 [00:22<00:03,  2.88it/s]
 84%|████████▍ | 42/50 [00:22<00:02,  2.84it/s]
 86%|████████▌ | 43/50 [00:23<00:02,  2.82it/s]
 88%|████████▊ | 44/50 [00:23<00:02,  2.80it/s]
 90%|█████████ | 45/50 [00:23<00:01,  2.78it/s]
 92%|█████████▏| 46/50 [00:24<00:01,  2.78it/s]
 94%|█████████▍| 47/50 [00:24<00:01,  2.76it/s]
 96%|█████████▌| 48/50 [00:24<00:00,  2.75it/s]
 98%|█████████▊| 49/50 [00:25<00:00,  2.75it/s]
100%|██████████| 50/50 [00:33<00:00,  2.65s/it]
100%|██████████| 50/50 [00:33<00:00,  1.50it/s]
[I 2023-12-11 22:40:39,979] Trial 322 finished with value: 0.4387861151527749 and parameters: {'EMBEDDING_DIM': 32, 'HIDDEN_DIM': 606, 'NUM_LAYERS': 2, 'DROPOUT': 0.24931690001079146, 'LR': 0.004713304129567619, 'WEIGHT_0': 0.9611716698908489, 'WEIGHT_1': 0.5948889636718653, 'WEIGHT_2': 0.6409009204895224, 'WEIGHT_3': 0.2923103338642804, 'WEIGHT_4': 0.538442385223034, 'WEIGHT_5': 0.46478296247566886, 'WEIGHT_6': 0.12180683555471858, 'WEIGHT_7': 0.7229839867009951, 'WEIGHT_8': 0.8375039816176898}. Best is trial 282 with value: 0.45463128081401455.
{'EMBEDDING_DIM': 32, 'HIDDEN_DIM': 606, 'NUM_LAYERS': 2, 'DROPOUT': 0.24931690001079146, 'LR': 0.004713304129567619, 'WEIGHT_0': 0.9611716698908489, 'WEIGHT_1': 0.5948889636718653, 'WEIGHT_2': 0.6409009204895224, 'WEIGHT_3': 0.2923103338642804, 'WEIGHT_4': 0.538442385223034, 'WEIGHT_5': 0.46478296247566886, 'WEIGHT_6': 0.12180683555471858, 'WEIGHT_7': 0.7229839867009951, 'WEIGHT_8': 0.8375039816176898}
0
              precision    recall  f1-score   support

         LOC       0.00      0.00      0.00      1837
        MISC       0.00      0.00      0.00       922
         ORG       0.00      0.00      0.00      1341
         PER       0.00      0.00      0.00      1842

   micro avg       0.00      0.00      0.00      5942
   macro avg       0.00      0.00      0.00      5942
weighted avg       0.00      0.00      0.00      5942

{'EMBEDDING_DIM': 32, 'HIDDEN_DIM': 606, 'NUM_LAYERS': 2, 'DROPOUT': 0.24931690001079146, 'LR': 0.004713304129567619, 'WEIGHT_0': 0.9611716698908489, 'WEIGHT_1': 0.5948889636718653, 'WEIGHT_2': 0.6409009204895224, 'WEIGHT_3': 0.2923103338642804, 'WEIGHT_4': 0.538442385223034, 'WEIGHT_5': 0.46478296247566886, 'WEIGHT_6': 0.12180683555471858, 'WEIGHT_7': 0.7229839867009951, 'WEIGHT_8': 0.8375039816176898}
49
              precision    recall  f1-score   support

         LOC       0.78      0.58      0.66      1837
        MISC       0.62      0.48      0.54       922
         ORG       0.40      0.22      0.28      1341
         PER       0.36      0.17      0.23      1842

   micro avg       0.57      0.36      0.44      5942
   macro avg       0.54      0.36      0.43      5942
weighted avg       0.54      0.36      0.42      5942

epoch 49
Transformer

  0%|          | 0/50 [00:00<?, ?it/s]
  2%|▏         | 1/50 [00:05<04:45,  5.83s/it]
  6%|▌         | 3/50 [00:06<01:14,  1.58s/it]
 10%|█         | 5/50 [00:06<00:36,  1.23it/s]
 14%|█▍        | 7/50 [00:06<00:22,  1.95it/s]
 18%|█▊        | 9/50 [00:06<00:14,  2.83it/s]
 22%|██▏       | 11/50 [00:06<00:10,  3.82it/s]
 26%|██▌       | 13/50 [00:06<00:07,  4.88it/s]
 30%|███       | 15/50 [00:07<00:05,  5.93it/s]
 34%|███▍      | 17/50 [00:07<00:04,  6.93it/s]
 38%|███▊      | 19/50 [00:07<00:03,  7.85it/s]
 42%|████▏     | 21/50 [00:07<00:03,  8.63it/s]
 46%|████▌     | 23/50 [00:07<00:02,  9.24it/s]
 50%|█████     | 25/50 [00:08<00:02,  9.70it/s]
 54%|█████▍    | 27/50 [00:08<00:02, 10.08it/s]
 58%|█████▊    | 29/50 [00:08<00:02, 10.37it/s]
 62%|██████▏   | 31/50 [00:08<00:01, 10.55it/s]
 66%|██████▌   | 33/50 [00:08<00:01, 10.63it/s]
 70%|███████   | 35/50 [00:08<00:01, 10.74it/s]
 74%|███████▍  | 37/50 [00:09<00:01, 10.83it/s]
 78%|███████▊  | 39/50 [00:09<00:01, 10.86it/s]
 82%|████████▏ | 41/50 [00:09<00:00, 10.93it/s]
 86%|████████▌ | 43/50 [00:09<00:00, 10.97it/s]
 90%|█████████ | 45/50 [00:09<00:00, 10.96it/s]
 94%|█████████▍| 47/50 [00:10<00:00, 10.98it/s]
 98%|█████████▊| 49/50 [00:10<00:00, 10.99it/s]
100%|██████████| 50/50 [00:16<00:00,  3.10it/s]
[I 2023-12-11 22:41:01,608] Trial 323 finished with value: 0.4480505795574289 and parameters: {'EMBEDDING_DIM': 32, 'HIDDEN_DIM': 734, 'NUM_LAYERS': 1, 'DROPOUT': 0.1920893394128989, 'LR': 0.006764986673114102, 'WEIGHT_0': 0.9968541981558242, 'WEIGHT_1': 0.08384587716403746, 'WEIGHT_2': 0.1833167671201699, 'WEIGHT_3': 0.09422171517183023, 'WEIGHT_4': 0.5794076881986594, 'WEIGHT_5': 0.4418406537428314, 'WEIGHT_6': 0.0002914790865757369, 'WEIGHT_7': 0.5978303736131335, 'WEIGHT_8': 0.9219637731085429}. Best is trial 282 with value: 0.45463128081401455.
{'EMBEDDING_DIM': 32, 'HIDDEN_DIM': 734, 'NUM_LAYERS': 1, 'DROPOUT': 0.1920893394128989, 'LR': 0.006764986673114102, 'WEIGHT_0': 0.9968541981558242, 'WEIGHT_1': 0.08384587716403746, 'WEIGHT_2': 0.1833167671201699, 'WEIGHT_3': 0.09422171517183023, 'WEIGHT_4': 0.5794076881986594, 'WEIGHT_5': 0.4418406537428314, 'WEIGHT_6': 0.0002914790865757369, 'WEIGHT_7': 0.5978303736131335, 'WEIGHT_8': 0.9219637731085429}
0
              precision    recall  f1-score   support

         LOC       0.00      0.00      0.00      1837
        MISC       0.00      0.00      0.00       922
         ORG       0.00      0.00      0.00      1341
         PER       0.00      0.00      0.00      1842

   micro avg       0.00      0.00      0.00      5942
   macro avg       0.00      0.00      0.00      5942
weighted avg       0.00      0.00      0.00      5942

{'EMBEDDING_DIM': 32, 'HIDDEN_DIM': 734, 'NUM_LAYERS': 1, 'DROPOUT': 0.1920893394128989, 'LR': 0.006764986673114102, 'WEIGHT_0': 0.9968541981558242, 'WEIGHT_1': 0.08384587716403746, 'WEIGHT_2': 0.1833167671201699, 'WEIGHT_3': 0.09422171517183023, 'WEIGHT_4': 0.5794076881986594, 'WEIGHT_5': 0.4418406537428314, 'WEIGHT_6': 0.0002914790865757369, 'WEIGHT_7': 0.5978303736131335, 'WEIGHT_8': 0.9219637731085429}
49
              precision    recall  f1-score   support

         LOC       0.76      0.60      0.67      1837
        MISC       0.65      0.48      0.55       922
         ORG       0.48      0.19      0.27      1341
         PER       0.37      0.18      0.24      1842

   micro avg       0.60      0.36      0.45      5942
   macro avg       0.57      0.36      0.43      5942
weighted avg       0.56      0.36      0.43      5942

epoch 49
Transformer

  0%|          | 0/50 [00:00<?, ?it/s]
  2%|▏         | 1/50 [00:06<04:55,  6.02s/it]
  6%|▌         | 3/50 [00:06<01:16,  1.63s/it]
 10%|█         | 5/50 [00:06<00:37,  1.19it/s]
 12%|█▏        | 6/50 [00:06<00:28,  1.54it/s]
 14%|█▍        | 7/50 [00:06<00:21,  1.96it/s]
 16%|█▌        | 8/50 [00:06<00:16,  2.48it/s]
 18%|█▊        | 9/50 [00:06<00:13,  3.07it/s]
 20%|██        | 10/50 [00:07<00:10,  3.67it/s]
 22%|██▏       | 11/50 [00:07<00:09,  4.30it/s]
 24%|██▍       | 12/50 [00:07<00:07,  5.09it/s]
 26%|██▌       | 13/50 [00:07<00:06,  5.87it/s]
 28%|██▊       | 14/50 [00:07<00:05,  6.58it/s]
 30%|███       | 15/50 [00:07<00:04,  7.19it/s]
 32%|███▏      | 16/50 [00:07<00:04,  7.67it/s]
 34%|███▍      | 17/50 [00:07<00:04,  8.07it/s]
 36%|███▌      | 18/50 [00:07<00:03,  8.38it/s]
 38%|███▊      | 19/50 [00:08<00:03,  8.61it/s]
 40%|████      | 20/50 [00:08<00:03,  8.76it/s]
 42%|████▏     | 21/50 [00:08<00:03,  8.88it/s]
 44%|████▍     | 22/50 [00:08<00:03,  8.97it/s]
 46%|████▌     | 23/50 [00:08<00:02,  9.03it/s]
 48%|████▊     | 24/50 [00:08<00:02,  9.08it/s]
 50%|█████     | 25/50 [00:08<00:02,  9.08it/s]
 52%|█████▏    | 26/50 [00:08<00:02,  9.12it/s]
 54%|█████▍    | 27/50 [00:08<00:02,  9.15it/s]
 56%|█████▌    | 28/50 [00:09<00:02,  9.15it/s]
 58%|█████▊    | 29/50 [00:09<00:02,  9.15it/s]
 60%|██████    | 30/50 [00:09<00:02,  9.16it/s]
 62%|██████▏   | 31/50 [00:09<00:02,  9.17it/s]
 64%|██████▍   | 32/50 [00:09<00:01,  9.17it/s]
 66%|██████▌   | 33/50 [00:09<00:01,  9.18it/s]
 68%|██████▊   | 34/50 [00:09<00:01,  9.17it/s]
 70%|███████   | 35/50 [00:09<00:01,  9.14it/s]
 72%|███████▏  | 36/50 [00:09<00:01,  9.16it/s]
 74%|███████▍  | 37/50 [00:10<00:01,  9.14it/s]
 76%|███████▌  | 38/50 [00:10<00:01,  9.15it/s]
 78%|███████▊  | 39/50 [00:10<00:01,  9.16it/s]
 80%|████████  | 40/50 [00:10<00:01,  9.17it/s]
 82%|████████▏ | 41/50 [00:10<00:00,  9.18it/s]
 84%|████████▍ | 42/50 [00:10<00:00,  9.18it/s]
 86%|████████▌ | 43/50 [00:10<00:00,  9.18it/s]
 88%|████████▊ | 44/50 [00:10<00:00,  9.16it/s]
 90%|█████████ | 45/50 [00:10<00:00,  9.18it/s]
 92%|█████████▏| 46/50 [00:11<00:00,  9.17it/s]
 94%|█████████▍| 47/50 [00:11<00:00,  9.17it/s]
 96%|█████████▌| 48/50 [00:11<00:00,  9.17it/s]
 98%|█████████▊| 49/50 [00:11<00:00,  9.17it/s]
100%|██████████| 50/50 [00:18<00:00,  2.28s/it]
100%|██████████| 50/50 [00:18<00:00,  2.67it/s]
