[I 2023-12-11 20:42:10,535] Trial 94 finished with value: 0.40182467274890915 and parameters: {'EMBEDDING_DIM': 16, 'HIDDEN_DIM': 1253, 'NUM_LAYERS': 1, 'DROPOUT': 0.08225875127564666, 'LR': 0.007834509301080457, 'WEIGHT_0': 0.6204605893929708, 'WEIGHT_1': 0.1803030684984401, 'WEIGHT_2': 0.25590850469266524, 'WEIGHT_3': 0.015263868030973085, 'WEIGHT_4': 0.7751918193616525, 'WEIGHT_5': 0.23240565137933716, 'WEIGHT_6': 0.19301606316463693, 'WEIGHT_7': 0.9624330205756002, 'WEIGHT_8': 0.38040107200310186}. Best is trial 42 with value: 0.44962374581939796.
{'EMBEDDING_DIM': 16, 'HIDDEN_DIM': 1253, 'NUM_LAYERS': 1, 'DROPOUT': 0.08225875127564666, 'LR': 0.007834509301080457, 'WEIGHT_0': 0.6204605893929708, 'WEIGHT_1': 0.1803030684984401, 'WEIGHT_2': 0.25590850469266524, 'WEIGHT_3': 0.015263868030973085, 'WEIGHT_4': 0.7751918193616525, 'WEIGHT_5': 0.23240565137933716, 'WEIGHT_6': 0.19301606316463693, 'WEIGHT_7': 0.9624330205756002, 'WEIGHT_8': 0.38040107200310186}
0
              precision    recall  f1-score   support

         LOC       0.00      0.00      0.00      1837
        MISC       0.00      0.00      0.00       922
         ORG       0.00      0.00      0.00      1341
         PER       0.00      0.00      0.00      1842

   micro avg       0.00      0.00      0.00      5942
   macro avg       0.00      0.00      0.00      5942
weighted avg       0.00      0.00      0.00      5942

{'EMBEDDING_DIM': 16, 'HIDDEN_DIM': 1253, 'NUM_LAYERS': 1, 'DROPOUT': 0.08225875127564666, 'LR': 0.007834509301080457, 'WEIGHT_0': 0.6204605893929708, 'WEIGHT_1': 0.1803030684984401, 'WEIGHT_2': 0.25590850469266524, 'WEIGHT_3': 0.015263868030973085, 'WEIGHT_4': 0.7751918193616525, 'WEIGHT_5': 0.23240565137933716, 'WEIGHT_6': 0.19301606316463693, 'WEIGHT_7': 0.9624330205756002, 'WEIGHT_8': 0.38040107200310186}
49
              precision    recall  f1-score   support

         LOC       0.56      0.57      0.56      1837
        MISC       0.64      0.50      0.56       922
         ORG       0.37      0.24      0.29      1341
         PER       0.30      0.11      0.16      1842

   micro avg       0.49      0.34      0.40      5942
   macro avg       0.47      0.35      0.39      5942
weighted avg       0.45      0.34      0.38      5942

epoch 49
Transformer

  0%|          | 0/50 [00:00<?, ?it/s]
  2%|▏         | 1/50 [00:08<07:17,  8.92s/it]
  4%|▍         | 2/50 [00:11<04:02,  5.06s/it]
  6%|▌         | 3/50 [00:13<03:01,  3.86s/it]
  8%|▊         | 4/50 [00:16<02:31,  3.30s/it]
 10%|█         | 5/50 [00:18<02:14,  2.99s/it]
 12%|█▏        | 6/50 [00:21<02:03,  2.80s/it]
 14%|█▍        | 7/50 [00:23<01:55,  2.69s/it]
 16%|█▌        | 8/50 [00:25<01:49,  2.61s/it]
 18%|█▊        | 9/50 [00:28<01:45,  2.56s/it]
 20%|██        | 10/50 [00:30<01:41,  2.53s/it]
 22%|██▏       | 11/50 [00:33<01:37,  2.51s/it]
 24%|██▍       | 12/50 [00:35<01:35,  2.50s/it]
 26%|██▌       | 13/50 [00:38<01:32,  2.49s/it]
 28%|██▊       | 14/50 [00:40<01:29,  2.49s/it]
 30%|███       | 15/50 [00:43<01:26,  2.49s/it]
 32%|███▏      | 16/50 [00:45<01:24,  2.49s/it]
 34%|███▍      | 17/50 [00:48<01:22,  2.49s/it]
 36%|███▌      | 18/50 [00:50<01:20,  2.50s/it]
 38%|███▊      | 19/50 [00:53<01:17,  2.52s/it]
 40%|████      | 20/50 [00:55<01:15,  2.53s/it]
 42%|████▏     | 21/50 [00:58<01:13,  2.54s/it]
 44%|████▍     | 22/50 [01:00<01:11,  2.54s/it]
 46%|████▌     | 23/50 [01:03<01:08,  2.54s/it]
 48%|████▊     | 24/50 [01:06<01:05,  2.53s/it]
 50%|█████     | 25/50 [01:08<01:03,  2.53s/it]
 52%|█████▏    | 26/50 [01:11<01:00,  2.53s/it]
 54%|█████▍    | 27/50 [01:13<00:58,  2.53s/it]
 56%|█████▌    | 28/50 [01:16<00:55,  2.53s/it]
 58%|█████▊    | 29/50 [01:18<00:53,  2.53s/it]
 60%|██████    | 30/50 [01:21<00:50,  2.54s/it]
 62%|██████▏   | 31/50 [01:23<00:48,  2.54s/it]
 64%|██████▍   | 32/50 [01:26<00:45,  2.51s/it]
 66%|██████▌   | 33/50 [01:28<00:42,  2.49s/it]
 68%|██████▊   | 34/50 [01:31<00:39,  2.47s/it]
 70%|███████   | 35/50 [01:33<00:36,  2.45s/it]
 72%|███████▏  | 36/50 [01:35<00:34,  2.44s/it]
 74%|███████▍  | 37/50 [01:38<00:31,  2.42s/it]
 76%|███████▌  | 38/50 [01:40<00:28,  2.41s/it]
 78%|███████▊  | 39/50 [01:43<00:26,  2.41s/it]
 80%|████████  | 40/50 [01:45<00:24,  2.42s/it]
 82%|████████▏ | 41/50 [01:47<00:21,  2.41s/it]
 84%|████████▍ | 42/50 [01:50<00:19,  2.41s/it]
 86%|████████▌ | 43/50 [01:52<00:16,  2.42s/it]
 88%|████████▊ | 44/50 [01:55<00:14,  2.41s/it]
 90%|█████████ | 45/50 [01:57<00:12,  2.41s/it]
 92%|█████████▏| 46/50 [01:59<00:09,  2.41s/it]
 94%|█████████▍| 47/50 [02:02<00:07,  2.41s/it]
 96%|█████████▌| 48/50 [02:04<00:04,  2.40s/it]
 98%|█████████▊| 49/50 [02:07<00:02,  2.41s/it]
100%|██████████| 50/50 [02:15<00:00,  4.26s/it]
100%|██████████| 50/50 [02:15<00:00,  2.71s/it]
[I 2023-12-11 20:44:33,109] Trial 95 finished with value: 0.0 and parameters: {'EMBEDDING_DIM': 2048, 'HIDDEN_DIM': 815, 'NUM_LAYERS': 1, 'DROPOUT': 0.10540661764188687, 'LR': 0.00999583380079398, 'WEIGHT_0': 0.644939033267967, 'WEIGHT_1': 0.21963488625813707, 'WEIGHT_2': 0.31582135399773925, 'WEIGHT_3': 0.0381112003062407, 'WEIGHT_4': 0.7978675136533617, 'WEIGHT_5': 0.19364841873846875, 'WEIGHT_6': 0.0651662420165033, 'WEIGHT_7': 0.8753353736927295, 'WEIGHT_8': 0.4593448693275667}. Best is trial 42 with value: 0.44962374581939796.
{'EMBEDDING_DIM': 2048, 'HIDDEN_DIM': 815, 'NUM_LAYERS': 1, 'DROPOUT': 0.10540661764188687, 'LR': 0.00999583380079398, 'WEIGHT_0': 0.644939033267967, 'WEIGHT_1': 0.21963488625813707, 'WEIGHT_2': 0.31582135399773925, 'WEIGHT_3': 0.0381112003062407, 'WEIGHT_4': 0.7978675136533617, 'WEIGHT_5': 0.19364841873846875, 'WEIGHT_6': 0.0651662420165033, 'WEIGHT_7': 0.8753353736927295, 'WEIGHT_8': 0.4593448693275667}
0
              precision    recall  f1-score   support

         LOC       0.00      0.00      0.00      1837
        MISC       0.01      0.04      0.02       922
         ORG       0.00      0.00      0.00      1341
         PER       0.00      0.00      0.00      1842

   micro avg       0.01      0.01      0.01      5942
   macro avg       0.00      0.01      0.00      5942
weighted avg       0.00      0.01      0.00      5942

{'EMBEDDING_DIM': 2048, 'HIDDEN_DIM': 815, 'NUM_LAYERS': 1, 'DROPOUT': 0.10540661764188687, 'LR': 0.00999583380079398, 'WEIGHT_0': 0.644939033267967, 'WEIGHT_1': 0.21963488625813707, 'WEIGHT_2': 0.31582135399773925, 'WEIGHT_3': 0.0381112003062407, 'WEIGHT_4': 0.7978675136533617, 'WEIGHT_5': 0.19364841873846875, 'WEIGHT_6': 0.0651662420165033, 'WEIGHT_7': 0.8753353736927295, 'WEIGHT_8': 0.4593448693275667}
49
              precision    recall  f1-score   support

         LOC       0.00      0.00      0.00      1837
        MISC       0.00      0.00      0.00       922
         ORG       0.00      0.00      0.00      1341
         PER       0.00      0.00      0.00      1842

   micro avg       0.00      0.00      0.00      5942
   macro avg       0.00      0.00      0.00      5942
weighted avg       0.00      0.00      0.00      5942

epoch 49
Transformer

  0%|          | 0/50 [00:00<?, ?it/s]
  2%|▏         | 1/50 [00:06<05:05,  6.23s/it]
  4%|▍         | 2/50 [00:06<02:06,  2.63s/it]
  6%|▌         | 3/50 [00:06<01:09,  1.48s/it]
  8%|▊         | 4/50 [00:06<00:42,  1.07it/s]
 10%|█         | 5/50 [00:06<00:28,  1.58it/s]
 14%|█▍        | 7/50 [00:06<00:15,  2.74it/s]
 16%|█▌        | 8/50 [00:06<00:12,  3.37it/s]
 18%|█▊        | 9/50 [00:07<00:10,  4.01it/s]
 20%|██        | 10/50 [00:07<00:08,  4.79it/s]
 22%|██▏       | 11/50 [00:07<00:07,  5.56it/s]
 24%|██▍       | 12/50 [00:07<00:06,  6.29it/s]
 26%|██▌       | 13/50 [00:07<00:05,  6.93it/s]
 28%|██▊       | 14/50 [00:07<00:04,  7.52it/s]
 32%|███▏      | 16/50 [00:07<00:03,  8.75it/s]
 36%|███▌      | 18/50 [00:07<00:03,  9.54it/s]
 40%|████      | 20/50 [00:08<00:02, 10.06it/s]
 44%|████▍     | 22/50 [00:08<00:02, 10.40it/s]
 48%|████▊     | 24/50 [00:08<00:02, 10.61it/s]
 52%|█████▏    | 26/50 [00:08<00:02, 10.77it/s]
 56%|█████▌    | 28/50 [00:08<00:02, 10.87it/s]
 60%|██████    | 30/50 [00:09<00:01, 10.53it/s]
 64%|██████▍   | 32/50 [00:09<00:01,  9.67it/s]
 68%|██████▊   | 34/50 [00:09<00:01, 10.03it/s]
 72%|███████▏  | 36/50 [00:09<00:01, 10.30it/s]
 76%|███████▌  | 38/50 [00:09<00:01, 10.51it/s]
 80%|████████  | 40/50 [00:10<00:00, 10.68it/s]
 84%|████████▍ | 42/50 [00:10<00:00, 10.76it/s]
 88%|████████▊ | 44/50 [00:10<00:00, 10.76it/s]
 92%|█████████▏| 46/50 [00:10<00:00, 10.83it/s]
 96%|█████████▌| 48/50 [00:10<00:00, 10.88it/s]
100%|██████████| 50/50 [00:17<00:00,  1.00s/it]
100%|██████████| 50/50 [00:17<00:00,  2.93it/s]
[I 2023-12-11 20:44:56,185] Trial 96 finished with value: 0.43436078827690755 and parameters: {'EMBEDDING_DIM': 32, 'HIDDEN_DIM': 1099, 'NUM_LAYERS': 1, 'DROPOUT': 0.06184757157667649, 'LR': 0.009479464582796604, 'WEIGHT_0': 0.6758198277368133, 'WEIGHT_1': 0.10713407061253923, 'WEIGHT_2': 0.37032271718754417, 'WEIGHT_3': 0.06305536618105219, 'WEIGHT_4': 0.8224117970965917, 'WEIGHT_5': 0.2654753924801352, 'WEIGHT_6': 0.24036865671138113, 'WEIGHT_7': 0.9419942450001942, 'WEIGHT_8': 0.5030734630588776}. Best is trial 42 with value: 0.44962374581939796.
{'EMBEDDING_DIM': 32, 'HIDDEN_DIM': 1099, 'NUM_LAYERS': 1, 'DROPOUT': 0.06184757157667649, 'LR': 0.009479464582796604, 'WEIGHT_0': 0.6758198277368133, 'WEIGHT_1': 0.10713407061253923, 'WEIGHT_2': 0.37032271718754417, 'WEIGHT_3': 0.06305536618105219, 'WEIGHT_4': 0.8224117970965917, 'WEIGHT_5': 0.2654753924801352, 'WEIGHT_6': 0.24036865671138113, 'WEIGHT_7': 0.9419942450001942, 'WEIGHT_8': 0.5030734630588776}
0
              precision    recall  f1-score   support

         LOC       0.00      0.00      0.00      1837
        MISC       0.00      0.00      0.00       922
         ORG       0.00      0.00      0.00      1341
         PER       0.00      0.00      0.00      1842

   micro avg       0.00      0.00      0.00      5942
   macro avg       0.00      0.00      0.00      5942
weighted avg       0.00      0.00      0.00      5942

{'EMBEDDING_DIM': 32, 'HIDDEN_DIM': 1099, 'NUM_LAYERS': 1, 'DROPOUT': 0.06184757157667649, 'LR': 0.009479464582796604, 'WEIGHT_0': 0.6758198277368133, 'WEIGHT_1': 0.10713407061253923, 'WEIGHT_2': 0.37032271718754417, 'WEIGHT_3': 0.06305536618105219, 'WEIGHT_4': 0.8224117970965917, 'WEIGHT_5': 0.2654753924801352, 'WEIGHT_6': 0.24036865671138113, 'WEIGHT_7': 0.9419942450001942, 'WEIGHT_8': 0.5030734630588776}
49
              precision    recall  f1-score   support

         LOC       0.76      0.59      0.66      1837
        MISC       0.59      0.49      0.54       922
         ORG       0.40      0.21      0.27      1341
         PER       0.32      0.18      0.23      1842

   micro avg       0.54      0.36      0.43      5942
   macro avg       0.52      0.37      0.43      5942
weighted avg       0.51      0.36      0.42      5942

epoch 49
Transformer

  0%|          | 0/50 [00:00<?, ?it/s]
  2%|▏         | 1/50 [00:06<05:17,  6.47s/it]
  4%|▍         | 2/50 [00:06<02:11,  2.74s/it]
  6%|▌         | 3/50 [00:06<01:12,  1.55s/it]
  8%|▊         | 4/50 [00:06<00:45,  1.02it/s]
 10%|█         | 5/50 [00:06<00:30,  1.48it/s]
 12%|█▏        | 6/50 [00:07<00:21,  2.07it/s]
 14%|█▍        | 7/50 [00:07<00:15,  2.75it/s]
 16%|█▌        | 8/50 [00:07<00:11,  3.52it/s]
 18%|█▊        | 9/50 [00:07<00:09,  4.33it/s]
 20%|██        | 10/50 [00:07<00:07,  5.14it/s]
 22%|██▏       | 11/50 [00:07<00:06,  5.89it/s]
 24%|██▍       | 12/50 [00:07<00:05,  6.54it/s]
 26%|██▌       | 13/50 [00:07<00:05,  7.10it/s]
 28%|██▊       | 14/50 [00:08<00:04,  7.55it/s]
 30%|███       | 15/50 [00:08<00:04,  7.88it/s]
 32%|███▏      | 16/50 [00:08<00:04,  8.14it/s]
 34%|███▍      | 17/50 [00:08<00:03,  8.33it/s]
 36%|███▌      | 18/50 [00:08<00:03,  8.48it/s]
 38%|███▊      | 19/50 [00:08<00:03,  8.56it/s]
 40%|████      | 20/50 [00:08<00:03,  8.62it/s]
 42%|████▏     | 21/50 [00:08<00:03,  8.66it/s]
 44%|████▍     | 22/50 [00:08<00:03,  8.71it/s]
 46%|████▌     | 23/50 [00:09<00:03,  8.73it/s]
 48%|████▊     | 24/50 [00:09<00:02,  8.75it/s]
 50%|█████     | 25/50 [00:09<00:02,  8.71it/s]
 52%|█████▏    | 26/50 [00:09<00:02,  8.75it/s]
 54%|█████▍    | 27/50 [00:09<00:02,  8.78it/s]
 56%|█████▌    | 28/50 [00:09<00:02,  8.79it/s]
 58%|█████▊    | 29/50 [00:09<00:02,  8.81it/s]
 60%|██████    | 30/50 [00:09<00:02,  8.82it/s]
 62%|██████▏   | 31/50 [00:09<00:02,  8.76it/s]
 64%|██████▍   | 32/50 [00:10<00:02,  8.74it/s]
 66%|██████▌   | 33/50 [00:10<00:01,  8.76it/s]
 68%|██████▊   | 34/50 [00:10<00:01,  8.76it/s]
 70%|███████   | 35/50 [00:10<00:01,  8.80it/s]
 72%|███████▏  | 36/50 [00:10<00:01,  8.81it/s]
 74%|███████▍  | 37/50 [00:10<00:01,  8.81it/s]
 76%|███████▌  | 38/50 [00:10<00:01,  8.82it/s]
 78%|███████▊  | 39/50 [00:10<00:01,  8.81it/s]
 80%|████████  | 40/50 [00:10<00:01,  8.80it/s]
 82%|████████▏ | 41/50 [00:11<00:01,  8.81it/s]
 84%|████████▍ | 42/50 [00:11<00:00,  8.81it/s]
 86%|████████▌ | 43/50 [00:11<00:00,  8.82it/s]
 88%|████████▊ | 44/50 [00:11<00:00,  8.82it/s]
 90%|█████████ | 45/50 [00:11<00:00,  8.82it/s]
 92%|█████████▏| 46/50 [00:11<00:00,  8.82it/s]
 94%|█████████▍| 47/50 [00:11<00:00,  8.80it/s]
 96%|█████████▌| 48/50 [00:11<00:00,  8.76it/s]
 98%|█████████▊| 49/50 [00:11<00:00,  8.57it/s]
100%|██████████| 50/50 [00:18<00:00,  1.90s/it]
100%|██████████| 50/50 [00:18<00:00,  2.77it/s]
[I 2023-12-11 20:45:20,061] Trial 97 finished with value: 0.40440674661206977 and parameters: {'EMBEDDING_DIM': 128, 'HIDDEN_DIM': 641, 'NUM_LAYERS': 1, 'DROPOUT': 0.16910713668901733, 'LR': 0.008505843771646636, 'WEIGHT_0': 0.7084829361634444, 'WEIGHT_1': 0.14973839623029844, 'WEIGHT_2': 0.215785233298644, 'WEIGHT_3': 0.09318891938275203, 'WEIGHT_4': 0.8856509218362554, 'WEIGHT_5': 0.33021621640061444, 'WEIGHT_6': 0.09828646694361665, 'WEIGHT_7': 0.9783134760449409, 'WEIGHT_8': 0.5588730648771204}. Best is trial 42 with value: 0.44962374581939796.
{'EMBEDDING_DIM': 128, 'HIDDEN_DIM': 641, 'NUM_LAYERS': 1, 'DROPOUT': 0.16910713668901733, 'LR': 0.008505843771646636, 'WEIGHT_0': 0.7084829361634444, 'WEIGHT_1': 0.14973839623029844, 'WEIGHT_2': 0.215785233298644, 'WEIGHT_3': 0.09318891938275203, 'WEIGHT_4': 0.8856509218362554, 'WEIGHT_5': 0.33021621640061444, 'WEIGHT_6': 0.09828646694361665, 'WEIGHT_7': 0.9783134760449409, 'WEIGHT_8': 0.5588730648771204}
0
              precision    recall  f1-score   support

         LOC       0.00      0.00      0.00      1837
        MISC       0.00      0.00      0.00       922
         ORG       0.00      0.00      0.00      1341
         PER       0.00      0.00      0.00      1842

   micro avg       0.00      0.00      0.00      5942
   macro avg       0.00      0.00      0.00      5942
weighted avg       0.00      0.00      0.00      5942

{'EMBEDDING_DIM': 128, 'HIDDEN_DIM': 641, 'NUM_LAYERS': 1, 'DROPOUT': 0.16910713668901733, 'LR': 0.008505843771646636, 'WEIGHT_0': 0.7084829361634444, 'WEIGHT_1': 0.14973839623029844, 'WEIGHT_2': 0.215785233298644, 'WEIGHT_3': 0.09318891938275203, 'WEIGHT_4': 0.8856509218362554, 'WEIGHT_5': 0.33021621640061444, 'WEIGHT_6': 0.09828646694361665, 'WEIGHT_7': 0.9783134760449409, 'WEIGHT_8': 0.5588730648771204}
49
              precision    recall  f1-score   support

         LOC       0.70      0.57      0.63      1837
        MISC       0.49      0.48      0.48       922
         ORG       0.39      0.17      0.24      1341
         PER       0.27      0.19      0.23      1842

   micro avg       0.48      0.35      0.40      5942
   macro avg       0.46      0.35      0.39      5942
weighted avg       0.46      0.35      0.39      5942

epoch 49
Transformer

  0%|          | 0/50 [00:00<?, ?it/s]
  2%|▏         | 1/50 [00:06<04:57,  6.07s/it]
  4%|▍         | 2/50 [00:06<02:02,  2.56s/it]
  6%|▌         | 3/50 [00:06<01:07,  1.44s/it]
  8%|▊         | 4/50 [00:06<00:41,  1.10it/s]
 10%|█         | 5/50 [00:06<00:27,  1.62it/s]
 12%|█▏        | 6/50 [00:06<00:19,  2.26it/s]
 14%|█▍        | 7/50 [00:06<00:14,  3.02it/s]
 16%|█▌        | 8/50 [00:06<00:10,  3.87it/s]
 20%|██        | 10/50 [00:06<00:07,  5.58it/s]
 24%|██▍       | 12/50 [00:07<00:05,  6.98it/s]
 28%|██▊       | 14/50 [00:07<00:04,  8.04it/s]
 32%|███▏      | 16/50 [00:07<00:03,  8.85it/s]
 36%|███▌      | 18/50 [00:07<00:03,  9.47it/s]
 40%|████      | 20/50 [00:07<00:03,  9.93it/s]
 44%|████▍     | 22/50 [00:08<00:02, 10.27it/s]
 48%|████▊     | 24/50 [00:08<00:02, 10.46it/s]
 52%|█████▏    | 26/50 [00:08<00:02, 10.56it/s]
 56%|█████▌    | 28/50 [00:08<00:02, 10.72it/s]
 60%|██████    | 30/50 [00:08<00:01, 10.80it/s]
 64%|██████▍   | 32/50 [00:08<00:01, 10.84it/s]
 68%|██████▊   | 34/50 [00:09<00:01, 10.91it/s]
 72%|███████▏  | 36/50 [00:09<00:01, 10.96it/s]
 76%|███████▌  | 38/50 [00:09<00:01, 11.01it/s]
 80%|████████  | 40/50 [00:09<00:00, 10.93it/s]
 84%|████████▍ | 42/50 [00:09<00:00, 10.92it/s]
 88%|████████▊ | 44/50 [00:10<00:00, 10.97it/s]
 92%|█████████▏| 46/50 [00:10<00:00, 10.99it/s]
 96%|█████████▌| 48/50 [00:10<00:00, 11.01it/s]
100%|██████████| 50/50 [00:16<00:00,  1.02it/s]
100%|██████████| 50/50 [00:16<00:00,  3.02it/s]
[I 2023-12-11 20:45:42,501] Trial 98 finished with value: 0.4306833453943968 and parameters: {'EMBEDDING_DIM': 32, 'HIDDEN_DIM': 208, 'NUM_LAYERS': 1, 'DROPOUT': 0.1453456723557462, 'LR': 0.006975624355627022, 'WEIGHT_0': 0.7851699033158526, 'WEIGHT_1': 0.314968048983521, 'WEIGHT_2': 0.2631409840808389, 'WEIGHT_3': 0.028393709557753055, 'WEIGHT_4': 0.7621725300555418, 'WEIGHT_5': 0.1768888687231205, 'WEIGHT_6': 0.1741247207131218, 'WEIGHT_7': 0.9030343441041611, 'WEIGHT_8': 0.44098209879168326}. Best is trial 42 with value: 0.44962374581939796.
{'EMBEDDING_DIM': 32, 'HIDDEN_DIM': 208, 'NUM_LAYERS': 1, 'DROPOUT': 0.1453456723557462, 'LR': 0.006975624355627022, 'WEIGHT_0': 0.7851699033158526, 'WEIGHT_1': 0.314968048983521, 'WEIGHT_2': 0.2631409840808389, 'WEIGHT_3': 0.028393709557753055, 'WEIGHT_4': 0.7621725300555418, 'WEIGHT_5': 0.1768888687231205, 'WEIGHT_6': 0.1741247207131218, 'WEIGHT_7': 0.9030343441041611, 'WEIGHT_8': 0.44098209879168326}
0
              precision    recall  f1-score   support

         LOC       0.00      0.00      0.00      1837
        MISC       0.00      0.00      0.00       922
         ORG       0.00      0.00      0.00      1341
         PER       0.00      0.00      0.00      1842

   micro avg       0.00      0.00      0.00      5942
   macro avg       0.00      0.00      0.00      5942
weighted avg       0.00      0.00      0.00      5942

{'EMBEDDING_DIM': 32, 'HIDDEN_DIM': 208, 'NUM_LAYERS': 1, 'DROPOUT': 0.1453456723557462, 'LR': 0.006975624355627022, 'WEIGHT_0': 0.7851699033158526, 'WEIGHT_1': 0.314968048983521, 'WEIGHT_2': 0.2631409840808389, 'WEIGHT_3': 0.028393709557753055, 'WEIGHT_4': 0.7621725300555418, 'WEIGHT_5': 0.1768888687231205, 'WEIGHT_6': 0.1741247207131218, 'WEIGHT_7': 0.9030343441041611, 'WEIGHT_8': 0.44098209879168326}
49
              precision    recall  f1-score   support

         LOC       0.76      0.55      0.64      1837
        MISC       0.59      0.46      0.52       922
         ORG       0.37      0.23      0.28      1341
         PER       0.40      0.19      0.25      1842

   micro avg       0.56      0.35      0.43      5942
   macro avg       0.53      0.36      0.42      5942
weighted avg       0.53      0.35      0.42      5942

epoch 49
Transformer

  0%|          | 0/50 [00:00<?, ?it/s]
  2%|▏         | 1/50 [00:06<04:57,  6.08s/it]
  4%|▍         | 2/50 [00:06<02:02,  2.56s/it]
  6%|▌         | 3/50 [00:06<01:07,  1.44s/it]
  8%|▊         | 4/50 [00:06<00:41,  1.10it/s]
 12%|█▏        | 6/50 [00:06<00:20,  2.11it/s]
 16%|█▌        | 8/50 [00:06<00:12,  3.26it/s]
 20%|██        | 10/50 [00:06<00:09,  4.44it/s]
 24%|██▍       | 12/50 [00:07<00:06,  5.66it/s]
 28%|██▊       | 14/50 [00:07<00:05,  6.80it/s]
 32%|███▏      | 16/50 [00:07<00:04,  7.81it/s]
 36%|███▌      | 18/50 [00:07<00:03,  8.68it/s]
 40%|████      | 20/50 [00:07<00:03,  9.37it/s]
 44%|████▍     | 22/50 [00:07<00:02,  9.89it/s]
 48%|████▊     | 24/50 [00:08<00:02, 10.31it/s]
 52%|█████▏    | 26/50 [00:08<00:02, 10.55it/s]
 56%|█████▌    | 28/50 [00:08<00:02, 10.76it/s]
 60%|██████    | 30/50 [00:08<00:01, 10.98it/s]
 64%|██████▍   | 32/50 [00:08<00:01, 11.14it/s]
 68%|██████▊   | 34/50 [00:09<00:01, 11.17it/s]
 72%|███████▏  | 36/50 [00:09<00:01, 11.23it/s]
 76%|███████▌  | 38/50 [00:09<00:01, 11.24it/s]
 80%|████████  | 40/50 [00:09<00:00, 11.21it/s]
 84%|████████▍ | 42/50 [00:09<00:00, 11.22it/s]
 88%|████████▊ | 44/50 [00:09<00:00, 11.30it/s]
 92%|█████████▏| 46/50 [00:10<00:00, 11.24it/s]
 96%|█████████▌| 48/50 [00:10<00:00, 10.64it/s]
100%|██████████| 50/50 [00:16<00:00,  1.00it/s]
100%|██████████| 50/50 [00:16<00:00,  3.03it/s]
