[I 2023-12-11 22:45:13,696] Trial 329 finished with value: 0.42886345053147995 and parameters: {'EMBEDDING_DIM': 32, 'HIDDEN_DIM': 533, 'NUM_LAYERS': 1, 'DROPOUT': 0.208742941645117, 'LR': 0.006701370588472914, 'WEIGHT_0': 0.7226893035620237, 'WEIGHT_1': 0.12421211052786767, 'WEIGHT_2': 0.21878286561638446, 'WEIGHT_3': 0.25915503981702503, 'WEIGHT_4': 0.5528084165769438, 'WEIGHT_5': 0.9994248536061031, 'WEIGHT_6': 0.001401210012946727, 'WEIGHT_7': 0.6496638302227219, 'WEIGHT_8': 0.8665678235617682}. Best is trial 282 with value: 0.45463128081401455.
{'EMBEDDING_DIM': 32, 'HIDDEN_DIM': 533, 'NUM_LAYERS': 1, 'DROPOUT': 0.208742941645117, 'LR': 0.006701370588472914, 'WEIGHT_0': 0.7226893035620237, 'WEIGHT_1': 0.12421211052786767, 'WEIGHT_2': 0.21878286561638446, 'WEIGHT_3': 0.25915503981702503, 'WEIGHT_4': 0.5528084165769438, 'WEIGHT_5': 0.9994248536061031, 'WEIGHT_6': 0.001401210012946727, 'WEIGHT_7': 0.6496638302227219, 'WEIGHT_8': 0.8665678235617682}
0
              precision    recall  f1-score   support

         LOC       0.00      0.00      0.00      1837
        MISC       0.00      0.00      0.00       922
         ORG       0.00      0.00      0.00      1341
         PER       0.00      0.00      0.00      1842

   micro avg       0.00      0.00      0.00      5942
   macro avg       0.00      0.00      0.00      5942
weighted avg       0.00      0.00      0.00      5942

{'EMBEDDING_DIM': 32, 'HIDDEN_DIM': 533, 'NUM_LAYERS': 1, 'DROPOUT': 0.208742941645117, 'LR': 0.006701370588472914, 'WEIGHT_0': 0.7226893035620237, 'WEIGHT_1': 0.12421211052786767, 'WEIGHT_2': 0.21878286561638446, 'WEIGHT_3': 0.25915503981702503, 'WEIGHT_4': 0.5528084165769438, 'WEIGHT_5': 0.9994248536061031, 'WEIGHT_6': 0.001401210012946727, 'WEIGHT_7': 0.6496638302227219, 'WEIGHT_8': 0.8665678235617682}
49
              precision    recall  f1-score   support

         LOC       0.73      0.59      0.65      1837
        MISC       0.60      0.49      0.54       922
         ORG       0.49      0.19      0.27      1341
         PER       0.29      0.17      0.21      1842

   micro avg       0.55      0.35      0.43      5942
   macro avg       0.53      0.36      0.42      5942
weighted avg       0.52      0.35      0.41      5942

epoch 49
Transformer

  0%|          | 0/50 [00:00<?, ?it/s]
  2%|▏         | 1/50 [00:05<04:47,  5.87s/it]
  4%|▍         | 2/50 [00:05<01:59,  2.48s/it]
  6%|▌         | 3/50 [00:06<01:05,  1.40s/it]
  8%|▊         | 4/50 [00:06<00:41,  1.12it/s]
 10%|█         | 5/50 [00:06<00:27,  1.63it/s]
 14%|█▍        | 7/50 [00:06<00:15,  2.83it/s]
 18%|█▊        | 9/50 [00:06<00:10,  4.09it/s]
 22%|██▏       | 11/50 [00:06<00:07,  5.32it/s]
 26%|██▌       | 13/50 [00:07<00:05,  6.44it/s]
 30%|███       | 15/50 [00:07<00:04,  7.42it/s]
 34%|███▍      | 17/50 [00:07<00:04,  8.22it/s]
 38%|███▊      | 19/50 [00:07<00:03,  8.86it/s]
 42%|████▏     | 21/50 [00:07<00:03,  9.35it/s]
 46%|████▌     | 23/50 [00:08<00:02,  9.71it/s]
 50%|█████     | 25/50 [00:08<00:02,  9.98it/s]
 54%|█████▍    | 27/50 [00:08<00:02, 10.16it/s]
 58%|█████▊    | 29/50 [00:08<00:02, 10.30it/s]
 62%|██████▏   | 31/50 [00:08<00:01, 10.40it/s]
 66%|██████▌   | 33/50 [00:08<00:01, 10.46it/s]
 70%|███████   | 35/50 [00:09<00:01, 10.50it/s]
 74%|███████▍  | 37/50 [00:09<00:01, 10.53it/s]
 78%|███████▊  | 39/50 [00:09<00:01, 10.55it/s]
 82%|████████▏ | 41/50 [00:09<00:00, 10.57it/s]
 86%|████████▌ | 43/50 [00:09<00:00, 10.58it/s]
 90%|█████████ | 45/50 [00:10<00:00, 10.60it/s]
 94%|█████████▍| 47/50 [00:10<00:00, 10.61it/s]
 98%|█████████▊| 49/50 [00:10<00:00, 10.61it/s]
100%|██████████| 50/50 [00:16<00:00,  3.06it/s]
[I 2023-12-11 22:45:35,791] Trial 330 finished with value: 0.4347376048028155 and parameters: {'EMBEDDING_DIM': 64, 'HIDDEN_DIM': 840, 'NUM_LAYERS': 1, 'DROPOUT': 0.19958313144181722, 'LR': 0.007014681692779941, 'WEIGHT_0': 0.9655804952229524, 'WEIGHT_1': 0.6339993757939438, 'WEIGHT_2': 0.304234451378968, 'WEIGHT_3': 0.11887123179531406, 'WEIGHT_4': 0.5658835483477986, 'WEIGHT_5': 0.38819231076210603, 'WEIGHT_6': 0.03516992649837819, 'WEIGHT_7': 0.6312868445976719, 'WEIGHT_8': 0.7939489717824553}. Best is trial 282 with value: 0.45463128081401455.
{'EMBEDDING_DIM': 64, 'HIDDEN_DIM': 840, 'NUM_LAYERS': 1, 'DROPOUT': 0.19958313144181722, 'LR': 0.007014681692779941, 'WEIGHT_0': 0.9655804952229524, 'WEIGHT_1': 0.6339993757939438, 'WEIGHT_2': 0.304234451378968, 'WEIGHT_3': 0.11887123179531406, 'WEIGHT_4': 0.5658835483477986, 'WEIGHT_5': 0.38819231076210603, 'WEIGHT_6': 0.03516992649837819, 'WEIGHT_7': 0.6312868445976719, 'WEIGHT_8': 0.7939489717824553}
0
              precision    recall  f1-score   support

         LOC       0.00      0.00      0.00      1837
        MISC       0.00      0.00      0.00       922
         ORG       0.00      0.00      0.00      1341
         PER       0.00      0.00      0.00      1842

   micro avg       0.00      0.00      0.00      5942
   macro avg       0.00      0.00      0.00      5942
weighted avg       0.00      0.00      0.00      5942

{'EMBEDDING_DIM': 64, 'HIDDEN_DIM': 840, 'NUM_LAYERS': 1, 'DROPOUT': 0.19958313144181722, 'LR': 0.007014681692779941, 'WEIGHT_0': 0.9655804952229524, 'WEIGHT_1': 0.6339993757939438, 'WEIGHT_2': 0.304234451378968, 'WEIGHT_3': 0.11887123179531406, 'WEIGHT_4': 0.5658835483477986, 'WEIGHT_5': 0.38819231076210603, 'WEIGHT_6': 0.03516992649837819, 'WEIGHT_7': 0.6312868445976719, 'WEIGHT_8': 0.7939489717824553}
49
              precision    recall  f1-score   support

         LOC       0.75      0.58      0.66      1837
        MISC       0.63      0.46      0.53       922
         ORG       0.39      0.21      0.27      1341
         PER       0.36      0.18      0.24      1842

   micro avg       0.56      0.35      0.43      5942
   macro avg       0.53      0.36      0.42      5942
weighted avg       0.53      0.35      0.42      5942

epoch 49
Transformer

  0%|          | 0/50 [00:00<?, ?it/s]
  2%|▏         | 1/50 [00:05<04:48,  5.88s/it]
  6%|▌         | 3/50 [00:06<01:14,  1.59s/it]
 10%|█         | 5/50 [00:06<00:36,  1.22it/s]
 14%|█▍        | 7/50 [00:06<00:22,  1.95it/s]
 18%|█▊        | 9/50 [00:06<00:14,  2.81it/s]
 22%|██▏       | 11/50 [00:06<00:10,  3.80it/s]
 26%|██▌       | 13/50 [00:07<00:07,  4.80it/s]
 30%|███       | 15/50 [00:07<00:05,  5.86it/s]
 34%|███▍      | 17/50 [00:07<00:04,  6.86it/s]
 38%|███▊      | 19/50 [00:07<00:04,  7.74it/s]
 42%|████▏     | 21/50 [00:07<00:03,  8.50it/s]
 46%|████▌     | 23/50 [00:07<00:02,  9.12it/s]
 50%|█████     | 25/50 [00:08<00:02,  9.56it/s]
 54%|█████▍    | 27/50 [00:08<00:02,  9.95it/s]
 58%|█████▊    | 29/50 [00:08<00:02, 10.22it/s]
 62%|██████▏   | 31/50 [00:08<00:01, 10.45it/s]
 66%|██████▌   | 33/50 [00:08<00:01, 10.58it/s]
 70%|███████   | 35/50 [00:09<00:01, 10.66it/s]
 74%|███████▍  | 37/50 [00:09<00:01, 10.76it/s]
 78%|███████▊  | 39/50 [00:09<00:01, 10.80it/s]
 82%|████████▏ | 41/50 [00:09<00:00, 10.84it/s]
 86%|████████▌ | 43/50 [00:09<00:00, 10.84it/s]
 90%|█████████ | 45/50 [00:09<00:00, 10.85it/s]
 94%|█████████▍| 47/50 [00:10<00:00, 10.87it/s]
 98%|█████████▊| 49/50 [00:10<00:00, 10.93it/s]
100%|██████████| 50/50 [00:16<00:00,  3.08it/s]
[I 2023-12-11 22:45:57,534] Trial 331 finished with value: 0.4444444444444445 and parameters: {'EMBEDDING_DIM': 32, 'HIDDEN_DIM': 644, 'NUM_LAYERS': 1, 'DROPOUT': 0.2600795183975306, 'LR': 0.007373651046495231, 'WEIGHT_0': 0.9845736152331631, 'WEIGHT_1': 0.16457933878315148, 'WEIGHT_2': 0.2756575528075181, 'WEIGHT_3': 0.07183067490130066, 'WEIGHT_4': 0.8918322867103972, 'WEIGHT_5': 0.47675809552568676, 'WEIGHT_6': 0.05576087739316399, 'WEIGHT_7': 0.5941323400686519, 'WEIGHT_8': 0.6318519611253144}. Best is trial 282 with value: 0.45463128081401455.
{'EMBEDDING_DIM': 32, 'HIDDEN_DIM': 644, 'NUM_LAYERS': 1, 'DROPOUT': 0.2600795183975306, 'LR': 0.007373651046495231, 'WEIGHT_0': 0.9845736152331631, 'WEIGHT_1': 0.16457933878315148, 'WEIGHT_2': 0.2756575528075181, 'WEIGHT_3': 0.07183067490130066, 'WEIGHT_4': 0.8918322867103972, 'WEIGHT_5': 0.47675809552568676, 'WEIGHT_6': 0.05576087739316399, 'WEIGHT_7': 0.5941323400686519, 'WEIGHT_8': 0.6318519611253144}
0
              precision    recall  f1-score   support

         LOC       0.00      0.00      0.00      1837
        MISC       0.00      0.00      0.00       922
         ORG       0.00      0.00      0.00      1341
         PER       0.00      0.00      0.00      1842

   micro avg       0.00      0.00      0.00      5942
   macro avg       0.00      0.00      0.00      5942
weighted avg       0.00      0.00      0.00      5942

{'EMBEDDING_DIM': 32, 'HIDDEN_DIM': 644, 'NUM_LAYERS': 1, 'DROPOUT': 0.2600795183975306, 'LR': 0.007373651046495231, 'WEIGHT_0': 0.9845736152331631, 'WEIGHT_1': 0.16457933878315148, 'WEIGHT_2': 0.2756575528075181, 'WEIGHT_3': 0.07183067490130066, 'WEIGHT_4': 0.8918322867103972, 'WEIGHT_5': 0.47675809552568676, 'WEIGHT_6': 0.05576087739316399, 'WEIGHT_7': 0.5941323400686519, 'WEIGHT_8': 0.6318519611253144}
49
              precision    recall  f1-score   support

         LOC       0.78      0.59      0.67      1837
        MISC       0.65      0.48      0.55       922
         ORG       0.40      0.21      0.28      1341
         PER       0.36      0.18      0.24      1842

   micro avg       0.58      0.36      0.44      5942
   macro avg       0.55      0.37      0.44      5942
weighted avg       0.54      0.36      0.43      5942

epoch 49
Transformer

  0%|          | 0/50 [00:00<?, ?it/s]
  2%|▏         | 1/50 [00:05<04:49,  5.90s/it]
  6%|▌         | 3/50 [00:06<01:15,  1.60s/it]
 10%|█         | 5/50 [00:06<00:37,  1.21it/s]
 12%|█▏        | 6/50 [00:06<00:27,  1.58it/s]
 16%|█▌        | 8/50 [00:06<00:16,  2.48it/s]
 18%|█▊        | 9/50 [00:06<00:13,  3.02it/s]
 20%|██        | 10/50 [00:06<00:11,  3.63it/s]
 22%|██▏       | 11/50 [00:06<00:09,  4.19it/s]
 24%|██▍       | 12/50 [00:07<00:07,  4.90it/s]
 28%|██▊       | 14/50 [00:07<00:05,  6.55it/s]
 32%|███▏      | 16/50 [00:07<00:04,  7.83it/s]
 36%|███▌      | 18/50 [00:07<00:03,  8.80it/s]
 40%|████      | 20/50 [00:07<00:03,  9.55it/s]
 44%|████▍     | 22/50 [00:07<00:02, 10.08it/s]
 48%|████▊     | 24/50 [00:08<00:02, 10.45it/s]
 52%|█████▏    | 26/50 [00:08<00:02, 10.74it/s]
 56%|█████▌    | 28/50 [00:08<00:02, 10.92it/s]
 60%|██████    | 30/50 [00:08<00:01, 11.03it/s]
 64%|██████▍   | 32/50 [00:08<00:01, 11.11it/s]
 68%|██████▊   | 34/50 [00:08<00:01, 11.18it/s]
 72%|███████▏  | 36/50 [00:09<00:01, 11.24it/s]
 76%|███████▌  | 38/50 [00:09<00:01, 11.30it/s]
 80%|████████  | 40/50 [00:09<00:00, 11.35it/s]
 84%|████████▍ | 42/50 [00:09<00:00, 11.36it/s]
 88%|████████▊ | 44/50 [00:09<00:00, 11.38it/s]
 92%|█████████▏| 46/50 [00:10<00:00, 11.40it/s]
 96%|█████████▌| 48/50 [00:10<00:00, 11.40it/s]
100%|██████████| 50/50 [00:16<00:00,  1.06it/s]
100%|██████████| 50/50 [00:16<00:00,  3.10it/s]
[I 2023-12-11 22:46:19,045] Trial 332 finished with value: 0.4206527033609352 and parameters: {'EMBEDDING_DIM': 32, 'HIDDEN_DIM': 949, 'NUM_LAYERS': 1, 'DROPOUT': 0.2455827012286383, 'LR': 0.005111270574192121, 'WEIGHT_0': 0.5770731774918955, 'WEIGHT_1': 0.25240620620235743, 'WEIGHT_2': 0.2354935983159862, 'WEIGHT_3': 0.2271410664545478, 'WEIGHT_4': 0.6605287502790192, 'WEIGHT_5': 0.43765931444446265, 'WEIGHT_6': 0.09837522702529737, 'WEIGHT_7': 0.544948740807045, 'WEIGHT_8': 0.45984114389305625}. Best is trial 282 with value: 0.45463128081401455.
{'EMBEDDING_DIM': 32, 'HIDDEN_DIM': 949, 'NUM_LAYERS': 1, 'DROPOUT': 0.2455827012286383, 'LR': 0.005111270574192121, 'WEIGHT_0': 0.5770731774918955, 'WEIGHT_1': 0.25240620620235743, 'WEIGHT_2': 0.2354935983159862, 'WEIGHT_3': 0.2271410664545478, 'WEIGHT_4': 0.6605287502790192, 'WEIGHT_5': 0.43765931444446265, 'WEIGHT_6': 0.09837522702529737, 'WEIGHT_7': 0.544948740807045, 'WEIGHT_8': 0.45984114389305625}
0
              precision    recall  f1-score   support

         LOC       0.00      0.00      0.00      1837
        MISC       0.00      0.00      0.00       922
         ORG       0.00      0.00      0.00      1341
         PER       0.00      0.00      0.00      1842

   micro avg       0.00      0.00      0.00      5942
   macro avg       0.00      0.00      0.00      5942
weighted avg       0.00      0.00      0.00      5942

{'EMBEDDING_DIM': 32, 'HIDDEN_DIM': 949, 'NUM_LAYERS': 1, 'DROPOUT': 0.2455827012286383, 'LR': 0.005111270574192121, 'WEIGHT_0': 0.5770731774918955, 'WEIGHT_1': 0.25240620620235743, 'WEIGHT_2': 0.2354935983159862, 'WEIGHT_3': 0.2271410664545478, 'WEIGHT_4': 0.6605287502790192, 'WEIGHT_5': 0.43765931444446265, 'WEIGHT_6': 0.09837522702529737, 'WEIGHT_7': 0.544948740807045, 'WEIGHT_8': 0.45984114389305625}
49
              precision    recall  f1-score   support

         LOC       0.73      0.58      0.65      1837
        MISC       0.56      0.49      0.53       922
         ORG       0.38      0.22      0.28      1341
         PER       0.27      0.19      0.22      1842

   micro avg       0.50      0.36      0.42      5942
   macro avg       0.49      0.37      0.42      5942
weighted avg       0.48      0.36      0.41      5942

epoch 49
Transformer

  0%|          | 0/50 [00:00<?, ?it/s]
  2%|▏         | 1/50 [00:05<04:48,  5.89s/it]
  6%|▌         | 3/50 [00:06<01:15,  1.60s/it]
 10%|█         | 5/50 [00:06<00:37,  1.21it/s]
 14%|█▍        | 7/50 [00:06<00:22,  1.94it/s]
 16%|█▌        | 8/50 [00:06<00:17,  2.37it/s]
 18%|█▊        | 9/50 [00:06<00:14,  2.84it/s]
 20%|██        | 10/50 [00:06<00:11,  3.39it/s]
 22%|██▏       | 11/50 [00:06<00:09,  4.00it/s]
 24%|██▍       | 12/50 [00:07<00:08,  4.56it/s]
 26%|██▌       | 13/50 [00:07<00:07,  5.05it/s]
 28%|██▊       | 14/50 [00:07<00:06,  5.49it/s]
 30%|███       | 15/50 [00:07<00:05,  6.00it/s]
 32%|███▏      | 16/50 [00:07<00:05,  6.67it/s]
 34%|███▍      | 17/50 [00:07<00:04,  7.24it/s]
 36%|███▌      | 18/50 [00:07<00:04,  7.73it/s]
 38%|███▊      | 19/50 [00:07<00:03,  8.12it/s]
 40%|████      | 20/50 [00:08<00:03,  8.41it/s]
 42%|████▏     | 21/50 [00:08<00:03,  8.61it/s]
 44%|████▍     | 22/50 [00:08<00:03,  8.78it/s]
 46%|████▌     | 23/50 [00:08<00:03,  8.89it/s]
 48%|████▊     | 24/50 [00:08<00:02,  8.98it/s]
 50%|█████     | 25/50 [00:08<00:02,  9.03it/s]
 52%|█████▏    | 26/50 [00:08<00:02,  9.05it/s]
 54%|█████▍    | 27/50 [00:08<00:02,  9.09it/s]
 56%|█████▌    | 28/50 [00:08<00:02,  9.12it/s]
 58%|█████▊    | 29/50 [00:09<00:02,  9.13it/s]
 60%|██████    | 30/50 [00:09<00:02,  9.12it/s]
 62%|██████▏   | 31/50 [00:09<00:02,  9.14it/s]
 64%|██████▍   | 32/50 [00:09<00:01,  9.14it/s]
 66%|██████▌   | 33/50 [00:09<00:01,  9.16it/s]
 68%|██████▊   | 34/50 [00:09<00:01,  9.17it/s]
 70%|███████   | 35/50 [00:09<00:01,  9.15it/s]
 72%|███████▏  | 36/50 [00:09<00:01,  9.14it/s]
 74%|███████▍  | 37/50 [00:09<00:01,  9.15it/s]
 76%|███████▌  | 38/50 [00:10<00:01,  9.15it/s]
 78%|███████▊  | 39/50 [00:10<00:01,  9.16it/s]
 80%|████████  | 40/50 [00:10<00:01,  9.15it/s]
 82%|████████▏ | 41/50 [00:10<00:00,  9.16it/s]
 84%|████████▍ | 42/50 [00:10<00:00,  9.18it/s]
 86%|████████▌ | 43/50 [00:10<00:00,  9.19it/s]
 88%|████████▊ | 44/50 [00:10<00:00,  9.16it/s]
 90%|█████████ | 45/50 [00:10<00:00,  9.16it/s]
 92%|█████████▏| 46/50 [00:10<00:00,  9.17it/s]
 94%|█████████▍| 47/50 [00:11<00:00,  9.18it/s]
 96%|█████████▌| 48/50 [00:11<00:00,  9.17it/s]
 98%|█████████▊| 49/50 [00:11<00:00,  9.16it/s]
100%|██████████| 50/50 [00:18<00:00,  2.25s/it]
100%|██████████| 50/50 [00:18<00:00,  2.70it/s]
[I 2023-12-11 22:46:44,577] Trial 333 finished with value: 0.4395450917797286 and parameters: {'EMBEDDING_DIM': 32, 'HIDDEN_DIM': 795, 'NUM_LAYERS': 1, 'DROPOUT': 0.3069219453708847, 'LR': 0.004549679198173218, 'WEIGHT_0': 0.6436651546169361, 'WEIGHT_1': 0.11917888231956889, 'WEIGHT_2': 0.20588894610004715, 'WEIGHT_3': 0.13090376041404442, 'WEIGHT_4': 0.7663283863491284, 'WEIGHT_5': 0.37074765587519265, 'WEIGHT_6': 0.12740263454387904, 'WEIGHT_7': 0.7554245568856485, 'WEIGHT_8': 0.8854755033886945}. Best is trial 282 with value: 0.45463128081401455.
{'EMBEDDING_DIM': 32, 'HIDDEN_DIM': 795, 'NUM_LAYERS': 1, 'DROPOUT': 0.3069219453708847, 'LR': 0.004549679198173218, 'WEIGHT_0': 0.6436651546169361, 'WEIGHT_1': 0.11917888231956889, 'WEIGHT_2': 0.20588894610004715, 'WEIGHT_3': 0.13090376041404442, 'WEIGHT_4': 0.7663283863491284, 'WEIGHT_5': 0.37074765587519265, 'WEIGHT_6': 0.12740263454387904, 'WEIGHT_7': 0.7554245568856485, 'WEIGHT_8': 0.8854755033886945}
0
              precision    recall  f1-score   support

         LOC       0.00      0.00      0.00      1837
        MISC       0.00      0.00      0.00       922
         ORG       0.00      0.00      0.00      1341
         PER       0.00      0.00      0.00      1842

   micro avg       0.00      0.00      0.00      5942
   macro avg       0.00      0.00      0.00      5942
weighted avg       0.00      0.00      0.00      5942

{'EMBEDDING_DIM': 32, 'HIDDEN_DIM': 795, 'NUM_LAYERS': 1, 'DROPOUT': 0.3069219453708847, 'LR': 0.004549679198173218, 'WEIGHT_0': 0.6436651546169361, 'WEIGHT_1': 0.11917888231956889, 'WEIGHT_2': 0.20588894610004715, 'WEIGHT_3': 0.13090376041404442, 'WEIGHT_4': 0.7663283863491284, 'WEIGHT_5': 0.37074765587519265, 'WEIGHT_6': 0.12740263454387904, 'WEIGHT_7': 0.7554245568856485, 'WEIGHT_8': 0.8854755033886945}
49
              precision    recall  f1-score   support

         LOC       0.79      0.59      0.68      1837
        MISC       0.47      0.50      0.48       922
         ORG       0.44      0.22      0.30      1341
         PER       0.34      0.19      0.25      1842

   micro avg       0.54      0.37      0.44      5942
   macro avg       0.51      0.38      0.43      5942
weighted avg       0.52      0.37      0.43      5942

epoch 49
Transformer

  0%|          | 0/50 [00:00<?, ?it/s]
  2%|▏         | 1/50 [00:07<05:56,  7.27s/it]
  4%|▍         | 2/50 [00:07<02:26,  3.06s/it]
  6%|▌         | 3/50 [00:07<01:20,  1.71s/it]
  8%|▊         | 4/50 [00:07<00:49,  1.08s/it]
 10%|█         | 5/50 [00:07<00:32,  1.36it/s]
 12%|█▏        | 6/50 [00:07<00:22,  1.92it/s]
 14%|█▍        | 7/50 [00:07<00:16,  2.55it/s]
 16%|█▌        | 8/50 [00:08<00:13,  3.20it/s]
 18%|█▊        | 9/50 [00:08<00:10,  3.81it/s]
 20%|██        | 10/50 [00:08<00:08,  4.45it/s]
 22%|██▏       | 11/50 [00:08<00:07,  5.30it/s]
 24%|██▍       | 12/50 [00:08<00:06,  6.11it/s]
 26%|██▌       | 13/50 [00:08<00:05,  6.82it/s]
 28%|██▊       | 14/50 [00:08<00:04,  7.42it/s]
 30%|███       | 15/50 [00:08<00:04,  7.90it/s]
 32%|███▏      | 16/50 [00:09<00:04,  8.27it/s]
 34%|███▍      | 17/50 [00:09<00:03,  8.54it/s]
 36%|███▌      | 18/50 [00:09<00:03,  8.76it/s]
 38%|███▊      | 19/50 [00:09<00:03,  8.94it/s]
 40%|████      | 20/50 [00:09<00:03,  9.06it/s]
 42%|████▏     | 21/50 [00:09<00:03,  9.14it/s]
 44%|████▍     | 22/50 [00:09<00:03,  9.20it/s]
 46%|████▌     | 23/50 [00:09<00:02,  9.24it/s]
 48%|████▊     | 24/50 [00:09<00:02,  9.28it/s]
 50%|█████     | 25/50 [00:09<00:02,  9.32it/s]
 52%|█████▏    | 26/50 [00:10<00:02,  9.31it/s]
 54%|█████▍    | 27/50 [00:10<00:02,  9.32it/s]
 56%|█████▌    | 28/50 [00:10<00:02,  9.33it/s]
 58%|█████▊    | 29/50 [00:10<00:02,  9.33it/s]
 60%|██████    | 30/50 [00:10<00:02,  9.34it/s]
 62%|██████▏   | 31/50 [00:10<00:02,  9.34it/s]
 64%|██████▍   | 32/50 [00:10<00:01,  9.34it/s]
 66%|██████▌   | 33/50 [00:10<00:01,  9.34it/s]
 68%|██████▊   | 34/50 [00:10<00:01,  9.36it/s]
 70%|███████   | 35/50 [00:11<00:01,  9.36it/s]
 72%|███████▏  | 36/50 [00:11<00:01,  9.34it/s]
 74%|███████▍  | 37/50 [00:11<00:01,  9.35it/s]
 76%|███████▌  | 38/50 [00:11<00:01,  9.35it/s]
 78%|███████▊  | 39/50 [00:11<00:01,  9.35it/s]
 80%|████████  | 40/50 [00:11<00:01,  9.33it/s]
 82%|████████▏ | 41/50 [00:11<00:00,  9.31it/s]
 84%|████████▍ | 42/50 [00:11<00:00,  9.32it/s]
 86%|████████▌ | 43/50 [00:11<00:00,  9.34it/s]
 88%|████████▊ | 44/50 [00:12<00:00,  9.35it/s]
 90%|█████████ | 45/50 [00:12<00:00,  9.02it/s]
 92%|█████████▏| 46/50 [00:12<00:00,  8.52it/s]
 94%|█████████▍| 47/50 [00:12<00:00,  8.02it/s]
 96%|█████████▌| 48/50 [00:12<00:00,  7.56it/s]
 98%|█████████▊| 49/50 [00:12<00:00,  7.07it/s]
100%|██████████| 50/50 [00:20<00:00,  2.30s/it]
100%|██████████| 50/50 [00:20<00:00,  2.49it/s]
