[I 2023-12-11 23:25:30,743] Trial 410 finished with value: 0.05586708203530634 and parameters: {'EMBEDDING_DIM': 32, 'HIDDEN_DIM': 667, 'NUM_LAYERS': 4, 'DROPOUT': 0.2499715439604699, 'LR': 0.005766016101342971, 'WEIGHT_0': 0.5118985373030561, 'WEIGHT_1': 0.5681682325477533, 'WEIGHT_2': 0.21667719767047092, 'WEIGHT_3': 0.18907973421384366, 'WEIGHT_4': 0.7181420378889003, 'WEIGHT_5': 0.40834598809456363, 'WEIGHT_6': 0.2771635232499333, 'WEIGHT_7': 0.6864131531500404, 'WEIGHT_8': 0.522926022636656}. Best is trial 282 with value: 0.45463128081401455.
{'EMBEDDING_DIM': 32, 'HIDDEN_DIM': 667, 'NUM_LAYERS': 4, 'DROPOUT': 0.2499715439604699, 'LR': 0.005766016101342971, 'WEIGHT_0': 0.5118985373030561, 'WEIGHT_1': 0.5681682325477533, 'WEIGHT_2': 0.21667719767047092, 'WEIGHT_3': 0.18907973421384366, 'WEIGHT_4': 0.7181420378889003, 'WEIGHT_5': 0.40834598809456363, 'WEIGHT_6': 0.2771635232499333, 'WEIGHT_7': 0.6864131531500404, 'WEIGHT_8': 0.522926022636656}
0
              precision    recall  f1-score   support

         LOC       0.00      0.00      0.00      1837
        MISC       0.00      0.00      0.00       922
         ORG       0.00      0.00      0.00      1341
         PER       0.00      0.00      0.00      1842

   micro avg       0.00      0.00      0.00      5942
   macro avg       0.00      0.00      0.00      5942
weighted avg       0.00      0.00      0.00      5942

{'EMBEDDING_DIM': 32, 'HIDDEN_DIM': 667, 'NUM_LAYERS': 4, 'DROPOUT': 0.2499715439604699, 'LR': 0.005766016101342971, 'WEIGHT_0': 0.5118985373030561, 'WEIGHT_1': 0.5681682325477533, 'WEIGHT_2': 0.21667719767047092, 'WEIGHT_3': 0.18907973421384366, 'WEIGHT_4': 0.7181420378889003, 'WEIGHT_5': 0.40834598809456363, 'WEIGHT_6': 0.2771635232499333, 'WEIGHT_7': 0.6864131531500404, 'WEIGHT_8': 0.522926022636656}
49
              precision    recall  f1-score   support

         LOC       0.00      0.00      0.00      1837
        MISC       0.00      0.00      0.00       922
         ORG       0.00      0.00      0.00      1341
         PER       0.07      0.15      0.10      1842

   micro avg       0.07      0.05      0.06      5942
   macro avg       0.02      0.04      0.02      5942
weighted avg       0.02      0.05      0.03      5942

epoch 49
Transformer

  0%|          | 0/50 [00:00<?, ?it/s]
  2%|▏         | 1/50 [00:05<04:50,  5.92s/it]
  6%|▌         | 3/50 [00:06<01:15,  1.60s/it]
 10%|█         | 5/50 [00:06<00:37,  1.21it/s]
 14%|█▍        | 7/50 [00:06<00:22,  1.94it/s]
 18%|█▊        | 9/50 [00:06<00:14,  2.82it/s]
 22%|██▏       | 11/50 [00:06<00:10,  3.83it/s]
 26%|██▌       | 13/50 [00:07<00:07,  4.83it/s]
 30%|███       | 15/50 [00:07<00:05,  5.93it/s]
 34%|███▍      | 17/50 [00:07<00:04,  6.94it/s]
 38%|███▊      | 19/50 [00:07<00:03,  7.90it/s]
 42%|████▏     | 21/50 [00:07<00:03,  8.74it/s]
 46%|████▌     | 23/50 [00:07<00:02,  9.29it/s]
 50%|█████     | 25/50 [00:08<00:02,  9.86it/s]
 54%|█████▍    | 27/50 [00:08<00:02, 10.28it/s]
 58%|█████▊    | 29/50 [00:08<00:01, 10.60it/s]
 62%|██████▏   | 31/50 [00:08<00:01, 10.84it/s]
 66%|██████▌   | 33/50 [00:08<00:01, 11.01it/s]
 70%|███████   | 35/50 [00:08<00:01, 10.62it/s]
 74%|███████▍  | 37/50 [00:09<00:01,  9.60it/s]
 78%|███████▊  | 39/50 [00:09<00:01, 10.11it/s]
 82%|████████▏ | 41/50 [00:09<00:00, 10.48it/s]
 86%|████████▌ | 43/50 [00:09<00:00, 10.76it/s]
 90%|█████████ | 45/50 [00:09<00:00, 10.95it/s]
 94%|█████████▍| 47/50 [00:10<00:00, 11.08it/s]
 98%|█████████▊| 49/50 [00:10<00:00, 11.19it/s]
100%|██████████| 50/50 [00:16<00:00,  3.06it/s]
[I 2023-12-11 23:25:52,799] Trial 411 finished with value: 0.4465376255046062 and parameters: {'EMBEDDING_DIM': 32, 'HIDDEN_DIM': 799, 'NUM_LAYERS': 1, 'DROPOUT': 0.2651574868982172, 'LR': 0.0073204900128764246, 'WEIGHT_0': 0.730725467184376, 'WEIGHT_1': 0.09454673818718415, 'WEIGHT_2': 0.30473497026978197, 'WEIGHT_3': 0.27811459193825694, 'WEIGHT_4': 0.5986174306025076, 'WEIGHT_5': 0.3612333045021473, 'WEIGHT_6': 0.09896513516156435, 'WEIGHT_7': 0.4960277882237702, 'WEIGHT_8': 0.8219853078993186}. Best is trial 282 with value: 0.45463128081401455.
{'EMBEDDING_DIM': 32, 'HIDDEN_DIM': 799, 'NUM_LAYERS': 1, 'DROPOUT': 0.2651574868982172, 'LR': 0.0073204900128764246, 'WEIGHT_0': 0.730725467184376, 'WEIGHT_1': 0.09454673818718415, 'WEIGHT_2': 0.30473497026978197, 'WEIGHT_3': 0.27811459193825694, 'WEIGHT_4': 0.5986174306025076, 'WEIGHT_5': 0.3612333045021473, 'WEIGHT_6': 0.09896513516156435, 'WEIGHT_7': 0.4960277882237702, 'WEIGHT_8': 0.8219853078993186}
0
              precision    recall  f1-score   support

         LOC       0.00      0.00      0.00      1837
        MISC       0.00      0.00      0.00       922
         ORG       0.00      0.00      0.00      1341
         PER       0.00      0.00      0.00      1842

   micro avg       0.00      0.00      0.00      5942
   macro avg       0.00      0.00      0.00      5942
weighted avg       0.00      0.00      0.00      5942

{'EMBEDDING_DIM': 32, 'HIDDEN_DIM': 799, 'NUM_LAYERS': 1, 'DROPOUT': 0.2651574868982172, 'LR': 0.0073204900128764246, 'WEIGHT_0': 0.730725467184376, 'WEIGHT_1': 0.09454673818718415, 'WEIGHT_2': 0.30473497026978197, 'WEIGHT_3': 0.27811459193825694, 'WEIGHT_4': 0.5986174306025076, 'WEIGHT_5': 0.3612333045021473, 'WEIGHT_6': 0.09896513516156435, 'WEIGHT_7': 0.4960277882237702, 'WEIGHT_8': 0.8219853078993186}
49
              precision    recall  f1-score   support

         LOC       0.77      0.59      0.67      1837
        MISC       0.66      0.49      0.56       922
         ORG       0.42      0.20      0.27      1341
         PER       0.35      0.19      0.24      1842

   micro avg       0.58      0.36      0.45      5942
   macro avg       0.55      0.37      0.44      5942
weighted avg       0.55      0.36      0.43      5942

epoch 49
Transformer

  0%|          | 0/50 [00:00<?, ?it/s]
  2%|▏         | 1/50 [00:05<04:51,  5.94s/it]
  4%|▍         | 2/50 [00:06<02:01,  2.52s/it]
  8%|▊         | 4/50 [00:06<00:46,  1.00s/it]
 12%|█▏        | 6/50 [00:06<00:25,  1.76it/s]
 16%|█▌        | 8/50 [00:06<00:15,  2.65it/s]
 20%|██        | 10/50 [00:06<00:10,  3.68it/s]
 24%|██▍       | 12/50 [00:06<00:07,  4.79it/s]
 28%|██▊       | 14/50 [00:07<00:06,  5.93it/s]
 32%|███▏      | 16/50 [00:07<00:04,  7.01it/s]
 36%|███▌      | 18/50 [00:07<00:04,  7.98it/s]
 40%|████      | 20/50 [00:07<00:03,  8.80it/s]
 44%|████▍     | 22/50 [00:07<00:02,  9.47it/s]
 48%|████▊     | 24/50 [00:08<00:02,  9.99it/s]
 52%|█████▏    | 26/50 [00:08<00:02, 10.39it/s]
 56%|█████▌    | 28/50 [00:08<00:02, 10.69it/s]
 60%|██████    | 30/50 [00:08<00:01, 10.92it/s]
 64%|██████▍   | 32/50 [00:08<00:01, 11.08it/s]
 68%|██████▊   | 34/50 [00:08<00:01, 11.18it/s]
 72%|███████▏  | 36/50 [00:09<00:01, 11.26it/s]
 76%|███████▌  | 38/50 [00:09<00:01, 11.33it/s]
 80%|████████  | 40/50 [00:09<00:00, 11.35it/s]
 84%|████████▍ | 42/50 [00:09<00:00, 11.39it/s]
 88%|████████▊ | 44/50 [00:09<00:00, 11.41it/s]
 92%|█████████▏| 46/50 [00:09<00:00, 11.41it/s]
 96%|█████████▌| 48/50 [00:10<00:00, 11.43it/s]
100%|██████████| 50/50 [00:16<00:00,  1.05it/s]
100%|██████████| 50/50 [00:16<00:00,  3.11it/s]
[I 2023-12-11 23:26:14,489] Trial 412 finished with value: 0.3617623282134195 and parameters: {'EMBEDDING_DIM': 16, 'HIDDEN_DIM': 717, 'NUM_LAYERS': 1, 'DROPOUT': 0.29487590812563536, 'LR': 0.00424083440324138, 'WEIGHT_0': 0.9848641267969869, 'WEIGHT_1': 0.16277384253090935, 'WEIGHT_2': 0.24337710563309806, 'WEIGHT_3': 0.049963221985170204, 'WEIGHT_4': 0.6349473150913993, 'WEIGHT_5': 0.4680402197308618, 'WEIGHT_6': 0.49338758468136046, 'WEIGHT_7': 0.6539991634096968, 'WEIGHT_8': 0.9994236754161075}. Best is trial 282 with value: 0.45463128081401455.
{'EMBEDDING_DIM': 16, 'HIDDEN_DIM': 717, 'NUM_LAYERS': 1, 'DROPOUT': 0.29487590812563536, 'LR': 0.00424083440324138, 'WEIGHT_0': 0.9848641267969869, 'WEIGHT_1': 0.16277384253090935, 'WEIGHT_2': 0.24337710563309806, 'WEIGHT_3': 0.049963221985170204, 'WEIGHT_4': 0.6349473150913993, 'WEIGHT_5': 0.4680402197308618, 'WEIGHT_6': 0.49338758468136046, 'WEIGHT_7': 0.6539991634096968, 'WEIGHT_8': 0.9994236754161075}
0
              precision    recall  f1-score   support

         LOC       0.00      0.00      0.00      1837
        MISC       0.00      0.00      0.00       922
         ORG       0.00      0.00      0.00      1341
         PER       0.00      0.00      0.00      1842

   micro avg       0.00      0.00      0.00      5942
   macro avg       0.00      0.00      0.00      5942
weighted avg       0.00      0.00      0.00      5942

{'EMBEDDING_DIM': 16, 'HIDDEN_DIM': 717, 'NUM_LAYERS': 1, 'DROPOUT': 0.29487590812563536, 'LR': 0.00424083440324138, 'WEIGHT_0': 0.9848641267969869, 'WEIGHT_1': 0.16277384253090935, 'WEIGHT_2': 0.24337710563309806, 'WEIGHT_3': 0.049963221985170204, 'WEIGHT_4': 0.6349473150913993, 'WEIGHT_5': 0.4680402197308618, 'WEIGHT_6': 0.49338758468136046, 'WEIGHT_7': 0.6539991634096968, 'WEIGHT_8': 0.9994236754161075}
49
              precision    recall  f1-score   support

         LOC       0.69      0.60      0.64      1837
        MISC       0.38      0.42      0.40       922
         ORG       0.20      0.10      0.13      1341
         PER       0.24      0.09      0.13      1842

   micro avg       0.45      0.30      0.36      5942
   macro avg       0.38      0.30      0.33      5942
weighted avg       0.39      0.30      0.33      5942

epoch 49
Transformer

  0%|          | 0/50 [00:00<?, ?it/s]
  2%|▏         | 1/50 [00:05<04:53,  6.00s/it]
  4%|▍         | 2/50 [00:06<02:01,  2.53s/it]
  6%|▌         | 3/50 [00:06<01:06,  1.42s/it]
  8%|▊         | 4/50 [00:06<00:41,  1.10it/s]
 10%|█         | 5/50 [00:06<00:28,  1.56it/s]
 14%|█▍        | 7/50 [00:06<00:15,  2.76it/s]
 16%|█▌        | 8/50 [00:06<00:12,  3.39it/s]
 18%|█▊        | 9/50 [00:06<00:09,  4.13it/s]
 20%|██        | 10/50 [00:07<00:08,  4.86it/s]
 22%|██▏       | 11/50 [00:07<00:07,  5.33it/s]
 24%|██▍       | 12/50 [00:07<00:06,  6.08it/s]
 26%|██▌       | 13/50 [00:07<00:05,  6.77it/s]
 28%|██▊       | 14/50 [00:07<00:04,  7.35it/s]
 30%|███       | 15/50 [00:07<00:04,  7.83it/s]
 32%|███▏      | 16/50 [00:07<00:04,  8.21it/s]
 34%|███▍      | 17/50 [00:07<00:03,  8.51it/s]
 38%|███▊      | 19/50 [00:07<00:03,  9.59it/s]
 42%|████▏     | 21/50 [00:08<00:02, 10.12it/s]
 46%|████▌     | 23/50 [00:08<00:02, 10.50it/s]
 50%|█████     | 25/50 [00:08<00:02, 10.70it/s]
 54%|█████▍    | 27/50 [00:08<00:02, 10.84it/s]
 58%|█████▊    | 29/50 [00:08<00:01, 10.94it/s]
 62%|██████▏   | 31/50 [00:09<00:01, 10.99it/s]
 66%|██████▌   | 33/50 [00:09<00:01, 11.06it/s]
 70%|███████   | 35/50 [00:09<00:01, 11.08it/s]
 74%|███████▍  | 37/50 [00:09<00:01, 11.09it/s]
 78%|███████▊  | 39/50 [00:09<00:00, 11.10it/s]
 82%|████████▏ | 41/50 [00:09<00:00, 11.14it/s]
 86%|████████▌ | 43/50 [00:10<00:00, 11.11it/s]
 90%|█████████ | 45/50 [00:10<00:00, 11.15it/s]
 94%|█████████▍| 47/50 [00:10<00:00, 11.14it/s]
 98%|█████████▊| 49/50 [00:10<00:00, 11.12it/s]
100%|██████████| 50/50 [00:16<00:00,  3.01it/s]
[I 2023-12-11 23:26:36,813] Trial 413 finished with value: 0.442313705054716 and parameters: {'EMBEDDING_DIM': 32, 'HIDDEN_DIM': 350, 'NUM_LAYERS': 1, 'DROPOUT': 0.24070764291010763, 'LR': 0.008857243180334502, 'WEIGHT_0': 0.7583425994368883, 'WEIGHT_1': 0.13288823790971888, 'WEIGHT_2': 0.5248266378682245, 'WEIGHT_3': 0.23695928603085473, 'WEIGHT_4': 0.8736621112362958, 'WEIGHT_5': 0.5317960055491221, 'WEIGHT_6': 0.5611853561822562, 'WEIGHT_7': 0.7838722384562554, 'WEIGHT_8': 0.7457968195695001}. Best is trial 282 with value: 0.45463128081401455.
{'EMBEDDING_DIM': 32, 'HIDDEN_DIM': 350, 'NUM_LAYERS': 1, 'DROPOUT': 0.24070764291010763, 'LR': 0.008857243180334502, 'WEIGHT_0': 0.7583425994368883, 'WEIGHT_1': 0.13288823790971888, 'WEIGHT_2': 0.5248266378682245, 'WEIGHT_3': 0.23695928603085473, 'WEIGHT_4': 0.8736621112362958, 'WEIGHT_5': 0.5317960055491221, 'WEIGHT_6': 0.5611853561822562, 'WEIGHT_7': 0.7838722384562554, 'WEIGHT_8': 0.7457968195695001}
0
              precision    recall  f1-score   support

         LOC       0.00      0.00      0.00      1837
        MISC       0.00      0.00      0.00       922
         ORG       0.00      0.00      0.00      1341
         PER       0.00      0.00      0.00      1842

   micro avg       0.00      0.00      0.00      5942
   macro avg       0.00      0.00      0.00      5942
weighted avg       0.00      0.00      0.00      5942

{'EMBEDDING_DIM': 32, 'HIDDEN_DIM': 350, 'NUM_LAYERS': 1, 'DROPOUT': 0.24070764291010763, 'LR': 0.008857243180334502, 'WEIGHT_0': 0.7583425994368883, 'WEIGHT_1': 0.13288823790971888, 'WEIGHT_2': 0.5248266378682245, 'WEIGHT_3': 0.23695928603085473, 'WEIGHT_4': 0.8736621112362958, 'WEIGHT_5': 0.5317960055491221, 'WEIGHT_6': 0.5611853561822562, 'WEIGHT_7': 0.7838722384562554, 'WEIGHT_8': 0.7457968195695001}
49
              precision    recall  f1-score   support

         LOC       0.78      0.57      0.66      1837
        MISC       0.63      0.49      0.55       922
         ORG       0.41      0.21      0.28      1341
         PER       0.37      0.18      0.25      1842

   micro avg       0.58      0.36      0.44      5942
   macro avg       0.55      0.36      0.43      5942
weighted avg       0.55      0.36      0.43      5942

epoch 49
Transformer

  0%|          | 0/50 [00:00<?, ?it/s]
  2%|▏         | 1/50 [00:06<04:59,  6.12s/it]
  4%|▍         | 2/50 [00:06<02:06,  2.64s/it]
  6%|▌         | 3/50 [00:06<01:11,  1.51s/it]
  8%|▊         | 4/50 [00:06<00:45,  1.01it/s]
 10%|█         | 5/50 [00:06<00:31,  1.43it/s]
 12%|█▏        | 6/50 [00:07<00:22,  1.91it/s]
 14%|█▍        | 7/50 [00:07<00:17,  2.44it/s]
 16%|█▌        | 8/50 [00:07<00:14,  2.97it/s]
 18%|█▊        | 9/50 [00:07<00:11,  3.47it/s]
 20%|██        | 10/50 [00:07<00:10,  3.93it/s]
 22%|██▏       | 11/50 [00:07<00:09,  4.31it/s]
 24%|██▍       | 12/50 [00:08<00:08,  4.63it/s]
 26%|██▌       | 13/50 [00:08<00:07,  4.88it/s]
 28%|██▊       | 14/50 [00:08<00:07,  5.06it/s]
 30%|███       | 15/50 [00:08<00:06,  5.20it/s]
 32%|███▏      | 16/50 [00:08<00:06,  5.30it/s]
 34%|███▍      | 17/50 [00:09<00:06,  5.38it/s]
 36%|███▌      | 18/50 [00:09<00:05,  5.43it/s]
 38%|███▊      | 19/50 [00:09<00:05,  5.44it/s]
 40%|████      | 20/50 [00:09<00:05,  5.44it/s]
 42%|████▏     | 21/50 [00:09<00:05,  5.43it/s]
 44%|████▍     | 22/50 [00:09<00:05,  5.42it/s]
 46%|████▌     | 23/50 [00:10<00:05,  5.38it/s]
 48%|████▊     | 24/50 [00:10<00:04,  5.37it/s]
 50%|█████     | 25/50 [00:10<00:04,  5.35it/s]
 52%|█████▏    | 26/50 [00:10<00:04,  5.34it/s]
 54%|█████▍    | 27/50 [00:10<00:04,  5.35it/s]
 56%|█████▌    | 28/50 [00:11<00:04,  5.34it/s]
 58%|█████▊    | 29/50 [00:11<00:03,  5.32it/s]
 60%|██████    | 30/50 [00:11<00:03,  5.30it/s]
 62%|██████▏   | 31/50 [00:11<00:03,  5.30it/s]
 64%|██████▍   | 32/50 [00:11<00:03,  5.29it/s]
 66%|██████▌   | 33/50 [00:12<00:03,  5.26it/s]
 68%|██████▊   | 34/50 [00:12<00:03,  5.28it/s]
 70%|███████   | 35/50 [00:12<00:02,  5.28it/s]
 72%|███████▏  | 36/50 [00:12<00:02,  5.27it/s]
 74%|███████▍  | 37/50 [00:12<00:02,  5.27it/s]
 76%|███████▌  | 38/50 [00:12<00:02,  5.28it/s]
 78%|███████▊  | 39/50 [00:13<00:02,  5.28it/s]
 80%|████████  | 40/50 [00:13<00:01,  5.28it/s]
 82%|████████▏ | 41/50 [00:13<00:01,  5.27it/s]
 84%|████████▍ | 42/50 [00:13<00:01,  5.35it/s]
 86%|████████▌ | 43/50 [00:13<00:01,  5.41it/s]
 88%|████████▊ | 44/50 [00:14<00:01,  5.44it/s]
 90%|█████████ | 45/50 [00:14<00:00,  5.44it/s]
 92%|█████████▏| 46/50 [00:14<00:00,  5.43it/s]
 94%|█████████▍| 47/50 [00:14<00:00,  5.42it/s]
 96%|█████████▌| 48/50 [00:14<00:00,  5.39it/s]
 98%|█████████▊| 49/50 [00:15<00:00,  5.39it/s]
100%|██████████| 50/50 [00:21<00:00,  1.99s/it]
100%|██████████| 50/50 [00:21<00:00,  2.36it/s]
[I 2023-12-11 23:27:03,609] Trial 414 finished with value: 0.39191319669850694 and parameters: {'EMBEDDING_DIM': 256, 'HIDDEN_DIM': 604, 'NUM_LAYERS': 1, 'DROPOUT': 0.27454812370407433, 'LR': 0.004915086754459493, 'WEIGHT_0': 0.962586143240114, 'WEIGHT_1': 0.48322374127995865, 'WEIGHT_2': 0.18589100602878064, 'WEIGHT_3': 0.1426036389896675, 'WEIGHT_4': 0.5588607856386846, 'WEIGHT_5': 0.44188479220694665, 'WEIGHT_6': 0.4043926006320573, 'WEIGHT_7': 0.8543404647056213, 'WEIGHT_8': 0.8908268767170899}. Best is trial 282 with value: 0.45463128081401455.
{'EMBEDDING_DIM': 256, 'HIDDEN_DIM': 604, 'NUM_LAYERS': 1, 'DROPOUT': 0.27454812370407433, 'LR': 0.004915086754459493, 'WEIGHT_0': 0.962586143240114, 'WEIGHT_1': 0.48322374127995865, 'WEIGHT_2': 0.18589100602878064, 'WEIGHT_3': 0.1426036389896675, 'WEIGHT_4': 0.5588607856386846, 'WEIGHT_5': 0.44188479220694665, 'WEIGHT_6': 0.4043926006320573, 'WEIGHT_7': 0.8543404647056213, 'WEIGHT_8': 0.8908268767170899}
0
              precision    recall  f1-score   support

         LOC       0.00      0.00      0.00      1837
        MISC       0.00      0.00      0.00       922
         ORG       0.00      0.00      0.00      1341
         PER       0.00      0.00      0.00      1842

   micro avg       0.00      0.00      0.00      5942
   macro avg       0.00      0.00      0.00      5942
weighted avg       0.00      0.00      0.00      5942

{'EMBEDDING_DIM': 256, 'HIDDEN_DIM': 604, 'NUM_LAYERS': 1, 'DROPOUT': 0.27454812370407433, 'LR': 0.004915086754459493, 'WEIGHT_0': 0.962586143240114, 'WEIGHT_1': 0.48322374127995865, 'WEIGHT_2': 0.18589100602878064, 'WEIGHT_3': 0.1426036389896675, 'WEIGHT_4': 0.5588607856386846, 'WEIGHT_5': 0.44188479220694665, 'WEIGHT_6': 0.4043926006320573, 'WEIGHT_7': 0.8543404647056213, 'WEIGHT_8': 0.8908268767170899}
49
              precision    recall  f1-score   support

         LOC       0.70      0.55      0.61      1837
        MISC       0.55      0.46      0.50       922
         ORG       0.20      0.24      0.22      1341
         PER       0.34      0.20      0.25      1842

   micro avg       0.44      0.36      0.39      5942
   macro avg       0.45      0.36      0.40      5942
weighted avg       0.45      0.36      0.39      5942

epoch 49
Transformer

  0%|          | 0/50 [00:00<?, ?it/s]
  2%|▏         | 1/50 [00:07<06:14,  7.65s/it]
  4%|▍         | 2/50 [00:07<02:36,  3.25s/it]
  6%|▌         | 3/50 [00:07<01:26,  1.84s/it]
  8%|▊         | 4/50 [00:08<00:53,  1.17s/it]
 10%|█         | 5/50 [00:08<00:36,  1.25it/s]
 12%|█▏        | 6/50 [00:08<00:25,  1.72it/s]
 14%|█▍        | 7/50 [00:08<00:18,  2.28it/s]
 16%|█▌        | 8/50 [00:08<00:14,  2.91it/s]
 18%|█▊        | 9/50 [00:08<00:11,  3.56it/s]
 20%|██        | 10/50 [00:09<00:09,  4.20it/s]
 22%|██▏       | 11/50 [00:09<00:08,  4.79it/s]
 24%|██▍       | 12/50 [00:09<00:07,  5.30it/s]
 26%|██▌       | 13/50 [00:09<00:06,  5.72it/s]
 28%|██▊       | 14/50 [00:09<00:05,  6.06it/s]
 30%|███       | 15/50 [00:09<00:05,  6.32it/s]
 32%|███▏      | 16/50 [00:09<00:05,  6.51it/s]
 34%|███▍      | 17/50 [00:09<00:04,  6.66it/s]
 36%|███▌      | 18/50 [00:10<00:04,  6.76it/s]
 38%|███▊      | 19/50 [00:10<00:04,  6.84it/s]
 40%|████      | 20/50 [00:10<00:04,  6.87it/s]
 42%|████▏     | 21/50 [00:10<00:04,  6.92it/s]
 44%|████▍     | 22/50 [00:10<00:04,  6.95it/s]
 46%|████▌     | 23/50 [00:10<00:03,  6.97it/s]
 48%|████▊     | 24/50 [00:10<00:03,  6.98it/s]
 50%|█████     | 25/50 [00:11<00:03,  6.99it/s]
 52%|█████▏    | 26/50 [00:11<00:03,  7.00it/s]
 54%|█████▍    | 27/50 [00:11<00:03,  6.99it/s]
 56%|█████▌    | 28/50 [00:11<00:03,  6.99it/s]
 58%|█████▊    | 29/50 [00:11<00:02,  7.00it/s]
 60%|██████    | 30/50 [00:11<00:02,  7.01it/s]
 62%|██████▏   | 31/50 [00:11<00:02,  7.00it/s]
 64%|██████▍   | 32/50 [00:12<00:02,  7.01it/s]
 66%|██████▌   | 33/50 [00:12<00:02,  7.01it/s]
 68%|██████▊   | 34/50 [00:12<00:02,  7.01it/s]
 70%|███████   | 35/50 [00:12<00:02,  7.00it/s]
 72%|███████▏  | 36/50 [00:12<00:01,  7.01it/s]
 74%|███████▍  | 37/50 [00:12<00:01,  7.01it/s]
 76%|███████▌  | 38/50 [00:12<00:01,  7.01it/s]
 78%|███████▊  | 39/50 [00:13<00:01,  7.02it/s]
 80%|████████  | 40/50 [00:13<00:01,  7.01it/s]
 82%|████████▏ | 41/50 [00:13<00:01,  7.02it/s]
 84%|████████▍ | 42/50 [00:13<00:01,  7.01it/s]
 86%|████████▌ | 43/50 [00:13<00:00,  7.01it/s]
 88%|████████▊ | 44/50 [00:13<00:00,  7.02it/s]
 90%|█████████ | 45/50 [00:13<00:00,  7.01it/s]
 92%|█████████▏| 46/50 [00:14<00:00,  7.01it/s]
 94%|█████████▍| 47/50 [00:14<00:00,  7.01it/s]
 96%|█████████▌| 48/50 [00:14<00:00,  7.01it/s]
 98%|█████████▊| 49/50 [00:14<00:00,  7.01it/s]
100%|██████████| 50/50 [00:22<00:00,  2.38s/it]
100%|██████████| 50/50 [00:22<00:00,  2.25it/s]
