[I 2023-12-11 20:57:15,403] Trial 123 finished with value: 0.44285269386483966 and parameters: {'EMBEDDING_DIM': 32, 'HIDDEN_DIM': 248, 'NUM_LAYERS': 1, 'DROPOUT': 0.10584268034036551, 'LR': 0.00829565068844833, 'WEIGHT_0': 0.9103347422088861, 'WEIGHT_1': 0.14920580657860838, 'WEIGHT_2': 0.35932495768390466, 'WEIGHT_3': 0.08407149466922895, 'WEIGHT_4': 0.7855777659107291, 'WEIGHT_5': 0.25335047042947745, 'WEIGHT_6': 0.13417738811729346, 'WEIGHT_7': 0.9159752644216356, 'WEIGHT_8': 0.3730127052873544}. Best is trial 42 with value: 0.44962374581939796.
{'EMBEDDING_DIM': 32, 'HIDDEN_DIM': 248, 'NUM_LAYERS': 1, 'DROPOUT': 0.10584268034036551, 'LR': 0.00829565068844833, 'WEIGHT_0': 0.9103347422088861, 'WEIGHT_1': 0.14920580657860838, 'WEIGHT_2': 0.35932495768390466, 'WEIGHT_3': 0.08407149466922895, 'WEIGHT_4': 0.7855777659107291, 'WEIGHT_5': 0.25335047042947745, 'WEIGHT_6': 0.13417738811729346, 'WEIGHT_7': 0.9159752644216356, 'WEIGHT_8': 0.3730127052873544}
0
              precision    recall  f1-score   support

         LOC       0.00      0.00      0.00      1837
        MISC       0.00      0.00      0.00       922
         ORG       0.00      0.00      0.00      1341
         PER       0.00      0.00      0.00      1842

   micro avg       0.00      0.00      0.00      5942
   macro avg       0.00      0.00      0.00      5942
weighted avg       0.00      0.00      0.00      5942

{'EMBEDDING_DIM': 32, 'HIDDEN_DIM': 248, 'NUM_LAYERS': 1, 'DROPOUT': 0.10584268034036551, 'LR': 0.00829565068844833, 'WEIGHT_0': 0.9103347422088861, 'WEIGHT_1': 0.14920580657860838, 'WEIGHT_2': 0.35932495768390466, 'WEIGHT_3': 0.08407149466922895, 'WEIGHT_4': 0.7855777659107291, 'WEIGHT_5': 0.25335047042947745, 'WEIGHT_6': 0.13417738811729346, 'WEIGHT_7': 0.9159752644216356, 'WEIGHT_8': 0.3730127052873544}
49
              precision    recall  f1-score   support

         LOC       0.78      0.57      0.66      1837
        MISC       0.61      0.48      0.53       922
         ORG       0.43      0.22      0.29      1341
         PER       0.38      0.19      0.25      1842

   micro avg       0.58      0.36      0.44      5942
   macro avg       0.55      0.36      0.43      5942
weighted avg       0.55      0.36      0.43      5942

epoch 49
Transformer

  0%|          | 0/50 [00:00<?, ?it/s]
  2%|▏         | 1/50 [00:06<05:00,  6.13s/it]
  4%|▍         | 2/50 [00:06<02:04,  2.59s/it]
  6%|▌         | 3/50 [00:06<01:08,  1.45s/it]
  8%|▊         | 4/50 [00:06<00:42,  1.09it/s]
 10%|█         | 5/50 [00:06<00:28,  1.60it/s]
 12%|█▏        | 6/50 [00:06<00:19,  2.23it/s]
 16%|█▌        | 8/50 [00:06<00:11,  3.64it/s]
 20%|██        | 10/50 [00:07<00:07,  5.01it/s]
 24%|██▍       | 12/50 [00:07<00:06,  6.21it/s]
 28%|██▊       | 14/50 [00:07<00:04,  7.28it/s]
 32%|███▏      | 16/50 [00:07<00:04,  8.14it/s]
 36%|███▌      | 18/50 [00:07<00:03,  8.85it/s]
 40%|████      | 20/50 [00:07<00:03,  9.36it/s]
 44%|████▍     | 22/50 [00:08<00:02,  9.74it/s]
 48%|████▊     | 24/50 [00:08<00:02, 10.08it/s]
 52%|█████▏    | 26/50 [00:08<00:02, 10.31it/s]
 56%|█████▌    | 28/50 [00:08<00:02, 10.46it/s]
 60%|██████    | 30/50 [00:08<00:01, 10.59it/s]
 64%|██████▍   | 32/50 [00:09<00:01, 10.67it/s]
 68%|██████▊   | 34/50 [00:09<00:01, 10.73it/s]
 72%|███████▏  | 36/50 [00:09<00:01, 10.78it/s]
 76%|███████▌  | 38/50 [00:09<00:01, 10.80it/s]
 80%|████████  | 40/50 [00:09<00:00, 10.75it/s]
 84%|████████▍ | 42/50 [00:09<00:00, 10.69it/s]
 88%|████████▊ | 44/50 [00:10<00:00, 10.67it/s]
 92%|█████████▏| 46/50 [00:10<00:00, 10.57it/s]
 96%|█████████▌| 48/50 [00:10<00:00, 10.01it/s]
100%|██████████| 50/50 [00:16<00:00,  1.01s/it]
100%|██████████| 50/50 [00:16<00:00,  2.96it/s]
[I 2023-12-11 20:57:37,987] Trial 124 finished with value: 0.44666666666666666 and parameters: {'EMBEDDING_DIM': 32, 'HIDDEN_DIM': 279, 'NUM_LAYERS': 1, 'DROPOUT': 0.10231872141072863, 'LR': 0.007832780273490965, 'WEIGHT_0': 0.9096002783099126, 'WEIGHT_1': 0.10302939755117022, 'WEIGHT_2': 0.3769060267287396, 'WEIGHT_3': 0.09454121366885583, 'WEIGHT_4': 0.7844748710708013, 'WEIGHT_5': 0.3281471884900864, 'WEIGHT_6': 0.13909847902237088, 'WEIGHT_7': 0.9105768486587789, 'WEIGHT_8': 0.3510240572437679}. Best is trial 42 with value: 0.44962374581939796.
{'EMBEDDING_DIM': 32, 'HIDDEN_DIM': 279, 'NUM_LAYERS': 1, 'DROPOUT': 0.10231872141072863, 'LR': 0.007832780273490965, 'WEIGHT_0': 0.9096002783099126, 'WEIGHT_1': 0.10302939755117022, 'WEIGHT_2': 0.3769060267287396, 'WEIGHT_3': 0.09454121366885583, 'WEIGHT_4': 0.7844748710708013, 'WEIGHT_5': 0.3281471884900864, 'WEIGHT_6': 0.13909847902237088, 'WEIGHT_7': 0.9105768486587789, 'WEIGHT_8': 0.3510240572437679}
0
              precision    recall  f1-score   support

         LOC       0.00      0.00      0.00      1837
        MISC       0.00      0.00      0.00       922
         ORG       0.00      0.00      0.00      1341
         PER       0.00      0.00      0.00      1842

   micro avg       0.00      0.00      0.00      5942
   macro avg       0.00      0.00      0.00      5942
weighted avg       0.00      0.00      0.00      5942

{'EMBEDDING_DIM': 32, 'HIDDEN_DIM': 279, 'NUM_LAYERS': 1, 'DROPOUT': 0.10231872141072863, 'LR': 0.007832780273490965, 'WEIGHT_0': 0.9096002783099126, 'WEIGHT_1': 0.10302939755117022, 'WEIGHT_2': 0.3769060267287396, 'WEIGHT_3': 0.09454121366885583, 'WEIGHT_4': 0.7844748710708013, 'WEIGHT_5': 0.3281471884900864, 'WEIGHT_6': 0.13909847902237088, 'WEIGHT_7': 0.9105768486587789, 'WEIGHT_8': 0.3510240572437679}
49
              precision    recall  f1-score   support

         LOC       0.79      0.58      0.67      1837
        MISC       0.60      0.48      0.53       922
         ORG       0.45      0.23      0.31      1341
         PER       0.37      0.18      0.24      1842

   micro avg       0.59      0.36      0.45      5942
   macro avg       0.55      0.37      0.44      5942
weighted avg       0.55      0.36      0.43      5942

epoch 49
Transformer

  0%|          | 0/50 [00:00<?, ?it/s]
  2%|▏         | 1/50 [00:06<04:58,  6.09s/it]
  4%|▍         | 2/50 [00:06<02:03,  2.57s/it]
  6%|▌         | 3/50 [00:06<01:07,  1.44s/it]
  8%|▊         | 4/50 [00:06<00:42,  1.09it/s]
 10%|█         | 5/50 [00:06<00:27,  1.61it/s]
 12%|█▏        | 6/50 [00:06<00:19,  2.24it/s]
 14%|█▍        | 7/50 [00:06<00:14,  3.00it/s]
 16%|█▌        | 8/50 [00:06<00:10,  3.84it/s]
 18%|█▊        | 9/50 [00:06<00:08,  4.72it/s]
 20%|██        | 10/50 [00:07<00:07,  5.61it/s]
 22%|██▏       | 11/50 [00:07<00:06,  6.44it/s]
 24%|██▍       | 12/50 [00:07<00:05,  7.12it/s]
 26%|██▌       | 13/50 [00:07<00:04,  7.69it/s]
 30%|███       | 15/50 [00:07<00:03,  8.78it/s]
 34%|███▍      | 17/50 [00:07<00:03,  9.36it/s]
 38%|███▊      | 19/50 [00:07<00:03,  9.73it/s]
 42%|████▏     | 21/50 [00:08<00:02,  9.96it/s]
 46%|████▌     | 23/50 [00:08<00:02, 10.11it/s]
 50%|█████     | 25/50 [00:08<00:02, 10.20it/s]
 54%|█████▍    | 27/50 [00:08<00:02, 10.31it/s]
 58%|█████▊    | 29/50 [00:08<00:02, 10.40it/s]
 62%|██████▏   | 31/50 [00:09<00:01, 10.46it/s]
 66%|██████▌   | 33/50 [00:09<00:01, 10.32it/s]
 70%|███████   | 35/50 [00:09<00:01, 10.32it/s]
 74%|███████▍  | 37/50 [00:09<00:01, 10.43it/s]
 78%|███████▊  | 39/50 [00:09<00:01, 10.53it/s]
 82%|████████▏ | 41/50 [00:10<00:00, 10.58it/s]
 86%|████████▌ | 43/50 [00:10<00:00, 10.67it/s]
 90%|█████████ | 45/50 [00:10<00:00, 10.67it/s]
 94%|█████████▍| 47/50 [00:10<00:00, 10.71it/s]
 98%|█████████▊| 49/50 [00:10<00:00, 10.71it/s]
100%|██████████| 50/50 [00:16<00:00,  2.97it/s]
[I 2023-12-11 20:58:00,664] Trial 125 finished with value: 0.44578941876239175 and parameters: {'EMBEDDING_DIM': 32, 'HIDDEN_DIM': 260, 'NUM_LAYERS': 1, 'DROPOUT': 0.10312738582598213, 'LR': 0.007852042332914087, 'WEIGHT_0': 0.8996788896522213, 'WEIGHT_1': 0.10258282789291073, 'WEIGHT_2': 0.40981462452819645, 'WEIGHT_3': 0.14638995005782057, 'WEIGHT_4': 0.783081426825562, 'WEIGHT_5': 0.3307802022445908, 'WEIGHT_6': 0.14215199799126887, 'WEIGHT_7': 0.9116856439127223, 'WEIGHT_8': 0.3652353957905147}. Best is trial 42 with value: 0.44962374581939796.
{'EMBEDDING_DIM': 32, 'HIDDEN_DIM': 260, 'NUM_LAYERS': 1, 'DROPOUT': 0.10312738582598213, 'LR': 0.007852042332914087, 'WEIGHT_0': 0.8996788896522213, 'WEIGHT_1': 0.10258282789291073, 'WEIGHT_2': 0.40981462452819645, 'WEIGHT_3': 0.14638995005782057, 'WEIGHT_4': 0.783081426825562, 'WEIGHT_5': 0.3307802022445908, 'WEIGHT_6': 0.14215199799126887, 'WEIGHT_7': 0.9116856439127223, 'WEIGHT_8': 0.3652353957905147}
0
              precision    recall  f1-score   support

         LOC       0.00      0.00      0.00      1837
        MISC       0.00      0.00      0.00       922
         ORG       0.00      0.00      0.00      1341
         PER       0.00      0.00      0.00      1842

   micro avg       0.00      0.00      0.00      5942
   macro avg       0.00      0.00      0.00      5942
weighted avg       0.00      0.00      0.00      5942

{'EMBEDDING_DIM': 32, 'HIDDEN_DIM': 260, 'NUM_LAYERS': 1, 'DROPOUT': 0.10312738582598213, 'LR': 0.007852042332914087, 'WEIGHT_0': 0.8996788896522213, 'WEIGHT_1': 0.10258282789291073, 'WEIGHT_2': 0.40981462452819645, 'WEIGHT_3': 0.14638995005782057, 'WEIGHT_4': 0.783081426825562, 'WEIGHT_5': 0.3307802022445908, 'WEIGHT_6': 0.14215199799126887, 'WEIGHT_7': 0.9116856439127223, 'WEIGHT_8': 0.3652353957905147}
49
              precision    recall  f1-score   support

         LOC       0.77      0.58      0.66      1837
        MISC       0.64      0.49      0.55       922
         ORG       0.42      0.21      0.28      1341
         PER       0.38      0.18      0.24      1842

   micro avg       0.59      0.36      0.45      5942
   macro avg       0.55      0.37      0.44      5942
weighted avg       0.55      0.36      0.43      5942

epoch 49
Transformer

  0%|          | 0/50 [00:00<?, ?it/s]
  2%|▏         | 1/50 [00:06<04:59,  6.11s/it]
  4%|▍         | 2/50 [00:06<02:03,  2.58s/it]
  6%|▌         | 3/50 [00:06<01:07,  1.45s/it]
  8%|▊         | 4/50 [00:06<00:42,  1.09it/s]
 10%|█         | 5/50 [00:06<00:28,  1.60it/s]
 12%|█▏        | 6/50 [00:06<00:19,  2.23it/s]
 14%|█▍        | 7/50 [00:06<00:14,  2.97it/s]
 16%|█▌        | 8/50 [00:06<00:11,  3.79it/s]
 18%|█▊        | 9/50 [00:06<00:08,  4.63it/s]
 20%|██        | 10/50 [00:07<00:07,  5.47it/s]
 22%|██▏       | 11/50 [00:07<00:06,  6.25it/s]
 24%|██▍       | 12/50 [00:07<00:05,  6.93it/s]
 26%|██▌       | 13/50 [00:07<00:04,  7.49it/s]
 28%|██▊       | 14/50 [00:07<00:04,  7.94it/s]
 30%|███       | 15/50 [00:07<00:04,  8.27it/s]
 32%|███▏      | 16/50 [00:07<00:03,  8.52it/s]
 34%|███▍      | 17/50 [00:07<00:03,  8.72it/s]
 36%|███▌      | 18/50 [00:07<00:03,  8.99it/s]
 40%|████      | 20/50 [00:08<00:03,  9.57it/s]
 44%|████▍     | 22/50 [00:08<00:02,  9.91it/s]
 48%|████▊     | 24/50 [00:08<00:02, 10.11it/s]
 52%|█████▏    | 26/50 [00:08<00:02, 10.29it/s]
 56%|█████▌    | 28/50 [00:08<00:02, 10.38it/s]
 60%|██████    | 30/50 [00:09<00:01, 10.39it/s]
 64%|██████▍   | 32/50 [00:09<00:01, 10.48it/s]
 68%|██████▊   | 34/50 [00:09<00:01, 10.46it/s]
 72%|███████▏  | 36/50 [00:09<00:01, 10.57it/s]
 76%|███████▌  | 38/50 [00:09<00:01, 10.67it/s]
 80%|████████  | 40/50 [00:10<00:00, 10.70it/s]
 84%|████████▍ | 42/50 [00:10<00:00, 10.75it/s]
 88%|████████▊ | 44/50 [00:10<00:00, 10.80it/s]
 92%|█████████▏| 46/50 [00:10<00:00, 10.82it/s]
 96%|█████████▌| 48/50 [00:10<00:00, 10.84it/s]
100%|██████████| 50/50 [00:16<00:00,  1.01it/s]
100%|██████████| 50/50 [00:16<00:00,  2.96it/s]
[I 2023-12-11 20:58:23,407] Trial 126 finished with value: 0.44150432336701734 and parameters: {'EMBEDDING_DIM': 32, 'HIDDEN_DIM': 244, 'NUM_LAYERS': 1, 'DROPOUT': 0.08676878641337063, 'LR': 0.007844598760021965, 'WEIGHT_0': 0.9468930587304386, 'WEIGHT_1': 0.095930522212483, 'WEIGHT_2': 0.43595087066742294, 'WEIGHT_3': 0.14802156404270156, 'WEIGHT_4': 0.7808721729727632, 'WEIGHT_5': 0.3658593347126435, 'WEIGHT_6': 0.14599318722902035, 'WEIGHT_7': 0.8051602241909535, 'WEIGHT_8': 0.37239410589513383}. Best is trial 42 with value: 0.44962374581939796.
{'EMBEDDING_DIM': 32, 'HIDDEN_DIM': 244, 'NUM_LAYERS': 1, 'DROPOUT': 0.08676878641337063, 'LR': 0.007844598760021965, 'WEIGHT_0': 0.9468930587304386, 'WEIGHT_1': 0.095930522212483, 'WEIGHT_2': 0.43595087066742294, 'WEIGHT_3': 0.14802156404270156, 'WEIGHT_4': 0.7808721729727632, 'WEIGHT_5': 0.3658593347126435, 'WEIGHT_6': 0.14599318722902035, 'WEIGHT_7': 0.8051602241909535, 'WEIGHT_8': 0.37239410589513383}
0
              precision    recall  f1-score   support

         LOC       0.00      0.00      0.00      1837
        MISC       0.00      0.00      0.00       922
         ORG       0.00      0.00      0.00      1341
         PER       0.00      0.00      0.00      1842

   micro avg       0.00      0.00      0.00      5942
   macro avg       0.00      0.00      0.00      5942
weighted avg       0.00      0.00      0.00      5942

{'EMBEDDING_DIM': 32, 'HIDDEN_DIM': 244, 'NUM_LAYERS': 1, 'DROPOUT': 0.08676878641337063, 'LR': 0.007844598760021965, 'WEIGHT_0': 0.9468930587304386, 'WEIGHT_1': 0.095930522212483, 'WEIGHT_2': 0.43595087066742294, 'WEIGHT_3': 0.14802156404270156, 'WEIGHT_4': 0.7808721729727632, 'WEIGHT_5': 0.3658593347126435, 'WEIGHT_6': 0.14599318722902035, 'WEIGHT_7': 0.8051602241909535, 'WEIGHT_8': 0.37239410589513383}
49
              precision    recall  f1-score   support

         LOC       0.79      0.56      0.66      1837
        MISC       0.63      0.47      0.54       922
         ORG       0.42      0.24      0.30      1341
         PER       0.38      0.18      0.24      1842

   micro avg       0.58      0.36      0.44      5942
   macro avg       0.55      0.36      0.43      5942
weighted avg       0.55      0.36      0.43      5942

epoch 49
Transformer

  0%|          | 0/50 [00:00<?, ?it/s]
  2%|▏         | 1/50 [00:06<04:58,  6.10s/it]
  4%|▍         | 2/50 [00:06<02:03,  2.57s/it]
  6%|▌         | 3/50 [00:06<01:07,  1.44s/it]
  8%|▊         | 4/50 [00:06<00:42,  1.09it/s]
 12%|█▏        | 6/50 [00:06<00:21,  2.09it/s]
 16%|█▌        | 8/50 [00:06<00:13,  3.21it/s]
 20%|██        | 10/50 [00:06<00:09,  4.36it/s]
 24%|██▍       | 12/50 [00:07<00:06,  5.53it/s]
 28%|██▊       | 14/50 [00:07<00:05,  6.60it/s]
 32%|███▏      | 16/50 [00:07<00:04,  7.56it/s]
 36%|███▌      | 18/50 [00:07<00:03,  8.37it/s]
 40%|████      | 20/50 [00:07<00:03,  9.01it/s]
 44%|████▍     | 22/50 [00:08<00:02,  9.40it/s]
 48%|████▊     | 24/50 [00:08<00:02,  9.70it/s]
 52%|█████▏    | 26/50 [00:08<00:02,  9.88it/s]
 56%|█████▌    | 28/50 [00:08<00:02, 10.02it/s]
 60%|██████    | 30/50 [00:08<00:01, 10.12it/s]
 64%|██████▍   | 32/50 [00:09<00:01, 10.17it/s]
 68%|██████▊   | 34/50 [00:09<00:01, 10.23it/s]
 72%|███████▏  | 36/50 [00:09<00:01, 10.32it/s]
 76%|███████▌  | 38/50 [00:09<00:01, 10.37it/s]
 80%|████████  | 40/50 [00:09<00:00, 10.47it/s]
 84%|████████▍ | 42/50 [00:09<00:00, 10.51it/s]
 88%|████████▊ | 44/50 [00:10<00:00, 10.44it/s]
 92%|█████████▏| 46/50 [00:10<00:00, 10.46it/s]
 96%|█████████▌| 48/50 [00:10<00:00, 10.59it/s]
100%|██████████| 50/50 [00:16<00:00,  1.01it/s]
100%|██████████| 50/50 [00:16<00:00,  2.99it/s]
[I 2023-12-11 20:58:46,332] Trial 127 finished with value: 0.4478450968144909 and parameters: {'EMBEDDING_DIM': 32, 'HIDDEN_DIM': 266, 'NUM_LAYERS': 1, 'DROPOUT': 0.10660558044361557, 'LR': 0.007773606016537598, 'WEIGHT_0': 0.9034608855457843, 'WEIGHT_1': 0.09152140446571136, 'WEIGHT_2': 0.4379365506344873, 'WEIGHT_3': 0.1528619117641326, 'WEIGHT_4': 0.7820014079979777, 'WEIGHT_5': 0.3322380888659193, 'WEIGHT_6': 0.14298599232195497, 'WEIGHT_7': 0.8030735360239573, 'WEIGHT_8': 0.3665155158478484}. Best is trial 42 with value: 0.44962374581939796.
{'EMBEDDING_DIM': 32, 'HIDDEN_DIM': 266, 'NUM_LAYERS': 1, 'DROPOUT': 0.10660558044361557, 'LR': 0.007773606016537598, 'WEIGHT_0': 0.9034608855457843, 'WEIGHT_1': 0.09152140446571136, 'WEIGHT_2': 0.4379365506344873, 'WEIGHT_3': 0.1528619117641326, 'WEIGHT_4': 0.7820014079979777, 'WEIGHT_5': 0.3322380888659193, 'WEIGHT_6': 0.14298599232195497, 'WEIGHT_7': 0.8030735360239573, 'WEIGHT_8': 0.3665155158478484}
0
              precision    recall  f1-score   support

         LOC       0.00      0.00      0.00      1837
        MISC       0.00      0.00      0.00       922
         ORG       0.00      0.00      0.00      1341
         PER       0.00      0.00      0.00      1842

   micro avg       0.00      0.00      0.00      5942
   macro avg       0.00      0.00      0.00      5942
weighted avg       0.00      0.00      0.00      5942

{'EMBEDDING_DIM': 32, 'HIDDEN_DIM': 266, 'NUM_LAYERS': 1, 'DROPOUT': 0.10660558044361557, 'LR': 0.007773606016537598, 'WEIGHT_0': 0.9034608855457843, 'WEIGHT_1': 0.09152140446571136, 'WEIGHT_2': 0.4379365506344873, 'WEIGHT_3': 0.1528619117641326, 'WEIGHT_4': 0.7820014079979777, 'WEIGHT_5': 0.3322380888659193, 'WEIGHT_6': 0.14298599232195497, 'WEIGHT_7': 0.8030735360239573, 'WEIGHT_8': 0.3665155158478484}
49
              precision    recall  f1-score   support

         LOC       0.79      0.58      0.67      1837
        MISC       0.61      0.49      0.54       922
         ORG       0.44      0.23      0.30      1341
         PER       0.38      0.18      0.25      1842

   micro avg       0.59      0.36      0.45      5942
   macro avg       0.55      0.37      0.44      5942
weighted avg       0.55      0.36      0.43      5942

epoch 49
Transformer

  0%|          | 0/50 [00:00<?, ?it/s]
  2%|▏         | 1/50 [00:06<05:01,  6.14s/it]
  4%|▍         | 2/50 [00:06<02:04,  2.59s/it]
  6%|▌         | 3/50 [00:06<01:08,  1.46s/it]
  8%|▊         | 4/50 [00:06<00:42,  1.08it/s]
 10%|█         | 5/50 [00:06<00:28,  1.59it/s]
 12%|█▏        | 6/50 [00:06<00:19,  2.21it/s]
 14%|█▍        | 7/50 [00:06<00:14,  2.94it/s]
 16%|█▌        | 8/50 [00:06<00:11,  3.76it/s]
 20%|██        | 10/50 [00:07<00:07,  5.41it/s]
 24%|██▍       | 12/50 [00:07<00:05,  6.76it/s]
 26%|██▌       | 13/50 [00:07<00:05,  6.96it/s]
 28%|██▊       | 14/50 [00:07<00:04,  7.33it/s]
 32%|███▏      | 16/50 [00:07<00:04,  8.45it/s]
 36%|███▌      | 18/50 [00:07<00:03,  9.19it/s]
 40%|████      | 20/50 [00:08<00:03,  9.71it/s]
 44%|████▍     | 22/50 [00:08<00:02, 10.08it/s]
 48%|████▊     | 24/50 [00:08<00:02, 10.33it/s]
 52%|█████▏    | 26/50 [00:08<00:02, 10.51it/s]
 56%|█████▌    | 28/50 [00:08<00:02, 10.65it/s]
 60%|██████    | 30/50 [00:08<00:01, 10.74it/s]
 64%|██████▍   | 32/50 [00:09<00:01, 10.81it/s]
 68%|██████▊   | 34/50 [00:09<00:01, 10.85it/s]
 72%|███████▏  | 36/50 [00:09<00:01, 10.87it/s]
 76%|███████▌  | 38/50 [00:09<00:01, 10.90it/s]
 80%|████████  | 40/50 [00:09<00:00, 10.91it/s]
 84%|████████▍ | 42/50 [00:10<00:00, 10.86it/s]
 88%|████████▊ | 44/50 [00:10<00:00, 10.84it/s]
 92%|█████████▏| 46/50 [00:10<00:00, 10.87it/s]
 96%|█████████▌| 48/50 [00:10<00:00, 10.91it/s]
100%|██████████| 50/50 [00:16<00:00,  1.00s/it]
100%|██████████| 50/50 [00:16<00:00,  2.96it/s]
