[I 2023-12-11 20:52:08,164] Trial 114 finished with value: 0.4232423242324232 and parameters: {'EMBEDDING_DIM': 32, 'HIDDEN_DIM': 303, 'NUM_LAYERS': 1, 'DROPOUT': 0.034355927560062074, 'LR': 0.008409633137973693, 'WEIGHT_0': 0.6403264258820355, 'WEIGHT_1': 0.20900980775503522, 'WEIGHT_2': 0.2205292254752276, 'WEIGHT_3': 0.10571905234179185, 'WEIGHT_4': 0.7933137544667188, 'WEIGHT_5': 0.22471586386249875, 'WEIGHT_6': 0.15842573441080543, 'WEIGHT_7': 0.87588259608228, 'WEIGHT_8': 0.4945694630740144}. Best is trial 42 with value: 0.44962374581939796.
{'EMBEDDING_DIM': 32, 'HIDDEN_DIM': 303, 'NUM_LAYERS': 1, 'DROPOUT': 0.034355927560062074, 'LR': 0.008409633137973693, 'WEIGHT_0': 0.6403264258820355, 'WEIGHT_1': 0.20900980775503522, 'WEIGHT_2': 0.2205292254752276, 'WEIGHT_3': 0.10571905234179185, 'WEIGHT_4': 0.7933137544667188, 'WEIGHT_5': 0.22471586386249875, 'WEIGHT_6': 0.15842573441080543, 'WEIGHT_7': 0.87588259608228, 'WEIGHT_8': 0.4945694630740144}
0
              precision    recall  f1-score   support

         LOC       0.00      0.00      0.00      1837
        MISC       0.00      0.00      0.00       922
         ORG       0.00      0.00      0.00      1341
         PER       0.00      0.00      0.00      1842

   micro avg       0.00      0.00      0.00      5942
   macro avg       0.00      0.00      0.00      5942
weighted avg       0.00      0.00      0.00      5942

{'EMBEDDING_DIM': 32, 'HIDDEN_DIM': 303, 'NUM_LAYERS': 1, 'DROPOUT': 0.034355927560062074, 'LR': 0.008409633137973693, 'WEIGHT_0': 0.6403264258820355, 'WEIGHT_1': 0.20900980775503522, 'WEIGHT_2': 0.2205292254752276, 'WEIGHT_3': 0.10571905234179185, 'WEIGHT_4': 0.7933137544667188, 'WEIGHT_5': 0.22471586386249875, 'WEIGHT_6': 0.15842573441080543, 'WEIGHT_7': 0.87588259608228, 'WEIGHT_8': 0.4945694630740144}
49
              precision    recall  f1-score   support

         LOC       0.75      0.56      0.64      1837
        MISC       0.57      0.46      0.51       922
         ORG       0.40      0.22      0.28      1341
         PER       0.31      0.20      0.25      1842

   micro avg       0.52      0.36      0.42      5942
   macro avg       0.51      0.36      0.42      5942
weighted avg       0.51      0.36      0.42      5942

epoch 49
Transformer

  0%|          | 0/50 [00:00<?, ?it/s]
  2%|▏         | 1/50 [00:07<06:07,  7.50s/it]
  4%|▍         | 2/50 [00:08<02:52,  3.59s/it]
  6%|▌         | 3/50 [00:09<01:50,  2.34s/it]
  8%|▊         | 4/50 [00:10<01:20,  1.75s/it]
 10%|█         | 5/50 [00:10<01:04,  1.43s/it]
 12%|█▏        | 6/50 [00:11<00:54,  1.23s/it]
 14%|█▍        | 7/50 [00:12<00:47,  1.11s/it]
 16%|█▌        | 8/50 [00:13<00:43,  1.03s/it]
 18%|█▊        | 9/50 [00:14<00:39,  1.03it/s]
 20%|██        | 10/50 [00:15<00:37,  1.07it/s]
 22%|██▏       | 11/50 [00:16<00:35,  1.10it/s]
 24%|██▍       | 12/50 [00:16<00:34,  1.12it/s]
 26%|██▌       | 13/50 [00:17<00:32,  1.13it/s]
 28%|██▊       | 14/50 [00:18<00:31,  1.14it/s]
 30%|███       | 15/50 [00:19<00:30,  1.14it/s]
 32%|███▏      | 16/50 [00:20<00:29,  1.15it/s]
 34%|███▍      | 17/50 [00:21<00:28,  1.15it/s]
 36%|███▌      | 18/50 [00:22<00:27,  1.16it/s]
 38%|███▊      | 19/50 [00:22<00:26,  1.16it/s]
 40%|████      | 20/50 [00:23<00:25,  1.16it/s]
 42%|████▏     | 21/50 [00:24<00:25,  1.16it/s]
 44%|████▍     | 22/50 [00:25<00:24,  1.16it/s]
 46%|████▌     | 23/50 [00:26<00:23,  1.16it/s]
 48%|████▊     | 24/50 [00:27<00:22,  1.16it/s]
 50%|█████     | 25/50 [00:28<00:21,  1.16it/s]
 52%|█████▏    | 26/50 [00:28<00:20,  1.16it/s]
 54%|█████▍    | 27/50 [00:29<00:19,  1.16it/s]
 56%|█████▌    | 28/50 [00:30<00:19,  1.16it/s]
 58%|█████▊    | 29/50 [00:31<00:18,  1.15it/s]
 60%|██████    | 30/50 [00:32<00:17,  1.16it/s]
 62%|██████▏   | 31/50 [00:33<00:16,  1.15it/s]
 64%|██████▍   | 32/50 [00:34<00:15,  1.15it/s]
 66%|██████▌   | 33/50 [00:35<00:14,  1.15it/s]
 68%|██████▊   | 34/50 [00:35<00:13,  1.15it/s]
 70%|███████   | 35/50 [00:36<00:13,  1.15it/s]
 72%|███████▏  | 36/50 [00:37<00:12,  1.15it/s]
 74%|███████▍  | 37/50 [00:38<00:11,  1.15it/s]
 76%|███████▌  | 38/50 [00:39<00:10,  1.15it/s]
 78%|███████▊  | 39/50 [00:40<00:09,  1.15it/s]
 80%|████████  | 40/50 [00:41<00:08,  1.15it/s]
 82%|████████▏ | 41/50 [00:42<00:07,  1.15it/s]
 84%|████████▍ | 42/50 [00:42<00:06,  1.15it/s]
 86%|████████▌ | 43/50 [00:43<00:06,  1.15it/s]
 88%|████████▊ | 44/50 [00:44<00:05,  1.15it/s]
 90%|█████████ | 45/50 [00:45<00:04,  1.15it/s]
 92%|█████████▏| 46/50 [00:46<00:03,  1.15it/s]
 94%|█████████▍| 47/50 [00:47<00:02,  1.14it/s]
 96%|█████████▌| 48/50 [00:48<00:01,  1.14it/s]
 98%|█████████▊| 49/50 [00:49<00:00,  1.14it/s]
100%|██████████| 50/50 [00:57<00:00,  3.15s/it]
100%|██████████| 50/50 [00:57<00:00,  1.15s/it]
[I 2023-12-11 20:53:13,234] Trial 115 finished with value: 0.038566837281276044 and parameters: {'EMBEDDING_DIM': 1024, 'HIDDEN_DIM': 731, 'NUM_LAYERS': 1, 'DROPOUT': 0.055333910673673825, 'LR': 0.008755170256039469, 'WEIGHT_0': 0.7731400621214303, 'WEIGHT_1': 0.1357227009525284, 'WEIGHT_2': 0.26691539718287205, 'WEIGHT_3': 0.12949348116570839, 'WEIGHT_4': 0.8302911679292546, 'WEIGHT_5': 0.3555385183774207, 'WEIGHT_6': 0.11615580271438762, 'WEIGHT_7': 0.9518518026216191, 'WEIGHT_8': 0.5424653402742879}. Best is trial 42 with value: 0.44962374581939796.
{'EMBEDDING_DIM': 1024, 'HIDDEN_DIM': 731, 'NUM_LAYERS': 1, 'DROPOUT': 0.055333910673673825, 'LR': 0.008755170256039469, 'WEIGHT_0': 0.7731400621214303, 'WEIGHT_1': 0.1357227009525284, 'WEIGHT_2': 0.26691539718287205, 'WEIGHT_3': 0.12949348116570839, 'WEIGHT_4': 0.8302911679292546, 'WEIGHT_5': 0.3555385183774207, 'WEIGHT_6': 0.11615580271438762, 'WEIGHT_7': 0.9518518026216191, 'WEIGHT_8': 0.5424653402742879}
0
              precision    recall  f1-score   support

         LOC       0.00      0.00      0.00      1837
        MISC       0.01      0.01      0.01       922
         ORG       0.00      0.00      0.00      1341
         PER       0.00      0.00      0.00      1842

   micro avg       0.01      0.00      0.00      5942
   macro avg       0.00      0.00      0.00      5942
weighted avg       0.00      0.00      0.00      5942

{'EMBEDDING_DIM': 1024, 'HIDDEN_DIM': 731, 'NUM_LAYERS': 1, 'DROPOUT': 0.055333910673673825, 'LR': 0.008755170256039469, 'WEIGHT_0': 0.7731400621214303, 'WEIGHT_1': 0.1357227009525284, 'WEIGHT_2': 0.26691539718287205, 'WEIGHT_3': 0.12949348116570839, 'WEIGHT_4': 0.8302911679292546, 'WEIGHT_5': 0.3555385183774207, 'WEIGHT_6': 0.11615580271438762, 'WEIGHT_7': 0.9518518026216191, 'WEIGHT_8': 0.5424653402742879}
49
              precision    recall  f1-score   support

         LOC       0.28      0.01      0.02      1837
        MISC       0.03      0.00      0.01       922
         ORG       0.00      0.00      0.00      1341
         PER       0.06      0.08      0.07      1842

   micro avg       0.07      0.03      0.04      5942
   macro avg       0.09      0.02      0.02      5942
weighted avg       0.11      0.03      0.03      5942

epoch 49
Transformer

  0%|          | 0/50 [00:00<?, ?it/s]
  2%|▏         | 1/50 [00:07<06:14,  7.64s/it]
  4%|▍         | 2/50 [00:07<02:34,  3.22s/it]
  6%|▌         | 3/50 [00:07<01:25,  1.81s/it]
  8%|▊         | 4/50 [00:08<00:52,  1.14s/it]
 10%|█         | 5/50 [00:08<00:35,  1.29it/s]
 12%|█▏        | 6/50 [00:08<00:24,  1.80it/s]
 14%|█▍        | 7/50 [00:08<00:17,  2.41it/s]
 16%|█▌        | 8/50 [00:08<00:13,  3.13it/s]
 18%|█▊        | 9/50 [00:08<00:10,  3.91it/s]
 20%|██        | 10/50 [00:08<00:08,  4.71it/s]
 22%|██▏       | 11/50 [00:08<00:07,  5.50it/s]
 24%|██▍       | 12/50 [00:08<00:06,  6.22it/s]
 26%|██▌       | 13/50 [00:09<00:05,  6.84it/s]
 28%|██▊       | 14/50 [00:09<00:04,  7.33it/s]
 30%|███       | 15/50 [00:09<00:04,  7.71it/s]
 32%|███▏      | 16/50 [00:09<00:04,  8.01it/s]
 34%|███▍      | 17/50 [00:09<00:04,  8.19it/s]
 36%|███▌      | 18/50 [00:09<00:03,  8.31it/s]
 38%|███▊      | 19/50 [00:09<00:03,  8.45it/s]
 40%|████      | 20/50 [00:09<00:03,  8.57it/s]
 42%|████▏     | 21/50 [00:10<00:03,  8.64it/s]
 44%|████▍     | 22/50 [00:10<00:03,  8.71it/s]
 46%|████▌     | 23/50 [00:10<00:03,  8.64it/s]
 48%|████▊     | 24/50 [00:10<00:02,  8.70it/s]
 50%|█████     | 25/50 [00:10<00:02,  8.75it/s]
 52%|█████▏    | 26/50 [00:10<00:02,  8.74it/s]
 54%|█████▍    | 27/50 [00:10<00:02,  8.78it/s]
 56%|█████▌    | 28/50 [00:10<00:02,  8.78it/s]
 58%|█████▊    | 29/50 [00:10<00:02,  8.65it/s]
 60%|██████    | 30/50 [00:11<00:02,  8.66it/s]
 62%|██████▏   | 31/50 [00:11<00:02,  8.69it/s]
 64%|██████▍   | 32/50 [00:11<00:02,  8.71it/s]
 66%|██████▌   | 33/50 [00:11<00:01,  8.74it/s]
 68%|██████▊   | 34/50 [00:11<00:01,  8.77it/s]
 70%|███████   | 35/50 [00:11<00:01,  8.63it/s]
 72%|███████▏  | 36/50 [00:11<00:01,  8.70it/s]
 74%|███████▍  | 37/50 [00:11<00:01,  8.73it/s]
 76%|███████▌  | 38/50 [00:11<00:01,  8.77it/s]
 78%|███████▊  | 39/50 [00:12<00:01,  8.78it/s]
 80%|████████  | 40/50 [00:12<00:01,  8.79it/s]
 82%|████████▏ | 41/50 [00:12<00:01,  8.79it/s]
 84%|████████▍ | 42/50 [00:12<00:00,  8.79it/s]
 86%|████████▌ | 43/50 [00:12<00:00,  8.72it/s]
 88%|████████▊ | 44/50 [00:12<00:00,  8.59it/s]
 90%|█████████ | 45/50 [00:12<00:00,  8.55it/s]
 92%|█████████▏| 46/50 [00:12<00:00,  8.44it/s]
 94%|█████████▍| 47/50 [00:13<00:00,  8.39it/s]
 96%|█████████▌| 48/50 [00:13<00:00,  8.39it/s]
 98%|█████████▊| 49/50 [00:13<00:00,  8.36it/s]
100%|██████████| 50/50 [00:20<00:00,  2.34s/it]
100%|██████████| 50/50 [00:20<00:00,  2.41it/s]
[I 2023-12-11 20:53:41,175] Trial 116 finished with value: 0.4366821226172076 and parameters: {'EMBEDDING_DIM': 32, 'HIDDEN_DIM': 1255, 'NUM_LAYERS': 1, 'DROPOUT': 0.1347851863977279, 'LR': 0.007378906718766679, 'WEIGHT_0': 0.8640078757136702, 'WEIGHT_1': 0.07994731938151312, 'WEIGHT_2': 0.34377485252192186, 'WEIGHT_3': 0.012148281718379929, 'WEIGHT_4': 0.7218852130699623, 'WEIGHT_5': 0.26853060632471226, 'WEIGHT_6': 0.010623486543806578, 'WEIGHT_7': 0.8979657905863427, 'WEIGHT_8': 0.46033431909565636}. Best is trial 42 with value: 0.44962374581939796.
{'EMBEDDING_DIM': 32, 'HIDDEN_DIM': 1255, 'NUM_LAYERS': 1, 'DROPOUT': 0.1347851863977279, 'LR': 0.007378906718766679, 'WEIGHT_0': 0.8640078757136702, 'WEIGHT_1': 0.07994731938151312, 'WEIGHT_2': 0.34377485252192186, 'WEIGHT_3': 0.012148281718379929, 'WEIGHT_4': 0.7218852130699623, 'WEIGHT_5': 0.26853060632471226, 'WEIGHT_6': 0.010623486543806578, 'WEIGHT_7': 0.8979657905863427, 'WEIGHT_8': 0.46033431909565636}
0
              precision    recall  f1-score   support

         LOC       0.00      0.00      0.00      1837
        MISC       0.00      0.00      0.00       922
         ORG       0.00      0.00      0.00      1341
         PER       0.00      0.00      0.00      1842

   micro avg       0.00      0.00      0.00      5942
   macro avg       0.00      0.00      0.00      5942
weighted avg       0.00      0.00      0.00      5942

{'EMBEDDING_DIM': 32, 'HIDDEN_DIM': 1255, 'NUM_LAYERS': 1, 'DROPOUT': 0.1347851863977279, 'LR': 0.007378906718766679, 'WEIGHT_0': 0.8640078757136702, 'WEIGHT_1': 0.07994731938151312, 'WEIGHT_2': 0.34377485252192186, 'WEIGHT_3': 0.012148281718379929, 'WEIGHT_4': 0.7218852130699623, 'WEIGHT_5': 0.26853060632471226, 'WEIGHT_6': 0.010623486543806578, 'WEIGHT_7': 0.8979657905863427, 'WEIGHT_8': 0.46033431909565636}
49
              precision    recall  f1-score   support

         LOC       0.79      0.57      0.66      1837
        MISC       0.57      0.50      0.53       922
         ORG       0.40      0.21      0.27      1341
         PER       0.36      0.18      0.24      1842

   micro avg       0.56      0.36      0.44      5942
   macro avg       0.53      0.36      0.43      5942
weighted avg       0.53      0.36      0.42      5942

epoch 49
Transformer

  0%|          | 0/50 [00:00<?, ?it/s]
  2%|▏         | 1/50 [00:07<06:13,  7.63s/it]
  4%|▍         | 2/50 [00:07<02:34,  3.21s/it]
  6%|▌         | 3/50 [00:07<01:24,  1.80s/it]
  8%|▊         | 4/50 [00:07<00:52,  1.13s/it]
 10%|█         | 5/50 [00:08<00:34,  1.30it/s]
 12%|█▏        | 6/50 [00:08<00:24,  1.83it/s]
 14%|█▍        | 7/50 [00:08<00:17,  2.46it/s]
 16%|█▌        | 8/50 [00:08<00:13,  3.17it/s]
 18%|█▊        | 9/50 [00:08<00:10,  3.91it/s]
 20%|██        | 10/50 [00:08<00:08,  4.73it/s]
 22%|██▏       | 11/50 [00:08<00:07,  5.48it/s]
 24%|██▍       | 12/50 [00:08<00:06,  6.20it/s]
 26%|██▌       | 13/50 [00:09<00:05,  6.83it/s]
 28%|██▊       | 14/50 [00:09<00:04,  7.33it/s]
 30%|███       | 15/50 [00:09<00:04,  7.73it/s]
 32%|███▏      | 16/50 [00:09<00:04,  8.04it/s]
 34%|███▍      | 17/50 [00:09<00:03,  8.28it/s]
 36%|███▌      | 18/50 [00:09<00:03,  8.45it/s]
 38%|███▊      | 19/50 [00:09<00:03,  8.57it/s]
 40%|████      | 20/50 [00:09<00:03,  8.66it/s]
 42%|████▏     | 21/50 [00:09<00:03,  8.74it/s]
 44%|████▍     | 22/50 [00:10<00:03,  8.79it/s]
 46%|████▌     | 23/50 [00:10<00:03,  8.78it/s]
 48%|████▊     | 24/50 [00:10<00:02,  8.72it/s]
 50%|█████     | 25/50 [00:10<00:02,  8.69it/s]
 52%|█████▏    | 26/50 [00:10<00:02,  8.74it/s]
 54%|█████▍    | 27/50 [00:10<00:02,  8.78it/s]
 56%|█████▌    | 28/50 [00:10<00:02,  8.82it/s]
 58%|█████▊    | 29/50 [00:10<00:02,  8.83it/s]
 60%|██████    | 30/50 [00:10<00:02,  8.86it/s]
 62%|██████▏   | 31/50 [00:11<00:02,  8.87it/s]
 64%|██████▍   | 32/50 [00:11<00:02,  8.87it/s]
 66%|██████▌   | 33/50 [00:11<00:01,  8.88it/s]
 68%|██████▊   | 34/50 [00:11<00:01,  8.88it/s]
 70%|███████   | 35/50 [00:11<00:01,  8.89it/s]
 72%|███████▏  | 36/50 [00:11<00:01,  8.90it/s]
 74%|███████▍  | 37/50 [00:11<00:01,  8.87it/s]
 76%|███████▌  | 38/50 [00:11<00:01,  8.85it/s]
 78%|███████▊  | 39/50 [00:11<00:01,  8.82it/s]
 80%|████████  | 40/50 [00:12<00:01,  8.79it/s]
 82%|████████▏ | 41/50 [00:12<00:01,  8.80it/s]
 84%|████████▍ | 42/50 [00:12<00:00,  8.80it/s]
 86%|████████▌ | 43/50 [00:12<00:00,  8.82it/s]
 88%|████████▊ | 44/50 [00:12<00:00,  8.82it/s]
 90%|█████████ | 45/50 [00:12<00:00,  8.83it/s]
 92%|█████████▏| 46/50 [00:12<00:00,  8.82it/s]
 94%|█████████▍| 47/50 [00:12<00:00,  8.83it/s]
 96%|█████████▌| 48/50 [00:12<00:00,  8.82it/s]
 98%|█████████▊| 49/50 [00:13<00:00,  8.81it/s]
100%|██████████| 50/50 [00:20<00:00,  2.33s/it]
100%|██████████| 50/50 [00:20<00:00,  2.42it/s]
[I 2023-12-11 20:54:09,173] Trial 117 finished with value: 0.4248644461657629 and parameters: {'EMBEDDING_DIM': 32, 'HIDDEN_DIM': 887, 'NUM_LAYERS': 1, 'DROPOUT': 0.09909564817811894, 'LR': 0.009012852525111742, 'WEIGHT_0': 0.5051226517989589, 'WEIGHT_1': 0.3518871815801482, 'WEIGHT_2': 0.39628829090201506, 'WEIGHT_3': 0.07066245353180672, 'WEIGHT_4': 0.9242757820753719, 'WEIGHT_5': 0.19323568284320533, 'WEIGHT_6': 0.22662950725325764, 'WEIGHT_7': 0.8383995472138918, 'WEIGHT_8': 0.6090448747110973}. Best is trial 42 with value: 0.44962374581939796.
{'EMBEDDING_DIM': 32, 'HIDDEN_DIM': 887, 'NUM_LAYERS': 1, 'DROPOUT': 0.09909564817811894, 'LR': 0.009012852525111742, 'WEIGHT_0': 0.5051226517989589, 'WEIGHT_1': 0.3518871815801482, 'WEIGHT_2': 0.39628829090201506, 'WEIGHT_3': 0.07066245353180672, 'WEIGHT_4': 0.9242757820753719, 'WEIGHT_5': 0.19323568284320533, 'WEIGHT_6': 0.22662950725325764, 'WEIGHT_7': 0.8383995472138918, 'WEIGHT_8': 0.6090448747110973}
0
              precision    recall  f1-score   support

         LOC       0.00      0.00      0.00      1837
        MISC       0.00      0.00      0.00       922
         ORG       0.00      0.00      0.00      1341
         PER       0.00      0.00      0.00      1842

   micro avg       0.00      0.00      0.00      5942
   macro avg       0.00      0.00      0.00      5942
weighted avg       0.00      0.00      0.00      5942

{'EMBEDDING_DIM': 32, 'HIDDEN_DIM': 887, 'NUM_LAYERS': 1, 'DROPOUT': 0.09909564817811894, 'LR': 0.009012852525111742, 'WEIGHT_0': 0.5051226517989589, 'WEIGHT_1': 0.3518871815801482, 'WEIGHT_2': 0.39628829090201506, 'WEIGHT_3': 0.07066245353180672, 'WEIGHT_4': 0.9242757820753719, 'WEIGHT_5': 0.19323568284320533, 'WEIGHT_6': 0.22662950725325764, 'WEIGHT_7': 0.8383995472138918, 'WEIGHT_8': 0.6090448747110973}
49
              precision    recall  f1-score   support

         LOC       0.77      0.54      0.64      1837
        MISC       0.57      0.50      0.53       922
         ORG       0.35      0.21      0.26      1341
         PER       0.31      0.25      0.27      1842

   micro avg       0.50      0.37      0.42      5942
   macro avg       0.50      0.38      0.43      5942
weighted avg       0.50      0.37      0.42      5942

epoch 49
Transformer

  0%|          | 0/50 [00:00<?, ?it/s]
  2%|▏         | 1/50 [00:14<11:42, 14.34s/it]
  4%|▍         | 2/50 [00:14<04:52,  6.10s/it]
  6%|▌         | 3/50 [00:15<02:45,  3.52s/it]
  8%|▊         | 4/50 [00:15<01:50,  2.41s/it]
 10%|█         | 5/50 [00:16<01:21,  1.81s/it]
 12%|█▏        | 6/50 [00:17<01:03,  1.45s/it]
 14%|█▍        | 7/50 [00:18<00:52,  1.22s/it]
 16%|█▌        | 8/50 [00:18<00:44,  1.07s/it]
 18%|█▊        | 9/50 [00:19<00:40,  1.02it/s]
 20%|██        | 10/50 [00:20<00:36,  1.09it/s]
 22%|██▏       | 11/50 [00:21<00:34,  1.14it/s]
 24%|██▍       | 12/50 [00:21<00:31,  1.19it/s]
 26%|██▌       | 13/50 [00:22<00:29,  1.23it/s]
 28%|██▊       | 14/50 [00:23<00:28,  1.27it/s]
 30%|███       | 15/50 [00:24<00:27,  1.29it/s]
 32%|███▏      | 16/50 [00:24<00:26,  1.29it/s]
 34%|███▍      | 17/50 [00:25<00:25,  1.31it/s]
 36%|███▌      | 18/50 [00:26<00:24,  1.32it/s]
 38%|███▊      | 19/50 [00:27<00:23,  1.32it/s]
 40%|████      | 20/50 [00:27<00:22,  1.32it/s]
 42%|████▏     | 21/50 [00:28<00:21,  1.32it/s]
 44%|████▍     | 22/50 [00:29<00:21,  1.33it/s]
 46%|████▌     | 23/50 [00:30<00:20,  1.33it/s]
 48%|████▊     | 24/50 [00:30<00:19,  1.33it/s]
 50%|█████     | 25/50 [00:31<00:18,  1.33it/s]
 52%|█████▏    | 26/50 [00:32<00:18,  1.30it/s]
 54%|█████▍    | 27/50 [00:33<00:17,  1.29it/s]
 56%|█████▌    | 28/50 [00:34<00:17,  1.29it/s]
 58%|█████▊    | 29/50 [00:34<00:16,  1.29it/s]
 60%|██████    | 30/50 [00:35<00:15,  1.31it/s]
 62%|██████▏   | 31/50 [00:36<00:14,  1.32it/s]
 64%|██████▍   | 32/50 [00:37<00:13,  1.32it/s]
 66%|██████▌   | 33/50 [00:37<00:12,  1.33it/s]
 68%|██████▊   | 34/50 [00:38<00:11,  1.34it/s]
 70%|███████   | 35/50 [00:39<00:11,  1.33it/s]
 72%|███████▏  | 36/50 [00:40<00:10,  1.33it/s]
 74%|███████▍  | 37/50 [00:40<00:09,  1.34it/s]
 76%|███████▌  | 38/50 [00:41<00:08,  1.34it/s]
 78%|███████▊  | 39/50 [00:42<00:08,  1.34it/s]
 80%|████████  | 40/50 [00:43<00:07,  1.32it/s]
 82%|████████▏ | 41/50 [00:43<00:06,  1.30it/s]
 84%|████████▍ | 42/50 [00:44<00:06,  1.30it/s]
 86%|████████▌ | 43/50 [00:45<00:05,  1.35it/s]
 88%|████████▊ | 44/50 [00:45<00:04,  1.41it/s]
 90%|█████████ | 45/50 [00:46<00:03,  1.45it/s]
 92%|█████████▏| 46/50 [00:47<00:02,  1.47it/s]
 94%|█████████▍| 47/50 [00:47<00:02,  1.45it/s]
 96%|█████████▌| 48/50 [00:48<00:01,  1.44it/s]
 98%|█████████▊| 49/50 [00:49<00:00,  1.43it/s]
100%|██████████| 50/50 [01:01<00:00,  4.09s/it]
100%|██████████| 50/50 [01:01<00:00,  1.23s/it]
