[I 2023-12-11 20:02:22,762] Trial 33 finished with value: 0.0 and parameters: {'EMBEDDING_DIM': 2048, 'HIDDEN_DIM': 1417, 'NUM_LAYERS': 3, 'DROPOUT': 0.14956119605932117, 'LR': 0.008350722972987468, 'WEIGHT_0': 0.8566834316537475, 'WEIGHT_1': 0.1901770707110977, 'WEIGHT_2': 0.2928912178444346, 'WEIGHT_3': 0.28046079113021055, 'WEIGHT_4': 0.7237085345794338, 'WEIGHT_5': 0.09988004351935348, 'WEIGHT_6': 0.07187022283981542, 'WEIGHT_7': 0.7694161518792297, 'WEIGHT_8': 0.6289422854886864}. Best is trial 12 with value: 0.4422704575563029.
{'EMBEDDING_DIM': 2048, 'HIDDEN_DIM': 1417, 'NUM_LAYERS': 3, 'DROPOUT': 0.14956119605932117, 'LR': 0.008350722972987468, 'WEIGHT_0': 0.8566834316537475, 'WEIGHT_1': 0.1901770707110977, 'WEIGHT_2': 0.2928912178444346, 'WEIGHT_3': 0.28046079113021055, 'WEIGHT_4': 0.7237085345794338, 'WEIGHT_5': 0.09988004351935348, 'WEIGHT_6': 0.07187022283981542, 'WEIGHT_7': 0.7694161518792297, 'WEIGHT_8': 0.6289422854886864}
0
              precision    recall  f1-score   support

         LOC       0.00      0.00      0.00      1837
        MISC       0.00      0.00      0.00       922
         ORG       0.00      0.00      0.00      1341
         PER       0.00      0.00      0.00      1842

   micro avg       0.00      0.00      0.00      5942
   macro avg       0.00      0.00      0.00      5942
weighted avg       0.00      0.00      0.00      5942

{'EMBEDDING_DIM': 2048, 'HIDDEN_DIM': 1417, 'NUM_LAYERS': 3, 'DROPOUT': 0.14956119605932117, 'LR': 0.008350722972987468, 'WEIGHT_0': 0.8566834316537475, 'WEIGHT_1': 0.1901770707110977, 'WEIGHT_2': 0.2928912178444346, 'WEIGHT_3': 0.28046079113021055, 'WEIGHT_4': 0.7237085345794338, 'WEIGHT_5': 0.09988004351935348, 'WEIGHT_6': 0.07187022283981542, 'WEIGHT_7': 0.7694161518792297, 'WEIGHT_8': 0.6289422854886864}
49
              precision    recall  f1-score   support

         LOC       0.00      0.00      0.00      1837
        MISC       0.00      0.00      0.00       922
         ORG       0.00      0.00      0.00      1341
         PER       0.00      0.00      0.00      1842

   micro avg       0.00      0.00      0.00      5942
   macro avg       0.00      0.00      0.00      5942
weighted avg       0.00      0.00      0.00      5942

epoch 49
Transformer

  0%|          | 0/50 [00:00<?, ?it/s]
  2%|▏         | 1/50 [00:06<04:57,  6.08s/it]
  4%|▍         | 2/50 [00:06<02:03,  2.57s/it]
  6%|▌         | 3/50 [00:06<01:07,  1.44s/it]
  8%|▊         | 4/50 [00:06<00:42,  1.09it/s]
 10%|█         | 5/50 [00:06<00:28,  1.60it/s]
 12%|█▏        | 6/50 [00:06<00:19,  2.24it/s]
 14%|█▍        | 7/50 [00:06<00:14,  2.99it/s]
 16%|█▌        | 8/50 [00:06<00:10,  3.84it/s]
 18%|█▊        | 9/50 [00:06<00:08,  4.73it/s]
 20%|██        | 10/50 [00:07<00:07,  5.61it/s]
 22%|██▏       | 11/50 [00:07<00:06,  6.46it/s]
 24%|██▍       | 12/50 [00:07<00:05,  7.19it/s]
 26%|██▌       | 13/50 [00:07<00:04,  7.80it/s]
 28%|██▊       | 14/50 [00:07<00:04,  8.28it/s]
 30%|███       | 15/50 [00:07<00:04,  8.65it/s]
 32%|███▏      | 16/50 [00:07<00:03,  8.88it/s]
 34%|███▍      | 17/50 [00:07<00:03,  9.02it/s]
 36%|███▌      | 18/50 [00:07<00:03,  9.00it/s]
 38%|███▊      | 19/50 [00:07<00:03,  9.20it/s]
 42%|████▏     | 21/50 [00:08<00:03,  9.60it/s]
 46%|████▌     | 23/50 [00:08<00:02,  9.83it/s]
 48%|████▊     | 24/50 [00:08<00:02,  9.84it/s]
 52%|█████▏    | 26/50 [00:08<00:02,  9.98it/s]
 54%|█████▍    | 27/50 [00:08<00:02,  9.98it/s]
 58%|█████▊    | 29/50 [00:08<00:02, 10.13it/s]
 62%|██████▏   | 31/50 [00:09<00:01, 10.30it/s]
 66%|██████▌   | 33/50 [00:09<00:01, 10.43it/s]
 70%|███████   | 35/50 [00:09<00:01, 10.46it/s]
 74%|███████▍  | 37/50 [00:09<00:01, 10.46it/s]
 78%|███████▊  | 39/50 [00:09<00:01, 10.38it/s]
 82%|████████▏ | 41/50 [00:10<00:00, 10.47it/s]
 86%|████████▌ | 43/50 [00:10<00:00, 10.65it/s]
 90%|█████████ | 45/50 [00:10<00:00, 10.72it/s]
 94%|█████████▍| 47/50 [00:10<00:00, 10.76it/s]
 98%|█████████▊| 49/50 [00:10<00:00, 10.86it/s]
100%|██████████| 50/50 [00:16<00:00,  2.96it/s]
[I 2023-12-11 20:02:45,743] Trial 34 finished with value: 0.419358024691358 and parameters: {'EMBEDDING_DIM': 32, 'HIDDEN_DIM': 273, 'NUM_LAYERS': 1, 'DROPOUT': 0.0200812391663322, 'LR': 0.009397155445909362, 'WEIGHT_0': 0.796734137820029, 'WEIGHT_1': 0.302458190716657, 'WEIGHT_2': 0.1880979292808591, 'WEIGHT_3': 0.3623528793241757, 'WEIGHT_4': 0.909767017787714, 'WEIGHT_5': 0.05894057248299264, 'WEIGHT_6': 0.13912618255558146, 'WEIGHT_7': 0.8254025812905232, 'WEIGHT_8': 0.6588859402606286}. Best is trial 12 with value: 0.4422704575563029.
{'EMBEDDING_DIM': 32, 'HIDDEN_DIM': 273, 'NUM_LAYERS': 1, 'DROPOUT': 0.0200812391663322, 'LR': 0.009397155445909362, 'WEIGHT_0': 0.796734137820029, 'WEIGHT_1': 0.302458190716657, 'WEIGHT_2': 0.1880979292808591, 'WEIGHT_3': 0.3623528793241757, 'WEIGHT_4': 0.909767017787714, 'WEIGHT_5': 0.05894057248299264, 'WEIGHT_6': 0.13912618255558146, 'WEIGHT_7': 0.8254025812905232, 'WEIGHT_8': 0.6588859402606286}
0
              precision    recall  f1-score   support

         LOC       0.00      0.00      0.00      1837
        MISC       0.00      0.00      0.00       922
         ORG       0.00      0.00      0.00      1341
         PER       0.00      0.00      0.00      1842

   micro avg       0.00      0.00      0.00      5942
   macro avg       0.00      0.00      0.00      5942
weighted avg       0.00      0.00      0.00      5942

{'EMBEDDING_DIM': 32, 'HIDDEN_DIM': 273, 'NUM_LAYERS': 1, 'DROPOUT': 0.0200812391663322, 'LR': 0.009397155445909362, 'WEIGHT_0': 0.796734137820029, 'WEIGHT_1': 0.302458190716657, 'WEIGHT_2': 0.1880979292808591, 'WEIGHT_3': 0.3623528793241757, 'WEIGHT_4': 0.909767017787714, 'WEIGHT_5': 0.05894057248299264, 'WEIGHT_6': 0.13912618255558146, 'WEIGHT_7': 0.8254025812905232, 'WEIGHT_8': 0.6588859402606286}
49
              precision    recall  f1-score   support

         LOC       0.75      0.55      0.64      1837
        MISC       0.59      0.46      0.52       922
         ORG       0.38      0.24      0.29      1341
         PER       0.28      0.19      0.23      1842

   micro avg       0.51      0.36      0.42      5942
   macro avg       0.50      0.36      0.42      5942
weighted avg       0.50      0.36      0.42      5942

epoch 49
Transformer

  0%|          | 0/50 [00:00<?, ?it/s]
  2%|▏         | 1/50 [00:06<05:16,  6.46s/it]
  4%|▍         | 2/50 [00:06<02:16,  2.84s/it]
  6%|▌         | 3/50 [00:07<01:18,  1.68s/it]
  8%|▊         | 4/50 [00:07<00:52,  1.13s/it]
 10%|█         | 5/50 [00:07<00:37,  1.20it/s]
 12%|█▏        | 6/50 [00:07<00:28,  1.54it/s]
 14%|█▍        | 7/50 [00:08<00:22,  1.87it/s]
 16%|█▌        | 8/50 [00:08<00:19,  2.18it/s]
 18%|█▊        | 9/50 [00:08<00:16,  2.46it/s]
 20%|██        | 10/50 [00:09<00:14,  2.69it/s]
 22%|██▏       | 11/50 [00:09<00:13,  2.88it/s]
 24%|██▍       | 12/50 [00:09<00:12,  3.02it/s]
 26%|██▌       | 13/50 [00:10<00:11,  3.14it/s]
 28%|██▊       | 14/50 [00:10<00:11,  3.22it/s]
 30%|███       | 15/50 [00:10<00:10,  3.28it/s]
 32%|███▏      | 16/50 [00:10<00:10,  3.32it/s]
 34%|███▍      | 17/50 [00:11<00:09,  3.35it/s]
 36%|███▌      | 18/50 [00:11<00:09,  3.37it/s]
 38%|███▊      | 19/50 [00:11<00:09,  3.39it/s]
 40%|████      | 20/50 [00:12<00:08,  3.40it/s]
 42%|████▏     | 21/50 [00:12<00:08,  3.41it/s]
 44%|████▍     | 22/50 [00:12<00:08,  3.41it/s]
 46%|████▌     | 23/50 [00:12<00:07,  3.41it/s]
 48%|████▊     | 24/50 [00:13<00:07,  3.42it/s]
 50%|█████     | 25/50 [00:13<00:07,  3.42it/s]
 52%|█████▏    | 26/50 [00:13<00:07,  3.42it/s]
 54%|█████▍    | 27/50 [00:14<00:06,  3.42it/s]
 56%|█████▌    | 28/50 [00:14<00:06,  3.42it/s]
 58%|█████▊    | 29/50 [00:14<00:06,  3.42it/s]
 60%|██████    | 30/50 [00:14<00:05,  3.42it/s]
 62%|██████▏   | 31/50 [00:15<00:05,  3.40it/s]
 64%|██████▍   | 32/50 [00:15<00:05,  3.41it/s]
 66%|██████▌   | 33/50 [00:15<00:04,  3.41it/s]
 68%|██████▊   | 34/50 [00:16<00:04,  3.41it/s]
 70%|███████   | 35/50 [00:16<00:04,  3.41it/s]
 72%|███████▏  | 36/50 [00:16<00:04,  3.40it/s]
 74%|███████▍  | 37/50 [00:17<00:03,  3.40it/s]
 76%|███████▌  | 38/50 [00:17<00:03,  3.39it/s]
 78%|███████▊  | 39/50 [00:17<00:03,  3.40it/s]
 80%|████████  | 40/50 [00:17<00:02,  3.34it/s]
 82%|████████▏ | 41/50 [00:18<00:02,  3.34it/s]
 84%|████████▍ | 42/50 [00:18<00:02,  3.35it/s]
 86%|████████▌ | 43/50 [00:18<00:02,  3.36it/s]
 88%|████████▊ | 44/50 [00:19<00:01,  3.36it/s]
 90%|█████████ | 45/50 [00:19<00:01,  3.38it/s]
 92%|█████████▏| 46/50 [00:19<00:01,  3.38it/s]
 94%|█████████▍| 47/50 [00:20<00:00,  3.39it/s]
 96%|█████████▌| 48/50 [00:20<00:00,  3.39it/s]
 98%|█████████▊| 49/50 [00:20<00:00,  3.39it/s]
100%|██████████| 50/50 [00:27<00:00,  2.15s/it]
100%|██████████| 50/50 [00:27<00:00,  1.85it/s]
[I 2023-12-11 20:03:18,539] Trial 35 finished with value: 0.08376477861061743 and parameters: {'EMBEDDING_DIM': 256, 'HIDDEN_DIM': 2484, 'NUM_LAYERS': 1, 'DROPOUT': 0.07138020920674616, 'LR': 0.008907160112465763, 'WEIGHT_0': 0.6884878073293058, 'WEIGHT_1': 0.09063598202508533, 'WEIGHT_2': 0.17478004119964127, 'WEIGHT_3': 0.14330400679836408, 'WEIGHT_4': 0.8501360488134565, 'WEIGHT_5': 0.1340183323742577, 'WEIGHT_6': 0.36642376105714997, 'WEIGHT_7': 0.9358961035546863, 'WEIGHT_8': 0.5612570407571863}. Best is trial 12 with value: 0.4422704575563029.
{'EMBEDDING_DIM': 256, 'HIDDEN_DIM': 2484, 'NUM_LAYERS': 1, 'DROPOUT': 0.07138020920674616, 'LR': 0.008907160112465763, 'WEIGHT_0': 0.6884878073293058, 'WEIGHT_1': 0.09063598202508533, 'WEIGHT_2': 0.17478004119964127, 'WEIGHT_3': 0.14330400679836408, 'WEIGHT_4': 0.8501360488134565, 'WEIGHT_5': 0.1340183323742577, 'WEIGHT_6': 0.36642376105714997, 'WEIGHT_7': 0.9358961035546863, 'WEIGHT_8': 0.5612570407571863}
0
              precision    recall  f1-score   support

         LOC       0.00      0.00      0.00      1837
        MISC       0.03      0.07      0.04       922
         ORG       0.00      0.00      0.00      1341
         PER       0.00      0.00      0.00      1842

   micro avg       0.03      0.01      0.02      5942
   macro avg       0.01      0.02      0.01      5942
weighted avg       0.00      0.01      0.01      5942

{'EMBEDDING_DIM': 256, 'HIDDEN_DIM': 2484, 'NUM_LAYERS': 1, 'DROPOUT': 0.07138020920674616, 'LR': 0.008907160112465763, 'WEIGHT_0': 0.6884878073293058, 'WEIGHT_1': 0.09063598202508533, 'WEIGHT_2': 0.17478004119964127, 'WEIGHT_3': 0.14330400679836408, 'WEIGHT_4': 0.8501360488134565, 'WEIGHT_5': 0.1340183323742577, 'WEIGHT_6': 0.36642376105714997, 'WEIGHT_7': 0.9358961035546863, 'WEIGHT_8': 0.5612570407571863}
49
              precision    recall  f1-score   support

         LOC       0.24      0.01      0.03      1837
        MISC       0.05      0.25      0.08       922
         ORG       0.00      0.00      0.00      1341
         PER       0.15      0.16      0.15      1842

   micro avg       0.08      0.09      0.08      5942
   macro avg       0.11      0.10      0.06      5942
weighted avg       0.13      0.09      0.07      5942

epoch 49
Transformer

  0%|          | 0/50 [00:00<?, ?it/s]
  2%|▏         | 1/50 [00:07<06:27,  7.92s/it]
  4%|▍         | 2/50 [00:08<02:41,  3.36s/it]
  6%|▌         | 3/50 [00:08<01:29,  1.90s/it]
  8%|▊         | 4/50 [00:08<00:55,  1.21s/it]
 10%|█         | 5/50 [00:08<00:37,  1.21it/s]
 12%|█▏        | 6/50 [00:08<00:26,  1.67it/s]
 14%|█▍        | 7/50 [00:08<00:20,  2.10it/s]
 16%|█▌        | 8/50 [00:09<00:16,  2.49it/s]
 18%|█▊        | 9/50 [00:09<00:14,  2.81it/s]
 20%|██        | 10/50 [00:09<00:13,  3.02it/s]
 22%|██▏       | 11/50 [00:09<00:12,  3.15it/s]
 24%|██▍       | 12/50 [00:10<00:11,  3.24it/s]
 26%|██▌       | 13/50 [00:10<00:11,  3.29it/s]
 28%|██▊       | 14/50 [00:10<00:10,  3.34it/s]
 30%|███       | 15/50 [00:11<00:10,  3.29it/s]
 32%|███▏      | 16/50 [00:11<00:10,  3.26it/s]
 34%|███▍      | 17/50 [00:11<00:10,  3.22it/s]
 36%|███▌      | 18/50 [00:12<00:09,  3.21it/s]
 38%|███▊      | 19/50 [00:12<00:09,  3.20it/s]
 40%|████      | 20/50 [00:12<00:09,  3.21it/s]
 42%|████▏     | 21/50 [00:13<00:09,  3.18it/s]
 44%|████▍     | 22/50 [00:13<00:08,  3.19it/s]
 46%|████▌     | 23/50 [00:13<00:08,  3.19it/s]
 48%|████▊     | 24/50 [00:14<00:08,  3.18it/s]
 50%|█████     | 25/50 [00:14<00:07,  3.13it/s]
 52%|█████▏    | 26/50 [00:14<00:07,  3.08it/s]
 54%|█████▍    | 27/50 [00:15<00:07,  3.05it/s]
 56%|█████▌    | 28/50 [00:15<00:07,  3.02it/s]
 58%|█████▊    | 29/50 [00:15<00:06,  3.04it/s]
 60%|██████    | 30/50 [00:16<00:06,  3.02it/s]
 62%|██████▏   | 31/50 [00:16<00:06,  3.06it/s]
 64%|██████▍   | 32/50 [00:16<00:05,  3.10it/s]
 66%|██████▌   | 33/50 [00:16<00:05,  3.13it/s]
 68%|██████▊   | 34/50 [00:17<00:05,  3.15it/s]
 70%|███████   | 35/50 [00:17<00:04,  3.17it/s]
 72%|███████▏  | 36/50 [00:17<00:04,  3.18it/s]
 74%|███████▍  | 37/50 [00:18<00:04,  3.17it/s]
 76%|███████▌  | 38/50 [00:18<00:03,  3.16it/s]
 78%|███████▊  | 39/50 [00:18<00:03,  3.18it/s]
 80%|████████  | 40/50 [00:19<00:03,  3.19it/s]
 82%|████████▏ | 41/50 [00:19<00:02,  3.19it/s]
 84%|████████▍ | 42/50 [00:19<00:02,  3.20it/s]
 86%|████████▌ | 43/50 [00:20<00:02,  3.19it/s]
 88%|████████▊ | 44/50 [00:20<00:01,  3.19it/s]
 90%|█████████ | 45/50 [00:20<00:01,  3.28it/s]
 92%|█████████▏| 46/50 [00:20<00:01,  3.83it/s]
 94%|█████████▍| 47/50 [00:21<00:00,  4.34it/s]
 96%|█████████▌| 48/50 [00:21<00:00,  4.76it/s]
 98%|█████████▊| 49/50 [00:21<00:00,  5.06it/s]
100%|██████████| 50/50 [00:29<00:00,  2.51s/it]
100%|██████████| 50/50 [00:29<00:00,  1.71it/s]
[I 2023-12-11 20:03:55,269] Trial 36 finished with value: 0.09604461427243623 and parameters: {'EMBEDDING_DIM': 16, 'HIDDEN_DIM': 892, 'NUM_LAYERS': 2, 'DROPOUT': 0.1860104703783722, 'LR': 0.008146418011456966, 'WEIGHT_0': 0.5360685091136187, 'WEIGHT_1': 0.20515249573378253, 'WEIGHT_2': 0.13614252371699093, 'WEIGHT_3': 0.07192512344132759, 'WEIGHT_4': 0.7692424196285406, 'WEIGHT_5': 0.0004783821618051798, 'WEIGHT_6': 0.195335840687936, 'WEIGHT_7': 0.6689583532446107, 'WEIGHT_8': 0.4308621008968226}. Best is trial 12 with value: 0.4422704575563029.
{'EMBEDDING_DIM': 16, 'HIDDEN_DIM': 892, 'NUM_LAYERS': 2, 'DROPOUT': 0.1860104703783722, 'LR': 0.008146418011456966, 'WEIGHT_0': 0.5360685091136187, 'WEIGHT_1': 0.20515249573378253, 'WEIGHT_2': 0.13614252371699093, 'WEIGHT_3': 0.07192512344132759, 'WEIGHT_4': 0.7692424196285406, 'WEIGHT_5': 0.0004783821618051798, 'WEIGHT_6': 0.195335840687936, 'WEIGHT_7': 0.6689583532446107, 'WEIGHT_8': 0.4308621008968226}
0
              precision    recall  f1-score   support

         LOC       0.00      0.00      0.00      1837
        MISC       0.00      0.00      0.00       922
         ORG       0.00      0.00      0.00      1341
         PER       0.00      0.00      0.00      1842

   micro avg       0.00      0.00      0.00      5942
   macro avg       0.00      0.00      0.00      5942
weighted avg       0.00      0.00      0.00      5942

{'EMBEDDING_DIM': 16, 'HIDDEN_DIM': 892, 'NUM_LAYERS': 2, 'DROPOUT': 0.1860104703783722, 'LR': 0.008146418011456966, 'WEIGHT_0': 0.5360685091136187, 'WEIGHT_1': 0.20515249573378253, 'WEIGHT_2': 0.13614252371699093, 'WEIGHT_3': 0.07192512344132759, 'WEIGHT_4': 0.7692424196285406, 'WEIGHT_5': 0.0004783821618051798, 'WEIGHT_6': 0.195335840687936, 'WEIGHT_7': 0.6689583532446107, 'WEIGHT_8': 0.4308621008968226}
49
              precision    recall  f1-score   support

         LOC       0.00      0.00      0.00      1837
        MISC       0.04      0.02      0.03       922
         ORG       0.11      0.23      0.15      1341
         PER       0.24      0.07      0.11      1842

   micro avg       0.12      0.08      0.10      5942
   macro avg       0.10      0.08      0.07      5942
weighted avg       0.11      0.08      0.07      5942

epoch 49
Transformer

  0%|          | 0/50 [00:00<?, ?it/s]
  2%|▏         | 1/50 [00:07<05:49,  7.14s/it]
  4%|▍         | 2/50 [00:08<02:49,  3.54s/it]
  6%|▌         | 3/50 [00:09<01:52,  2.39s/it]
  8%|▊         | 4/50 [00:10<01:25,  1.85s/it]
 10%|█         | 5/50 [00:11<01:09,  1.55s/it]
 12%|█▏        | 6/50 [00:12<01:00,  1.37s/it]
 14%|█▍        | 7/50 [00:13<00:54,  1.26s/it]
 16%|█▌        | 8/50 [00:14<00:49,  1.19s/it]
 18%|█▊        | 9/50 [00:15<00:46,  1.14s/it]
 20%|██        | 10/50 [00:16<00:44,  1.10s/it]
 22%|██▏       | 11/50 [00:17<00:42,  1.08s/it]
 24%|██▍       | 12/50 [00:18<00:40,  1.07s/it]
 26%|██▌       | 13/50 [00:19<00:39,  1.06s/it]
 28%|██▊       | 14/50 [00:20<00:37,  1.05s/it]
 30%|███       | 15/50 [00:21<00:36,  1.04s/it]
 32%|███▏      | 16/50 [00:22<00:35,  1.04s/it]
 34%|███▍      | 17/50 [00:23<00:34,  1.04s/it]
 36%|███▌      | 18/50 [00:24<00:33,  1.04s/it]
 38%|███▊      | 19/50 [00:25<00:32,  1.04s/it]
 40%|████      | 20/50 [00:26<00:31,  1.04s/it]
 42%|████▏     | 21/50 [00:27<00:30,  1.04s/it]
 44%|████▍     | 22/50 [00:28<00:29,  1.04s/it]
 46%|████▌     | 23/50 [00:29<00:27,  1.04s/it]
 48%|████▊     | 24/50 [00:30<00:26,  1.04s/it]
 50%|█████     | 25/50 [00:31<00:25,  1.04s/it]
 52%|█████▏    | 26/50 [00:32<00:24,  1.04s/it]
 54%|█████▍    | 27/50 [00:33<00:23,  1.04s/it]
 56%|█████▌    | 28/50 [00:35<00:22,  1.04s/it]
 58%|█████▊    | 29/50 [00:36<00:21,  1.04s/it]
 60%|██████    | 30/50 [00:37<00:20,  1.04s/it]
 62%|██████▏   | 31/50 [00:38<00:19,  1.04s/it]
 64%|██████▍   | 32/50 [00:39<00:18,  1.04s/it]
 66%|██████▌   | 33/50 [00:40<00:17,  1.04s/it]
 68%|██████▊   | 34/50 [00:41<00:16,  1.04s/it]
 70%|███████   | 35/50 [00:42<00:15,  1.05s/it]
 72%|███████▏  | 36/50 [00:43<00:14,  1.05s/it]
 74%|███████▍  | 37/50 [00:44<00:13,  1.05s/it]
 76%|███████▌  | 38/50 [00:45<00:12,  1.05s/it]
 78%|███████▊  | 39/50 [00:46<00:11,  1.05s/it]
 80%|████████  | 40/50 [00:47<00:10,  1.05s/it]
 82%|████████▏ | 41/50 [00:48<00:09,  1.06s/it]
 84%|████████▍ | 42/50 [00:49<00:08,  1.06s/it]
 86%|████████▌ | 43/50 [00:50<00:07,  1.06s/it]
 88%|████████▊ | 44/50 [00:51<00:06,  1.07s/it]
 90%|█████████ | 45/50 [00:52<00:05,  1.07s/it]
 92%|█████████▏| 46/50 [00:54<00:04,  1.07s/it]
 94%|█████████▍| 47/50 [00:55<00:03,  1.08s/it]
 96%|█████████▌| 48/50 [00:56<00:02,  1.08s/it]
 98%|█████████▊| 49/50 [00:57<00:01,  1.08s/it]
100%|██████████| 50/50 [01:04<00:00,  2.92s/it]
100%|██████████| 50/50 [01:04<00:00,  1.29s/it]
