[I 2023-12-11 21:52:14,574] Trial 243 finished with value: 0.4448855918921743 and parameters: {'EMBEDDING_DIM': 32, 'HIDDEN_DIM': 672, 'NUM_LAYERS': 1, 'DROPOUT': 0.27784915428695256, 'LR': 0.006294795635866557, 'WEIGHT_0': 0.9528845225882557, 'WEIGHT_1': 0.15597732461388925, 'WEIGHT_2': 0.2058983191095966, 'WEIGHT_3': 0.2013097626171944, 'WEIGHT_4': 0.8670776600738549, 'WEIGHT_5': 0.44644304054263434, 'WEIGHT_6': 0.05002840788786366, 'WEIGHT_7': 0.5583796302945132, 'WEIGHT_8': 0.8190085601814584}. Best is trial 223 with value: 0.4540043855069437.
{'EMBEDDING_DIM': 32, 'HIDDEN_DIM': 672, 'NUM_LAYERS': 1, 'DROPOUT': 0.27784915428695256, 'LR': 0.006294795635866557, 'WEIGHT_0': 0.9528845225882557, 'WEIGHT_1': 0.15597732461388925, 'WEIGHT_2': 0.2058983191095966, 'WEIGHT_3': 0.2013097626171944, 'WEIGHT_4': 0.8670776600738549, 'WEIGHT_5': 0.44644304054263434, 'WEIGHT_6': 0.05002840788786366, 'WEIGHT_7': 0.5583796302945132, 'WEIGHT_8': 0.8190085601814584}
0
              precision    recall  f1-score   support

         LOC       0.00      0.00      0.00      1837
        MISC       0.00      0.00      0.00       922
         ORG       0.00      0.00      0.00      1341
         PER       0.00      0.00      0.00      1842

   micro avg       0.00      0.00      0.00      5942
   macro avg       0.00      0.00      0.00      5942
weighted avg       0.00      0.00      0.00      5942

{'EMBEDDING_DIM': 32, 'HIDDEN_DIM': 672, 'NUM_LAYERS': 1, 'DROPOUT': 0.27784915428695256, 'LR': 0.006294795635866557, 'WEIGHT_0': 0.9528845225882557, 'WEIGHT_1': 0.15597732461388925, 'WEIGHT_2': 0.2058983191095966, 'WEIGHT_3': 0.2013097626171944, 'WEIGHT_4': 0.8670776600738549, 'WEIGHT_5': 0.44644304054263434, 'WEIGHT_6': 0.05002840788786366, 'WEIGHT_7': 0.5583796302945132, 'WEIGHT_8': 0.8190085601814584}
49
              precision    recall  f1-score   support

         LOC       0.77      0.59      0.66      1837
        MISC       0.64      0.47      0.54       922
         ORG       0.42      0.22      0.29      1341
         PER       0.38      0.18      0.25      1842

   micro avg       0.59      0.36      0.44      5942
   macro avg       0.55      0.36      0.43      5942
weighted avg       0.55      0.36      0.43      5942

epoch 49
Transformer

  0%|          | 0/50 [00:00<?, ?it/s]
  2%|▏         | 1/50 [00:05<04:48,  5.90s/it]
  6%|▌         | 3/50 [00:06<01:15,  1.60s/it]
 10%|█         | 5/50 [00:06<00:37,  1.21it/s]
 14%|█▍        | 7/50 [00:06<00:22,  1.94it/s]
 18%|█▊        | 9/50 [00:06<00:14,  2.82it/s]
 22%|██▏       | 11/50 [00:06<00:10,  3.81it/s]
 26%|██▌       | 13/50 [00:06<00:07,  4.89it/s]
 30%|███       | 15/50 [00:07<00:05,  5.99it/s]
 34%|███▍      | 17/50 [00:07<00:04,  7.03it/s]
 38%|███▊      | 19/50 [00:07<00:03,  7.99it/s]
 42%|████▏     | 21/50 [00:07<00:03,  8.79it/s]
 46%|████▌     | 23/50 [00:07<00:02,  9.42it/s]
 50%|█████     | 25/50 [00:08<00:02,  9.93it/s]
 54%|█████▍    | 27/50 [00:08<00:02, 10.33it/s]
 58%|█████▊    | 29/50 [00:08<00:01, 10.61it/s]
 62%|██████▏   | 31/50 [00:08<00:01, 10.81it/s]
 66%|██████▌   | 33/50 [00:08<00:01, 10.93it/s]
 70%|███████   | 35/50 [00:08<00:01, 11.01it/s]
 74%|███████▍  | 37/50 [00:09<00:01, 11.15it/s]
 78%|███████▊  | 39/50 [00:09<00:00, 11.18it/s]
 82%|████████▏ | 41/50 [00:09<00:00, 11.25it/s]
 86%|████████▌ | 43/50 [00:09<00:00, 11.28it/s]
 90%|█████████ | 45/50 [00:09<00:00, 11.30it/s]
 94%|█████████▍| 47/50 [00:09<00:00, 11.31it/s]
 98%|█████████▊| 49/50 [00:10<00:00, 11.34it/s]
100%|██████████| 50/50 [00:16<00:00,  3.12it/s]
[I 2023-12-11 21:52:36,246] Trial 244 finished with value: 0.4485248607386012 and parameters: {'EMBEDDING_DIM': 32, 'HIDDEN_DIM': 673, 'NUM_LAYERS': 1, 'DROPOUT': 0.28004575452091696, 'LR': 0.006484708731389851, 'WEIGHT_0': 0.9487342033054136, 'WEIGHT_1': 0.15166627155479967, 'WEIGHT_2': 0.21218657134515817, 'WEIGHT_3': 0.22008287862102, 'WEIGHT_4': 0.8416789295445839, 'WEIGHT_5': 0.44713500148018964, 'WEIGHT_6': 0.0565344207839113, 'WEIGHT_7': 0.6165616160973032, 'WEIGHT_8': 0.8648042868761475}. Best is trial 223 with value: 0.4540043855069437.
{'EMBEDDING_DIM': 32, 'HIDDEN_DIM': 673, 'NUM_LAYERS': 1, 'DROPOUT': 0.28004575452091696, 'LR': 0.006484708731389851, 'WEIGHT_0': 0.9487342033054136, 'WEIGHT_1': 0.15166627155479967, 'WEIGHT_2': 0.21218657134515817, 'WEIGHT_3': 0.22008287862102, 'WEIGHT_4': 0.8416789295445839, 'WEIGHT_5': 0.44713500148018964, 'WEIGHT_6': 0.0565344207839113, 'WEIGHT_7': 0.6165616160973032, 'WEIGHT_8': 0.8648042868761475}
0
              precision    recall  f1-score   support

         LOC       0.00      0.00      0.00      1837
        MISC       0.00      0.00      0.00       922
         ORG       0.00      0.00      0.00      1341
         PER       0.00      0.00      0.00      1842

   micro avg       0.00      0.00      0.00      5942
   macro avg       0.00      0.00      0.00      5942
weighted avg       0.00      0.00      0.00      5942

{'EMBEDDING_DIM': 32, 'HIDDEN_DIM': 673, 'NUM_LAYERS': 1, 'DROPOUT': 0.28004575452091696, 'LR': 0.006484708731389851, 'WEIGHT_0': 0.9487342033054136, 'WEIGHT_1': 0.15166627155479967, 'WEIGHT_2': 0.21218657134515817, 'WEIGHT_3': 0.22008287862102, 'WEIGHT_4': 0.8416789295445839, 'WEIGHT_5': 0.44713500148018964, 'WEIGHT_6': 0.0565344207839113, 'WEIGHT_7': 0.6165616160973032, 'WEIGHT_8': 0.8648042868761475}
49
              precision    recall  f1-score   support

         LOC       0.72      0.60      0.65      1837
        MISC       0.66      0.50      0.57       922
         ORG       0.45      0.21      0.28      1341
         PER       0.37      0.18      0.25      1842

   micro avg       0.58      0.37      0.45      5942
   macro avg       0.55      0.37      0.44      5942
weighted avg       0.54      0.37      0.43      5942

epoch 49
Transformer

  0%|          | 0/50 [00:00<?, ?it/s]
  2%|▏         | 1/50 [00:05<04:47,  5.86s/it]
  6%|▌         | 3/50 [00:06<01:14,  1.59s/it]
 10%|█         | 5/50 [00:06<00:36,  1.22it/s]
 14%|█▍        | 7/50 [00:06<00:21,  1.96it/s]
 18%|█▊        | 9/50 [00:06<00:14,  2.84it/s]
 22%|██▏       | 11/50 [00:06<00:10,  3.86it/s]
 26%|██▌       | 13/50 [00:06<00:07,  4.92it/s]
 30%|███       | 15/50 [00:07<00:05,  6.02it/s]
 34%|███▍      | 17/50 [00:07<00:04,  7.05it/s]
 38%|███▊      | 19/50 [00:07<00:03,  8.01it/s]
 42%|████▏     | 21/50 [00:07<00:03,  8.81it/s]
 46%|████▌     | 23/50 [00:07<00:02,  9.47it/s]
 50%|█████     | 25/50 [00:08<00:02,  9.98it/s]
 54%|█████▍    | 27/50 [00:08<00:02, 10.39it/s]
 58%|█████▊    | 29/50 [00:08<00:01, 10.68it/s]
 62%|██████▏   | 31/50 [00:08<00:01, 10.90it/s]
 66%|██████▌   | 33/50 [00:08<00:01, 11.05it/s]
 70%|███████   | 35/50 [00:08<00:01, 11.14it/s]
 74%|███████▍  | 37/50 [00:09<00:01, 11.20it/s]
 78%|███████▊  | 39/50 [00:09<00:00, 11.26it/s]
 82%|████████▏ | 41/50 [00:09<00:00, 11.30it/s]
 86%|████████▌ | 43/50 [00:09<00:00, 11.34it/s]
 90%|█████████ | 45/50 [00:09<00:00, 11.34it/s]
 94%|█████████▍| 47/50 [00:09<00:00, 11.35it/s]
 98%|█████████▊| 49/50 [00:10<00:00, 11.38it/s]
100%|██████████| 50/50 [00:15<00:00,  3.13it/s]
[I 2023-12-11 21:52:57,840] Trial 245 finished with value: 0.44935581858175344 and parameters: {'EMBEDDING_DIM': 32, 'HIDDEN_DIM': 589, 'NUM_LAYERS': 1, 'DROPOUT': 0.2798119967180373, 'LR': 0.006255564277645891, 'WEIGHT_0': 0.9498947548689837, 'WEIGHT_1': 0.1485757316861831, 'WEIGHT_2': 0.23552984998476334, 'WEIGHT_3': 0.20218086378768635, 'WEIGHT_4': 0.838404980593284, 'WEIGHT_5': 0.43015034010129, 'WEIGHT_6': 0.06770560316055407, 'WEIGHT_7': 0.6286249982754107, 'WEIGHT_8': 0.8712128627404911}. Best is trial 223 with value: 0.4540043855069437.
{'EMBEDDING_DIM': 32, 'HIDDEN_DIM': 589, 'NUM_LAYERS': 1, 'DROPOUT': 0.2798119967180373, 'LR': 0.006255564277645891, 'WEIGHT_0': 0.9498947548689837, 'WEIGHT_1': 0.1485757316861831, 'WEIGHT_2': 0.23552984998476334, 'WEIGHT_3': 0.20218086378768635, 'WEIGHT_4': 0.838404980593284, 'WEIGHT_5': 0.43015034010129, 'WEIGHT_6': 0.06770560316055407, 'WEIGHT_7': 0.6286249982754107, 'WEIGHT_8': 0.8712128627404911}
0
              precision    recall  f1-score   support

         LOC       0.00      0.00      0.00      1837
        MISC       0.00      0.00      0.00       922
         ORG       0.00      0.00      0.00      1341
         PER       0.00      0.00      0.00      1842

   micro avg       0.00      0.00      0.00      5942
   macro avg       0.00      0.00      0.00      5942
weighted avg       0.00      0.00      0.00      5942

{'EMBEDDING_DIM': 32, 'HIDDEN_DIM': 589, 'NUM_LAYERS': 1, 'DROPOUT': 0.2798119967180373, 'LR': 0.006255564277645891, 'WEIGHT_0': 0.9498947548689837, 'WEIGHT_1': 0.1485757316861831, 'WEIGHT_2': 0.23552984998476334, 'WEIGHT_3': 0.20218086378768635, 'WEIGHT_4': 0.838404980593284, 'WEIGHT_5': 0.43015034010129, 'WEIGHT_6': 0.06770560316055407, 'WEIGHT_7': 0.6286249982754107, 'WEIGHT_8': 0.8712128627404911}
49
              precision    recall  f1-score   support

         LOC       0.78      0.59      0.67      1837
        MISC       0.64      0.47      0.54       922
         ORG       0.45      0.22      0.29      1341
         PER       0.38      0.18      0.25      1842

   micro avg       0.60      0.36      0.45      5942
   macro avg       0.56      0.37      0.44      5942
weighted avg       0.56      0.36      0.43      5942

epoch 49
Transformer

  0%|          | 0/50 [00:00<?, ?it/s]
  2%|▏         | 1/50 [00:05<04:45,  5.82s/it]
  6%|▌         | 3/50 [00:06<01:14,  1.58s/it]
 10%|█         | 5/50 [00:06<00:36,  1.23it/s]
 12%|█▏        | 6/50 [00:06<00:27,  1.60it/s]
 14%|█▍        | 7/50 [00:06<00:20,  2.06it/s]
 16%|█▌        | 8/50 [00:06<00:15,  2.64it/s]
 18%|█▊        | 9/50 [00:06<00:12,  3.34it/s]
 20%|██        | 10/50 [00:06<00:09,  4.12it/s]
 22%|██▏       | 11/50 [00:06<00:07,  4.88it/s]
 24%|██▍       | 12/50 [00:06<00:07,  5.37it/s]
 26%|██▌       | 13/50 [00:07<00:06,  5.68it/s]
 28%|██▊       | 14/50 [00:07<00:05,  6.28it/s]
 30%|███       | 15/50 [00:07<00:05,  6.83it/s]
 32%|███▏      | 16/50 [00:07<00:04,  7.30it/s]
 34%|███▍      | 17/50 [00:07<00:04,  7.66it/s]
 36%|███▌      | 18/50 [00:07<00:04,  7.92it/s]
 38%|███▊      | 19/50 [00:07<00:03,  8.13it/s]
 40%|████      | 20/50 [00:07<00:03,  8.36it/s]
 44%|████▍     | 22/50 [00:08<00:02,  9.54it/s]
 48%|████▊     | 24/50 [00:08<00:02, 10.21it/s]
 52%|█████▏    | 26/50 [00:08<00:02, 10.61it/s]
 56%|█████▌    | 28/50 [00:08<00:02, 10.85it/s]
 60%|██████    | 30/50 [00:08<00:01, 11.01it/s]
 64%|██████▍   | 32/50 [00:09<00:01, 11.12it/s]
 68%|██████▊   | 34/50 [00:09<00:01, 11.21it/s]
 72%|███████▏  | 36/50 [00:09<00:01, 11.25it/s]
 76%|███████▌  | 38/50 [00:09<00:01, 11.31it/s]
 80%|████████  | 40/50 [00:09<00:00, 11.35it/s]
 84%|████████▍ | 42/50 [00:09<00:00, 11.38it/s]
 88%|████████▊ | 44/50 [00:10<00:00, 11.38it/s]
 92%|█████████▏| 46/50 [00:10<00:00, 11.39it/s]
 96%|█████████▌| 48/50 [00:10<00:00, 11.38it/s]
100%|██████████| 50/50 [00:16<00:00,  1.05it/s]
100%|██████████| 50/50 [00:16<00:00,  3.06it/s]
[I 2023-12-11 21:53:19,791] Trial 246 finished with value: 0.44612202688728025 and parameters: {'EMBEDDING_DIM': 32, 'HIDDEN_DIM': 598, 'NUM_LAYERS': 1, 'DROPOUT': 0.29419518517024457, 'LR': 0.006390396420962607, 'WEIGHT_0': 0.9512874486772246, 'WEIGHT_1': 0.13398250536052483, 'WEIGHT_2': 0.24668075642586446, 'WEIGHT_3': 0.20971095802697742, 'WEIGHT_4': 0.840994572332344, 'WEIGHT_5': 0.4177360840554404, 'WEIGHT_6': 0.0691008942110126, 'WEIGHT_7': 0.6272039717176127, 'WEIGHT_8': 0.8958463084123583}. Best is trial 223 with value: 0.4540043855069437.
{'EMBEDDING_DIM': 32, 'HIDDEN_DIM': 598, 'NUM_LAYERS': 1, 'DROPOUT': 0.29419518517024457, 'LR': 0.006390396420962607, 'WEIGHT_0': 0.9512874486772246, 'WEIGHT_1': 0.13398250536052483, 'WEIGHT_2': 0.24668075642586446, 'WEIGHT_3': 0.20971095802697742, 'WEIGHT_4': 0.840994572332344, 'WEIGHT_5': 0.4177360840554404, 'WEIGHT_6': 0.0691008942110126, 'WEIGHT_7': 0.6272039717176127, 'WEIGHT_8': 0.8958463084123583}
0
              precision    recall  f1-score   support

         LOC       0.00      0.00      0.00      1837
        MISC       0.00      0.00      0.00       922
         ORG       0.00      0.00      0.00      1341
         PER       0.00      0.00      0.00      1842

   micro avg       0.00      0.00      0.00      5942
   macro avg       0.00      0.00      0.00      5942
weighted avg       0.00      0.00      0.00      5942

{'EMBEDDING_DIM': 32, 'HIDDEN_DIM': 598, 'NUM_LAYERS': 1, 'DROPOUT': 0.29419518517024457, 'LR': 0.006390396420962607, 'WEIGHT_0': 0.9512874486772246, 'WEIGHT_1': 0.13398250536052483, 'WEIGHT_2': 0.24668075642586446, 'WEIGHT_3': 0.20971095802697742, 'WEIGHT_4': 0.840994572332344, 'WEIGHT_5': 0.4177360840554404, 'WEIGHT_6': 0.0691008942110126, 'WEIGHT_7': 0.6272039717176127, 'WEIGHT_8': 0.8958463084123583}
49
              precision    recall  f1-score   support

         LOC       0.79      0.59      0.68      1837
        MISC       0.62      0.48      0.55       922
         ORG       0.44      0.22      0.29      1341
         PER       0.34      0.18      0.24      1842

   micro avg       0.58      0.36      0.45      5942
   macro avg       0.55      0.37      0.44      5942
weighted avg       0.55      0.36      0.43      5942

epoch 49
Transformer

  0%|          | 0/50 [00:00<?, ?it/s]
  2%|▏         | 1/50 [00:05<04:52,  5.96s/it]
  4%|▍         | 2/50 [00:06<02:00,  2.52s/it]
  6%|▌         | 3/50 [00:06<01:06,  1.42s/it]
  8%|▊         | 4/50 [00:06<00:41,  1.11it/s]
 10%|█         | 5/50 [00:06<00:27,  1.61it/s]
 14%|█▍        | 7/50 [00:06<00:15,  2.84it/s]
 18%|█▊        | 9/50 [00:06<00:09,  4.15it/s]
 22%|██▏       | 11/50 [00:06<00:07,  5.41it/s]
 26%|██▌       | 13/50 [00:07<00:05,  6.61it/s]
 30%|███       | 15/50 [00:07<00:04,  7.68it/s]
 34%|███▍      | 17/50 [00:07<00:03,  8.58it/s]
 38%|███▊      | 19/50 [00:07<00:03,  9.29it/s]
 42%|████▏     | 21/50 [00:07<00:02,  9.85it/s]
 46%|████▌     | 23/50 [00:08<00:02, 10.27it/s]
 50%|█████     | 25/50 [00:08<00:02, 10.61it/s]
 54%|█████▍    | 27/50 [00:08<00:02, 10.85it/s]
 58%|█████▊    | 29/50 [00:08<00:01, 10.99it/s]
 62%|██████▏   | 31/50 [00:08<00:01, 11.09it/s]
 66%|██████▌   | 33/50 [00:08<00:01, 11.17it/s]
 70%|███████   | 35/50 [00:09<00:01, 11.24it/s]
 74%|███████▍  | 37/50 [00:09<00:01, 11.26it/s]
 78%|███████▊  | 39/50 [00:09<00:00, 11.29it/s]
 82%|████████▏ | 41/50 [00:09<00:00, 11.31it/s]
 86%|████████▌ | 43/50 [00:09<00:00, 11.32it/s]
 90%|█████████ | 45/50 [00:09<00:00, 11.32it/s]
 94%|█████████▍| 47/50 [00:10<00:00, 11.32it/s]
 98%|█████████▊| 49/50 [00:10<00:00, 11.26it/s]
100%|██████████| 50/50 [00:16<00:00,  3.09it/s]
[I 2023-12-11 21:53:41,576] Trial 247 finished with value: 0.44054418942777024 and parameters: {'EMBEDDING_DIM': 32, 'HIDDEN_DIM': 587, 'NUM_LAYERS': 1, 'DROPOUT': 0.2787802699816839, 'LR': 0.006347438236044011, 'WEIGHT_0': 0.9527701691117543, 'WEIGHT_1': 0.12473759197048248, 'WEIGHT_2': 0.25329087319233984, 'WEIGHT_3': 0.20756570275984396, 'WEIGHT_4': 0.836955819919109, 'WEIGHT_5': 0.42602399188451495, 'WEIGHT_6': 0.06820755889484828, 'WEIGHT_7': 0.6348743616722534, 'WEIGHT_8': 0.9051159490847995}. Best is trial 223 with value: 0.4540043855069437.
{'EMBEDDING_DIM': 32, 'HIDDEN_DIM': 587, 'NUM_LAYERS': 1, 'DROPOUT': 0.2787802699816839, 'LR': 0.006347438236044011, 'WEIGHT_0': 0.9527701691117543, 'WEIGHT_1': 0.12473759197048248, 'WEIGHT_2': 0.25329087319233984, 'WEIGHT_3': 0.20756570275984396, 'WEIGHT_4': 0.836955819919109, 'WEIGHT_5': 0.42602399188451495, 'WEIGHT_6': 0.06820755889484828, 'WEIGHT_7': 0.6348743616722534, 'WEIGHT_8': 0.9051159490847995}
0
              precision    recall  f1-score   support

         LOC       0.00      0.00      0.00      1837
        MISC       0.00      0.00      0.00       922
         ORG       0.00      0.00      0.00      1341
         PER       0.00      0.00      0.00      1842

   micro avg       0.00      0.00      0.00      5942
   macro avg       0.00      0.00      0.00      5942
weighted avg       0.00      0.00      0.00      5942

{'EMBEDDING_DIM': 32, 'HIDDEN_DIM': 587, 'NUM_LAYERS': 1, 'DROPOUT': 0.2787802699816839, 'LR': 0.006347438236044011, 'WEIGHT_0': 0.9527701691117543, 'WEIGHT_1': 0.12473759197048248, 'WEIGHT_2': 0.25329087319233984, 'WEIGHT_3': 0.20756570275984396, 'WEIGHT_4': 0.836955819919109, 'WEIGHT_5': 0.42602399188451495, 'WEIGHT_6': 0.06820755889484828, 'WEIGHT_7': 0.6348743616722534, 'WEIGHT_8': 0.9051159490847995}
49
              precision    recall  f1-score   support

         LOC       0.77      0.58      0.66      1837
        MISC       0.63      0.47      0.54       922
         ORG       0.40      0.22      0.28      1341
         PER       0.37      0.18      0.24      1842

   micro avg       0.58      0.36      0.44      5942
   macro avg       0.54      0.36      0.43      5942
weighted avg       0.54      0.36      0.43      5942

epoch 49
Transformer

  0%|          | 0/50 [00:00<?, ?it/s]
  2%|▏         | 1/50 [00:05<04:47,  5.86s/it]
  6%|▌         | 3/50 [00:06<01:14,  1.59s/it]
 10%|█         | 5/50 [00:06<00:36,  1.22it/s]
 12%|█▏        | 6/50 [00:06<00:27,  1.60it/s]
 16%|█▌        | 8/50 [00:06<00:16,  2.55it/s]
 20%|██        | 10/50 [00:06<00:11,  3.63it/s]
 24%|██▍       | 12/50 [00:06<00:08,  4.74it/s]
 28%|██▊       | 14/50 [00:07<00:06,  5.89it/s]
 32%|███▏      | 16/50 [00:07<00:04,  6.98it/s]
 36%|███▌      | 18/50 [00:07<00:04,  7.96it/s]
 40%|████      | 20/50 [00:07<00:03,  8.77it/s]
 44%|████▍     | 22/50 [00:07<00:02,  9.44it/s]
 48%|████▊     | 24/50 [00:07<00:02,  9.96it/s]
 52%|█████▏    | 26/50 [00:08<00:02, 10.34it/s]
 56%|█████▌    | 28/50 [00:08<00:02, 10.64it/s]
 60%|██████    | 30/50 [00:08<00:01, 10.86it/s]
 64%|██████▍   | 32/50 [00:08<00:01, 11.00it/s]
 68%|██████▊   | 34/50 [00:08<00:01, 11.11it/s]
 72%|███████▏  | 36/50 [00:08<00:01, 11.19it/s]
 76%|███████▌  | 38/50 [00:09<00:01, 11.24it/s]
 80%|████████  | 40/50 [00:09<00:00, 11.28it/s]
 84%|████████▍ | 42/50 [00:09<00:00, 11.34it/s]
 88%|████████▊ | 44/50 [00:09<00:00, 11.36it/s]
 92%|█████████▏| 46/50 [00:09<00:00, 11.34it/s]
 96%|█████████▌| 48/50 [00:10<00:00, 11.37it/s]
100%|██████████| 50/50 [00:15<00:00,  1.05it/s]
100%|██████████| 50/50 [00:15<00:00,  3.13it/s]
