[I 2023-12-11 21:42:49,870] Trial 217 finished with value: 0.4330866173234647 and parameters: {'EMBEDDING_DIM': 128, 'HIDDEN_DIM': 852, 'NUM_LAYERS': 1, 'DROPOUT': 0.2631881067517034, 'LR': 0.006623340263577925, 'WEIGHT_0': 0.9851499909144811, 'WEIGHT_1': 0.16412344326669778, 'WEIGHT_2': 0.26156368046565104, 'WEIGHT_3': 0.23541484382929645, 'WEIGHT_4': 0.8257508956866237, 'WEIGHT_5': 0.40959927776296534, 'WEIGHT_6': 0.07062976479515587, 'WEIGHT_7': 0.6281358964484796, 'WEIGHT_8': 0.8586112287775673}. Best is trial 215 with value: 0.45000521322072773.
{'EMBEDDING_DIM': 128, 'HIDDEN_DIM': 852, 'NUM_LAYERS': 1, 'DROPOUT': 0.2631881067517034, 'LR': 0.006623340263577925, 'WEIGHT_0': 0.9851499909144811, 'WEIGHT_1': 0.16412344326669778, 'WEIGHT_2': 0.26156368046565104, 'WEIGHT_3': 0.23541484382929645, 'WEIGHT_4': 0.8257508956866237, 'WEIGHT_5': 0.40959927776296534, 'WEIGHT_6': 0.07062976479515587, 'WEIGHT_7': 0.6281358964484796, 'WEIGHT_8': 0.8586112287775673}
0
              precision    recall  f1-score   support

         LOC       0.00      0.00      0.00      1837
        MISC       0.00      0.00      0.00       922
         ORG       0.00      0.00      0.00      1341
         PER       0.00      0.00      0.00      1842

   micro avg       0.00      0.00      0.00      5942
   macro avg       0.00      0.00      0.00      5942
weighted avg       0.00      0.00      0.00      5942

{'EMBEDDING_DIM': 128, 'HIDDEN_DIM': 852, 'NUM_LAYERS': 1, 'DROPOUT': 0.2631881067517034, 'LR': 0.006623340263577925, 'WEIGHT_0': 0.9851499909144811, 'WEIGHT_1': 0.16412344326669778, 'WEIGHT_2': 0.26156368046565104, 'WEIGHT_3': 0.23541484382929645, 'WEIGHT_4': 0.8257508956866237, 'WEIGHT_5': 0.40959927776296534, 'WEIGHT_6': 0.07062976479515587, 'WEIGHT_7': 0.6281358964484796, 'WEIGHT_8': 0.8586112287775673}
49
              precision    recall  f1-score   support

         LOC       0.74      0.59      0.66      1837
        MISC       0.60      0.46      0.52       922
         ORG       0.41      0.21      0.27      1341
         PER       0.31      0.20      0.24      1842

   micro avg       0.53      0.36      0.43      5942
   macro avg       0.52      0.37      0.43      5942
weighted avg       0.51      0.36      0.42      5942

epoch 49
Transformer

  0%|          | 0/50 [00:00<?, ?it/s]
  2%|▏         | 1/50 [00:05<04:47,  5.86s/it]
  6%|▌         | 3/50 [00:06<01:14,  1.59s/it]
 10%|█         | 5/50 [00:06<00:36,  1.22it/s]
 14%|█▍        | 7/50 [00:06<00:22,  1.95it/s]
 18%|█▊        | 9/50 [00:06<00:14,  2.82it/s]
 22%|██▏       | 11/50 [00:06<00:10,  3.81it/s]
 26%|██▌       | 13/50 [00:06<00:07,  4.82it/s]
 30%|███       | 15/50 [00:07<00:05,  5.88it/s]
 34%|███▍      | 17/50 [00:07<00:04,  6.88it/s]
 38%|███▊      | 19/50 [00:07<00:03,  7.77it/s]
 42%|████▏     | 21/50 [00:07<00:03,  8.53it/s]
 46%|████▌     | 23/50 [00:07<00:02,  9.13it/s]
 50%|█████     | 25/50 [00:08<00:02,  9.60it/s]
 54%|█████▍    | 27/50 [00:08<00:02,  9.97it/s]
 58%|█████▊    | 29/50 [00:08<00:02, 10.23it/s]
 62%|██████▏   | 31/50 [00:08<00:01, 10.42it/s]
 66%|██████▌   | 33/50 [00:08<00:01, 10.57it/s]
 70%|███████   | 35/50 [00:09<00:01, 10.67it/s]
 74%|███████▍  | 37/50 [00:09<00:01, 10.75it/s]
 78%|███████▊  | 39/50 [00:09<00:01, 10.82it/s]
 82%|████████▏ | 41/50 [00:09<00:00, 10.81it/s]
 86%|████████▌ | 43/50 [00:09<00:00, 10.85it/s]
 90%|█████████ | 45/50 [00:09<00:00, 10.86it/s]
 94%|█████████▍| 47/50 [00:10<00:00, 10.91it/s]
 98%|█████████▊| 49/50 [00:10<00:00, 10.92it/s]
100%|██████████| 50/50 [00:16<00:00,  3.09it/s]
[I 2023-12-11 21:43:11,538] Trial 218 finished with value: 0.444722309054913 and parameters: {'EMBEDDING_DIM': 32, 'HIDDEN_DIM': 939, 'NUM_LAYERS': 1, 'DROPOUT': 0.24987723490698627, 'LR': 0.006904228261758075, 'WEIGHT_0': 0.9876017236805532, 'WEIGHT_1': 0.15345626131915996, 'WEIGHT_2': 0.234000795018508, 'WEIGHT_3': 0.26468996178344234, 'WEIGHT_4': 0.8314830077487605, 'WEIGHT_5': 0.4272824525956835, 'WEIGHT_6': 0.039259998474076054, 'WEIGHT_7': 0.5854505317052564, 'WEIGHT_8': 0.8234216915926382}. Best is trial 215 with value: 0.45000521322072773.
{'EMBEDDING_DIM': 32, 'HIDDEN_DIM': 939, 'NUM_LAYERS': 1, 'DROPOUT': 0.24987723490698627, 'LR': 0.006904228261758075, 'WEIGHT_0': 0.9876017236805532, 'WEIGHT_1': 0.15345626131915996, 'WEIGHT_2': 0.234000795018508, 'WEIGHT_3': 0.26468996178344234, 'WEIGHT_4': 0.8314830077487605, 'WEIGHT_5': 0.4272824525956835, 'WEIGHT_6': 0.039259998474076054, 'WEIGHT_7': 0.5854505317052564, 'WEIGHT_8': 0.8234216915926382}
0
              precision    recall  f1-score   support

         LOC       0.00      0.00      0.00      1837
        MISC       0.00      0.00      0.00       922
         ORG       0.00      0.00      0.00      1341
         PER       0.00      0.00      0.00      1842

   micro avg       0.00      0.00      0.00      5942
   macro avg       0.00      0.00      0.00      5942
weighted avg       0.00      0.00      0.00      5942

{'EMBEDDING_DIM': 32, 'HIDDEN_DIM': 939, 'NUM_LAYERS': 1, 'DROPOUT': 0.24987723490698627, 'LR': 0.006904228261758075, 'WEIGHT_0': 0.9876017236805532, 'WEIGHT_1': 0.15345626131915996, 'WEIGHT_2': 0.234000795018508, 'WEIGHT_3': 0.26468996178344234, 'WEIGHT_4': 0.8314830077487605, 'WEIGHT_5': 0.4272824525956835, 'WEIGHT_6': 0.039259998474076054, 'WEIGHT_7': 0.5854505317052564, 'WEIGHT_8': 0.8234216915926382}
49
              precision    recall  f1-score   support

         LOC       0.77      0.59      0.67      1837
        MISC       0.60      0.47      0.53       922
         ORG       0.44      0.20      0.28      1341
         PER       0.38      0.19      0.25      1842

   micro avg       0.58      0.36      0.44      5942
   macro avg       0.55      0.36      0.43      5942
weighted avg       0.55      0.36      0.43      5942

epoch 49
Transformer

  0%|          | 0/50 [00:00<?, ?it/s]
  2%|▏         | 1/50 [00:05<04:45,  5.82s/it]
  6%|▌         | 3/50 [00:06<01:14,  1.58s/it]
 10%|█         | 5/50 [00:06<00:36,  1.23it/s]
 14%|█▍        | 7/50 [00:06<00:21,  1.97it/s]
 18%|█▊        | 9/50 [00:06<00:14,  2.86it/s]
 22%|██▏       | 11/50 [00:06<00:10,  3.88it/s]
 26%|██▌       | 13/50 [00:06<00:07,  4.99it/s]
 30%|███       | 15/50 [00:07<00:05,  6.13it/s]
 34%|███▍      | 17/50 [00:07<00:04,  7.22it/s]
 38%|███▊      | 19/50 [00:07<00:03,  8.20it/s]
 42%|████▏     | 21/50 [00:07<00:03,  9.04it/s]
 46%|████▌     | 23/50 [00:07<00:02,  9.72it/s]
 50%|█████     | 25/50 [00:07<00:02, 10.23it/s]
 54%|█████▍    | 27/50 [00:08<00:02, 10.65it/s]
 58%|█████▊    | 29/50 [00:08<00:01, 10.94it/s]
 62%|██████▏   | 31/50 [00:08<00:01, 11.16it/s]
 66%|██████▌   | 33/50 [00:08<00:01, 11.30it/s]
 70%|███████   | 35/50 [00:08<00:01, 11.42it/s]
 74%|███████▍  | 37/50 [00:08<00:01, 11.48it/s]
 78%|███████▊  | 39/50 [00:09<00:00, 11.55it/s]
 82%|████████▏ | 41/50 [00:09<00:00, 11.60it/s]
 86%|████████▌ | 43/50 [00:09<00:00, 11.61it/s]
 90%|█████████ | 45/50 [00:09<00:00, 11.65it/s]
 94%|█████████▍| 47/50 [00:09<00:00, 11.67it/s]
 98%|█████████▊| 49/50 [00:09<00:00, 11.67it/s]
100%|██████████| 50/50 [00:15<00:00,  3.17it/s]
[I 2023-12-11 21:43:32,913] Trial 219 finished with value: 0.4280936454849498 and parameters: {'EMBEDDING_DIM': 16, 'HIDDEN_DIM': 821, 'NUM_LAYERS': 1, 'DROPOUT': 0.2550324402941725, 'LR': 0.006909570788321583, 'WEIGHT_0': 0.9997660971910053, 'WEIGHT_1': 0.14219229970116765, 'WEIGHT_2': 0.25355026500266975, 'WEIGHT_3': 0.2623768464797678, 'WEIGHT_4': 0.8262870558385622, 'WEIGHT_5': 0.4636619387841595, 'WEIGHT_6': 0.024411332110524833, 'WEIGHT_7': 0.5890909962317311, 'WEIGHT_8': 0.8452675227743032}. Best is trial 215 with value: 0.45000521322072773.
{'EMBEDDING_DIM': 16, 'HIDDEN_DIM': 821, 'NUM_LAYERS': 1, 'DROPOUT': 0.2550324402941725, 'LR': 0.006909570788321583, 'WEIGHT_0': 0.9997660971910053, 'WEIGHT_1': 0.14219229970116765, 'WEIGHT_2': 0.25355026500266975, 'WEIGHT_3': 0.2623768464797678, 'WEIGHT_4': 0.8262870558385622, 'WEIGHT_5': 0.4636619387841595, 'WEIGHT_6': 0.024411332110524833, 'WEIGHT_7': 0.5890909962317311, 'WEIGHT_8': 0.8452675227743032}
0
              precision    recall  f1-score   support

         LOC       0.00      0.00      0.00      1837
        MISC       0.00      0.00      0.00       922
         ORG       0.00      0.00      0.00      1341
         PER       0.00      0.00      0.00      1842

   micro avg       0.00      0.00      0.00      5942
   macro avg       0.00      0.00      0.00      5942
weighted avg       0.00      0.00      0.00      5942

{'EMBEDDING_DIM': 16, 'HIDDEN_DIM': 821, 'NUM_LAYERS': 1, 'DROPOUT': 0.2550324402941725, 'LR': 0.006909570788321583, 'WEIGHT_0': 0.9997660971910053, 'WEIGHT_1': 0.14219229970116765, 'WEIGHT_2': 0.25355026500266975, 'WEIGHT_3': 0.2623768464797678, 'WEIGHT_4': 0.8262870558385622, 'WEIGHT_5': 0.4636619387841595, 'WEIGHT_6': 0.024411332110524833, 'WEIGHT_7': 0.5890909962317311, 'WEIGHT_8': 0.8452675227743032}
49
              precision    recall  f1-score   support

         LOC       0.71      0.60      0.65      1837
        MISC       0.63      0.49      0.55       922
         ORG       0.42      0.19      0.26      1341
         PER       0.27      0.20      0.23      1842

   micro avg       0.52      0.37      0.43      5942
   macro avg       0.51      0.37      0.42      5942
weighted avg       0.50      0.37      0.42      5942

epoch 49
Transformer

  0%|          | 0/50 [00:00<?, ?it/s]
  2%|▏         | 1/50 [00:05<04:49,  5.90s/it]
  6%|▌         | 3/50 [00:06<01:15,  1.60s/it]
 10%|█         | 5/50 [00:06<00:37,  1.21it/s]
 12%|█▏        | 6/50 [00:06<00:28,  1.57it/s]
 14%|█▍        | 7/50 [00:06<00:21,  2.04it/s]
 16%|█▌        | 8/50 [00:06<00:16,  2.59it/s]
 18%|█▊        | 9/50 [00:06<00:12,  3.28it/s]
 20%|██        | 10/50 [00:06<00:09,  4.03it/s]
 22%|██▏       | 11/50 [00:06<00:08,  4.78it/s]
 24%|██▍       | 12/50 [00:07<00:06,  5.52it/s]
 26%|██▌       | 13/50 [00:07<00:05,  6.20it/s]
 30%|███       | 15/50 [00:07<00:04,  7.84it/s]
 34%|███▍      | 17/50 [00:07<00:03,  8.97it/s]
 38%|███▊      | 19/50 [00:07<00:03,  9.72it/s]
 42%|████▏     | 21/50 [00:07<00:02, 10.22it/s]
 46%|████▌     | 23/50 [00:08<00:02, 10.58it/s]
 50%|█████     | 25/50 [00:08<00:02, 10.82it/s]
 54%|█████▍    | 27/50 [00:08<00:02, 10.99it/s]
 58%|█████▊    | 29/50 [00:08<00:01, 11.12it/s]
 62%|██████▏   | 31/50 [00:08<00:01, 11.19it/s]
 66%|██████▌   | 33/50 [00:08<00:01, 11.25it/s]
 70%|███████   | 35/50 [00:09<00:01, 11.30it/s]
 74%|███████▍  | 37/50 [00:09<00:01, 11.35it/s]
 78%|███████▊  | 39/50 [00:09<00:00, 11.35it/s]
 82%|████████▏ | 41/50 [00:09<00:00, 11.38it/s]
 86%|████████▌ | 43/50 [00:09<00:00, 11.40it/s]
 90%|█████████ | 45/50 [00:10<00:00, 11.39it/s]
 94%|█████████▍| 47/50 [00:10<00:00, 11.39it/s]
 98%|█████████▊| 49/50 [00:10<00:00, 11.41it/s]
100%|██████████| 50/50 [00:16<00:00,  3.09it/s]
[I 2023-12-11 21:43:54,461] Trial 220 finished with value: 0.4414507772020725 and parameters: {'EMBEDDING_DIM': 32, 'HIDDEN_DIM': 906, 'NUM_LAYERS': 1, 'DROPOUT': 0.25492596128817224, 'LR': 0.006782236512107997, 'WEIGHT_0': 0.9984449828233191, 'WEIGHT_1': 0.15822110423563396, 'WEIGHT_2': 0.2660695556458233, 'WEIGHT_3': 0.2560450264569404, 'WEIGHT_4': 0.8144887941754215, 'WEIGHT_5': 0.4182919647898978, 'WEIGHT_6': 0.04740455001925966, 'WEIGHT_7': 0.6428045886154121, 'WEIGHT_8': 0.8783220783982069}. Best is trial 215 with value: 0.45000521322072773.
{'EMBEDDING_DIM': 32, 'HIDDEN_DIM': 906, 'NUM_LAYERS': 1, 'DROPOUT': 0.25492596128817224, 'LR': 0.006782236512107997, 'WEIGHT_0': 0.9984449828233191, 'WEIGHT_1': 0.15822110423563396, 'WEIGHT_2': 0.2660695556458233, 'WEIGHT_3': 0.2560450264569404, 'WEIGHT_4': 0.8144887941754215, 'WEIGHT_5': 0.4182919647898978, 'WEIGHT_6': 0.04740455001925966, 'WEIGHT_7': 0.6428045886154121, 'WEIGHT_8': 0.8783220783982069}
0
              precision    recall  f1-score   support

         LOC       0.00      0.00      0.00      1837
        MISC       0.00      0.00      0.00       922
         ORG       0.00      0.00      0.00      1341
         PER       0.00      0.00      0.00      1842

   micro avg       0.00      0.00      0.00      5942
   macro avg       0.00      0.00      0.00      5942
weighted avg       0.00      0.00      0.00      5942

{'EMBEDDING_DIM': 32, 'HIDDEN_DIM': 906, 'NUM_LAYERS': 1, 'DROPOUT': 0.25492596128817224, 'LR': 0.006782236512107997, 'WEIGHT_0': 0.9984449828233191, 'WEIGHT_1': 0.15822110423563396, 'WEIGHT_2': 0.2660695556458233, 'WEIGHT_3': 0.2560450264569404, 'WEIGHT_4': 0.8144887941754215, 'WEIGHT_5': 0.4182919647898978, 'WEIGHT_6': 0.04740455001925966, 'WEIGHT_7': 0.6428045886154121, 'WEIGHT_8': 0.8783220783982069}
49
              precision    recall  f1-score   support

         LOC       0.78      0.58      0.67      1837
        MISC       0.61      0.46      0.53       922
         ORG       0.45      0.22      0.30      1341
         PER       0.34      0.18      0.24      1842

   micro avg       0.57      0.36      0.44      5942
   macro avg       0.55      0.36      0.43      5942
weighted avg       0.54      0.36      0.43      5942

epoch 49
Transformer

  0%|          | 0/50 [00:00<?, ?it/s]
  2%|▏         | 1/50 [00:05<04:47,  5.87s/it]
  6%|▌         | 3/50 [00:06<01:14,  1.59s/it]
 10%|█         | 5/50 [00:06<00:36,  1.22it/s]
 14%|█▍        | 7/50 [00:06<00:22,  1.95it/s]
 18%|█▊        | 9/50 [00:06<00:14,  2.83it/s]
 22%|██▏       | 11/50 [00:06<00:10,  3.81it/s]
 26%|██▌       | 13/50 [00:06<00:07,  4.89it/s]
 30%|███       | 15/50 [00:07<00:05,  5.99it/s]
 34%|███▍      | 17/50 [00:07<00:04,  7.04it/s]
 38%|███▊      | 19/50 [00:07<00:03,  7.99it/s]
 42%|████▏     | 21/50 [00:07<00:03,  8.80it/s]
 46%|████▌     | 23/50 [00:07<00:02,  9.45it/s]
 50%|█████     | 25/50 [00:08<00:02,  9.95it/s]
 54%|█████▍    | 27/50 [00:08<00:02, 10.34it/s]
 58%|█████▊    | 29/50 [00:08<00:01, 10.63it/s]
 62%|██████▏   | 31/50 [00:08<00:01, 10.85it/s]
 66%|██████▌   | 33/50 [00:08<00:01, 11.00it/s]
 70%|███████   | 35/50 [00:08<00:01, 11.09it/s]
 74%|███████▍  | 37/50 [00:09<00:01, 11.14it/s]
 78%|███████▊  | 39/50 [00:09<00:00, 11.20it/s]
 82%|████████▏ | 41/50 [00:09<00:00, 11.25it/s]
 86%|████████▌ | 43/50 [00:09<00:00, 11.30it/s]
 90%|█████████ | 45/50 [00:09<00:00, 11.33it/s]
 94%|█████████▍| 47/50 [00:09<00:00, 11.35it/s]
 98%|█████████▊| 49/50 [00:10<00:00, 11.36it/s]
100%|██████████| 50/50 [00:15<00:00,  3.13it/s]
[I 2023-12-11 21:44:15,924] Trial 221 finished with value: 0.44877344877344877 and parameters: {'EMBEDDING_DIM': 32, 'HIDDEN_DIM': 702, 'NUM_LAYERS': 1, 'DROPOUT': 0.27682798180011337, 'LR': 0.007068290063191175, 'WEIGHT_0': 0.9582399760351059, 'WEIGHT_1': 0.14199531836629756, 'WEIGHT_2': 0.2238917930886834, 'WEIGHT_3': 0.23272666092611927, 'WEIGHT_4': 0.8085242174491487, 'WEIGHT_5': 0.4299823504106961, 'WEIGHT_6': 0.08368741678693924, 'WEIGHT_7': 0.6085142386691493, 'WEIGHT_8': 0.8352345187999968}. Best is trial 215 with value: 0.45000521322072773.
{'EMBEDDING_DIM': 32, 'HIDDEN_DIM': 702, 'NUM_LAYERS': 1, 'DROPOUT': 0.27682798180011337, 'LR': 0.007068290063191175, 'WEIGHT_0': 0.9582399760351059, 'WEIGHT_1': 0.14199531836629756, 'WEIGHT_2': 0.2238917930886834, 'WEIGHT_3': 0.23272666092611927, 'WEIGHT_4': 0.8085242174491487, 'WEIGHT_5': 0.4299823504106961, 'WEIGHT_6': 0.08368741678693924, 'WEIGHT_7': 0.6085142386691493, 'WEIGHT_8': 0.8352345187999968}
0
              precision    recall  f1-score   support

         LOC       0.00      0.00      0.00      1837
        MISC       0.00      0.00      0.00       922
         ORG       0.00      0.00      0.00      1341
         PER       0.00      0.00      0.00      1842

   micro avg       0.00      0.00      0.00      5942
   macro avg       0.00      0.00      0.00      5942
weighted avg       0.00      0.00      0.00      5942

{'EMBEDDING_DIM': 32, 'HIDDEN_DIM': 702, 'NUM_LAYERS': 1, 'DROPOUT': 0.27682798180011337, 'LR': 0.007068290063191175, 'WEIGHT_0': 0.9582399760351059, 'WEIGHT_1': 0.14199531836629756, 'WEIGHT_2': 0.2238917930886834, 'WEIGHT_3': 0.23272666092611927, 'WEIGHT_4': 0.8085242174491487, 'WEIGHT_5': 0.4299823504106961, 'WEIGHT_6': 0.08368741678693924, 'WEIGHT_7': 0.6085142386691493, 'WEIGHT_8': 0.8352345187999968}
49
              precision    recall  f1-score   support

         LOC       0.77      0.59      0.67      1837
        MISC       0.65      0.48      0.56       922
         ORG       0.44      0.21      0.28      1341
         PER       0.35      0.19      0.25      1842

   micro avg       0.58      0.37      0.45      5942
   macro avg       0.55      0.37      0.44      5942
weighted avg       0.55      0.37      0.44      5942

epoch 49
Transformer

  0%|          | 0/50 [00:00<?, ?it/s]
  2%|▏         | 1/50 [00:05<04:45,  5.83s/it]
  6%|▌         | 3/50 [00:06<01:14,  1.58s/it]
 10%|█         | 5/50 [00:06<00:36,  1.23it/s]
 14%|█▍        | 7/50 [00:06<00:22,  1.95it/s]
 16%|█▌        | 8/50 [00:06<00:17,  2.39it/s]
 18%|█▊        | 9/50 [00:06<00:14,  2.88it/s]
 20%|██        | 10/50 [00:06<00:11,  3.35it/s]
 22%|██▏       | 11/50 [00:06<00:09,  4.03it/s]
 24%|██▍       | 12/50 [00:07<00:08,  4.74it/s]
 26%|██▌       | 13/50 [00:07<00:06,  5.44it/s]
 28%|██▊       | 14/50 [00:07<00:05,  6.10it/s]
 30%|███       | 15/50 [00:07<00:05,  6.67it/s]
 32%|███▏      | 16/50 [00:07<00:04,  7.40it/s]
 36%|███▌      | 18/50 [00:07<00:03,  8.87it/s]
 40%|████      | 20/50 [00:07<00:03,  9.73it/s]
 44%|████▍     | 22/50 [00:08<00:02, 10.27it/s]
 48%|████▊     | 24/50 [00:08<00:02, 10.65it/s]
 52%|█████▏    | 26/50 [00:08<00:02, 10.90it/s]
 56%|█████▌    | 28/50 [00:08<00:01, 11.06it/s]
 60%|██████    | 30/50 [00:08<00:01, 11.19it/s]
 64%|██████▍   | 32/50 [00:08<00:01, 11.25it/s]
 68%|██████▊   | 34/50 [00:09<00:01, 11.32it/s]
 72%|███████▏  | 36/50 [00:09<00:01, 11.36it/s]
 76%|███████▌  | 38/50 [00:09<00:01, 11.35it/s]
 80%|████████  | 40/50 [00:09<00:00, 11.38it/s]
 84%|████████▍ | 42/50 [00:09<00:00, 11.38it/s]
 88%|████████▊ | 44/50 [00:09<00:00, 11.38it/s]
 92%|█████████▏| 46/50 [00:10<00:00, 11.39it/s]
 96%|█████████▌| 48/50 [00:10<00:00, 11.40it/s]
100%|██████████| 50/50 [00:16<00:00,  1.05it/s]
100%|██████████| 50/50 [00:16<00:00,  3.09it/s]
[I 2023-12-11 21:44:37,558] Trial 222 finished with value: 0.4410819774069852 and parameters: {'EMBEDDING_DIM': 32, 'HIDDEN_DIM': 743, 'NUM_LAYERS': 1, 'DROPOUT': 0.27162406169651654, 'LR': 0.006400177292339518, 'WEIGHT_0': 0.9627696486233673, 'WEIGHT_1': 0.15448694102768762, 'WEIGHT_2': 0.24004643672416393, 'WEIGHT_3': 0.23061396492807776, 'WEIGHT_4': 0.8368187317110753, 'WEIGHT_5': 0.43644265691734785, 'WEIGHT_6': 0.06138344276061393, 'WEIGHT_7': 0.600804473724665, 'WEIGHT_8': 0.8496009268914755}. Best is trial 215 with value: 0.45000521322072773.
{'EMBEDDING_DIM': 32, 'HIDDEN_DIM': 743, 'NUM_LAYERS': 1, 'DROPOUT': 0.27162406169651654, 'LR': 0.006400177292339518, 'WEIGHT_0': 0.9627696486233673, 'WEIGHT_1': 0.15448694102768762, 'WEIGHT_2': 0.24004643672416393, 'WEIGHT_3': 0.23061396492807776, 'WEIGHT_4': 0.8368187317110753, 'WEIGHT_5': 0.43644265691734785, 'WEIGHT_6': 0.06138344276061393, 'WEIGHT_7': 0.600804473724665, 'WEIGHT_8': 0.8496009268914755}
0
              precision    recall  f1-score   support

         LOC       0.00      0.00      0.00      1837
        MISC       0.00      0.00      0.00       922
         ORG       0.00      0.00      0.00      1341
         PER       0.00      0.00      0.00      1842

   micro avg       0.00      0.00      0.00      5942
   macro avg       0.00      0.00      0.00      5942
weighted avg       0.00      0.00      0.00      5942

{'EMBEDDING_DIM': 32, 'HIDDEN_DIM': 743, 'NUM_LAYERS': 1, 'DROPOUT': 0.27162406169651654, 'LR': 0.006400177292339518, 'WEIGHT_0': 0.9627696486233673, 'WEIGHT_1': 0.15448694102768762, 'WEIGHT_2': 0.24004643672416393, 'WEIGHT_3': 0.23061396492807776, 'WEIGHT_4': 0.8368187317110753, 'WEIGHT_5': 0.43644265691734785, 'WEIGHT_6': 0.06138344276061393, 'WEIGHT_7': 0.600804473724665, 'WEIGHT_8': 0.8496009268914755}
49
              precision    recall  f1-score   support

         LOC       0.78      0.58      0.67      1837
        MISC       0.64      0.49      0.55       922
         ORG       0.44      0.21      0.28      1341
         PER       0.33      0.17      0.23      1842

   micro avg       0.57      0.36      0.44      5942
   macro avg       0.55      0.36      0.43      5942
weighted avg       0.54      0.36      0.43      5942

epoch 49
Transformer

  0%|          | 0/50 [00:00<?, ?it/s]
  2%|▏         | 1/50 [00:05<04:46,  5.86s/it]
  4%|▍         | 2/50 [00:05<01:58,  2.47s/it]
  8%|▊         | 4/50 [00:06<00:45,  1.02it/s]
 12%|█▏        | 6/50 [00:06<00:24,  1.79it/s]
 16%|█▌        | 8/50 [00:06<00:15,  2.69it/s]
 20%|██        | 10/50 [00:06<00:10,  3.74it/s]
 24%|██▍       | 12/50 [00:06<00:07,  4.86it/s]
 28%|██▊       | 14/50 [00:07<00:06,  5.98it/s]
 32%|███▏      | 16/50 [00:07<00:04,  7.06it/s]
 36%|███▌      | 18/50 [00:07<00:03,  8.01it/s]
 40%|████      | 20/50 [00:07<00:03,  8.82it/s]
 44%|████▍     | 22/50 [00:07<00:02,  9.48it/s]
 48%|████▊     | 24/50 [00:07<00:02, 10.00it/s]
 52%|█████▏    | 26/50 [00:08<00:02, 10.38it/s]
 56%|█████▌    | 28/50 [00:08<00:02, 10.67it/s]
 60%|██████    | 30/50 [00:08<00:01, 10.89it/s]
 64%|██████▍   | 32/50 [00:08<00:01, 11.03it/s]
 68%|██████▊   | 34/50 [00:08<00:01, 11.14it/s]
 72%|███████▏  | 36/50 [00:08<00:01, 11.22it/s]
 76%|███████▌  | 38/50 [00:09<00:01, 11.24it/s]
 80%|████████  | 40/50 [00:09<00:00, 10.71it/s]
 84%|████████▍ | 42/50 [00:09<00:00, 10.02it/s]
 88%|████████▊ | 44/50 [00:09<00:00,  9.71it/s]
 90%|█████████ | 45/50 [00:09<00:00,  9.51it/s]
 92%|█████████▏| 46/50 [00:10<00:00,  9.33it/s]
 94%|█████████▍| 47/50 [00:10<00:00,  9.39it/s]
 98%|█████████▊| 49/50 [00:10<00:00, 10.12it/s]
100%|██████████| 50/50 [00:16<00:00,  3.10it/s]
