[I 2023-12-11 22:13:21,450] Trial 273 finished with value: 0.363302002451982 and parameters: {'EMBEDDING_DIM': 32, 'HIDDEN_DIM': 684, 'NUM_LAYERS': 2, 'DROPOUT': 0.27524512957552083, 'LR': 0.006121544009309581, 'WEIGHT_0': 0.9256782059516913, 'WEIGHT_1': 0.7018113496246504, 'WEIGHT_2': 0.17800097273403362, 'WEIGHT_3': 0.2116221934984563, 'WEIGHT_4': 0.6650301126136932, 'WEIGHT_5': 0.4805343656705803, 'WEIGHT_6': 0.1049585295858046, 'WEIGHT_7': 0.6555805376425036, 'WEIGHT_8': 0.8439729186888546}. Best is trial 223 with value: 0.4540043855069437.
{'EMBEDDING_DIM': 32, 'HIDDEN_DIM': 684, 'NUM_LAYERS': 2, 'DROPOUT': 0.27524512957552083, 'LR': 0.006121544009309581, 'WEIGHT_0': 0.9256782059516913, 'WEIGHT_1': 0.7018113496246504, 'WEIGHT_2': 0.17800097273403362, 'WEIGHT_3': 0.2116221934984563, 'WEIGHT_4': 0.6650301126136932, 'WEIGHT_5': 0.4805343656705803, 'WEIGHT_6': 0.1049585295858046, 'WEIGHT_7': 0.6555805376425036, 'WEIGHT_8': 0.8439729186888546}
0
              precision    recall  f1-score   support

         LOC       0.00      0.00      0.00      1837
        MISC       0.00      0.00      0.00       922
         ORG       0.00      0.00      0.00      1341
         PER       0.00      0.00      0.00      1842

   micro avg       0.00      0.00      0.00      5942
   macro avg       0.00      0.00      0.00      5942
weighted avg       0.00      0.00      0.00      5942

{'EMBEDDING_DIM': 32, 'HIDDEN_DIM': 684, 'NUM_LAYERS': 2, 'DROPOUT': 0.27524512957552083, 'LR': 0.006121544009309581, 'WEIGHT_0': 0.9256782059516913, 'WEIGHT_1': 0.7018113496246504, 'WEIGHT_2': 0.17800097273403362, 'WEIGHT_3': 0.2116221934984563, 'WEIGHT_4': 0.6650301126136932, 'WEIGHT_5': 0.4805343656705803, 'WEIGHT_6': 0.1049585295858046, 'WEIGHT_7': 0.6555805376425036, 'WEIGHT_8': 0.8439729186888546}
49
              precision    recall  f1-score   support

         LOC       0.57      0.60      0.58      1837
        MISC       0.28      0.08      0.12       922
         ORG       0.39      0.19      0.26      1341
         PER       0.35      0.19      0.25      1842

   micro avg       0.46      0.30      0.36      5942
   macro avg       0.40      0.26      0.30      5942
weighted avg       0.42      0.30      0.33      5942

epoch 49
Transformer

  0%|          | 0/50 [00:00<?, ?it/s]
  2%|▏         | 1/50 [00:07<06:18,  7.73s/it]
  4%|▍         | 2/50 [00:07<02:37,  3.28s/it]
  6%|▌         | 3/50 [00:08<01:26,  1.85s/it]
  8%|▊         | 4/50 [00:08<00:54,  1.18s/it]
 10%|█         | 5/50 [00:08<00:36,  1.24it/s]
 12%|█▏        | 6/50 [00:08<00:25,  1.73it/s]
 14%|█▍        | 7/50 [00:08<00:19,  2.25it/s]
 16%|█▌        | 8/50 [00:08<00:15,  2.70it/s]
 18%|█▊        | 9/50 [00:09<00:13,  2.96it/s]
 20%|██        | 10/50 [00:09<00:13,  3.05it/s]
 22%|██▏       | 11/50 [00:09<00:12,  3.04it/s]
 24%|██▍       | 12/50 [00:10<00:12,  3.02it/s]
 26%|██▌       | 13/50 [00:10<00:12,  3.02it/s]
 28%|██▊       | 14/50 [00:10<00:12,  2.99it/s]
 30%|███       | 15/50 [00:11<00:12,  2.91it/s]
 32%|███▏      | 16/50 [00:11<00:12,  2.76it/s]
 34%|███▍      | 17/50 [00:11<00:10,  3.08it/s]
 36%|███▌      | 18/50 [00:11<00:08,  3.56it/s]
 38%|███▊      | 19/50 [00:12<00:07,  4.00it/s]
 40%|████      | 20/50 [00:12<00:06,  4.37it/s]
 42%|████▏     | 21/50 [00:12<00:06,  4.68it/s]
 44%|████▍     | 22/50 [00:12<00:05,  5.03it/s]
 46%|████▌     | 23/50 [00:12<00:05,  5.29it/s]
 48%|████▊     | 24/50 [00:13<00:04,  5.28it/s]
 50%|█████     | 25/50 [00:13<00:05,  4.79it/s]
 52%|█████▏    | 26/50 [00:13<00:05,  4.28it/s]
 54%|█████▍    | 27/50 [00:13<00:06,  3.81it/s]
 56%|█████▌    | 28/50 [00:14<00:06,  3.52it/s]
 58%|█████▊    | 29/50 [00:14<00:06,  3.33it/s]
 60%|██████    | 30/50 [00:14<00:06,  3.21it/s]
 62%|██████▏   | 31/50 [00:15<00:06,  3.15it/s]
 64%|██████▍   | 32/50 [00:15<00:05,  3.06it/s]
 66%|██████▌   | 33/50 [00:15<00:05,  2.96it/s]
 68%|██████▊   | 34/50 [00:16<00:05,  2.89it/s]
 70%|███████   | 35/50 [00:16<00:05,  2.91it/s]
 72%|███████▏  | 36/50 [00:16<00:04,  2.93it/s]
 74%|███████▍  | 37/50 [00:17<00:04,  2.95it/s]
 76%|███████▌  | 38/50 [00:17<00:04,  2.97it/s]
 78%|███████▊  | 39/50 [00:17<00:03,  2.96it/s]
 80%|████████  | 40/50 [00:18<00:03,  2.97it/s]
 82%|████████▏ | 41/50 [00:18<00:03,  2.98it/s]
 84%|████████▍ | 42/50 [00:18<00:02,  2.99it/s]
 86%|████████▌ | 43/50 [00:19<00:02,  2.99it/s]
 88%|████████▊ | 44/50 [00:19<00:02,  2.99it/s]
 90%|█████████ | 45/50 [00:19<00:01,  2.99it/s]
 92%|█████████▏| 46/50 [00:20<00:01,  3.00it/s]
 94%|█████████▍| 47/50 [00:20<00:01,  3.00it/s]
 96%|█████████▌| 48/50 [00:21<00:00,  2.95it/s]
 98%|█████████▊| 49/50 [00:21<00:00,  2.89it/s]
100%|██████████| 50/50 [00:29<00:00,  2.67s/it]
100%|██████████| 50/50 [00:29<00:00,  1.70it/s]
[I 2023-12-11 22:13:58,311] Trial 274 finished with value: 0.44271481942714824 and parameters: {'EMBEDDING_DIM': 32, 'HIDDEN_DIM': 549, 'NUM_LAYERS': 2, 'DROPOUT': 0.30312748272785545, 'LR': 0.005377357977154058, 'WEIGHT_0': 0.9434238003393796, 'WEIGHT_1': 0.15702674117551388, 'WEIGHT_2': 0.23704396665483665, 'WEIGHT_3': 0.1834922198384945, 'WEIGHT_4': 0.5944763900868159, 'WEIGHT_5': 0.45868896443653306, 'WEIGHT_6': 0.02291462761346691, 'WEIGHT_7': 0.7064518060885324, 'WEIGHT_8': 0.940091402773986}. Best is trial 223 with value: 0.4540043855069437.
{'EMBEDDING_DIM': 32, 'HIDDEN_DIM': 549, 'NUM_LAYERS': 2, 'DROPOUT': 0.30312748272785545, 'LR': 0.005377357977154058, 'WEIGHT_0': 0.9434238003393796, 'WEIGHT_1': 0.15702674117551388, 'WEIGHT_2': 0.23704396665483665, 'WEIGHT_3': 0.1834922198384945, 'WEIGHT_4': 0.5944763900868159, 'WEIGHT_5': 0.45868896443653306, 'WEIGHT_6': 0.02291462761346691, 'WEIGHT_7': 0.7064518060885324, 'WEIGHT_8': 0.940091402773986}
0
              precision    recall  f1-score   support

         LOC       0.00      0.00      0.00      1837
        MISC       0.00      0.00      0.00       922
         ORG       0.00      0.00      0.00      1341
         PER       0.00      0.00      0.00      1842

   micro avg       0.00      0.00      0.00      5942
   macro avg       0.00      0.00      0.00      5942
weighted avg       0.00      0.00      0.00      5942

{'EMBEDDING_DIM': 32, 'HIDDEN_DIM': 549, 'NUM_LAYERS': 2, 'DROPOUT': 0.30312748272785545, 'LR': 0.005377357977154058, 'WEIGHT_0': 0.9434238003393796, 'WEIGHT_1': 0.15702674117551388, 'WEIGHT_2': 0.23704396665483665, 'WEIGHT_3': 0.1834922198384945, 'WEIGHT_4': 0.5944763900868159, 'WEIGHT_5': 0.45868896443653306, 'WEIGHT_6': 0.02291462761346691, 'WEIGHT_7': 0.7064518060885324, 'WEIGHT_8': 0.940091402773986}
49
              precision    recall  f1-score   support

         LOC       0.77      0.59      0.67      1837
        MISC       0.61      0.48      0.54       922
         ORG       0.46      0.20      0.27      1341
         PER       0.35      0.18      0.24      1842

   micro avg       0.58      0.36      0.44      5942
   macro avg       0.54      0.36      0.43      5942
weighted avg       0.54      0.36      0.43      5942

epoch 49
Transformer

  0%|          | 0/50 [00:00<?, ?it/s]
  2%|▏         | 1/50 [00:07<06:22,  7.80s/it]
  4%|▍         | 2/50 [00:07<02:38,  3.31s/it]
  6%|▌         | 3/50 [00:08<01:27,  1.86s/it]
  8%|▊         | 4/50 [00:08<00:54,  1.18s/it]
 10%|█         | 5/50 [00:08<00:36,  1.24it/s]
 12%|█▏        | 6/50 [00:08<00:25,  1.73it/s]
 14%|█▍        | 7/50 [00:08<00:18,  2.27it/s]
 16%|█▌        | 8/50 [00:08<00:15,  2.73it/s]
 18%|█▊        | 9/50 [00:09<00:13,  3.00it/s]
 20%|██        | 10/50 [00:09<00:12,  3.12it/s]
 22%|██▏       | 11/50 [00:09<00:12,  3.12it/s]
 24%|██▍       | 12/50 [00:10<00:12,  3.08it/s]
 26%|██▌       | 13/50 [00:10<00:12,  3.05it/s]
 28%|██▊       | 14/50 [00:10<00:11,  3.03it/s]
 30%|███       | 15/50 [00:11<00:11,  3.02it/s]
 32%|███▏      | 16/50 [00:11<00:11,  3.00it/s]
 34%|███▍      | 17/50 [00:11<00:11,  2.92it/s]
 36%|███▌      | 18/50 [00:12<00:10,  2.91it/s]
 38%|███▊      | 19/50 [00:12<00:10,  2.94it/s]
 40%|████      | 20/50 [00:12<00:10,  2.91it/s]
 42%|████▏     | 21/50 [00:13<00:10,  2.86it/s]
 44%|████▍     | 22/50 [00:13<00:09,  2.81it/s]
 46%|████▌     | 23/50 [00:13<00:09,  2.78it/s]
 48%|████▊     | 24/50 [00:14<00:09,  2.77it/s]
 50%|█████     | 25/50 [00:14<00:08,  2.79it/s]
 52%|█████▏    | 26/50 [00:14<00:08,  2.85it/s]
 54%|█████▍    | 27/50 [00:15<00:07,  2.89it/s]
 56%|█████▌    | 28/50 [00:15<00:07,  2.92it/s]
 58%|█████▊    | 29/50 [00:15<00:07,  2.95it/s]
 60%|██████    | 30/50 [00:16<00:06,  2.96it/s]
 62%|██████▏   | 31/50 [00:16<00:06,  2.97it/s]
 64%|██████▍   | 32/50 [00:16<00:06,  2.98it/s]
 66%|██████▌   | 33/50 [00:17<00:05,  2.98it/s]
 68%|██████▊   | 34/50 [00:17<00:05,  2.99it/s]
 70%|███████   | 35/50 [00:17<00:04,  3.39it/s]
 72%|███████▏  | 36/50 [00:18<00:03,  3.85it/s]
 74%|███████▍  | 37/50 [00:18<00:03,  4.21it/s]
 76%|███████▌  | 38/50 [00:18<00:02,  4.55it/s]
 78%|███████▊  | 39/50 [00:18<00:02,  4.83it/s]
 80%|████████  | 40/50 [00:18<00:01,  5.16it/s]
 82%|████████▏ | 41/50 [00:18<00:01,  5.41it/s]
 84%|████████▍ | 42/50 [00:19<00:01,  5.36it/s]
 86%|████████▌ | 43/50 [00:19<00:01,  4.88it/s]
 88%|████████▊ | 44/50 [00:19<00:01,  4.36it/s]
 90%|█████████ | 45/50 [00:19<00:01,  3.94it/s]
 92%|█████████▏| 46/50 [00:20<00:01,  3.65it/s]
 94%|█████████▍| 47/50 [00:20<00:00,  3.48it/s]
 96%|█████████▌| 48/50 [00:20<00:00,  3.89it/s]
 98%|█████████▊| 49/50 [00:20<00:00,  4.26it/s]
100%|██████████| 50/50 [00:28<00:00,  2.53s/it]
100%|██████████| 50/50 [00:28<00:00,  1.73it/s]
[I 2023-12-11 22:14:34,613] Trial 275 finished with value: 0.44460641399416906 and parameters: {'EMBEDDING_DIM': 32, 'HIDDEN_DIM': 708, 'NUM_LAYERS': 2, 'DROPOUT': 0.2812247688306518, 'LR': 0.006672712405588273, 'WEIGHT_0': 0.9753127816723947, 'WEIGHT_1': 0.22788788762860113, 'WEIGHT_2': 0.20123012647878125, 'WEIGHT_3': 0.20253892128006964, 'WEIGHT_4': 0.5092472154086702, 'WEIGHT_5': 0.3886476685642265, 'WEIGHT_6': 0.07350158089011297, 'WEIGHT_7': 0.6418046459706888, 'WEIGHT_8': 0.8738017330111552}. Best is trial 223 with value: 0.4540043855069437.
{'EMBEDDING_DIM': 32, 'HIDDEN_DIM': 708, 'NUM_LAYERS': 2, 'DROPOUT': 0.2812247688306518, 'LR': 0.006672712405588273, 'WEIGHT_0': 0.9753127816723947, 'WEIGHT_1': 0.22788788762860113, 'WEIGHT_2': 0.20123012647878125, 'WEIGHT_3': 0.20253892128006964, 'WEIGHT_4': 0.5092472154086702, 'WEIGHT_5': 0.3886476685642265, 'WEIGHT_6': 0.07350158089011297, 'WEIGHT_7': 0.6418046459706888, 'WEIGHT_8': 0.8738017330111552}
0
              precision    recall  f1-score   support

         LOC       0.00      0.00      0.00      1837
        MISC       0.00      0.00      0.00       922
         ORG       0.00      0.00      0.00      1341
         PER       0.00      0.00      0.00      1842

   micro avg       0.00      0.00      0.00      5942
   macro avg       0.00      0.00      0.00      5942
weighted avg       0.00      0.00      0.00      5942

{'EMBEDDING_DIM': 32, 'HIDDEN_DIM': 708, 'NUM_LAYERS': 2, 'DROPOUT': 0.2812247688306518, 'LR': 0.006672712405588273, 'WEIGHT_0': 0.9753127816723947, 'WEIGHT_1': 0.22788788762860113, 'WEIGHT_2': 0.20123012647878125, 'WEIGHT_3': 0.20253892128006964, 'WEIGHT_4': 0.5092472154086702, 'WEIGHT_5': 0.3886476685642265, 'WEIGHT_6': 0.07350158089011297, 'WEIGHT_7': 0.6418046459706888, 'WEIGHT_8': 0.8738017330111552}
49
              precision    recall  f1-score   support

         LOC       0.78      0.59      0.67      1837
        MISC       0.57      0.48      0.52       922
         ORG       0.46      0.21      0.29      1341
         PER       0.37      0.18      0.25      1842

   micro avg       0.58      0.36      0.44      5942
   macro avg       0.55      0.36      0.43      5942
weighted avg       0.55      0.36      0.43      5942

epoch 49
Transformer

  0%|          | 0/50 [00:00<?, ?it/s]
  2%|▏         | 1/50 [00:07<06:20,  7.77s/it]
  4%|▍         | 2/50 [00:07<02:37,  3.29s/it]
  6%|▌         | 3/50 [00:08<01:27,  1.85s/it]
  8%|▊         | 4/50 [00:08<00:54,  1.18s/it]
 10%|█         | 5/50 [00:08<00:36,  1.24it/s]
 12%|█▏        | 6/50 [00:08<00:25,  1.73it/s]
 14%|█▍        | 7/50 [00:08<00:18,  2.31it/s]
 16%|█▌        | 8/50 [00:08<00:14,  2.95it/s]
 18%|█▊        | 9/50 [00:08<00:11,  3.63it/s]
 20%|██        | 10/50 [00:09<00:09,  4.31it/s]
 22%|██▏       | 11/50 [00:09<00:07,  4.93it/s]
 24%|██▍       | 12/50 [00:09<00:06,  5.48it/s]
 26%|██▌       | 13/50 [00:09<00:06,  5.93it/s]
 28%|██▊       | 14/50 [00:09<00:05,  6.30it/s]
 30%|███       | 15/50 [00:09<00:05,  6.58it/s]
 32%|███▏      | 16/50 [00:09<00:05,  6.80it/s]
 34%|███▍      | 17/50 [00:09<00:04,  6.95it/s]
 36%|███▌      | 18/50 [00:10<00:04,  7.08it/s]
 38%|███▊      | 19/50 [00:10<00:04,  7.17it/s]
 40%|████      | 20/50 [00:10<00:04,  7.22it/s]
 42%|████▏     | 21/50 [00:10<00:04,  7.24it/s]
 44%|████▍     | 22/50 [00:10<00:03,  7.27it/s]
 46%|████▌     | 23/50 [00:10<00:03,  7.30it/s]
 48%|████▊     | 24/50 [00:10<00:03,  7.31it/s]
 50%|█████     | 25/50 [00:11<00:03,  7.33it/s]
 52%|█████▏    | 26/50 [00:11<00:03,  7.33it/s]
 54%|█████▍    | 27/50 [00:11<00:03,  7.00it/s]
 56%|█████▌    | 28/50 [00:11<00:03,  6.48it/s]
 58%|█████▊    | 29/50 [00:11<00:03,  5.68it/s]
 60%|██████    | 30/50 [00:12<00:04,  4.92it/s]
 62%|██████▏   | 31/50 [00:12<00:04,  4.63it/s]
 64%|██████▍   | 32/50 [00:12<00:03,  4.88it/s]
 66%|██████▌   | 33/50 [00:12<00:03,  5.06it/s]
 68%|██████▊   | 34/50 [00:12<00:03,  5.15it/s]
 70%|███████   | 35/50 [00:13<00:02,  5.26it/s]
 72%|███████▏  | 36/50 [00:13<00:02,  5.69it/s]
 74%|███████▍  | 37/50 [00:13<00:02,  6.10it/s]
 76%|███████▌  | 38/50 [00:13<00:01,  6.44it/s]
 78%|███████▊  | 39/50 [00:13<00:01,  6.68it/s]
 80%|████████  | 40/50 [00:13<00:01,  6.87it/s]
 82%|████████▏ | 41/50 [00:13<00:01,  7.02it/s]
 84%|████████▍ | 42/50 [00:13<00:01,  7.11it/s]
 86%|████████▌ | 43/50 [00:14<00:00,  7.20it/s]
 88%|████████▊ | 44/50 [00:14<00:00,  7.25it/s]
 90%|█████████ | 45/50 [00:14<00:00,  7.28it/s]
 92%|█████████▏| 46/50 [00:14<00:00,  7.28it/s]
 94%|█████████▍| 47/50 [00:14<00:00,  7.31it/s]
 96%|█████████▌| 48/50 [00:14<00:00,  7.34it/s]
 98%|█████████▊| 49/50 [00:14<00:00,  7.35it/s]
100%|██████████| 50/50 [00:22<00:00,  2.40s/it]
100%|██████████| 50/50 [00:22<00:00,  2.21it/s]
[I 2023-12-11 22:15:04,773] Trial 276 finished with value: 0.4228437316643849 and parameters: {'EMBEDDING_DIM': 32, 'HIDDEN_DIM': 507, 'NUM_LAYERS': 2, 'DROPOUT': 0.22553782546562046, 'LR': 0.00641154936384164, 'WEIGHT_0': 0.7970004069594436, 'WEIGHT_1': 0.7417568052980117, 'WEIGHT_2': 0.2569101581840872, 'WEIGHT_3': 0.15394351668329115, 'WEIGHT_4': 0.7724309703782046, 'WEIGHT_5': 0.4206592805041148, 'WEIGHT_6': 0.09482278380184853, 'WEIGHT_7': 0.6401821313022305, 'WEIGHT_8': 0.9178555391935378}. Best is trial 223 with value: 0.4540043855069437.
{'EMBEDDING_DIM': 32, 'HIDDEN_DIM': 507, 'NUM_LAYERS': 2, 'DROPOUT': 0.22553782546562046, 'LR': 0.00641154936384164, 'WEIGHT_0': 0.7970004069594436, 'WEIGHT_1': 0.7417568052980117, 'WEIGHT_2': 0.2569101581840872, 'WEIGHT_3': 0.15394351668329115, 'WEIGHT_4': 0.7724309703782046, 'WEIGHT_5': 0.4206592805041148, 'WEIGHT_6': 0.09482278380184853, 'WEIGHT_7': 0.6401821313022305, 'WEIGHT_8': 0.9178555391935378}
0
              precision    recall  f1-score   support

         LOC       0.00      0.00      0.00      1837
        MISC       0.00      0.00      0.00       922
         ORG       0.00      0.00      0.00      1341
         PER       0.00      0.00      0.00      1842

   micro avg       0.00      0.00      0.00      5942
   macro avg       0.00      0.00      0.00      5942
weighted avg       0.00      0.00      0.00      5942

{'EMBEDDING_DIM': 32, 'HIDDEN_DIM': 507, 'NUM_LAYERS': 2, 'DROPOUT': 0.22553782546562046, 'LR': 0.00641154936384164, 'WEIGHT_0': 0.7970004069594436, 'WEIGHT_1': 0.7417568052980117, 'WEIGHT_2': 0.2569101581840872, 'WEIGHT_3': 0.15394351668329115, 'WEIGHT_4': 0.7724309703782046, 'WEIGHT_5': 0.4206592805041148, 'WEIGHT_6': 0.09482278380184853, 'WEIGHT_7': 0.6401821313022305, 'WEIGHT_8': 0.9178555391935378}
49
              precision    recall  f1-score   support

         LOC       0.74      0.57      0.64      1837
        MISC       0.53      0.46      0.49       922
         ORG       0.43      0.21      0.28      1341
         PER       0.29      0.22      0.25      1842

   micro avg       0.50      0.36      0.42      5942
   macro avg       0.50      0.37      0.42      5942
weighted avg       0.50      0.36      0.42      5942

epoch 49
Transformer

  0%|          | 0/50 [00:00<?, ?it/s]
  2%|▏         | 1/50 [00:07<06:21,  7.78s/it]
  4%|▍         | 2/50 [00:07<02:38,  3.31s/it]
  6%|▌         | 3/50 [00:08<01:27,  1.87s/it]
  8%|▊         | 4/50 [00:08<00:55,  1.20s/it]
 10%|█         | 5/50 [00:08<00:36,  1.22it/s]
 12%|█▏        | 6/50 [00:08<00:26,  1.69it/s]
 14%|█▍        | 7/50 [00:08<00:19,  2.20it/s]
 16%|█▌        | 8/50 [00:08<00:15,  2.79it/s]
 18%|█▊        | 9/50 [00:09<00:12,  3.41it/s]
 20%|██        | 10/50 [00:09<00:09,  4.02it/s]
 22%|██▏       | 11/50 [00:09<00:08,  4.56it/s]
 24%|██▍       | 12/50 [00:09<00:07,  5.05it/s]
 26%|██▌       | 13/50 [00:09<00:06,  5.44it/s]
 28%|██▊       | 14/50 [00:09<00:06,  5.76it/s]
 30%|███       | 15/50 [00:09<00:05,  6.00it/s]
 32%|███▏      | 16/50 [00:10<00:05,  6.18it/s]
 34%|███▍      | 17/50 [00:10<00:05,  6.31it/s]
 36%|███▌      | 18/50 [00:10<00:04,  6.41it/s]
 38%|███▊      | 19/50 [00:10<00:04,  6.48it/s]
 40%|████      | 20/50 [00:10<00:04,  6.52it/s]
 42%|████▏     | 21/50 [00:10<00:04,  6.55it/s]
 44%|████▍     | 22/50 [00:11<00:04,  6.59it/s]
 46%|████▌     | 23/50 [00:11<00:04,  6.60it/s]
 48%|████▊     | 24/50 [00:11<00:03,  6.61it/s]
 50%|█████     | 25/50 [00:11<00:03,  6.62it/s]
 52%|█████▏    | 26/50 [00:11<00:03,  6.63it/s]
 54%|█████▍    | 27/50 [00:11<00:03,  6.63it/s]
 56%|█████▌    | 28/50 [00:11<00:03,  6.64it/s]
 58%|█████▊    | 29/50 [00:12<00:03,  6.64it/s]
 60%|██████    | 30/50 [00:12<00:03,  6.64it/s]
 62%|██████▏   | 31/50 [00:12<00:02,  6.63it/s]
 64%|██████▍   | 32/50 [00:12<00:02,  6.64it/s]
 66%|██████▌   | 33/50 [00:12<00:02,  6.50it/s]
 68%|██████▊   | 34/50 [00:12<00:02,  5.73it/s]
 70%|███████   | 35/50 [00:13<00:03,  4.45it/s]
 72%|███████▏  | 36/50 [00:13<00:03,  3.99it/s]
 74%|███████▍  | 37/50 [00:13<00:03,  3.66it/s]
 76%|███████▌  | 38/50 [00:14<00:03,  3.52it/s]
 78%|███████▊  | 39/50 [00:14<00:03,  3.42it/s]
 80%|████████  | 40/50 [00:14<00:03,  3.28it/s]
 82%|████████▏ | 41/50 [00:15<00:02,  3.21it/s]
 84%|████████▍ | 42/50 [00:15<00:02,  3.21it/s]
 86%|████████▌ | 43/50 [00:15<00:02,  3.14it/s]
 88%|████████▊ | 44/50 [00:16<00:01,  3.21it/s]
 90%|█████████ | 45/50 [00:16<00:01,  3.67it/s]
 92%|█████████▏| 46/50 [00:16<00:00,  4.08it/s]
 94%|█████████▍| 47/50 [00:16<00:00,  4.43it/s]
 96%|█████████▌| 48/50 [00:16<00:00,  4.71it/s]
 98%|█████████▊| 49/50 [00:17<00:00,  5.01it/s]
100%|██████████| 50/50 [00:24<00:00,  2.50s/it]
100%|██████████| 50/50 [00:24<00:00,  2.01it/s]
