[I 2023-12-11 21:40:49,380] Trial 212 finished with value: 0.4356923076923077 and parameters: {'EMBEDDING_DIM': 32, 'HIDDEN_DIM': 772, 'NUM_LAYERS': 1, 'DROPOUT': 0.2698670281943718, 'LR': 0.007135321451417819, 'WEIGHT_0': 0.9784879315256421, 'WEIGHT_1': 0.11545154081711054, 'WEIGHT_2': 0.2870887448736713, 'WEIGHT_3': 0.24853367981615548, 'WEIGHT_4': 0.7784621703661929, 'WEIGHT_5': 0.36654836986856254, 'WEIGHT_6': 0.12573649264015266, 'WEIGHT_7': 0.6145021988602977, 'WEIGHT_8': 0.829803654794731}. Best is trial 42 with value: 0.44962374581939796.
{'EMBEDDING_DIM': 32, 'HIDDEN_DIM': 772, 'NUM_LAYERS': 1, 'DROPOUT': 0.2698670281943718, 'LR': 0.007135321451417819, 'WEIGHT_0': 0.9784879315256421, 'WEIGHT_1': 0.11545154081711054, 'WEIGHT_2': 0.2870887448736713, 'WEIGHT_3': 0.24853367981615548, 'WEIGHT_4': 0.7784621703661929, 'WEIGHT_5': 0.36654836986856254, 'WEIGHT_6': 0.12573649264015266, 'WEIGHT_7': 0.6145021988602977, 'WEIGHT_8': 0.829803654794731}
0
              precision    recall  f1-score   support

         LOC       0.00      0.00      0.00      1837
        MISC       0.00      0.00      0.00       922
         ORG       0.00      0.00      0.00      1341
         PER       0.00      0.00      0.00      1842

   micro avg       0.00      0.00      0.00      5942
   macro avg       0.00      0.00      0.00      5942
weighted avg       0.00      0.00      0.00      5942

{'EMBEDDING_DIM': 32, 'HIDDEN_DIM': 772, 'NUM_LAYERS': 1, 'DROPOUT': 0.2698670281943718, 'LR': 0.007135321451417819, 'WEIGHT_0': 0.9784879315256421, 'WEIGHT_1': 0.11545154081711054, 'WEIGHT_2': 0.2870887448736713, 'WEIGHT_3': 0.24853367981615548, 'WEIGHT_4': 0.7784621703661929, 'WEIGHT_5': 0.36654836986856254, 'WEIGHT_6': 0.12573649264015266, 'WEIGHT_7': 0.6145021988602977, 'WEIGHT_8': 0.829803654794731}
49
              precision    recall  f1-score   support

         LOC       0.79      0.58      0.67      1837
        MISC       0.55      0.49      0.52       922
         ORG       0.44      0.21      0.29      1341
         PER       0.33      0.18      0.23      1842

   micro avg       0.56      0.36      0.44      5942
   macro avg       0.53      0.36      0.43      5942
weighted avg       0.53      0.36      0.42      5942

epoch 49
Transformer

  0%|          | 0/50 [00:00<?, ?it/s]
  2%|▏         | 1/50 [00:07<05:57,  7.29s/it]
  4%|▍         | 2/50 [00:07<02:27,  3.07s/it]
  6%|▌         | 3/50 [00:07<01:20,  1.72s/it]
  8%|▊         | 4/50 [00:07<00:49,  1.09s/it]
 10%|█         | 5/50 [00:07<00:33,  1.36it/s]
 12%|█▏        | 6/50 [00:07<00:23,  1.91it/s]
 14%|█▍        | 7/50 [00:07<00:16,  2.55it/s]
 16%|█▌        | 8/50 [00:08<00:12,  3.29it/s]
 18%|█▊        | 9/50 [00:08<00:10,  4.09it/s]
 20%|██        | 10/50 [00:08<00:08,  4.89it/s]
 22%|██▏       | 11/50 [00:08<00:06,  5.65it/s]
 24%|██▍       | 12/50 [00:08<00:05,  6.35it/s]
 26%|██▌       | 13/50 [00:08<00:05,  6.92it/s]
 28%|██▊       | 14/50 [00:08<00:04,  7.38it/s]
 30%|███       | 15/50 [00:08<00:04,  7.77it/s]
 32%|███▏      | 16/50 [00:09<00:04,  8.03it/s]
 34%|███▍      | 17/50 [00:09<00:04,  8.25it/s]
 36%|███▌      | 18/50 [00:09<00:03,  8.40it/s]
 38%|███▊      | 19/50 [00:09<00:03,  8.48it/s]
 40%|████      | 20/50 [00:09<00:03,  8.59it/s]
 42%|████▏     | 21/50 [00:09<00:03,  8.64it/s]
 44%|████▍     | 22/50 [00:09<00:03,  8.69it/s]
 46%|████▌     | 23/50 [00:09<00:03,  8.72it/s]
 48%|████▊     | 24/50 [00:09<00:02,  8.75it/s]
 50%|█████     | 25/50 [00:10<00:02,  8.75it/s]
 52%|█████▏    | 26/50 [00:10<00:02,  8.75it/s]
 54%|█████▍    | 27/50 [00:10<00:02,  8.76it/s]
 56%|█████▌    | 28/50 [00:10<00:02,  8.77it/s]
 58%|█████▊    | 29/50 [00:10<00:02,  8.79it/s]
 60%|██████    | 30/50 [00:10<00:02,  8.79it/s]
 62%|██████▏   | 31/50 [00:10<00:02,  8.80it/s]
 64%|██████▍   | 32/50 [00:10<00:02,  8.79it/s]
 66%|██████▌   | 33/50 [00:10<00:02,  8.40it/s]
 68%|██████▊   | 34/50 [00:11<00:01,  8.59it/s]
 70%|███████   | 35/50 [00:11<00:01,  8.76it/s]
 72%|███████▏  | 36/50 [00:11<00:01,  8.86it/s]
 74%|███████▍  | 37/50 [00:11<00:01,  8.94it/s]
 76%|███████▌  | 38/50 [00:11<00:01,  9.00it/s]
 78%|███████▊  | 39/50 [00:11<00:01,  9.04it/s]
 80%|████████  | 40/50 [00:11<00:01,  9.08it/s]
 82%|████████▏ | 41/50 [00:11<00:00,  9.08it/s]
 84%|████████▍ | 42/50 [00:11<00:00,  9.11it/s]
 86%|████████▌ | 43/50 [00:12<00:00,  9.10it/s]
 88%|████████▊ | 44/50 [00:12<00:00,  9.11it/s]
 90%|█████████ | 45/50 [00:12<00:00,  9.12it/s]
 92%|█████████▏| 46/50 [00:12<00:00,  9.12it/s]
 94%|█████████▍| 47/50 [00:12<00:00,  9.13it/s]
 96%|█████████▌| 48/50 [00:12<00:00,  9.14it/s]
 98%|█████████▊| 49/50 [00:12<00:00,  9.14it/s]
100%|██████████| 50/50 [00:20<00:00,  2.29s/it]
100%|██████████| 50/50 [00:20<00:00,  2.49it/s]
[I 2023-12-11 21:41:16,487] Trial 213 finished with value: 0.4463822277587459 and parameters: {'EMBEDDING_DIM': 32, 'HIDDEN_DIM': 564, 'NUM_LAYERS': 1, 'DROPOUT': 0.254671100656167, 'LR': 0.007085942085606435, 'WEIGHT_0': 0.9871971197790775, 'WEIGHT_1': 0.14800024904443143, 'WEIGHT_2': 0.26634456947849094, 'WEIGHT_3': 0.24144663396261667, 'WEIGHT_4': 0.8229715841032136, 'WEIGHT_5': 0.4032583626421364, 'WEIGHT_6': 0.1014150499314838, 'WEIGHT_7': 0.642617845920453, 'WEIGHT_8': 0.8517030007161848}. Best is trial 42 with value: 0.44962374581939796.
{'EMBEDDING_DIM': 32, 'HIDDEN_DIM': 564, 'NUM_LAYERS': 1, 'DROPOUT': 0.254671100656167, 'LR': 0.007085942085606435, 'WEIGHT_0': 0.9871971197790775, 'WEIGHT_1': 0.14800024904443143, 'WEIGHT_2': 0.26634456947849094, 'WEIGHT_3': 0.24144663396261667, 'WEIGHT_4': 0.8229715841032136, 'WEIGHT_5': 0.4032583626421364, 'WEIGHT_6': 0.1014150499314838, 'WEIGHT_7': 0.642617845920453, 'WEIGHT_8': 0.8517030007161848}
0
              precision    recall  f1-score   support

         LOC       0.00      0.00      0.00      1837
        MISC       0.00      0.00      0.00       922
         ORG       0.00      0.00      0.00      1341
         PER       0.00      0.00      0.00      1842

   micro avg       0.00      0.00      0.00      5942
   macro avg       0.00      0.00      0.00      5942
weighted avg       0.00      0.00      0.00      5942

{'EMBEDDING_DIM': 32, 'HIDDEN_DIM': 564, 'NUM_LAYERS': 1, 'DROPOUT': 0.254671100656167, 'LR': 0.007085942085606435, 'WEIGHT_0': 0.9871971197790775, 'WEIGHT_1': 0.14800024904443143, 'WEIGHT_2': 0.26634456947849094, 'WEIGHT_3': 0.24144663396261667, 'WEIGHT_4': 0.8229715841032136, 'WEIGHT_5': 0.4032583626421364, 'WEIGHT_6': 0.1014150499314838, 'WEIGHT_7': 0.642617845920453, 'WEIGHT_8': 0.8517030007161848}
49
              precision    recall  f1-score   support

         LOC       0.76      0.59      0.67      1837
        MISC       0.64      0.49      0.55       922
         ORG       0.46      0.22      0.30      1341
         PER       0.35      0.17      0.23      1842

   micro avg       0.58      0.36      0.45      5942
   macro avg       0.55      0.37      0.44      5942
weighted avg       0.54      0.36      0.43      5942

epoch 49
Transformer

  0%|          | 0/50 [00:00<?, ?it/s]
  2%|▏         | 1/50 [00:07<05:57,  7.29s/it]
  4%|▍         | 2/50 [00:07<02:27,  3.07s/it]
  6%|▌         | 3/50 [00:07<01:20,  1.72s/it]
  8%|▊         | 4/50 [00:07<00:49,  1.09s/it]
 10%|█         | 5/50 [00:07<00:33,  1.36it/s]
 12%|█▏        | 6/50 [00:07<00:23,  1.91it/s]
 14%|█▍        | 7/50 [00:07<00:16,  2.55it/s]
 16%|█▌        | 8/50 [00:08<00:12,  3.30it/s]
 18%|█▊        | 9/50 [00:08<00:09,  4.12it/s]
 20%|██        | 10/50 [00:08<00:08,  4.86it/s]
 22%|██▏       | 11/50 [00:08<00:06,  5.67it/s]
 24%|██▍       | 12/50 [00:08<00:05,  6.40it/s]
 26%|██▌       | 13/50 [00:08<00:05,  7.03it/s]
 28%|██▊       | 14/50 [00:08<00:04,  7.56it/s]
 30%|███       | 15/50 [00:08<00:04,  7.97it/s]
 32%|███▏      | 16/50 [00:08<00:04,  8.26it/s]
 34%|███▍      | 17/50 [00:09<00:03,  8.50it/s]
 36%|███▌      | 18/50 [00:09<00:03,  8.68it/s]
 38%|███▊      | 19/50 [00:09<00:03,  8.81it/s]
 40%|████      | 20/50 [00:09<00:03,  8.90it/s]
 42%|████▏     | 21/50 [00:09<00:03,  8.94it/s]
 44%|████▍     | 22/50 [00:09<00:03,  9.00it/s]
 46%|████▌     | 23/50 [00:09<00:02,  9.02it/s]
 48%|████▊     | 24/50 [00:09<00:02,  9.04it/s]
 50%|█████     | 25/50 [00:09<00:02,  9.07it/s]
 52%|█████▏    | 26/50 [00:10<00:02,  9.08it/s]
 54%|█████▍    | 27/50 [00:10<00:02,  9.09it/s]
 56%|█████▌    | 28/50 [00:10<00:02,  9.10it/s]
 58%|█████▊    | 29/50 [00:10<00:02,  9.10it/s]
 60%|██████    | 30/50 [00:10<00:02,  9.09it/s]
 62%|██████▏   | 31/50 [00:10<00:02,  9.09it/s]
 64%|██████▍   | 32/50 [00:10<00:01,  9.10it/s]
 66%|██████▌   | 33/50 [00:10<00:01,  9.10it/s]
 68%|██████▊   | 34/50 [00:10<00:01,  9.09it/s]
 70%|███████   | 35/50 [00:11<00:01,  9.08it/s]
 72%|███████▏  | 36/50 [00:11<00:01,  9.09it/s]
 74%|███████▍  | 37/50 [00:11<00:01,  9.10it/s]
 76%|███████▌  | 38/50 [00:11<00:01,  9.12it/s]
 78%|███████▊  | 39/50 [00:11<00:01,  9.13it/s]
 80%|████████  | 40/50 [00:11<00:01,  9.11it/s]
 82%|████████▏ | 41/50 [00:11<00:00,  9.12it/s]
 84%|████████▍ | 42/50 [00:11<00:00,  9.12it/s]
 86%|████████▌ | 43/50 [00:11<00:00,  9.13it/s]
 88%|████████▊ | 44/50 [00:12<00:00,  9.13it/s]
 90%|█████████ | 45/50 [00:12<00:00,  9.12it/s]
 92%|█████████▏| 46/50 [00:12<00:00,  9.12it/s]
 94%|█████████▍| 47/50 [00:12<00:00,  9.13it/s]
 96%|█████████▌| 48/50 [00:12<00:00,  9.12it/s]
 98%|█████████▊| 49/50 [00:12<00:00,  9.12it/s]
100%|██████████| 50/50 [00:19<00:00,  2.26s/it]
100%|██████████| 50/50 [00:19<00:00,  2.51it/s]
[I 2023-12-11 21:41:42,546] Trial 214 finished with value: 0.44284221525600836 and parameters: {'EMBEDDING_DIM': 32, 'HIDDEN_DIM': 835, 'NUM_LAYERS': 1, 'DROPOUT': 0.2579769326451742, 'LR': 0.006975262261523679, 'WEIGHT_0': 0.9852619831120263, 'WEIGHT_1': 0.13300516202508733, 'WEIGHT_2': 0.2548537756593525, 'WEIGHT_3': 0.2308641985488886, 'WEIGHT_4': 0.7982445767367818, 'WEIGHT_5': 0.40288959785945533, 'WEIGHT_6': 0.14404981068992098, 'WEIGHT_7': 0.6437196703957203, 'WEIGHT_8': 0.8566249249617667}. Best is trial 42 with value: 0.44962374581939796.
{'EMBEDDING_DIM': 32, 'HIDDEN_DIM': 835, 'NUM_LAYERS': 1, 'DROPOUT': 0.2579769326451742, 'LR': 0.006975262261523679, 'WEIGHT_0': 0.9852619831120263, 'WEIGHT_1': 0.13300516202508733, 'WEIGHT_2': 0.2548537756593525, 'WEIGHT_3': 0.2308641985488886, 'WEIGHT_4': 0.7982445767367818, 'WEIGHT_5': 0.40288959785945533, 'WEIGHT_6': 0.14404981068992098, 'WEIGHT_7': 0.6437196703957203, 'WEIGHT_8': 0.8566249249617667}
0
              precision    recall  f1-score   support

         LOC       0.00      0.00      0.00      1837
        MISC       0.00      0.00      0.00       922
         ORG       0.00      0.00      0.00      1341
         PER       0.00      0.00      0.00      1842

   micro avg       0.00      0.00      0.00      5942
   macro avg       0.00      0.00      0.00      5942
weighted avg       0.00      0.00      0.00      5942

{'EMBEDDING_DIM': 32, 'HIDDEN_DIM': 835, 'NUM_LAYERS': 1, 'DROPOUT': 0.2579769326451742, 'LR': 0.006975262261523679, 'WEIGHT_0': 0.9852619831120263, 'WEIGHT_1': 0.13300516202508733, 'WEIGHT_2': 0.2548537756593525, 'WEIGHT_3': 0.2308641985488886, 'WEIGHT_4': 0.7982445767367818, 'WEIGHT_5': 0.40288959785945533, 'WEIGHT_6': 0.14404981068992098, 'WEIGHT_7': 0.6437196703957203, 'WEIGHT_8': 0.8566249249617667}
49
              precision    recall  f1-score   support

         LOC       0.77      0.58      0.66      1837
        MISC       0.66      0.50      0.57       922
         ORG       0.44      0.21      0.28      1341
         PER       0.35      0.17      0.23      1842

   micro avg       0.58      0.36      0.44      5942
   macro avg       0.55      0.36      0.43      5942
weighted avg       0.55      0.36      0.43      5942

epoch 49
Transformer

  0%|          | 0/50 [00:00<?, ?it/s]
  2%|▏         | 1/50 [00:05<04:53,  5.99s/it]
  6%|▌         | 3/50 [00:06<01:16,  1.63s/it]
  8%|▊         | 4/50 [00:06<00:50,  1.10s/it]
 10%|█         | 5/50 [00:06<00:34,  1.29it/s]
 12%|█▏        | 6/50 [00:06<00:25,  1.75it/s]
 16%|█▌        | 8/50 [00:06<00:14,  2.90it/s]
 18%|█▊        | 9/50 [00:06<00:11,  3.52it/s]
 20%|██        | 10/50 [00:06<00:09,  4.20it/s]
 22%|██▏       | 11/50 [00:07<00:08,  4.84it/s]
 24%|██▍       | 12/50 [00:07<00:06,  5.61it/s]
 26%|██▌       | 13/50 [00:07<00:05,  6.33it/s]
 28%|██▊       | 14/50 [00:07<00:05,  6.66it/s]
 30%|███       | 15/50 [00:07<00:05,  6.89it/s]
 34%|███▍      | 17/50 [00:07<00:03,  8.34it/s]
 38%|███▊      | 19/50 [00:07<00:03,  9.18it/s]
 42%|████▏     | 21/50 [00:08<00:02,  9.80it/s]
 46%|████▌     | 23/50 [00:08<00:02, 10.15it/s]
 50%|█████     | 25/50 [00:08<00:02, 10.45it/s]
 54%|█████▍    | 27/50 [00:08<00:02, 10.69it/s]
 58%|█████▊    | 29/50 [00:08<00:01, 10.83it/s]
 62%|██████▏   | 31/50 [00:09<00:01, 10.94it/s]
 66%|██████▌   | 33/50 [00:09<00:01, 11.02it/s]
 70%|███████   | 35/50 [00:09<00:01, 11.12it/s]
 74%|███████▍  | 37/50 [00:09<00:01, 11.16it/s]
 78%|███████▊  | 39/50 [00:09<00:00, 11.18it/s]
 82%|████████▏ | 41/50 [00:09<00:00, 11.20it/s]
 86%|████████▌ | 43/50 [00:10<00:00, 11.23it/s]
 90%|█████████ | 45/50 [00:10<00:00, 11.25it/s]
 94%|█████████▍| 47/50 [00:10<00:00, 11.27it/s]
 98%|█████████▊| 49/50 [00:10<00:00, 11.26it/s]
100%|██████████| 50/50 [00:16<00:00,  3.02it/s]
[I 2023-12-11 21:42:04,722] Trial 215 finished with value: 0.45000521322072773 and parameters: {'EMBEDDING_DIM': 32, 'HIDDEN_DIM': 713, 'NUM_LAYERS': 1, 'DROPOUT': 0.24224331914502956, 'LR': 0.006917550500536404, 'WEIGHT_0': 0.9892224614083918, 'WEIGHT_1': 0.15297514004169904, 'WEIGHT_2': 0.2610331122972048, 'WEIGHT_3': 0.22975736946852898, 'WEIGHT_4': 0.8273984482437244, 'WEIGHT_5': 0.41705663663584874, 'WEIGHT_6': 0.10168873128625297, 'WEIGHT_7': 0.6338545825926972, 'WEIGHT_8': 0.8452189832079123}. Best is trial 215 with value: 0.45000521322072773.
{'EMBEDDING_DIM': 32, 'HIDDEN_DIM': 713, 'NUM_LAYERS': 1, 'DROPOUT': 0.24224331914502956, 'LR': 0.006917550500536404, 'WEIGHT_0': 0.9892224614083918, 'WEIGHT_1': 0.15297514004169904, 'WEIGHT_2': 0.2610331122972048, 'WEIGHT_3': 0.22975736946852898, 'WEIGHT_4': 0.8273984482437244, 'WEIGHT_5': 0.41705663663584874, 'WEIGHT_6': 0.10168873128625297, 'WEIGHT_7': 0.6338545825926972, 'WEIGHT_8': 0.8452189832079123}
0
              precision    recall  f1-score   support

         LOC       0.00      0.00      0.00      1837
        MISC       0.00      0.00      0.00       922
         ORG       0.00      0.00      0.00      1341
         PER       0.00      0.00      0.00      1842

   micro avg       0.00      0.00      0.00      5942
   macro avg       0.00      0.00      0.00      5942
weighted avg       0.00      0.00      0.00      5942

{'EMBEDDING_DIM': 32, 'HIDDEN_DIM': 713, 'NUM_LAYERS': 1, 'DROPOUT': 0.24224331914502956, 'LR': 0.006917550500536404, 'WEIGHT_0': 0.9892224614083918, 'WEIGHT_1': 0.15297514004169904, 'WEIGHT_2': 0.2610331122972048, 'WEIGHT_3': 0.22975736946852898, 'WEIGHT_4': 0.8273984482437244, 'WEIGHT_5': 0.41705663663584874, 'WEIGHT_6': 0.10168873128625297, 'WEIGHT_7': 0.6338545825926972, 'WEIGHT_8': 0.8452189832079123}
49
              precision    recall  f1-score   support

         LOC       0.78      0.58      0.67      1837
        MISC       0.64      0.48      0.55       922
         ORG       0.43      0.22      0.29      1341
         PER       0.38      0.19      0.25      1842

   micro avg       0.59      0.36      0.45      5942
   macro avg       0.56      0.37      0.44      5942
weighted avg       0.56      0.36      0.44      5942

epoch 49
Transformer

  0%|          | 0/50 [00:00<?, ?it/s]
  2%|▏         | 1/50 [00:06<04:54,  6.02s/it]
  4%|▍         | 2/50 [00:06<02:01,  2.54s/it]
  8%|▊         | 4/50 [00:06<00:46,  1.01s/it]
 12%|█▏        | 6/50 [00:06<00:25,  1.73it/s]
 16%|█▌        | 8/50 [00:06<00:16,  2.60it/s]
 20%|██        | 10/50 [00:06<00:11,  3.60it/s]
 24%|██▍       | 12/50 [00:07<00:08,  4.68it/s]
 28%|██▊       | 14/50 [00:07<00:06,  5.76it/s]
 32%|███▏      | 16/50 [00:07<00:05,  6.79it/s]
 36%|███▌      | 18/50 [00:07<00:04,  7.70it/s]
 40%|████      | 20/50 [00:07<00:03,  8.48it/s]
 44%|████▍     | 22/50 [00:07<00:03,  9.10it/s]
 48%|████▊     | 24/50 [00:08<00:02,  9.57it/s]
 52%|█████▏    | 26/50 [00:08<00:02,  9.94it/s]
 56%|█████▌    | 28/50 [00:08<00:02, 10.22it/s]
 60%|██████    | 30/50 [00:08<00:01, 10.44it/s]
 64%|██████▍   | 32/50 [00:08<00:01, 10.58it/s]
 68%|██████▊   | 34/50 [00:09<00:01, 10.67it/s]
 72%|███████▏  | 36/50 [00:09<00:01, 10.74it/s]
 76%|███████▌  | 38/50 [00:09<00:01, 10.81it/s]
 80%|████████  | 40/50 [00:09<00:00, 10.84it/s]
 84%|████████▍ | 42/50 [00:09<00:00, 10.86it/s]
 88%|████████▊ | 44/50 [00:10<00:00, 10.88it/s]
 92%|█████████▏| 46/50 [00:10<00:00, 10.89it/s]
 96%|█████████▌| 48/50 [00:10<00:00, 10.91it/s]
100%|██████████| 50/50 [00:16<00:00,  1.02it/s]
100%|██████████| 50/50 [00:16<00:00,  3.04it/s]
[I 2023-12-11 21:42:26,635] Trial 216 finished with value: 0.44807274981915884 and parameters: {'EMBEDDING_DIM': 32, 'HIDDEN_DIM': 846, 'NUM_LAYERS': 1, 'DROPOUT': 0.25882794103728674, 'LR': 0.006986399946539574, 'WEIGHT_0': 0.9929715950605608, 'WEIGHT_1': 0.14012099602070455, 'WEIGHT_2': 0.2550346271029816, 'WEIGHT_3': 0.2337629719429797, 'WEIGHT_4': 0.8263390381440445, 'WEIGHT_5': 0.421011061415333, 'WEIGHT_6': 0.07266674298621241, 'WEIGHT_7': 0.6303001558656742, 'WEIGHT_8': 0.8353581524281815}. Best is trial 215 with value: 0.45000521322072773.
{'EMBEDDING_DIM': 32, 'HIDDEN_DIM': 846, 'NUM_LAYERS': 1, 'DROPOUT': 0.25882794103728674, 'LR': 0.006986399946539574, 'WEIGHT_0': 0.9929715950605608, 'WEIGHT_1': 0.14012099602070455, 'WEIGHT_2': 0.2550346271029816, 'WEIGHT_3': 0.2337629719429797, 'WEIGHT_4': 0.8263390381440445, 'WEIGHT_5': 0.421011061415333, 'WEIGHT_6': 0.07266674298621241, 'WEIGHT_7': 0.6303001558656742, 'WEIGHT_8': 0.8353581524281815}
0
              precision    recall  f1-score   support

         LOC       0.00      0.00      0.00      1837
        MISC       0.00      0.00      0.00       922
         ORG       0.00      0.00      0.00      1341
         PER       0.00      0.00      0.00      1842

   micro avg       0.00      0.00      0.00      5942
   macro avg       0.00      0.00      0.00      5942
weighted avg       0.00      0.00      0.00      5942

{'EMBEDDING_DIM': 32, 'HIDDEN_DIM': 846, 'NUM_LAYERS': 1, 'DROPOUT': 0.25882794103728674, 'LR': 0.006986399946539574, 'WEIGHT_0': 0.9929715950605608, 'WEIGHT_1': 0.14012099602070455, 'WEIGHT_2': 0.2550346271029816, 'WEIGHT_3': 0.2337629719429797, 'WEIGHT_4': 0.8263390381440445, 'WEIGHT_5': 0.421011061415333, 'WEIGHT_6': 0.07266674298621241, 'WEIGHT_7': 0.6303001558656742, 'WEIGHT_8': 0.8353581524281815}
49
              precision    recall  f1-score   support

         LOC       0.78      0.59      0.67      1837
        MISC       0.64      0.49      0.56       922
         ORG       0.43      0.21      0.28      1341
         PER       0.35      0.19      0.24      1842

   micro avg       0.58      0.36      0.45      5942
   macro avg       0.55      0.37      0.44      5942
weighted avg       0.55      0.36      0.43      5942

epoch 49
Transformer

  0%|          | 0/50 [00:00<?, ?it/s]
  2%|▏         | 1/50 [00:06<04:54,  6.01s/it]
  4%|▍         | 2/50 [00:06<02:02,  2.56s/it]
  6%|▌         | 3/50 [00:06<01:08,  1.45s/it]
  8%|▊         | 4/50 [00:06<00:42,  1.08it/s]
 10%|█         | 5/50 [00:06<00:28,  1.57it/s]
 12%|█▏        | 6/50 [00:06<00:20,  2.11it/s]
 14%|█▍        | 7/50 [00:06<00:15,  2.72it/s]
 16%|█▌        | 8/50 [00:06<00:12,  3.38it/s]
 18%|█▊        | 9/50 [00:07<00:09,  4.11it/s]
 20%|██        | 10/50 [00:07<00:08,  4.82it/s]
 22%|██▏       | 11/50 [00:07<00:07,  5.46it/s]
 24%|██▍       | 12/50 [00:07<00:06,  6.01it/s]
 26%|██▌       | 13/50 [00:07<00:05,  6.47it/s]
 28%|██▊       | 14/50 [00:07<00:05,  6.82it/s]
 30%|███       | 15/50 [00:07<00:04,  7.19it/s]
 32%|███▏      | 16/50 [00:07<00:04,  7.51it/s]
 34%|███▍      | 17/50 [00:08<00:04,  7.75it/s]
 36%|███▌      | 18/50 [00:08<00:04,  7.92it/s]
 38%|███▊      | 19/50 [00:08<00:03,  8.04it/s]
 40%|████      | 20/50 [00:08<00:03,  8.14it/s]
 42%|████▏     | 21/50 [00:08<00:03,  8.19it/s]
 44%|████▍     | 22/50 [00:08<00:03,  8.23it/s]
 46%|████▌     | 23/50 [00:08<00:03,  8.28it/s]
 48%|████▊     | 24/50 [00:08<00:03,  8.29it/s]
 50%|█████     | 25/50 [00:09<00:03,  8.31it/s]
 52%|█████▏    | 26/50 [00:09<00:02,  8.33it/s]
 54%|█████▍    | 27/50 [00:09<00:02,  8.33it/s]
 56%|█████▌    | 28/50 [00:09<00:02,  8.34it/s]
 58%|█████▊    | 29/50 [00:09<00:02,  8.34it/s]
 60%|██████    | 30/50 [00:09<00:02,  8.35it/s]
 62%|██████▏   | 31/50 [00:09<00:02,  8.35it/s]
 64%|██████▍   | 32/50 [00:09<00:02,  8.35it/s]
 66%|██████▌   | 33/50 [00:10<00:02,  8.33it/s]
 68%|██████▊   | 34/50 [00:10<00:01,  8.23it/s]
 70%|███████   | 35/50 [00:10<00:01,  8.19it/s]
 72%|███████▏  | 36/50 [00:10<00:01,  8.14it/s]
 74%|███████▍  | 37/50 [00:10<00:01,  8.11it/s]
 76%|███████▌  | 38/50 [00:10<00:01,  8.02it/s]
 78%|███████▊  | 39/50 [00:10<00:01,  7.96it/s]
 80%|████████  | 40/50 [00:10<00:01,  7.91it/s]
 82%|████████▏ | 41/50 [00:11<00:01,  7.99it/s]
 84%|████████▍ | 42/50 [00:11<00:00,  8.09it/s]
 86%|████████▌ | 43/50 [00:11<00:00,  8.17it/s]
 88%|████████▊ | 44/50 [00:11<00:00,  8.22it/s]
 90%|█████████ | 45/50 [00:11<00:00,  8.24it/s]
 92%|█████████▏| 46/50 [00:11<00:00,  8.27it/s]
 94%|█████████▍| 47/50 [00:11<00:00,  8.30it/s]
 96%|█████████▌| 48/50 [00:11<00:00,  8.31it/s]
 98%|█████████▊| 49/50 [00:11<00:00,  8.32it/s]
100%|██████████| 50/50 [00:17<00:00,  1.84s/it]
100%|██████████| 50/50 [00:17<00:00,  2.80it/s]
