[I 2023-12-11 21:01:03,290] Trial 133 finished with value: 0.4351160862354892 and parameters: {'EMBEDDING_DIM': 32, 'HIDDEN_DIM': 293, 'NUM_LAYERS': 1, 'DROPOUT': 0.0752642264481623, 'LR': 0.007327331923565722, 'WEIGHT_0': 0.9343319243933287, 'WEIGHT_1': 0.0857120948154633, 'WEIGHT_2': 0.4222047878730465, 'WEIGHT_3': 0.17679198905785812, 'WEIGHT_4': 0.8648382509425943, 'WEIGHT_5': 0.2783812626710656, 'WEIGHT_6': 0.19155783751899408, 'WEIGHT_7': 0.8183890124031021, 'WEIGHT_8': 0.3321762338865332}. Best is trial 42 with value: 0.44962374581939796.
{'EMBEDDING_DIM': 32, 'HIDDEN_DIM': 293, 'NUM_LAYERS': 1, 'DROPOUT': 0.0752642264481623, 'LR': 0.007327331923565722, 'WEIGHT_0': 0.9343319243933287, 'WEIGHT_1': 0.0857120948154633, 'WEIGHT_2': 0.4222047878730465, 'WEIGHT_3': 0.17679198905785812, 'WEIGHT_4': 0.8648382509425943, 'WEIGHT_5': 0.2783812626710656, 'WEIGHT_6': 0.19155783751899408, 'WEIGHT_7': 0.8183890124031021, 'WEIGHT_8': 0.3321762338865332}
0
              precision    recall  f1-score   support

         LOC       0.00      0.00      0.00      1837
        MISC       0.00      0.00      0.00       922
         ORG       0.00      0.00      0.00      1341
         PER       0.00      0.00      0.00      1842

   micro avg       0.00      0.00      0.00      5942
   macro avg       0.00      0.00      0.00      5942
weighted avg       0.00      0.00      0.00      5942

{'EMBEDDING_DIM': 32, 'HIDDEN_DIM': 293, 'NUM_LAYERS': 1, 'DROPOUT': 0.0752642264481623, 'LR': 0.007327331923565722, 'WEIGHT_0': 0.9343319243933287, 'WEIGHT_1': 0.0857120948154633, 'WEIGHT_2': 0.4222047878730465, 'WEIGHT_3': 0.17679198905785812, 'WEIGHT_4': 0.8648382509425943, 'WEIGHT_5': 0.2783812626710656, 'WEIGHT_6': 0.19155783751899408, 'WEIGHT_7': 0.8183890124031021, 'WEIGHT_8': 0.3321762338865332}
49
              precision    recall  f1-score   support

         LOC       0.75      0.57      0.64      1837
        MISC       0.61      0.48      0.54       922
         ORG       0.40      0.21      0.28      1341
         PER       0.37      0.18      0.24      1842

   micro avg       0.57      0.35      0.44      5942
   macro avg       0.53      0.36      0.43      5942
weighted avg       0.53      0.35      0.42      5942

epoch 49
Transformer

  0%|          | 0/50 [00:00<?, ?it/s]
  2%|▏         | 1/50 [00:05<04:51,  5.94s/it]
  6%|▌         | 3/50 [00:06<01:15,  1.61s/it]
 10%|█         | 5/50 [00:06<00:37,  1.20it/s]
 14%|█▍        | 7/50 [00:06<00:22,  1.93it/s]
 18%|█▊        | 9/50 [00:06<00:14,  2.79it/s]
 22%|██▏       | 11/50 [00:06<00:10,  3.78it/s]
 26%|██▌       | 13/50 [00:07<00:07,  4.79it/s]
 30%|███       | 15/50 [00:07<00:06,  5.62it/s]
 32%|███▏      | 16/50 [00:07<00:05,  6.09it/s]
 34%|███▍      | 17/50 [00:07<00:05,  6.59it/s]
 36%|███▌      | 18/50 [00:07<00:04,  7.01it/s]
 38%|███▊      | 19/50 [00:07<00:04,  7.37it/s]
 40%|████      | 20/50 [00:07<00:03,  7.68it/s]
 42%|████▏     | 21/50 [00:07<00:03,  7.92it/s]
 44%|████▍     | 22/50 [00:08<00:03,  8.19it/s]
 48%|████▊     | 24/50 [00:08<00:02,  9.37it/s]
 52%|█████▏    | 26/50 [00:08<00:02, 10.07it/s]
 56%|█████▌    | 28/50 [00:08<00:02, 10.51it/s]
 60%|██████    | 30/50 [00:08<00:01, 10.79it/s]
 64%|██████▍   | 32/50 [00:08<00:01, 10.98it/s]
 68%|██████▊   | 34/50 [00:09<00:01, 10.92it/s]
 72%|███████▏  | 36/50 [00:09<00:01, 10.26it/s]
 76%|███████▌  | 38/50 [00:09<00:01,  9.26it/s]
 78%|███████▊  | 39/50 [00:09<00:01,  9.15it/s]
 80%|████████  | 40/50 [00:09<00:01,  9.06it/s]
 82%|████████▏ | 41/50 [00:09<00:01,  8.98it/s]
 84%|████████▍ | 42/50 [00:10<00:00,  8.90it/s]
 86%|████████▌ | 43/50 [00:10<00:00,  8.83it/s]
 88%|████████▊ | 44/50 [00:10<00:00,  9.11it/s]
 92%|█████████▏| 46/50 [00:10<00:00, 10.04it/s]
 96%|█████████▌| 48/50 [00:10<00:00, 10.54it/s]
100%|██████████| 50/50 [00:16<00:00,  1.11s/it]
100%|██████████| 50/50 [00:16<00:00,  3.02it/s]
[I 2023-12-11 21:01:25,438] Trial 134 finished with value: 0.4050462249614792 and parameters: {'EMBEDDING_DIM': 32, 'HIDDEN_DIM': 412, 'NUM_LAYERS': 1, 'DROPOUT': 0.1058461616078891, 'LR': 0.007123579314310586, 'WEIGHT_0': 0.890875903629435, 'WEIGHT_1': 0.11815050467783826, 'WEIGHT_2': 0.41077556821919586, 'WEIGHT_3': 0.15358417038388972, 'WEIGHT_4': 0.8470579975652092, 'WEIGHT_5': 0.3349330354997605, 'WEIGHT_6': 0.2152256866148531, 'WEIGHT_7': 0.7861758857566462, 'WEIGHT_8': 0.3507159207733157}. Best is trial 42 with value: 0.44962374581939796.
{'EMBEDDING_DIM': 32, 'HIDDEN_DIM': 412, 'NUM_LAYERS': 1, 'DROPOUT': 0.1058461616078891, 'LR': 0.007123579314310586, 'WEIGHT_0': 0.890875903629435, 'WEIGHT_1': 0.11815050467783826, 'WEIGHT_2': 0.41077556821919586, 'WEIGHT_3': 0.15358417038388972, 'WEIGHT_4': 0.8470579975652092, 'WEIGHT_5': 0.3349330354997605, 'WEIGHT_6': 0.2152256866148531, 'WEIGHT_7': 0.7861758857566462, 'WEIGHT_8': 0.3507159207733157}
0
              precision    recall  f1-score   support

         LOC       0.00      0.00      0.00      1837
        MISC       0.00      0.00      0.00       922
         ORG       0.00      0.00      0.00      1341
         PER       0.00      0.00      0.00      1842

   micro avg       0.00      0.00      0.00      5942
   macro avg       0.00      0.00      0.00      5942
weighted avg       0.00      0.00      0.00      5942

{'EMBEDDING_DIM': 32, 'HIDDEN_DIM': 412, 'NUM_LAYERS': 1, 'DROPOUT': 0.1058461616078891, 'LR': 0.007123579314310586, 'WEIGHT_0': 0.890875903629435, 'WEIGHT_1': 0.11815050467783826, 'WEIGHT_2': 0.41077556821919586, 'WEIGHT_3': 0.15358417038388972, 'WEIGHT_4': 0.8470579975652092, 'WEIGHT_5': 0.3349330354997605, 'WEIGHT_6': 0.2152256866148531, 'WEIGHT_7': 0.7861758857566462, 'WEIGHT_8': 0.3507159207733157}
49
              precision    recall  f1-score   support

         LOC       0.76      0.54      0.63      1837
        MISC       0.50      0.49      0.49       922
         ORG       0.32      0.22      0.26      1341
         PER       0.28      0.20      0.23      1842

   micro avg       0.47      0.35      0.41      5942
   macro avg       0.47      0.36      0.40      5942
weighted avg       0.47      0.35      0.40      5942

epoch 49
Transformer

  0%|          | 0/50 [00:00<?, ?it/s]
  2%|▏         | 1/50 [00:08<06:32,  8.00s/it]
  4%|▍         | 2/50 [00:10<03:36,  4.50s/it]
  6%|▌         | 3/50 [00:12<02:40,  3.42s/it]
  8%|▊         | 4/50 [00:14<02:14,  2.91s/it]
 10%|█         | 5/50 [00:16<01:58,  2.63s/it]
 12%|█▏        | 6/50 [00:18<01:48,  2.47s/it]
 14%|█▍        | 7/50 [00:20<01:41,  2.36s/it]
 16%|█▌        | 8/50 [00:22<01:36,  2.30s/it]
 18%|█▊        | 9/50 [00:25<01:32,  2.25s/it]
 20%|██        | 10/50 [00:27<01:28,  2.22s/it]
 22%|██▏       | 11/50 [00:29<01:25,  2.20s/it]
 24%|██▍       | 12/50 [00:31<01:23,  2.19s/it]
 26%|██▌       | 13/50 [00:33<01:20,  2.18s/it]
 28%|██▊       | 14/50 [00:35<01:18,  2.18s/it]
 30%|███       | 15/50 [00:38<01:16,  2.17s/it]
 32%|███▏      | 16/50 [00:40<01:13,  2.17s/it]
 34%|███▍      | 17/50 [00:42<01:11,  2.17s/it]
 36%|███▌      | 18/50 [00:44<01:09,  2.17s/it]
 38%|███▊      | 19/50 [00:46<01:07,  2.17s/it]
 40%|████      | 20/50 [00:48<01:05,  2.18s/it]
 42%|████▏     | 21/50 [00:51<01:03,  2.18s/it]
 44%|████▍     | 22/50 [00:53<01:01,  2.18s/it]
 46%|████▌     | 23/50 [00:55<00:58,  2.18s/it]
 48%|████▊     | 24/50 [00:57<00:56,  2.19s/it]
 50%|█████     | 25/50 [00:59<00:54,  2.19s/it]
 52%|█████▏    | 26/50 [01:02<00:52,  2.20s/it]
 54%|█████▍    | 27/50 [01:04<00:50,  2.21s/it]
 56%|█████▌    | 28/50 [01:06<00:48,  2.22s/it]
 58%|█████▊    | 29/50 [01:08<00:46,  2.22s/it]
 60%|██████    | 30/50 [01:11<00:44,  2.23s/it]
 62%|██████▏   | 31/50 [01:13<00:42,  2.23s/it]
 64%|██████▍   | 32/50 [01:15<00:40,  2.23s/it]
 66%|██████▌   | 33/50 [01:17<00:37,  2.24s/it]
 68%|██████▊   | 34/50 [01:19<00:35,  2.24s/it]
 70%|███████   | 35/50 [01:22<00:33,  2.24s/it]
 72%|███████▏  | 36/50 [01:24<00:31,  2.24s/it]
 74%|███████▍  | 37/50 [01:26<00:29,  2.24s/it]
 76%|███████▌  | 38/50 [01:28<00:26,  2.24s/it]
 78%|███████▊  | 39/50 [01:31<00:24,  2.24s/it]
 80%|████████  | 40/50 [01:33<00:22,  2.24s/it]
 82%|████████▏ | 41/50 [01:35<00:20,  2.23s/it]
 84%|████████▍ | 42/50 [01:37<00:17,  2.23s/it]
 86%|████████▌ | 43/50 [01:40<00:15,  2.24s/it]
 88%|████████▊ | 44/50 [01:42<00:13,  2.23s/it]
 90%|█████████ | 45/50 [01:44<00:11,  2.23s/it]
 92%|█████████▏| 46/50 [01:46<00:08,  2.23s/it]
 94%|█████████▍| 47/50 [01:49<00:06,  2.23s/it]
 96%|█████████▌| 48/50 [01:51<00:04,  2.23s/it]
 98%|█████████▊| 49/50 [01:53<00:02,  2.23s/it]
100%|██████████| 50/50 [02:01<00:00,  4.02s/it]
100%|██████████| 50/50 [02:01<00:00,  2.43s/it]
[I 2023-12-11 21:03:33,831] Trial 135 finished with value: 0.0 and parameters: {'EMBEDDING_DIM': 2048, 'HIDDEN_DIM': 97, 'NUM_LAYERS': 1, 'DROPOUT': 0.009101079032873521, 'LR': 0.006820624264963319, 'WEIGHT_0': 0.9021685497485762, 'WEIGHT_1': 0.1450438871286699, 'WEIGHT_2': 0.37904818481755326, 'WEIGHT_3': 0.19951558472441072, 'WEIGHT_4': 0.7694565474215261, 'WEIGHT_5': 0.36150759020686773, 'WEIGHT_6': 0.1568662540219704, 'WEIGHT_7': 0.7407331647597346, 'WEIGHT_8': 0.36801670141546017}. Best is trial 42 with value: 0.44962374581939796.
{'EMBEDDING_DIM': 2048, 'HIDDEN_DIM': 97, 'NUM_LAYERS': 1, 'DROPOUT': 0.009101079032873521, 'LR': 0.006820624264963319, 'WEIGHT_0': 0.9021685497485762, 'WEIGHT_1': 0.1450438871286699, 'WEIGHT_2': 0.37904818481755326, 'WEIGHT_3': 0.19951558472441072, 'WEIGHT_4': 0.7694565474215261, 'WEIGHT_5': 0.36150759020686773, 'WEIGHT_6': 0.1568662540219704, 'WEIGHT_7': 0.7407331647597346, 'WEIGHT_8': 0.36801670141546017}
0
              precision    recall  f1-score   support

         LOC       0.00      0.00      0.00      1837
        MISC       0.00      0.00      0.00       922
         ORG       0.00      0.00      0.00      1341
         PER       0.00      0.00      0.00      1842

   micro avg       0.00      0.00      0.00      5942
   macro avg       0.00      0.00      0.00      5942
weighted avg       0.00      0.00      0.00      5942

{'EMBEDDING_DIM': 2048, 'HIDDEN_DIM': 97, 'NUM_LAYERS': 1, 'DROPOUT': 0.009101079032873521, 'LR': 0.006820624264963319, 'WEIGHT_0': 0.9021685497485762, 'WEIGHT_1': 0.1450438871286699, 'WEIGHT_2': 0.37904818481755326, 'WEIGHT_3': 0.19951558472441072, 'WEIGHT_4': 0.7694565474215261, 'WEIGHT_5': 0.36150759020686773, 'WEIGHT_6': 0.1568662540219704, 'WEIGHT_7': 0.7407331647597346, 'WEIGHT_8': 0.36801670141546017}
49
              precision    recall  f1-score   support

         LOC       0.00      0.00      0.00      1837
        MISC       0.00      0.00      0.00       922
         ORG       0.00      0.00      0.00      1341
         PER       0.00      0.00      0.00      1842

   micro avg       0.00      0.00      0.00      5942
   macro avg       0.00      0.00      0.00      5942
weighted avg       0.00      0.00      0.00      5942

epoch 49
Transformer

  0%|          | 0/50 [00:00<?, ?it/s]
  2%|▏         | 1/50 [00:05<04:47,  5.87s/it]
  6%|▌         | 3/50 [00:06<01:14,  1.59s/it]
 10%|█         | 5/50 [00:06<00:36,  1.22it/s]
 14%|█▍        | 7/50 [00:06<00:21,  1.96it/s]
 18%|█▊        | 9/50 [00:06<00:14,  2.83it/s]
 22%|██▏       | 11/50 [00:06<00:10,  3.82it/s]
 26%|██▌       | 13/50 [00:06<00:07,  4.87it/s]
 30%|███       | 15/50 [00:07<00:05,  5.93it/s]
 34%|███▍      | 17/50 [00:07<00:04,  6.93it/s]
 38%|███▊      | 19/50 [00:07<00:03,  7.81it/s]
 42%|████▏     | 21/50 [00:07<00:03,  8.54it/s]
 46%|████▌     | 23/50 [00:07<00:02,  9.12it/s]
 50%|█████     | 25/50 [00:08<00:02,  9.58it/s]
 54%|█████▍    | 27/50 [00:08<00:02,  9.97it/s]
 58%|█████▊    | 29/50 [00:08<00:02, 10.25it/s]
 62%|██████▏   | 31/50 [00:08<00:01, 10.46it/s]
 66%|██████▌   | 33/50 [00:08<00:01, 10.58it/s]
 70%|███████   | 35/50 [00:08<00:01, 10.69it/s]
 74%|███████▍  | 37/50 [00:09<00:01, 10.75it/s]
 78%|███████▊  | 39/50 [00:09<00:01, 10.81it/s]
 82%|████████▏ | 41/50 [00:09<00:00, 10.84it/s]
 86%|████████▌ | 43/50 [00:09<00:00, 10.86it/s]
 90%|█████████ | 45/50 [00:09<00:00, 10.86it/s]
 94%|█████████▍| 47/50 [00:10<00:00, 10.77it/s]
 98%|█████████▊| 49/50 [00:10<00:00, 10.93it/s]
100%|██████████| 50/50 [00:16<00:00,  3.10it/s]
[I 2023-12-11 21:03:55,438] Trial 136 finished with value: 0.43365893365893365 and parameters: {'EMBEDDING_DIM': 32, 'HIDDEN_DIM': 510, 'NUM_LAYERS': 1, 'DROPOUT': 0.08989491913266981, 'LR': 0.007956370279072545, 'WEIGHT_0': 0.948073136537782, 'WEIGHT_1': 0.09830092682519687, 'WEIGHT_2': 0.4043057534781074, 'WEIGHT_3': 0.24856764479510224, 'WEIGHT_4': 0.748562331302066, 'WEIGHT_5': 0.3112863308706672, 'WEIGHT_6': 0.2542823020970346, 'WEIGHT_7': 0.885485367792463, 'WEIGHT_8': 0.4127941591434381}. Best is trial 42 with value: 0.44962374581939796.
{'EMBEDDING_DIM': 32, 'HIDDEN_DIM': 510, 'NUM_LAYERS': 1, 'DROPOUT': 0.08989491913266981, 'LR': 0.007956370279072545, 'WEIGHT_0': 0.948073136537782, 'WEIGHT_1': 0.09830092682519687, 'WEIGHT_2': 0.4043057534781074, 'WEIGHT_3': 0.24856764479510224, 'WEIGHT_4': 0.748562331302066, 'WEIGHT_5': 0.3112863308706672, 'WEIGHT_6': 0.2542823020970346, 'WEIGHT_7': 0.885485367792463, 'WEIGHT_8': 0.4127941591434381}
0
              precision    recall  f1-score   support

         LOC       0.00      0.00      0.00      1837
        MISC       0.00      0.00      0.00       922
         ORG       0.00      0.00      0.00      1341
         PER       0.00      0.00      0.00      1842

   micro avg       0.00      0.00      0.00      5942
   macro avg       0.00      0.00      0.00      5942
weighted avg       0.00      0.00      0.00      5942

{'EMBEDDING_DIM': 32, 'HIDDEN_DIM': 510, 'NUM_LAYERS': 1, 'DROPOUT': 0.08989491913266981, 'LR': 0.007956370279072545, 'WEIGHT_0': 0.948073136537782, 'WEIGHT_1': 0.09830092682519687, 'WEIGHT_2': 0.4043057534781074, 'WEIGHT_3': 0.24856764479510224, 'WEIGHT_4': 0.748562331302066, 'WEIGHT_5': 0.3112863308706672, 'WEIGHT_6': 0.2542823020970346, 'WEIGHT_7': 0.885485367792463, 'WEIGHT_8': 0.4127941591434381}
49
              precision    recall  f1-score   support

         LOC       0.76      0.56      0.65      1837
        MISC       0.59      0.49      0.53       922
         ORG       0.40      0.22      0.29      1341
         PER       0.34      0.19      0.24      1842

   micro avg       0.55      0.36      0.43      5942
   macro avg       0.52      0.37      0.43      5942
weighted avg       0.52      0.36      0.42      5942

epoch 49
Transformer

  0%|          | 0/50 [00:00<?, ?it/s]
  2%|▏         | 1/50 [00:05<04:48,  5.89s/it]
  6%|▌         | 3/50 [00:06<01:14,  1.59s/it]
 10%|█         | 5/50 [00:06<00:36,  1.22it/s]
 14%|█▍        | 7/50 [00:06<00:22,  1.95it/s]
 18%|█▊        | 9/50 [00:06<00:14,  2.83it/s]
 22%|██▏       | 11/50 [00:06<00:10,  3.85it/s]
 26%|██▌       | 13/50 [00:06<00:07,  4.91it/s]
 30%|███       | 15/50 [00:07<00:05,  6.00it/s]
 34%|███▍      | 17/50 [00:07<00:04,  7.05it/s]
 38%|███▊      | 19/50 [00:07<00:03,  8.00it/s]
 42%|████▏     | 21/50 [00:07<00:03,  8.78it/s]
 46%|████▌     | 23/50 [00:07<00:02,  9.44it/s]
 50%|█████     | 25/50 [00:08<00:02,  9.94it/s]
 54%|█████▍    | 27/50 [00:08<00:02, 10.30it/s]
 58%|█████▊    | 29/50 [00:08<00:01, 10.61it/s]
 62%|██████▏   | 31/50 [00:08<00:01, 10.82it/s]
 66%|██████▌   | 33/50 [00:08<00:01, 10.98it/s]
 70%|███████   | 35/50 [00:08<00:01, 11.10it/s]
 74%|███████▍  | 37/50 [00:09<00:01, 11.18it/s]
 78%|███████▊  | 39/50 [00:09<00:00, 11.18it/s]
 82%|████████▏ | 41/50 [00:09<00:00, 11.27it/s]
 86%|████████▌ | 43/50 [00:09<00:00, 11.31it/s]
 90%|█████████ | 45/50 [00:09<00:00, 11.32it/s]
 94%|█████████▍| 47/50 [00:09<00:00, 11.33it/s]
 98%|█████████▊| 49/50 [00:10<00:00, 11.34it/s]
100%|██████████| 50/50 [00:16<00:00,  3.02it/s]
[I 2023-12-11 21:04:17,367] Trial 137 finished with value: 0.441425436304734 and parameters: {'EMBEDDING_DIM': 32, 'HIDDEN_DIM': 249, 'NUM_LAYERS': 1, 'DROPOUT': 0.05872527428533475, 'LR': 0.0077289305514972595, 'WEIGHT_0': 0.9238283440471399, 'WEIGHT_1': 0.051034919685028185, 'WEIGHT_2': 0.4487369756089997, 'WEIGHT_3': 0.1305807160233565, 'WEIGHT_4': 0.8395354264547683, 'WEIGHT_5': 0.3959787325533918, 'WEIGHT_6': 0.17811665858888825, 'WEIGHT_7': 0.8348764536431356, 'WEIGHT_8': 0.31345341683764016}. Best is trial 42 with value: 0.44962374581939796.
{'EMBEDDING_DIM': 32, 'HIDDEN_DIM': 249, 'NUM_LAYERS': 1, 'DROPOUT': 0.05872527428533475, 'LR': 0.0077289305514972595, 'WEIGHT_0': 0.9238283440471399, 'WEIGHT_1': 0.051034919685028185, 'WEIGHT_2': 0.4487369756089997, 'WEIGHT_3': 0.1305807160233565, 'WEIGHT_4': 0.8395354264547683, 'WEIGHT_5': 0.3959787325533918, 'WEIGHT_6': 0.17811665858888825, 'WEIGHT_7': 0.8348764536431356, 'WEIGHT_8': 0.31345341683764016}
0
              precision    recall  f1-score   support

         LOC       0.00      0.00      0.00      1837
        MISC       0.00      0.00      0.00       922
         ORG       0.00      0.00      0.00      1341
         PER       0.00      0.00      0.00      1842

   micro avg       0.00      0.00      0.00      5942
   macro avg       0.00      0.00      0.00      5942
weighted avg       0.00      0.00      0.00      5942

{'EMBEDDING_DIM': 32, 'HIDDEN_DIM': 249, 'NUM_LAYERS': 1, 'DROPOUT': 0.05872527428533475, 'LR': 0.0077289305514972595, 'WEIGHT_0': 0.9238283440471399, 'WEIGHT_1': 0.051034919685028185, 'WEIGHT_2': 0.4487369756089997, 'WEIGHT_3': 0.1305807160233565, 'WEIGHT_4': 0.8395354264547683, 'WEIGHT_5': 0.3959787325533918, 'WEIGHT_6': 0.17811665858888825, 'WEIGHT_7': 0.8348764536431356, 'WEIGHT_8': 0.31345341683764016}
49
              precision    recall  f1-score   support

         LOC       0.78      0.58      0.66      1837
        MISC       0.62      0.48      0.54       922
         ORG       0.44      0.21      0.28      1341
         PER       0.36      0.18      0.24      1842

   micro avg       0.58      0.36      0.44      5942
   macro avg       0.55      0.36      0.43      5942
weighted avg       0.55      0.36      0.43      5942

epoch 49
Transformer

  0%|          | 0/50 [00:00<?, ?it/s]
  2%|▏         | 1/50 [00:05<04:48,  5.88s/it]
  4%|▍         | 2/50 [00:06<01:59,  2.49s/it]
  6%|▌         | 3/50 [00:06<01:06,  1.41s/it]
  8%|▊         | 4/50 [00:06<00:41,  1.11it/s]
 10%|█         | 5/50 [00:06<00:27,  1.63it/s]
 12%|█▏        | 6/50 [00:06<00:19,  2.26it/s]
 14%|█▍        | 7/50 [00:06<00:14,  3.01it/s]
 16%|█▌        | 8/50 [00:06<00:10,  3.85it/s]
 18%|█▊        | 9/50 [00:06<00:08,  4.73it/s]
 20%|██        | 10/50 [00:06<00:07,  5.60it/s]
 22%|██▏       | 11/50 [00:06<00:06,  6.41it/s]
 24%|██▍       | 12/50 [00:07<00:05,  7.11it/s]
 26%|██▌       | 13/50 [00:07<00:04,  7.70it/s]
 28%|██▊       | 14/50 [00:07<00:04,  8.17it/s]
 30%|███       | 15/50 [00:07<00:04,  8.53it/s]
 32%|███▏      | 16/50 [00:07<00:03,  8.80it/s]
 34%|███▍      | 17/50 [00:07<00:03,  8.70it/s]
 36%|███▌      | 18/50 [00:07<00:03,  8.08it/s]
 38%|███▊      | 19/50 [00:07<00:03,  8.47it/s]
 40%|████      | 20/50 [00:07<00:03,  8.76it/s]
 42%|████▏     | 21/50 [00:08<00:03,  8.98it/s]
 44%|████▍     | 22/50 [00:08<00:03,  9.14it/s]
 46%|████▌     | 23/50 [00:08<00:02,  9.26it/s]
 48%|████▊     | 24/50 [00:08<00:02,  9.34it/s]
 50%|█████     | 25/50 [00:08<00:02,  9.40it/s]
 52%|█████▏    | 26/50 [00:08<00:02,  9.44it/s]
 54%|█████▍    | 27/50 [00:08<00:02,  9.46it/s]
 56%|█████▌    | 28/50 [00:08<00:02,  9.49it/s]
 58%|█████▊    | 29/50 [00:08<00:02,  9.50it/s]
 60%|██████    | 30/50 [00:09<00:02,  9.51it/s]
 62%|██████▏   | 31/50 [00:09<00:01,  9.52it/s]
 64%|██████▍   | 32/50 [00:09<00:01,  9.53it/s]
 66%|██████▌   | 33/50 [00:09<00:01,  9.50it/s]
 68%|██████▊   | 34/50 [00:09<00:01,  9.51it/s]
 70%|███████   | 35/50 [00:09<00:01,  9.52it/s]
 72%|███████▏  | 36/50 [00:09<00:01,  9.52it/s]
 74%|███████▍  | 37/50 [00:09<00:01,  9.53it/s]
 76%|███████▌  | 38/50 [00:09<00:01,  9.53it/s]
 78%|███████▊  | 39/50 [00:09<00:01,  9.53it/s]
 80%|████████  | 40/50 [00:10<00:01,  9.53it/s]
 82%|████████▏ | 41/50 [00:10<00:00,  9.53it/s]
 84%|████████▍ | 42/50 [00:10<00:00,  9.52it/s]
 86%|████████▌ | 43/50 [00:10<00:00,  9.53it/s]
 88%|████████▊ | 44/50 [00:10<00:00,  9.53it/s]
 90%|█████████ | 45/50 [00:10<00:00,  9.53it/s]
 92%|█████████▏| 46/50 [00:10<00:00,  9.52it/s]
 94%|█████████▍| 47/50 [00:10<00:00,  9.52it/s]
 96%|█████████▌| 48/50 [00:10<00:00,  9.52it/s]
 98%|█████████▊| 49/50 [00:11<00:00,  9.53it/s]
100%|██████████| 50/50 [00:16<00:00,  1.82s/it]
100%|██████████| 50/50 [00:16<00:00,  2.97it/s]
